

================================================================
== Vitis HLS Report for 'spmv_csc_Pipeline_VITIS_LOOP_15_2'
================================================================
* Date:           Sun Apr 12 19:56:15 2026

* Version:        2024.2 (Build 5238294 on Nov  8 2024)
* Project:        spmv_csc_HW_HLS
* Solution:       solution1 (Vivado IP Flow Target)
* Product family: zynquplus
* Target device:  xczu7ev-ffvc1156-2-e


================================================================
== Performance Estimates
================================================================
+ Timing: 
    * Summary: 
    +--------+----------+----------+------------+
    |  Clock |  Target  | Estimated| Uncertainty|
    +--------+----------+----------+------------+
    |ap_clk  |  10.00 ns|  9.000 ns|     1.00 ns|
    +--------+----------+----------+------------+

+ Latency: 
    * Summary: 
    +---------+---------+----------+----------+-----+-----+------------------------------------------------+
    |  Latency (cycles) |  Latency (absolute) |  Interval |                    Pipeline                    |
    |   min   |   max   |    min   |    max   | min | max |                      Type                      |
    +---------+---------+----------+----------+-----+-----+------------------------------------------------+
    |        ?|        ?|         ?|         ?|    0|    0|  loop auto-rewind stp (delay=0 clock cycles(s))|
    +---------+---------+----------+----------+-----+-----+------------------------------------------------+

    + Detail: 
        * Instance: 
        N/A

        * Loop: 
        +-------------------+---------+---------+----------+-----------+-----------+------+----------+
        |                   |  Latency (cycles) | Iteration|  Initiation Interval  | Trip |          |
        |     Loop Name     |   min   |   max   |  Latency |  achieved |   target  | Count| Pipelined|
        +-------------------+---------+---------+----------+-----------+-----------+------+----------+
        |- VITIS_LOOP_15_2  |        ?|        ?|         8|          3|          1|     ?|       yes|
        +-------------------+---------+---------+----------+-----------+-----------+------+----------+



================================================================
== Utilization Estimates
================================================================
* Summary: 
+-----------------+---------+------+--------+--------+-----+
|       Name      | BRAM_18K|  DSP |   FF   |   LUT  | URAM|
+-----------------+---------+------+--------+--------+-----+
|DSP              |        -|     -|       -|       -|    -|
|Expression       |        -|     -|       0|     257|    -|
|FIFO             |        -|     -|       -|       -|    -|
|Instance         |        -|     5|     355|     349|    -|
|Memory           |        -|     -|       -|       -|    -|
|Multiplexer      |        -|     -|       0|     115|    -|
|Register         |        -|     -|     385|       -|    -|
+-----------------+---------+------+--------+--------+-----+
|Total            |        0|     5|     740|     721|    0|
+-----------------+---------+------+--------+--------+-----+
|Available        |      624|  1728|  460800|  230400|   96|
+-----------------+---------+------+--------+--------+-----+
|Utilization (%)  |        0|    ~0|      ~0|      ~0|    0|
+-----------------+---------+------+--------+--------+-----+

+ Detail: 
    * Instance: 
    +-----------------------------------+--------------------------------+---------+----+-----+-----+-----+
    |              Instance             |             Module             | BRAM_18K| DSP|  FF | LUT | URAM|
    +-----------------------------------+--------------------------------+---------+----+-----+-----+-----+
    |fadd_32ns_32ns_32_4_full_dsp_1_U3  |fadd_32ns_32ns_32_4_full_dsp_1  |        0|   2|  227|  214|    0|
    |fmul_32ns_32ns_32_2_max_dsp_1_U4   |fmul_32ns_32ns_32_2_max_dsp_1   |        0|   3|  128|  135|    0|
    +-----------------------------------+--------------------------------+---------+----+-----+-----+-----+
    |Total                              |                                |        0|   5|  355|  349|    0|
    +-----------------------------------+--------------------------------+---------+----+-----+-----+-----+

    * DSP: 
    N/A

    * Memory: 
    N/A

    * FIFO: 
    N/A

    * Expression: 
    +---------------------------------------+----------+----+---+----+------------+------------+
    |             Variable Name             | Operation| DSP| FF| LUT| Bitwidth P0| Bitwidth P1|
    +---------------------------------------+----------+----+---+----+------------+------------+
    |add_ln15_fu_175_p2                     |         +|   0|  0|  71|          64|           1|
    |ap_block_pp0_stage2_11001              |       and|   0|  0|   2|           1|           1|
    |ap_block_pp0_stage2_11001_grp1         |       and|   0|  0|   2|           1|           1|
    |ap_block_pp0_stage2_11001_grp2         |       and|   0|  0|   2|           1|           1|
    |ap_block_state3_pp0_stage2_iter0_grp1  |       and|   0|  0|   2|           1|           1|
    |ap_block_state3_pp0_stage2_iter0_grp2  |       and|   0|  0|   2|           1|           1|
    |addr_cmp_fu_209_p2                     |      icmp|   0|  0|  71|          64|          64|
    |icmp_ln15_fu_170_p2                    |      icmp|   0|  0|  71|          64|          64|
    |grp_fu_127_p0                          |    select|   0|  0|  32|           1|          32|
    |ap_enable_pp0                          |       xor|   0|  0|   2|           1|           2|
    +---------------------------------------+----------+----+---+----+------------+------------+
    |Total                                  |          |   0|  0| 257|         199|         168|
    +---------------------------------------+----------+----+---+----+------------+------------+

    * Multiplexer: 
    +---------------------------------+----+-----------+-----+-----------+
    |               Name              | LUT| Input Size| Bits| Total Bits|
    +---------------------------------+----+-----------+-----+-----------+
    |ap_NS_fsm                        |  20|          4|    1|          4|
    |ap_done_int                      |   9|          2|    1|          2|
    |ap_enable_reg_pp0_iter0          |   9|          2|    1|          2|
    |ap_enable_reg_pp0_iter1          |   9|          2|    1|          2|
    |ap_sig_allocacmp_reuse_reg_load  |   9|          2|   32|         64|
    |gmem0_blk_n_R                    |   9|          2|    1|          2|
    |gmem2_blk_n_R                    |   9|          2|    1|          2|
    |k_fu_70                          |   9|          2|   64|        128|
    |reuse_addr_reg_fu_62             |   9|          2|   64|        128|
    |reuse_reg_fu_66                  |   9|          2|   32|         64|
    |y_buf_address0_local             |  14|          3|   10|         30|
    +---------------------------------+----+-----------+-----+-----------+
    |Total                            | 115|         25|  208|        428|
    +---------------------------------+----+-----------+-----+-----------+

    * Register: 
    +-------------------------------------------+----+----+-----+-----------+
    |                    Name                   | FF | LUT| Bits| Const Bits|
    +-------------------------------------------+----+----+-----+-----------+
    |addr_cmp_reg_300                           |   1|   0|    1|          0|
    |ap_CS_fsm                                  |   3|   0|    3|          0|
    |ap_block_pp0_stage2_subdone_grp0_done_reg  |   1|   0|    1|          0|
    |ap_block_pp0_stage2_subdone_grp1_done_reg  |   1|   0|    1|          0|
    |ap_block_pp0_stage2_subdone_grp2_done_reg  |   1|   0|    1|          0|
    |ap_done_reg                                |   1|   0|    1|          0|
    |ap_enable_reg_pp0_iter0_reg                |   1|   0|    1|          0|
    |ap_enable_reg_pp0_iter1                    |   1|   0|    1|          0|
    |ap_enable_reg_pp0_iter2                    |   1|   0|    1|          0|
    |ap_loop_exit_ready_pp0_iter1_reg           |   1|   0|    1|          0|
    |gmem2_addr_read_reg_285                    |  32|   0|   32|          0|
    |icmp_ln15_reg_276                          |   1|   0|    1|          0|
    |k_fu_70                                    |  64|   0|   64|          0|
    |mul_i_reg_305                              |  32|   0|   32|          0|
    |reuse_addr_reg_fu_62                       |  64|   0|   64|          0|
    |reuse_reg_fu_66                            |  32|   0|   32|          0|
    |row_reg_280                                |  32|   0|   32|          0|
    |wide_trip_count_i_cast_reg_271             |  64|   0|   64|          0|
    |y_buf_addr_reg_295                         |  10|   0|   10|          0|
    |y_buf_addr_reg_295_pp0_iter2_reg           |  10|   0|   10|          0|
    |y_buf_load_reg_310                         |  32|   0|   32|          0|
    +-------------------------------------------+----+----+-----+-----------+
    |Total                                      | 385|   0|  385|          0|
    +-------------------------------------------+----+----+-----+-----------+



================================================================
== Interface
================================================================
* Summary: 
+------------------------+-----+-----+------------+-----------------------------------+--------------+
|        RTL Ports       | Dir | Bits|  Protocol  |           Source Object           |    C Type    |
+------------------------+-----+-----+------------+-----------------------------------+--------------+
|ap_clk                  |   in|    1|  ap_ctrl_hs|  spmv_csc_Pipeline_VITIS_LOOP_15_2|  return value|
|ap_rst                  |   in|    1|  ap_ctrl_hs|  spmv_csc_Pipeline_VITIS_LOOP_15_2|  return value|
|ap_start                |   in|    1|  ap_ctrl_hs|  spmv_csc_Pipeline_VITIS_LOOP_15_2|  return value|
|ap_done                 |  out|    1|  ap_ctrl_hs|  spmv_csc_Pipeline_VITIS_LOOP_15_2|  return value|
|ap_idle                 |  out|    1|  ap_ctrl_hs|  spmv_csc_Pipeline_VITIS_LOOP_15_2|  return value|
|ap_ready                |  out|    1|  ap_ctrl_hs|  spmv_csc_Pipeline_VITIS_LOOP_15_2|  return value|
|m_axi_gmem0_0_AWVALID   |  out|    1|       m_axi|                              gmem0|       pointer|
|m_axi_gmem0_0_AWREADY   |   in|    1|       m_axi|                              gmem0|       pointer|
|m_axi_gmem0_0_AWADDR    |  out|   64|       m_axi|                              gmem0|       pointer|
|m_axi_gmem0_0_AWID      |  out|    1|       m_axi|                              gmem0|       pointer|
|m_axi_gmem0_0_AWLEN     |  out|   32|       m_axi|                              gmem0|       pointer|
|m_axi_gmem0_0_AWSIZE    |  out|    3|       m_axi|                              gmem0|       pointer|
|m_axi_gmem0_0_AWBURST   |  out|    2|       m_axi|                              gmem0|       pointer|
|m_axi_gmem0_0_AWLOCK    |  out|    2|       m_axi|                              gmem0|       pointer|
|m_axi_gmem0_0_AWCACHE   |  out|    4|       m_axi|                              gmem0|       pointer|
|m_axi_gmem0_0_AWPROT    |  out|    3|       m_axi|                              gmem0|       pointer|
|m_axi_gmem0_0_AWQOS     |  out|    4|       m_axi|                              gmem0|       pointer|
|m_axi_gmem0_0_AWREGION  |  out|    4|       m_axi|                              gmem0|       pointer|
|m_axi_gmem0_0_AWUSER    |  out|    1|       m_axi|                              gmem0|       pointer|
|m_axi_gmem0_0_WVALID    |  out|    1|       m_axi|                              gmem0|       pointer|
|m_axi_gmem0_0_WREADY    |   in|    1|       m_axi|                              gmem0|       pointer|
|m_axi_gmem0_0_WDATA     |  out|   32|       m_axi|                              gmem0|       pointer|
|m_axi_gmem0_0_WSTRB     |  out|    4|       m_axi|                              gmem0|       pointer|
|m_axi_gmem0_0_WLAST     |  out|    1|       m_axi|                              gmem0|       pointer|
|m_axi_gmem0_0_WID       |  out|    1|       m_axi|                              gmem0|       pointer|
|m_axi_gmem0_0_WUSER     |  out|    1|       m_axi|                              gmem0|       pointer|
|m_axi_gmem0_0_ARVALID   |  out|    1|       m_axi|                              gmem0|       pointer|
|m_axi_gmem0_0_ARREADY   |   in|    1|       m_axi|                              gmem0|       pointer|
|m_axi_gmem0_0_ARADDR    |  out|   64|       m_axi|                              gmem0|       pointer|
|m_axi_gmem0_0_ARID      |  out|    1|       m_axi|                              gmem0|       pointer|
|m_axi_gmem0_0_ARLEN     |  out|   32|       m_axi|                              gmem0|       pointer|
|m_axi_gmem0_0_ARSIZE    |  out|    3|       m_axi|                              gmem0|       pointer|
|m_axi_gmem0_0_ARBURST   |  out|    2|       m_axi|                              gmem0|       pointer|
|m_axi_gmem0_0_ARLOCK    |  out|    2|       m_axi|                              gmem0|       pointer|
|m_axi_gmem0_0_ARCACHE   |  out|    4|       m_axi|                              gmem0|       pointer|
|m_axi_gmem0_0_ARPROT    |  out|    3|       m_axi|                              gmem0|       pointer|
|m_axi_gmem0_0_ARQOS     |  out|    4|       m_axi|                              gmem0|       pointer|
|m_axi_gmem0_0_ARREGION  |  out|    4|       m_axi|                              gmem0|       pointer|
|m_axi_gmem0_0_ARUSER    |  out|    1|       m_axi|                              gmem0|       pointer|
|m_axi_gmem0_0_RVALID    |   in|    1|       m_axi|                              gmem0|       pointer|
|m_axi_gmem0_0_RREADY    |  out|    1|       m_axi|                              gmem0|       pointer|
|m_axi_gmem0_0_RDATA     |   in|   32|       m_axi|                              gmem0|       pointer|
|m_axi_gmem0_0_RLAST     |   in|    1|       m_axi|                              gmem0|       pointer|
|m_axi_gmem0_0_RID       |   in|    1|       m_axi|                              gmem0|       pointer|
|m_axi_gmem0_0_RFIFONUM  |   in|    9|       m_axi|                              gmem0|       pointer|
|m_axi_gmem0_0_RUSER     |   in|    1|       m_axi|                              gmem0|       pointer|
|m_axi_gmem0_0_RRESP     |   in|    2|       m_axi|                              gmem0|       pointer|
|m_axi_gmem0_0_BVALID    |   in|    1|       m_axi|                              gmem0|       pointer|
|m_axi_gmem0_0_BREADY    |  out|    1|       m_axi|                              gmem0|       pointer|
|m_axi_gmem0_0_BRESP     |   in|    2|       m_axi|                              gmem0|       pointer|
|m_axi_gmem0_0_BID       |   in|    1|       m_axi|                              gmem0|       pointer|
|m_axi_gmem0_0_BUSER     |   in|    1|       m_axi|                              gmem0|       pointer|
|m_axi_gmem2_0_AWVALID   |  out|    1|       m_axi|                              gmem2|       pointer|
|m_axi_gmem2_0_AWREADY   |   in|    1|       m_axi|                              gmem2|       pointer|
|m_axi_gmem2_0_AWADDR    |  out|   64|       m_axi|                              gmem2|       pointer|
|m_axi_gmem2_0_AWID      |  out|    1|       m_axi|                              gmem2|       pointer|
|m_axi_gmem2_0_AWLEN     |  out|   32|       m_axi|                              gmem2|       pointer|
|m_axi_gmem2_0_AWSIZE    |  out|    3|       m_axi|                              gmem2|       pointer|
|m_axi_gmem2_0_AWBURST   |  out|    2|       m_axi|                              gmem2|       pointer|
|m_axi_gmem2_0_AWLOCK    |  out|    2|       m_axi|                              gmem2|       pointer|
|m_axi_gmem2_0_AWCACHE   |  out|    4|       m_axi|                              gmem2|       pointer|
|m_axi_gmem2_0_AWPROT    |  out|    3|       m_axi|                              gmem2|       pointer|
|m_axi_gmem2_0_AWQOS     |  out|    4|       m_axi|                              gmem2|       pointer|
|m_axi_gmem2_0_AWREGION  |  out|    4|       m_axi|                              gmem2|       pointer|
|m_axi_gmem2_0_AWUSER    |  out|    1|       m_axi|                              gmem2|       pointer|
|m_axi_gmem2_0_WVALID    |  out|    1|       m_axi|                              gmem2|       pointer|
|m_axi_gmem2_0_WREADY    |   in|    1|       m_axi|                              gmem2|       pointer|
|m_axi_gmem2_0_WDATA     |  out|   32|       m_axi|                              gmem2|       pointer|
|m_axi_gmem2_0_WSTRB     |  out|    4|       m_axi|                              gmem2|       pointer|
|m_axi_gmem2_0_WLAST     |  out|    1|       m_axi|                              gmem2|       pointer|
|m_axi_gmem2_0_WID       |  out|    1|       m_axi|                              gmem2|       pointer|
|m_axi_gmem2_0_WUSER     |  out|    1|       m_axi|                              gmem2|       pointer|
|m_axi_gmem2_0_ARVALID   |  out|    1|       m_axi|                              gmem2|       pointer|
|m_axi_gmem2_0_ARREADY   |   in|    1|       m_axi|                              gmem2|       pointer|
|m_axi_gmem2_0_ARADDR    |  out|   64|       m_axi|                              gmem2|       pointer|
|m_axi_gmem2_0_ARID      |  out|    1|       m_axi|                              gmem2|       pointer|
|m_axi_gmem2_0_ARLEN     |  out|   32|       m_axi|                              gmem2|       pointer|
|m_axi_gmem2_0_ARSIZE    |  out|    3|       m_axi|                              gmem2|       pointer|
|m_axi_gmem2_0_ARBURST   |  out|    2|       m_axi|                              gmem2|       pointer|
|m_axi_gmem2_0_ARLOCK    |  out|    2|       m_axi|                              gmem2|       pointer|
|m_axi_gmem2_0_ARCACHE   |  out|    4|       m_axi|                              gmem2|       pointer|
|m_axi_gmem2_0_ARPROT    |  out|    3|       m_axi|                              gmem2|       pointer|
|m_axi_gmem2_0_ARQOS     |  out|    4|       m_axi|                              gmem2|       pointer|
|m_axi_gmem2_0_ARREGION  |  out|    4|       m_axi|                              gmem2|       pointer|
|m_axi_gmem2_0_ARUSER    |  out|    1|       m_axi|                              gmem2|       pointer|
|m_axi_gmem2_0_RVALID    |   in|    1|       m_axi|                              gmem2|       pointer|
|m_axi_gmem2_0_RREADY    |  out|    1|       m_axi|                              gmem2|       pointer|
|m_axi_gmem2_0_RDATA     |   in|   32|       m_axi|                              gmem2|       pointer|
|m_axi_gmem2_0_RLAST     |   in|    1|       m_axi|                              gmem2|       pointer|
|m_axi_gmem2_0_RID       |   in|    1|       m_axi|                              gmem2|       pointer|
|m_axi_gmem2_0_RFIFONUM  |   in|    9|       m_axi|                              gmem2|       pointer|
|m_axi_gmem2_0_RUSER     |   in|    1|       m_axi|                              gmem2|       pointer|
|m_axi_gmem2_0_RRESP     |   in|    2|       m_axi|                              gmem2|       pointer|
|m_axi_gmem2_0_BVALID    |   in|    1|       m_axi|                              gmem2|       pointer|
|m_axi_gmem2_0_BREADY    |  out|    1|       m_axi|                              gmem2|       pointer|
|m_axi_gmem2_0_BRESP     |   in|    2|       m_axi|                              gmem2|       pointer|
|m_axi_gmem2_0_BID       |   in|    1|       m_axi|                              gmem2|       pointer|
|m_axi_gmem2_0_BUSER     |   in|    1|       m_axi|                              gmem2|       pointer|
|sext_ln15               |   in|   32|     ap_none|                          sext_ln15|        scalar|
|wide_trip_count_i       |   in|   32|     ap_none|                  wide_trip_count_i|        scalar|
|sext_ln15_1             |   in|   62|     ap_none|                        sext_ln15_1|        scalar|
|sext_ln15_2             |   in|   62|     ap_none|                        sext_ln15_2|        scalar|
|x_i                     |   in|   32|     ap_none|                                x_i|        scalar|
|y_buf_address0          |  out|   10|   ap_memory|                              y_buf|         array|
|y_buf_ce0               |  out|    1|   ap_memory|                              y_buf|         array|
|y_buf_we0               |  out|    1|   ap_memory|                              y_buf|         array|
|y_buf_d0                |  out|   32|   ap_memory|                              y_buf|         array|
|y_buf_q0                |   in|   32|   ap_memory|                              y_buf|         array|
+------------------------+-----+-----+------------+-----------------------------------+--------------+

