

================================================================
== Vitis HLS Report for 'pcg'
================================================================
* Date:           Mon May  4 16:36:36 2026

* Version:        2024.2 (Build 5238294 on Nov  8 2024)
* Project:        pcg_HW_HLS
* Solution:       solution1 (Vivado IP Flow Target)
* Product family: zynquplus
* Target device:  xczu7ev-ffvc1156-2-e


================================================================
== Performance Estimates
================================================================
+ Timing: 
    * Summary: 
    +--------+----------+----------+------------+
    |  Clock |  Target  | Estimated| Uncertainty|
    +--------+----------+----------+------------+
    |ap_clk  |  10.00 ns|  9.000 ns|     1.00 ns|
    +--------+----------+----------+------------+

+ Latency: 
    * Summary: 
    +---------+---------+----------+----------+-----+-----+---------+
    |  Latency (cycles) |  Latency (absolute) |  Interval | Pipeline|
    |   min   |   max   |    min   |    max   | min | max |   Type  |
    +---------+---------+----------+----------+-----+-----+---------+
    |        ?|        ?|         ?|         ?|    ?|    ?|       no|
    +---------+---------+----------+----------+-----+-----+---------+

    + Detail: 
        * Instance: 
        +------------------------------------+-------------------------+---------+------------+----------+------------+-----+------------+----------+
        |                                    |                         |   Latency (cycles)   |   Latency (absolute)  |     Interval     | Pipeline |
        |              Instance              |          Module         |   min   |     max    |    min   |     max    | min |     max    |   Type   |
        +------------------------------------+-------------------------+---------+------------+----------+------------+-----+------------+----------+
        |grp_spmv_csc_dataflow_fu_335        |spmv_csc_dataflow        |        ?|           ?|         ?|           ?|    ?|           ?|  dataflow|
        |grp_reduce_and_write_packed_fu_390  |reduce_and_write_packed  |       10|  2147483706|  0.100 us|  21.475 sec|   10|  2147483706|        no|
        +------------------------------------+-------------------------+---------+------------+----------+------------+-----+------------+----------+

        * Loop: 
        +--------------------+---------+---------+----------+-----------+-----------+------+----------+
        |                    |  Latency (cycles) | Iteration|  Initiation Interval  | Trip |          |
        |      Loop Name     |   min   |   max   |  Latency |  achieved |   target  | Count| Pipelined|
        +--------------------+---------+---------+----------+-----------+-----------+------+----------+
        |- VITIS_LOOP_52_1   |        ?|        ?|         ?|          -|          -|     ?|        no|
        | + VITIS_LOOP_57_2  |        ?|        ?|         ?|          -|          -|     ?|        no|
        +--------------------+---------+---------+----------+-----------+-----------+------+----------+



================================================================
== Utilization Estimates
================================================================
* Summary: 
+-----------------+---------+------+--------+--------+-----+
|       Name      | BRAM_18K|  DSP |   FF   |   LUT  | URAM|
+-----------------+---------+------+--------+--------+-----+
|DSP              |        -|     -|       -|       -|    -|
|Expression       |        -|     -|       0|    1051|    -|
|FIFO             |        -|     -|       -|       -|    -|
|Instance         |      255|   112|   33180|   44797|    0|
|Memory           |        -|     -|       0|       0|   16|
|Multiplexer      |        -|     -|       0|     853|    -|
|Register         |        -|     -|    1504|       -|    -|
+-----------------+---------+------+--------+--------+-----+
|Total            |      255|   112|   34684|   46701|   16|
+-----------------+---------+------+--------+--------+-----+
|Available        |      624|  1728|  460800|  230400|   96|
+-----------------+---------+------+--------+--------+-----+
|Utilization (%)  |       40|     6|       7|      20|   16|
+-----------------+---------+------+--------+--------+-----+

+ Detail: 
    * Instance: 
    +------------------------------------+-------------------------+---------+----+-------+-------+-----+
    |              Instance              |          Module         | BRAM_18K| DSP|   FF  |  LUT  | URAM|
    +------------------------------------+-------------------------+---------+----+-------+-------+-----+
    |control_s_axi_U                     |control_s_axi            |        0|   0|    748|   1320|    0|
    |gmem0_m_axi_U                       |gmem0_m_axi              |        2|   0|    671|    637|    0|
    |gmem1_m_axi_U                       |gmem1_m_axi              |        2|   0|    671|    637|    0|
    |gmem2_m_axi_U                       |gmem2_m_axi              |        2|   0|    671|    637|    0|
    |gmem3_m_axi_U                       |gmem3_m_axi              |        2|   0|    671|    637|    0|
    |gmem4_m_axi_U                       |gmem4_m_axi              |        2|   0|    671|    637|    0|
    |gmem5_m_axi_U                       |gmem5_m_axi              |       29|   0|   1574|   1642|    0|
    |gmem6_m_axi_U                       |gmem6_m_axi              |       29|   0|   1574|   1642|    0|
    |gmem7_m_axi_U                       |gmem7_m_axi              |       29|   0|   1568|   1630|    0|
    |grp_reduce_and_write_packed_fu_390  |reduce_and_write_packed  |        0|  32|   5749|  10294|    0|
    |grp_spmv_csc_dataflow_fu_335        |spmv_csc_dataflow        |      158|  80|  18612|  25084|    0|
    +------------------------------------+-------------------------+---------+----+-------+-------+-----+
    |Total                               |                         |      255| 112|  33180|  44797|    0|
    +------------------------------------+-------------------------+---------+----+-------+-------+-----+

    * DSP: 
    N/A

    * Memory: 
    +----------------------------------------------------------------------------------------------+----------------------------------------------------------------------------------+---------+---+----+-----+------+-----+------+-------------+
    |                                            Memory                                            |                                      Module                                      | BRAM_18K| FF| LUT| URAM| Words| Bits| Banks| W*Bits*Banks|
    +----------------------------------------------------------------------------------------------+----------------------------------------------------------------------------------+---------+---+----+-----+------+-----+------+-------------+
    |spmv_csc_int_int_int_vector_const_int_const_vector_const_float_const_vector_9_U               |spmv_csc_int_int_int_vector_const_int_const_vector_const_float_const_vector_9bkb  |        0|  0|   0|    1|  1024|   32|     1|        32768|
    |spmv_csc_int_int_int_vector_const_int_const_vector_const_float_const_vector_8_U               |spmv_csc_int_int_int_vector_const_int_const_vector_const_float_const_vector_9bkb  |        0|  0|   0|    1|  1024|   32|     1|        32768|
    |spmv_csc_int_int_int_vector_const_int_const_vector_const_float_const_vector_7_U               |spmv_csc_int_int_int_vector_const_int_const_vector_const_float_const_vector_9bkb  |        0|  0|   0|    1|  1024|   32|     1|        32768|
    |spmv_csc_int_int_int_vector_const_int_const_vector_const_float_const_vector_6_U               |spmv_csc_int_int_int_vector_const_int_const_vector_const_float_const_vector_9bkb  |        0|  0|   0|    1|  1024|   32|     1|        32768|
    |spmv_csc_int_int_int_vector_const_int_const_vector_const_float_const_vector_5_U               |spmv_csc_int_int_int_vector_const_int_const_vector_const_float_const_vector_9bkb  |        0|  0|   0|    1|  1024|   32|     1|        32768|
    |spmv_csc_int_int_int_vector_const_int_const_vector_const_float_const_vector_4_U               |spmv_csc_int_int_int_vector_const_int_const_vector_const_float_const_vector_9bkb  |        0|  0|   0|    1|  1024|   32|     1|        32768|
    |spmv_csc_int_int_int_vector_const_int_const_vector_const_float_const_vector_3_U               |spmv_csc_int_int_int_vector_const_int_const_vector_const_float_const_vector_9bkb  |        0|  0|   0|    1|  1024|   32|     1|        32768|
    |spmv_csc_int_int_int_vector_const_int_const_vector_const_float_const_vector_2_U               |spmv_csc_int_int_int_vector_const_int_const_vector_const_float_const_vector_9bkb  |        0|  0|   0|    1|  1024|   32|     1|        32768|
    |spmv_csc_int_int_int_vector_const_int_const_vector_const_float_const_vector_1_U               |spmv_csc_int_int_int_vector_const_int_const_vector_const_float_const_vector_9bkb  |        0|  0|   0|    1|  1024|   32|     1|        32768|
    |spmv_mulmulmulmulmulcsc_int_int_int_vector_const_int_const_vector_const_float_const_vector_U  |spmv_csc_int_int_int_vector_const_int_const_vector_const_float_const_vector_9bkb  |        0|  0|   0|    1|  1024|   32|     1|        32768|
    |p_ZZ8spmv_csciiiPKN3hls6vectorIiLm16EEEPKiPKNS0_IfLm16EEEPKfPS6_bbE9y_partial_10_U            |spmv_csc_int_int_int_vector_const_int_const_vector_const_float_const_vector_9bkb  |        0|  0|   0|    1|  1024|   32|     1|        32768|
    |p_ZZ8spmv_csciiiPKN3hls6vectorIiLm16EEEPKiPKNS0_IfLm16EEEPKfPS6_bbE9y_partial_11_U            |spmv_csc_int_int_int_vector_const_int_const_vector_const_float_const_vector_9bkb  |        0|  0|   0|    1|  1024|   32|     1|        32768|
    |p_ZZ8spmv_csciiiPKN3hls6vectorIiLm16EEEPKiPKNS0_IfLm16EEEPKfPS6_bbE9y_partial_12_U            |spmv_csc_int_int_int_vector_const_int_const_vector_const_float_const_vector_9bkb  |        0|  0|   0|    1|  1024|   32|     1|        32768|
    |p_ZZ8spmv_csciiiPKN3hls6vectorIiLm16EEEPKiPKNS0_IfLm16EEEPKfPS6_bbE9y_partial_13_U            |spmv_csc_int_int_int_vector_const_int_const_vector_const_float_const_vector_9bkb  |        0|  0|   0|    1|  1024|   32|     1|        32768|
    |p_ZZ8spmv_csciiiPKN3hls6vectorIiLm16EEEPKiPKNS0_IfLm16EEEPKfPS6_bbE9y_partial_14_U            |spmv_csc_int_int_int_vector_const_int_const_vector_const_float_const_vector_9bkb  |        0|  0|   0|    1|  1024|   32|     1|        32768|
    |p_ZZ8spmv_csciiiPKN3hls6vectorIiLm16EEEPKiPKNS0_IfLm16EEEPKfPS6_bbE9y_partial_15_U            |spmv_csc_int_int_int_vector_const_int_const_vector_const_float_const_vector_9bkb  |        0|  0|   0|    1|  1024|   32|     1|        32768|
    +----------------------------------------------------------------------------------------------+----------------------------------------------------------------------------------+---------+---+----+-----+------+-----+------+-------------+
    |Total                                                                                         |                                                                                  |        0|  0|   0|   16| 16384|  512|    16|       524288|
    +----------------------------------------------------------------------------------------------+----------------------------------------------------------------------------------+---------+---+----+-----+------+-----+------+-------------+

    * FIFO: 
    N/A

    * Expression: 
    +-----------------------------------------------+----------+----+---+----+------------+------------+
    |                 Variable Name                 | Operation| DSP| FF| LUT| Bitwidth P0| Bitwidth P1|
    +-----------------------------------------------+----------+----+---+----+------------+------------+
    |add_ln52_1_fu_507_p2                           |         +|   0|  0|  69|          62|          62|
    |add_ln52_fu_521_p2                             |         +|   0|  0|  38|          31|           1|
    |add_ln55_fu_535_p2                             |         +|   0|  0|  48|          41|          11|
    |add_ln57_fu_604_p2                             |         +|   0|  0|  38|          31|           1|
    |add_ln60_fu_631_p2                             |         +|   0|  0|  48|          41|          11|
    |add_ln63_fu_677_p2                             |         +|   0|  0|  71|          64|          64|
    |add_ln64_fu_688_p2                             |         +|   0|  0|  71|          64|          64|
    |add_ln65_fu_699_p2                             |         +|   0|  0|  71|          64|          64|
    |sub30_fu_431_p2                                |         +|   0|  0|  39|          32|           2|
    |tmp_fu_614_p2                                  |         +|   0|  0|  69|          62|          62|
    |sub_ln55_fu_568_p2                             |         -|   0|  0|  39|          32|          32|
    |sub_ln60_fu_664_p2                             |         -|   0|  0|  39|          32|          32|
    |ap_block_state16_on_subcall_done               |       and|   0|  0|   2|           1|           1|
    |ap_predicate_op190_call_state16                |       and|   0|  0|   2|           1|           1|
    |cmp_i_fu_589_p2                                |      icmp|   0|  0|  39|          32|          11|
    |icmp_ln367_fu_729_p2                           |      icmp|   0|  0|  39|          32|          11|
    |icmp_ln52_fu_516_p2                            |      icmp|   0|  0|  39|          32|          32|
    |icmp_ln55_fu_545_p2                            |      icmp|   0|  0|  49|          42|          42|
    |icmp_ln57_fu_599_p2                            |      icmp|   0|  0|  39|          32|          32|
    |icmp_ln60_fu_641_p2                            |      icmp|   0|  0|  49|          42|          42|
    |icmp_ln81_fu_710_p2                            |      icmp|   0|  0|  38|          31|           1|
    |icmp_ln82_fu_716_p2                            |      icmp|   0|  0|  39|          32|          32|
    |ap_block_state12                               |        or|   0|  0|   2|           1|           1|
    |ap_block_state4_io                             |        or|   0|  0|   2|           1|           1|
    |ap_sync_grp_spmv_csc_dataflow_fu_335_ap_ready  |        or|   0|  0|   2|           1|           1|
    |or_ln367_fu_734_p2                             |        or|   0|  0|   2|           1|           1|
    |cols_this_tile_fu_669_p3                       |    select|   0|  0|  32|           1|          11|
    |rows_this_tile_fu_573_p3                       |    select|   0|  0|  32|           1|          11|
    |xor_ln55_fu_550_p2                             |       xor|   0|  0|   2|           1|           2|
    |xor_ln60_fu_646_p2                             |       xor|   0|  0|   2|           1|           2|
    +-----------------------------------------------+----------+----+---+----+------------+------------+
    |Total                                          |          |   0|  0|1051|         841|         641|
    +-----------------------------------------------+----------+----+---+----+------------+------------+

    * Multiplexer: 
    +-----------------------------------------------------------------------------------------------------+----+-----------+-----+-----------+
    |                                                 Name                                                | LUT| Input Size| Bits| Total Bits|
    +-----------------------------------------------------------------------------------------------------+----+-----------+-----+-----------+
    |ap_NS_fsm                                                                                            |  81|         17|    1|         17|
    |gmem0_0_ARVALID                                                                                      |   9|          2|    1|          2|
    |gmem0_0_RREADY                                                                                       |   9|          2|    1|          2|
    |gmem1_blk_n_AR                                                                                       |   9|          2|    1|          2|
    |gmem1_blk_n_R                                                                                        |   9|          2|    1|          2|
    |gmem2_blk_n_AR                                                                                       |   9|          2|    1|          2|
    |gmem2_blk_n_R                                                                                        |   9|          2|    1|          2|
    |gmem3_blk_n_AR                                                                                       |   9|          2|    1|          2|
    |gmem3_blk_n_R                                                                                        |   9|          2|    1|          2|
    |gmem4_0_ARVALID                                                                                      |   9|          2|    1|          2|
    |gmem4_0_RREADY                                                                                       |   9|          2|    1|          2|
    |gmem5_0_ARVALID                                                                                      |   9|          2|    1|          2|
    |gmem5_0_RREADY                                                                                       |   9|          2|    1|          2|
    |gmem6_0_ARVALID                                                                                      |   9|          2|    1|          2|
    |gmem6_0_RREADY                                                                                       |   9|          2|    1|          2|
    |gmem7_0_AWVALID                                                                                      |   9|          2|    1|          2|
    |gmem7_0_BREADY                                                                                       |   9|          2|    1|          2|
    |gmem7_0_WVALID                                                                                       |   9|          2|    1|          2|
    |p_ZZ8spmv_csciiiPKN3hls6vectorIiLm16EEEPKiPKNS0_IfLm16EEEPKfPS6_bbE9y_partial_10_address0            |  14|          3|   10|         30|
    |p_ZZ8spmv_csciiiPKN3hls6vectorIiLm16EEEPKiPKNS0_IfLm16EEEPKfPS6_bbE9y_partial_10_ce0                 |  14|          3|    1|          3|
    |p_ZZ8spmv_csciiiPKN3hls6vectorIiLm16EEEPKiPKNS0_IfLm16EEEPKfPS6_bbE9y_partial_10_we0                 |   9|          2|    1|          2|
    |p_ZZ8spmv_csciiiPKN3hls6vectorIiLm16EEEPKiPKNS0_IfLm16EEEPKfPS6_bbE9y_partial_11_address0            |  14|          3|   10|         30|
    |p_ZZ8spmv_csciiiPKN3hls6vectorIiLm16EEEPKiPKNS0_IfLm16EEEPKfPS6_bbE9y_partial_11_ce0                 |  14|          3|    1|          3|
    |p_ZZ8spmv_csciiiPKN3hls6vectorIiLm16EEEPKiPKNS0_IfLm16EEEPKfPS6_bbE9y_partial_11_we0                 |   9|          2|    1|          2|
    |p_ZZ8spmv_csciiiPKN3hls6vectorIiLm16EEEPKiPKNS0_IfLm16EEEPKfPS6_bbE9y_partial_12_address0            |  14|          3|   10|         30|
    |p_ZZ8spmv_csciiiPKN3hls6vectorIiLm16EEEPKiPKNS0_IfLm16EEEPKfPS6_bbE9y_partial_12_ce0                 |  14|          3|    1|          3|
    |p_ZZ8spmv_csciiiPKN3hls6vectorIiLm16EEEPKiPKNS0_IfLm16EEEPKfPS6_bbE9y_partial_12_we0                 |   9|          2|    1|          2|
    |p_ZZ8spmv_csciiiPKN3hls6vectorIiLm16EEEPKiPKNS0_IfLm16EEEPKfPS6_bbE9y_partial_13_address0            |  14|          3|   10|         30|
    |p_ZZ8spmv_csciiiPKN3hls6vectorIiLm16EEEPKiPKNS0_IfLm16EEEPKfPS6_bbE9y_partial_13_ce0                 |  14|          3|    1|          3|
    |p_ZZ8spmv_csciiiPKN3hls6vectorIiLm16EEEPKiPKNS0_IfLm16EEEPKfPS6_bbE9y_partial_13_we0                 |   9|          2|    1|          2|
    |p_ZZ8spmv_csciiiPKN3hls6vectorIiLm16EEEPKiPKNS0_IfLm16EEEPKfPS6_bbE9y_partial_14_address0            |  14|          3|   10|         30|
    |p_ZZ8spmv_csciiiPKN3hls6vectorIiLm16EEEPKiPKNS0_IfLm16EEEPKfPS6_bbE9y_partial_14_ce0                 |  14|          3|    1|          3|
    |p_ZZ8spmv_csciiiPKN3hls6vectorIiLm16EEEPKiPKNS0_IfLm16EEEPKfPS6_bbE9y_partial_14_we0                 |   9|          2|    1|          2|
    |p_ZZ8spmv_csciiiPKN3hls6vectorIiLm16EEEPKiPKNS0_IfLm16EEEPKfPS6_bbE9y_partial_15_address0            |  14|          3|   10|         30|
    |p_ZZ8spmv_csciiiPKN3hls6vectorIiLm16EEEPKiPKNS0_IfLm16EEEPKfPS6_bbE9y_partial_15_ce0                 |  14|          3|    1|          3|
    |p_ZZ8spmv_csciiiPKN3hls6vectorIiLm16EEEPKiPKNS0_IfLm16EEEPKfPS6_bbE9y_partial_15_we0                 |   9|          2|    1|          2|
    |phi_mul_fu_208                                                                                       |   9|          2|   62|        124|
    |spmv_csc_int_int_int_vector_const_int_const_vector_const_float_const_vector_1_address0               |  14|          3|   10|         30|
    |spmv_csc_int_int_int_vector_const_int_const_vector_const_float_const_vector_1_ce0                    |  14|          3|    1|          3|
    |spmv_csc_int_int_int_vector_const_int_const_vector_const_float_const_vector_1_we0                    |   9|          2|    1|          2|
    |spmv_csc_int_int_int_vector_const_int_const_vector_const_float_const_vector_2_address0               |  14|          3|   10|         30|
    |spmv_csc_int_int_int_vector_const_int_const_vector_const_float_const_vector_2_ce0                    |  14|          3|    1|          3|
    |spmv_csc_int_int_int_vector_const_int_const_vector_const_float_const_vector_2_we0                    |   9|          2|    1|          2|
    |spmv_csc_int_int_int_vector_const_int_const_vector_const_float_const_vector_3_address0               |  14|          3|   10|         30|
    |spmv_csc_int_int_int_vector_const_int_const_vector_const_float_const_vector_3_ce0                    |  14|          3|    1|          3|
    |spmv_csc_int_int_int_vector_const_int_const_vector_const_float_const_vector_3_we0                    |   9|          2|    1|          2|
    |spmv_csc_int_int_int_vector_const_int_const_vector_const_float_const_vector_4_address0               |  14|          3|   10|         30|
    |spmv_csc_int_int_int_vector_const_int_const_vector_const_float_const_vector_4_ce0                    |  14|          3|    1|          3|
    |spmv_csc_int_int_int_vector_const_int_const_vector_const_float_const_vector_4_we0                    |   9|          2|    1|          2|
    |spmv_csc_int_int_int_vector_const_int_const_vector_const_float_const_vector_5_address0               |  14|          3|   10|         30|
    |spmv_csc_int_int_int_vector_const_int_const_vector_const_float_const_vector_5_ce0                    |  14|          3|    1|          3|
    |spmv_csc_int_int_int_vector_const_int_const_vector_const_float_const_vector_5_we0                    |   9|          2|    1|          2|
    |spmv_csc_int_int_int_vector_const_int_const_vector_const_float_const_vector_6_address0               |  14|          3|   10|         30|
    |spmv_csc_int_int_int_vector_const_int_const_vector_const_float_const_vector_6_ce0                    |  14|          3|    1|          3|
    |spmv_csc_int_int_int_vector_const_int_const_vector_const_float_const_vector_6_we0                    |   9|          2|    1|          2|
    |spmv_csc_int_int_int_vector_const_int_const_vector_const_float_const_vector_7_address0               |  14|          3|   10|         30|
    |spmv_csc_int_int_int_vector_const_int_const_vector_const_float_const_vector_7_ce0                    |  14|          3|    1|          3|
    |spmv_csc_int_int_int_vector_const_int_const_vector_const_float_const_vector_7_we0                    |   9|          2|    1|          2|
    |spmv_csc_int_int_int_vector_const_int_const_vector_const_float_const_vector_8_address0               |  14|          3|   10|         30|
    |spmv_csc_int_int_int_vector_const_int_const_vector_const_float_const_vector_8_ce0                    |  14|          3|    1|          3|
    |spmv_csc_int_int_int_vector_const_int_const_vector_const_float_const_vector_8_we0                    |   9|          2|    1|          2|
    |spmv_csc_int_int_int_vector_const_int_const_vector_const_float_const_vector_9_address0               |  14|          3|   10|         30|
    |spmv_csc_int_int_int_vector_const_int_const_vector_const_float_const_vector_9_ce0                    |  14|          3|    1|          3|
    |spmv_csc_int_int_int_vector_const_int_const_vector_const_float_const_vector_9_we0                    |   9|          2|    1|          2|
    |spmv_mulmulmulmulmulcsc_int_int_int_vector_const_int_const_vector_const_float_const_vector_address0  |  14|          3|   10|         30|
    |spmv_mulmulmulmulmulcsc_int_int_int_vector_const_int_const_vector_const_float_const_vector_ce0       |  14|          3|    1|          3|
    |spmv_mulmulmulmulmulcsc_int_int_int_vector_const_int_const_vector_const_float_const_vector_we0       |   9|          2|    1|          2|
    |tile_col_reg_324                                                                                     |   9|          2|   31|         62|
    |tile_row_fu_212                                                                                      |   9|          2|   31|         62|
    +-----------------------------------------------------------------------------------------------------+----+-----------+-----+-----------+
    |Total                                                                                                | 853|        185|  334|        859|
    +-----------------------------------------------------------------------------------------------------+----+-----------+-----+-----------+

    * Register: 
    +---------------------------------------------------+----+----+-----+-----------+
    |                        Name                       | FF | LUT| Bits| Const Bits|
    +---------------------------------------------------+----+----+-----+-----------+
    |A_col_ptr_tiled_read_reg_768                       |  64|   0|   64|          0|
    |A_row_idx_tiled_read_reg_773                       |  64|   0|   64|          0|
    |A_values_tiled_read_reg_763                        |  64|   0|   64|          0|
    |add_ln52_1_reg_836                                 |  62|   0|   62|          0|
    |add_ln52_reg_844                                   |  31|   0|   31|          0|
    |add_ln57_reg_868                                   |  31|   0|   31|          0|
    |ap_CS_fsm                                          |  16|   0|   16|          0|
    |ap_sync_reg_grp_spmv_csc_dataflow_fu_335_ap_done   |   1|   0|    1|          0|
    |ap_sync_reg_grp_spmv_csc_dataflow_fu_335_ap_ready  |   1|   0|    1|          0|
    |cmp_i_reg_860                                      |   1|   0|    1|          0|
    |cols_this_tile_reg_878                             |  32|   0|   32|          0|
    |global_cols_read_reg_788                           |  32|   0|   32|          0|
    |global_rows_read_reg_793                           |  32|   0|   32|          0|
    |gmem1_addr_reg_884                                 |  64|   0|   64|          0|
    |gmem2_addr_reg_890                                 |  64|   0|   64|          0|
    |gmem3_addr_reg_896                                 |  64|   0|   64|          0|
    |grp_reduce_and_write_packed_fu_390_ap_start_reg    |   1|   0|    1|          0|
    |grp_spmv_csc_dataflow_fu_335_ap_start_reg          |   1|   0|    1|          0|
    |icmp_ln81_reg_902                                  |   1|   0|    1|          0|
    |icmp_ln82_reg_907                                  |   1|   0|    1|          0|
    |num_col_tiles_read_reg_778                         |  32|   0|   32|          0|
    |num_row_tiles_read_reg_783                         |  32|   0|   32|          0|
    |or_ln367_reg_926                                   |   1|   0|    1|          0|
    |phi_mul_fu_208                                     |  62|   0|   62|          0|
    |rows_this_tile_reg_849                             |  32|   0|   32|          0|
    |sext_ln52_1_reg_808                                |  62|   0|   62|          0|
    |sext_ln52_2_reg_813                                |  42|   0|   42|          0|
    |sext_ln52_3_reg_818                                |  64|   0|   64|          0|
    |sext_ln52_4_reg_823                                |  64|   0|   64|          0|
    |sext_ln52_5_reg_828                                |  64|   0|   64|          0|
    |sext_ln52_reg_803                                  |  42|   0|   42|          0|
    |shl_ln2_reg_873                                    |  31|   0|   41|         10|
    |sub30_reg_798                                      |  32|   0|   32|          0|
    |tile_col_offset_reg_921                            |  32|   0|   32|          0|
    |tile_col_reg_324                                   |  31|   0|   31|          0|
    |tile_nnz_offset_reg_916                            |  32|   0|   32|          0|
    |tile_nnz_reg_911                                   |  32|   0|   32|          0|
    |tile_row_fu_212                                    |  31|   0|   31|          0|
    |tmp_7_reg_855                                      |  31|   0|   37|          6|
    |x_global_read_reg_758                              |  64|   0|   64|          0|
    |y_global_read_reg_753                              |  64|   0|   64|          0|
    +---------------------------------------------------+----+----+-----+-----------+
    |Total                                              |1504|   0| 1520|         16|
    +---------------------------------------------------+----+----+-----+-----------+



================================================================
== Interface
================================================================
* Summary: 
+-----------------------+-----+-----+------------+--------------+--------------+
|       RTL Ports       | Dir | Bits|  Protocol  | Source Object|    C Type    |
+-----------------------+-----+-----+------------+--------------+--------------+
|s_axi_control_AWVALID  |   in|    1|       s_axi|       control|        scalar|
|s_axi_control_AWREADY  |  out|    1|       s_axi|       control|        scalar|
|s_axi_control_AWADDR   |   in|    8|       s_axi|       control|        scalar|
|s_axi_control_WVALID   |   in|    1|       s_axi|       control|        scalar|
|s_axi_control_WREADY   |  out|    1|       s_axi|       control|        scalar|
|s_axi_control_WDATA    |   in|   32|       s_axi|       control|        scalar|
|s_axi_control_WSTRB    |   in|    4|       s_axi|       control|        scalar|
|s_axi_control_ARVALID  |   in|    1|       s_axi|       control|        scalar|
|s_axi_control_ARREADY  |  out|    1|       s_axi|       control|        scalar|
|s_axi_control_ARADDR   |   in|    8|       s_axi|       control|        scalar|
|s_axi_control_RVALID   |  out|    1|       s_axi|       control|        scalar|
|s_axi_control_RREADY   |   in|    1|       s_axi|       control|        scalar|
|s_axi_control_RDATA    |  out|   32|       s_axi|       control|        scalar|
|s_axi_control_RRESP    |  out|    2|       s_axi|       control|        scalar|
|s_axi_control_BVALID   |  out|    1|       s_axi|       control|        scalar|
|s_axi_control_BREADY   |   in|    1|       s_axi|       control|        scalar|
|s_axi_control_BRESP    |  out|    2|       s_axi|       control|        scalar|
|ap_clk                 |   in|    1|  ap_ctrl_hs|           pcg|  return value|
|ap_rst_n               |   in|    1|  ap_ctrl_hs|           pcg|  return value|
|interrupt              |  out|    1|  ap_ctrl_hs|           pcg|  return value|
|m_axi_gmem1_AWVALID    |  out|    1|       m_axi|         gmem1|       pointer|
|m_axi_gmem1_AWREADY    |   in|    1|       m_axi|         gmem1|       pointer|
|m_axi_gmem1_AWADDR     |  out|   64|       m_axi|         gmem1|       pointer|
|m_axi_gmem1_AWID       |  out|    1|       m_axi|         gmem1|       pointer|
|m_axi_gmem1_AWLEN      |  out|    8|       m_axi|         gmem1|       pointer|
|m_axi_gmem1_AWSIZE     |  out|    3|       m_axi|         gmem1|       pointer|
|m_axi_gmem1_AWBURST    |  out|    2|       m_axi|         gmem1|       pointer|
|m_axi_gmem1_AWLOCK     |  out|    2|       m_axi|         gmem1|       pointer|
|m_axi_gmem1_AWCACHE    |  out|    4|       m_axi|         gmem1|       pointer|
|m_axi_gmem1_AWPROT     |  out|    3|       m_axi|         gmem1|       pointer|
|m_axi_gmem1_AWQOS      |  out|    4|       m_axi|         gmem1|       pointer|
|m_axi_gmem1_AWREGION   |  out|    4|       m_axi|         gmem1|       pointer|
|m_axi_gmem1_AWUSER     |  out|    1|       m_axi|         gmem1|       pointer|
|m_axi_gmem1_WVALID     |  out|    1|       m_axi|         gmem1|       pointer|
|m_axi_gmem1_WREADY     |   in|    1|       m_axi|         gmem1|       pointer|
|m_axi_gmem1_WDATA      |  out|   32|       m_axi|         gmem1|       pointer|
|m_axi_gmem1_WSTRB      |  out|    4|       m_axi|         gmem1|       pointer|
|m_axi_gmem1_WLAST      |  out|    1|       m_axi|         gmem1|       pointer|
|m_axi_gmem1_WID        |  out|    1|       m_axi|         gmem1|       pointer|
|m_axi_gmem1_WUSER      |  out|    1|       m_axi|         gmem1|       pointer|
|m_axi_gmem1_ARVALID    |  out|    1|       m_axi|         gmem1|       pointer|
|m_axi_gmem1_ARREADY    |   in|    1|       m_axi|         gmem1|       pointer|
|m_axi_gmem1_ARADDR     |  out|   64|       m_axi|         gmem1|       pointer|
|m_axi_gmem1_ARID       |  out|    1|       m_axi|         gmem1|       pointer|
|m_axi_gmem1_ARLEN      |  out|    8|       m_axi|         gmem1|       pointer|
|m_axi_gmem1_ARSIZE     |  out|    3|       m_axi|         gmem1|       pointer|
|m_axi_gmem1_ARBURST    |  out|    2|       m_axi|         gmem1|       pointer|
|m_axi_gmem1_ARLOCK     |  out|    2|       m_axi|         gmem1|       pointer|
|m_axi_gmem1_ARCACHE    |  out|    4|       m_axi|         gmem1|       pointer|
|m_axi_gmem1_ARPROT     |  out|    3|       m_axi|         gmem1|       pointer|
|m_axi_gmem1_ARQOS      |  out|    4|       m_axi|         gmem1|       pointer|
|m_axi_gmem1_ARREGION   |  out|    4|       m_axi|         gmem1|       pointer|
|m_axi_gmem1_ARUSER     |  out|    1|       m_axi|         gmem1|       pointer|
|m_axi_gmem1_RVALID     |   in|    1|       m_axi|         gmem1|       pointer|
|m_axi_gmem1_RREADY     |  out|    1|       m_axi|         gmem1|       pointer|
|m_axi_gmem1_RDATA      |   in|   32|       m_axi|         gmem1|       pointer|
|m_axi_gmem1_RLAST      |   in|    1|       m_axi|         gmem1|       pointer|
|m_axi_gmem1_RID        |   in|    1|       m_axi|         gmem1|       pointer|
|m_axi_gmem1_RUSER      |   in|    1|       m_axi|         gmem1|       pointer|
|m_axi_gmem1_RRESP      |   in|    2|       m_axi|         gmem1|       pointer|
|m_axi_gmem1_BVALID     |   in|    1|       m_axi|         gmem1|       pointer|
|m_axi_gmem1_BREADY     |  out|    1|       m_axi|         gmem1|       pointer|
|m_axi_gmem1_BRESP      |   in|    2|       m_axi|         gmem1|       pointer|
|m_axi_gmem1_BID        |   in|    1|       m_axi|         gmem1|       pointer|
|m_axi_gmem1_BUSER      |   in|    1|       m_axi|         gmem1|       pointer|
|m_axi_gmem2_AWVALID    |  out|    1|       m_axi|         gmem2|       pointer|
|m_axi_gmem2_AWREADY    |   in|    1|       m_axi|         gmem2|       pointer|
|m_axi_gmem2_AWADDR     |  out|   64|       m_axi|         gmem2|       pointer|
|m_axi_gmem2_AWID       |  out|    1|       m_axi|         gmem2|       pointer|
|m_axi_gmem2_AWLEN      |  out|    8|       m_axi|         gmem2|       pointer|
|m_axi_gmem2_AWSIZE     |  out|    3|       m_axi|         gmem2|       pointer|
|m_axi_gmem2_AWBURST    |  out|    2|       m_axi|         gmem2|       pointer|
|m_axi_gmem2_AWLOCK     |  out|    2|       m_axi|         gmem2|       pointer|
|m_axi_gmem2_AWCACHE    |  out|    4|       m_axi|         gmem2|       pointer|
|m_axi_gmem2_AWPROT     |  out|    3|       m_axi|         gmem2|       pointer|
|m_axi_gmem2_AWQOS      |  out|    4|       m_axi|         gmem2|       pointer|
|m_axi_gmem2_AWREGION   |  out|    4|       m_axi|         gmem2|       pointer|
|m_axi_gmem2_AWUSER     |  out|    1|       m_axi|         gmem2|       pointer|
|m_axi_gmem2_WVALID     |  out|    1|       m_axi|         gmem2|       pointer|
|m_axi_gmem2_WREADY     |   in|    1|       m_axi|         gmem2|       pointer|
|m_axi_gmem2_WDATA      |  out|   32|       m_axi|         gmem2|       pointer|
|m_axi_gmem2_WSTRB      |  out|    4|       m_axi|         gmem2|       pointer|
|m_axi_gmem2_WLAST      |  out|    1|       m_axi|         gmem2|       pointer|
|m_axi_gmem2_WID        |  out|    1|       m_axi|         gmem2|       pointer|
|m_axi_gmem2_WUSER      |  out|    1|       m_axi|         gmem2|       pointer|
|m_axi_gmem2_ARVALID    |  out|    1|       m_axi|         gmem2|       pointer|
|m_axi_gmem2_ARREADY    |   in|    1|       m_axi|         gmem2|       pointer|
|m_axi_gmem2_ARADDR     |  out|   64|       m_axi|         gmem2|       pointer|
|m_axi_gmem2_ARID       |  out|    1|       m_axi|         gmem2|       pointer|
|m_axi_gmem2_ARLEN      |  out|    8|       m_axi|         gmem2|       pointer|
|m_axi_gmem2_ARSIZE     |  out|    3|       m_axi|         gmem2|       pointer|
|m_axi_gmem2_ARBURST    |  out|    2|       m_axi|         gmem2|       pointer|
|m_axi_gmem2_ARLOCK     |  out|    2|       m_axi|         gmem2|       pointer|
|m_axi_gmem2_ARCACHE    |  out|    4|       m_axi|         gmem2|       pointer|
|m_axi_gmem2_ARPROT     |  out|    3|       m_axi|         gmem2|       pointer|
|m_axi_gmem2_ARQOS      |  out|    4|       m_axi|         gmem2|       pointer|
|m_axi_gmem2_ARREGION   |  out|    4|       m_axi|         gmem2|       pointer|
|m_axi_gmem2_ARUSER     |  out|    1|       m_axi|         gmem2|       pointer|
|m_axi_gmem2_RVALID     |   in|    1|       m_axi|         gmem2|       pointer|
|m_axi_gmem2_RREADY     |  out|    1|       m_axi|         gmem2|       pointer|
|m_axi_gmem2_RDATA      |   in|   32|       m_axi|         gmem2|       pointer|
|m_axi_gmem2_RLAST      |   in|    1|       m_axi|         gmem2|       pointer|
|m_axi_gmem2_RID        |   in|    1|       m_axi|         gmem2|       pointer|
|m_axi_gmem2_RUSER      |   in|    1|       m_axi|         gmem2|       pointer|
|m_axi_gmem2_RRESP      |   in|    2|       m_axi|         gmem2|       pointer|
|m_axi_gmem2_BVALID     |   in|    1|       m_axi|         gmem2|       pointer|
|m_axi_gmem2_BREADY     |  out|    1|       m_axi|         gmem2|       pointer|
|m_axi_gmem2_BRESP      |   in|    2|       m_axi|         gmem2|       pointer|
|m_axi_gmem2_BID        |   in|    1|       m_axi|         gmem2|       pointer|
|m_axi_gmem2_BUSER      |   in|    1|       m_axi|         gmem2|       pointer|
|m_axi_gmem3_AWVALID    |  out|    1|       m_axi|         gmem3|       pointer|
|m_axi_gmem3_AWREADY    |   in|    1|       m_axi|         gmem3|       pointer|
|m_axi_gmem3_AWADDR     |  out|   64|       m_axi|         gmem3|       pointer|
|m_axi_gmem3_AWID       |  out|    1|       m_axi|         gmem3|       pointer|
|m_axi_gmem3_AWLEN      |  out|    8|       m_axi|         gmem3|       pointer|
|m_axi_gmem3_AWSIZE     |  out|    3|       m_axi|         gmem3|       pointer|
|m_axi_gmem3_AWBURST    |  out|    2|       m_axi|         gmem3|       pointer|
|m_axi_gmem3_AWLOCK     |  out|    2|       m_axi|         gmem3|       pointer|
|m_axi_gmem3_AWCACHE    |  out|    4|       m_axi|         gmem3|       pointer|
|m_axi_gmem3_AWPROT     |  out|    3|       m_axi|         gmem3|       pointer|
|m_axi_gmem3_AWQOS      |  out|    4|       m_axi|         gmem3|       pointer|
|m_axi_gmem3_AWREGION   |  out|    4|       m_axi|         gmem3|       pointer|
|m_axi_gmem3_AWUSER     |  out|    1|       m_axi|         gmem3|       pointer|
|m_axi_gmem3_WVALID     |  out|    1|       m_axi|         gmem3|       pointer|
|m_axi_gmem3_WREADY     |   in|    1|       m_axi|         gmem3|       pointer|
|m_axi_gmem3_WDATA      |  out|   32|       m_axi|         gmem3|       pointer|
|m_axi_gmem3_WSTRB      |  out|    4|       m_axi|         gmem3|       pointer|
|m_axi_gmem3_WLAST      |  out|    1|       m_axi|         gmem3|       pointer|
|m_axi_gmem3_WID        |  out|    1|       m_axi|         gmem3|       pointer|
|m_axi_gmem3_WUSER      |  out|    1|       m_axi|         gmem3|       pointer|
|m_axi_gmem3_ARVALID    |  out|    1|       m_axi|         gmem3|       pointer|
|m_axi_gmem3_ARREADY    |   in|    1|       m_axi|         gmem3|       pointer|
|m_axi_gmem3_ARADDR     |  out|   64|       m_axi|         gmem3|       pointer|
|m_axi_gmem3_ARID       |  out|    1|       m_axi|         gmem3|       pointer|
|m_axi_gmem3_ARLEN      |  out|    8|       m_axi|         gmem3|       pointer|
|m_axi_gmem3_ARSIZE     |  out|    3|       m_axi|         gmem3|       pointer|
|m_axi_gmem3_ARBURST    |  out|    2|       m_axi|         gmem3|       pointer|
|m_axi_gmem3_ARLOCK     |  out|    2|       m_axi|         gmem3|       pointer|
|m_axi_gmem3_ARCACHE    |  out|    4|       m_axi|         gmem3|       pointer|
|m_axi_gmem3_ARPROT     |  out|    3|       m_axi|         gmem3|       pointer|
|m_axi_gmem3_ARQOS      |  out|    4|       m_axi|         gmem3|       pointer|
|m_axi_gmem3_ARREGION   |  out|    4|       m_axi|         gmem3|       pointer|
|m_axi_gmem3_ARUSER     |  out|    1|       m_axi|         gmem3|       pointer|
|m_axi_gmem3_RVALID     |   in|    1|       m_axi|         gmem3|       pointer|
|m_axi_gmem3_RREADY     |  out|    1|       m_axi|         gmem3|       pointer|
|m_axi_gmem3_RDATA      |   in|   32|       m_axi|         gmem3|       pointer|
|m_axi_gmem3_RLAST      |   in|    1|       m_axi|         gmem3|       pointer|
|m_axi_gmem3_RID        |   in|    1|       m_axi|         gmem3|       pointer|
|m_axi_gmem3_RUSER      |   in|    1|       m_axi|         gmem3|       pointer|
|m_axi_gmem3_RRESP      |   in|    2|       m_axi|         gmem3|       pointer|
|m_axi_gmem3_BVALID     |   in|    1|       m_axi|         gmem3|       pointer|
|m_axi_gmem3_BREADY     |  out|    1|       m_axi|         gmem3|       pointer|
|m_axi_gmem3_BRESP      |   in|    2|       m_axi|         gmem3|       pointer|
|m_axi_gmem3_BID        |   in|    1|       m_axi|         gmem3|       pointer|
|m_axi_gmem3_BUSER      |   in|    1|       m_axi|         gmem3|       pointer|
|m_axi_gmem5_AWVALID    |  out|    1|       m_axi|         gmem5|       pointer|
|m_axi_gmem5_AWREADY    |   in|    1|       m_axi|         gmem5|       pointer|
|m_axi_gmem5_AWADDR     |  out|   64|       m_axi|         gmem5|       pointer|
|m_axi_gmem5_AWID       |  out|    1|       m_axi|         gmem5|       pointer|
|m_axi_gmem5_AWLEN      |  out|    8|       m_axi|         gmem5|       pointer|
|m_axi_gmem5_AWSIZE     |  out|    3|       m_axi|         gmem5|       pointer|
|m_axi_gmem5_AWBURST    |  out|    2|       m_axi|         gmem5|       pointer|
|m_axi_gmem5_AWLOCK     |  out|    2|       m_axi|         gmem5|       pointer|
|m_axi_gmem5_AWCACHE    |  out|    4|       m_axi|         gmem5|       pointer|
|m_axi_gmem5_AWPROT     |  out|    3|       m_axi|         gmem5|       pointer|
|m_axi_gmem5_AWQOS      |  out|    4|       m_axi|         gmem5|       pointer|
|m_axi_gmem5_AWREGION   |  out|    4|       m_axi|         gmem5|       pointer|
|m_axi_gmem5_AWUSER     |  out|    1|       m_axi|         gmem5|       pointer|
|m_axi_gmem5_WVALID     |  out|    1|       m_axi|         gmem5|       pointer|
|m_axi_gmem5_WREADY     |   in|    1|       m_axi|         gmem5|       pointer|
|m_axi_gmem5_WDATA      |  out|  512|       m_axi|         gmem5|       pointer|
|m_axi_gmem5_WSTRB      |  out|   64|       m_axi|         gmem5|       pointer|
|m_axi_gmem5_WLAST      |  out|    1|       m_axi|         gmem5|       pointer|
|m_axi_gmem5_WID        |  out|    1|       m_axi|         gmem5|       pointer|
|m_axi_gmem5_WUSER      |  out|    1|       m_axi|         gmem5|       pointer|
|m_axi_gmem5_ARVALID    |  out|    1|       m_axi|         gmem5|       pointer|
|m_axi_gmem5_ARREADY    |   in|    1|       m_axi|         gmem5|       pointer|
|m_axi_gmem5_ARADDR     |  out|   64|       m_axi|         gmem5|       pointer|
|m_axi_gmem5_ARID       |  out|    1|       m_axi|         gmem5|       pointer|
|m_axi_gmem5_ARLEN      |  out|    8|       m_axi|         gmem5|       pointer|
|m_axi_gmem5_ARSIZE     |  out|    3|       m_axi|         gmem5|       pointer|
|m_axi_gmem5_ARBURST    |  out|    2|       m_axi|         gmem5|       pointer|
|m_axi_gmem5_ARLOCK     |  out|    2|       m_axi|         gmem5|       pointer|
|m_axi_gmem5_ARCACHE    |  out|    4|       m_axi|         gmem5|       pointer|
|m_axi_gmem5_ARPROT     |  out|    3|       m_axi|         gmem5|       pointer|
|m_axi_gmem5_ARQOS      |  out|    4|       m_axi|         gmem5|       pointer|
|m_axi_gmem5_ARREGION   |  out|    4|       m_axi|         gmem5|       pointer|
|m_axi_gmem5_ARUSER     |  out|    1|       m_axi|         gmem5|       pointer|
|m_axi_gmem5_RVALID     |   in|    1|       m_axi|         gmem5|       pointer|
|m_axi_gmem5_RREADY     |  out|    1|       m_axi|         gmem5|       pointer|
|m_axi_gmem5_RDATA      |   in|  512|       m_axi|         gmem5|       pointer|
|m_axi_gmem5_RLAST      |   in|    1|       m_axi|         gmem5|       pointer|
|m_axi_gmem5_RID        |   in|    1|       m_axi|         gmem5|       pointer|
|m_axi_gmem5_RUSER      |   in|    1|       m_axi|         gmem5|       pointer|
|m_axi_gmem5_RRESP      |   in|    2|       m_axi|         gmem5|       pointer|
|m_axi_gmem5_BVALID     |   in|    1|       m_axi|         gmem5|       pointer|
|m_axi_gmem5_BREADY     |  out|    1|       m_axi|         gmem5|       pointer|
|m_axi_gmem5_BRESP      |   in|    2|       m_axi|         gmem5|       pointer|
|m_axi_gmem5_BID        |   in|    1|       m_axi|         gmem5|       pointer|
|m_axi_gmem5_BUSER      |   in|    1|       m_axi|         gmem5|       pointer|
|m_axi_gmem4_AWVALID    |  out|    1|       m_axi|         gmem4|       pointer|
|m_axi_gmem4_AWREADY    |   in|    1|       m_axi|         gmem4|       pointer|
|m_axi_gmem4_AWADDR     |  out|   64|       m_axi|         gmem4|       pointer|
|m_axi_gmem4_AWID       |  out|    1|       m_axi|         gmem4|       pointer|
|m_axi_gmem4_AWLEN      |  out|    8|       m_axi|         gmem4|       pointer|
|m_axi_gmem4_AWSIZE     |  out|    3|       m_axi|         gmem4|       pointer|
|m_axi_gmem4_AWBURST    |  out|    2|       m_axi|         gmem4|       pointer|
|m_axi_gmem4_AWLOCK     |  out|    2|       m_axi|         gmem4|       pointer|
|m_axi_gmem4_AWCACHE    |  out|    4|       m_axi|         gmem4|       pointer|
|m_axi_gmem4_AWPROT     |  out|    3|       m_axi|         gmem4|       pointer|
|m_axi_gmem4_AWQOS      |  out|    4|       m_axi|         gmem4|       pointer|
|m_axi_gmem4_AWREGION   |  out|    4|       m_axi|         gmem4|       pointer|
|m_axi_gmem4_AWUSER     |  out|    1|       m_axi|         gmem4|       pointer|
|m_axi_gmem4_WVALID     |  out|    1|       m_axi|         gmem4|       pointer|
|m_axi_gmem4_WREADY     |   in|    1|       m_axi|         gmem4|       pointer|
|m_axi_gmem4_WDATA      |  out|   32|       m_axi|         gmem4|       pointer|
|m_axi_gmem4_WSTRB      |  out|    4|       m_axi|         gmem4|       pointer|
|m_axi_gmem4_WLAST      |  out|    1|       m_axi|         gmem4|       pointer|
|m_axi_gmem4_WID        |  out|    1|       m_axi|         gmem4|       pointer|
|m_axi_gmem4_WUSER      |  out|    1|       m_axi|         gmem4|       pointer|
|m_axi_gmem4_ARVALID    |  out|    1|       m_axi|         gmem4|       pointer|
|m_axi_gmem4_ARREADY    |   in|    1|       m_axi|         gmem4|       pointer|
|m_axi_gmem4_ARADDR     |  out|   64|       m_axi|         gmem4|       pointer|
|m_axi_gmem4_ARID       |  out|    1|       m_axi|         gmem4|       pointer|
|m_axi_gmem4_ARLEN      |  out|    8|       m_axi|         gmem4|       pointer|
|m_axi_gmem4_ARSIZE     |  out|    3|       m_axi|         gmem4|       pointer|
|m_axi_gmem4_ARBURST    |  out|    2|       m_axi|         gmem4|       pointer|
|m_axi_gmem4_ARLOCK     |  out|    2|       m_axi|         gmem4|       pointer|
|m_axi_gmem4_ARCACHE    |  out|    4|       m_axi|         gmem4|       pointer|
|m_axi_gmem4_ARPROT     |  out|    3|       m_axi|         gmem4|       pointer|
|m_axi_gmem4_ARQOS      |  out|    4|       m_axi|         gmem4|       pointer|
|m_axi_gmem4_ARREGION   |  out|    4|       m_axi|         gmem4|       pointer|
|m_axi_gmem4_ARUSER     |  out|    1|       m_axi|         gmem4|       pointer|
|m_axi_gmem4_RVALID     |   in|    1|       m_axi|         gmem4|       pointer|
|m_axi_gmem4_RREADY     |  out|    1|       m_axi|         gmem4|       pointer|
|m_axi_gmem4_RDATA      |   in|   32|       m_axi|         gmem4|       pointer|
|m_axi_gmem4_RLAST      |   in|    1|       m_axi|         gmem4|       pointer|
|m_axi_gmem4_RID        |   in|    1|       m_axi|         gmem4|       pointer|
|m_axi_gmem4_RUSER      |   in|    1|       m_axi|         gmem4|       pointer|
|m_axi_gmem4_RRESP      |   in|    2|       m_axi|         gmem4|       pointer|
|m_axi_gmem4_BVALID     |   in|    1|       m_axi|         gmem4|       pointer|
|m_axi_gmem4_BREADY     |  out|    1|       m_axi|         gmem4|       pointer|
|m_axi_gmem4_BRESP      |   in|    2|       m_axi|         gmem4|       pointer|
|m_axi_gmem4_BID        |   in|    1|       m_axi|         gmem4|       pointer|
|m_axi_gmem4_BUSER      |   in|    1|       m_axi|         gmem4|       pointer|
|m_axi_gmem6_AWVALID    |  out|    1|       m_axi|         gmem6|       pointer|
|m_axi_gmem6_AWREADY    |   in|    1|       m_axi|         gmem6|       pointer|
|m_axi_gmem6_AWADDR     |  out|   64|       m_axi|         gmem6|       pointer|
|m_axi_gmem6_AWID       |  out|    1|       m_axi|         gmem6|       pointer|
|m_axi_gmem6_AWLEN      |  out|    8|       m_axi|         gmem6|       pointer|
|m_axi_gmem6_AWSIZE     |  out|    3|       m_axi|         gmem6|       pointer|
|m_axi_gmem6_AWBURST    |  out|    2|       m_axi|         gmem6|       pointer|
|m_axi_gmem6_AWLOCK     |  out|    2|       m_axi|         gmem6|       pointer|
|m_axi_gmem6_AWCACHE    |  out|    4|       m_axi|         gmem6|       pointer|
|m_axi_gmem6_AWPROT     |  out|    3|       m_axi|         gmem6|       pointer|
|m_axi_gmem6_AWQOS      |  out|    4|       m_axi|         gmem6|       pointer|
|m_axi_gmem6_AWREGION   |  out|    4|       m_axi|         gmem6|       pointer|
|m_axi_gmem6_AWUSER     |  out|    1|       m_axi|         gmem6|       pointer|
|m_axi_gmem6_WVALID     |  out|    1|       m_axi|         gmem6|       pointer|
|m_axi_gmem6_WREADY     |   in|    1|       m_axi|         gmem6|       pointer|
|m_axi_gmem6_WDATA      |  out|  512|       m_axi|         gmem6|       pointer|
|m_axi_gmem6_WSTRB      |  out|   64|       m_axi|         gmem6|       pointer|
|m_axi_gmem6_WLAST      |  out|    1|       m_axi|         gmem6|       pointer|
|m_axi_gmem6_WID        |  out|    1|       m_axi|         gmem6|       pointer|
|m_axi_gmem6_WUSER      |  out|    1|       m_axi|         gmem6|       pointer|
|m_axi_gmem6_ARVALID    |  out|    1|       m_axi|         gmem6|       pointer|
|m_axi_gmem6_ARREADY    |   in|    1|       m_axi|         gmem6|       pointer|
|m_axi_gmem6_ARADDR     |  out|   64|       m_axi|         gmem6|       pointer|
|m_axi_gmem6_ARID       |  out|    1|       m_axi|         gmem6|       pointer|
|m_axi_gmem6_ARLEN      |  out|    8|       m_axi|         gmem6|       pointer|
|m_axi_gmem6_ARSIZE     |  out|    3|       m_axi|         gmem6|       pointer|
|m_axi_gmem6_ARBURST    |  out|    2|       m_axi|         gmem6|       pointer|
|m_axi_gmem6_ARLOCK     |  out|    2|       m_axi|         gmem6|       pointer|
|m_axi_gmem6_ARCACHE    |  out|    4|       m_axi|         gmem6|       pointer|
|m_axi_gmem6_ARPROT     |  out|    3|       m_axi|         gmem6|       pointer|
|m_axi_gmem6_ARQOS      |  out|    4|       m_axi|         gmem6|       pointer|
|m_axi_gmem6_ARREGION   |  out|    4|       m_axi|         gmem6|       pointer|
|m_axi_gmem6_ARUSER     |  out|    1|       m_axi|         gmem6|       pointer|
|m_axi_gmem6_RVALID     |   in|    1|       m_axi|         gmem6|       pointer|
|m_axi_gmem6_RREADY     |  out|    1|       m_axi|         gmem6|       pointer|
|m_axi_gmem6_RDATA      |   in|  512|       m_axi|         gmem6|       pointer|
|m_axi_gmem6_RLAST      |   in|    1|       m_axi|         gmem6|       pointer|
|m_axi_gmem6_RID        |   in|    1|       m_axi|         gmem6|       pointer|
|m_axi_gmem6_RUSER      |   in|    1|       m_axi|         gmem6|       pointer|
|m_axi_gmem6_RRESP      |   in|    2|       m_axi|         gmem6|       pointer|
|m_axi_gmem6_BVALID     |   in|    1|       m_axi|         gmem6|       pointer|
|m_axi_gmem6_BREADY     |  out|    1|       m_axi|         gmem6|       pointer|
|m_axi_gmem6_BRESP      |   in|    2|       m_axi|         gmem6|       pointer|
|m_axi_gmem6_BID        |   in|    1|       m_axi|         gmem6|       pointer|
|m_axi_gmem6_BUSER      |   in|    1|       m_axi|         gmem6|       pointer|
|m_axi_gmem0_AWVALID    |  out|    1|       m_axi|         gmem0|       pointer|
|m_axi_gmem0_AWREADY    |   in|    1|       m_axi|         gmem0|       pointer|
|m_axi_gmem0_AWADDR     |  out|   64|       m_axi|         gmem0|       pointer|
|m_axi_gmem0_AWID       |  out|    1|       m_axi|         gmem0|       pointer|
|m_axi_gmem0_AWLEN      |  out|    8|       m_axi|         gmem0|       pointer|
|m_axi_gmem0_AWSIZE     |  out|    3|       m_axi|         gmem0|       pointer|
|m_axi_gmem0_AWBURST    |  out|    2|       m_axi|         gmem0|       pointer|
|m_axi_gmem0_AWLOCK     |  out|    2|       m_axi|         gmem0|       pointer|
|m_axi_gmem0_AWCACHE    |  out|    4|       m_axi|         gmem0|       pointer|
|m_axi_gmem0_AWPROT     |  out|    3|       m_axi|         gmem0|       pointer|
|m_axi_gmem0_AWQOS      |  out|    4|       m_axi|         gmem0|       pointer|
|m_axi_gmem0_AWREGION   |  out|    4|       m_axi|         gmem0|       pointer|
|m_axi_gmem0_AWUSER     |  out|    1|       m_axi|         gmem0|       pointer|
|m_axi_gmem0_WVALID     |  out|    1|       m_axi|         gmem0|       pointer|
|m_axi_gmem0_WREADY     |   in|    1|       m_axi|         gmem0|       pointer|
|m_axi_gmem0_WDATA      |  out|   32|       m_axi|         gmem0|       pointer|
|m_axi_gmem0_WSTRB      |  out|    4|       m_axi|         gmem0|       pointer|
|m_axi_gmem0_WLAST      |  out|    1|       m_axi|         gmem0|       pointer|
|m_axi_gmem0_WID        |  out|    1|       m_axi|         gmem0|       pointer|
|m_axi_gmem0_WUSER      |  out|    1|       m_axi|         gmem0|       pointer|
|m_axi_gmem0_ARVALID    |  out|    1|       m_axi|         gmem0|       pointer|
|m_axi_gmem0_ARREADY    |   in|    1|       m_axi|         gmem0|       pointer|
|m_axi_gmem0_ARADDR     |  out|   64|       m_axi|         gmem0|       pointer|
|m_axi_gmem0_ARID       |  out|    1|       m_axi|         gmem0|       pointer|
|m_axi_gmem0_ARLEN      |  out|    8|       m_axi|         gmem0|       pointer|
|m_axi_gmem0_ARSIZE     |  out|    3|       m_axi|         gmem0|       pointer|
|m_axi_gmem0_ARBURST    |  out|    2|       m_axi|         gmem0|       pointer|
|m_axi_gmem0_ARLOCK     |  out|    2|       m_axi|         gmem0|       pointer|
|m_axi_gmem0_ARCACHE    |  out|    4|       m_axi|         gmem0|       pointer|
|m_axi_gmem0_ARPROT     |  out|    3|       m_axi|         gmem0|       pointer|
|m_axi_gmem0_ARQOS      |  out|    4|       m_axi|         gmem0|       pointer|
|m_axi_gmem0_ARREGION   |  out|    4|       m_axi|         gmem0|       pointer|
|m_axi_gmem0_ARUSER     |  out|    1|       m_axi|         gmem0|       pointer|
|m_axi_gmem0_RVALID     |   in|    1|       m_axi|         gmem0|       pointer|
|m_axi_gmem0_RREADY     |  out|    1|       m_axi|         gmem0|       pointer|
|m_axi_gmem0_RDATA      |   in|   32|       m_axi|         gmem0|       pointer|
|m_axi_gmem0_RLAST      |   in|    1|       m_axi|         gmem0|       pointer|
|m_axi_gmem0_RID        |   in|    1|       m_axi|         gmem0|       pointer|
|m_axi_gmem0_RUSER      |   in|    1|       m_axi|         gmem0|       pointer|
|m_axi_gmem0_RRESP      |   in|    2|       m_axi|         gmem0|       pointer|
|m_axi_gmem0_BVALID     |   in|    1|       m_axi|         gmem0|       pointer|
|m_axi_gmem0_BREADY     |  out|    1|       m_axi|         gmem0|       pointer|
|m_axi_gmem0_BRESP      |   in|    2|       m_axi|         gmem0|       pointer|
|m_axi_gmem0_BID        |   in|    1|       m_axi|         gmem0|       pointer|
|m_axi_gmem0_BUSER      |   in|    1|       m_axi|         gmem0|       pointer|
|m_axi_gmem7_AWVALID    |  out|    1|       m_axi|         gmem7|       pointer|
|m_axi_gmem7_AWREADY    |   in|    1|       m_axi|         gmem7|       pointer|
|m_axi_gmem7_AWADDR     |  out|   64|       m_axi|         gmem7|       pointer|
|m_axi_gmem7_AWID       |  out|    1|       m_axi|         gmem7|       pointer|
|m_axi_gmem7_AWLEN      |  out|    8|       m_axi|         gmem7|       pointer|
|m_axi_gmem7_AWSIZE     |  out|    3|       m_axi|         gmem7|       pointer|
|m_axi_gmem7_AWBURST    |  out|    2|       m_axi|         gmem7|       pointer|
|m_axi_gmem7_AWLOCK     |  out|    2|       m_axi|         gmem7|       pointer|
|m_axi_gmem7_AWCACHE    |  out|    4|       m_axi|         gmem7|       pointer|
|m_axi_gmem7_AWPROT     |  out|    3|       m_axi|         gmem7|       pointer|
|m_axi_gmem7_AWQOS      |  out|    4|       m_axi|         gmem7|       pointer|
|m_axi_gmem7_AWREGION   |  out|    4|       m_axi|         gmem7|       pointer|
|m_axi_gmem7_AWUSER     |  out|    1|       m_axi|         gmem7|       pointer|
|m_axi_gmem7_WVALID     |  out|    1|       m_axi|         gmem7|       pointer|
|m_axi_gmem7_WREADY     |   in|    1|       m_axi|         gmem7|       pointer|
|m_axi_gmem7_WDATA      |  out|  512|       m_axi|         gmem7|       pointer|
|m_axi_gmem7_WSTRB      |  out|   64|       m_axi|         gmem7|       pointer|
|m_axi_gmem7_WLAST      |  out|    1|       m_axi|         gmem7|       pointer|
|m_axi_gmem7_WID        |  out|    1|       m_axi|         gmem7|       pointer|
|m_axi_gmem7_WUSER      |  out|    1|       m_axi|         gmem7|       pointer|
|m_axi_gmem7_ARVALID    |  out|    1|       m_axi|         gmem7|       pointer|
|m_axi_gmem7_ARREADY    |   in|    1|       m_axi|         gmem7|       pointer|
|m_axi_gmem7_ARADDR     |  out|   64|       m_axi|         gmem7|       pointer|
|m_axi_gmem7_ARID       |  out|    1|       m_axi|         gmem7|       pointer|
|m_axi_gmem7_ARLEN      |  out|    8|       m_axi|         gmem7|       pointer|
|m_axi_gmem7_ARSIZE     |  out|    3|       m_axi|         gmem7|       pointer|
|m_axi_gmem7_ARBURST    |  out|    2|       m_axi|         gmem7|       pointer|
|m_axi_gmem7_ARLOCK     |  out|    2|       m_axi|         gmem7|       pointer|
|m_axi_gmem7_ARCACHE    |  out|    4|       m_axi|         gmem7|       pointer|
|m_axi_gmem7_ARPROT     |  out|    3|       m_axi|         gmem7|       pointer|
|m_axi_gmem7_ARQOS      |  out|    4|       m_axi|         gmem7|       pointer|
|m_axi_gmem7_ARREGION   |  out|    4|       m_axi|         gmem7|       pointer|
|m_axi_gmem7_ARUSER     |  out|    1|       m_axi|         gmem7|       pointer|
|m_axi_gmem7_RVALID     |   in|    1|       m_axi|         gmem7|       pointer|
|m_axi_gmem7_RREADY     |  out|    1|       m_axi|         gmem7|       pointer|
|m_axi_gmem7_RDATA      |   in|  512|       m_axi|         gmem7|       pointer|
|m_axi_gmem7_RLAST      |   in|    1|       m_axi|         gmem7|       pointer|
|m_axi_gmem7_RID        |   in|    1|       m_axi|         gmem7|       pointer|
|m_axi_gmem7_RUSER      |   in|    1|       m_axi|         gmem7|       pointer|
|m_axi_gmem7_RRESP      |   in|    2|       m_axi|         gmem7|       pointer|
|m_axi_gmem7_BVALID     |   in|    1|       m_axi|         gmem7|       pointer|
|m_axi_gmem7_BREADY     |  out|    1|       m_axi|         gmem7|       pointer|
|m_axi_gmem7_BRESP      |   in|    2|       m_axi|         gmem7|       pointer|
|m_axi_gmem7_BID        |   in|    1|       m_axi|         gmem7|       pointer|
|m_axi_gmem7_BUSER      |   in|    1|       m_axi|         gmem7|       pointer|
+-----------------------+-----+-----+------------+--------------+--------------+

