

================================================================
== Vitis HLS Report for 'mv'
================================================================
* Date:           Wed Apr  8 10:38:12 2026

* Version:        2024.2 (Build 5238294 on Nov  8 2024)
* Project:        mv
* Solution:       solution1 (Vivado IP Flow Target)
* Product family: zynquplus
* Target device:  xczu7ev-ffvc1156-2-e


================================================================
== Performance Estimates
================================================================
+ Timing: 
    * Summary: 
    +--------+----------+----------+------------+
    |  Clock |  Target  | Estimated| Uncertainty|
    +--------+----------+----------+------------+
    |ap_clk  |  10.00 ns|  7.300 ns|     2.70 ns|
    +--------+----------+----------+------------+

+ Latency: 
    * Summary: 
    +---------+---------+----------+-----------+-----+---------+---------+
    |  Latency (cycles) |  Latency (absolute)  |    Interval   | Pipeline|
    |   min   |   max   |    min   |    max    | min |   max   |   Type  |
    +---------+---------+----------+-----------+-----+---------+---------+
    |       24|  1057300|  0.240 us|  10.573 ms|   25|  1057301|       no|
    +---------+---------+----------+-----------+-----+---------+---------+

    + Detail: 
        * Instance: 
        N/A

        * Loop: 
        +------------+---------+---------+----------+-----------+-----------+---------+----------+
        |            |  Latency (cycles) | Iteration|  Initiation Interval  |   Trip  |          |
        |  Loop Name |   min   |   max   |  Latency |  achieved |   target  |  Count  | Pipelined|
        +------------+---------+---------+----------+-----------+-----------+---------+----------+
        |- row_loop  |        3|  1056768|  3 ~ 2064|          -|          -|  1 ~ 512|        no|
        +------------+---------+---------+----------+-----------+-----------+---------+----------+

============================================================
+ Verbose Summary: Synthesis Manager
============================================================
InlineROM: 1
ExposeGlobal: 0
============================================================
+ Verbose Summary: CDFG Model
============================================================
IsTopModel: 1
ResetActiveHigh: 1
IsCombinational: 0
IsDatapathOnly: 0
HasWiredReturn: 1
HasMFsm: 0
HasVarLatency: 1
IsPipeline: 0
IsRtlPipelined: 0
IsInstanceOverlapped: 0
IsDontTouch: 0
HasImplIP: 0
IsGatedGlobalClock: 0


============================================================
+ Verbose Summary: Schedule
============================================================
* Number of FSM states : 23
* Pipeline : 0
* Dataflow Pipeline: 0

* FSM state transitions: 
1 --> 2 
2 --> 3 
3 --> 4 
4 --> 5 
5 --> 6 
6 --> 7 
7 --> 8 
8 --> 9 
9 --> 10 
10 --> 11 
11 --> 12 
12 --> 13 
13 --> 19 14 17 
14 --> 15 
15 --> 16 
16 --> 17 
17 --> 18 
18 --> 13 
19 --> 20 
20 --> 21 
21 --> 22 
22 --> 23 
23 --> 

* FSM state operations: 

State 1 <SV = 0> <Delay = 2.43>
ST_1 : Operation 24 [1/1] (0.00ns)   --->   "%i_1 = alloca i32 1"   --->   Operation 24 'alloca' 'i_1' <Predicate = true> <Delay = 0.00>
ST_1 : Operation 25 [1/1] (1.00ns)   --->   "%columns_read = read i32 @_ssdm_op_Read.s_axilite.i32, i32 %columns"   --->   Operation 25 'read' 'columns_read' <Predicate = true> <Delay = 1.00> <CoreInst = "s_axilite">   --->   Core 120 's_axilite' <Latency = 0> <II = 1> <Delay = 1.00> <Adapter> <Opcode : 'read' 'write'>
ST_1 : Operation 26 [1/1] (1.00ns)   --->   "%rows_read = read i32 @_ssdm_op_Read.s_axilite.i32, i32 %rows"   --->   Operation 26 'read' 'rows_read' <Predicate = true> <Delay = 1.00> <CoreInst = "s_axilite">   --->   Core 120 's_axilite' <Latency = 0> <II = 1> <Delay = 1.00> <Adapter> <Opcode : 'read' 'write'>
ST_1 : Operation 27 [1/1] (1.00ns)   --->   "%y_read = read i64 @_ssdm_op_Read.s_axilite.i64, i64 %y"   --->   Operation 27 'read' 'y_read' <Predicate = true> <Delay = 1.00> <CoreInst = "s_axilite">   --->   Core 120 's_axilite' <Latency = 0> <II = 1> <Delay = 1.00> <Adapter> <Opcode : 'read' 'write'>
ST_1 : Operation 28 [1/1] (1.00ns)   --->   "%x_read = read i64 @_ssdm_op_Read.s_axilite.i64, i64 %x"   --->   Operation 28 'read' 'x_read' <Predicate = true> <Delay = 1.00> <CoreInst = "s_axilite">   --->   Core 120 's_axilite' <Latency = 0> <II = 1> <Delay = 1.00> <Adapter> <Opcode : 'read' 'write'>
ST_1 : Operation 29 [1/1] (1.00ns)   --->   "%A_read = read i64 @_ssdm_op_Read.s_axilite.i64, i64 %A"   --->   Operation 29 'read' 'A_read' <Predicate = true> <Delay = 1.00> <CoreInst = "s_axilite">   --->   Core 120 's_axilite' <Latency = 0> <II = 1> <Delay = 1.00> <Adapter> <Opcode : 'read' 'write'>
ST_1 : Operation 30 [1/1] (0.00ns)   --->   "%empty = trunc i32 %columns_read"   --->   Operation 30 'trunc' 'empty' <Predicate = true> <Delay = 0.00>
ST_1 : Operation 31 [1/1] (0.00ns)   --->   "%acc_loc = alloca i64 1"   --->   Operation 31 'alloca' 'acc_loc' <Predicate = true> <Delay = 0.00>
ST_1 : Operation 32 [1/1] (0.00ns)   --->   "%x_buf = alloca i64 1" [../src/mv.cpp:11]   --->   Operation 32 'alloca' 'x_buf' <Predicate = true> <Delay = 0.00>
ST_1 : Operation 33 [1/1] (0.00ns)   --->   "%x_buf_1 = alloca i64 1" [../src/mv.cpp:11]   --->   Operation 33 'alloca' 'x_buf_1' <Predicate = true> <Delay = 0.00>
ST_1 : Operation 34 [1/1] (0.00ns)   --->   "%x_buf_2 = alloca i64 1" [../src/mv.cpp:11]   --->   Operation 34 'alloca' 'x_buf_2' <Predicate = true> <Delay = 0.00>
ST_1 : Operation 35 [1/1] (0.00ns)   --->   "%x_buf_3 = alloca i64 1" [../src/mv.cpp:11]   --->   Operation 35 'alloca' 'x_buf_3' <Predicate = true> <Delay = 0.00>
ST_1 : Operation 36 [1/1] (0.00ns)   --->   "%x_buf_4 = alloca i64 1" [../src/mv.cpp:11]   --->   Operation 36 'alloca' 'x_buf_4' <Predicate = true> <Delay = 0.00>
ST_1 : Operation 37 [1/1] (0.00ns)   --->   "%x_buf_5 = alloca i64 1" [../src/mv.cpp:11]   --->   Operation 37 'alloca' 'x_buf_5' <Predicate = true> <Delay = 0.00>
ST_1 : Operation 38 [1/1] (0.00ns)   --->   "%x_buf_6 = alloca i64 1" [../src/mv.cpp:11]   --->   Operation 38 'alloca' 'x_buf_6' <Predicate = true> <Delay = 0.00>
ST_1 : Operation 39 [1/1] (0.00ns)   --->   "%x_buf_7 = alloca i64 1" [../src/mv.cpp:11]   --->   Operation 39 'alloca' 'x_buf_7' <Predicate = true> <Delay = 0.00>
ST_1 : Operation 40 [1/1] (0.00ns)   --->   "%row_buf = alloca i64 1" [../src/mv.cpp:12]   --->   Operation 40 'alloca' 'row_buf' <Predicate = true> <Delay = 0.00>
ST_1 : Operation 41 [1/1] (0.00ns)   --->   "%row_buf_1 = alloca i64 1" [../src/mv.cpp:12]   --->   Operation 41 'alloca' 'row_buf_1' <Predicate = true> <Delay = 0.00>
ST_1 : Operation 42 [1/1] (0.00ns)   --->   "%row_buf_2 = alloca i64 1" [../src/mv.cpp:12]   --->   Operation 42 'alloca' 'row_buf_2' <Predicate = true> <Delay = 0.00>
ST_1 : Operation 43 [1/1] (0.00ns)   --->   "%row_buf_3 = alloca i64 1" [../src/mv.cpp:12]   --->   Operation 43 'alloca' 'row_buf_3' <Predicate = true> <Delay = 0.00>
ST_1 : Operation 44 [1/1] (0.00ns)   --->   "%row_buf_4 = alloca i64 1" [../src/mv.cpp:12]   --->   Operation 44 'alloca' 'row_buf_4' <Predicate = true> <Delay = 0.00>
ST_1 : Operation 45 [1/1] (0.00ns)   --->   "%row_buf_5 = alloca i64 1" [../src/mv.cpp:12]   --->   Operation 45 'alloca' 'row_buf_5' <Predicate = true> <Delay = 0.00>
ST_1 : Operation 46 [1/1] (0.00ns)   --->   "%row_buf_6 = alloca i64 1" [../src/mv.cpp:12]   --->   Operation 46 'alloca' 'row_buf_6' <Predicate = true> <Delay = 0.00>
ST_1 : Operation 47 [1/1] (0.00ns)   --->   "%row_buf_7 = alloca i64 1" [../src/mv.cpp:12]   --->   Operation 47 'alloca' 'row_buf_7' <Predicate = true> <Delay = 0.00>
ST_1 : Operation 48 [1/1] (1.01ns)   --->   "%icmp_ln18 = icmp_sgt  i32 %columns_read, i32 0" [../src/mv.cpp:18]   --->   Operation 48 'icmp' 'icmp_ln18' <Predicate = true> <Delay = 1.01> <CoreInst = "Cmp">   --->   Core 9 'Cmp' <Latency = 0> <II = 1> <Delay = 1.01> <FuncUnit> <Opcode : 'seteq' 'setne' 'setle' 'setge' 'setlt' 'setgt'> <InPorts = 2> <OutPorts = 1>
ST_1 : Operation 49 [1/1] (0.00ns)   --->   "%trunc_ln = partselect i62 @_ssdm_op_PartSelect.i62.i64.i32.i32, i64 %x_read, i32 2, i32 63" [../src/mv.cpp:18]   --->   Operation 49 'partselect' 'trunc_ln' <Predicate = true> <Delay = 0.00>
ST_1 : Operation 50 [1/1] (1.01ns)   --->   "%icmp_ln26 = icmp_sgt  i32 %rows_read, i32 0" [../src/mv.cpp:26]   --->   Operation 50 'icmp' 'icmp_ln26' <Predicate = true> <Delay = 1.01> <CoreInst = "Cmp">   --->   Core 9 'Cmp' <Latency = 0> <II = 1> <Delay = 1.01> <FuncUnit> <Opcode : 'seteq' 'setne' 'setle' 'setge' 'setlt' 'setgt'> <InPorts = 2> <OutPorts = 1>
ST_1 : Operation 51 [1/1] (0.00ns)   --->   "%trunc_ln26 = trunc i32 %rows_read" [../src/mv.cpp:26]   --->   Operation 51 'trunc' 'trunc_ln26' <Predicate = true> <Delay = 0.00>
ST_1 : Operation 52 [1/1] (0.00ns)   --->   "%trunc_ln1 = partselect i62 @_ssdm_op_PartSelect.i62.i64.i32.i32, i64 %A_read, i32 2, i32 63" [../src/mv.cpp:26]   --->   Operation 52 'partselect' 'trunc_ln1' <Predicate = true> <Delay = 0.00>
ST_1 : Operation 53 [1/1] (0.00ns)   --->   "%trunc_ln26_1 = partselect i62 @_ssdm_op_PartSelect.i62.i64.i32.i32, i64 %y_read, i32 2, i32 63" [../src/mv.cpp:26]   --->   Operation 53 'partselect' 'trunc_ln26_1' <Predicate = true> <Delay = 0.00>
ST_1 : Operation 54 [1/1] (0.00ns)   --->   "%sext_ln26_1 = sext i62 %trunc_ln26_1" [../src/mv.cpp:26]   --->   Operation 54 'sext' 'sext_ln26_1' <Predicate = true> <Delay = 0.00>
ST_1 : Operation 55 [1/1] (0.00ns)   --->   "%gmem2_addr = getelementptr i32 %gmem2, i64 %sext_ln26_1" [../src/mv.cpp:26]   --->   Operation 55 'getelementptr' 'gmem2_addr' <Predicate = true> <Delay = 0.00>
ST_1 : Operation 56 [1/1] (0.41ns)   --->   "%empty_31 = select i1 %icmp_ln26, i31 %trunc_ln26, i31 0" [../src/mv.cpp:26]   --->   Operation 56 'select' 'empty_31' <Predicate = true> <Delay = 0.41> <CoreInst = "Sel">   --->   Core 73 'Sel' <Latency = 0> <II = 1> <Delay = 0.41> <FuncUnit> <Opcode : 'select'> <InPorts = 3> <OutPorts = 1>
ST_1 : Operation 57 [1/1] (0.42ns)   --->   "%store_ln0 = store i31 0, i31 %i_1"   --->   Operation 57 'store' 'store_ln0' <Predicate = true> <Delay = 0.42>

State 2 <SV = 1> <Delay = 7.30>
ST_2 : Operation 58 [1/1] (0.00ns)   --->   "%zext_ln18 = zext i32 %columns_read" [../src/mv.cpp:18]   --->   Operation 58 'zext' 'zext_ln18' <Predicate = (icmp_ln18 & icmp_ln26)> <Delay = 0.00>
ST_2 : Operation 59 [1/1] (0.41ns)   --->   "%empty_27 = select i1 %icmp_ln18, i31 %empty, i31 0" [../src/mv.cpp:18]   --->   Operation 59 'select' 'empty_27' <Predicate = true> <Delay = 0.41> <CoreInst = "Sel">   --->   Core 73 'Sel' <Latency = 0> <II = 1> <Delay = 0.41> <FuncUnit> <Opcode : 'select'> <InPorts = 3> <OutPorts = 1>
ST_2 : Operation 60 [1/1] (0.00ns)   --->   "%zext_ln26 = zext i32 %rows_read" [../src/mv.cpp:26]   --->   Operation 60 'zext' 'zext_ln26' <Predicate = (icmp_ln18 & icmp_ln26)> <Delay = 0.00>
ST_2 : Operation 61 [1/1] (3.42ns)   --->   "%mul_ln26 = mul i63 %zext_ln18, i63 %zext_ln26" [../src/mv.cpp:26]   --->   Operation 61 'mul' 'mul_ln26' <Predicate = (icmp_ln18 & icmp_ln26)> <Delay = 3.42> <CoreInst = "Multiplier">   --->   Core 3 'Multiplier' <Latency = 0> <II = 1> <Delay = 3.42> <FuncUnit> <Opcode : 'mul'> <InPorts = 2> <OutPorts = 1>
ST_2 : Operation 62 [1/1] (0.00ns) (grouped into LUT with out node empty_29)   --->   "%select_ln26 = select i1 %icmp_ln18, i63 %mul_ln26, i63 0" [../src/mv.cpp:26]   --->   Operation 62 'select' 'select_ln26' <Predicate = (icmp_ln26)> <Delay = 0.00> <CoreInst = "Sel">   --->   Core 73 'Sel' <Latency = 0> <II = 1> <Delay = 0.41> <FuncUnit> <Opcode : 'select'> <InPorts = 3> <OutPorts = 1>
ST_2 : Operation 63 [1/1] (0.41ns) (out node of the LUT)   --->   "%empty_29 = select i1 %icmp_ln26, i63 %select_ln26, i63 0" [../src/mv.cpp:26]   --->   Operation 63 'select' 'empty_29' <Predicate = true> <Delay = 0.41> <CoreInst = "Sel">   --->   Core 73 'Sel' <Latency = 0> <II = 1> <Delay = 0.41> <FuncUnit> <Opcode : 'select'> <InPorts = 3> <OutPorts = 1>
ST_2 : Operation 64 [1/1] (0.00ns)   --->   "%zext_ln26_2 = zext i31 %empty_31" [../src/mv.cpp:26]   --->   Operation 64 'zext' 'zext_ln26_2' <Predicate = true> <Delay = 0.00>
ST_2 : Operation 65 [1/1] (7.30ns)   --->   "%empty_32 = writereq i1 @_ssdm_op_WriteReq.m_axi.p1i32, i32 %gmem2_addr, i64 %zext_ln26_2" [../src/mv.cpp:26]   --->   Operation 65 'writereq' 'empty_32' <Predicate = true> <Delay = 7.30> <CoreInst = "m_axi">   --->   Core 119 'm_axi' <Latency = 9> <II = 1> <Delay = 1.00> <Adapter> <Opcode : 'read' 'write' 'readreq' 'writereq' 'writeresp'>

State 3 <SV = 2> <Delay = 7.30>
ST_3 : Operation 66 [1/1] (0.00ns)   --->   "%sext_ln18 = sext i62 %trunc_ln" [../src/mv.cpp:18]   --->   Operation 66 'sext' 'sext_ln18' <Predicate = true> <Delay = 0.00>
ST_3 : Operation 67 [1/1] (0.00ns)   --->   "%gmem1_addr = getelementptr i32 %gmem1, i64 %sext_ln18" [../src/mv.cpp:18]   --->   Operation 67 'getelementptr' 'gmem1_addr' <Predicate = true> <Delay = 0.00>
ST_3 : Operation 68 [1/1] (0.00ns)   --->   "%zext_ln18_1 = zext i31 %empty_27" [../src/mv.cpp:18]   --->   Operation 68 'zext' 'zext_ln18_1' <Predicate = true> <Delay = 0.00>
ST_3 : Operation 69 [8/8] (7.30ns)   --->   "%empty_28 = readreq i1 @_ssdm_op_ReadReq.m_axi.p1i32, i32 %gmem1_addr, i64 %zext_ln18_1" [../src/mv.cpp:18]   --->   Operation 69 'readreq' 'empty_28' <Predicate = true> <Delay = 7.30> <CoreInst = "m_axi">   --->   Core 119 'm_axi' <Latency = 6> <II = 1> <Delay = 1.00> <Adapter> <Opcode : 'read' 'write' 'readreq' 'writereq' 'writeresp'>
ST_3 : Operation 70 [1/1] (0.00ns)   --->   "%sext_ln26 = sext i62 %trunc_ln1" [../src/mv.cpp:26]   --->   Operation 70 'sext' 'sext_ln26' <Predicate = true> <Delay = 0.00>
ST_3 : Operation 71 [1/1] (0.00ns)   --->   "%gmem0_addr = getelementptr i32 %gmem0, i64 %sext_ln26" [../src/mv.cpp:26]   --->   Operation 71 'getelementptr' 'gmem0_addr' <Predicate = true> <Delay = 0.00>
ST_3 : Operation 72 [1/1] (0.00ns)   --->   "%zext_ln26_1 = zext i63 %empty_29" [../src/mv.cpp:26]   --->   Operation 72 'zext' 'zext_ln26_1' <Predicate = true> <Delay = 0.00>
ST_3 : Operation 73 [8/8] (7.30ns)   --->   "%empty_30 = readreq i1 @_ssdm_op_ReadReq.m_axi.p1i32, i32 %gmem0_addr, i64 %zext_ln26_1" [../src/mv.cpp:26]   --->   Operation 73 'readreq' 'empty_30' <Predicate = true> <Delay = 7.30> <CoreInst = "m_axi">   --->   Core 119 'm_axi' <Latency = 6> <II = 1> <Delay = 1.00> <Adapter> <Opcode : 'read' 'write' 'readreq' 'writereq' 'writeresp'>

State 4 <SV = 3> <Delay = 7.30>
ST_4 : Operation 74 [7/8] (7.30ns)   --->   "%empty_28 = readreq i1 @_ssdm_op_ReadReq.m_axi.p1i32, i32 %gmem1_addr, i64 %zext_ln18_1" [../src/mv.cpp:18]   --->   Operation 74 'readreq' 'empty_28' <Predicate = true> <Delay = 7.30> <CoreInst = "m_axi">   --->   Core 119 'm_axi' <Latency = 6> <II = 1> <Delay = 1.00> <Adapter> <Opcode : 'read' 'write' 'readreq' 'writereq' 'writeresp'>
ST_4 : Operation 75 [7/8] (7.30ns)   --->   "%empty_30 = readreq i1 @_ssdm_op_ReadReq.m_axi.p1i32, i32 %gmem0_addr, i64 %zext_ln26_1" [../src/mv.cpp:26]   --->   Operation 75 'readreq' 'empty_30' <Predicate = true> <Delay = 7.30> <CoreInst = "m_axi">   --->   Core 119 'm_axi' <Latency = 6> <II = 1> <Delay = 1.00> <Adapter> <Opcode : 'read' 'write' 'readreq' 'writereq' 'writeresp'>

State 5 <SV = 4> <Delay = 7.30>
ST_5 : Operation 76 [6/8] (7.30ns)   --->   "%empty_28 = readreq i1 @_ssdm_op_ReadReq.m_axi.p1i32, i32 %gmem1_addr, i64 %zext_ln18_1" [../src/mv.cpp:18]   --->   Operation 76 'readreq' 'empty_28' <Predicate = true> <Delay = 7.30> <CoreInst = "m_axi">   --->   Core 119 'm_axi' <Latency = 6> <II = 1> <Delay = 1.00> <Adapter> <Opcode : 'read' 'write' 'readreq' 'writereq' 'writeresp'>
ST_5 : Operation 77 [6/8] (7.30ns)   --->   "%empty_30 = readreq i1 @_ssdm_op_ReadReq.m_axi.p1i32, i32 %gmem0_addr, i64 %zext_ln26_1" [../src/mv.cpp:26]   --->   Operation 77 'readreq' 'empty_30' <Predicate = true> <Delay = 7.30> <CoreInst = "m_axi">   --->   Core 119 'm_axi' <Latency = 6> <II = 1> <Delay = 1.00> <Adapter> <Opcode : 'read' 'write' 'readreq' 'writereq' 'writeresp'>

State 6 <SV = 5> <Delay = 7.30>
ST_6 : Operation 78 [5/8] (7.30ns)   --->   "%empty_28 = readreq i1 @_ssdm_op_ReadReq.m_axi.p1i32, i32 %gmem1_addr, i64 %zext_ln18_1" [../src/mv.cpp:18]   --->   Operation 78 'readreq' 'empty_28' <Predicate = true> <Delay = 7.30> <CoreInst = "m_axi">   --->   Core 119 'm_axi' <Latency = 6> <II = 1> <Delay = 1.00> <Adapter> <Opcode : 'read' 'write' 'readreq' 'writereq' 'writeresp'>
ST_6 : Operation 79 [5/8] (7.30ns)   --->   "%empty_30 = readreq i1 @_ssdm_op_ReadReq.m_axi.p1i32, i32 %gmem0_addr, i64 %zext_ln26_1" [../src/mv.cpp:26]   --->   Operation 79 'readreq' 'empty_30' <Predicate = true> <Delay = 7.30> <CoreInst = "m_axi">   --->   Core 119 'm_axi' <Latency = 6> <II = 1> <Delay = 1.00> <Adapter> <Opcode : 'read' 'write' 'readreq' 'writereq' 'writeresp'>

State 7 <SV = 6> <Delay = 7.30>
ST_7 : Operation 80 [4/8] (7.30ns)   --->   "%empty_28 = readreq i1 @_ssdm_op_ReadReq.m_axi.p1i32, i32 %gmem1_addr, i64 %zext_ln18_1" [../src/mv.cpp:18]   --->   Operation 80 'readreq' 'empty_28' <Predicate = true> <Delay = 7.30> <CoreInst = "m_axi">   --->   Core 119 'm_axi' <Latency = 6> <II = 1> <Delay = 1.00> <Adapter> <Opcode : 'read' 'write' 'readreq' 'writereq' 'writeresp'>
ST_7 : Operation 81 [4/8] (7.30ns)   --->   "%empty_30 = readreq i1 @_ssdm_op_ReadReq.m_axi.p1i32, i32 %gmem0_addr, i64 %zext_ln26_1" [../src/mv.cpp:26]   --->   Operation 81 'readreq' 'empty_30' <Predicate = true> <Delay = 7.30> <CoreInst = "m_axi">   --->   Core 119 'm_axi' <Latency = 6> <II = 1> <Delay = 1.00> <Adapter> <Opcode : 'read' 'write' 'readreq' 'writereq' 'writeresp'>

State 8 <SV = 7> <Delay = 7.30>
ST_8 : Operation 82 [3/8] (7.30ns)   --->   "%empty_28 = readreq i1 @_ssdm_op_ReadReq.m_axi.p1i32, i32 %gmem1_addr, i64 %zext_ln18_1" [../src/mv.cpp:18]   --->   Operation 82 'readreq' 'empty_28' <Predicate = true> <Delay = 7.30> <CoreInst = "m_axi">   --->   Core 119 'm_axi' <Latency = 6> <II = 1> <Delay = 1.00> <Adapter> <Opcode : 'read' 'write' 'readreq' 'writereq' 'writeresp'>
ST_8 : Operation 83 [3/8] (7.30ns)   --->   "%empty_30 = readreq i1 @_ssdm_op_ReadReq.m_axi.p1i32, i32 %gmem0_addr, i64 %zext_ln26_1" [../src/mv.cpp:26]   --->   Operation 83 'readreq' 'empty_30' <Predicate = true> <Delay = 7.30> <CoreInst = "m_axi">   --->   Core 119 'm_axi' <Latency = 6> <II = 1> <Delay = 1.00> <Adapter> <Opcode : 'read' 'write' 'readreq' 'writereq' 'writeresp'>

State 9 <SV = 8> <Delay = 7.30>
ST_9 : Operation 84 [2/8] (7.30ns)   --->   "%empty_28 = readreq i1 @_ssdm_op_ReadReq.m_axi.p1i32, i32 %gmem1_addr, i64 %zext_ln18_1" [../src/mv.cpp:18]   --->   Operation 84 'readreq' 'empty_28' <Predicate = true> <Delay = 7.30> <CoreInst = "m_axi">   --->   Core 119 'm_axi' <Latency = 6> <II = 1> <Delay = 1.00> <Adapter> <Opcode : 'read' 'write' 'readreq' 'writereq' 'writeresp'>
ST_9 : Operation 85 [2/8] (7.30ns)   --->   "%empty_30 = readreq i1 @_ssdm_op_ReadReq.m_axi.p1i32, i32 %gmem0_addr, i64 %zext_ln26_1" [../src/mv.cpp:26]   --->   Operation 85 'readreq' 'empty_30' <Predicate = true> <Delay = 7.30> <CoreInst = "m_axi">   --->   Core 119 'm_axi' <Latency = 6> <II = 1> <Delay = 1.00> <Adapter> <Opcode : 'read' 'write' 'readreq' 'writereq' 'writeresp'>

State 10 <SV = 9> <Delay = 7.30>
ST_10 : Operation 86 [1/8] (7.30ns)   --->   "%empty_28 = readreq i1 @_ssdm_op_ReadReq.m_axi.p1i32, i32 %gmem1_addr, i64 %zext_ln18_1" [../src/mv.cpp:18]   --->   Operation 86 'readreq' 'empty_28' <Predicate = true> <Delay = 7.30> <CoreInst = "m_axi">   --->   Core 119 'm_axi' <Latency = 6> <II = 1> <Delay = 1.00> <Adapter> <Opcode : 'read' 'write' 'readreq' 'writereq' 'writeresp'>
ST_10 : Operation 87 [1/8] (7.30ns)   --->   "%empty_30 = readreq i1 @_ssdm_op_ReadReq.m_axi.p1i32, i32 %gmem0_addr, i64 %zext_ln26_1" [../src/mv.cpp:26]   --->   Operation 87 'readreq' 'empty_30' <Predicate = true> <Delay = 7.30> <CoreInst = "m_axi">   --->   Core 119 'm_axi' <Latency = 6> <II = 1> <Delay = 1.00> <Adapter> <Opcode : 'read' 'write' 'readreq' 'writereq' 'writeresp'>

State 11 <SV = 10> <Delay = 1.44>
ST_11 : Operation 88 [2/2] (1.44ns)   --->   "%call_ln18 = call void @mv_Pipeline_x_buff, i32 %gmem1, i32 %columns_read, i62 %trunc_ln, i32 %x_buf_7, i32 %x_buf_6, i32 %x_buf_5, i32 %x_buf_4, i32 %x_buf_3, i32 %x_buf_2, i32 %x_buf_1, i32 %x_buf" [../src/mv.cpp:18]   --->   Operation 88 'call' 'call_ln18' <Predicate = true> <Delay = 1.44> <CoreType = "Generic">   --->   Generic Core

State 12 <SV = 11> <Delay = 0.00>
ST_12 : Operation 89 [1/1] (0.00ns)   --->   "%spectopmodule_ln2 = spectopmodule void @_ssdm_op_SpecTopModule, void @empty_13" [../src/mv.cpp:2]   --->   Operation 89 'spectopmodule' 'spectopmodule_ln2' <Predicate = true> <Delay = 0.00>
ST_12 : Operation 90 [1/1] (0.00ns)   --->   "%specinterface_ln0 = specinterface void @_ssdm_op_SpecInterface, i32 %gmem0, void @empty_7, i32 0, i32 0, void @empty_8, i32 0, i32 0, void @empty, void @empty_10, void @empty_8, i32 16, i32 16, i32 16, i32 16, void @empty_8, void @empty_8, i32 4294967295, i32 0, i32 0"   --->   Operation 90 'specinterface' 'specinterface_ln0' <Predicate = true> <Delay = 0.00>
ST_12 : Operation 91 [1/1] (0.00ns)   --->   "%specbitsmap_ln0 = specbitsmap void @_ssdm_op_SpecBitsMap, i32 %gmem0"   --->   Operation 91 'specbitsmap' 'specbitsmap_ln0' <Predicate = true> <Delay = 0.00>
ST_12 : Operation 92 [1/1] (0.00ns)   --->   "%specinterface_ln0 = specinterface void @_ssdm_op_SpecInterface, i32 %gmem1, void @empty_7, i32 0, i32 0, void @empty_8, i32 0, i32 0, void @empty_0, void @empty_10, void @empty_8, i32 16, i32 16, i32 16, i32 16, void @empty_8, void @empty_8, i32 4294967295, i32 0, i32 0"   --->   Operation 92 'specinterface' 'specinterface_ln0' <Predicate = true> <Delay = 0.00>
ST_12 : Operation 93 [1/1] (0.00ns)   --->   "%specbitsmap_ln0 = specbitsmap void @_ssdm_op_SpecBitsMap, i32 %gmem1"   --->   Operation 93 'specbitsmap' 'specbitsmap_ln0' <Predicate = true> <Delay = 0.00>
ST_12 : Operation 94 [1/1] (0.00ns)   --->   "%specinterface_ln0 = specinterface void @_ssdm_op_SpecInterface, i32 %gmem2, void @empty_7, i32 0, i32 0, void @empty_8, i32 0, i32 0, void @empty_1, void @empty_10, void @empty_8, i32 16, i32 16, i32 16, i32 16, void @empty_8, void @empty_8, i32 4294967295, i32 0, i32 0"   --->   Operation 94 'specinterface' 'specinterface_ln0' <Predicate = true> <Delay = 0.00>
ST_12 : Operation 95 [1/1] (0.00ns)   --->   "%specbitsmap_ln0 = specbitsmap void @_ssdm_op_SpecBitsMap, i32 %gmem2"   --->   Operation 95 'specbitsmap' 'specbitsmap_ln0' <Predicate = true> <Delay = 0.00>
ST_12 : Operation 96 [1/1] (0.00ns)   --->   "%specinterface_ln0 = specinterface void @_ssdm_op_SpecInterface, i64 %A, void @empty_3, i32 0, i32 0, void @empty_8, i32 0, i32 0, void @empty_12, void @empty_4, void @empty_8, i32 0, i32 0, i32 0, i32 0, void @empty_8, void @empty_5, i32 4294967295, i32 0, i32 0"   --->   Operation 96 'specinterface' 'specinterface_ln0' <Predicate = true> <Delay = 0.00>
ST_12 : Operation 97 [1/1] (0.00ns)   --->   "%specinterface_ln0 = specinterface void @_ssdm_op_SpecInterface, i64 %A, void @empty_6, i32 0, i32 0, void @empty_8, i32 0, i32 0, void @empty_8, void @empty_8, void @empty_8, i32 0, i32 0, i32 0, i32 0, void @empty_8, void @empty_5, i32 4294967295, i32 0, i32 0"   --->   Operation 97 'specinterface' 'specinterface_ln0' <Predicate = true> <Delay = 0.00>
ST_12 : Operation 98 [1/1] (0.00ns)   --->   "%specinterface_ln0 = specinterface void @_ssdm_op_SpecInterface, i64 %x, void @empty_3, i32 0, i32 0, void @empty_8, i32 0, i32 0, void @empty_12, void @empty_17, void @empty_8, i32 0, i32 0, i32 0, i32 0, void @empty_8, void @empty_5, i32 4294967295, i32 0, i32 0"   --->   Operation 98 'specinterface' 'specinterface_ln0' <Predicate = true> <Delay = 0.00>
ST_12 : Operation 99 [1/1] (0.00ns)   --->   "%specinterface_ln0 = specinterface void @_ssdm_op_SpecInterface, i64 %x, void @empty_6, i32 0, i32 0, void @empty_8, i32 0, i32 0, void @empty_8, void @empty_8, void @empty_8, i32 0, i32 0, i32 0, i32 0, void @empty_8, void @empty_5, i32 4294967295, i32 0, i32 0"   --->   Operation 99 'specinterface' 'specinterface_ln0' <Predicate = true> <Delay = 0.00>
ST_12 : Operation 100 [1/1] (0.00ns)   --->   "%specinterface_ln0 = specinterface void @_ssdm_op_SpecInterface, i64 %y, void @empty_3, i32 0, i32 0, void @empty_8, i32 0, i32 0, void @empty_12, void @empty_18, void @empty_8, i32 0, i32 0, i32 0, i32 0, void @empty_8, void @empty_5, i32 4294967295, i32 0, i32 0"   --->   Operation 100 'specinterface' 'specinterface_ln0' <Predicate = true> <Delay = 0.00>
ST_12 : Operation 101 [1/1] (0.00ns)   --->   "%specinterface_ln0 = specinterface void @_ssdm_op_SpecInterface, i64 %y, void @empty_6, i32 0, i32 0, void @empty_8, i32 0, i32 0, void @empty_8, void @empty_8, void @empty_8, i32 0, i32 0, i32 0, i32 0, void @empty_8, void @empty_5, i32 4294967295, i32 0, i32 0"   --->   Operation 101 'specinterface' 'specinterface_ln0' <Predicate = true> <Delay = 0.00>
ST_12 : Operation 102 [1/1] (0.00ns)   --->   "%specbitsmap_ln0 = specbitsmap void @_ssdm_op_SpecBitsMap, i32 %rows"   --->   Operation 102 'specbitsmap' 'specbitsmap_ln0' <Predicate = true> <Delay = 0.00>
ST_12 : Operation 103 [1/1] (0.00ns)   --->   "%specinterface_ln0 = specinterface void @_ssdm_op_SpecInterface, i32 %rows, void @empty_3, i32 4294967295, i32 4294967295, void @empty_19, i32 0, i32 0, void @empty_9, void @empty_4, void @empty_8, i32 0, i32 0, i32 0, i32 0, void @empty_8, void @empty_8, i32 4294967295, i32 0, i32 0"   --->   Operation 103 'specinterface' 'specinterface_ln0' <Predicate = true> <Delay = 0.00>
ST_12 : Operation 104 [1/1] (0.00ns)   --->   "%specinterface_ln0 = specinterface void @_ssdm_op_SpecInterface, i32 %rows, void @empty_6, i32 4294967295, i32 4294967295, void @empty_8, i32 0, i32 0, void @empty_8, void @empty_8, void @empty_8, i32 0, i32 0, i32 0, i32 0, void @empty_8, void @empty_8, i32 4294967295, i32 0, i32 0"   --->   Operation 104 'specinterface' 'specinterface_ln0' <Predicate = true> <Delay = 0.00>
ST_12 : Operation 105 [1/1] (0.00ns)   --->   "%specbitsmap_ln0 = specbitsmap void @_ssdm_op_SpecBitsMap, i32 %columns"   --->   Operation 105 'specbitsmap' 'specbitsmap_ln0' <Predicate = true> <Delay = 0.00>
ST_12 : Operation 106 [1/1] (0.00ns)   --->   "%specinterface_ln0 = specinterface void @_ssdm_op_SpecInterface, i32 %columns, void @empty_3, i32 4294967295, i32 4294967295, void @empty_19, i32 0, i32 0, void @empty_9, void @empty_11, void @empty_8, i32 0, i32 0, i32 0, i32 0, void @empty_8, void @empty_8, i32 4294967295, i32 0, i32 0"   --->   Operation 106 'specinterface' 'specinterface_ln0' <Predicate = true> <Delay = 0.00>
ST_12 : Operation 107 [1/1] (0.00ns)   --->   "%specinterface_ln0 = specinterface void @_ssdm_op_SpecInterface, i32 %columns, void @empty_6, i32 4294967295, i32 4294967295, void @empty_8, i32 0, i32 0, void @empty_8, void @empty_8, void @empty_8, i32 0, i32 0, i32 0, i32 0, void @empty_8, void @empty_8, i32 4294967295, i32 0, i32 0"   --->   Operation 107 'specinterface' 'specinterface_ln0' <Predicate = true> <Delay = 0.00>
ST_12 : Operation 108 [1/1] (0.00ns)   --->   "%specinterface_ln0 = specinterface void @_ssdm_op_SpecInterface, i32 0, void @empty_3, i32 0, i32 0, void @empty_8, i32 0, i32 0, void @empty_9, void @empty_8, void @empty_8, i32 0, i32 0, i32 0, i32 0, void @empty_8, void @empty_8, i32 4294967295, i32 0, i32 0"   --->   Operation 108 'specinterface' 'specinterface_ln0' <Predicate = true> <Delay = 0.00>
ST_12 : Operation 109 [1/2] (0.00ns)   --->   "%call_ln18 = call void @mv_Pipeline_x_buff, i32 %gmem1, i32 %columns_read, i62 %trunc_ln, i32 %x_buf_7, i32 %x_buf_6, i32 %x_buf_5, i32 %x_buf_4, i32 %x_buf_3, i32 %x_buf_2, i32 %x_buf_1, i32 %x_buf" [../src/mv.cpp:18]   --->   Operation 109 'call' 'call_ln18' <Predicate = true> <Delay = 0.00> <CoreType = "Generic">   --->   Generic Core
ST_12 : Operation 110 [1/1] (0.00ns)   --->   "%br_ln26 = br void %col_loop" [../src/mv.cpp:26]   --->   Operation 110 'br' 'br_ln26' <Predicate = true> <Delay = 0.00>

State 13 <SV = 12> <Delay = 2.44>
ST_13 : Operation 111 [1/1] (0.00ns)   --->   "%i_1_load = load i31 %i_1" [../src/mv.cpp:26]   --->   Operation 111 'load' 'i_1_load' <Predicate = true> <Delay = 0.00>
ST_13 : Operation 112 [1/1] (0.00ns)   --->   "%zext_ln26_3 = zext i31 %i_1_load" [../src/mv.cpp:26]   --->   Operation 112 'zext' 'zext_ln26_3' <Predicate = true> <Delay = 0.00>
ST_13 : Operation 113 [1/1] (1.01ns)   --->   "%icmp_ln26_1 = icmp_slt  i32 %zext_ln26_3, i32 %rows_read" [../src/mv.cpp:26]   --->   Operation 113 'icmp' 'icmp_ln26_1' <Predicate = true> <Delay = 1.01> <CoreInst = "Cmp">   --->   Core 9 'Cmp' <Latency = 0> <II = 1> <Delay = 1.01> <FuncUnit> <Opcode : 'seteq' 'setne' 'setle' 'setge' 'setlt' 'setgt'> <InPorts = 2> <OutPorts = 1>
ST_13 : Operation 114 [1/1] (1.00ns)   --->   "%add_ln26 = add i31 %i_1_load, i31 1" [../src/mv.cpp:26]   --->   Operation 114 'add' 'add_ln26' <Predicate = true> <Delay = 1.00> <CoreInst = "Adder">   --->   Core 1 'Adder' <Latency = 0> <II = 1> <Delay = 1.00> <FuncUnit> <Opcode : 'add' 'sub'> <InPorts = 2> <OutPorts = 1>
ST_13 : Operation 115 [1/1] (0.00ns)   --->   "%br_ln26 = br i1 %icmp_ln26_1, void %for.end37.loopexit, void %col_loop.split" [../src/mv.cpp:26]   --->   Operation 115 'br' 'br_ln26' <Predicate = true> <Delay = 0.00>
ST_13 : Operation 116 [1/1] (0.00ns)   --->   "%speclooptripcount_ln28 = speclooptripcount void @_ssdm_op_SpecLoopTripCount, i64 1, i64 512, i64 512" [../src/mv.cpp:28]   --->   Operation 116 'speclooptripcount' 'speclooptripcount_ln28' <Predicate = (icmp_ln26_1)> <Delay = 0.00>
ST_13 : Operation 117 [1/1] (0.00ns)   --->   "%specloopname_ln26 = specloopname void @_ssdm_op_SpecLoopName, void @empty_15" [../src/mv.cpp:26]   --->   Operation 117 'specloopname' 'specloopname_ln26' <Predicate = (icmp_ln26_1)> <Delay = 0.00>
ST_13 : Operation 118 [1/1] (0.42ns)   --->   "%br_ln31 = br i1 %icmp_ln18, void %for.inc35, void %for.inc16.preheader" [../src/mv.cpp:31]   --->   Operation 118 'br' 'br_ln31' <Predicate = (icmp_ln26_1)> <Delay = 0.42>
ST_13 : Operation 119 [2/2] (1.43ns)   --->   "%call_ln26 = call void @mv_Pipeline_col_loop, i32 %gmem0, i31 %empty, i62 %trunc_ln1, i32 %row_buf_7, i32 %row_buf_6, i32 %row_buf_5, i32 %row_buf_4, i32 %row_buf_3, i32 %row_buf_2, i32 %row_buf_1, i32 %row_buf" [../src/mv.cpp:26]   --->   Operation 119 'call' 'call_ln26' <Predicate = (icmp_ln26_1 & icmp_ln18)> <Delay = 1.43> <CoreType = "Generic">   --->   Generic Core

State 14 <SV = 13> <Delay = 0.00>
ST_14 : Operation 120 [1/2] (0.00ns)   --->   "%call_ln26 = call void @mv_Pipeline_col_loop, i32 %gmem0, i31 %empty, i62 %trunc_ln1, i32 %row_buf_7, i32 %row_buf_6, i32 %row_buf_5, i32 %row_buf_4, i32 %row_buf_3, i32 %row_buf_2, i32 %row_buf_1, i32 %row_buf" [../src/mv.cpp:26]   --->   Operation 120 'call' 'call_ln26' <Predicate = true> <Delay = 0.00> <CoreType = "Generic">   --->   Generic Core

State 15 <SV = 14> <Delay = 1.43>
ST_15 : Operation 121 [2/2] (1.43ns)   --->   "%call_ln0 = call void @mv_Pipeline_mac_loop, i31 %empty, i32 %row_buf, i32 %row_buf_1, i32 %row_buf_2, i32 %row_buf_3, i32 %row_buf_4, i32 %row_buf_5, i32 %row_buf_6, i32 %row_buf_7, i32 %x_buf, i32 %x_buf_1, i32 %x_buf_2, i32 %x_buf_3, i32 %x_buf_4, i32 %x_buf_5, i32 %x_buf_6, i32 %x_buf_7, i32 %acc_loc"   --->   Operation 121 'call' 'call_ln0' <Predicate = true> <Delay = 1.43> <CoreType = "Generic">   --->   Generic Core

State 16 <SV = 15> <Delay = 0.00>
ST_16 : Operation 122 [1/2] (0.00ns)   --->   "%call_ln0 = call void @mv_Pipeline_mac_loop, i31 %empty, i32 %row_buf, i32 %row_buf_1, i32 %row_buf_2, i32 %row_buf_3, i32 %row_buf_4, i32 %row_buf_5, i32 %row_buf_6, i32 %row_buf_7, i32 %x_buf, i32 %x_buf_1, i32 %x_buf_2, i32 %x_buf_3, i32 %x_buf_4, i32 %x_buf_5, i32 %x_buf_6, i32 %x_buf_7, i32 %acc_loc"   --->   Operation 122 'call' 'call_ln0' <Predicate = true> <Delay = 0.00> <CoreType = "Generic">   --->   Generic Core

State 17 <SV = 16> <Delay = 0.42>
ST_17 : Operation 123 [1/1] (0.00ns)   --->   "%acc_loc_load = load i32 %acc_loc"   --->   Operation 123 'load' 'acc_loc_load' <Predicate = (icmp_ln18)> <Delay = 0.00>
ST_17 : Operation 124 [1/1] (0.42ns)   --->   "%br_ln0 = br void %for.inc35"   --->   Operation 124 'br' 'br_ln0' <Predicate = (icmp_ln18)> <Delay = 0.42>
ST_17 : Operation 125 [1/1] (0.42ns)   --->   "%store_ln26 = store i31 %add_ln26, i31 %i_1" [../src/mv.cpp:26]   --->   Operation 125 'store' 'store_ln26' <Predicate = true> <Delay = 0.42>

State 18 <SV = 17> <Delay = 7.30>
ST_18 : Operation 126 [1/1] (0.00ns)   --->   "%acc_0_lcssa = phi i32 0, void %col_loop.split, i32 %acc_loc_load, void %for.inc16.preheader"   --->   Operation 126 'phi' 'acc_0_lcssa' <Predicate = true> <Delay = 0.00>
ST_18 : Operation 127 [1/1] (0.00ns)   --->   "%bitcast_ln46 = bitcast i32 %acc_0_lcssa" [../src/mv.cpp:46]   --->   Operation 127 'bitcast' 'bitcast_ln46' <Predicate = true> <Delay = 0.00>
ST_18 : Operation 128 [1/1] (7.30ns)   --->   "%write_ln46 = write void @_ssdm_op_Write.m_axi.p1i32, i32 %gmem2_addr, i32 %bitcast_ln46, i4 15" [../src/mv.cpp:46]   --->   Operation 128 'write' 'write_ln46' <Predicate = true> <Delay = 7.30> <CoreInst = "m_axi">   --->   Core 119 'm_axi' <Latency = 5> <II = 1> <Delay = 1.00> <Adapter> <Opcode : 'read' 'write' 'readreq' 'writereq' 'writeresp'>
ST_18 : Operation 129 [1/1] (0.00ns)   --->   "%br_ln26 = br void %col_loop" [../src/mv.cpp:26]   --->   Operation 129 'br' 'br_ln26' <Predicate = true> <Delay = 0.00>

State 19 <SV = 13> <Delay = 7.30>
ST_19 : Operation 130 [5/5] (7.30ns)   --->   "%empty_33 = writeresp i1 @_ssdm_op_WriteResp.m_axi.p1i32, i32 %gmem2_addr" [../src/mv.cpp:48]   --->   Operation 130 'writeresp' 'empty_33' <Predicate = true> <Delay = 7.30> <CoreInst = "m_axi">   --->   Core 119 'm_axi' <Latency = 3> <II = 1> <Delay = 1.00> <Adapter> <Opcode : 'read' 'write' 'readreq' 'writereq' 'writeresp'>

State 20 <SV = 14> <Delay = 7.30>
ST_20 : Operation 131 [4/5] (7.30ns)   --->   "%empty_33 = writeresp i1 @_ssdm_op_WriteResp.m_axi.p1i32, i32 %gmem2_addr" [../src/mv.cpp:48]   --->   Operation 131 'writeresp' 'empty_33' <Predicate = true> <Delay = 7.30> <CoreInst = "m_axi">   --->   Core 119 'm_axi' <Latency = 3> <II = 1> <Delay = 1.00> <Adapter> <Opcode : 'read' 'write' 'readreq' 'writereq' 'writeresp'>

State 21 <SV = 15> <Delay = 7.30>
ST_21 : Operation 132 [3/5] (7.30ns)   --->   "%empty_33 = writeresp i1 @_ssdm_op_WriteResp.m_axi.p1i32, i32 %gmem2_addr" [../src/mv.cpp:48]   --->   Operation 132 'writeresp' 'empty_33' <Predicate = true> <Delay = 7.30> <CoreInst = "m_axi">   --->   Core 119 'm_axi' <Latency = 3> <II = 1> <Delay = 1.00> <Adapter> <Opcode : 'read' 'write' 'readreq' 'writereq' 'writeresp'>

State 22 <SV = 16> <Delay = 7.30>
ST_22 : Operation 133 [2/5] (7.30ns)   --->   "%empty_33 = writeresp i1 @_ssdm_op_WriteResp.m_axi.p1i32, i32 %gmem2_addr" [../src/mv.cpp:48]   --->   Operation 133 'writeresp' 'empty_33' <Predicate = true> <Delay = 7.30> <CoreInst = "m_axi">   --->   Core 119 'm_axi' <Latency = 3> <II = 1> <Delay = 1.00> <Adapter> <Opcode : 'read' 'write' 'readreq' 'writereq' 'writeresp'>

State 23 <SV = 17> <Delay = 7.30>
ST_23 : Operation 134 [1/5] (7.30ns)   --->   "%empty_33 = writeresp i1 @_ssdm_op_WriteResp.m_axi.p1i32, i32 %gmem2_addr" [../src/mv.cpp:48]   --->   Operation 134 'writeresp' 'empty_33' <Predicate = true> <Delay = 7.30> <CoreInst = "m_axi">   --->   Core 119 'm_axi' <Latency = 3> <II = 1> <Delay = 1.00> <Adapter> <Opcode : 'read' 'write' 'readreq' 'writereq' 'writeresp'>
ST_23 : Operation 135 [1/1] (0.00ns)   --->   "%ret_ln48 = ret" [../src/mv.cpp:48]   --->   Operation 135 'ret' 'ret_ln48' <Predicate = true> <Delay = 0.00>


============================================================
+ Verbose Summary: Timing violations
============================================================
Target clock period: 10.000ns, clock uncertainty: 2.700ns.

 <State 1>: 2.434ns
The critical path consists of the following:
	s_axi read operation ('rows') on port 'rows' [11]  (1.000 ns)
	'icmp' operation 1 bit ('icmp_ln26', ../src/mv.cpp:26) [62]  (1.016 ns)
	'select' operation 31 bit ('empty_31', ../src/mv.cpp:26) [76]  (0.418 ns)

 <State 2>: 7.300ns
The critical path consists of the following:
	bus request operation ('empty_32', ../src/mv.cpp:26) on port 'gmem2' (../src/mv.cpp:26) [78]  (7.300 ns)

 <State 3>: 7.300ns
The critical path consists of the following:
	'getelementptr' operation 32 bit ('gmem1_addr', ../src/mv.cpp:18) [57]  (0.000 ns)
	bus request operation ('empty_28', ../src/mv.cpp:18) on port 'gmem1' (../src/mv.cpp:18) [60]  (7.300 ns)

 <State 4>: 7.300ns
The critical path consists of the following:
	bus request operation ('empty_28', ../src/mv.cpp:18) on port 'gmem1' (../src/mv.cpp:18) [60]  (7.300 ns)

 <State 5>: 7.300ns
The critical path consists of the following:
	bus request operation ('empty_28', ../src/mv.cpp:18) on port 'gmem1' (../src/mv.cpp:18) [60]  (7.300 ns)

 <State 6>: 7.300ns
The critical path consists of the following:
	bus request operation ('empty_28', ../src/mv.cpp:18) on port 'gmem1' (../src/mv.cpp:18) [60]  (7.300 ns)

 <State 7>: 7.300ns
The critical path consists of the following:
	bus request operation ('empty_28', ../src/mv.cpp:18) on port 'gmem1' (../src/mv.cpp:18) [60]  (7.300 ns)

 <State 8>: 7.300ns
The critical path consists of the following:
	bus request operation ('empty_28', ../src/mv.cpp:18) on port 'gmem1' (../src/mv.cpp:18) [60]  (7.300 ns)

 <State 9>: 7.300ns
The critical path consists of the following:
	bus request operation ('empty_28', ../src/mv.cpp:18) on port 'gmem1' (../src/mv.cpp:18) [60]  (7.300 ns)

 <State 10>: 7.300ns
The critical path consists of the following:
	bus request operation ('empty_28', ../src/mv.cpp:18) on port 'gmem1' (../src/mv.cpp:18) [60]  (7.300 ns)

 <State 11>: 1.443ns
The critical path consists of the following:
	'call' operation 0 bit ('call_ln18', ../src/mv.cpp:18) to 'mv_Pipeline_x_buff' [61]  (1.443 ns)

 <State 12>: 0.000ns
The critical path consists of the following:

 <State 13>: 2.449ns
The critical path consists of the following:
	'load' operation 31 bit ('i_1_load', ../src/mv.cpp:26) on local variable 'i_1' [82]  (0.000 ns)
	'icmp' operation 1 bit ('icmp_ln26_1', ../src/mv.cpp:26) [84]  (1.016 ns)
	'call' operation 0 bit ('call_ln26', ../src/mv.cpp:26) to 'mv_Pipeline_col_loop' [92]  (1.433 ns)

 <State 14>: 0.000ns
The critical path consists of the following:

 <State 15>: 1.433ns
The critical path consists of the following:
	'call' operation 0 bit ('call_ln0') to 'mv_Pipeline_mac_loop' [93]  (1.433 ns)

 <State 16>: 0.000ns
The critical path consists of the following:

 <State 17>: 0.427ns
The critical path consists of the following:
	multiplexor before 'phi' operation 32 bit ('acc_0_lcssa') with incoming values : ('acc_loc_load') [97]  (0.427 ns)

 <State 18>: 7.300ns
The critical path consists of the following:
	'phi' operation 32 bit ('acc_0_lcssa') with incoming values : ('acc_loc_load') [97]  (0.000 ns)
	bus write operation ('write_ln46', ../src/mv.cpp:46) on port 'gmem2' (../src/mv.cpp:46) [99]  (7.300 ns)

 <State 19>: 7.300ns
The critical path consists of the following:
	bus response operation ('empty_33', ../src/mv.cpp:48) on port 'gmem2' (../src/mv.cpp:48) [103]  (7.300 ns)

 <State 20>: 7.300ns
The critical path consists of the following:
	bus response operation ('empty_33', ../src/mv.cpp:48) on port 'gmem2' (../src/mv.cpp:48) [103]  (7.300 ns)

 <State 21>: 7.300ns
The critical path consists of the following:
	bus response operation ('empty_33', ../src/mv.cpp:48) on port 'gmem2' (../src/mv.cpp:48) [103]  (7.300 ns)

 <State 22>: 7.300ns
The critical path consists of the following:
	bus response operation ('empty_33', ../src/mv.cpp:48) on port 'gmem2' (../src/mv.cpp:48) [103]  (7.300 ns)

 <State 23>: 7.300ns
The critical path consists of the following:
	bus response operation ('empty_33', ../src/mv.cpp:48) on port 'gmem2' (../src/mv.cpp:48) [103]  (7.300 ns)


============================================================
+ Verbose Summary: Binding
============================================================
N/A
* FSMD analyzer results:
  - Output states:
 - Input state : 
  - Chain level:
	State 1
	State 2
	State 3
	State 4
	State 5
	State 6
	State 7
	State 8
	State 9
	State 10
	State 11
	State 12
	State 13
	State 14
	State 15
	State 16
	State 17
	State 18
	State 19
	State 20
	State 21
	State 22
	State 23


============================================================
+ Verbose Summary: Datapath Resource usage 
============================================================
N/A
