

================================================================
== Vitis HLS Report for 'mv_Pipeline_x_buff'
================================================================
* Date:           Wed Apr  8 10:38:12 2026

* Version:        2024.2 (Build 5238294 on Nov  8 2024)
* Project:        mv
* Solution:       solution1 (Vivado IP Flow Target)
* Product family: zynquplus
* Target device:  xczu7ev-ffvc1156-2-e


================================================================
== Performance Estimates
================================================================
+ Timing: 
    * Summary: 
    +--------+----------+----------+------------+
    |  Clock |  Target  | Estimated| Uncertainty|
    +--------+----------+----------+------------+
    |ap_clk  |  10.00 ns|  7.300 ns|     2.70 ns|
    +--------+----------+----------+------------+

+ Latency: 
    * Summary: 
    +---------+---------+-----------+----------+-----+-----+------------------------------------------------+
    |  Latency (cycles) |  Latency (absolute)  |  Interval |                    Pipeline                    |
    |   min   |   max   |    min    |    max   | min | max |                      Type                      |
    +---------+---------+-----------+----------+-----+-----+------------------------------------------------+
    |        4|      515|  40.000 ns|  5.150 us|    2|  513|  loop auto-rewind stp (delay=0 clock cycles(s))|
    +---------+---------+-----------+----------+-----+-----+------------------------------------------------+

    + Detail: 
        * Instance: 
        N/A

        * Loop: 
        +----------+---------+---------+----------+-----------+-----------+---------+----------+
        |          |  Latency (cycles) | Iteration|  Initiation Interval  |   Trip  |          |
        | Loop Name|   min   |   max   |  Latency |  achieved |   target  |  Count  | Pipelined|
        +----------+---------+---------+----------+-----------+-----------+---------+----------+
        |- x_buff  |        2|      513|         3|          1|          1|  1 ~ 512|       yes|
        +----------+---------+---------+----------+-----------+-----------+---------+----------+

============================================================
+ Verbose Summary: Synthesis Manager
============================================================
InlineROM: 1
ExposeGlobal: 0
============================================================
+ Verbose Summary: CDFG Model
============================================================
IsTopModel: 0
ResetActiveHigh: 1
IsCombinational: 0
IsDatapathOnly: 0
HasWiredReturn: 1
HasMFsm: 2
HasVarLatency: 1
IsPipeline: 0
IsRtlPipelined: 0
IsInstanceOverlapped: 0
IsDontTouch: 0
HasImplIP: 0
IsGatedGlobalClock: 0

+ Individual pipeline summary: 
  * Pipeline-0: initiation interval (II) = 1, depth = 3


============================================================
+ Verbose Summary: Schedule
============================================================
* Number of FSM states : 3
* Pipeline : 1
  Pipeline-0 : II = 1, D = 3, States = { 1 2 3 }
* Dataflow Pipeline: 0

* FSM state transitions: 
1 --> 2 
2 --> 3 
3 --> 

* FSM state operations: 

State 1 <SV = 0> <Delay = 1.87>
ST_1 : Operation 6 [1/1] (0.00ns)   --->   "%i = alloca i32 1" [../src/mv.cpp:18]   --->   Operation 6 'alloca' 'i' <Predicate = true> <Delay = 0.00>
ST_1 : Operation 7 [1/1] (0.00ns)   --->   "%sext_ln18_read = read i62 @_ssdm_op_Read.ap_auto.i62, i62 %sext_ln18"   --->   Operation 7 'read' 'sext_ln18_read' <Predicate = true> <Delay = 0.00>
ST_1 : Operation 8 [1/1] (0.00ns)   --->   "%columns_read = read i32 @_ssdm_op_Read.ap_auto.i32, i32 %columns"   --->   Operation 8 'read' 'columns_read' <Predicate = true> <Delay = 0.00>
ST_1 : Operation 9 [1/1] (0.00ns)   --->   "%sext_ln18_cast = sext i62 %sext_ln18_read"   --->   Operation 9 'sext' 'sext_ln18_cast' <Predicate = true> <Delay = 0.00>
ST_1 : Operation 10 [1/1] (0.00ns)   --->   "%specinterface_ln0 = specinterface void @_ssdm_op_SpecInterface, i32 %gmem1, void @empty_7, i32 0, i32 0, void @empty_8, i32 0, i32 0, void @empty_0, void @empty_10, void @empty_8, i32 16, i32 16, i32 16, i32 16, void @empty_8, void @empty_8, i32 4294967295, i32 0, i32 0"   --->   Operation 10 'specinterface' 'specinterface_ln0' <Predicate = true> <Delay = 0.00>
ST_1 : Operation 11 [1/1] (0.42ns)   --->   "%store_ln18 = store i31 0, i31 %i" [../src/mv.cpp:18]   --->   Operation 11 'store' 'store_ln18' <Predicate = true> <Delay = 0.42>
ST_1 : Operation 12 [1/1] (0.00ns)   --->   "%br_ln0 = br void %for.inc"   --->   Operation 12 'br' 'br_ln0' <Predicate = true> <Delay = 0.00>
ST_1 : Operation 13 [1/1] (0.00ns)   --->   "%i_1 = load i31 %i" [../src/mv.cpp:18]   --->   Operation 13 'load' 'i_1' <Predicate = true> <Delay = 0.00>
ST_1 : Operation 14 [1/1] (0.00ns)   --->   "%specbitsmap_ln0 = specbitsmap void @_ssdm_op_SpecBitsMap, i32 %gmem1"   --->   Operation 14 'specbitsmap' 'specbitsmap_ln0' <Predicate = true> <Delay = 0.00>
ST_1 : Operation 15 [1/1] (0.00ns)   --->   "%zext_ln18 = zext i31 %i_1" [../src/mv.cpp:18]   --->   Operation 15 'zext' 'zext_ln18' <Predicate = true> <Delay = 0.00>
ST_1 : Operation 16 [1/1] (1.01ns)   --->   "%icmp_ln18 = icmp_slt  i32 %zext_ln18, i32 %columns_read" [../src/mv.cpp:18]   --->   Operation 16 'icmp' 'icmp_ln18' <Predicate = true> <Delay = 1.01> <CoreInst = "Cmp">   --->   Core 9 'Cmp' <Latency = 0> <II = 1> <Delay = 1.01> <FuncUnit> <Opcode : 'seteq' 'setne' 'setle' 'setge' 'setlt' 'setgt'> <InPorts = 2> <OutPorts = 1>
ST_1 : Operation 17 [1/1] (1.00ns)   --->   "%add_ln18 = add i31 %i_1, i31 1" [../src/mv.cpp:18]   --->   Operation 17 'add' 'add_ln18' <Predicate = true> <Delay = 1.00> <CoreInst = "Adder">   --->   Core 1 'Adder' <Latency = 0> <II = 1> <Delay = 1.00> <FuncUnit> <Opcode : 'add' 'sub'> <InPorts = 2> <OutPorts = 1>
ST_1 : Operation 18 [1/1] (0.00ns)   --->   "%br_ln18 = br i1 %icmp_ln18, void %row_loop.loopexit.exitStub, void %for.inc.split" [../src/mv.cpp:18]   --->   Operation 18 'br' 'br_ln18' <Predicate = true> <Delay = 0.00>
ST_1 : Operation 19 [1/1] (0.00ns)   --->   "%trunc_ln18 = trunc i31 %i_1" [../src/mv.cpp:18]   --->   Operation 19 'trunc' 'trunc_ln18' <Predicate = (icmp_ln18)> <Delay = 0.00>
ST_1 : Operation 20 [1/1] (0.00ns)   --->   "%lshr_ln = partselect i6 @_ssdm_op_PartSelect.i6.i31.i32.i32, i31 %i_1, i32 3, i32 8" [../src/mv.cpp:18]   --->   Operation 20 'partselect' 'lshr_ln' <Predicate = (icmp_ln18)> <Delay = 0.00>
ST_1 : Operation 21 [1/1] (0.67ns)   --->   "%switch_ln22 = switch i3 %trunc_ln18, void %arrayidx2.case.7, i3 0, void %arrayidx2.case.0, i3 1, void %arrayidx2.case.1, i3 2, void %arrayidx2.case.2, i3 3, void %arrayidx2.case.3, i3 4, void %arrayidx2.case.4, i3 5, void %arrayidx2.case.5, i3 6, void %arrayidx2.case.6" [../src/mv.cpp:22]   --->   Operation 21 'switch' 'switch_ln22' <Predicate = (icmp_ln18)> <Delay = 0.67>
ST_1 : Operation 22 [1/1] (0.42ns)   --->   "%store_ln18 = store i31 %add_ln18, i31 %i" [../src/mv.cpp:18]   --->   Operation 22 'store' 'store_ln18' <Predicate = (icmp_ln18)> <Delay = 0.42>
ST_1 : Operation 23 [1/1] (0.00ns)   --->   "%br_ln18 = br void %for.inc" [../src/mv.cpp:18]   --->   Operation 23 'br' 'br_ln18' <Predicate = (icmp_ln18)> <Delay = 0.00>

State 2 <SV = 1> <Delay = 7.30>
ST_2 : Operation 24 [1/1] (0.00ns)   --->   "%gmem1_addr = getelementptr i32 %gmem1, i64 %sext_ln18_cast" [../src/mv.cpp:18]   --->   Operation 24 'getelementptr' 'gmem1_addr' <Predicate = true> <Delay = 0.00>
ST_2 : Operation 25 [1/1] (7.30ns)   --->   "%gmem1_addr_read = read i32 @_ssdm_op_Read.m_axi.p1i32, i32 %gmem1_addr" [../src/mv.cpp:22]   --->   Operation 25 'read' 'gmem1_addr_read' <Predicate = true> <Delay = 7.30> <CoreInst = "m_axi">   --->   Core 119 'm_axi' <Latency = 3> <II = 1> <Delay = 1.00> <Adapter> <Opcode : 'read' 'write' 'readreq' 'writereq' 'writeresp'>
ST_2 : Operation 26 [1/1] (0.00ns)   --->   "%bitcast_ln22 = bitcast i32 %gmem1_addr_read" [../src/mv.cpp:22]   --->   Operation 26 'bitcast' 'bitcast_ln22' <Predicate = true> <Delay = 0.00>
ST_2 : Operation 55 [1/1] (0.42ns)   --->   "%ret_ln0 = ret"   --->   Operation 55 'ret' 'ret_ln0' <Predicate = (!icmp_ln18)> <Delay = 0.42>

State 3 <SV = 2> <Delay = 1.23>
ST_3 : Operation 27 [1/1] (0.00ns)   --->   "%specpipeline_ln20 = specpipeline void @_ssdm_op_SpecPipeline, i32 1, i32 0, i32 0, i32 0, void @empty_8" [../src/mv.cpp:20]   --->   Operation 27 'specpipeline' 'specpipeline_ln20' <Predicate = true> <Delay = 0.00>
ST_3 : Operation 28 [1/1] (0.00ns)   --->   "%speclooptripcount_ln21 = speclooptripcount void @_ssdm_op_SpecLoopTripCount, i64 1, i64 512, i64 512" [../src/mv.cpp:21]   --->   Operation 28 'speclooptripcount' 'speclooptripcount_ln21' <Predicate = true> <Delay = 0.00>
ST_3 : Operation 29 [1/1] (0.00ns)   --->   "%specloopname_ln18 = specloopname void @_ssdm_op_SpecLoopName, void @empty_16" [../src/mv.cpp:18]   --->   Operation 29 'specloopname' 'specloopname_ln18' <Predicate = true> <Delay = 0.00>
ST_3 : Operation 30 [1/1] (0.00ns)   --->   "%zext_ln18_1 = zext i6 %lshr_ln" [../src/mv.cpp:18]   --->   Operation 30 'zext' 'zext_ln18_1' <Predicate = true> <Delay = 0.00>
ST_3 : Operation 31 [1/1] (0.00ns)   --->   "%x_buf_addr = getelementptr i32 %x_buf, i64 0, i64 %zext_ln18_1" [../src/mv.cpp:22]   --->   Operation 31 'getelementptr' 'x_buf_addr' <Predicate = true> <Delay = 0.00>
ST_3 : Operation 32 [1/1] (0.00ns)   --->   "%x_buf_1_addr = getelementptr i32 %x_buf_1, i64 0, i64 %zext_ln18_1" [../src/mv.cpp:22]   --->   Operation 32 'getelementptr' 'x_buf_1_addr' <Predicate = true> <Delay = 0.00>
ST_3 : Operation 33 [1/1] (0.00ns)   --->   "%x_buf_2_addr = getelementptr i32 %x_buf_2, i64 0, i64 %zext_ln18_1" [../src/mv.cpp:22]   --->   Operation 33 'getelementptr' 'x_buf_2_addr' <Predicate = true> <Delay = 0.00>
ST_3 : Operation 34 [1/1] (0.00ns)   --->   "%x_buf_3_addr = getelementptr i32 %x_buf_3, i64 0, i64 %zext_ln18_1" [../src/mv.cpp:22]   --->   Operation 34 'getelementptr' 'x_buf_3_addr' <Predicate = true> <Delay = 0.00>
ST_3 : Operation 35 [1/1] (0.00ns)   --->   "%x_buf_4_addr = getelementptr i32 %x_buf_4, i64 0, i64 %zext_ln18_1" [../src/mv.cpp:22]   --->   Operation 35 'getelementptr' 'x_buf_4_addr' <Predicate = true> <Delay = 0.00>
ST_3 : Operation 36 [1/1] (0.00ns)   --->   "%x_buf_5_addr = getelementptr i32 %x_buf_5, i64 0, i64 %zext_ln18_1" [../src/mv.cpp:22]   --->   Operation 36 'getelementptr' 'x_buf_5_addr' <Predicate = true> <Delay = 0.00>
ST_3 : Operation 37 [1/1] (0.00ns)   --->   "%x_buf_6_addr = getelementptr i32 %x_buf_6, i64 0, i64 %zext_ln18_1" [../src/mv.cpp:22]   --->   Operation 37 'getelementptr' 'x_buf_6_addr' <Predicate = true> <Delay = 0.00>
ST_3 : Operation 38 [1/1] (0.00ns)   --->   "%x_buf_7_addr = getelementptr i32 %x_buf_7, i64 0, i64 %zext_ln18_1" [../src/mv.cpp:22]   --->   Operation 38 'getelementptr' 'x_buf_7_addr' <Predicate = true> <Delay = 0.00>
ST_3 : Operation 39 [1/1] ( I:1.23ns O:1.23ns )   --->   "%store_ln22 = store i32 %bitcast_ln22, i6 %x_buf_6_addr" [../src/mv.cpp:22]   --->   Operation 39 'store' 'store_ln22' <Predicate = (trunc_ln18 == 6)> <Delay = 1.23> <CoreInst = "RAM">   --->   Core 82 'RAM' <Latency = 1> <II = 1> <Delay = 1.23> <Storage> <Opcode : 'load' 'store'> <Ports = 2> <Width = 32> <Depth = 64> <RAM>
ST_3 : Operation 40 [1/1] (0.00ns)   --->   "%br_ln22 = br void %arrayidx2.exit" [../src/mv.cpp:22]   --->   Operation 40 'br' 'br_ln22' <Predicate = (trunc_ln18 == 6)> <Delay = 0.00>
ST_3 : Operation 41 [1/1] ( I:1.23ns O:1.23ns )   --->   "%store_ln22 = store i32 %bitcast_ln22, i6 %x_buf_5_addr" [../src/mv.cpp:22]   --->   Operation 41 'store' 'store_ln22' <Predicate = (trunc_ln18 == 5)> <Delay = 1.23> <CoreInst = "RAM">   --->   Core 82 'RAM' <Latency = 1> <II = 1> <Delay = 1.23> <Storage> <Opcode : 'load' 'store'> <Ports = 2> <Width = 32> <Depth = 64> <RAM>
ST_3 : Operation 42 [1/1] (0.00ns)   --->   "%br_ln22 = br void %arrayidx2.exit" [../src/mv.cpp:22]   --->   Operation 42 'br' 'br_ln22' <Predicate = (trunc_ln18 == 5)> <Delay = 0.00>
ST_3 : Operation 43 [1/1] ( I:1.23ns O:1.23ns )   --->   "%store_ln22 = store i32 %bitcast_ln22, i6 %x_buf_4_addr" [../src/mv.cpp:22]   --->   Operation 43 'store' 'store_ln22' <Predicate = (trunc_ln18 == 4)> <Delay = 1.23> <CoreInst = "RAM">   --->   Core 82 'RAM' <Latency = 1> <II = 1> <Delay = 1.23> <Storage> <Opcode : 'load' 'store'> <Ports = 2> <Width = 32> <Depth = 64> <RAM>
ST_3 : Operation 44 [1/1] (0.00ns)   --->   "%br_ln22 = br void %arrayidx2.exit" [../src/mv.cpp:22]   --->   Operation 44 'br' 'br_ln22' <Predicate = (trunc_ln18 == 4)> <Delay = 0.00>
ST_3 : Operation 45 [1/1] ( I:1.23ns O:1.23ns )   --->   "%store_ln22 = store i32 %bitcast_ln22, i6 %x_buf_3_addr" [../src/mv.cpp:22]   --->   Operation 45 'store' 'store_ln22' <Predicate = (trunc_ln18 == 3)> <Delay = 1.23> <CoreInst = "RAM">   --->   Core 82 'RAM' <Latency = 1> <II = 1> <Delay = 1.23> <Storage> <Opcode : 'load' 'store'> <Ports = 2> <Width = 32> <Depth = 64> <RAM>
ST_3 : Operation 46 [1/1] (0.00ns)   --->   "%br_ln22 = br void %arrayidx2.exit" [../src/mv.cpp:22]   --->   Operation 46 'br' 'br_ln22' <Predicate = (trunc_ln18 == 3)> <Delay = 0.00>
ST_3 : Operation 47 [1/1] ( I:1.23ns O:1.23ns )   --->   "%store_ln22 = store i32 %bitcast_ln22, i6 %x_buf_2_addr" [../src/mv.cpp:22]   --->   Operation 47 'store' 'store_ln22' <Predicate = (trunc_ln18 == 2)> <Delay = 1.23> <CoreInst = "RAM">   --->   Core 82 'RAM' <Latency = 1> <II = 1> <Delay = 1.23> <Storage> <Opcode : 'load' 'store'> <Ports = 2> <Width = 32> <Depth = 64> <RAM>
ST_3 : Operation 48 [1/1] (0.00ns)   --->   "%br_ln22 = br void %arrayidx2.exit" [../src/mv.cpp:22]   --->   Operation 48 'br' 'br_ln22' <Predicate = (trunc_ln18 == 2)> <Delay = 0.00>
ST_3 : Operation 49 [1/1] ( I:1.23ns O:1.23ns )   --->   "%store_ln22 = store i32 %bitcast_ln22, i6 %x_buf_1_addr" [../src/mv.cpp:22]   --->   Operation 49 'store' 'store_ln22' <Predicate = (trunc_ln18 == 1)> <Delay = 1.23> <CoreInst = "RAM">   --->   Core 82 'RAM' <Latency = 1> <II = 1> <Delay = 1.23> <Storage> <Opcode : 'load' 'store'> <Ports = 2> <Width = 32> <Depth = 64> <RAM>
ST_3 : Operation 50 [1/1] (0.00ns)   --->   "%br_ln22 = br void %arrayidx2.exit" [../src/mv.cpp:22]   --->   Operation 50 'br' 'br_ln22' <Predicate = (trunc_ln18 == 1)> <Delay = 0.00>
ST_3 : Operation 51 [1/1] ( I:1.23ns O:1.23ns )   --->   "%store_ln22 = store i32 %bitcast_ln22, i6 %x_buf_addr" [../src/mv.cpp:22]   --->   Operation 51 'store' 'store_ln22' <Predicate = (trunc_ln18 == 0)> <Delay = 1.23> <CoreInst = "RAM">   --->   Core 82 'RAM' <Latency = 1> <II = 1> <Delay = 1.23> <Storage> <Opcode : 'load' 'store'> <Ports = 2> <Width = 32> <Depth = 64> <RAM>
ST_3 : Operation 52 [1/1] (0.00ns)   --->   "%br_ln22 = br void %arrayidx2.exit" [../src/mv.cpp:22]   --->   Operation 52 'br' 'br_ln22' <Predicate = (trunc_ln18 == 0)> <Delay = 0.00>
ST_3 : Operation 53 [1/1] ( I:1.23ns O:1.23ns )   --->   "%store_ln22 = store i32 %bitcast_ln22, i6 %x_buf_7_addr" [../src/mv.cpp:22]   --->   Operation 53 'store' 'store_ln22' <Predicate = (trunc_ln18 == 7)> <Delay = 1.23> <CoreInst = "RAM">   --->   Core 82 'RAM' <Latency = 1> <II = 1> <Delay = 1.23> <Storage> <Opcode : 'load' 'store'> <Ports = 2> <Width = 32> <Depth = 64> <RAM>
ST_3 : Operation 54 [1/1] (0.00ns)   --->   "%br_ln22 = br void %arrayidx2.exit" [../src/mv.cpp:22]   --->   Operation 54 'br' 'br_ln22' <Predicate = (trunc_ln18 == 7)> <Delay = 0.00>


============================================================
+ Verbose Summary: Binding
============================================================
STG Binding: 
---------------- STG Properties BEGIN ----------------
- Is combinational: 0
- Is one-state seq: 0
- Is datapath-only: 0
- Is pipelined: 0
- Is top level: 0
Port [ Return ] is wired: 1; IO mode=ap_ctrl_hs:ce=0
Port [ gmem1]:  wired=1; compound=1; hidden=0; nouse=0; global=0; static=0; extern=0; dir=0; type=4; pingpong=0; private_global=0; IO mode=m_axi:ce=0
Port [ columns]:  wired=1; compound=0; hidden=0; nouse=0; global=0; static=0; extern=0; dir=0; type=0; pingpong=0; private_global=0; IO mode=ap_none:ce=0
Port [ sext_ln18]:  wired=1; compound=0; hidden=0; nouse=0; global=0; static=0; extern=0; dir=0; type=0; pingpong=0; private_global=0; IO mode=ap_none:ce=0
Port [ x_buf_7]:  wired=1; compound=1; hidden=0; nouse=0; global=0; static=0; extern=0; dir=1; type=1; pingpong=0; private_global=0; MemPort=[03]; IO mode=ap_memory:ce=0
Port [ x_buf_6]:  wired=1; compound=1; hidden=0; nouse=0; global=0; static=0; extern=0; dir=1; type=1; pingpong=0; private_global=0; MemPort=[03]; IO mode=ap_memory:ce=0
Port [ x_buf_5]:  wired=1; compound=1; hidden=0; nouse=0; global=0; static=0; extern=0; dir=1; type=1; pingpong=0; private_global=0; MemPort=[03]; IO mode=ap_memory:ce=0
Port [ x_buf_4]:  wired=1; compound=1; hidden=0; nouse=0; global=0; static=0; extern=0; dir=1; type=1; pingpong=0; private_global=0; MemPort=[03]; IO mode=ap_memory:ce=0
Port [ x_buf_3]:  wired=1; compound=1; hidden=0; nouse=0; global=0; static=0; extern=0; dir=1; type=1; pingpong=0; private_global=0; MemPort=[03]; IO mode=ap_memory:ce=0
Port [ x_buf_2]:  wired=1; compound=1; hidden=0; nouse=0; global=0; static=0; extern=0; dir=1; type=1; pingpong=0; private_global=0; MemPort=[03]; IO mode=ap_memory:ce=0
Port [ x_buf_1]:  wired=1; compound=1; hidden=0; nouse=0; global=0; static=0; extern=0; dir=1; type=1; pingpong=0; private_global=0; MemPort=[03]; IO mode=ap_memory:ce=0
Port [ x_buf]:  wired=1; compound=1; hidden=0; nouse=0; global=0; static=0; extern=0; dir=1; type=1; pingpong=0; private_global=0; MemPort=[03]; IO mode=ap_memory:ce=0
---------------- STG Properties END ------------------

---------------- Datapath Model BEGIN ----------------

<LifeTime>
<method=bitvector/>
i                      (alloca           ) [ 0100]
sext_ln18_read         (read             ) [ 0000]
columns_read           (read             ) [ 0000]
sext_ln18_cast         (sext             ) [ 0110]
specinterface_ln0      (specinterface    ) [ 0000]
store_ln18             (store            ) [ 0000]
br_ln0                 (br               ) [ 0000]
i_1                    (load             ) [ 0000]
specbitsmap_ln0        (specbitsmap      ) [ 0000]
zext_ln18              (zext             ) [ 0000]
icmp_ln18              (icmp             ) [ 0110]
add_ln18               (add              ) [ 0000]
br_ln18                (br               ) [ 0000]
trunc_ln18             (trunc            ) [ 0111]
lshr_ln                (partselect       ) [ 0111]
switch_ln22            (switch           ) [ 0000]
store_ln18             (store            ) [ 0000]
br_ln18                (br               ) [ 0000]
gmem1_addr             (getelementptr    ) [ 0000]
gmem1_addr_read        (read             ) [ 0000]
bitcast_ln22           (bitcast          ) [ 0101]
specpipeline_ln20      (specpipeline     ) [ 0000]
speclooptripcount_ln21 (speclooptripcount) [ 0000]
specloopname_ln18      (specloopname     ) [ 0000]
zext_ln18_1            (zext             ) [ 0000]
x_buf_addr             (getelementptr    ) [ 0000]
x_buf_1_addr           (getelementptr    ) [ 0000]
x_buf_2_addr           (getelementptr    ) [ 0000]
x_buf_3_addr           (getelementptr    ) [ 0000]
x_buf_4_addr           (getelementptr    ) [ 0000]
x_buf_5_addr           (getelementptr    ) [ 0000]
x_buf_6_addr           (getelementptr    ) [ 0000]
x_buf_7_addr           (getelementptr    ) [ 0000]
store_ln22             (store            ) [ 0000]
br_ln22                (br               ) [ 0000]
store_ln22             (store            ) [ 0000]
br_ln22                (br               ) [ 0000]
store_ln22             (store            ) [ 0000]
br_ln22                (br               ) [ 0000]
store_ln22             (store            ) [ 0000]
br_ln22                (br               ) [ 0000]
store_ln22             (store            ) [ 0000]
br_ln22                (br               ) [ 0000]
store_ln22             (store            ) [ 0000]
br_ln22                (br               ) [ 0000]
store_ln22             (store            ) [ 0000]
br_ln22                (br               ) [ 0000]
store_ln22             (store            ) [ 0000]
br_ln22                (br               ) [ 0000]
ret_ln0                (ret              ) [ 0000]
</LifeTime>

<model>

<comp_list>
<comp id="0" class="1000" name="gmem1">
<pin_list>
<pin id="1" dir="1" index="0" bw="1" slack="0"/>
</pin_list>
<bind>
<StgValue><ssdm name="gmem1"/><MemPortTyVec>0 </MemPortTyVec>
</StgValue>
</bind>
</comp>

<comp id="2" class="1000" name="columns">
<pin_list>
<pin id="3" dir="1" index="0" bw="1" slack="0"/>
</pin_list>
<bind>
<StgValue><ssdm name="columns"/></StgValue>
</bind>
</comp>

<comp id="4" class="1000" name="sext_ln18">
<pin_list>
<pin id="5" dir="1" index="0" bw="1" slack="0"/>
</pin_list>
<bind>
<StgValue><ssdm name="sext_ln18"/></StgValue>
</bind>
</comp>

<comp id="6" class="1000" name="x_buf_7">
<pin_list>
<pin id="7" dir="1" index="0" bw="1" slack="0"/>
</pin_list>
<bind>
<StgValue><ssdm name="x_buf_7"/><MemPortTyVec>0 3 </MemPortTyVec>
</StgValue>
</bind>
</comp>

<comp id="8" class="1000" name="x_buf_6">
<pin_list>
<pin id="9" dir="1" index="0" bw="1" slack="0"/>
</pin_list>
<bind>
<StgValue><ssdm name="x_buf_6"/><MemPortTyVec>0 3 </MemPortTyVec>
</StgValue>
</bind>
</comp>

<comp id="10" class="1000" name="x_buf_5">
<pin_list>
<pin id="11" dir="1" index="0" bw="1" slack="0"/>
</pin_list>
<bind>
<StgValue><ssdm name="x_buf_5"/><MemPortTyVec>0 3 </MemPortTyVec>
</StgValue>
</bind>
</comp>

<comp id="12" class="1000" name="x_buf_4">
<pin_list>
<pin id="13" dir="1" index="0" bw="1" slack="0"/>
</pin_list>
<bind>
<StgValue><ssdm name="x_buf_4"/><MemPortTyVec>0 3 </MemPortTyVec>
</StgValue>
</bind>
</comp>

<comp id="14" class="1000" name="x_buf_3">
<pin_list>
<pin id="15" dir="1" index="0" bw="1" slack="0"/>
</pin_list>
<bind>
<StgValue><ssdm name="x_buf_3"/><MemPortTyVec>0 3 </MemPortTyVec>
</StgValue>
</bind>
</comp>

<comp id="16" class="1000" name="x_buf_2">
<pin_list>
<pin id="17" dir="1" index="0" bw="1" slack="0"/>
</pin_list>
<bind>
<StgValue><ssdm name="x_buf_2"/><MemPortTyVec>0 3 </MemPortTyVec>
</StgValue>
</bind>
</comp>

<comp id="18" class="1000" name="x_buf_1">
<pin_list>
<pin id="19" dir="1" index="0" bw="1" slack="0"/>
</pin_list>
<bind>
<StgValue><ssdm name="x_buf_1"/><MemPortTyVec>0 3 </MemPortTyVec>
</StgValue>
</bind>
</comp>

<comp id="20" class="1000" name="x_buf">
<pin_list>
<pin id="21" dir="1" index="0" bw="1" slack="0"/>
</pin_list>
<bind>
<StgValue><ssdm name="x_buf"/><MemPortTyVec>0 3 </MemPortTyVec>
</StgValue>
</bind>
</comp>

<comp id="22" class="1001" name="const_22">
<pin_list>
<pin id="23" dir="1" index="0" bw="1" slack="0"/>
</pin_list>
<bind>
<StgValue><ssdm name=""/></StgValue>
</bind>
</comp>

<comp id="24" class="1001" name="const_24">
<pin_list>
<pin id="25" dir="1" index="0" bw="1" slack="0"/>
</pin_list>
<bind>
<StgValue><ssdm name="_ssdm_op_Read.ap_auto.i62"/></StgValue>
</bind>
</comp>

<comp id="26" class="1001" name="const_26">
<pin_list>
<pin id="27" dir="1" index="0" bw="1" slack="0"/>
</pin_list>
<bind>
<StgValue><ssdm name="_ssdm_op_Read.ap_auto.i32"/></StgValue>
</bind>
</comp>

<comp id="28" class="1001" name="const_28">
<pin_list>
<pin id="29" dir="1" index="0" bw="1" slack="2147483647"/>
</pin_list>
<bind>
<StgValue><ssdm name="_ssdm_op_SpecInterface"/></StgValue>
</bind>
</comp>

<comp id="30" class="1001" name="const_30">
<pin_list>
<pin id="31" dir="1" index="0" bw="1" slack="2147483647"/>
</pin_list>
<bind>
<StgValue><ssdm name="empty_7"/></StgValue>
</bind>
</comp>

<comp id="32" class="1001" name="const_32">
<pin_list>
<pin id="33" dir="1" index="0" bw="1" slack="2147483647"/>
</pin_list>
<bind>
<StgValue><ssdm name=""/></StgValue>
</bind>
</comp>

<comp id="34" class="1001" name="const_34">
<pin_list>
<pin id="35" dir="1" index="0" bw="1" slack="2147483647"/>
</pin_list>
<bind>
<StgValue><ssdm name="empty_8"/></StgValue>
</bind>
</comp>

<comp id="36" class="1001" name="const_36">
<pin_list>
<pin id="37" dir="1" index="0" bw="1" slack="2147483647"/>
</pin_list>
<bind>
<StgValue><ssdm name="empty_0"/></StgValue>
</bind>
</comp>

<comp id="38" class="1001" name="const_38">
<pin_list>
<pin id="39" dir="1" index="0" bw="1" slack="2147483647"/>
</pin_list>
<bind>
<StgValue><ssdm name="empty_10"/></StgValue>
</bind>
</comp>

<comp id="40" class="1001" name="const_40">
<pin_list>
<pin id="41" dir="1" index="0" bw="1" slack="2147483647"/>
</pin_list>
<bind>
<StgValue><ssdm name=""/></StgValue>
</bind>
</comp>

<comp id="42" class="1001" name="const_42">
<pin_list>
<pin id="43" dir="1" index="0" bw="1" slack="2147483647"/>
</pin_list>
<bind>
<StgValue><ssdm name=""/></StgValue>
</bind>
</comp>

<comp id="44" class="1001" name="const_44">
<pin_list>
<pin id="45" dir="1" index="0" bw="1" slack="0"/>
</pin_list>
<bind>
<StgValue><ssdm name=""/></StgValue>
</bind>
</comp>

<comp id="46" class="1001" name="const_46">
<pin_list>
<pin id="47" dir="1" index="0" bw="1" slack="2147483647"/>
</pin_list>
<bind>
<StgValue><ssdm name="_ssdm_op_SpecBitsMap"/></StgValue>
</bind>
</comp>

<comp id="48" class="1001" name="const_48">
<pin_list>
<pin id="49" dir="1" index="0" bw="1" slack="0"/>
</pin_list>
<bind>
<StgValue><ssdm name=""/></StgValue>
</bind>
</comp>

<comp id="50" class="1001" name="const_50">
<pin_list>
<pin id="51" dir="1" index="0" bw="1" slack="0"/>
</pin_list>
<bind>
<StgValue><ssdm name="_ssdm_op_PartSelect.i6.i31.i32.i32"/></StgValue>
</bind>
</comp>

<comp id="52" class="1001" name="const_52">
<pin_list>
<pin id="53" dir="1" index="0" bw="1" slack="0"/>
</pin_list>
<bind>
<StgValue><ssdm name=""/></StgValue>
</bind>
</comp>

<comp id="54" class="1001" name="const_54">
<pin_list>
<pin id="55" dir="1" index="0" bw="1" slack="0"/>
</pin_list>
<bind>
<StgValue><ssdm name=""/></StgValue>
</bind>
</comp>

<comp id="56" class="1001" name="const_56">
<pin_list>
<pin id="57" dir="1" index="0" bw="1" slack="2147483647"/>
</pin_list>
<bind>
<StgValue><ssdm name=""/></StgValue>
</bind>
</comp>

<comp id="58" class="1001" name="const_58">
<pin_list>
<pin id="59" dir="1" index="0" bw="1" slack="2147483647"/>
</pin_list>
<bind>
<StgValue><ssdm name=""/></StgValue>
</bind>
</comp>

<comp id="60" class="1001" name="const_60">
<pin_list>
<pin id="61" dir="1" index="0" bw="1" slack="2147483647"/>
</pin_list>
<bind>
<StgValue><ssdm name=""/></StgValue>
</bind>
</comp>

<comp id="62" class="1001" name="const_62">
<pin_list>
<pin id="63" dir="1" index="0" bw="1" slack="2147483647"/>
</pin_list>
<bind>
<StgValue><ssdm name=""/></StgValue>
</bind>
</comp>

<comp id="64" class="1001" name="const_64">
<pin_list>
<pin id="65" dir="1" index="0" bw="1" slack="2147483647"/>
</pin_list>
<bind>
<StgValue><ssdm name=""/></StgValue>
</bind>
</comp>

<comp id="66" class="1001" name="const_66">
<pin_list>
<pin id="67" dir="1" index="0" bw="1" slack="2147483647"/>
</pin_list>
<bind>
<StgValue><ssdm name=""/></StgValue>
</bind>
</comp>

<comp id="68" class="1001" name="const_68">
<pin_list>
<pin id="69" dir="1" index="0" bw="1" slack="2147483647"/>
</pin_list>
<bind>
<StgValue><ssdm name=""/></StgValue>
</bind>
</comp>

<comp id="70" class="1001" name="const_70">
<pin_list>
<pin id="71" dir="1" index="0" bw="1" slack="0"/>
</pin_list>
<bind>
<StgValue><ssdm name="_ssdm_op_Read.m_axi.p1i32"/></StgValue>
</bind>
</comp>

<comp id="72" class="1001" name="const_72">
<pin_list>
<pin id="73" dir="1" index="0" bw="1" slack="2147483647"/>
</pin_list>
<bind>
<StgValue><ssdm name="_ssdm_op_SpecPipeline"/></StgValue>
</bind>
</comp>

<comp id="74" class="1001" name="const_74">
<pin_list>
<pin id="75" dir="1" index="0" bw="1" slack="2147483647"/>
</pin_list>
<bind>
<StgValue><ssdm name="_ssdm_op_SpecLoopTripCount"/></StgValue>
</bind>
</comp>

<comp id="76" class="1001" name="const_76">
<pin_list>
<pin id="77" dir="1" index="0" bw="1" slack="2147483647"/>
</pin_list>
<bind>
<StgValue><ssdm name=""/></StgValue>
</bind>
</comp>

<comp id="78" class="1001" name="const_78">
<pin_list>
<pin id="79" dir="1" index="0" bw="1" slack="2147483647"/>
</pin_list>
<bind>
<StgValue><ssdm name=""/></StgValue>
</bind>
</comp>

<comp id="80" class="1001" name="const_80">
<pin_list>
<pin id="81" dir="1" index="0" bw="1" slack="2147483647"/>
</pin_list>
<bind>
<StgValue><ssdm name="_ssdm_op_SpecLoopName"/></StgValue>
</bind>
</comp>

<comp id="82" class="1001" name="const_82">
<pin_list>
<pin id="83" dir="1" index="0" bw="1" slack="2147483647"/>
</pin_list>
<bind>
<StgValue><ssdm name="empty_16"/></StgValue>
</bind>
</comp>

<comp id="84" class="1001" name="const_84">
<pin_list>
<pin id="85" dir="1" index="0" bw="1" slack="0"/>
</pin_list>
<bind>
<StgValue><ssdm name=""/></StgValue>
</bind>
</comp>

<comp id="86" class="1004" name="i_fu_86">
<pin_list>
<pin id="87" dir="0" index="0" bw="1" slack="0"/>
<pin id="88" dir="1" index="1" bw="31" slack="0"/>
</pin_list>
<bind>
<opcode="alloca(26) " fcode="alloca"/>
<opset="i/1 "/>
</bind>
</comp>

<comp id="90" class="1004" name="sext_ln18_read_read_fu_90">
<pin_list>
<pin id="91" dir="0" index="0" bw="62" slack="0"/>
<pin id="92" dir="0" index="1" bw="62" slack="0"/>
<pin id="93" dir="1" index="2" bw="62" slack="0"/>
</pin_list>
<bind>
<opcode="read(1150) " fcode="read"/>
<opset="sext_ln18_read/1 "/>
</bind>
</comp>

<comp id="96" class="1004" name="columns_read_read_fu_96">
<pin_list>
<pin id="97" dir="0" index="0" bw="32" slack="0"/>
<pin id="98" dir="0" index="1" bw="32" slack="0"/>
<pin id="99" dir="1" index="2" bw="32" slack="0"/>
</pin_list>
<bind>
<opcode="read(1150) " fcode="read"/>
<opset="columns_read/1 "/>
</bind>
</comp>

<comp id="102" class="1004" name="gmem1_addr_read_read_fu_102">
<pin_list>
<pin id="103" dir="0" index="0" bw="32" slack="0"/>
<pin id="104" dir="0" index="1" bw="32" slack="0"/>
<pin id="105" dir="1" index="2" bw="32" slack="0"/>
</pin_list>
<bind>
<opcode="read(1150) " fcode="read"/>
<opset="gmem1_addr_read/2 "/>
</bind>
</comp>

<comp id="107" class="1004" name="x_buf_addr_gep_fu_107">
<pin_list>
<pin id="108" dir="0" index="0" bw="32" slack="0"/>
<pin id="109" dir="0" index="1" bw="1" slack="0"/>
<pin id="110" dir="0" index="2" bw="6" slack="0"/>
<pin id="111" dir="1" index="3" bw="6" slack="0"/>
</pin_list>
<bind>
<opcode="getelementptr(29) " fcode="getelementptr"/>
<opset="x_buf_addr/3 "/>
</bind>
</comp>

<comp id="114" class="1004" name="x_buf_1_addr_gep_fu_114">
<pin_list>
<pin id="115" dir="0" index="0" bw="32" slack="0"/>
<pin id="116" dir="0" index="1" bw="1" slack="0"/>
<pin id="117" dir="0" index="2" bw="6" slack="0"/>
<pin id="118" dir="1" index="3" bw="6" slack="0"/>
</pin_list>
<bind>
<opcode="getelementptr(29) " fcode="getelementptr"/>
<opset="x_buf_1_addr/3 "/>
</bind>
</comp>

<comp id="121" class="1004" name="x_buf_2_addr_gep_fu_121">
<pin_list>
<pin id="122" dir="0" index="0" bw="32" slack="0"/>
<pin id="123" dir="0" index="1" bw="1" slack="0"/>
<pin id="124" dir="0" index="2" bw="6" slack="0"/>
<pin id="125" dir="1" index="3" bw="6" slack="0"/>
</pin_list>
<bind>
<opcode="getelementptr(29) " fcode="getelementptr"/>
<opset="x_buf_2_addr/3 "/>
</bind>
</comp>

<comp id="128" class="1004" name="x_buf_3_addr_gep_fu_128">
<pin_list>
<pin id="129" dir="0" index="0" bw="32" slack="0"/>
<pin id="130" dir="0" index="1" bw="1" slack="0"/>
<pin id="131" dir="0" index="2" bw="6" slack="0"/>
<pin id="132" dir="1" index="3" bw="6" slack="0"/>
</pin_list>
<bind>
<opcode="getelementptr(29) " fcode="getelementptr"/>
<opset="x_buf_3_addr/3 "/>
</bind>
</comp>

<comp id="135" class="1004" name="x_buf_4_addr_gep_fu_135">
<pin_list>
<pin id="136" dir="0" index="0" bw="32" slack="0"/>
<pin id="137" dir="0" index="1" bw="1" slack="0"/>
<pin id="138" dir="0" index="2" bw="6" slack="0"/>
<pin id="139" dir="1" index="3" bw="6" slack="0"/>
</pin_list>
<bind>
<opcode="getelementptr(29) " fcode="getelementptr"/>
<opset="x_buf_4_addr/3 "/>
</bind>
</comp>

<comp id="142" class="1004" name="x_buf_5_addr_gep_fu_142">
<pin_list>
<pin id="143" dir="0" index="0" bw="32" slack="0"/>
<pin id="144" dir="0" index="1" bw="1" slack="0"/>
<pin id="145" dir="0" index="2" bw="6" slack="0"/>
<pin id="146" dir="1" index="3" bw="6" slack="0"/>
</pin_list>
<bind>
<opcode="getelementptr(29) " fcode="getelementptr"/>
<opset="x_buf_5_addr/3 "/>
</bind>
</comp>

<comp id="149" class="1004" name="x_buf_6_addr_gep_fu_149">
<pin_list>
<pin id="150" dir="0" index="0" bw="32" slack="0"/>
<pin id="151" dir="0" index="1" bw="1" slack="0"/>
<pin id="152" dir="0" index="2" bw="6" slack="0"/>
<pin id="153" dir="1" index="3" bw="6" slack="0"/>
</pin_list>
<bind>
<opcode="getelementptr(29) " fcode="getelementptr"/>
<opset="x_buf_6_addr/3 "/>
</bind>
</comp>

<comp id="156" class="1004" name="x_buf_7_addr_gep_fu_156">
<pin_list>
<pin id="157" dir="0" index="0" bw="32" slack="0"/>
<pin id="158" dir="0" index="1" bw="1" slack="0"/>
<pin id="159" dir="0" index="2" bw="6" slack="0"/>
<pin id="160" dir="1" index="3" bw="6" slack="0"/>
</pin_list>
<bind>
<opcode="getelementptr(29) " fcode="getelementptr"/>
<opset="x_buf_7_addr/3 "/>
</bind>
</comp>

<comp id="163" class="1004" name="store_ln22_access_fu_163">
<pin_list>
<pin id="164" dir="0" index="0" bw="6" slack="0"/>
<pin id="165" dir="0" index="1" bw="32" slack="1"/>
<pin id="166" dir="0" index="2" bw="0" slack="2147483647"/>
<pin id="167" dir="1" index="3" bw="32" slack="2147483647"/>
</pin_list>
<bind>
<opcode="store(28) " fcode="store"/>
<opset="store_ln22/3 "/>
</bind>
</comp>

<comp id="169" class="1004" name="store_ln22_access_fu_169">
<pin_list>
<pin id="170" dir="0" index="0" bw="6" slack="0"/>
<pin id="171" dir="0" index="1" bw="32" slack="1"/>
<pin id="172" dir="0" index="2" bw="0" slack="2147483647"/>
<pin id="173" dir="1" index="3" bw="32" slack="2147483647"/>
</pin_list>
<bind>
<opcode="store(28) " fcode="store"/>
<opset="store_ln22/3 "/>
</bind>
</comp>

<comp id="175" class="1004" name="store_ln22_access_fu_175">
<pin_list>
<pin id="176" dir="0" index="0" bw="6" slack="0"/>
<pin id="177" dir="0" index="1" bw="32" slack="1"/>
<pin id="178" dir="0" index="2" bw="0" slack="2147483647"/>
<pin id="179" dir="1" index="3" bw="32" slack="2147483647"/>
</pin_list>
<bind>
<opcode="store(28) " fcode="store"/>
<opset="store_ln22/3 "/>
</bind>
</comp>

<comp id="181" class="1004" name="store_ln22_access_fu_181">
<pin_list>
<pin id="182" dir="0" index="0" bw="6" slack="0"/>
<pin id="183" dir="0" index="1" bw="32" slack="1"/>
<pin id="184" dir="0" index="2" bw="0" slack="2147483647"/>
<pin id="185" dir="1" index="3" bw="32" slack="2147483647"/>
</pin_list>
<bind>
<opcode="store(28) " fcode="store"/>
<opset="store_ln22/3 "/>
</bind>
</comp>

<comp id="187" class="1004" name="store_ln22_access_fu_187">
<pin_list>
<pin id="188" dir="0" index="0" bw="6" slack="0"/>
<pin id="189" dir="0" index="1" bw="32" slack="1"/>
<pin id="190" dir="0" index="2" bw="0" slack="2147483647"/>
<pin id="191" dir="1" index="3" bw="32" slack="2147483647"/>
</pin_list>
<bind>
<opcode="store(28) " fcode="store"/>
<opset="store_ln22/3 "/>
</bind>
</comp>

<comp id="193" class="1004" name="store_ln22_access_fu_193">
<pin_list>
<pin id="194" dir="0" index="0" bw="6" slack="0"/>
<pin id="195" dir="0" index="1" bw="32" slack="1"/>
<pin id="196" dir="0" index="2" bw="0" slack="2147483647"/>
<pin id="197" dir="1" index="3" bw="32" slack="2147483647"/>
</pin_list>
<bind>
<opcode="store(28) " fcode="store"/>
<opset="store_ln22/3 "/>
</bind>
</comp>

<comp id="199" class="1004" name="store_ln22_access_fu_199">
<pin_list>
<pin id="200" dir="0" index="0" bw="6" slack="0"/>
<pin id="201" dir="0" index="1" bw="32" slack="1"/>
<pin id="202" dir="0" index="2" bw="0" slack="2147483647"/>
<pin id="203" dir="1" index="3" bw="32" slack="2147483647"/>
</pin_list>
<bind>
<opcode="store(28) " fcode="store"/>
<opset="store_ln22/3 "/>
</bind>
</comp>

<comp id="205" class="1004" name="store_ln22_access_fu_205">
<pin_list>
<pin id="206" dir="0" index="0" bw="6" slack="0"/>
<pin id="207" dir="0" index="1" bw="32" slack="1"/>
<pin id="208" dir="0" index="2" bw="0" slack="2147483647"/>
<pin id="209" dir="1" index="3" bw="32" slack="2147483647"/>
</pin_list>
<bind>
<opcode="store(28) " fcode="store"/>
<opset="store_ln22/3 "/>
</bind>
</comp>

<comp id="211" class="1004" name="sext_ln18_cast_fu_211">
<pin_list>
<pin id="212" dir="0" index="0" bw="62" slack="0"/>
<pin id="213" dir="1" index="1" bw="64" slack="1"/>
</pin_list>
<bind>
<opcode="sext(35) " fcode="sext"/>
<opset="sext_ln18_cast/1 "/>
</bind>
</comp>

<comp id="215" class="1004" name="store_ln18_store_fu_215">
<pin_list>
<pin id="216" dir="0" index="0" bw="1" slack="0"/>
<pin id="217" dir="0" index="1" bw="31" slack="0"/>
<pin id="218" dir="1" index="2" bw="0" slack="2147483647"/>
</pin_list>
<bind>
<opcode="store(28) " fcode="store"/>
<opset="store_ln18/1 "/>
</bind>
</comp>

<comp id="220" class="1004" name="i_1_load_fu_220">
<pin_list>
<pin id="221" dir="0" index="0" bw="31" slack="0"/>
<pin id="222" dir="1" index="1" bw="31" slack="0"/>
</pin_list>
<bind>
<opcode="load(27) " fcode="load"/>
<opset="i_1/1 "/>
</bind>
</comp>

<comp id="223" class="1004" name="zext_ln18_fu_223">
<pin_list>
<pin id="224" dir="0" index="0" bw="31" slack="0"/>
<pin id="225" dir="1" index="1" bw="32" slack="0"/>
</pin_list>
<bind>
<opcode="zext(34) " fcode="zext"/>
<opset="zext_ln18/1 "/>
</bind>
</comp>

<comp id="227" class="1004" name="icmp_ln18_fu_227">
<pin_list>
<pin id="228" dir="0" index="0" bw="31" slack="0"/>
<pin id="229" dir="0" index="1" bw="32" slack="0"/>
<pin id="230" dir="1" index="2" bw="1" slack="1"/>
</pin_list>
<bind>
<opcode="icmp(45) " fcode="icmp"/>
<opset="icmp_ln18/1 "/>
</bind>
</comp>

<comp id="233" class="1004" name="add_ln18_fu_233">
<pin_list>
<pin id="234" dir="0" index="0" bw="31" slack="0"/>
<pin id="235" dir="0" index="1" bw="1" slack="0"/>
<pin id="236" dir="1" index="2" bw="31" slack="0"/>
</pin_list>
<bind>
<opcode="add(8) " fcode="add"/>
<opset="add_ln18/1 "/>
</bind>
</comp>

<comp id="239" class="1004" name="trunc_ln18_fu_239">
<pin_list>
<pin id="240" dir="0" index="0" bw="31" slack="0"/>
<pin id="241" dir="1" index="1" bw="3" slack="2"/>
</pin_list>
<bind>
<opcode="trunc(33) " fcode="trunc"/>
<opset="trunc_ln18/1 "/>
</bind>
</comp>

<comp id="243" class="1004" name="lshr_ln_fu_243">
<pin_list>
<pin id="244" dir="0" index="0" bw="6" slack="0"/>
<pin id="245" dir="0" index="1" bw="31" slack="0"/>
<pin id="246" dir="0" index="2" bw="3" slack="0"/>
<pin id="247" dir="0" index="3" bw="5" slack="0"/>
<pin id="248" dir="1" index="4" bw="6" slack="2"/>
</pin_list>
<bind>
<opcode="partselect(1002) " fcode="partselect"/>
<opset="lshr_ln/1 "/>
</bind>
</comp>

<comp id="253" class="1004" name="store_ln18_store_fu_253">
<pin_list>
<pin id="254" dir="0" index="0" bw="31" slack="0"/>
<pin id="255" dir="0" index="1" bw="31" slack="0"/>
<pin id="256" dir="1" index="2" bw="0" slack="2147483647"/>
</pin_list>
<bind>
<opcode="store(28) " fcode="store"/>
<opset="store_ln18/1 "/>
</bind>
</comp>

<comp id="258" class="1004" name="gmem1_addr_fu_258">
<pin_list>
<pin id="259" dir="0" index="0" bw="32" slack="0"/>
<pin id="260" dir="0" index="1" bw="62" slack="1"/>
<pin id="261" dir="1" index="2" bw="32" slack="0"/>
</pin_list>
<bind>
<opcode="getelementptr(29) " fcode="getelementptr"/>
<opset="gmem1_addr/2 "/>
</bind>
</comp>

<comp id="264" class="1004" name="bitcast_ln22_fu_264">
<pin_list>
<pin id="265" dir="0" index="0" bw="32" slack="0"/>
<pin id="266" dir="1" index="1" bw="32" slack="1"/>
</pin_list>
<bind>
<opcode="bitcast(44) " fcode="bitcast"/>
<opset="bitcast_ln22/2 "/>
</bind>
</comp>

<comp id="268" class="1004" name="zext_ln18_1_fu_268">
<pin_list>
<pin id="269" dir="0" index="0" bw="6" slack="2"/>
<pin id="270" dir="1" index="1" bw="64" slack="0"/>
</pin_list>
<bind>
<opcode="zext(34) " fcode="zext"/>
<opset="zext_ln18_1/3 "/>
</bind>
</comp>

<comp id="279" class="1005" name="i_reg_279">
<pin_list>
<pin id="280" dir="0" index="0" bw="31" slack="0"/>
<pin id="281" dir="1" index="1" bw="31" slack="0"/>
</pin_list>
<bind>
<opset="i "/>
</bind>
</comp>

<comp id="286" class="1005" name="sext_ln18_cast_reg_286">
<pin_list>
<pin id="287" dir="0" index="0" bw="64" slack="1"/>
<pin id="288" dir="1" index="1" bw="64" slack="1"/>
</pin_list>
<bind>
<opset="sext_ln18_cast "/>
</bind>
</comp>

<comp id="291" class="1005" name="icmp_ln18_reg_291">
<pin_list>
<pin id="292" dir="0" index="0" bw="1" slack="1"/>
<pin id="293" dir="1" index="1" bw="1" slack="2147483647"/>
</pin_list>
<bind>
<opset="icmp_ln18 "/>
</bind>
</comp>

<comp id="295" class="1005" name="trunc_ln18_reg_295">
<pin_list>
<pin id="296" dir="0" index="0" bw="3" slack="2"/>
<pin id="297" dir="1" index="1" bw="3" slack="2147483647"/>
</pin_list>
<bind>
<opset="trunc_ln18 "/>
</bind>
</comp>

<comp id="299" class="1005" name="lshr_ln_reg_299">
<pin_list>
<pin id="300" dir="0" index="0" bw="6" slack="2"/>
<pin id="301" dir="1" index="1" bw="6" slack="2"/>
</pin_list>
<bind>
<opset="lshr_ln "/>
</bind>
</comp>

<comp id="304" class="1005" name="bitcast_ln22_reg_304">
<pin_list>
<pin id="305" dir="0" index="0" bw="32" slack="1"/>
<pin id="306" dir="1" index="1" bw="32" slack="1"/>
</pin_list>
<bind>
<opset="bitcast_ln22 "/>
</bind>
</comp>

</comp_list>

<net_list>
<net id="89"><net_src comp="22" pin="0"/><net_sink comp="86" pin=0"/></net>

<net id="94"><net_src comp="24" pin="0"/><net_sink comp="90" pin=0"/></net>

<net id="95"><net_src comp="4" pin="0"/><net_sink comp="90" pin=1"/></net>

<net id="100"><net_src comp="26" pin="0"/><net_sink comp="96" pin=0"/></net>

<net id="101"><net_src comp="2" pin="0"/><net_sink comp="96" pin=1"/></net>

<net id="106"><net_src comp="70" pin="0"/><net_sink comp="102" pin=0"/></net>

<net id="112"><net_src comp="20" pin="0"/><net_sink comp="107" pin=0"/></net>

<net id="113"><net_src comp="84" pin="0"/><net_sink comp="107" pin=1"/></net>

<net id="119"><net_src comp="18" pin="0"/><net_sink comp="114" pin=0"/></net>

<net id="120"><net_src comp="84" pin="0"/><net_sink comp="114" pin=1"/></net>

<net id="126"><net_src comp="16" pin="0"/><net_sink comp="121" pin=0"/></net>

<net id="127"><net_src comp="84" pin="0"/><net_sink comp="121" pin=1"/></net>

<net id="133"><net_src comp="14" pin="0"/><net_sink comp="128" pin=0"/></net>

<net id="134"><net_src comp="84" pin="0"/><net_sink comp="128" pin=1"/></net>

<net id="140"><net_src comp="12" pin="0"/><net_sink comp="135" pin=0"/></net>

<net id="141"><net_src comp="84" pin="0"/><net_sink comp="135" pin=1"/></net>

<net id="147"><net_src comp="10" pin="0"/><net_sink comp="142" pin=0"/></net>

<net id="148"><net_src comp="84" pin="0"/><net_sink comp="142" pin=1"/></net>

<net id="154"><net_src comp="8" pin="0"/><net_sink comp="149" pin=0"/></net>

<net id="155"><net_src comp="84" pin="0"/><net_sink comp="149" pin=1"/></net>

<net id="161"><net_src comp="6" pin="0"/><net_sink comp="156" pin=0"/></net>

<net id="162"><net_src comp="84" pin="0"/><net_sink comp="156" pin=1"/></net>

<net id="168"><net_src comp="149" pin="3"/><net_sink comp="163" pin=0"/></net>

<net id="174"><net_src comp="142" pin="3"/><net_sink comp="169" pin=0"/></net>

<net id="180"><net_src comp="135" pin="3"/><net_sink comp="175" pin=0"/></net>

<net id="186"><net_src comp="128" pin="3"/><net_sink comp="181" pin=0"/></net>

<net id="192"><net_src comp="121" pin="3"/><net_sink comp="187" pin=0"/></net>

<net id="198"><net_src comp="114" pin="3"/><net_sink comp="193" pin=0"/></net>

<net id="204"><net_src comp="107" pin="3"/><net_sink comp="199" pin=0"/></net>

<net id="210"><net_src comp="156" pin="3"/><net_sink comp="205" pin=0"/></net>

<net id="214"><net_src comp="90" pin="2"/><net_sink comp="211" pin=0"/></net>

<net id="219"><net_src comp="44" pin="0"/><net_sink comp="215" pin=0"/></net>

<net id="226"><net_src comp="220" pin="1"/><net_sink comp="223" pin=0"/></net>

<net id="231"><net_src comp="223" pin="1"/><net_sink comp="227" pin=0"/></net>

<net id="232"><net_src comp="96" pin="2"/><net_sink comp="227" pin=1"/></net>

<net id="237"><net_src comp="220" pin="1"/><net_sink comp="233" pin=0"/></net>

<net id="238"><net_src comp="48" pin="0"/><net_sink comp="233" pin=1"/></net>

<net id="242"><net_src comp="220" pin="1"/><net_sink comp="239" pin=0"/></net>

<net id="249"><net_src comp="50" pin="0"/><net_sink comp="243" pin=0"/></net>

<net id="250"><net_src comp="220" pin="1"/><net_sink comp="243" pin=1"/></net>

<net id="251"><net_src comp="52" pin="0"/><net_sink comp="243" pin=2"/></net>

<net id="252"><net_src comp="54" pin="0"/><net_sink comp="243" pin=3"/></net>

<net id="257"><net_src comp="233" pin="2"/><net_sink comp="253" pin=0"/></net>

<net id="262"><net_src comp="0" pin="0"/><net_sink comp="258" pin=0"/></net>

<net id="263"><net_src comp="258" pin="2"/><net_sink comp="102" pin=1"/></net>

<net id="267"><net_src comp="102" pin="2"/><net_sink comp="264" pin=0"/></net>

<net id="271"><net_src comp="268" pin="1"/><net_sink comp="107" pin=2"/></net>

<net id="272"><net_src comp="268" pin="1"/><net_sink comp="114" pin=2"/></net>

<net id="273"><net_src comp="268" pin="1"/><net_sink comp="121" pin=2"/></net>

<net id="274"><net_src comp="268" pin="1"/><net_sink comp="128" pin=2"/></net>

<net id="275"><net_src comp="268" pin="1"/><net_sink comp="135" pin=2"/></net>

<net id="276"><net_src comp="268" pin="1"/><net_sink comp="142" pin=2"/></net>

<net id="277"><net_src comp="268" pin="1"/><net_sink comp="149" pin=2"/></net>

<net id="278"><net_src comp="268" pin="1"/><net_sink comp="156" pin=2"/></net>

<net id="282"><net_src comp="86" pin="1"/><net_sink comp="279" pin=0"/></net>

<net id="283"><net_src comp="279" pin="1"/><net_sink comp="215" pin=1"/></net>

<net id="284"><net_src comp="279" pin="1"/><net_sink comp="220" pin=0"/></net>

<net id="285"><net_src comp="279" pin="1"/><net_sink comp="253" pin=1"/></net>

<net id="289"><net_src comp="211" pin="1"/><net_sink comp="286" pin=0"/></net>

<net id="290"><net_src comp="286" pin="1"/><net_sink comp="258" pin=1"/></net>

<net id="294"><net_src comp="227" pin="2"/><net_sink comp="291" pin=0"/></net>

<net id="298"><net_src comp="239" pin="1"/><net_sink comp="295" pin=0"/></net>

<net id="302"><net_src comp="243" pin="4"/><net_sink comp="299" pin=0"/></net>

<net id="303"><net_src comp="299" pin="1"/><net_sink comp="268" pin=0"/></net>

<net id="307"><net_src comp="264" pin="1"/><net_sink comp="304" pin=0"/></net>

<net id="308"><net_src comp="304" pin="1"/><net_sink comp="163" pin=1"/></net>

<net id="309"><net_src comp="304" pin="1"/><net_sink comp="169" pin=1"/></net>

<net id="310"><net_src comp="304" pin="1"/><net_sink comp="175" pin=1"/></net>

<net id="311"><net_src comp="304" pin="1"/><net_sink comp="181" pin=1"/></net>

<net id="312"><net_src comp="304" pin="1"/><net_sink comp="187" pin=1"/></net>

<net id="313"><net_src comp="304" pin="1"/><net_sink comp="193" pin=1"/></net>

<net id="314"><net_src comp="304" pin="1"/><net_sink comp="199" pin=1"/></net>

<net id="315"><net_src comp="304" pin="1"/><net_sink comp="205" pin=1"/></net>

</net_list>

</model> 
---------------- Datapath Model END ------------------

* FSMD analyzer results:
  - Output states:
	Port: x_buf_7 | {3 }
	Port: x_buf_6 | {3 }
	Port: x_buf_5 | {3 }
	Port: x_buf_4 | {3 }
	Port: x_buf_3 | {3 }
	Port: x_buf_2 | {3 }
	Port: x_buf_1 | {3 }
	Port: x_buf | {3 }
 - Input state : 
	Port: mv_Pipeline_x_buff : gmem1 | {2 }
	Port: mv_Pipeline_x_buff : columns | {1 }
	Port: mv_Pipeline_x_buff : sext_ln18 | {1 }
  - Chain level:
	State 1
		store_ln18 : 1
		i_1 : 1
		zext_ln18 : 2
		icmp_ln18 : 3
		add_ln18 : 2
		br_ln18 : 4
		trunc_ln18 : 2
		lshr_ln : 2
		switch_ln22 : 3
		store_ln18 : 3
	State 2
		gmem1_addr_read : 1
		bitcast_ln22 : 1
	State 3
		x_buf_addr : 1
		x_buf_1_addr : 1
		x_buf_2_addr : 1
		x_buf_3_addr : 1
		x_buf_4_addr : 1
		x_buf_5_addr : 1
		x_buf_6_addr : 1
		x_buf_7_addr : 1
		store_ln22 : 2
		store_ln22 : 2
		store_ln22 : 2
		store_ln22 : 2
		store_ln22 : 2
		store_ln22 : 2
		store_ln22 : 2
		store_ln22 : 2


============================================================
+ Verbose Summary: Datapath Resource usage 
============================================================

* Functional unit list:
|----------|-----------------------------|---------|---------|
| Operation|       Functional Unit       |    FF   |   LUT   |
|----------|-----------------------------|---------|---------|
|   icmp   |       icmp_ln18_fu_227      |    0    |    39   |
|----------|-----------------------------|---------|---------|
|    add   |       add_ln18_fu_233       |    0    |    38   |
|----------|-----------------------------|---------|---------|
|          |  sext_ln18_read_read_fu_90  |    0    |    0    |
|   read   |   columns_read_read_fu_96   |    0    |    0    |
|          | gmem1_addr_read_read_fu_102 |    0    |    0    |
|----------|-----------------------------|---------|---------|
|   sext   |    sext_ln18_cast_fu_211    |    0    |    0    |
|----------|-----------------------------|---------|---------|
|   zext   |       zext_ln18_fu_223      |    0    |    0    |
|          |      zext_ln18_1_fu_268     |    0    |    0    |
|----------|-----------------------------|---------|---------|
|   trunc  |      trunc_ln18_fu_239      |    0    |    0    |
|----------|-----------------------------|---------|---------|
|partselect|        lshr_ln_fu_243       |    0    |    0    |
|----------|-----------------------------|---------|---------|
|   Total  |                             |    0    |    77   |
|----------|-----------------------------|---------|---------|

Memories:
N/A

* Register list:
+----------------------+--------+
|                      |   FF   |
+----------------------+--------+
| bitcast_ln22_reg_304 |   32   |
|       i_reg_279      |   31   |
|   icmp_ln18_reg_291  |    1   |
|    lshr_ln_reg_299   |    6   |
|sext_ln18_cast_reg_286|   64   |
|  trunc_ln18_reg_295  |    3   |
+----------------------+--------+
|         Total        |   137  |
+----------------------+--------+

* Multiplexer (MUX) list: 
|--------|------|------|------|--------|
|  Comp  |  Pin | Size |  BW  | S x BW |
|--------|------|------|------|--------|
|  Total |      |      |      |    0   |
|--------|------|------|------|--------|



* Summary:
+-----------+--------+--------+
|           |   FF   |   LUT  |
+-----------+--------+--------+
|  Function |    0   |   77   |
|   Memory  |    -   |    -   |
|Multiplexer|    -   |    -   |
|  Register |   137  |    -   |
+-----------+--------+--------+
|   Total   |   137  |   77   |
+-----------+--------+--------+
