

================================================================
== Vitis HLS Report for 'admm'
================================================================
* Date:           Mon May 11 10:43:17 2026

* Version:        2024.2 (Build 5238294 on Nov  8 2024)
* Project:        admm_HW_HLS
* Solution:       solution1 (Vivado IP Flow Target)
* Product family: zynquplus
* Target device:  xczu7ev-ffvc1156-2-e


================================================================
== Performance Estimates
================================================================
+ Timing: 
    * Summary: 
    +--------+----------+-----------+------------+
    |  Clock |  Target  | Estimated | Uncertainty|
    +--------+----------+-----------+------------+
    |ap_clk  |  10.00 ns|  14.856 ns|     1.00 ns|
    +--------+----------+-----------+------------+

+ Latency: 
    * Summary: 
    +---------+---------+----------+----------+-----+-----+---------+
    |  Latency (cycles) |  Latency (absolute) |  Interval | Pipeline|
    |   min   |   max   |    min   |    max   | min | max |   Type  |
    +---------+---------+----------+----------+-----+-----+---------+
    |        ?|        ?|         ?|         ?|    ?|    ?|       no|
    +---------+---------+----------+----------+-----+-----+---------+

    + Detail: 
        * Instance: 
        +--------------------------------------------+--------------------------------+---------+------------+----------+------------+-----+------------+------------------------------------------------+
        |                                            |                                |   Latency (cycles)   |   Latency (absolute)  |     Interval     |                    Pipeline                    |
        |                  Instance                  |             Module             |   min   |     max    |    min   |     max    | min |     max    |                      Type                      |
        +--------------------------------------------+--------------------------------+---------+------------+----------+------------+-----+------------+------------------------------------------------+
        |grp_spmv_csc_fu_743                         |spmv_csc                        |        ?|           ?|         ?|           ?|    ?|           ?|                                              no|
        |grp_admm_Pipeline_VITIS_LOOP_325_1_fu_803   |admm_Pipeline_VITIS_LOOP_325_1  |        ?|           ?|         ?|           ?|    0|           0|  loop auto-rewind stp (delay=0 clock cycles(s))|
        |grp_admm_Pipeline_VITIS_LOOP_337_2_fu_814   |admm_Pipeline_VITIS_LOOP_337_2  |        ?|           ?|         ?|           ?|    0|           0|  loop auto-rewind stp (delay=0 clock cycles(s))|
        |grp_update_preconditioner_fu_830            |update_preconditioner           |        ?|           ?|         ?|           ?|    ?|           ?|                                              no|
        |grp_admm_Pipeline_VITIS_LOOP_115_1_fu_848   |admm_Pipeline_VITIS_LOOP_115_1  |        ?|           ?|         ?|           ?|    0|           0|  loop auto-rewind stp (delay=0 clock cycles(s))|
        |grp_admm_Pipeline_VITIS_LOOP_122_2_fu_857   |admm_Pipeline_VITIS_LOOP_122_2  |        ?|           ?|         ?|           ?|    0|           0|  loop auto-rewind stp (delay=0 clock cycles(s))|
        |grp_admm_Pipeline_VITIS_LOOP_119_1_fu_868   |admm_Pipeline_VITIS_LOOP_119_1  |        ?|           ?|         ?|           ?|    0|           0|  loop auto-rewind stp (delay=0 clock cycles(s))|
        |grp_dot_prod_fu_879                         |dot_prod                        |        ?|           ?|         ?|           ?|    ?|           ?|                                              no|
        |grp_dot_prod_1_fu_886                       |dot_prod_1                      |        ?|           ?|         ?|           ?|    ?|           ?|                                              no|
        |grp_admm_Pipeline_VITIS_LOOP_162_3_fu_892   |admm_Pipeline_VITIS_LOOP_162_3  |       18|   536870929|  0.180 us|   5.369 sec|    2|   536870913|  loop auto-rewind stp (delay=0 clock cycles(s))|
        |grp_admm_Pipeline_VITIS_LOOP_183_5_fu_900   |admm_Pipeline_VITIS_LOOP_183_5  |       61|   536870972|  0.610 us|   5.369 sec|    2|   536870913|  loop auto-rewind stp (delay=0 clock cycles(s))|
        |grp_admm_Pipeline_VITIS_LOOP_201_7_fu_910   |admm_Pipeline_VITIS_LOOP_201_7  |       55|  4294967343|  0.550 us|  42.950 sec|   16|  4294967304|  loop auto-rewind stp (delay=0 clock cycles(s))|
        |grp_admm_Pipeline_VITIS_LOOP_230_9_fu_923   |admm_Pipeline_VITIS_LOOP_230_9  |       45|   536870956|  0.450 us|   5.369 sec|    2|   536870913|  loop auto-rewind stp (delay=0 clock cycles(s))|
        |grp_admm_Pipeline_VITIS_LOOP_370_4_fu_932   |admm_Pipeline_VITIS_LOOP_370_4  |        ?|           ?|         ?|           ?|    0|           0|  loop auto-rewind stp (delay=0 clock cycles(s))|
        |grp_admm_Pipeline_VITIS_LOOP_377_5_fu_941   |admm_Pipeline_VITIS_LOOP_377_5  |        ?|           ?|         ?|           ?|    0|           0|  loop auto-rewind stp (delay=0 clock cycles(s))|
        |grp_admm_Pipeline_VITIS_LOOP_397_6_fu_956   |admm_Pipeline_VITIS_LOOP_397_6  |        ?|           ?|         ?|           ?|    0|           0|  loop auto-rewind stp (delay=0 clock cycles(s))|
        |grp_admm_Pipeline_VITIS_LOOP_417_7_fu_965   |admm_Pipeline_VITIS_LOOP_417_7  |        ?|           ?|         ?|           ?|    0|           0|  loop auto-rewind stp (delay=0 clock cycles(s))|
        |max_prim_generic_fmax_float_s_fu_976        |generic_fmax_float_s            |        0|           0|      0 ns|        0 ns|    0|           0|                                              no|
        |y_assign_2_generic_fmax_float_s_fu_982      |generic_fmax_float_s            |        0|           0|      0 ns|        0 ns|    0|           0|                                              no|
        |max_dual_generic_fmax_float_s_fu_988        |generic_fmax_float_s            |        0|           0|      0 ns|        0 ns|    0|           0|                                              no|
        |grp_admm_Pipeline_VITIS_LOOP_463_8_fu_995   |admm_Pipeline_VITIS_LOOP_463_8  |        ?|           ?|         ?|           ?|    0|           0|  loop auto-rewind stp (delay=0 clock cycles(s))|
        |grp_admm_Pipeline_VITIS_LOOP_469_9_fu_1004  |admm_Pipeline_VITIS_LOOP_469_9  |        ?|           ?|         ?|           ?|    0|           0|  loop auto-rewind stp (delay=0 clock cycles(s))|
        +--------------------------------------------+--------------------------------+---------+------------+----------+------------+-----+------------+------------------------------------------------+

        * Loop: 
        +---------------------+---------+---------+----------+-----------+-----------+------+----------+
        |                     |  Latency (cycles) | Iteration|  Initiation Interval  | Trip |          |
        |      Loop Name      |   min   |   max   |  Latency |  achieved |   target  | Count| Pipelined|
        +---------------------+---------+---------+----------+-----------+-----------+------+----------+
        |- VITIS_LOOP_357_3   |        ?|        ?|         ?|          -|          -|     ?|        no|
        | + VITIS_LOOP_144_2  |        ?|        ?|         ?|          -|          -|     ?|        no|
        +---------------------+---------+---------+----------+-----------+-----------+------+----------+



================================================================
== Utilization Estimates
================================================================
* Summary: 
+-----------------+---------+------+--------+--------+-----+
|       Name      | BRAM_18K|  DSP |   FF   |   LUT  | URAM|
+-----------------+---------+------+--------+--------+-----+
|DSP              |        -|     -|       -|       -|    -|
|Expression       |        -|     -|       0|    1172|    -|
|FIFO             |        -|     -|       -|       -|    -|
|Instance         |      209|   162|   60247|   82010|    0|
|Memory           |      348|     -|       0|       0|   96|
|Multiplexer      |        -|     -|       0|    4582|    -|
|Register         |        -|     -|    3263|       -|    -|
+-----------------+---------+------+--------+--------+-----+
|Total            |      557|   162|   63510|   87764|   96|
+-----------------+---------+------+--------+--------+-----+
|Available        |      624|  1728|  460800|  230400|   96|
+-----------------+---------+------+--------+--------+-----+
|Utilization (%)  |       89|     9|      13|      38|  100|
+-----------------+---------+------+--------+--------+-----+

+ Detail: 
    * Instance: 
    +--------------------------------------------+------------------------------------+---------+----+-------+-------+-----+
    |                  Instance                  |               Module               | BRAM_18K| DSP|   FF  |  LUT  | URAM|
    +--------------------------------------------+------------------------------------+---------+----+-------+-------+-----+
    |grp_admm_Pipeline_VITIS_LOOP_115_1_fu_848   |admm_Pipeline_VITIS_LOOP_115_1      |        0|   0|    353|    808|    0|
    |grp_admm_Pipeline_VITIS_LOOP_119_1_fu_868   |admm_Pipeline_VITIS_LOOP_119_1      |        0|   0|    376|   1343|    0|
    |grp_admm_Pipeline_VITIS_LOOP_122_2_fu_857   |admm_Pipeline_VITIS_LOOP_122_2      |        0|   0|    655|    952|    0|
    |grp_admm_Pipeline_VITIS_LOOP_162_3_fu_892   |admm_Pipeline_VITIS_LOOP_162_3      |        0|   0|   5333|   4607|    0|
    |grp_admm_Pipeline_VITIS_LOOP_183_5_fu_900   |admm_Pipeline_VITIS_LOOP_183_5      |        0|  16|   6736|   6767|    0|
    |grp_admm_Pipeline_VITIS_LOOP_201_7_fu_910   |admm_Pipeline_VITIS_LOOP_201_7      |        0|   0|   4837|   3030|    0|
    |grp_admm_Pipeline_VITIS_LOOP_230_9_fu_923   |admm_Pipeline_VITIS_LOOP_230_9      |        0|   0|   4056|   4863|    0|
    |grp_admm_Pipeline_VITIS_LOOP_325_1_fu_803   |admm_Pipeline_VITIS_LOOP_325_1      |        0|   0|    226|    807|    0|
    |grp_admm_Pipeline_VITIS_LOOP_337_2_fu_814   |admm_Pipeline_VITIS_LOOP_337_2      |        0|   0|    807|   1622|    0|
    |grp_admm_Pipeline_VITIS_LOOP_370_4_fu_932   |admm_Pipeline_VITIS_LOOP_370_4      |        0|   0|     57|    684|    0|
    |grp_admm_Pipeline_VITIS_LOOP_377_5_fu_941   |admm_Pipeline_VITIS_LOOP_377_5      |        0|   0|    449|   1863|    0|
    |grp_admm_Pipeline_VITIS_LOOP_397_6_fu_956   |admm_Pipeline_VITIS_LOOP_397_6      |        0|   0|    172|    859|    0|
    |grp_admm_Pipeline_VITIS_LOOP_417_7_fu_965   |admm_Pipeline_VITIS_LOOP_417_7      |        0|   0|    388|   1211|    0|
    |grp_admm_Pipeline_VITIS_LOOP_463_8_fu_995   |admm_Pipeline_VITIS_LOOP_463_8      |        0|   0|     71|    194|    0|
    |grp_admm_Pipeline_VITIS_LOOP_469_9_fu_1004  |admm_Pipeline_VITIS_LOOP_469_9      |        0|   0|     71|    194|    0|
    |control_r_s_axi_U                           |control_r_s_axi                     |        0|   0|   1500|   2728|    0|
    |control_s_axi_U                             |control_s_axi                       |        0|   0|    340|    552|    0|
    |dcmp_64ns_64ns_1_2_no_dsp_1_U850            |dcmp_64ns_64ns_1_2_no_dsp_1         |        0|   0|      0|      0|    0|
    |grp_dot_prod_fu_879                         |dot_prod                            |        0|  20|   2664|   2847|    0|
    |grp_dot_prod_1_fu_886                       |dot_prod_1                          |        0|  20|   2504|   2479|    0|
    |fadd_32ns_32ns_32_4_full_dsp_1_U858         |fadd_32ns_32ns_32_4_full_dsp_1      |        0|   2|    227|    214|    0|
    |fadd_32ns_32ns_32_4_full_dsp_1_U859         |fadd_32ns_32ns_32_4_full_dsp_1      |        0|   2|    227|    214|    0|
    |fadd_32ns_32ns_32_4_full_dsp_1_U860         |fadd_32ns_32ns_32_4_full_dsp_1      |        0|   2|    227|    214|    0|
    |fadd_32ns_32ns_32_4_full_dsp_1_U861         |fadd_32ns_32ns_32_4_full_dsp_1      |        0|   2|    227|    214|    0|
    |fadd_32ns_32ns_32_4_full_dsp_1_U862         |fadd_32ns_32ns_32_4_full_dsp_1      |        0|   2|    227|    214|    0|
    |fadd_32ns_32ns_32_4_full_dsp_1_U863         |fadd_32ns_32ns_32_4_full_dsp_1      |        0|   2|    227|    214|    0|
    |faddfsub_32ns_32ns_32_4_full_dsp_1_U842     |faddfsub_32ns_32ns_32_4_full_dsp_1  |        0|   2|    227|    214|    0|
    |faddfsub_32ns_32ns_32_4_full_dsp_1_U843     |faddfsub_32ns_32ns_32_4_full_dsp_1  |        0|   2|    227|    214|    0|
    |fcmp_32ns_32ns_1_2_no_dsp_1_U848            |fcmp_32ns_32ns_1_2_no_dsp_1         |        0|   0|      0|      0|    0|
    |fcmp_32ns_32ns_1_2_no_dsp_1_U849            |fcmp_32ns_32ns_1_2_no_dsp_1         |        0|   0|      0|      0|    0|
    |fdiv_32ns_32ns_32_8_no_dsp_1_U846           |fdiv_32ns_32ns_32_8_no_dsp_1        |        0|   0|      0|      0|    0|
    |fmul_32ns_32ns_32_2_max_dsp_1_U844          |fmul_32ns_32ns_32_2_max_dsp_1       |        0|   3|    128|    135|    0|
    |fmul_32ns_32ns_32_2_max_dsp_1_U845          |fmul_32ns_32ns_32_2_max_dsp_1       |        0|   3|    128|    135|    0|
    |fmul_32ns_32ns_32_2_max_dsp_1_U852          |fmul_32ns_32ns_32_2_max_dsp_1       |        0|   3|    128|    135|    0|
    |fmul_32ns_32ns_32_2_max_dsp_1_U853          |fmul_32ns_32ns_32_2_max_dsp_1       |        0|   3|    128|    135|    0|
    |fmul_32ns_32ns_32_2_max_dsp_1_U854          |fmul_32ns_32ns_32_2_max_dsp_1       |        0|   3|    128|    135|    0|
    |fmul_32ns_32ns_32_2_max_dsp_1_U855          |fmul_32ns_32ns_32_2_max_dsp_1       |        0|   3|    128|    135|    0|
    |fmul_32ns_32ns_32_2_max_dsp_1_U856          |fmul_32ns_32ns_32_2_max_dsp_1       |        0|   3|    128|    135|    0|
    |fmul_32ns_32ns_32_2_max_dsp_1_U857          |fmul_32ns_32ns_32_2_max_dsp_1       |        0|   3|    128|    135|    0|
    |fpext_32ns_64_2_no_dsp_1_U847               |fpext_32ns_64_2_no_dsp_1            |        0|   0|      0|      0|    0|
    |max_prim_generic_fmax_float_s_fu_976        |generic_fmax_float_s                |        0|   0|      0|    285|    0|
    |y_assign_2_generic_fmax_float_s_fu_982      |generic_fmax_float_s                |        0|   0|      0|    285|    0|
    |max_dual_generic_fmax_float_s_fu_988        |generic_fmax_float_s                |        0|   0|      0|    285|    0|
    |gmem0_m_axi_U                               |gmem0_m_axi                         |       29|   0|   1574|   1642|    0|
    |gmem1_m_axi_U                               |gmem1_m_axi                         |        2|   0|    671|    637|    0|
    |gmem2_m_axi_U                               |gmem2_m_axi                         |       29|   0|   1574|   1642|    0|
    |gmem3_m_axi_U                               |gmem3_m_axi                         |        4|   0|    824|    682|    0|
    |grp_spmv_csc_fu_743                         |spmv_csc                            |      145|  66|  18300|  26928|    0|
    |grp_update_preconditioner_fu_830            |update_preconditioner               |        0|   0|   2475|   8184|    0|
    |urem_32ns_5ns_4_36_seq_1_U851               |urem_32ns_5ns_4_36_seq_1            |        0|   0|    394|    238|    0|
    +--------------------------------------------+------------------------------------+---------+----+-------+-------+-----+
    |Total                                       |                                    |      209| 162|  60247|  82010|    0|
    +--------------------------------------------+------------------------------------+---------+----+-------+-------+-----+

    * DSP: 
    N/A

    * Memory: 
    +-----------+-------------------------+---------+---+----+-----+-------+-----+------+-------------+
    |   Memory  |          Module         | BRAM_18K| FF| LUT| URAM| Words | Bits| Banks| W*Bits*Banks|
    +-----------+-------------------------+---------+---+----+-----+-------+-----+------+-------------+
    |M_inv_U    |M_inv_RAM_T2P_URAM_1R1W  |        0|  0|   0|    8|   8192|  256|     1|      2097152|
    |x_U        |M_inv_RAM_T2P_URAM_1R1W  |        0|  0|   0|    8|   8192|  256|     1|      2097152|
    |y_U        |M_inv_RAM_T2P_URAM_1R1W  |        0|  0|   0|    8|   8192|  256|     1|      2097152|
    |z_U        |M_inv_RAM_T2P_URAM_1R1W  |        0|  0|   0|    8|   8192|  256|     1|      2097152|
    |rho_U      |M_inv_RAM_T2P_URAM_1R1W  |        0|  0|   0|    8|   8192|  256|     1|      2097152|
    |rho_inv_U  |M_inv_RAM_T2P_URAM_1R1W  |        0|  0|   0|    8|   8192|  256|     1|      2097152|
    |l_U        |l_RAM_AUTO_1R1W          |      116|  0|   0|    0|  65536|   32|     1|      2097152|
    |u_U        |l_RAM_AUTO_1R1W          |      116|  0|   0|    0|  65536|   32|     1|      2097152|
    |q_U        |l_RAM_AUTO_1R1W          |      116|  0|   0|    0|  65536|   32|     1|      2097152|
    |p_U        |p_RAM_T2P_URAM_1R1W      |        0|  0|   0|    8|   8192|  256|     1|      2097152|
    |r_U        |r_RAM_T2P_URAM_1R1W      |        0|  0|   0|    8|   8192|  256|     1|      2097152|
    |b_U        |r_RAM_T2P_URAM_1R1W      |        0|  0|   0|    8|   8192|  256|     1|      2097152|
    |x_tilde_U  |r_RAM_T2P_URAM_1R1W      |        0|  0|   0|    8|   8192|  256|     1|      2097152|
    |tmp1_U     |r_RAM_T2P_URAM_1R1W      |        0|  0|   0|    8|   8192|  256|     1|      2097152|
    |tmp2_U     |r_RAM_T2P_URAM_1R1W      |        0|  0|   0|    8|   8192|  256|     1|      2097152|
    +-----------+-------------------------+---------+---+----+-----+-------+-----+------+-------------+
    |Total      |                         |      348|  0|   0|   96| 294912| 3168|    15|     31457280|
    +-----------+-------------------------+---------+---+----+-----+-------+-----+------+-------------+

    * FIFO: 
    N/A

    * Expression: 
    +------------------------------------+----------+----+---+----+------------+------------+
    |            Variable Name           | Operation| DSP| FF| LUT| Bitwidth P0| Bitwidth P1|
    +------------------------------------+----------+----+---+----+------------+------------+
    |iter_count_fu_1552_p2               |         +|   0|  0|  38|          31|           1|
    |num_iterations_fu_1775_p2           |         +|   0|  0|  39|          32|           1|
    |total_pcg_iterations_1_fu_1567_p2   |         +|   0|  0|  39|          32|          32|
    |and_ln101_1_fu_1433_p2              |       and|   0|  0|   2|           1|           1|
    |and_ln101_2_fu_1439_p2              |       and|   0|  0|   2|           1|           1|
    |and_ln101_fu_1445_p2                |       and|   0|  0|   2|           1|           1|
    |and_ln144_1_fu_1535_p2              |       and|   0|  0|   2|           1|           1|
    |and_ln144_2_fu_1540_p2              |       and|   0|  0|   2|           1|           1|
    |and_ln144_fu_1546_p2                |       and|   0|  0|   2|           1|           1|
    |and_ln440_fu_1604_p2                |       and|   0|  0|   2|           1|           1|
    |and_ln79_fu_1231_p2                 |       and|   0|  0|   2|           1|           1|
    |and_ln93_fu_1296_p2                 |       and|   0|  0|   2|           1|           1|
    |and_ln97_fu_1348_p2                 |       and|   0|  0|   2|           1|           1|
    |empty_164_fu_1706_p2                |       and|   0|  0|   2|           1|           1|
    |empty_165_fu_1712_p2                |       and|   0|  0|   2|           1|           1|
    |empty_170_fu_1757_p2                |       and|   0|  0|   2|           1|           1|
    |empty_171_fu_1763_p2                |       and|   0|  0|   2|           1|           1|
    |not_or_cond105_demorgan_fu_1769_p2  |       and|   0|  0|   2|           1|           1|
    |or_cond106_fu_1791_p2               |       and|   0|  0|   2|           1|           1|
    |icmp_ln101_1_fu_1403_p2             |      icmp|   0|  0|  30|          23|           1|
    |icmp_ln101_2_fu_1415_p2             |      icmp|   0|  0|  15|           8|           2|
    |icmp_ln101_3_fu_1421_p2             |      icmp|   0|  0|  30|          23|           1|
    |icmp_ln101_fu_1397_p2               |      icmp|   0|  0|  15|           8|           2|
    |icmp_ln144_1_fu_1510_p2             |      icmp|   0|  0|  15|           8|           2|
    |icmp_ln144_2_fu_1516_p2             |      icmp|   0|  0|  30|          23|           1|
    |icmp_ln144_3_fu_1474_p2             |      icmp|   0|  0|  15|           8|           2|
    |icmp_ln144_4_fu_1480_p2             |      icmp|   0|  0|  30|          23|           1|
    |icmp_ln144_fu_1526_p2               |      icmp|   0|  0|  39|          32|          32|
    |icmp_ln325_fu_1094_p2               |      icmp|   0|  0|  39|          32|           1|
    |icmp_ln337_fu_1203_p2               |      icmp|   0|  0|  39|          32|           1|
    |icmp_ln440_fu_1598_p2               |      icmp|   0|  0|  12|           4|           1|
    |icmp_ln454_fu_1786_p2               |      icmp|   0|  0|  39|          32|          32|
    |icmp_ln460_fu_1894_p2               |      icmp|   0|  0|  39|          32|          32|
    |icmp_ln79_1_fu_1221_p2              |      icmp|   0|  0|  39|          32|          32|
    |icmp_ln79_fu_1211_p2                |      icmp|   0|  0|  39|          32|           1|
    |icmp_ln86_fu_1249_p2                |      icmp|   0|  0|  39|          32|           1|
    |icmp_ln93_1_fu_1286_p2              |      icmp|   0|  0|  30|          23|           1|
    |icmp_ln93_fu_1280_p2                |      icmp|   0|  0|  15|           8|           2|
    |icmp_ln97_1_fu_1334_p2              |      icmp|   0|  0|  59|          52|           1|
    |icmp_ln97_fu_1328_p2                |      icmp|   0|  0|  18|          11|           2|
    |notlhs195_fu_1684_p2                |      icmp|   0|  0|  15|           8|           2|
    |notlhs197_fu_1626_p2                |      icmp|   0|  0|  15|           8|           2|
    |notlhs199_fu_1735_p2                |      icmp|   0|  0|  15|           8|           2|
    |notlhs201_fu_1655_p2                |      icmp|   0|  0|  15|           8|           2|
    |notrhs196_fu_1690_p2                |      icmp|   0|  0|  30|          23|           1|
    |notrhs198_fu_1632_p2                |      icmp|   0|  0|  30|          23|           1|
    |notrhs200_fu_1741_p2                |      icmp|   0|  0|  30|          23|           1|
    |notrhs202_fu_1661_p2                |      icmp|   0|  0|  30|          23|           1|
    |ap_block_state121_io                |        or|   0|  0|   2|           1|           1|
    |ap_block_state37_on_subcall_done    |        or|   0|  0|   2|           1|           1|
    |ap_block_state76_on_subcall_done    |        or|   0|  0|   2|           1|           1|
    |ap_block_state80_on_subcall_done    |        or|   0|  0|   2|           1|           1|
    |empty_162_fu_1696_p2                |        or|   0|  0|   2|           1|           1|
    |empty_163_fu_1702_p2                |        or|   0|  0|   2|           1|           1|
    |empty_168_fu_1747_p2                |        or|   0|  0|   2|           1|           1|
    |empty_169_fu_1753_p2                |        or|   0|  0|   2|           1|           1|
    |or_ln101_1_fu_1427_p2               |        or|   0|  0|   2|           1|           1|
    |or_ln101_fu_1409_p2                 |        or|   0|  0|   2|           1|           1|
    |or_ln144_1_fu_1486_p2               |        or|   0|  0|   2|           1|           1|
    |or_ln144_fu_1531_p2                 |        or|   0|  0|   2|           1|           1|
    |or_ln93_fu_1292_p2                  |        or|   0|  0|   2|           1|           1|
    |or_ln97_fu_1344_p2                  |        or|   0|  0|   2|           1|           1|
    |denom_fu_1302_p3                    |    select|   0|  0|  32|           1|          32|
    |empty_174_fu_1936_p3                |    select|   0|  0|  31|           1|          31|
    |empty_fu_1114_p3                    |    select|   0|  0|  31|           1|          31|
    |frac_fu_1236_p3                     |    select|   0|  0|  30|           1|          30|
    |new_eps_sq_4_fu_1354_p3             |    select|   0|  0|  32|           1|          30|
    |new_eps_sq_6_fu_1450_p3             |    select|   0|  0|  32|           1|          32|
    |xor_ln79_fu_1226_p2                 |       xor|   0|  0|   2|           1|           2|
    +------------------------------------+----------+----+---+----+------------+------------+
    |Total                               |          |   0|  0|1172|         734|         415|
    +------------------------------------+----------+----+---+----+------------+------------+

    * Multiplexer: 
    +----------------------------------------------+-----+-----------+-----+-----------+
    |                     Name                     | LUT | Input Size| Bits| Total Bits|
    +----------------------------------------------+-----+-----------+-----+-----------+
    |M_inv_address0                                |   20|          4|   13|         52|
    |M_inv_ce0                                     |   20|          4|    1|          4|
    |M_inv_we0                                     |    9|          2|   32|         64|
    |ap_NS_fsm                                     |  764|        145|    1|        145|
    |ap_phi_mux_cleanup_dest_slot_1_phi_fu_735_p4  |   14|          3|    1|          3|
    |ap_sig_allocacmp_num_iterations_3             |    9|          2|   32|         64|
    |b_address0                                    |   43|          8|   13|        104|
    |b_address1                                    |   14|          3|   13|         39|
    |b_ce0                                         |   43|          8|    1|          8|
    |b_ce1                                         |   14|          3|    1|          3|
    |b_d0                                          |   20|          4|  256|       1024|
    |b_we0                                         |   20|          4|   32|        128|
    |b_we1                                         |    9|          2|   32|         64|
    |gmem0_0_ARADDR                                |   14|          3|   64|        192|
    |gmem0_0_ARLEN                                 |   14|          3|   32|         96|
    |gmem0_0_ARVALID                               |   14|          3|    1|          3|
    |gmem0_0_RREADY                                |   14|          3|    1|          3|
    |gmem1_0_ARADDR                                |   14|          3|   64|        192|
    |gmem1_0_ARLEN                                 |   14|          3|   32|         96|
    |gmem1_0_ARVALID                               |   14|          3|    1|          3|
    |gmem1_0_RREADY                                |   14|          3|    1|          3|
    |gmem2_0_ARADDR                                |   14|          3|   64|        192|
    |gmem2_0_ARLEN                                 |   14|          3|   32|         96|
    |gmem2_0_ARVALID                               |   14|          3|    1|          3|
    |gmem2_0_RREADY                                |   14|          3|    1|          3|
    |gmem3_0_ARADDR                                |   20|          4|   64|        256|
    |gmem3_0_ARLEN                                 |   20|          4|   32|        128|
    |gmem3_0_ARVALID                               |   20|          4|    1|          4|
    |gmem3_0_AWADDR                                |   54|         10|   64|        640|
    |gmem3_0_AWLEN                                 |   31|          6|   32|        192|
    |gmem3_0_AWVALID                               |   20|          4|    1|          4|
    |gmem3_0_BREADY                                |   20|          4|    1|          4|
    |gmem3_0_RREADY                                |   14|          3|    1|          3|
    |gmem3_0_WDATA                                 |   43|          8|   32|        256|
    |gmem3_0_WSTRB                                 |   20|          4|    4|         16|
    |gmem3_0_WVALID                                |   20|          4|    1|          4|
    |gmem3_blk_n_AR                                |    9|          2|    1|          2|
    |gmem3_blk_n_AW                                |    9|          2|    1|          2|
    |gmem3_blk_n_B                                 |    9|          2|    1|          2|
    |gmem3_blk_n_W                                 |    9|          2|    1|          2|
    |grp_dot_prod_1_fu_886_y_q0                    |   14|          3|  256|        768|
    |grp_dot_prod_fu_879_x_q0                      |   14|          3|  256|        768|
    |grp_dot_prod_fu_879_y_q0                      |   14|          3|  256|        768|
    |grp_fu_1013_ce                                |   54|         10|    1|         10|
    |grp_fu_1013_opcode                            |   59|         11|    2|         22|
    |grp_fu_1013_p0                                |   59|         11|   32|        352|
    |grp_fu_1013_p1                                |   59|         11|   32|        352|
    |grp_fu_1019_ce                                |   43|          8|    1|          8|
    |grp_fu_1019_opcode                            |   49|          9|    2|         18|
    |grp_fu_1019_p0                                |   49|          9|   32|        288|
    |grp_fu_1019_p1                                |   49|          9|   32|        288|
    |grp_fu_1024_ce                                |   37|          7|    1|          7|
    |grp_fu_1024_p0                                |   59|         11|   32|        352|
    |grp_fu_1024_p1                                |   59|         11|   32|        352|
    |grp_fu_1028_ce                                |   54|         10|    1|         10|
    |grp_fu_1028_p0                                |   65|         12|   32|        384|
    |grp_fu_1028_p1                                |   65|         12|   32|        384|
    |grp_fu_1034_ce                                |   14|          3|    1|          3|
    |grp_fu_1034_p0                                |   31|          6|   32|        192|
    |grp_fu_1034_p1                                |   31|          6|   32|        192|
    |grp_fu_1044_ce                                |   20|          4|    1|          4|
    |grp_fu_1044_opcode                            |   26|          5|    5|         25|
    |grp_fu_1044_p0                                |   37|          7|   32|        224|
    |grp_fu_1044_p1                                |   37|          7|   32|        224|
    |grp_fu_1050_ce                                |    9|          2|    1|          2|
    |grp_fu_1050_opcode                            |   14|          3|    5|         15|
    |grp_fu_1050_p0                                |   14|          3|   32|         96|
    |grp_fu_1050_p1                                |   14|          3|   32|         96|
    |grp_fu_2544_ce                                |   31|          6|    1|          6|
    |grp_fu_2544_p0                                |   31|          6|   32|        192|
    |grp_fu_2544_p1                                |   31|          6|   32|        192|
    |grp_fu_2548_ce                                |   20|          4|    1|          4|
    |grp_fu_2548_p0                                |   20|          4|   32|        128|
    |grp_fu_2548_p1                                |   20|          4|   32|        128|
    |grp_fu_2552_ce                                |   20|          4|    1|          4|
    |grp_fu_2552_p0                                |   20|          4|   32|        128|
    |grp_fu_2552_p1                                |   20|          4|   32|        128|
    |grp_fu_2556_ce                                |   20|          4|    1|          4|
    |grp_fu_2556_p0                                |   20|          4|   32|        128|
    |grp_fu_2556_p1                                |   20|          4|   32|        128|
    |grp_fu_2560_ce                                |   20|          4|    1|          4|
    |grp_fu_2560_p0                                |   20|          4|   32|        128|
    |grp_fu_2560_p1                                |   20|          4|   32|        128|
    |grp_fu_2564_ce                                |   20|          4|    1|          4|
    |grp_fu_2564_p0                                |   20|          4|   32|        128|
    |grp_fu_2564_p1                                |   20|          4|   32|        128|
    |grp_fu_2568_ce                                |   14|          3|    1|          3|
    |grp_fu_2568_p0                                |   14|          3|   32|         96|
    |grp_fu_2568_p1                                |   14|          3|   32|         96|
    |grp_fu_2572_ce                                |   14|          3|    1|          3|
    |grp_fu_2572_p0                                |   14|          3|   32|         96|
    |grp_fu_2572_p1                                |   14|          3|   32|         96|
    |grp_fu_2576_ce                                |   14|          3|    1|          3|
    |grp_fu_2576_p0                                |   14|          3|   32|         96|
    |grp_fu_2576_p1                                |   14|          3|   32|         96|
    |grp_fu_2580_ce                                |   14|          3|    1|          3|
    |grp_fu_2580_p0                                |   14|          3|   32|         96|
    |grp_fu_2580_p1                                |   14|          3|   32|         96|
    |grp_fu_2584_ce                                |   14|          3|    1|          3|
    |grp_fu_2584_p0                                |   14|          3|   32|         96|
    |grp_fu_2584_p1                                |   14|          3|   32|         96|
    |grp_fu_2588_ce                                |   14|          3|    1|          3|
    |grp_fu_2588_p0                                |   14|          3|   32|         96|
    |grp_fu_2588_p1                                |   14|          3|   32|         96|
    |grp_load_fu_1060_p1                           |   14|          3|   32|         96|
    |grp_spmv_csc_fu_743_A_col_ptr                 |   20|          4|   64|        256|
    |grp_spmv_csc_fu_743_A_row_idx                 |   20|          4|   64|        256|
    |grp_spmv_csc_fu_743_A_values                  |   20|          4|   64|        256|
    |grp_spmv_csc_fu_743_nnz                       |   14|          3|   32|         96|
    |grp_spmv_csc_fu_743_num_cols                  |   14|          3|   32|         96|
    |grp_spmv_csc_fu_743_num_rows                  |   14|          3|   32|         96|
    |grp_spmv_csc_fu_743_x_q0                      |   31|          6|  256|       1536|
    |grp_spmv_csc_fu_743_y_q1                      |   20|          4|  256|       1024|
    |k_1_reg_720                                   |    9|          2|   31|         62|
    |l_address0                                    |   14|          3|   16|         48|
    |l_ce0                                         |   14|          3|    1|          3|
    |l_we0                                         |    9|          2|    1|          2|
    |new_eps_sq_1_reg_690                          |    9|          2|   32|         64|
    |new_eps_sq_3_fu_316                           |    9|          2|   32|         64|
    |num_iterations_2_fu_320                       |    9|          2|   32|         64|
    |num_pcg_iterations_fu_312                     |    9|          2|   31|         62|
    |p_address0                                    |   37|          7|   13|         91|
    |p_ce0                                         |   37|          7|    1|          7|
    |p_ce1                                         |    9|          2|    1|          2|
    |p_d0                                          |   14|          3|  256|        768|
    |p_we0                                         |   14|          3|   32|         96|
    |q_address0                                    |   20|          4|   16|         64|
    |q_ce0                                         |   20|          4|    1|          4|
    |q_we0                                         |    9|          2|    1|          2|
    |rT_y_1_reg_710                                |    9|          2|   32|         64|
    |r_address0                                    |   26|          5|   13|         65|
    |r_ce0                                         |   26|          5|    1|          5|
    |r_ce1                                         |    9|          2|    1|          2|
    |r_d0                                          |   14|          3|  256|        768|
    |r_dual_fu_304                                 |    9|          2|   32|         64|
    |r_prim_fu_308                                 |    9|          2|   32|         64|
    |r_we0                                         |   14|          3|   32|         96|
    |r_we1                                         |    9|          2|   32|         64|
    |rho_address0                                  |   31|          6|   13|         78|
    |rho_ce0                                       |   31|          6|    1|          6|
    |rho_inv_address0                              |   14|          3|   13|         39|
    |rho_inv_ce0                                   |   14|          3|    1|          3|
    |rho_inv_we0                                   |    9|          2|   32|         64|
    |rho_we0                                       |    9|          2|   32|         64|
    |tmp1_address0                                 |   49|          9|   13|        117|
    |tmp1_address1                                 |   14|          3|   13|         39|
    |tmp1_ce0                                      |   49|          9|    1|          9|
    |tmp1_ce1                                      |   14|          3|    1|          3|
    |tmp1_d0                                       |   20|          4|  256|       1024|
    |tmp1_we0                                      |   20|          4|   32|        128|
    |tmp1_we1                                      |    9|          2|   32|         64|
    |tmp2_address0                                 |   43|          8|   13|        104|
    |tmp2_address1                                 |   14|          3|   13|         39|
    |tmp2_ce0                                      |   43|          8|    1|          8|
    |tmp2_ce1                                      |   14|          3|    1|          3|
    |tmp2_d0                                       |   20|          4|  256|       1024|
    |tmp2_d1                                       |   14|          3|  256|        768|
    |tmp2_we0                                      |   20|          4|   32|        128|
    |tmp2_we1                                      |   14|          3|   32|         96|
    |total_pcg_iterations_fu_300                   |    9|          2|   32|         64|
    |u_address0                                    |   14|          3|   16|         48|
    |u_ce0                                         |   14|          3|    1|          3|
    |u_we0                                         |    9|          2|    1|          2|
    |x_address0                                    |   31|          6|   13|         78|
    |x_ce0                                         |   31|          6|    1|          6|
    |x_d0                                          |   14|          3|  256|        768|
    |x_tilde_address0                              |   26|          5|   13|         65|
    |x_tilde_ce0                                   |   26|          5|    1|          5|
    |x_tilde_ce1                                   |    9|          2|    1|          2|
    |x_tilde_d0                                    |   14|          3|  256|        768|
    |x_tilde_we0                                   |   14|          3|   32|         96|
    |x_tilde_we1                                   |    9|          2|   32|         64|
    |x_we0                                         |   14|          3|   32|         96|
    |y_address0                                    |   31|          6|   13|         78|
    |y_ce0                                         |   31|          6|    1|          6|
    |y_d0                                          |   14|          3|  256|        768|
    |y_we0                                         |   14|          3|   32|         96|
    |z_address0                                    |   26|          5|   13|         65|
    |z_ce0                                         |   26|          5|    1|          5|
    |z_d0                                          |   14|          3|  256|        768|
    |z_we0                                         |   14|          3|   32|         96|
    +----------------------------------------------+-----+-----------+-----+-----------+
    |Total                                         | 4582|        906| 7071|      27225|
    +----------------------------------------------+-----+-----------+-----+-----------+

    * Register: 
    +---------------------------------------------------------+-----+----+-----+-----------+
    |                           Name                          |  FF | LUT| Bits| Const Bits|
    +---------------------------------------------------------+-----+----+-----+-----------+
    |AT_col_ptr_read_reg_2111                                 |   64|   0|   64|          0|
    |AT_row_idx_read_reg_2116                                 |   64|   0|   64|          0|
    |AT_values_read_reg_2106                                  |   64|   0|   64|          0|
    |A_col_ptr_read_reg_2132                                  |   64|   0|   64|          0|
    |A_nnz_read_reg_2121                                      |   32|   0|   32|          0|
    |A_row_idx_read_reg_2138                                  |   64|   0|   64|          0|
    |A_values_read_reg_2126                                   |   64|   0|   64|          0|
    |P_col_ptr_read_reg_2096                                  |   64|   0|   64|          0|
    |P_diag_read_reg_2081                                     |   64|   0|   64|          0|
    |P_nnz_read_reg_2086                                      |   32|   0|   32|          0|
    |P_row_idx_read_reg_2101                                  |   64|   0|   64|          0|
    |P_values_read_reg_2091                                   |   64|   0|   64|          0|
    |admm_max_iterations_read_reg_2061                        |   32|   0|   32|          0|
    |admm_num_iterations_out_read_reg_2040                    |   64|   0|   64|          0|
    |alpha_read_reg_2067                                      |   32|   0|   32|          0|
    |and_ln440_reg_2430                                       |    1|   0|    1|          0|
    |ap_CS_fsm                                                |  144|   0|  144|          0|
    |denom_reg_2329                                           |   32|   0|   32|          0|
    |empty_174_reg_2529                                       |   31|   0|   31|          0|
    |empty_reg_2233                                           |   31|   0|   31|          0|
    |eps_dual_reg_2450                                        |   32|   0|   32|          0|
    |eps_prim_reg_2444                                        |   32|   0|   32|          0|
    |gmem3_addr_3_reg_2482                                    |   64|   0|   64|          0|
    |gmem3_addr_4_reg_2488                                    |   64|   0|   64|          0|
    |gmem3_addr_5_reg_2494                                    |   64|   0|   64|          0|
    |gmem3_addr_6_reg_2500                                    |   64|   0|   64|          0|
    |gmem3_addr_7_reg_2511                                    |   64|   0|   64|          0|
    |grp_admm_Pipeline_VITIS_LOOP_115_1_fu_848_ap_start_reg   |    1|   0|    1|          0|
    |grp_admm_Pipeline_VITIS_LOOP_119_1_fu_868_ap_start_reg   |    1|   0|    1|          0|
    |grp_admm_Pipeline_VITIS_LOOP_122_2_fu_857_ap_start_reg   |    1|   0|    1|          0|
    |grp_admm_Pipeline_VITIS_LOOP_162_3_fu_892_ap_start_reg   |    1|   0|    1|          0|
    |grp_admm_Pipeline_VITIS_LOOP_183_5_fu_900_ap_start_reg   |    1|   0|    1|          0|
    |grp_admm_Pipeline_VITIS_LOOP_201_7_fu_910_ap_start_reg   |    1|   0|    1|          0|
    |grp_admm_Pipeline_VITIS_LOOP_230_9_fu_923_ap_start_reg   |    1|   0|    1|          0|
    |grp_admm_Pipeline_VITIS_LOOP_325_1_fu_803_ap_start_reg   |    1|   0|    1|          0|
    |grp_admm_Pipeline_VITIS_LOOP_337_2_fu_814_ap_start_reg   |    1|   0|    1|          0|
    |grp_admm_Pipeline_VITIS_LOOP_370_4_fu_932_ap_start_reg   |    1|   0|    1|          0|
    |grp_admm_Pipeline_VITIS_LOOP_377_5_fu_941_ap_start_reg   |    1|   0|    1|          0|
    |grp_admm_Pipeline_VITIS_LOOP_397_6_fu_956_ap_start_reg   |    1|   0|    1|          0|
    |grp_admm_Pipeline_VITIS_LOOP_417_7_fu_965_ap_start_reg   |    1|   0|    1|          0|
    |grp_admm_Pipeline_VITIS_LOOP_463_8_fu_995_ap_start_reg   |    1|   0|    1|          0|
    |grp_admm_Pipeline_VITIS_LOOP_469_9_fu_1004_ap_start_reg  |    1|   0|    1|          0|
    |grp_dot_prod_1_fu_886_ap_start_reg                       |    1|   0|    1|          0|
    |grp_dot_prod_fu_879_ap_start_reg                         |    1|   0|    1|          0|
    |grp_spmv_csc_fu_743_ap_start_reg                         |    1|   0|    1|          0|
    |grp_update_preconditioner_fu_830_ap_start_reg            |    1|   0|    1|          0|
    |icmp_ln144_1_reg_2390                                    |    1|   0|    1|          0|
    |icmp_ln144_2_reg_2395                                    |    1|   0|    1|          0|
    |icmp_ln337_reg_2272                                      |    1|   0|    1|          0|
    |icmp_ln460_reg_2506                                      |    1|   0|    1|          0|
    |icmp_ln79_1_reg_2290                                     |    1|   0|    1|          0|
    |icmp_ln79_reg_2283                                       |    1|   0|    1|          0|
    |icmp_ln93_1_reg_2324                                     |    1|   0|    1|          0|
    |icmp_ln93_reg_2319                                       |    1|   0|    1|          0|
    |icmp_ln97_1_reg_2349                                     |    1|   0|    1|          0|
    |icmp_ln97_reg_2344                                       |    1|   0|    1|          0|
    |iter_count_reg_2408                                      |   31|   0|   31|          0|
    |k_1_reg_720                                              |   31|   0|   31|          0|
    |max_dual_reg_2439                                        |   32|   0|   32|          0|
    |max_prim_reg_2434                                        |   32|   0|   32|          0|
    |mul7_i_reg_2307                                          |   32|   0|   32|          0|
    |new_eps_sq_1_reg_690                                     |   32|   0|   32|          0|
    |new_eps_sq_3_fu_316                                      |   32|   0|   32|          0|
    |new_eps_sq_4_reg_2357                                    |   32|   0|   32|          0|
    |new_eps_sq_6_reg_2364                                    |   32|   0|   32|          0|
    |norm_b_sq_reg_2375                                       |   32|   0|   32|          0|
    |notlhs197_reg_2456                                       |    1|   0|    1|          0|
    |notlhs201_reg_2466                                       |    1|   0|    1|          0|
    |notrhs198_reg_2461                                       |    1|   0|    1|          0|
    |notrhs202_reg_2471                                       |    1|   0|    1|          0|
    |num_cols_read_reg_2144                                   |   32|   0|   32|          0|
    |num_iterations_2_fu_320                                  |   32|   0|   32|          0|
    |num_pcg_iterations_fu_312                                |   31|   0|   31|          0|
    |num_rows_read_reg_2165                                   |   32|   0|   32|          0|
    |one_minus_alpha_reg_2277                                 |   32|   0|   32|          0|
    |or_ln144_1_reg_2385                                      |    1|   0|    1|          0|
    |pcg_max_iterations_read_reg_2055                         |   32|   0|   32|          0|
    |pcg_num_iterations_out_read_reg_2035                     |   64|   0|   64|          0|
    |rT_r_1_reg_700                                           |   32|   0|   32|          0|
    |rT_y_1_reg_710                                           |   32|   0|   32|          0|
    |rT_y_reg_2370                                            |   32|   0|   32|          0|
    |r_dual_fu_304                                            |   32|   0|   32|          0|
    |r_dual_out_read_reg_2025                                 |   64|   0|   64|          0|
    |r_prim_fu_308                                            |   32|   0|   32|          0|
    |r_prim_out_read_reg_2030                                 |   64|   0|   64|          0|
    |reg_1063                                                 |   32|   0|   32|          0|
    |reg_1068                                                 |   32|   0|   32|          0|
    |reg_1075                                                 |   32|   0|   32|          0|
    |reg_1081                                                 |   32|   0|   32|          0|
    |reg_1088                                                 |   32|   0|   32|          0|
    |sigma_read_reg_2074                                      |   32|   0|   32|          0|
    |status_out_read_reg_2020                                 |   64|   0|   64|          0|
    |total_pcg_iterations_1_reg_2418                          |   32|   0|   32|          0|
    |total_pcg_iterations_fu_300                              |   32|   0|   32|          0|
    |trunc_ln1_reg_2238                                       |   62|   0|   62|          0|
    |trunc_ln337_1_reg_2243                                   |   62|   0|   62|          0|
    |trunc_ln337_2_reg_2248                                   |   62|   0|   62|          0|
    |trunc_ln357_reg_2253                                     |   31|   0|   31|          0|
    |trunc_ln7_reg_2517                                       |   62|   0|   62|          0|
    |trunc_ln8_reg_2523                                       |   62|   0|   62|          0|
    |trunc_ln_reg_2227                                        |   62|   0|   62|          0|
    |x_out_read_reg_2050                                      |   64|   0|   64|          0|
    |y_out_read_reg_2045                                      |   64|   0|   64|          0|
    |zext_ln144_reg_2400                                      |   31|   0|   32|          1|
    |zext_ln325_reg_2263                                      |   31|   0|   64|         33|
    +---------------------------------------------------------+-----+----+-----+-----------+
    |Total                                                    | 3263|   0| 3297|         34|
    +---------------------------------------------------------+-----+----+-----+-----------+



================================================================
== Interface
================================================================
* Summary: 
+-------------------------+-----+-----+------------+--------------+--------------+
|        RTL Ports        | Dir | Bits|  Protocol  | Source Object|    C Type    |
+-------------------------+-----+-----+------------+--------------+--------------+
|s_axi_control_AWVALID    |   in|    1|       s_axi|       control|        scalar|
|s_axi_control_AWREADY    |  out|    1|       s_axi|       control|        scalar|
|s_axi_control_AWADDR     |   in|    7|       s_axi|       control|        scalar|
|s_axi_control_WVALID     |   in|    1|       s_axi|       control|        scalar|
|s_axi_control_WREADY     |  out|    1|       s_axi|       control|        scalar|
|s_axi_control_WDATA      |   in|   32|       s_axi|       control|        scalar|
|s_axi_control_WSTRB      |   in|    4|       s_axi|       control|        scalar|
|s_axi_control_ARVALID    |   in|    1|       s_axi|       control|        scalar|
|s_axi_control_ARREADY    |  out|    1|       s_axi|       control|        scalar|
|s_axi_control_ARADDR     |   in|    7|       s_axi|       control|        scalar|
|s_axi_control_RVALID     |  out|    1|       s_axi|       control|        scalar|
|s_axi_control_RREADY     |   in|    1|       s_axi|       control|        scalar|
|s_axi_control_RDATA      |  out|   32|       s_axi|       control|        scalar|
|s_axi_control_RRESP      |  out|    2|       s_axi|       control|        scalar|
|s_axi_control_BVALID     |  out|    1|       s_axi|       control|        scalar|
|s_axi_control_BREADY     |   in|    1|       s_axi|       control|        scalar|
|s_axi_control_BRESP      |  out|    2|       s_axi|       control|        scalar|
|s_axi_control_r_AWVALID  |   in|    1|       s_axi|     control_r|        scalar|
|s_axi_control_r_AWREADY  |  out|    1|       s_axi|     control_r|        scalar|
|s_axi_control_r_AWADDR   |   in|    9|       s_axi|     control_r|        scalar|
|s_axi_control_r_WVALID   |   in|    1|       s_axi|     control_r|        scalar|
|s_axi_control_r_WREADY   |  out|    1|       s_axi|     control_r|        scalar|
|s_axi_control_r_WDATA    |   in|   32|       s_axi|     control_r|        scalar|
|s_axi_control_r_WSTRB    |   in|    4|       s_axi|     control_r|        scalar|
|s_axi_control_r_ARVALID  |   in|    1|       s_axi|     control_r|        scalar|
|s_axi_control_r_ARREADY  |  out|    1|       s_axi|     control_r|        scalar|
|s_axi_control_r_ARADDR   |   in|    9|       s_axi|     control_r|        scalar|
|s_axi_control_r_RVALID   |  out|    1|       s_axi|     control_r|        scalar|
|s_axi_control_r_RREADY   |   in|    1|       s_axi|     control_r|        scalar|
|s_axi_control_r_RDATA    |  out|   32|       s_axi|     control_r|        scalar|
|s_axi_control_r_RRESP    |  out|    2|       s_axi|     control_r|        scalar|
|s_axi_control_r_BVALID   |  out|    1|       s_axi|     control_r|        scalar|
|s_axi_control_r_BREADY   |   in|    1|       s_axi|     control_r|        scalar|
|s_axi_control_r_BRESP    |  out|    2|       s_axi|     control_r|        scalar|
|ap_clk                   |   in|    1|  ap_ctrl_hs|          admm|  return value|
|ap_rst_n                 |   in|    1|  ap_ctrl_hs|          admm|  return value|
|interrupt                |  out|    1|  ap_ctrl_hs|          admm|  return value|
|m_axi_gmem0_AWVALID      |  out|    1|       m_axi|         gmem0|       pointer|
|m_axi_gmem0_AWREADY      |   in|    1|       m_axi|         gmem0|       pointer|
|m_axi_gmem0_AWADDR       |  out|   64|       m_axi|         gmem0|       pointer|
|m_axi_gmem0_AWID         |  out|    1|       m_axi|         gmem0|       pointer|
|m_axi_gmem0_AWLEN        |  out|    8|       m_axi|         gmem0|       pointer|
|m_axi_gmem0_AWSIZE       |  out|    3|       m_axi|         gmem0|       pointer|
|m_axi_gmem0_AWBURST      |  out|    2|       m_axi|         gmem0|       pointer|
|m_axi_gmem0_AWLOCK       |  out|    2|       m_axi|         gmem0|       pointer|
|m_axi_gmem0_AWCACHE      |  out|    4|       m_axi|         gmem0|       pointer|
|m_axi_gmem0_AWPROT       |  out|    3|       m_axi|         gmem0|       pointer|
|m_axi_gmem0_AWQOS        |  out|    4|       m_axi|         gmem0|       pointer|
|m_axi_gmem0_AWREGION     |  out|    4|       m_axi|         gmem0|       pointer|
|m_axi_gmem0_AWUSER       |  out|    1|       m_axi|         gmem0|       pointer|
|m_axi_gmem0_WVALID       |  out|    1|       m_axi|         gmem0|       pointer|
|m_axi_gmem0_WREADY       |   in|    1|       m_axi|         gmem0|       pointer|
|m_axi_gmem0_WDATA        |  out|  512|       m_axi|         gmem0|       pointer|
|m_axi_gmem0_WSTRB        |  out|   64|       m_axi|         gmem0|       pointer|
|m_axi_gmem0_WLAST        |  out|    1|       m_axi|         gmem0|       pointer|
|m_axi_gmem0_WID          |  out|    1|       m_axi|         gmem0|       pointer|
|m_axi_gmem0_WUSER        |  out|    1|       m_axi|         gmem0|       pointer|
|m_axi_gmem0_ARVALID      |  out|    1|       m_axi|         gmem0|       pointer|
|m_axi_gmem0_ARREADY      |   in|    1|       m_axi|         gmem0|       pointer|
|m_axi_gmem0_ARADDR       |  out|   64|       m_axi|         gmem0|       pointer|
|m_axi_gmem0_ARID         |  out|    1|       m_axi|         gmem0|       pointer|
|m_axi_gmem0_ARLEN        |  out|    8|       m_axi|         gmem0|       pointer|
|m_axi_gmem0_ARSIZE       |  out|    3|       m_axi|         gmem0|       pointer|
|m_axi_gmem0_ARBURST      |  out|    2|       m_axi|         gmem0|       pointer|
|m_axi_gmem0_ARLOCK       |  out|    2|       m_axi|         gmem0|       pointer|
|m_axi_gmem0_ARCACHE      |  out|    4|       m_axi|         gmem0|       pointer|
|m_axi_gmem0_ARPROT       |  out|    3|       m_axi|         gmem0|       pointer|
|m_axi_gmem0_ARQOS        |  out|    4|       m_axi|         gmem0|       pointer|
|m_axi_gmem0_ARREGION     |  out|    4|       m_axi|         gmem0|       pointer|
|m_axi_gmem0_ARUSER       |  out|    1|       m_axi|         gmem0|       pointer|
|m_axi_gmem0_RVALID       |   in|    1|       m_axi|         gmem0|       pointer|
|m_axi_gmem0_RREADY       |  out|    1|       m_axi|         gmem0|       pointer|
|m_axi_gmem0_RDATA        |   in|  512|       m_axi|         gmem0|       pointer|
|m_axi_gmem0_RLAST        |   in|    1|       m_axi|         gmem0|       pointer|
|m_axi_gmem0_RID          |   in|    1|       m_axi|         gmem0|       pointer|
|m_axi_gmem0_RUSER        |   in|    1|       m_axi|         gmem0|       pointer|
|m_axi_gmem0_RRESP        |   in|    2|       m_axi|         gmem0|       pointer|
|m_axi_gmem0_BVALID       |   in|    1|       m_axi|         gmem0|       pointer|
|m_axi_gmem0_BREADY       |  out|    1|       m_axi|         gmem0|       pointer|
|m_axi_gmem0_BRESP        |   in|    2|       m_axi|         gmem0|       pointer|
|m_axi_gmem0_BID          |   in|    1|       m_axi|         gmem0|       pointer|
|m_axi_gmem0_BUSER        |   in|    1|       m_axi|         gmem0|       pointer|
|m_axi_gmem1_AWVALID      |  out|    1|       m_axi|         gmem1|       pointer|
|m_axi_gmem1_AWREADY      |   in|    1|       m_axi|         gmem1|       pointer|
|m_axi_gmem1_AWADDR       |  out|   64|       m_axi|         gmem1|       pointer|
|m_axi_gmem1_AWID         |  out|    1|       m_axi|         gmem1|       pointer|
|m_axi_gmem1_AWLEN        |  out|    8|       m_axi|         gmem1|       pointer|
|m_axi_gmem1_AWSIZE       |  out|    3|       m_axi|         gmem1|       pointer|
|m_axi_gmem1_AWBURST      |  out|    2|       m_axi|         gmem1|       pointer|
|m_axi_gmem1_AWLOCK       |  out|    2|       m_axi|         gmem1|       pointer|
|m_axi_gmem1_AWCACHE      |  out|    4|       m_axi|         gmem1|       pointer|
|m_axi_gmem1_AWPROT       |  out|    3|       m_axi|         gmem1|       pointer|
|m_axi_gmem1_AWQOS        |  out|    4|       m_axi|         gmem1|       pointer|
|m_axi_gmem1_AWREGION     |  out|    4|       m_axi|         gmem1|       pointer|
|m_axi_gmem1_AWUSER       |  out|    1|       m_axi|         gmem1|       pointer|
|m_axi_gmem1_WVALID       |  out|    1|       m_axi|         gmem1|       pointer|
|m_axi_gmem1_WREADY       |   in|    1|       m_axi|         gmem1|       pointer|
|m_axi_gmem1_WDATA        |  out|   32|       m_axi|         gmem1|       pointer|
|m_axi_gmem1_WSTRB        |  out|    4|       m_axi|         gmem1|       pointer|
|m_axi_gmem1_WLAST        |  out|    1|       m_axi|         gmem1|       pointer|
|m_axi_gmem1_WID          |  out|    1|       m_axi|         gmem1|       pointer|
|m_axi_gmem1_WUSER        |  out|    1|       m_axi|         gmem1|       pointer|
|m_axi_gmem1_ARVALID      |  out|    1|       m_axi|         gmem1|       pointer|
|m_axi_gmem1_ARREADY      |   in|    1|       m_axi|         gmem1|       pointer|
|m_axi_gmem1_ARADDR       |  out|   64|       m_axi|         gmem1|       pointer|
|m_axi_gmem1_ARID         |  out|    1|       m_axi|         gmem1|       pointer|
|m_axi_gmem1_ARLEN        |  out|    8|       m_axi|         gmem1|       pointer|
|m_axi_gmem1_ARSIZE       |  out|    3|       m_axi|         gmem1|       pointer|
|m_axi_gmem1_ARBURST      |  out|    2|       m_axi|         gmem1|       pointer|
|m_axi_gmem1_ARLOCK       |  out|    2|       m_axi|         gmem1|       pointer|
|m_axi_gmem1_ARCACHE      |  out|    4|       m_axi|         gmem1|       pointer|
|m_axi_gmem1_ARPROT       |  out|    3|       m_axi|         gmem1|       pointer|
|m_axi_gmem1_ARQOS        |  out|    4|       m_axi|         gmem1|       pointer|
|m_axi_gmem1_ARREGION     |  out|    4|       m_axi|         gmem1|       pointer|
|m_axi_gmem1_ARUSER       |  out|    1|       m_axi|         gmem1|       pointer|
|m_axi_gmem1_RVALID       |   in|    1|       m_axi|         gmem1|       pointer|
|m_axi_gmem1_RREADY       |  out|    1|       m_axi|         gmem1|       pointer|
|m_axi_gmem1_RDATA        |   in|   32|       m_axi|         gmem1|       pointer|
|m_axi_gmem1_RLAST        |   in|    1|       m_axi|         gmem1|       pointer|
|m_axi_gmem1_RID          |   in|    1|       m_axi|         gmem1|       pointer|
|m_axi_gmem1_RUSER        |   in|    1|       m_axi|         gmem1|       pointer|
|m_axi_gmem1_RRESP        |   in|    2|       m_axi|         gmem1|       pointer|
|m_axi_gmem1_BVALID       |   in|    1|       m_axi|         gmem1|       pointer|
|m_axi_gmem1_BREADY       |  out|    1|       m_axi|         gmem1|       pointer|
|m_axi_gmem1_BRESP        |   in|    2|       m_axi|         gmem1|       pointer|
|m_axi_gmem1_BID          |   in|    1|       m_axi|         gmem1|       pointer|
|m_axi_gmem1_BUSER        |   in|    1|       m_axi|         gmem1|       pointer|
|m_axi_gmem2_AWVALID      |  out|    1|       m_axi|         gmem2|       pointer|
|m_axi_gmem2_AWREADY      |   in|    1|       m_axi|         gmem2|       pointer|
|m_axi_gmem2_AWADDR       |  out|   64|       m_axi|         gmem2|       pointer|
|m_axi_gmem2_AWID         |  out|    1|       m_axi|         gmem2|       pointer|
|m_axi_gmem2_AWLEN        |  out|    8|       m_axi|         gmem2|       pointer|
|m_axi_gmem2_AWSIZE       |  out|    3|       m_axi|         gmem2|       pointer|
|m_axi_gmem2_AWBURST      |  out|    2|       m_axi|         gmem2|       pointer|
|m_axi_gmem2_AWLOCK       |  out|    2|       m_axi|         gmem2|       pointer|
|m_axi_gmem2_AWCACHE      |  out|    4|       m_axi|         gmem2|       pointer|
|m_axi_gmem2_AWPROT       |  out|    3|       m_axi|         gmem2|       pointer|
|m_axi_gmem2_AWQOS        |  out|    4|       m_axi|         gmem2|       pointer|
|m_axi_gmem2_AWREGION     |  out|    4|       m_axi|         gmem2|       pointer|
|m_axi_gmem2_AWUSER       |  out|    1|       m_axi|         gmem2|       pointer|
|m_axi_gmem2_WVALID       |  out|    1|       m_axi|         gmem2|       pointer|
|m_axi_gmem2_WREADY       |   in|    1|       m_axi|         gmem2|       pointer|
|m_axi_gmem2_WDATA        |  out|  512|       m_axi|         gmem2|       pointer|
|m_axi_gmem2_WSTRB        |  out|   64|       m_axi|         gmem2|       pointer|
|m_axi_gmem2_WLAST        |  out|    1|       m_axi|         gmem2|       pointer|
|m_axi_gmem2_WID          |  out|    1|       m_axi|         gmem2|       pointer|
|m_axi_gmem2_WUSER        |  out|    1|       m_axi|         gmem2|       pointer|
|m_axi_gmem2_ARVALID      |  out|    1|       m_axi|         gmem2|       pointer|
|m_axi_gmem2_ARREADY      |   in|    1|       m_axi|         gmem2|       pointer|
|m_axi_gmem2_ARADDR       |  out|   64|       m_axi|         gmem2|       pointer|
|m_axi_gmem2_ARID         |  out|    1|       m_axi|         gmem2|       pointer|
|m_axi_gmem2_ARLEN        |  out|    8|       m_axi|         gmem2|       pointer|
|m_axi_gmem2_ARSIZE       |  out|    3|       m_axi|         gmem2|       pointer|
|m_axi_gmem2_ARBURST      |  out|    2|       m_axi|         gmem2|       pointer|
|m_axi_gmem2_ARLOCK       |  out|    2|       m_axi|         gmem2|       pointer|
|m_axi_gmem2_ARCACHE      |  out|    4|       m_axi|         gmem2|       pointer|
|m_axi_gmem2_ARPROT       |  out|    3|       m_axi|         gmem2|       pointer|
|m_axi_gmem2_ARQOS        |  out|    4|       m_axi|         gmem2|       pointer|
|m_axi_gmem2_ARREGION     |  out|    4|       m_axi|         gmem2|       pointer|
|m_axi_gmem2_ARUSER       |  out|    1|       m_axi|         gmem2|       pointer|
|m_axi_gmem2_RVALID       |   in|    1|       m_axi|         gmem2|       pointer|
|m_axi_gmem2_RREADY       |  out|    1|       m_axi|         gmem2|       pointer|
|m_axi_gmem2_RDATA        |   in|  512|       m_axi|         gmem2|       pointer|
|m_axi_gmem2_RLAST        |   in|    1|       m_axi|         gmem2|       pointer|
|m_axi_gmem2_RID          |   in|    1|       m_axi|         gmem2|       pointer|
|m_axi_gmem2_RUSER        |   in|    1|       m_axi|         gmem2|       pointer|
|m_axi_gmem2_RRESP        |   in|    2|       m_axi|         gmem2|       pointer|
|m_axi_gmem2_BVALID       |   in|    1|       m_axi|         gmem2|       pointer|
|m_axi_gmem2_BREADY       |  out|    1|       m_axi|         gmem2|       pointer|
|m_axi_gmem2_BRESP        |   in|    2|       m_axi|         gmem2|       pointer|
|m_axi_gmem2_BID          |   in|    1|       m_axi|         gmem2|       pointer|
|m_axi_gmem2_BUSER        |   in|    1|       m_axi|         gmem2|       pointer|
|m_axi_gmem3_AWVALID      |  out|    1|       m_axi|         gmem3|       pointer|
|m_axi_gmem3_AWREADY      |   in|    1|       m_axi|         gmem3|       pointer|
|m_axi_gmem3_AWADDR       |  out|   64|       m_axi|         gmem3|       pointer|
|m_axi_gmem3_AWID         |  out|    1|       m_axi|         gmem3|       pointer|
|m_axi_gmem3_AWLEN        |  out|    8|       m_axi|         gmem3|       pointer|
|m_axi_gmem3_AWSIZE       |  out|    3|       m_axi|         gmem3|       pointer|
|m_axi_gmem3_AWBURST      |  out|    2|       m_axi|         gmem3|       pointer|
|m_axi_gmem3_AWLOCK       |  out|    2|       m_axi|         gmem3|       pointer|
|m_axi_gmem3_AWCACHE      |  out|    4|       m_axi|         gmem3|       pointer|
|m_axi_gmem3_AWPROT       |  out|    3|       m_axi|         gmem3|       pointer|
|m_axi_gmem3_AWQOS        |  out|    4|       m_axi|         gmem3|       pointer|
|m_axi_gmem3_AWREGION     |  out|    4|       m_axi|         gmem3|       pointer|
|m_axi_gmem3_AWUSER       |  out|    1|       m_axi|         gmem3|       pointer|
|m_axi_gmem3_WVALID       |  out|    1|       m_axi|         gmem3|       pointer|
|m_axi_gmem3_WREADY       |   in|    1|       m_axi|         gmem3|       pointer|
|m_axi_gmem3_WDATA        |  out|   32|       m_axi|         gmem3|       pointer|
|m_axi_gmem3_WSTRB        |  out|    4|       m_axi|         gmem3|       pointer|
|m_axi_gmem3_WLAST        |  out|    1|       m_axi|         gmem3|       pointer|
|m_axi_gmem3_WID          |  out|    1|       m_axi|         gmem3|       pointer|
|m_axi_gmem3_WUSER        |  out|    1|       m_axi|         gmem3|       pointer|
|m_axi_gmem3_ARVALID      |  out|    1|       m_axi|         gmem3|       pointer|
|m_axi_gmem3_ARREADY      |   in|    1|       m_axi|         gmem3|       pointer|
|m_axi_gmem3_ARADDR       |  out|   64|       m_axi|         gmem3|       pointer|
|m_axi_gmem3_ARID         |  out|    1|       m_axi|         gmem3|       pointer|
|m_axi_gmem3_ARLEN        |  out|    8|       m_axi|         gmem3|       pointer|
|m_axi_gmem3_ARSIZE       |  out|    3|       m_axi|         gmem3|       pointer|
|m_axi_gmem3_ARBURST      |  out|    2|       m_axi|         gmem3|       pointer|
|m_axi_gmem3_ARLOCK       |  out|    2|       m_axi|         gmem3|       pointer|
|m_axi_gmem3_ARCACHE      |  out|    4|       m_axi|         gmem3|       pointer|
|m_axi_gmem3_ARPROT       |  out|    3|       m_axi|         gmem3|       pointer|
|m_axi_gmem3_ARQOS        |  out|    4|       m_axi|         gmem3|       pointer|
|m_axi_gmem3_ARREGION     |  out|    4|       m_axi|         gmem3|       pointer|
|m_axi_gmem3_ARUSER       |  out|    1|       m_axi|         gmem3|       pointer|
|m_axi_gmem3_RVALID       |   in|    1|       m_axi|         gmem3|       pointer|
|m_axi_gmem3_RREADY       |  out|    1|       m_axi|         gmem3|       pointer|
|m_axi_gmem3_RDATA        |   in|   32|       m_axi|         gmem3|       pointer|
|m_axi_gmem3_RLAST        |   in|    1|       m_axi|         gmem3|       pointer|
|m_axi_gmem3_RID          |   in|    1|       m_axi|         gmem3|       pointer|
|m_axi_gmem3_RUSER        |   in|    1|       m_axi|         gmem3|       pointer|
|m_axi_gmem3_RRESP        |   in|    2|       m_axi|         gmem3|       pointer|
|m_axi_gmem3_BVALID       |   in|    1|       m_axi|         gmem3|       pointer|
|m_axi_gmem3_BREADY       |  out|    1|       m_axi|         gmem3|       pointer|
|m_axi_gmem3_BRESP        |   in|    2|       m_axi|         gmem3|       pointer|
|m_axi_gmem3_BID          |   in|    1|       m_axi|         gmem3|       pointer|
|m_axi_gmem3_BUSER        |   in|    1|       m_axi|         gmem3|       pointer|
+-------------------------+-----+-----+------------+--------------+--------------+

