

================================================================
== Vitis HLS Report for 'mv_Pipeline_mac_loop'
================================================================
* Date:           Wed Apr  8 10:38:12 2026

* Version:        2024.2 (Build 5238294 on Nov  8 2024)
* Project:        mv
* Solution:       solution1 (Vivado IP Flow Target)
* Product family: zynquplus
* Target device:  xczu7ev-ffvc1156-2-e


================================================================
== Performance Estimates
================================================================
+ Timing: 
    * Summary: 
    +--------+----------+----------+------------+
    |  Clock |  Target  | Estimated| Uncertainty|
    +--------+----------+----------+------------+
    |ap_clk  |  10.00 ns|  7.016 ns|     2.70 ns|
    +--------+----------+----------+------------+

+ Latency: 
    * Summary: 
    +---------+---------+----------+-----------+-----+------+------------------------------------------------+
    |  Latency (cycles) |  Latency (absolute)  |  Interval  |                    Pipeline                    |
    |   min   |   max   |    min   |    max    | min |  max |                      Type                      |
    +---------+---------+----------+-----------+-----+------+------------------------------------------------+
    |       10|     1543|  0.100 us|  15.430 us|    6|  1539|  loop auto-rewind stp (delay=0 clock cycles(s))|
    +---------+---------+----------+-----------+-----+------+------------------------------------------------+

    + Detail: 
        * Instance: 
        N/A

        * Loop: 
        +------------+---------+---------+----------+-----------+-----------+---------+----------+
        |            |  Latency (cycles) | Iteration|  Initiation Interval  |   Trip  |          |
        |  Loop Name |   min   |   max   |  Latency |  achieved |   target  |  Count  | Pipelined|
        +------------+---------+---------+----------+-----------+-----------+---------+----------+
        |- mac_loop  |        8|     1541|         9|          3|          1|  1 ~ 512|       yes|
        +------------+---------+---------+----------+-----------+-----------+---------+----------+

============================================================
+ Verbose Summary: Synthesis Manager
============================================================
InlineROM: 1
ExposeGlobal: 0
============================================================
+ Verbose Summary: CDFG Model
============================================================
IsTopModel: 0
ResetActiveHigh: 1
IsCombinational: 0
IsDatapathOnly: 0
HasWiredReturn: 1
HasMFsm: 2
HasVarLatency: 1
IsPipeline: 0
IsRtlPipelined: 0
IsInstanceOverlapped: 0
IsDontTouch: 0
HasImplIP: 0
IsGatedGlobalClock: 0

+ Individual pipeline summary: 
  * Pipeline-0: initiation interval (II) = 3, depth = 9


============================================================
+ Verbose Summary: Schedule
============================================================
* Number of FSM states : 9
* Pipeline : 1
  Pipeline-0 : II = 3, D = 9, States = { 1 2 3 4 5 6 7 8 9 }
* Dataflow Pipeline: 0

* FSM state transitions: 
1 --> 2 
2 --> 3 
3 --> 4 
4 --> 5 
5 --> 6 
6 --> 7 
7 --> 8 
8 --> 9 
9 --> 

* FSM state operations: 

State 1 <SV = 0> <Delay = 1.85>
ST_1 : Operation 12 [1/1] (0.00ns)   --->   "%acc = alloca i32 1" [../src/mv.cpp:38]   --->   Operation 12 'alloca' 'acc' <Predicate = true> <Delay = 0.00>
ST_1 : Operation 13 [1/1] (0.00ns)   --->   "%j = alloca i32 1" [../src/mv.cpp:40]   --->   Operation 13 'alloca' 'j' <Predicate = true> <Delay = 0.00>
ST_1 : Operation 14 [1/1] (0.00ns)   --->   "%columns_read = read i31 @_ssdm_op_Read.ap_auto.i31, i31 %columns"   --->   Operation 14 'read' 'columns_read' <Predicate = true> <Delay = 0.00>
ST_1 : Operation 15 [1/1] (0.42ns)   --->   "%store_ln40 = store i31 0, i31 %j" [../src/mv.cpp:40]   --->   Operation 15 'store' 'store_ln40' <Predicate = true> <Delay = 0.42>
ST_1 : Operation 16 [1/1] (0.42ns)   --->   "%store_ln38 = store i32 0, i32 %acc" [../src/mv.cpp:38]   --->   Operation 16 'store' 'store_ln38' <Predicate = true> <Delay = 0.42>
ST_1 : Operation 17 [1/1] (0.00ns)   --->   "%br_ln0 = br void %for.inc30"   --->   Operation 17 'br' 'br_ln0' <Predicate = true> <Delay = 0.00>
ST_1 : Operation 18 [1/1] (0.00ns)   --->   "%j_1 = load i31 %j" [../src/mv.cpp:40]   --->   Operation 18 'load' 'j_1' <Predicate = true> <Delay = 0.00>
ST_1 : Operation 19 [1/1] (1.00ns)   --->   "%icmp_ln40 = icmp_eq  i31 %j_1, i31 %columns_read" [../src/mv.cpp:40]   --->   Operation 19 'icmp' 'icmp_ln40' <Predicate = true> <Delay = 1.00> <CoreInst = "Cmp">   --->   Core 9 'Cmp' <Latency = 0> <II = 1> <Delay = 1.00> <FuncUnit> <Opcode : 'seteq' 'setne' 'setle' 'setge' 'setlt' 'setgt'> <InPorts = 2> <OutPorts = 1>
ST_1 : Operation 20 [1/1] (1.00ns)   --->   "%add_ln40 = add i31 %j_1, i31 1" [../src/mv.cpp:40]   --->   Operation 20 'add' 'add_ln40' <Predicate = true> <Delay = 1.00> <CoreInst = "Adder">   --->   Core 1 'Adder' <Latency = 0> <II = 1> <Delay = 1.00> <FuncUnit> <Opcode : 'add' 'sub'> <InPorts = 2> <OutPorts = 1>
ST_1 : Operation 21 [1/1] (0.00ns)   --->   "%br_ln40 = br i1 %icmp_ln40, void %for.inc30.split, void %for.inc35.loopexit.exitStub" [../src/mv.cpp:40]   --->   Operation 21 'br' 'br_ln40' <Predicate = true> <Delay = 0.00>
ST_1 : Operation 22 [1/1] (0.00ns)   --->   "%trunc_ln40 = trunc i31 %j_1" [../src/mv.cpp:40]   --->   Operation 22 'trunc' 'trunc_ln40' <Predicate = (!icmp_ln40)> <Delay = 0.00>
ST_1 : Operation 23 [1/1] (0.00ns)   --->   "%lshr_ln2 = partselect i6 @_ssdm_op_PartSelect.i6.i31.i32.i32, i31 %j_1, i32 3, i32 8" [../src/mv.cpp:38]   --->   Operation 23 'partselect' 'lshr_ln2' <Predicate = (!icmp_ln40)> <Delay = 0.00>
ST_1 : Operation 24 [1/1] (0.00ns)   --->   "%zext_ln38 = zext i6 %lshr_ln2" [../src/mv.cpp:38]   --->   Operation 24 'zext' 'zext_ln38' <Predicate = (!icmp_ln40)> <Delay = 0.00>
ST_1 : Operation 25 [1/1] (0.00ns)   --->   "%row_buf_addr = getelementptr i32 %row_buf, i64 0, i64 %zext_ln38" [../src/mv.cpp:44]   --->   Operation 25 'getelementptr' 'row_buf_addr' <Predicate = (!icmp_ln40)> <Delay = 0.00>
ST_1 : Operation 26 [1/1] (0.00ns)   --->   "%row_buf_1_addr = getelementptr i32 %row_buf_1, i64 0, i64 %zext_ln38" [../src/mv.cpp:44]   --->   Operation 26 'getelementptr' 'row_buf_1_addr' <Predicate = (!icmp_ln40)> <Delay = 0.00>
ST_1 : Operation 27 [1/1] (0.00ns)   --->   "%row_buf_2_addr = getelementptr i32 %row_buf_2, i64 0, i64 %zext_ln38" [../src/mv.cpp:44]   --->   Operation 27 'getelementptr' 'row_buf_2_addr' <Predicate = (!icmp_ln40)> <Delay = 0.00>
ST_1 : Operation 28 [1/1] (0.00ns)   --->   "%row_buf_3_addr = getelementptr i32 %row_buf_3, i64 0, i64 %zext_ln38" [../src/mv.cpp:44]   --->   Operation 28 'getelementptr' 'row_buf_3_addr' <Predicate = (!icmp_ln40)> <Delay = 0.00>
ST_1 : Operation 29 [1/1] (0.00ns)   --->   "%row_buf_4_addr = getelementptr i32 %row_buf_4, i64 0, i64 %zext_ln38" [../src/mv.cpp:44]   --->   Operation 29 'getelementptr' 'row_buf_4_addr' <Predicate = (!icmp_ln40)> <Delay = 0.00>
ST_1 : Operation 30 [1/1] (0.00ns)   --->   "%row_buf_5_addr = getelementptr i32 %row_buf_5, i64 0, i64 %zext_ln38" [../src/mv.cpp:44]   --->   Operation 30 'getelementptr' 'row_buf_5_addr' <Predicate = (!icmp_ln40)> <Delay = 0.00>
ST_1 : Operation 31 [1/1] (0.00ns)   --->   "%row_buf_6_addr = getelementptr i32 %row_buf_6, i64 0, i64 %zext_ln38" [../src/mv.cpp:44]   --->   Operation 31 'getelementptr' 'row_buf_6_addr' <Predicate = (!icmp_ln40)> <Delay = 0.00>
ST_1 : Operation 32 [1/1] (0.00ns)   --->   "%row_buf_7_addr = getelementptr i32 %row_buf_7, i64 0, i64 %zext_ln38" [../src/mv.cpp:44]   --->   Operation 32 'getelementptr' 'row_buf_7_addr' <Predicate = (!icmp_ln40)> <Delay = 0.00>
ST_1 : Operation 33 [2/2] (1.23ns)   --->   "%row_buf_load = load i6 %row_buf_addr" [../src/mv.cpp:44]   --->   Operation 33 'load' 'row_buf_load' <Predicate = (!icmp_ln40)> <Delay = 1.23> <CoreInst = "RAM">   --->   Core 82 'RAM' <Latency = 1> <II = 1> <Delay = 1.23> <Storage> <Opcode : 'load' 'store'> <Ports = 2> <Width = 32> <Depth = 64> <RAM>
ST_1 : Operation 34 [2/2] (1.23ns)   --->   "%row_buf_1_load = load i6 %row_buf_1_addr" [../src/mv.cpp:44]   --->   Operation 34 'load' 'row_buf_1_load' <Predicate = (!icmp_ln40)> <Delay = 1.23> <CoreInst = "RAM">   --->   Core 82 'RAM' <Latency = 1> <II = 1> <Delay = 1.23> <Storage> <Opcode : 'load' 'store'> <Ports = 2> <Width = 32> <Depth = 64> <RAM>
ST_1 : Operation 35 [2/2] (1.23ns)   --->   "%row_buf_2_load = load i6 %row_buf_2_addr" [../src/mv.cpp:44]   --->   Operation 35 'load' 'row_buf_2_load' <Predicate = (!icmp_ln40)> <Delay = 1.23> <CoreInst = "RAM">   --->   Core 82 'RAM' <Latency = 1> <II = 1> <Delay = 1.23> <Storage> <Opcode : 'load' 'store'> <Ports = 2> <Width = 32> <Depth = 64> <RAM>
ST_1 : Operation 36 [2/2] (1.23ns)   --->   "%row_buf_3_load = load i6 %row_buf_3_addr" [../src/mv.cpp:44]   --->   Operation 36 'load' 'row_buf_3_load' <Predicate = (!icmp_ln40)> <Delay = 1.23> <CoreInst = "RAM">   --->   Core 82 'RAM' <Latency = 1> <II = 1> <Delay = 1.23> <Storage> <Opcode : 'load' 'store'> <Ports = 2> <Width = 32> <Depth = 64> <RAM>
ST_1 : Operation 37 [2/2] (1.23ns)   --->   "%row_buf_4_load = load i6 %row_buf_4_addr" [../src/mv.cpp:44]   --->   Operation 37 'load' 'row_buf_4_load' <Predicate = (!icmp_ln40)> <Delay = 1.23> <CoreInst = "RAM">   --->   Core 82 'RAM' <Latency = 1> <II = 1> <Delay = 1.23> <Storage> <Opcode : 'load' 'store'> <Ports = 2> <Width = 32> <Depth = 64> <RAM>
ST_1 : Operation 38 [2/2] (1.23ns)   --->   "%row_buf_5_load = load i6 %row_buf_5_addr" [../src/mv.cpp:44]   --->   Operation 38 'load' 'row_buf_5_load' <Predicate = (!icmp_ln40)> <Delay = 1.23> <CoreInst = "RAM">   --->   Core 82 'RAM' <Latency = 1> <II = 1> <Delay = 1.23> <Storage> <Opcode : 'load' 'store'> <Ports = 2> <Width = 32> <Depth = 64> <RAM>
ST_1 : Operation 39 [2/2] (1.23ns)   --->   "%row_buf_6_load = load i6 %row_buf_6_addr" [../src/mv.cpp:44]   --->   Operation 39 'load' 'row_buf_6_load' <Predicate = (!icmp_ln40)> <Delay = 1.23> <CoreInst = "RAM">   --->   Core 82 'RAM' <Latency = 1> <II = 1> <Delay = 1.23> <Storage> <Opcode : 'load' 'store'> <Ports = 2> <Width = 32> <Depth = 64> <RAM>
ST_1 : Operation 40 [2/2] (1.23ns)   --->   "%row_buf_7_load = load i6 %row_buf_7_addr" [../src/mv.cpp:44]   --->   Operation 40 'load' 'row_buf_7_load' <Predicate = (!icmp_ln40)> <Delay = 1.23> <CoreInst = "RAM">   --->   Core 82 'RAM' <Latency = 1> <II = 1> <Delay = 1.23> <Storage> <Opcode : 'load' 'store'> <Ports = 2> <Width = 32> <Depth = 64> <RAM>
ST_1 : Operation 41 [1/1] (0.00ns)   --->   "%x_buf_addr = getelementptr i32 %x_buf, i64 0, i64 %zext_ln38" [../src/mv.cpp:44]   --->   Operation 41 'getelementptr' 'x_buf_addr' <Predicate = (!icmp_ln40)> <Delay = 0.00>
ST_1 : Operation 42 [1/1] (0.00ns)   --->   "%x_buf_1_addr = getelementptr i32 %x_buf_1, i64 0, i64 %zext_ln38" [../src/mv.cpp:44]   --->   Operation 42 'getelementptr' 'x_buf_1_addr' <Predicate = (!icmp_ln40)> <Delay = 0.00>
ST_1 : Operation 43 [1/1] (0.00ns)   --->   "%x_buf_2_addr = getelementptr i32 %x_buf_2, i64 0, i64 %zext_ln38" [../src/mv.cpp:44]   --->   Operation 43 'getelementptr' 'x_buf_2_addr' <Predicate = (!icmp_ln40)> <Delay = 0.00>
ST_1 : Operation 44 [1/1] (0.00ns)   --->   "%x_buf_3_addr = getelementptr i32 %x_buf_3, i64 0, i64 %zext_ln38" [../src/mv.cpp:44]   --->   Operation 44 'getelementptr' 'x_buf_3_addr' <Predicate = (!icmp_ln40)> <Delay = 0.00>
ST_1 : Operation 45 [1/1] (0.00ns)   --->   "%x_buf_4_addr = getelementptr i32 %x_buf_4, i64 0, i64 %zext_ln38" [../src/mv.cpp:44]   --->   Operation 45 'getelementptr' 'x_buf_4_addr' <Predicate = (!icmp_ln40)> <Delay = 0.00>
ST_1 : Operation 46 [1/1] (0.00ns)   --->   "%x_buf_5_addr = getelementptr i32 %x_buf_5, i64 0, i64 %zext_ln38" [../src/mv.cpp:44]   --->   Operation 46 'getelementptr' 'x_buf_5_addr' <Predicate = (!icmp_ln40)> <Delay = 0.00>
ST_1 : Operation 47 [1/1] (0.00ns)   --->   "%x_buf_6_addr = getelementptr i32 %x_buf_6, i64 0, i64 %zext_ln38" [../src/mv.cpp:44]   --->   Operation 47 'getelementptr' 'x_buf_6_addr' <Predicate = (!icmp_ln40)> <Delay = 0.00>
ST_1 : Operation 48 [1/1] (0.00ns)   --->   "%x_buf_7_addr = getelementptr i32 %x_buf_7, i64 0, i64 %zext_ln38" [../src/mv.cpp:44]   --->   Operation 48 'getelementptr' 'x_buf_7_addr' <Predicate = (!icmp_ln40)> <Delay = 0.00>
ST_1 : Operation 49 [2/2] (1.23ns)   --->   "%x_buf_load = load i6 %x_buf_addr" [../src/mv.cpp:44]   --->   Operation 49 'load' 'x_buf_load' <Predicate = (!icmp_ln40)> <Delay = 1.23> <CoreInst = "RAM">   --->   Core 82 'RAM' <Latency = 1> <II = 1> <Delay = 1.23> <Storage> <Opcode : 'load' 'store'> <Ports = 2> <Width = 32> <Depth = 64> <RAM>
ST_1 : Operation 50 [2/2] (1.23ns)   --->   "%x_buf_1_load = load i6 %x_buf_1_addr" [../src/mv.cpp:44]   --->   Operation 50 'load' 'x_buf_1_load' <Predicate = (!icmp_ln40)> <Delay = 1.23> <CoreInst = "RAM">   --->   Core 82 'RAM' <Latency = 1> <II = 1> <Delay = 1.23> <Storage> <Opcode : 'load' 'store'> <Ports = 2> <Width = 32> <Depth = 64> <RAM>
ST_1 : Operation 51 [2/2] (1.23ns)   --->   "%x_buf_2_load = load i6 %x_buf_2_addr" [../src/mv.cpp:44]   --->   Operation 51 'load' 'x_buf_2_load' <Predicate = (!icmp_ln40)> <Delay = 1.23> <CoreInst = "RAM">   --->   Core 82 'RAM' <Latency = 1> <II = 1> <Delay = 1.23> <Storage> <Opcode : 'load' 'store'> <Ports = 2> <Width = 32> <Depth = 64> <RAM>
ST_1 : Operation 52 [2/2] (1.23ns)   --->   "%x_buf_3_load = load i6 %x_buf_3_addr" [../src/mv.cpp:44]   --->   Operation 52 'load' 'x_buf_3_load' <Predicate = (!icmp_ln40)> <Delay = 1.23> <CoreInst = "RAM">   --->   Core 82 'RAM' <Latency = 1> <II = 1> <Delay = 1.23> <Storage> <Opcode : 'load' 'store'> <Ports = 2> <Width = 32> <Depth = 64> <RAM>
ST_1 : Operation 53 [2/2] (1.23ns)   --->   "%x_buf_4_load = load i6 %x_buf_4_addr" [../src/mv.cpp:44]   --->   Operation 53 'load' 'x_buf_4_load' <Predicate = (!icmp_ln40)> <Delay = 1.23> <CoreInst = "RAM">   --->   Core 82 'RAM' <Latency = 1> <II = 1> <Delay = 1.23> <Storage> <Opcode : 'load' 'store'> <Ports = 2> <Width = 32> <Depth = 64> <RAM>
ST_1 : Operation 54 [2/2] (1.23ns)   --->   "%x_buf_5_load = load i6 %x_buf_5_addr" [../src/mv.cpp:44]   --->   Operation 54 'load' 'x_buf_5_load' <Predicate = (!icmp_ln40)> <Delay = 1.23> <CoreInst = "RAM">   --->   Core 82 'RAM' <Latency = 1> <II = 1> <Delay = 1.23> <Storage> <Opcode : 'load' 'store'> <Ports = 2> <Width = 32> <Depth = 64> <RAM>
ST_1 : Operation 55 [2/2] (1.23ns)   --->   "%x_buf_6_load = load i6 %x_buf_6_addr" [../src/mv.cpp:44]   --->   Operation 55 'load' 'x_buf_6_load' <Predicate = (!icmp_ln40)> <Delay = 1.23> <CoreInst = "RAM">   --->   Core 82 'RAM' <Latency = 1> <II = 1> <Delay = 1.23> <Storage> <Opcode : 'load' 'store'> <Ports = 2> <Width = 32> <Depth = 64> <RAM>
ST_1 : Operation 56 [2/2] (1.23ns)   --->   "%x_buf_7_load = load i6 %x_buf_7_addr" [../src/mv.cpp:44]   --->   Operation 56 'load' 'x_buf_7_load' <Predicate = (!icmp_ln40)> <Delay = 1.23> <CoreInst = "RAM">   --->   Core 82 'RAM' <Latency = 1> <II = 1> <Delay = 1.23> <Storage> <Opcode : 'load' 'store'> <Ports = 2> <Width = 32> <Depth = 64> <RAM>
ST_1 : Operation 57 [1/1] (0.42ns)   --->   "%store_ln40 = store i31 %add_ln40, i31 %j" [../src/mv.cpp:40]   --->   Operation 57 'store' 'store_ln40' <Predicate = (!icmp_ln40)> <Delay = 0.42>

State 2 <SV = 1> <Delay = 1.95>
ST_2 : Operation 58 [1/2] ( I:1.23ns O:1.23ns )   --->   "%row_buf_load = load i6 %row_buf_addr" [../src/mv.cpp:44]   --->   Operation 58 'load' 'row_buf_load' <Predicate = (!icmp_ln40)> <Delay = 1.23> <CoreInst = "RAM">   --->   Core 82 'RAM' <Latency = 1> <II = 1> <Delay = 1.23> <Storage> <Opcode : 'load' 'store'> <Ports = 2> <Width = 32> <Depth = 64> <RAM>
ST_2 : Operation 59 [1/2] ( I:1.23ns O:1.23ns )   --->   "%row_buf_1_load = load i6 %row_buf_1_addr" [../src/mv.cpp:44]   --->   Operation 59 'load' 'row_buf_1_load' <Predicate = (!icmp_ln40)> <Delay = 1.23> <CoreInst = "RAM">   --->   Core 82 'RAM' <Latency = 1> <II = 1> <Delay = 1.23> <Storage> <Opcode : 'load' 'store'> <Ports = 2> <Width = 32> <Depth = 64> <RAM>
ST_2 : Operation 60 [1/2] ( I:1.23ns O:1.23ns )   --->   "%row_buf_2_load = load i6 %row_buf_2_addr" [../src/mv.cpp:44]   --->   Operation 60 'load' 'row_buf_2_load' <Predicate = (!icmp_ln40)> <Delay = 1.23> <CoreInst = "RAM">   --->   Core 82 'RAM' <Latency = 1> <II = 1> <Delay = 1.23> <Storage> <Opcode : 'load' 'store'> <Ports = 2> <Width = 32> <Depth = 64> <RAM>
ST_2 : Operation 61 [1/2] ( I:1.23ns O:1.23ns )   --->   "%row_buf_3_load = load i6 %row_buf_3_addr" [../src/mv.cpp:44]   --->   Operation 61 'load' 'row_buf_3_load' <Predicate = (!icmp_ln40)> <Delay = 1.23> <CoreInst = "RAM">   --->   Core 82 'RAM' <Latency = 1> <II = 1> <Delay = 1.23> <Storage> <Opcode : 'load' 'store'> <Ports = 2> <Width = 32> <Depth = 64> <RAM>
ST_2 : Operation 62 [1/2] ( I:1.23ns O:1.23ns )   --->   "%row_buf_4_load = load i6 %row_buf_4_addr" [../src/mv.cpp:44]   --->   Operation 62 'load' 'row_buf_4_load' <Predicate = (!icmp_ln40)> <Delay = 1.23> <CoreInst = "RAM">   --->   Core 82 'RAM' <Latency = 1> <II = 1> <Delay = 1.23> <Storage> <Opcode : 'load' 'store'> <Ports = 2> <Width = 32> <Depth = 64> <RAM>
ST_2 : Operation 63 [1/2] ( I:1.23ns O:1.23ns )   --->   "%row_buf_5_load = load i6 %row_buf_5_addr" [../src/mv.cpp:44]   --->   Operation 63 'load' 'row_buf_5_load' <Predicate = (!icmp_ln40)> <Delay = 1.23> <CoreInst = "RAM">   --->   Core 82 'RAM' <Latency = 1> <II = 1> <Delay = 1.23> <Storage> <Opcode : 'load' 'store'> <Ports = 2> <Width = 32> <Depth = 64> <RAM>
ST_2 : Operation 64 [1/2] ( I:1.23ns O:1.23ns )   --->   "%row_buf_6_load = load i6 %row_buf_6_addr" [../src/mv.cpp:44]   --->   Operation 64 'load' 'row_buf_6_load' <Predicate = (!icmp_ln40)> <Delay = 1.23> <CoreInst = "RAM">   --->   Core 82 'RAM' <Latency = 1> <II = 1> <Delay = 1.23> <Storage> <Opcode : 'load' 'store'> <Ports = 2> <Width = 32> <Depth = 64> <RAM>
ST_2 : Operation 65 [1/2] ( I:1.23ns O:1.23ns )   --->   "%row_buf_7_load = load i6 %row_buf_7_addr" [../src/mv.cpp:44]   --->   Operation 65 'load' 'row_buf_7_load' <Predicate = (!icmp_ln40)> <Delay = 1.23> <CoreInst = "RAM">   --->   Core 82 'RAM' <Latency = 1> <II = 1> <Delay = 1.23> <Storage> <Opcode : 'load' 'store'> <Ports = 2> <Width = 32> <Depth = 64> <RAM>
ST_2 : Operation 66 [1/1] (0.72ns)   --->   "%tmp = sparsemux i32 @_ssdm_op_SparseMux.ap_auto.8float.float.i3, i3 0, i32 %row_buf_load, i3 1, i32 %row_buf_1_load, i3 2, i32 %row_buf_2_load, i3 3, i32 %row_buf_3_load, i3 4, i32 %row_buf_4_load, i3 5, i32 %row_buf_5_load, i3 6, i32 %row_buf_6_load, i3 7, i32 %row_buf_7_load, i32 <undef>, i3 %trunc_ln40" [../src/mv.cpp:44]   --->   Operation 66 'sparsemux' 'tmp' <Predicate = (!icmp_ln40)> <Delay = 0.72> <CoreInst = "BinarySparseMux_DontCare">   --->   Core 149 'BinarySparseMux_DontCare' <Latency = 0> <II = 1> <Delay = 0.72> <FuncUnit> <Opcode : 'sparsemux'> <InPorts = 2> <OutPorts = 1>
ST_2 : Operation 67 [1/2] ( I:1.23ns O:1.23ns )   --->   "%x_buf_load = load i6 %x_buf_addr" [../src/mv.cpp:44]   --->   Operation 67 'load' 'x_buf_load' <Predicate = (!icmp_ln40)> <Delay = 1.23> <CoreInst = "RAM">   --->   Core 82 'RAM' <Latency = 1> <II = 1> <Delay = 1.23> <Storage> <Opcode : 'load' 'store'> <Ports = 2> <Width = 32> <Depth = 64> <RAM>
ST_2 : Operation 68 [1/2] ( I:1.23ns O:1.23ns )   --->   "%x_buf_1_load = load i6 %x_buf_1_addr" [../src/mv.cpp:44]   --->   Operation 68 'load' 'x_buf_1_load' <Predicate = (!icmp_ln40)> <Delay = 1.23> <CoreInst = "RAM">   --->   Core 82 'RAM' <Latency = 1> <II = 1> <Delay = 1.23> <Storage> <Opcode : 'load' 'store'> <Ports = 2> <Width = 32> <Depth = 64> <RAM>
ST_2 : Operation 69 [1/2] ( I:1.23ns O:1.23ns )   --->   "%x_buf_2_load = load i6 %x_buf_2_addr" [../src/mv.cpp:44]   --->   Operation 69 'load' 'x_buf_2_load' <Predicate = (!icmp_ln40)> <Delay = 1.23> <CoreInst = "RAM">   --->   Core 82 'RAM' <Latency = 1> <II = 1> <Delay = 1.23> <Storage> <Opcode : 'load' 'store'> <Ports = 2> <Width = 32> <Depth = 64> <RAM>
ST_2 : Operation 70 [1/2] ( I:1.23ns O:1.23ns )   --->   "%x_buf_3_load = load i6 %x_buf_3_addr" [../src/mv.cpp:44]   --->   Operation 70 'load' 'x_buf_3_load' <Predicate = (!icmp_ln40)> <Delay = 1.23> <CoreInst = "RAM">   --->   Core 82 'RAM' <Latency = 1> <II = 1> <Delay = 1.23> <Storage> <Opcode : 'load' 'store'> <Ports = 2> <Width = 32> <Depth = 64> <RAM>
ST_2 : Operation 71 [1/2] ( I:1.23ns O:1.23ns )   --->   "%x_buf_4_load = load i6 %x_buf_4_addr" [../src/mv.cpp:44]   --->   Operation 71 'load' 'x_buf_4_load' <Predicate = (!icmp_ln40)> <Delay = 1.23> <CoreInst = "RAM">   --->   Core 82 'RAM' <Latency = 1> <II = 1> <Delay = 1.23> <Storage> <Opcode : 'load' 'store'> <Ports = 2> <Width = 32> <Depth = 64> <RAM>
ST_2 : Operation 72 [1/2] ( I:1.23ns O:1.23ns )   --->   "%x_buf_5_load = load i6 %x_buf_5_addr" [../src/mv.cpp:44]   --->   Operation 72 'load' 'x_buf_5_load' <Predicate = (!icmp_ln40)> <Delay = 1.23> <CoreInst = "RAM">   --->   Core 82 'RAM' <Latency = 1> <II = 1> <Delay = 1.23> <Storage> <Opcode : 'load' 'store'> <Ports = 2> <Width = 32> <Depth = 64> <RAM>
ST_2 : Operation 73 [1/2] ( I:1.23ns O:1.23ns )   --->   "%x_buf_6_load = load i6 %x_buf_6_addr" [../src/mv.cpp:44]   --->   Operation 73 'load' 'x_buf_6_load' <Predicate = (!icmp_ln40)> <Delay = 1.23> <CoreInst = "RAM">   --->   Core 82 'RAM' <Latency = 1> <II = 1> <Delay = 1.23> <Storage> <Opcode : 'load' 'store'> <Ports = 2> <Width = 32> <Depth = 64> <RAM>
ST_2 : Operation 74 [1/2] ( I:1.23ns O:1.23ns )   --->   "%x_buf_7_load = load i6 %x_buf_7_addr" [../src/mv.cpp:44]   --->   Operation 74 'load' 'x_buf_7_load' <Predicate = (!icmp_ln40)> <Delay = 1.23> <CoreInst = "RAM">   --->   Core 82 'RAM' <Latency = 1> <II = 1> <Delay = 1.23> <Storage> <Opcode : 'load' 'store'> <Ports = 2> <Width = 32> <Depth = 64> <RAM>
ST_2 : Operation 75 [1/1] (0.72ns)   --->   "%tmp_1 = sparsemux i32 @_ssdm_op_SparseMux.ap_auto.8float.float.i3, i3 0, i32 %x_buf_load, i3 1, i32 %x_buf_1_load, i3 2, i32 %x_buf_2_load, i3 3, i32 %x_buf_3_load, i3 4, i32 %x_buf_4_load, i3 5, i32 %x_buf_5_load, i3 6, i32 %x_buf_6_load, i3 7, i32 %x_buf_7_load, i32 <undef>, i3 %trunc_ln40" [../src/mv.cpp:44]   --->   Operation 75 'sparsemux' 'tmp_1' <Predicate = (!icmp_ln40)> <Delay = 0.72> <CoreInst = "BinarySparseMux_DontCare">   --->   Core 149 'BinarySparseMux_DontCare' <Latency = 0> <II = 1> <Delay = 0.72> <FuncUnit> <Opcode : 'sparsemux'> <InPorts = 2> <OutPorts = 1>

State 3 <SV = 2> <Delay = 7.01>
ST_3 : Operation 76 [3/3] (7.01ns)   --->   "%mul = fmul i32 %tmp, i32 %tmp_1" [../src/mv.cpp:44]   --->   Operation 76 'fmul' 'mul' <Predicate = (!icmp_ln40)> <Delay = 7.01> <CoreInst = "FMul_maxdsp">   --->   Core 30 'FMul_maxdsp' <Latency = 2> <II = 1> <Delay = 7.01> <FuncUnit> <Opcode : 'fmul'> <InPorts = 2> <OutPorts = 1>

State 4 <SV = 3> <Delay = 7.01>
ST_4 : Operation 77 [2/3] (7.01ns)   --->   "%mul = fmul i32 %tmp, i32 %tmp_1" [../src/mv.cpp:44]   --->   Operation 77 'fmul' 'mul' <Predicate = true> <Delay = 7.01> <CoreInst = "FMul_maxdsp">   --->   Core 30 'FMul_maxdsp' <Latency = 2> <II = 1> <Delay = 7.01> <FuncUnit> <Opcode : 'fmul'> <InPorts = 2> <OutPorts = 1>

State 5 <SV = 4> <Delay = 7.01>
ST_5 : Operation 78 [1/3] (7.01ns)   --->   "%mul = fmul i32 %tmp, i32 %tmp_1" [../src/mv.cpp:44]   --->   Operation 78 'fmul' 'mul' <Predicate = true> <Delay = 7.01> <CoreInst = "FMul_maxdsp">   --->   Core 30 'FMul_maxdsp' <Latency = 2> <II = 1> <Delay = 7.01> <FuncUnit> <Opcode : 'fmul'> <InPorts = 2> <OutPorts = 1>

State 6 <SV = 5> <Delay = 6.43>
ST_6 : Operation 79 [1/1] (0.00ns)   --->   "%acc_load = load i32 %acc" [../src/mv.cpp:44]   --->   Operation 79 'load' 'acc_load' <Predicate = true> <Delay = 0.00>
ST_6 : Operation 80 [4/4] (6.43ns)   --->   "%acc_1 = fadd i32 %acc_load, i32 %mul" [../src/mv.cpp:44]   --->   Operation 80 'fadd' 'acc_1' <Predicate = true> <Delay = 6.43> <CoreInst = "FAddSub_fulldsp">   --->   Core 18 'FAddSub_fulldsp' <Latency = 3> <II = 1> <Delay = 6.43> <FuncUnit> <Opcode : 'fadd' 'fsub'> <InPorts = 2> <OutPorts = 1>
ST_6 : Operation 89 [1/1] (0.00ns)   --->   "%acc_load_1 = load i32 %acc"   --->   Operation 89 'load' 'acc_load_1' <Predicate = (icmp_ln40)> <Delay = 0.00>
ST_6 : Operation 90 [1/1] (0.00ns)   --->   "%write_ln0 = write void @_ssdm_op_Write.ap_auto.floatP0A, i32 %acc_out, i32 %acc_load_1"   --->   Operation 90 'write' 'write_ln0' <Predicate = (icmp_ln40)> <Delay = 0.00>
ST_6 : Operation 91 [1/1] (0.42ns)   --->   "%ret_ln0 = ret"   --->   Operation 91 'ret' 'ret_ln0' <Predicate = (icmp_ln40)> <Delay = 0.42>

State 7 <SV = 6> <Delay = 6.43>
ST_7 : Operation 81 [3/4] (6.43ns)   --->   "%acc_1 = fadd i32 %acc_load, i32 %mul" [../src/mv.cpp:44]   --->   Operation 81 'fadd' 'acc_1' <Predicate = true> <Delay = 6.43> <CoreInst = "FAddSub_fulldsp">   --->   Core 18 'FAddSub_fulldsp' <Latency = 3> <II = 1> <Delay = 6.43> <FuncUnit> <Opcode : 'fadd' 'fsub'> <InPorts = 2> <OutPorts = 1>

State 8 <SV = 7> <Delay = 6.43>
ST_8 : Operation 82 [2/4] (6.43ns)   --->   "%acc_1 = fadd i32 %acc_load, i32 %mul" [../src/mv.cpp:44]   --->   Operation 82 'fadd' 'acc_1' <Predicate = true> <Delay = 6.43> <CoreInst = "FAddSub_fulldsp">   --->   Core 18 'FAddSub_fulldsp' <Latency = 3> <II = 1> <Delay = 6.43> <FuncUnit> <Opcode : 'fadd' 'fsub'> <InPorts = 2> <OutPorts = 1>

State 9 <SV = 8> <Delay = 6.86>
ST_9 : Operation 83 [1/1] (0.00ns)   --->   "%specpipeline_ln42 = specpipeline void @_ssdm_op_SpecPipeline, i32 1, i32 0, i32 0, i32 0, void @empty_8" [../src/mv.cpp:42]   --->   Operation 83 'specpipeline' 'specpipeline_ln42' <Predicate = true> <Delay = 0.00>
ST_9 : Operation 84 [1/1] (0.00ns)   --->   "%speclooptripcount_ln43 = speclooptripcount void @_ssdm_op_SpecLoopTripCount, i64 1, i64 512, i64 512" [../src/mv.cpp:43]   --->   Operation 84 'speclooptripcount' 'speclooptripcount_ln43' <Predicate = true> <Delay = 0.00>
ST_9 : Operation 85 [1/1] (0.00ns)   --->   "%specloopname_ln40 = specloopname void @_ssdm_op_SpecLoopName, void @empty_14" [../src/mv.cpp:40]   --->   Operation 85 'specloopname' 'specloopname_ln40' <Predicate = true> <Delay = 0.00>
ST_9 : Operation 86 [1/4] (6.43ns)   --->   "%acc_1 = fadd i32 %acc_load, i32 %mul" [../src/mv.cpp:44]   --->   Operation 86 'fadd' 'acc_1' <Predicate = true> <Delay = 6.43> <CoreInst = "FAddSub_fulldsp">   --->   Core 18 'FAddSub_fulldsp' <Latency = 3> <II = 1> <Delay = 6.43> <FuncUnit> <Opcode : 'fadd' 'fsub'> <InPorts = 2> <OutPorts = 1>
ST_9 : Operation 87 [1/1] (0.42ns)   --->   "%store_ln38 = store i32 %acc_1, i32 %acc" [../src/mv.cpp:38]   --->   Operation 87 'store' 'store_ln38' <Predicate = true> <Delay = 0.42>
ST_9 : Operation 88 [1/1] (0.00ns)   --->   "%br_ln40 = br void %for.inc30" [../src/mv.cpp:40]   --->   Operation 88 'br' 'br_ln40' <Predicate = true> <Delay = 0.00>


============================================================
+ Verbose Summary: Binding
============================================================
STG Binding: 
---------------- STG Properties BEGIN ----------------
- Is combinational: 0
- Is one-state seq: 0
- Is datapath-only: 0
- Is pipelined: 0
- Is top level: 0
Port [ Return ] is wired: 1; IO mode=ap_ctrl_hs:ce=0
Port [ columns]:  wired=1; compound=0; hidden=0; nouse=0; global=0; static=0; extern=0; dir=0; type=0; pingpong=0; private_global=0; IO mode=ap_none:ce=0
Port [ row_buf]:  wired=1; compound=1; hidden=0; nouse=0; global=0; static=0; extern=0; dir=0; type=1; pingpong=0; private_global=0; MemPort=[13]; IO mode=ap_memory:ce=0
Port [ row_buf_1]:  wired=1; compound=1; hidden=0; nouse=0; global=0; static=0; extern=0; dir=0; type=1; pingpong=0; private_global=0; MemPort=[13]; IO mode=ap_memory:ce=0
Port [ row_buf_2]:  wired=1; compound=1; hidden=0; nouse=0; global=0; static=0; extern=0; dir=0; type=1; pingpong=0; private_global=0; MemPort=[13]; IO mode=ap_memory:ce=0
Port [ row_buf_3]:  wired=1; compound=1; hidden=0; nouse=0; global=0; static=0; extern=0; dir=0; type=1; pingpong=0; private_global=0; MemPort=[13]; IO mode=ap_memory:ce=0
Port [ row_buf_4]:  wired=1; compound=1; hidden=0; nouse=0; global=0; static=0; extern=0; dir=0; type=1; pingpong=0; private_global=0; MemPort=[13]; IO mode=ap_memory:ce=0
Port [ row_buf_5]:  wired=1; compound=1; hidden=0; nouse=0; global=0; static=0; extern=0; dir=0; type=1; pingpong=0; private_global=0; MemPort=[13]; IO mode=ap_memory:ce=0
Port [ row_buf_6]:  wired=1; compound=1; hidden=0; nouse=0; global=0; static=0; extern=0; dir=0; type=1; pingpong=0; private_global=0; MemPort=[13]; IO mode=ap_memory:ce=0
Port [ row_buf_7]:  wired=1; compound=1; hidden=0; nouse=0; global=0; static=0; extern=0; dir=0; type=1; pingpong=0; private_global=0; MemPort=[13]; IO mode=ap_memory:ce=0
Port [ x_buf]:  wired=1; compound=1; hidden=0; nouse=0; global=0; static=0; extern=0; dir=0; type=1; pingpong=0; private_global=0; MemPort=[13]; IO mode=ap_memory:ce=0
Port [ x_buf_1]:  wired=1; compound=1; hidden=0; nouse=0; global=0; static=0; extern=0; dir=0; type=1; pingpong=0; private_global=0; MemPort=[13]; IO mode=ap_memory:ce=0
Port [ x_buf_2]:  wired=1; compound=1; hidden=0; nouse=0; global=0; static=0; extern=0; dir=0; type=1; pingpong=0; private_global=0; MemPort=[13]; IO mode=ap_memory:ce=0
Port [ x_buf_3]:  wired=1; compound=1; hidden=0; nouse=0; global=0; static=0; extern=0; dir=0; type=1; pingpong=0; private_global=0; MemPort=[13]; IO mode=ap_memory:ce=0
Port [ x_buf_4]:  wired=1; compound=1; hidden=0; nouse=0; global=0; static=0; extern=0; dir=0; type=1; pingpong=0; private_global=0; MemPort=[13]; IO mode=ap_memory:ce=0
Port [ x_buf_5]:  wired=1; compound=1; hidden=0; nouse=0; global=0; static=0; extern=0; dir=0; type=1; pingpong=0; private_global=0; MemPort=[13]; IO mode=ap_memory:ce=0
Port [ x_buf_6]:  wired=1; compound=1; hidden=0; nouse=0; global=0; static=0; extern=0; dir=0; type=1; pingpong=0; private_global=0; MemPort=[13]; IO mode=ap_memory:ce=0
Port [ x_buf_7]:  wired=1; compound=1; hidden=0; nouse=0; global=0; static=0; extern=0; dir=0; type=1; pingpong=0; private_global=0; MemPort=[13]; IO mode=ap_memory:ce=0
Port [ acc_out]:  wired=1; compound=0; hidden=0; nouse=0; global=0; static=0; extern=0; dir=1; type=0; pingpong=0; private_global=0; IO mode=ap_vld:ce=0
---------------- STG Properties END ------------------

---------------- Datapath Model BEGIN ----------------

<LifeTime>
<method=bitvector/>
acc                    (alloca           ) [ 0111111111]
j                      (alloca           ) [ 0100000000]
columns_read           (read             ) [ 0000000000]
store_ln40             (store            ) [ 0000000000]
store_ln38             (store            ) [ 0000000000]
br_ln0                 (br               ) [ 0000000000]
j_1                    (load             ) [ 0000000000]
icmp_ln40              (icmp             ) [ 0111111000]
add_ln40               (add              ) [ 0000000000]
br_ln40                (br               ) [ 0000000000]
trunc_ln40             (trunc            ) [ 0010000000]
lshr_ln2               (partselect       ) [ 0000000000]
zext_ln38              (zext             ) [ 0000000000]
row_buf_addr           (getelementptr    ) [ 0010000000]
row_buf_1_addr         (getelementptr    ) [ 0010000000]
row_buf_2_addr         (getelementptr    ) [ 0010000000]
row_buf_3_addr         (getelementptr    ) [ 0010000000]
row_buf_4_addr         (getelementptr    ) [ 0010000000]
row_buf_5_addr         (getelementptr    ) [ 0010000000]
row_buf_6_addr         (getelementptr    ) [ 0010000000]
row_buf_7_addr         (getelementptr    ) [ 0010000000]
x_buf_addr             (getelementptr    ) [ 0010000000]
x_buf_1_addr           (getelementptr    ) [ 0010000000]
x_buf_2_addr           (getelementptr    ) [ 0010000000]
x_buf_3_addr           (getelementptr    ) [ 0010000000]
x_buf_4_addr           (getelementptr    ) [ 0010000000]
x_buf_5_addr           (getelementptr    ) [ 0010000000]
x_buf_6_addr           (getelementptr    ) [ 0010000000]
x_buf_7_addr           (getelementptr    ) [ 0010000000]
store_ln40             (store            ) [ 0000000000]
row_buf_load           (load             ) [ 0000000000]
row_buf_1_load         (load             ) [ 0000000000]
row_buf_2_load         (load             ) [ 0000000000]
row_buf_3_load         (load             ) [ 0000000000]
row_buf_4_load         (load             ) [ 0000000000]
row_buf_5_load         (load             ) [ 0000000000]
row_buf_6_load         (load             ) [ 0000000000]
row_buf_7_load         (load             ) [ 0000000000]
tmp                    (sparsemux        ) [ 0111110000]
x_buf_load             (load             ) [ 0000000000]
x_buf_1_load           (load             ) [ 0000000000]
x_buf_2_load           (load             ) [ 0000000000]
x_buf_3_load           (load             ) [ 0000000000]
x_buf_4_load           (load             ) [ 0000000000]
x_buf_5_load           (load             ) [ 0000000000]
x_buf_6_load           (load             ) [ 0000000000]
x_buf_7_load           (load             ) [ 0000000000]
tmp_1                  (sparsemux        ) [ 0111110000]
mul                    (fmul             ) [ 0111001111]
acc_load               (load             ) [ 0111000111]
specpipeline_ln42      (specpipeline     ) [ 0000000000]
speclooptripcount_ln43 (speclooptripcount) [ 0000000000]
specloopname_ln40      (specloopname     ) [ 0000000000]
acc_1                  (fadd             ) [ 0000000000]
store_ln38             (store            ) [ 0000000000]
br_ln40                (br               ) [ 0000000000]
acc_load_1             (load             ) [ 0000000000]
write_ln0              (write            ) [ 0000000000]
ret_ln0                (ret              ) [ 0000000000]
</LifeTime>

<model>

<comp_list>
<comp id="0" class="1000" name="columns">
<pin_list>
<pin id="1" dir="1" index="0" bw="1" slack="0"/>
</pin_list>
<bind>
<StgValue><ssdm name="columns"/></StgValue>
</bind>
</comp>

<comp id="2" class="1000" name="row_buf">
<pin_list>
<pin id="3" dir="1" index="0" bw="1" slack="0"/>
</pin_list>
<bind>
<StgValue><ssdm name="row_buf"/><MemPortTyVec>1 3 </MemPortTyVec>
</StgValue>
</bind>
</comp>

<comp id="4" class="1000" name="row_buf_1">
<pin_list>
<pin id="5" dir="1" index="0" bw="1" slack="0"/>
</pin_list>
<bind>
<StgValue><ssdm name="row_buf_1"/><MemPortTyVec>1 3 </MemPortTyVec>
</StgValue>
</bind>
</comp>

<comp id="6" class="1000" name="row_buf_2">
<pin_list>
<pin id="7" dir="1" index="0" bw="1" slack="0"/>
</pin_list>
<bind>
<StgValue><ssdm name="row_buf_2"/><MemPortTyVec>1 3 </MemPortTyVec>
</StgValue>
</bind>
</comp>

<comp id="8" class="1000" name="row_buf_3">
<pin_list>
<pin id="9" dir="1" index="0" bw="1" slack="0"/>
</pin_list>
<bind>
<StgValue><ssdm name="row_buf_3"/><MemPortTyVec>1 3 </MemPortTyVec>
</StgValue>
</bind>
</comp>

<comp id="10" class="1000" name="row_buf_4">
<pin_list>
<pin id="11" dir="1" index="0" bw="1" slack="0"/>
</pin_list>
<bind>
<StgValue><ssdm name="row_buf_4"/><MemPortTyVec>1 3 </MemPortTyVec>
</StgValue>
</bind>
</comp>

<comp id="12" class="1000" name="row_buf_5">
<pin_list>
<pin id="13" dir="1" index="0" bw="1" slack="0"/>
</pin_list>
<bind>
<StgValue><ssdm name="row_buf_5"/><MemPortTyVec>1 3 </MemPortTyVec>
</StgValue>
</bind>
</comp>

<comp id="14" class="1000" name="row_buf_6">
<pin_list>
<pin id="15" dir="1" index="0" bw="1" slack="0"/>
</pin_list>
<bind>
<StgValue><ssdm name="row_buf_6"/><MemPortTyVec>1 3 </MemPortTyVec>
</StgValue>
</bind>
</comp>

<comp id="16" class="1000" name="row_buf_7">
<pin_list>
<pin id="17" dir="1" index="0" bw="1" slack="0"/>
</pin_list>
<bind>
<StgValue><ssdm name="row_buf_7"/><MemPortTyVec>1 3 </MemPortTyVec>
</StgValue>
</bind>
</comp>

<comp id="18" class="1000" name="x_buf">
<pin_list>
<pin id="19" dir="1" index="0" bw="1" slack="0"/>
</pin_list>
<bind>
<StgValue><ssdm name="x_buf"/><MemPortTyVec>1 3 </MemPortTyVec>
</StgValue>
</bind>
</comp>

<comp id="20" class="1000" name="x_buf_1">
<pin_list>
<pin id="21" dir="1" index="0" bw="1" slack="0"/>
</pin_list>
<bind>
<StgValue><ssdm name="x_buf_1"/><MemPortTyVec>1 3 </MemPortTyVec>
</StgValue>
</bind>
</comp>

<comp id="22" class="1000" name="x_buf_2">
<pin_list>
<pin id="23" dir="1" index="0" bw="1" slack="0"/>
</pin_list>
<bind>
<StgValue><ssdm name="x_buf_2"/><MemPortTyVec>1 3 </MemPortTyVec>
</StgValue>
</bind>
</comp>

<comp id="24" class="1000" name="x_buf_3">
<pin_list>
<pin id="25" dir="1" index="0" bw="1" slack="0"/>
</pin_list>
<bind>
<StgValue><ssdm name="x_buf_3"/><MemPortTyVec>1 3 </MemPortTyVec>
</StgValue>
</bind>
</comp>

<comp id="26" class="1000" name="x_buf_4">
<pin_list>
<pin id="27" dir="1" index="0" bw="1" slack="0"/>
</pin_list>
<bind>
<StgValue><ssdm name="x_buf_4"/><MemPortTyVec>1 3 </MemPortTyVec>
</StgValue>
</bind>
</comp>

<comp id="28" class="1000" name="x_buf_5">
<pin_list>
<pin id="29" dir="1" index="0" bw="1" slack="0"/>
</pin_list>
<bind>
<StgValue><ssdm name="x_buf_5"/><MemPortTyVec>1 3 </MemPortTyVec>
</StgValue>
</bind>
</comp>

<comp id="30" class="1000" name="x_buf_6">
<pin_list>
<pin id="31" dir="1" index="0" bw="1" slack="0"/>
</pin_list>
<bind>
<StgValue><ssdm name="x_buf_6"/><MemPortTyVec>1 3 </MemPortTyVec>
</StgValue>
</bind>
</comp>

<comp id="32" class="1000" name="x_buf_7">
<pin_list>
<pin id="33" dir="1" index="0" bw="1" slack="0"/>
</pin_list>
<bind>
<StgValue><ssdm name="x_buf_7"/><MemPortTyVec>1 3 </MemPortTyVec>
</StgValue>
</bind>
</comp>

<comp id="34" class="1000" name="acc_out">
<pin_list>
<pin id="35" dir="1" index="0" bw="1" slack="0"/>
</pin_list>
<bind>
<StgValue><ssdm name="acc_out"/></StgValue>
</bind>
</comp>

<comp id="36" class="1001" name="const_36">
<pin_list>
<pin id="37" dir="1" index="0" bw="1" slack="0"/>
</pin_list>
<bind>
<StgValue><ssdm name=""/></StgValue>
</bind>
</comp>

<comp id="38" class="1001" name="const_38">
<pin_list>
<pin id="39" dir="1" index="0" bw="1" slack="0"/>
</pin_list>
<bind>
<StgValue><ssdm name="_ssdm_op_Read.ap_auto.i31"/></StgValue>
</bind>
</comp>

<comp id="40" class="1001" name="const_40">
<pin_list>
<pin id="41" dir="1" index="0" bw="1" slack="0"/>
</pin_list>
<bind>
<StgValue><ssdm name=""/></StgValue>
</bind>
</comp>

<comp id="42" class="1001" name="const_42">
<pin_list>
<pin id="43" dir="1" index="0" bw="1" slack="0"/>
</pin_list>
<bind>
<StgValue><ssdm name=""/></StgValue>
</bind>
</comp>

<comp id="44" class="1001" name="const_44">
<pin_list>
<pin id="45" dir="1" index="0" bw="1" slack="0"/>
</pin_list>
<bind>
<StgValue><ssdm name=""/></StgValue>
</bind>
</comp>

<comp id="46" class="1001" name="const_46">
<pin_list>
<pin id="47" dir="1" index="0" bw="1" slack="0"/>
</pin_list>
<bind>
<StgValue><ssdm name="_ssdm_op_PartSelect.i6.i31.i32.i32"/></StgValue>
</bind>
</comp>

<comp id="48" class="1001" name="const_48">
<pin_list>
<pin id="49" dir="1" index="0" bw="1" slack="0"/>
</pin_list>
<bind>
<StgValue><ssdm name=""/></StgValue>
</bind>
</comp>

<comp id="50" class="1001" name="const_50">
<pin_list>
<pin id="51" dir="1" index="0" bw="1" slack="0"/>
</pin_list>
<bind>
<StgValue><ssdm name=""/></StgValue>
</bind>
</comp>

<comp id="52" class="1001" name="const_52">
<pin_list>
<pin id="53" dir="1" index="0" bw="1" slack="0"/>
</pin_list>
<bind>
<StgValue><ssdm name=""/></StgValue>
</bind>
</comp>

<comp id="54" class="1001" name="const_54">
<pin_list>
<pin id="55" dir="1" index="0" bw="1" slack="0"/>
</pin_list>
<bind>
<StgValue><ssdm name="_ssdm_op_SparseMux.ap_auto.8float.float.i3"/></StgValue>
</bind>
</comp>

<comp id="56" class="1001" name="const_56">
<pin_list>
<pin id="57" dir="1" index="0" bw="1" slack="0"/>
</pin_list>
<bind>
<StgValue><ssdm name=""/></StgValue>
</bind>
</comp>

<comp id="58" class="1001" name="const_58">
<pin_list>
<pin id="59" dir="1" index="0" bw="1" slack="0"/>
</pin_list>
<bind>
<StgValue><ssdm name=""/></StgValue>
</bind>
</comp>

<comp id="60" class="1001" name="const_60">
<pin_list>
<pin id="61" dir="1" index="0" bw="1" slack="0"/>
</pin_list>
<bind>
<StgValue><ssdm name=""/></StgValue>
</bind>
</comp>

<comp id="62" class="1001" name="const_62">
<pin_list>
<pin id="63" dir="1" index="0" bw="1" slack="0"/>
</pin_list>
<bind>
<StgValue><ssdm name=""/></StgValue>
</bind>
</comp>

<comp id="64" class="1001" name="const_64">
<pin_list>
<pin id="65" dir="1" index="0" bw="1" slack="0"/>
</pin_list>
<bind>
<StgValue><ssdm name=""/></StgValue>
</bind>
</comp>

<comp id="66" class="1001" name="const_66">
<pin_list>
<pin id="67" dir="1" index="0" bw="1" slack="0"/>
</pin_list>
<bind>
<StgValue><ssdm name=""/></StgValue>
</bind>
</comp>

<comp id="68" class="1001" name="const_68">
<pin_list>
<pin id="69" dir="1" index="0" bw="1" slack="0"/>
</pin_list>
<bind>
<StgValue><ssdm name=""/></StgValue>
</bind>
</comp>

<comp id="70" class="1001" name="const_70">
<pin_list>
<pin id="71" dir="1" index="0" bw="1" slack="0"/>
</pin_list>
<bind>
<StgValue><ssdm name=""/></StgValue>
</bind>
</comp>

<comp id="72" class="1001" name="const_72">
<pin_list>
<pin id="73" dir="1" index="0" bw="1" slack="0"/>
</pin_list>
<bind>
<StgValue><ssdm name=""/></StgValue>
</bind>
</comp>

<comp id="74" class="1001" name="const_74">
<pin_list>
<pin id="75" dir="1" index="0" bw="1" slack="2147483647"/>
</pin_list>
<bind>
<StgValue><ssdm name="_ssdm_op_SpecPipeline"/></StgValue>
</bind>
</comp>

<comp id="76" class="1001" name="const_76">
<pin_list>
<pin id="77" dir="1" index="0" bw="1" slack="2147483647"/>
</pin_list>
<bind>
<StgValue><ssdm name=""/></StgValue>
</bind>
</comp>

<comp id="78" class="1001" name="const_78">
<pin_list>
<pin id="79" dir="1" index="0" bw="1" slack="2147483647"/>
</pin_list>
<bind>
<StgValue><ssdm name="empty_8"/></StgValue>
</bind>
</comp>

<comp id="80" class="1001" name="const_80">
<pin_list>
<pin id="81" dir="1" index="0" bw="1" slack="2147483647"/>
</pin_list>
<bind>
<StgValue><ssdm name="_ssdm_op_SpecLoopTripCount"/></StgValue>
</bind>
</comp>

<comp id="82" class="1001" name="const_82">
<pin_list>
<pin id="83" dir="1" index="0" bw="1" slack="2147483647"/>
</pin_list>
<bind>
<StgValue><ssdm name=""/></StgValue>
</bind>
</comp>

<comp id="84" class="1001" name="const_84">
<pin_list>
<pin id="85" dir="1" index="0" bw="1" slack="2147483647"/>
</pin_list>
<bind>
<StgValue><ssdm name=""/></StgValue>
</bind>
</comp>

<comp id="86" class="1001" name="const_86">
<pin_list>
<pin id="87" dir="1" index="0" bw="1" slack="2147483647"/>
</pin_list>
<bind>
<StgValue><ssdm name="_ssdm_op_SpecLoopName"/></StgValue>
</bind>
</comp>

<comp id="88" class="1001" name="const_88">
<pin_list>
<pin id="89" dir="1" index="0" bw="1" slack="2147483647"/>
</pin_list>
<bind>
<StgValue><ssdm name="empty_14"/></StgValue>
</bind>
</comp>

<comp id="90" class="1001" name="const_90">
<pin_list>
<pin id="91" dir="1" index="0" bw="1" slack="0"/>
</pin_list>
<bind>
<StgValue><ssdm name="_ssdm_op_Write.ap_auto.floatP0A"/></StgValue>
</bind>
</comp>

<comp id="92" class="1004" name="acc_fu_92">
<pin_list>
<pin id="93" dir="0" index="0" bw="1" slack="0"/>
<pin id="94" dir="1" index="1" bw="32" slack="0"/>
</pin_list>
<bind>
<opcode="alloca(26) " fcode="alloca"/>
<opset="acc/1 "/>
</bind>
</comp>

<comp id="96" class="1004" name="j_fu_96">
<pin_list>
<pin id="97" dir="0" index="0" bw="1" slack="0"/>
<pin id="98" dir="1" index="1" bw="31" slack="0"/>
</pin_list>
<bind>
<opcode="alloca(26) " fcode="alloca"/>
<opset="j/1 "/>
</bind>
</comp>

<comp id="100" class="1004" name="columns_read_read_fu_100">
<pin_list>
<pin id="101" dir="0" index="0" bw="31" slack="0"/>
<pin id="102" dir="0" index="1" bw="31" slack="0"/>
<pin id="103" dir="1" index="2" bw="31" slack="0"/>
</pin_list>
<bind>
<opcode="read(1150) " fcode="read"/>
<opset="columns_read/1 "/>
</bind>
</comp>

<comp id="106" class="1004" name="write_ln0_write_fu_106">
<pin_list>
<pin id="107" dir="0" index="0" bw="0" slack="0"/>
<pin id="108" dir="0" index="1" bw="32" slack="0"/>
<pin id="109" dir="0" index="2" bw="32" slack="0"/>
<pin id="110" dir="1" index="3" bw="0" slack="2147483647"/>
</pin_list>
<bind>
<opcode="write(1151) " fcode="write"/>
<opset="write_ln0/6 "/>
</bind>
</comp>

<comp id="113" class="1004" name="row_buf_addr_gep_fu_113">
<pin_list>
<pin id="114" dir="0" index="0" bw="32" slack="0"/>
<pin id="115" dir="0" index="1" bw="1" slack="0"/>
<pin id="116" dir="0" index="2" bw="6" slack="0"/>
<pin id="117" dir="1" index="3" bw="6" slack="0"/>
</pin_list>
<bind>
<opcode="getelementptr(29) " fcode="getelementptr"/>
<opset="row_buf_addr/1 "/>
</bind>
</comp>

<comp id="120" class="1004" name="row_buf_1_addr_gep_fu_120">
<pin_list>
<pin id="121" dir="0" index="0" bw="32" slack="0"/>
<pin id="122" dir="0" index="1" bw="1" slack="0"/>
<pin id="123" dir="0" index="2" bw="6" slack="0"/>
<pin id="124" dir="1" index="3" bw="6" slack="0"/>
</pin_list>
<bind>
<opcode="getelementptr(29) " fcode="getelementptr"/>
<opset="row_buf_1_addr/1 "/>
</bind>
</comp>

<comp id="127" class="1004" name="row_buf_2_addr_gep_fu_127">
<pin_list>
<pin id="128" dir="0" index="0" bw="32" slack="0"/>
<pin id="129" dir="0" index="1" bw="1" slack="0"/>
<pin id="130" dir="0" index="2" bw="6" slack="0"/>
<pin id="131" dir="1" index="3" bw="6" slack="0"/>
</pin_list>
<bind>
<opcode="getelementptr(29) " fcode="getelementptr"/>
<opset="row_buf_2_addr/1 "/>
</bind>
</comp>

<comp id="134" class="1004" name="row_buf_3_addr_gep_fu_134">
<pin_list>
<pin id="135" dir="0" index="0" bw="32" slack="0"/>
<pin id="136" dir="0" index="1" bw="1" slack="0"/>
<pin id="137" dir="0" index="2" bw="6" slack="0"/>
<pin id="138" dir="1" index="3" bw="6" slack="0"/>
</pin_list>
<bind>
<opcode="getelementptr(29) " fcode="getelementptr"/>
<opset="row_buf_3_addr/1 "/>
</bind>
</comp>

<comp id="141" class="1004" name="row_buf_4_addr_gep_fu_141">
<pin_list>
<pin id="142" dir="0" index="0" bw="32" slack="0"/>
<pin id="143" dir="0" index="1" bw="1" slack="0"/>
<pin id="144" dir="0" index="2" bw="6" slack="0"/>
<pin id="145" dir="1" index="3" bw="6" slack="0"/>
</pin_list>
<bind>
<opcode="getelementptr(29) " fcode="getelementptr"/>
<opset="row_buf_4_addr/1 "/>
</bind>
</comp>

<comp id="148" class="1004" name="row_buf_5_addr_gep_fu_148">
<pin_list>
<pin id="149" dir="0" index="0" bw="32" slack="0"/>
<pin id="150" dir="0" index="1" bw="1" slack="0"/>
<pin id="151" dir="0" index="2" bw="6" slack="0"/>
<pin id="152" dir="1" index="3" bw="6" slack="0"/>
</pin_list>
<bind>
<opcode="getelementptr(29) " fcode="getelementptr"/>
<opset="row_buf_5_addr/1 "/>
</bind>
</comp>

<comp id="155" class="1004" name="row_buf_6_addr_gep_fu_155">
<pin_list>
<pin id="156" dir="0" index="0" bw="32" slack="0"/>
<pin id="157" dir="0" index="1" bw="1" slack="0"/>
<pin id="158" dir="0" index="2" bw="6" slack="0"/>
<pin id="159" dir="1" index="3" bw="6" slack="0"/>
</pin_list>
<bind>
<opcode="getelementptr(29) " fcode="getelementptr"/>
<opset="row_buf_6_addr/1 "/>
</bind>
</comp>

<comp id="162" class="1004" name="row_buf_7_addr_gep_fu_162">
<pin_list>
<pin id="163" dir="0" index="0" bw="32" slack="0"/>
<pin id="164" dir="0" index="1" bw="1" slack="0"/>
<pin id="165" dir="0" index="2" bw="6" slack="0"/>
<pin id="166" dir="1" index="3" bw="6" slack="0"/>
</pin_list>
<bind>
<opcode="getelementptr(29) " fcode="getelementptr"/>
<opset="row_buf_7_addr/1 "/>
</bind>
</comp>

<comp id="169" class="1004" name="grp_access_fu_169">
<pin_list>
<pin id="170" dir="0" index="0" bw="6" slack="0"/>
<pin id="171" dir="0" index="1" bw="32" slack="2147483647"/>
<pin id="172" dir="0" index="2" bw="0" slack="2147483647"/>
<pin id="173" dir="1" index="3" bw="32" slack="0"/>
</pin_list>
<bind>
<opcode="load(27) " fcode="load"/>
<opset="row_buf_load/1 "/>
</bind>
</comp>

<comp id="175" class="1004" name="grp_access_fu_175">
<pin_list>
<pin id="176" dir="0" index="0" bw="6" slack="0"/>
<pin id="177" dir="0" index="1" bw="32" slack="2147483647"/>
<pin id="178" dir="0" index="2" bw="0" slack="2147483647"/>
<pin id="179" dir="1" index="3" bw="32" slack="0"/>
</pin_list>
<bind>
<opcode="load(27) " fcode="load"/>
<opset="row_buf_1_load/1 "/>
</bind>
</comp>

<comp id="181" class="1004" name="grp_access_fu_181">
<pin_list>
<pin id="182" dir="0" index="0" bw="6" slack="0"/>
<pin id="183" dir="0" index="1" bw="32" slack="2147483647"/>
<pin id="184" dir="0" index="2" bw="0" slack="2147483647"/>
<pin id="185" dir="1" index="3" bw="32" slack="0"/>
</pin_list>
<bind>
<opcode="load(27) " fcode="load"/>
<opset="row_buf_2_load/1 "/>
</bind>
</comp>

<comp id="187" class="1004" name="grp_access_fu_187">
<pin_list>
<pin id="188" dir="0" index="0" bw="6" slack="0"/>
<pin id="189" dir="0" index="1" bw="32" slack="2147483647"/>
<pin id="190" dir="0" index="2" bw="0" slack="2147483647"/>
<pin id="191" dir="1" index="3" bw="32" slack="0"/>
</pin_list>
<bind>
<opcode="load(27) " fcode="load"/>
<opset="row_buf_3_load/1 "/>
</bind>
</comp>

<comp id="193" class="1004" name="grp_access_fu_193">
<pin_list>
<pin id="194" dir="0" index="0" bw="6" slack="0"/>
<pin id="195" dir="0" index="1" bw="32" slack="2147483647"/>
<pin id="196" dir="0" index="2" bw="0" slack="2147483647"/>
<pin id="197" dir="1" index="3" bw="32" slack="0"/>
</pin_list>
<bind>
<opcode="load(27) " fcode="load"/>
<opset="row_buf_4_load/1 "/>
</bind>
</comp>

<comp id="199" class="1004" name="grp_access_fu_199">
<pin_list>
<pin id="200" dir="0" index="0" bw="6" slack="0"/>
<pin id="201" dir="0" index="1" bw="32" slack="2147483647"/>
<pin id="202" dir="0" index="2" bw="0" slack="2147483647"/>
<pin id="203" dir="1" index="3" bw="32" slack="0"/>
</pin_list>
<bind>
<opcode="load(27) " fcode="load"/>
<opset="row_buf_5_load/1 "/>
</bind>
</comp>

<comp id="205" class="1004" name="grp_access_fu_205">
<pin_list>
<pin id="206" dir="0" index="0" bw="6" slack="0"/>
<pin id="207" dir="0" index="1" bw="32" slack="2147483647"/>
<pin id="208" dir="0" index="2" bw="0" slack="2147483647"/>
<pin id="209" dir="1" index="3" bw="32" slack="0"/>
</pin_list>
<bind>
<opcode="load(27) " fcode="load"/>
<opset="row_buf_6_load/1 "/>
</bind>
</comp>

<comp id="211" class="1004" name="grp_access_fu_211">
<pin_list>
<pin id="212" dir="0" index="0" bw="6" slack="0"/>
<pin id="213" dir="0" index="1" bw="32" slack="2147483647"/>
<pin id="214" dir="0" index="2" bw="0" slack="2147483647"/>
<pin id="215" dir="1" index="3" bw="32" slack="0"/>
</pin_list>
<bind>
<opcode="load(27) " fcode="load"/>
<opset="row_buf_7_load/1 "/>
</bind>
</comp>

<comp id="217" class="1004" name="x_buf_addr_gep_fu_217">
<pin_list>
<pin id="218" dir="0" index="0" bw="32" slack="0"/>
<pin id="219" dir="0" index="1" bw="1" slack="0"/>
<pin id="220" dir="0" index="2" bw="6" slack="0"/>
<pin id="221" dir="1" index="3" bw="6" slack="0"/>
</pin_list>
<bind>
<opcode="getelementptr(29) " fcode="getelementptr"/>
<opset="x_buf_addr/1 "/>
</bind>
</comp>

<comp id="224" class="1004" name="x_buf_1_addr_gep_fu_224">
<pin_list>
<pin id="225" dir="0" index="0" bw="32" slack="0"/>
<pin id="226" dir="0" index="1" bw="1" slack="0"/>
<pin id="227" dir="0" index="2" bw="6" slack="0"/>
<pin id="228" dir="1" index="3" bw="6" slack="0"/>
</pin_list>
<bind>
<opcode="getelementptr(29) " fcode="getelementptr"/>
<opset="x_buf_1_addr/1 "/>
</bind>
</comp>

<comp id="231" class="1004" name="x_buf_2_addr_gep_fu_231">
<pin_list>
<pin id="232" dir="0" index="0" bw="32" slack="0"/>
<pin id="233" dir="0" index="1" bw="1" slack="0"/>
<pin id="234" dir="0" index="2" bw="6" slack="0"/>
<pin id="235" dir="1" index="3" bw="6" slack="0"/>
</pin_list>
<bind>
<opcode="getelementptr(29) " fcode="getelementptr"/>
<opset="x_buf_2_addr/1 "/>
</bind>
</comp>

<comp id="238" class="1004" name="x_buf_3_addr_gep_fu_238">
<pin_list>
<pin id="239" dir="0" index="0" bw="32" slack="0"/>
<pin id="240" dir="0" index="1" bw="1" slack="0"/>
<pin id="241" dir="0" index="2" bw="6" slack="0"/>
<pin id="242" dir="1" index="3" bw="6" slack="0"/>
</pin_list>
<bind>
<opcode="getelementptr(29) " fcode="getelementptr"/>
<opset="x_buf_3_addr/1 "/>
</bind>
</comp>

<comp id="245" class="1004" name="x_buf_4_addr_gep_fu_245">
<pin_list>
<pin id="246" dir="0" index="0" bw="32" slack="0"/>
<pin id="247" dir="0" index="1" bw="1" slack="0"/>
<pin id="248" dir="0" index="2" bw="6" slack="0"/>
<pin id="249" dir="1" index="3" bw="6" slack="0"/>
</pin_list>
<bind>
<opcode="getelementptr(29) " fcode="getelementptr"/>
<opset="x_buf_4_addr/1 "/>
</bind>
</comp>

<comp id="252" class="1004" name="x_buf_5_addr_gep_fu_252">
<pin_list>
<pin id="253" dir="0" index="0" bw="32" slack="0"/>
<pin id="254" dir="0" index="1" bw="1" slack="0"/>
<pin id="255" dir="0" index="2" bw="6" slack="0"/>
<pin id="256" dir="1" index="3" bw="6" slack="0"/>
</pin_list>
<bind>
<opcode="getelementptr(29) " fcode="getelementptr"/>
<opset="x_buf_5_addr/1 "/>
</bind>
</comp>

<comp id="259" class="1004" name="x_buf_6_addr_gep_fu_259">
<pin_list>
<pin id="260" dir="0" index="0" bw="32" slack="0"/>
<pin id="261" dir="0" index="1" bw="1" slack="0"/>
<pin id="262" dir="0" index="2" bw="6" slack="0"/>
<pin id="263" dir="1" index="3" bw="6" slack="0"/>
</pin_list>
<bind>
<opcode="getelementptr(29) " fcode="getelementptr"/>
<opset="x_buf_6_addr/1 "/>
</bind>
</comp>

<comp id="266" class="1004" name="x_buf_7_addr_gep_fu_266">
<pin_list>
<pin id="267" dir="0" index="0" bw="32" slack="0"/>
<pin id="268" dir="0" index="1" bw="1" slack="0"/>
<pin id="269" dir="0" index="2" bw="6" slack="0"/>
<pin id="270" dir="1" index="3" bw="6" slack="0"/>
</pin_list>
<bind>
<opcode="getelementptr(29) " fcode="getelementptr"/>
<opset="x_buf_7_addr/1 "/>
</bind>
</comp>

<comp id="273" class="1004" name="grp_access_fu_273">
<pin_list>
<pin id="274" dir="0" index="0" bw="6" slack="0"/>
<pin id="275" dir="0" index="1" bw="32" slack="2147483647"/>
<pin id="276" dir="0" index="2" bw="0" slack="2147483647"/>
<pin id="277" dir="1" index="3" bw="32" slack="0"/>
</pin_list>
<bind>
<opcode="load(27) " fcode="load"/>
<opset="x_buf_load/1 "/>
</bind>
</comp>

<comp id="279" class="1004" name="grp_access_fu_279">
<pin_list>
<pin id="280" dir="0" index="0" bw="6" slack="0"/>
<pin id="281" dir="0" index="1" bw="32" slack="2147483647"/>
<pin id="282" dir="0" index="2" bw="0" slack="2147483647"/>
<pin id="283" dir="1" index="3" bw="32" slack="0"/>
</pin_list>
<bind>
<opcode="load(27) " fcode="load"/>
<opset="x_buf_1_load/1 "/>
</bind>
</comp>

<comp id="285" class="1004" name="grp_access_fu_285">
<pin_list>
<pin id="286" dir="0" index="0" bw="6" slack="0"/>
<pin id="287" dir="0" index="1" bw="32" slack="2147483647"/>
<pin id="288" dir="0" index="2" bw="0" slack="2147483647"/>
<pin id="289" dir="1" index="3" bw="32" slack="0"/>
</pin_list>
<bind>
<opcode="load(27) " fcode="load"/>
<opset="x_buf_2_load/1 "/>
</bind>
</comp>

<comp id="291" class="1004" name="grp_access_fu_291">
<pin_list>
<pin id="292" dir="0" index="0" bw="6" slack="0"/>
<pin id="293" dir="0" index="1" bw="32" slack="2147483647"/>
<pin id="294" dir="0" index="2" bw="0" slack="2147483647"/>
<pin id="295" dir="1" index="3" bw="32" slack="0"/>
</pin_list>
<bind>
<opcode="load(27) " fcode="load"/>
<opset="x_buf_3_load/1 "/>
</bind>
</comp>

<comp id="297" class="1004" name="grp_access_fu_297">
<pin_list>
<pin id="298" dir="0" index="0" bw="6" slack="0"/>
<pin id="299" dir="0" index="1" bw="32" slack="2147483647"/>
<pin id="300" dir="0" index="2" bw="0" slack="2147483647"/>
<pin id="301" dir="1" index="3" bw="32" slack="0"/>
</pin_list>
<bind>
<opcode="load(27) " fcode="load"/>
<opset="x_buf_4_load/1 "/>
</bind>
</comp>

<comp id="303" class="1004" name="grp_access_fu_303">
<pin_list>
<pin id="304" dir="0" index="0" bw="6" slack="0"/>
<pin id="305" dir="0" index="1" bw="32" slack="2147483647"/>
<pin id="306" dir="0" index="2" bw="0" slack="2147483647"/>
<pin id="307" dir="1" index="3" bw="32" slack="0"/>
</pin_list>
<bind>
<opcode="load(27) " fcode="load"/>
<opset="x_buf_5_load/1 "/>
</bind>
</comp>

<comp id="309" class="1004" name="grp_access_fu_309">
<pin_list>
<pin id="310" dir="0" index="0" bw="6" slack="0"/>
<pin id="311" dir="0" index="1" bw="32" slack="2147483647"/>
<pin id="312" dir="0" index="2" bw="0" slack="2147483647"/>
<pin id="313" dir="1" index="3" bw="32" slack="0"/>
</pin_list>
<bind>
<opcode="load(27) " fcode="load"/>
<opset="x_buf_6_load/1 "/>
</bind>
</comp>

<comp id="315" class="1004" name="grp_access_fu_315">
<pin_list>
<pin id="316" dir="0" index="0" bw="6" slack="0"/>
<pin id="317" dir="0" index="1" bw="32" slack="2147483647"/>
<pin id="318" dir="0" index="2" bw="0" slack="2147483647"/>
<pin id="319" dir="1" index="3" bw="32" slack="0"/>
</pin_list>
<bind>
<opcode="load(27) " fcode="load"/>
<opset="x_buf_7_load/1 "/>
</bind>
</comp>

<comp id="321" class="1004" name="grp_fu_321">
<pin_list>
<pin id="322" dir="0" index="0" bw="32" slack="0"/>
<pin id="323" dir="0" index="1" bw="32" slack="1"/>
<pin id="324" dir="1" index="2" bw="32" slack="0"/>
</pin_list>
<bind>
<opcode="fadd(9) " fcode="fadd"/>
<opset="acc_1/6 "/>
</bind>
</comp>

<comp id="325" class="1004" name="grp_fu_325">
<pin_list>
<pin id="326" dir="0" index="0" bw="32" slack="1"/>
<pin id="327" dir="0" index="1" bw="32" slack="1"/>
<pin id="328" dir="1" index="2" bw="32" slack="1"/>
</pin_list>
<bind>
<opcode="fmul(13) " fcode="fmul"/>
<opset="mul/3 "/>
</bind>
</comp>

<comp id="329" class="1004" name="store_ln40_store_fu_329">
<pin_list>
<pin id="330" dir="0" index="0" bw="1" slack="0"/>
<pin id="331" dir="0" index="1" bw="31" slack="0"/>
<pin id="332" dir="1" index="2" bw="0" slack="2147483647"/>
</pin_list>
<bind>
<opcode="store(28) " fcode="store"/>
<opset="store_ln40/1 "/>
</bind>
</comp>

<comp id="334" class="1004" name="store_ln38_store_fu_334">
<pin_list>
<pin id="335" dir="0" index="0" bw="32" slack="0"/>
<pin id="336" dir="0" index="1" bw="32" slack="0"/>
<pin id="337" dir="1" index="2" bw="0" slack="2147483647"/>
</pin_list>
<bind>
<opcode="store(28) " fcode="store"/>
<opset="store_ln38/1 "/>
</bind>
</comp>

<comp id="339" class="1004" name="j_1_load_fu_339">
<pin_list>
<pin id="340" dir="0" index="0" bw="31" slack="0"/>
<pin id="341" dir="1" index="1" bw="31" slack="0"/>
</pin_list>
<bind>
<opcode="load(27) " fcode="load"/>
<opset="j_1/1 "/>
</bind>
</comp>

<comp id="342" class="1004" name="icmp_ln40_fu_342">
<pin_list>
<pin id="343" dir="0" index="0" bw="31" slack="0"/>
<pin id="344" dir="0" index="1" bw="31" slack="0"/>
<pin id="345" dir="1" index="2" bw="1" slack="1"/>
</pin_list>
<bind>
<opcode="icmp(45) " fcode="icmp"/>
<opset="icmp_ln40/1 "/>
</bind>
</comp>

<comp id="348" class="1004" name="add_ln40_fu_348">
<pin_list>
<pin id="349" dir="0" index="0" bw="31" slack="0"/>
<pin id="350" dir="0" index="1" bw="1" slack="0"/>
<pin id="351" dir="1" index="2" bw="31" slack="0"/>
</pin_list>
<bind>
<opcode="add(8) " fcode="add"/>
<opset="add_ln40/1 "/>
</bind>
</comp>

<comp id="354" class="1004" name="trunc_ln40_fu_354">
<pin_list>
<pin id="355" dir="0" index="0" bw="31" slack="0"/>
<pin id="356" dir="1" index="1" bw="3" slack="1"/>
</pin_list>
<bind>
<opcode="trunc(33) " fcode="trunc"/>
<opset="trunc_ln40/1 "/>
</bind>
</comp>

<comp id="358" class="1004" name="lshr_ln2_fu_358">
<pin_list>
<pin id="359" dir="0" index="0" bw="6" slack="0"/>
<pin id="360" dir="0" index="1" bw="31" slack="0"/>
<pin id="361" dir="0" index="2" bw="3" slack="0"/>
<pin id="362" dir="0" index="3" bw="5" slack="0"/>
<pin id="363" dir="1" index="4" bw="6" slack="0"/>
</pin_list>
<bind>
<opcode="partselect(1002) " fcode="partselect"/>
<opset="lshr_ln2/1 "/>
</bind>
</comp>

<comp id="368" class="1004" name="zext_ln38_fu_368">
<pin_list>
<pin id="369" dir="0" index="0" bw="6" slack="0"/>
<pin id="370" dir="1" index="1" bw="64" slack="0"/>
</pin_list>
<bind>
<opcode="zext(34) " fcode="zext"/>
<opset="zext_ln38/1 "/>
</bind>
</comp>

<comp id="388" class="1004" name="store_ln40_store_fu_388">
<pin_list>
<pin id="389" dir="0" index="0" bw="31" slack="0"/>
<pin id="390" dir="0" index="1" bw="31" slack="0"/>
<pin id="391" dir="1" index="2" bw="0" slack="2147483647"/>
</pin_list>
<bind>
<opcode="store(28) " fcode="store"/>
<opset="store_ln40/1 "/>
</bind>
</comp>

<comp id="393" class="1004" name="tmp_fu_393">
<pin_list>
<pin id="394" dir="0" index="0" bw="32" slack="0"/>
<pin id="395" dir="0" index="1" bw="3" slack="0"/>
<pin id="396" dir="0" index="2" bw="32" slack="0"/>
<pin id="397" dir="0" index="3" bw="3" slack="0"/>
<pin id="398" dir="0" index="4" bw="32" slack="0"/>
<pin id="399" dir="0" index="5" bw="3" slack="0"/>
<pin id="400" dir="0" index="6" bw="32" slack="0"/>
<pin id="401" dir="0" index="7" bw="3" slack="0"/>
<pin id="402" dir="0" index="8" bw="32" slack="0"/>
<pin id="403" dir="0" index="9" bw="3" slack="0"/>
<pin id="404" dir="0" index="10" bw="32" slack="0"/>
<pin id="405" dir="0" index="11" bw="3" slack="0"/>
<pin id="406" dir="0" index="12" bw="32" slack="0"/>
<pin id="407" dir="0" index="13" bw="3" slack="0"/>
<pin id="408" dir="0" index="14" bw="32" slack="0"/>
<pin id="409" dir="0" index="15" bw="3" slack="0"/>
<pin id="410" dir="0" index="16" bw="32" slack="0"/>
<pin id="411" dir="0" index="17" bw="32" slack="0"/>
<pin id="412" dir="0" index="18" bw="3" slack="1"/>
<pin id="413" dir="1" index="19" bw="32" slack="1"/>
</pin_list>
<bind>
<opcode="sparsemux(1197) " fcode="sparsemux"/>
<opset="tmp/2 "/>
</bind>
</comp>

<comp id="432" class="1004" name="tmp_1_fu_432">
<pin_list>
<pin id="433" dir="0" index="0" bw="32" slack="0"/>
<pin id="434" dir="0" index="1" bw="3" slack="0"/>
<pin id="435" dir="0" index="2" bw="32" slack="0"/>
<pin id="436" dir="0" index="3" bw="3" slack="0"/>
<pin id="437" dir="0" index="4" bw="32" slack="0"/>
<pin id="438" dir="0" index="5" bw="3" slack="0"/>
<pin id="439" dir="0" index="6" bw="32" slack="0"/>
<pin id="440" dir="0" index="7" bw="3" slack="0"/>
<pin id="441" dir="0" index="8" bw="32" slack="0"/>
<pin id="442" dir="0" index="9" bw="3" slack="0"/>
<pin id="443" dir="0" index="10" bw="32" slack="0"/>
<pin id="444" dir="0" index="11" bw="3" slack="0"/>
<pin id="445" dir="0" index="12" bw="32" slack="0"/>
<pin id="446" dir="0" index="13" bw="3" slack="0"/>
<pin id="447" dir="0" index="14" bw="32" slack="0"/>
<pin id="448" dir="0" index="15" bw="3" slack="0"/>
<pin id="449" dir="0" index="16" bw="32" slack="0"/>
<pin id="450" dir="0" index="17" bw="32" slack="0"/>
<pin id="451" dir="0" index="18" bw="3" slack="1"/>
<pin id="452" dir="1" index="19" bw="32" slack="1"/>
</pin_list>
<bind>
<opcode="sparsemux(1197) " fcode="sparsemux"/>
<opset="tmp_1/2 "/>
</bind>
</comp>

<comp id="471" class="1004" name="acc_load_load_fu_471">
<pin_list>
<pin id="472" dir="0" index="0" bw="32" slack="5"/>
<pin id="473" dir="1" index="1" bw="32" slack="0"/>
</pin_list>
<bind>
<opcode="load(27) " fcode="load"/>
<opset="acc_load/6 "/>
</bind>
</comp>

<comp id="475" class="1004" name="store_ln38_store_fu_475">
<pin_list>
<pin id="476" dir="0" index="0" bw="32" slack="0"/>
<pin id="477" dir="0" index="1" bw="32" slack="8"/>
<pin id="478" dir="1" index="2" bw="0" slack="2147483647"/>
</pin_list>
<bind>
<opcode="store(28) " fcode="store"/>
<opset="store_ln38/9 "/>
</bind>
</comp>

<comp id="480" class="1004" name="acc_load_1_load_fu_480">
<pin_list>
<pin id="481" dir="0" index="0" bw="32" slack="5"/>
<pin id="482" dir="1" index="1" bw="32" slack="0"/>
</pin_list>
<bind>
<opcode="load(27) " fcode="load"/>
<opset="acc_load_1/6 "/>
</bind>
</comp>

<comp id="484" class="1005" name="acc_reg_484">
<pin_list>
<pin id="485" dir="0" index="0" bw="32" slack="0"/>
<pin id="486" dir="1" index="1" bw="32" slack="0"/>
</pin_list>
<bind>
<opset="acc "/>
</bind>
</comp>

<comp id="492" class="1005" name="j_reg_492">
<pin_list>
<pin id="493" dir="0" index="0" bw="31" slack="0"/>
<pin id="494" dir="1" index="1" bw="31" slack="0"/>
</pin_list>
<bind>
<opset="j "/>
</bind>
</comp>

<comp id="499" class="1005" name="icmp_ln40_reg_499">
<pin_list>
<pin id="500" dir="0" index="0" bw="1" slack="1"/>
<pin id="501" dir="1" index="1" bw="1" slack="2147483647"/>
</pin_list>
<bind>
<opset="icmp_ln40 "/>
</bind>
</comp>

<comp id="503" class="1005" name="trunc_ln40_reg_503">
<pin_list>
<pin id="504" dir="0" index="0" bw="3" slack="1"/>
<pin id="505" dir="1" index="1" bw="3" slack="1"/>
</pin_list>
<bind>
<opset="trunc_ln40 "/>
</bind>
</comp>

<comp id="509" class="1005" name="row_buf_addr_reg_509">
<pin_list>
<pin id="510" dir="0" index="0" bw="6" slack="1"/>
<pin id="511" dir="1" index="1" bw="6" slack="1"/>
</pin_list>
<bind>
<opset="row_buf_addr "/>
</bind>
</comp>

<comp id="514" class="1005" name="row_buf_1_addr_reg_514">
<pin_list>
<pin id="515" dir="0" index="0" bw="6" slack="1"/>
<pin id="516" dir="1" index="1" bw="6" slack="1"/>
</pin_list>
<bind>
<opset="row_buf_1_addr "/>
</bind>
</comp>

<comp id="519" class="1005" name="row_buf_2_addr_reg_519">
<pin_list>
<pin id="520" dir="0" index="0" bw="6" slack="1"/>
<pin id="521" dir="1" index="1" bw="6" slack="1"/>
</pin_list>
<bind>
<opset="row_buf_2_addr "/>
</bind>
</comp>

<comp id="524" class="1005" name="row_buf_3_addr_reg_524">
<pin_list>
<pin id="525" dir="0" index="0" bw="6" slack="1"/>
<pin id="526" dir="1" index="1" bw="6" slack="1"/>
</pin_list>
<bind>
<opset="row_buf_3_addr "/>
</bind>
</comp>

<comp id="529" class="1005" name="row_buf_4_addr_reg_529">
<pin_list>
<pin id="530" dir="0" index="0" bw="6" slack="1"/>
<pin id="531" dir="1" index="1" bw="6" slack="1"/>
</pin_list>
<bind>
<opset="row_buf_4_addr "/>
</bind>
</comp>

<comp id="534" class="1005" name="row_buf_5_addr_reg_534">
<pin_list>
<pin id="535" dir="0" index="0" bw="6" slack="1"/>
<pin id="536" dir="1" index="1" bw="6" slack="1"/>
</pin_list>
<bind>
<opset="row_buf_5_addr "/>
</bind>
</comp>

<comp id="539" class="1005" name="row_buf_6_addr_reg_539">
<pin_list>
<pin id="540" dir="0" index="0" bw="6" slack="1"/>
<pin id="541" dir="1" index="1" bw="6" slack="1"/>
</pin_list>
<bind>
<opset="row_buf_6_addr "/>
</bind>
</comp>

<comp id="544" class="1005" name="row_buf_7_addr_reg_544">
<pin_list>
<pin id="545" dir="0" index="0" bw="6" slack="1"/>
<pin id="546" dir="1" index="1" bw="6" slack="1"/>
</pin_list>
<bind>
<opset="row_buf_7_addr "/>
</bind>
</comp>

<comp id="549" class="1005" name="x_buf_addr_reg_549">
<pin_list>
<pin id="550" dir="0" index="0" bw="6" slack="1"/>
<pin id="551" dir="1" index="1" bw="6" slack="1"/>
</pin_list>
<bind>
<opset="x_buf_addr "/>
</bind>
</comp>

<comp id="554" class="1005" name="x_buf_1_addr_reg_554">
<pin_list>
<pin id="555" dir="0" index="0" bw="6" slack="1"/>
<pin id="556" dir="1" index="1" bw="6" slack="1"/>
</pin_list>
<bind>
<opset="x_buf_1_addr "/>
</bind>
</comp>

<comp id="559" class="1005" name="x_buf_2_addr_reg_559">
<pin_list>
<pin id="560" dir="0" index="0" bw="6" slack="1"/>
<pin id="561" dir="1" index="1" bw="6" slack="1"/>
</pin_list>
<bind>
<opset="x_buf_2_addr "/>
</bind>
</comp>

<comp id="564" class="1005" name="x_buf_3_addr_reg_564">
<pin_list>
<pin id="565" dir="0" index="0" bw="6" slack="1"/>
<pin id="566" dir="1" index="1" bw="6" slack="1"/>
</pin_list>
<bind>
<opset="x_buf_3_addr "/>
</bind>
</comp>

<comp id="569" class="1005" name="x_buf_4_addr_reg_569">
<pin_list>
<pin id="570" dir="0" index="0" bw="6" slack="1"/>
<pin id="571" dir="1" index="1" bw="6" slack="1"/>
</pin_list>
<bind>
<opset="x_buf_4_addr "/>
</bind>
</comp>

<comp id="574" class="1005" name="x_buf_5_addr_reg_574">
<pin_list>
<pin id="575" dir="0" index="0" bw="6" slack="1"/>
<pin id="576" dir="1" index="1" bw="6" slack="1"/>
</pin_list>
<bind>
<opset="x_buf_5_addr "/>
</bind>
</comp>

<comp id="579" class="1005" name="x_buf_6_addr_reg_579">
<pin_list>
<pin id="580" dir="0" index="0" bw="6" slack="1"/>
<pin id="581" dir="1" index="1" bw="6" slack="1"/>
</pin_list>
<bind>
<opset="x_buf_6_addr "/>
</bind>
</comp>

<comp id="584" class="1005" name="x_buf_7_addr_reg_584">
<pin_list>
<pin id="585" dir="0" index="0" bw="6" slack="1"/>
<pin id="586" dir="1" index="1" bw="6" slack="1"/>
</pin_list>
<bind>
<opset="x_buf_7_addr "/>
</bind>
</comp>

<comp id="589" class="1005" name="tmp_reg_589">
<pin_list>
<pin id="590" dir="0" index="0" bw="32" slack="1"/>
<pin id="591" dir="1" index="1" bw="32" slack="1"/>
</pin_list>
<bind>
<opset="tmp "/>
</bind>
</comp>

<comp id="594" class="1005" name="tmp_1_reg_594">
<pin_list>
<pin id="595" dir="0" index="0" bw="32" slack="1"/>
<pin id="596" dir="1" index="1" bw="32" slack="1"/>
</pin_list>
<bind>
<opset="tmp_1 "/>
</bind>
</comp>

<comp id="599" class="1005" name="mul_reg_599">
<pin_list>
<pin id="600" dir="0" index="0" bw="32" slack="1"/>
<pin id="601" dir="1" index="1" bw="32" slack="1"/>
</pin_list>
<bind>
<opset="mul "/>
</bind>
</comp>

<comp id="604" class="1005" name="acc_load_reg_604">
<pin_list>
<pin id="605" dir="0" index="0" bw="32" slack="1"/>
<pin id="606" dir="1" index="1" bw="32" slack="1"/>
</pin_list>
<bind>
<opset="acc_load "/>
</bind>
</comp>

</comp_list>

<net_list>
<net id="95"><net_src comp="36" pin="0"/><net_sink comp="92" pin=0"/></net>

<net id="99"><net_src comp="36" pin="0"/><net_sink comp="96" pin=0"/></net>

<net id="104"><net_src comp="38" pin="0"/><net_sink comp="100" pin=0"/></net>

<net id="105"><net_src comp="0" pin="0"/><net_sink comp="100" pin=1"/></net>

<net id="111"><net_src comp="90" pin="0"/><net_sink comp="106" pin=0"/></net>

<net id="112"><net_src comp="34" pin="0"/><net_sink comp="106" pin=1"/></net>

<net id="118"><net_src comp="2" pin="0"/><net_sink comp="113" pin=0"/></net>

<net id="119"><net_src comp="52" pin="0"/><net_sink comp="113" pin=1"/></net>

<net id="125"><net_src comp="4" pin="0"/><net_sink comp="120" pin=0"/></net>

<net id="126"><net_src comp="52" pin="0"/><net_sink comp="120" pin=1"/></net>

<net id="132"><net_src comp="6" pin="0"/><net_sink comp="127" pin=0"/></net>

<net id="133"><net_src comp="52" pin="0"/><net_sink comp="127" pin=1"/></net>

<net id="139"><net_src comp="8" pin="0"/><net_sink comp="134" pin=0"/></net>

<net id="140"><net_src comp="52" pin="0"/><net_sink comp="134" pin=1"/></net>

<net id="146"><net_src comp="10" pin="0"/><net_sink comp="141" pin=0"/></net>

<net id="147"><net_src comp="52" pin="0"/><net_sink comp="141" pin=1"/></net>

<net id="153"><net_src comp="12" pin="0"/><net_sink comp="148" pin=0"/></net>

<net id="154"><net_src comp="52" pin="0"/><net_sink comp="148" pin=1"/></net>

<net id="160"><net_src comp="14" pin="0"/><net_sink comp="155" pin=0"/></net>

<net id="161"><net_src comp="52" pin="0"/><net_sink comp="155" pin=1"/></net>

<net id="167"><net_src comp="16" pin="0"/><net_sink comp="162" pin=0"/></net>

<net id="168"><net_src comp="52" pin="0"/><net_sink comp="162" pin=1"/></net>

<net id="174"><net_src comp="113" pin="3"/><net_sink comp="169" pin=0"/></net>

<net id="180"><net_src comp="120" pin="3"/><net_sink comp="175" pin=0"/></net>

<net id="186"><net_src comp="127" pin="3"/><net_sink comp="181" pin=0"/></net>

<net id="192"><net_src comp="134" pin="3"/><net_sink comp="187" pin=0"/></net>

<net id="198"><net_src comp="141" pin="3"/><net_sink comp="193" pin=0"/></net>

<net id="204"><net_src comp="148" pin="3"/><net_sink comp="199" pin=0"/></net>

<net id="210"><net_src comp="155" pin="3"/><net_sink comp="205" pin=0"/></net>

<net id="216"><net_src comp="162" pin="3"/><net_sink comp="211" pin=0"/></net>

<net id="222"><net_src comp="18" pin="0"/><net_sink comp="217" pin=0"/></net>

<net id="223"><net_src comp="52" pin="0"/><net_sink comp="217" pin=1"/></net>

<net id="229"><net_src comp="20" pin="0"/><net_sink comp="224" pin=0"/></net>

<net id="230"><net_src comp="52" pin="0"/><net_sink comp="224" pin=1"/></net>

<net id="236"><net_src comp="22" pin="0"/><net_sink comp="231" pin=0"/></net>

<net id="237"><net_src comp="52" pin="0"/><net_sink comp="231" pin=1"/></net>

<net id="243"><net_src comp="24" pin="0"/><net_sink comp="238" pin=0"/></net>

<net id="244"><net_src comp="52" pin="0"/><net_sink comp="238" pin=1"/></net>

<net id="250"><net_src comp="26" pin="0"/><net_sink comp="245" pin=0"/></net>

<net id="251"><net_src comp="52" pin="0"/><net_sink comp="245" pin=1"/></net>

<net id="257"><net_src comp="28" pin="0"/><net_sink comp="252" pin=0"/></net>

<net id="258"><net_src comp="52" pin="0"/><net_sink comp="252" pin=1"/></net>

<net id="264"><net_src comp="30" pin="0"/><net_sink comp="259" pin=0"/></net>

<net id="265"><net_src comp="52" pin="0"/><net_sink comp="259" pin=1"/></net>

<net id="271"><net_src comp="32" pin="0"/><net_sink comp="266" pin=0"/></net>

<net id="272"><net_src comp="52" pin="0"/><net_sink comp="266" pin=1"/></net>

<net id="278"><net_src comp="217" pin="3"/><net_sink comp="273" pin=0"/></net>

<net id="284"><net_src comp="224" pin="3"/><net_sink comp="279" pin=0"/></net>

<net id="290"><net_src comp="231" pin="3"/><net_sink comp="285" pin=0"/></net>

<net id="296"><net_src comp="238" pin="3"/><net_sink comp="291" pin=0"/></net>

<net id="302"><net_src comp="245" pin="3"/><net_sink comp="297" pin=0"/></net>

<net id="308"><net_src comp="252" pin="3"/><net_sink comp="303" pin=0"/></net>

<net id="314"><net_src comp="259" pin="3"/><net_sink comp="309" pin=0"/></net>

<net id="320"><net_src comp="266" pin="3"/><net_sink comp="315" pin=0"/></net>

<net id="333"><net_src comp="40" pin="0"/><net_sink comp="329" pin=0"/></net>

<net id="338"><net_src comp="42" pin="0"/><net_sink comp="334" pin=0"/></net>

<net id="346"><net_src comp="339" pin="1"/><net_sink comp="342" pin=0"/></net>

<net id="347"><net_src comp="100" pin="2"/><net_sink comp="342" pin=1"/></net>

<net id="352"><net_src comp="339" pin="1"/><net_sink comp="348" pin=0"/></net>

<net id="353"><net_src comp="44" pin="0"/><net_sink comp="348" pin=1"/></net>

<net id="357"><net_src comp="339" pin="1"/><net_sink comp="354" pin=0"/></net>

<net id="364"><net_src comp="46" pin="0"/><net_sink comp="358" pin=0"/></net>

<net id="365"><net_src comp="339" pin="1"/><net_sink comp="358" pin=1"/></net>

<net id="366"><net_src comp="48" pin="0"/><net_sink comp="358" pin=2"/></net>

<net id="367"><net_src comp="50" pin="0"/><net_sink comp="358" pin=3"/></net>

<net id="371"><net_src comp="358" pin="4"/><net_sink comp="368" pin=0"/></net>

<net id="372"><net_src comp="368" pin="1"/><net_sink comp="113" pin=2"/></net>

<net id="373"><net_src comp="368" pin="1"/><net_sink comp="120" pin=2"/></net>

<net id="374"><net_src comp="368" pin="1"/><net_sink comp="127" pin=2"/></net>

<net id="375"><net_src comp="368" pin="1"/><net_sink comp="134" pin=2"/></net>

<net id="376"><net_src comp="368" pin="1"/><net_sink comp="141" pin=2"/></net>

<net id="377"><net_src comp="368" pin="1"/><net_sink comp="148" pin=2"/></net>

<net id="378"><net_src comp="368" pin="1"/><net_sink comp="155" pin=2"/></net>

<net id="379"><net_src comp="368" pin="1"/><net_sink comp="162" pin=2"/></net>

<net id="380"><net_src comp="368" pin="1"/><net_sink comp="217" pin=2"/></net>

<net id="381"><net_src comp="368" pin="1"/><net_sink comp="224" pin=2"/></net>

<net id="382"><net_src comp="368" pin="1"/><net_sink comp="231" pin=2"/></net>

<net id="383"><net_src comp="368" pin="1"/><net_sink comp="238" pin=2"/></net>

<net id="384"><net_src comp="368" pin="1"/><net_sink comp="245" pin=2"/></net>

<net id="385"><net_src comp="368" pin="1"/><net_sink comp="252" pin=2"/></net>

<net id="386"><net_src comp="368" pin="1"/><net_sink comp="259" pin=2"/></net>

<net id="387"><net_src comp="368" pin="1"/><net_sink comp="266" pin=2"/></net>

<net id="392"><net_src comp="348" pin="2"/><net_sink comp="388" pin=0"/></net>

<net id="414"><net_src comp="54" pin="0"/><net_sink comp="393" pin=0"/></net>

<net id="415"><net_src comp="56" pin="0"/><net_sink comp="393" pin=1"/></net>

<net id="416"><net_src comp="169" pin="3"/><net_sink comp="393" pin=2"/></net>

<net id="417"><net_src comp="58" pin="0"/><net_sink comp="393" pin=3"/></net>

<net id="418"><net_src comp="175" pin="3"/><net_sink comp="393" pin=4"/></net>

<net id="419"><net_src comp="60" pin="0"/><net_sink comp="393" pin=5"/></net>

<net id="420"><net_src comp="181" pin="3"/><net_sink comp="393" pin=6"/></net>

<net id="421"><net_src comp="62" pin="0"/><net_sink comp="393" pin=7"/></net>

<net id="422"><net_src comp="187" pin="3"/><net_sink comp="393" pin=8"/></net>

<net id="423"><net_src comp="64" pin="0"/><net_sink comp="393" pin=9"/></net>

<net id="424"><net_src comp="193" pin="3"/><net_sink comp="393" pin=10"/></net>

<net id="425"><net_src comp="66" pin="0"/><net_sink comp="393" pin=11"/></net>

<net id="426"><net_src comp="199" pin="3"/><net_sink comp="393" pin=12"/></net>

<net id="427"><net_src comp="68" pin="0"/><net_sink comp="393" pin=13"/></net>

<net id="428"><net_src comp="205" pin="3"/><net_sink comp="393" pin=14"/></net>

<net id="429"><net_src comp="70" pin="0"/><net_sink comp="393" pin=15"/></net>

<net id="430"><net_src comp="211" pin="3"/><net_sink comp="393" pin=16"/></net>

<net id="431"><net_src comp="72" pin="0"/><net_sink comp="393" pin=17"/></net>

<net id="453"><net_src comp="54" pin="0"/><net_sink comp="432" pin=0"/></net>

<net id="454"><net_src comp="56" pin="0"/><net_sink comp="432" pin=1"/></net>

<net id="455"><net_src comp="273" pin="3"/><net_sink comp="432" pin=2"/></net>

<net id="456"><net_src comp="58" pin="0"/><net_sink comp="432" pin=3"/></net>

<net id="457"><net_src comp="279" pin="3"/><net_sink comp="432" pin=4"/></net>

<net id="458"><net_src comp="60" pin="0"/><net_sink comp="432" pin=5"/></net>

<net id="459"><net_src comp="285" pin="3"/><net_sink comp="432" pin=6"/></net>

<net id="460"><net_src comp="62" pin="0"/><net_sink comp="432" pin=7"/></net>

<net id="461"><net_src comp="291" pin="3"/><net_sink comp="432" pin=8"/></net>

<net id="462"><net_src comp="64" pin="0"/><net_sink comp="432" pin=9"/></net>

<net id="463"><net_src comp="297" pin="3"/><net_sink comp="432" pin=10"/></net>

<net id="464"><net_src comp="66" pin="0"/><net_sink comp="432" pin=11"/></net>

<net id="465"><net_src comp="303" pin="3"/><net_sink comp="432" pin=12"/></net>

<net id="466"><net_src comp="68" pin="0"/><net_sink comp="432" pin=13"/></net>

<net id="467"><net_src comp="309" pin="3"/><net_sink comp="432" pin=14"/></net>

<net id="468"><net_src comp="70" pin="0"/><net_sink comp="432" pin=15"/></net>

<net id="469"><net_src comp="315" pin="3"/><net_sink comp="432" pin=16"/></net>

<net id="470"><net_src comp="72" pin="0"/><net_sink comp="432" pin=17"/></net>

<net id="474"><net_src comp="471" pin="1"/><net_sink comp="321" pin=0"/></net>

<net id="479"><net_src comp="321" pin="2"/><net_sink comp="475" pin=0"/></net>

<net id="483"><net_src comp="480" pin="1"/><net_sink comp="106" pin=2"/></net>

<net id="487"><net_src comp="92" pin="1"/><net_sink comp="484" pin=0"/></net>

<net id="488"><net_src comp="484" pin="1"/><net_sink comp="334" pin=1"/></net>

<net id="489"><net_src comp="484" pin="1"/><net_sink comp="471" pin=0"/></net>

<net id="490"><net_src comp="484" pin="1"/><net_sink comp="475" pin=1"/></net>

<net id="491"><net_src comp="484" pin="1"/><net_sink comp="480" pin=0"/></net>

<net id="495"><net_src comp="96" pin="1"/><net_sink comp="492" pin=0"/></net>

<net id="496"><net_src comp="492" pin="1"/><net_sink comp="329" pin=1"/></net>

<net id="497"><net_src comp="492" pin="1"/><net_sink comp="339" pin=0"/></net>

<net id="498"><net_src comp="492" pin="1"/><net_sink comp="388" pin=1"/></net>

<net id="502"><net_src comp="342" pin="2"/><net_sink comp="499" pin=0"/></net>

<net id="506"><net_src comp="354" pin="1"/><net_sink comp="503" pin=0"/></net>

<net id="507"><net_src comp="503" pin="1"/><net_sink comp="393" pin=18"/></net>

<net id="508"><net_src comp="503" pin="1"/><net_sink comp="432" pin=18"/></net>

<net id="512"><net_src comp="113" pin="3"/><net_sink comp="509" pin=0"/></net>

<net id="513"><net_src comp="509" pin="1"/><net_sink comp="169" pin=0"/></net>

<net id="517"><net_src comp="120" pin="3"/><net_sink comp="514" pin=0"/></net>

<net id="518"><net_src comp="514" pin="1"/><net_sink comp="175" pin=0"/></net>

<net id="522"><net_src comp="127" pin="3"/><net_sink comp="519" pin=0"/></net>

<net id="523"><net_src comp="519" pin="1"/><net_sink comp="181" pin=0"/></net>

<net id="527"><net_src comp="134" pin="3"/><net_sink comp="524" pin=0"/></net>

<net id="528"><net_src comp="524" pin="1"/><net_sink comp="187" pin=0"/></net>

<net id="532"><net_src comp="141" pin="3"/><net_sink comp="529" pin=0"/></net>

<net id="533"><net_src comp="529" pin="1"/><net_sink comp="193" pin=0"/></net>

<net id="537"><net_src comp="148" pin="3"/><net_sink comp="534" pin=0"/></net>

<net id="538"><net_src comp="534" pin="1"/><net_sink comp="199" pin=0"/></net>

<net id="542"><net_src comp="155" pin="3"/><net_sink comp="539" pin=0"/></net>

<net id="543"><net_src comp="539" pin="1"/><net_sink comp="205" pin=0"/></net>

<net id="547"><net_src comp="162" pin="3"/><net_sink comp="544" pin=0"/></net>

<net id="548"><net_src comp="544" pin="1"/><net_sink comp="211" pin=0"/></net>

<net id="552"><net_src comp="217" pin="3"/><net_sink comp="549" pin=0"/></net>

<net id="553"><net_src comp="549" pin="1"/><net_sink comp="273" pin=0"/></net>

<net id="557"><net_src comp="224" pin="3"/><net_sink comp="554" pin=0"/></net>

<net id="558"><net_src comp="554" pin="1"/><net_sink comp="279" pin=0"/></net>

<net id="562"><net_src comp="231" pin="3"/><net_sink comp="559" pin=0"/></net>

<net id="563"><net_src comp="559" pin="1"/><net_sink comp="285" pin=0"/></net>

<net id="567"><net_src comp="238" pin="3"/><net_sink comp="564" pin=0"/></net>

<net id="568"><net_src comp="564" pin="1"/><net_sink comp="291" pin=0"/></net>

<net id="572"><net_src comp="245" pin="3"/><net_sink comp="569" pin=0"/></net>

<net id="573"><net_src comp="569" pin="1"/><net_sink comp="297" pin=0"/></net>

<net id="577"><net_src comp="252" pin="3"/><net_sink comp="574" pin=0"/></net>

<net id="578"><net_src comp="574" pin="1"/><net_sink comp="303" pin=0"/></net>

<net id="582"><net_src comp="259" pin="3"/><net_sink comp="579" pin=0"/></net>

<net id="583"><net_src comp="579" pin="1"/><net_sink comp="309" pin=0"/></net>

<net id="587"><net_src comp="266" pin="3"/><net_sink comp="584" pin=0"/></net>

<net id="588"><net_src comp="584" pin="1"/><net_sink comp="315" pin=0"/></net>

<net id="592"><net_src comp="393" pin="19"/><net_sink comp="589" pin=0"/></net>

<net id="593"><net_src comp="589" pin="1"/><net_sink comp="325" pin=0"/></net>

<net id="597"><net_src comp="432" pin="19"/><net_sink comp="594" pin=0"/></net>

<net id="598"><net_src comp="594" pin="1"/><net_sink comp="325" pin=1"/></net>

<net id="602"><net_src comp="325" pin="2"/><net_sink comp="599" pin=0"/></net>

<net id="603"><net_src comp="599" pin="1"/><net_sink comp="321" pin=1"/></net>

<net id="607"><net_src comp="471" pin="1"/><net_sink comp="604" pin=0"/></net>

<net id="608"><net_src comp="604" pin="1"/><net_sink comp="321" pin=0"/></net>

</net_list>

</model> 
---------------- Datapath Model END ------------------

* FSMD analyzer results:
  - Output states:
	Port: acc_out | {6 }
 - Input state : 
	Port: mv_Pipeline_mac_loop : columns | {1 }
	Port: mv_Pipeline_mac_loop : row_buf | {1 2 }
	Port: mv_Pipeline_mac_loop : row_buf_1 | {1 2 }
	Port: mv_Pipeline_mac_loop : row_buf_2 | {1 2 }
	Port: mv_Pipeline_mac_loop : row_buf_3 | {1 2 }
	Port: mv_Pipeline_mac_loop : row_buf_4 | {1 2 }
	Port: mv_Pipeline_mac_loop : row_buf_5 | {1 2 }
	Port: mv_Pipeline_mac_loop : row_buf_6 | {1 2 }
	Port: mv_Pipeline_mac_loop : row_buf_7 | {1 2 }
	Port: mv_Pipeline_mac_loop : x_buf | {1 2 }
	Port: mv_Pipeline_mac_loop : x_buf_1 | {1 2 }
	Port: mv_Pipeline_mac_loop : x_buf_2 | {1 2 }
	Port: mv_Pipeline_mac_loop : x_buf_3 | {1 2 }
	Port: mv_Pipeline_mac_loop : x_buf_4 | {1 2 }
	Port: mv_Pipeline_mac_loop : x_buf_5 | {1 2 }
	Port: mv_Pipeline_mac_loop : x_buf_6 | {1 2 }
	Port: mv_Pipeline_mac_loop : x_buf_7 | {1 2 }
  - Chain level:
	State 1
		store_ln40 : 1
		store_ln38 : 1
		j_1 : 1
		icmp_ln40 : 2
		add_ln40 : 2
		br_ln40 : 3
		trunc_ln40 : 2
		lshr_ln2 : 2
		zext_ln38 : 3
		row_buf_addr : 4
		row_buf_1_addr : 4
		row_buf_2_addr : 4
		row_buf_3_addr : 4
		row_buf_4_addr : 4
		row_buf_5_addr : 4
		row_buf_6_addr : 4
		row_buf_7_addr : 4
		row_buf_load : 5
		row_buf_1_load : 5
		row_buf_2_load : 5
		row_buf_3_load : 5
		row_buf_4_load : 5
		row_buf_5_load : 5
		row_buf_6_load : 5
		row_buf_7_load : 5
		x_buf_addr : 4
		x_buf_1_addr : 4
		x_buf_2_addr : 4
		x_buf_3_addr : 4
		x_buf_4_addr : 4
		x_buf_5_addr : 4
		x_buf_6_addr : 4
		x_buf_7_addr : 4
		x_buf_load : 5
		x_buf_1_load : 5
		x_buf_2_load : 5
		x_buf_3_load : 5
		x_buf_4_load : 5
		x_buf_5_load : 5
		x_buf_6_load : 5
		x_buf_7_load : 5
		store_ln40 : 3
	State 2
		tmp : 1
		tmp_1 : 1
	State 3
	State 4
	State 5
	State 6
		acc_1 : 1
		write_ln0 : 1
	State 7
	State 8
	State 9
		store_ln38 : 1


============================================================
+ Verbose Summary: Datapath Resource usage 
============================================================

* Functional unit list:
|----------|--------------------------|---------|---------|---------|
| Operation|      Functional Unit     |   DSP   |    FF   |   LUT   |
|----------|--------------------------|---------|---------|---------|
|   fadd   |        grp_fu_321        |    2    |   227   |   214   |
|----------|--------------------------|---------|---------|---------|
|   fmul   |        grp_fu_325        |    3    |   128   |   135   |
|----------|--------------------------|---------|---------|---------|
| sparsemux|        tmp_fu_393        |    0    |    0    |    43   |
|          |       tmp_1_fu_432       |    0    |    0    |    43   |
|----------|--------------------------|---------|---------|---------|
|   icmp   |     icmp_ln40_fu_342     |    0    |    0    |    38   |
|----------|--------------------------|---------|---------|---------|
|    add   |      add_ln40_fu_348     |    0    |    0    |    38   |
|----------|--------------------------|---------|---------|---------|
|   read   | columns_read_read_fu_100 |    0    |    0    |    0    |
|----------|--------------------------|---------|---------|---------|
|   write  |  write_ln0_write_fu_106  |    0    |    0    |    0    |
|----------|--------------------------|---------|---------|---------|
|   trunc  |     trunc_ln40_fu_354    |    0    |    0    |    0    |
|----------|--------------------------|---------|---------|---------|
|partselect|      lshr_ln2_fu_358     |    0    |    0    |    0    |
|----------|--------------------------|---------|---------|---------|
|   zext   |     zext_ln38_fu_368     |    0    |    0    |    0    |
|----------|--------------------------|---------|---------|---------|
|   Total  |                          |    5    |   355   |   511   |
|----------|--------------------------|---------|---------|---------|

Memories:
N/A

* Register list:
+----------------------+--------+
|                      |   FF   |
+----------------------+--------+
|   acc_load_reg_604   |   32   |
|      acc_reg_484     |   32   |
|   icmp_ln40_reg_499  |    1   |
|       j_reg_492      |   31   |
|      mul_reg_599     |   32   |
|row_buf_1_addr_reg_514|    6   |
|row_buf_2_addr_reg_519|    6   |
|row_buf_3_addr_reg_524|    6   |
|row_buf_4_addr_reg_529|    6   |
|row_buf_5_addr_reg_534|    6   |
|row_buf_6_addr_reg_539|    6   |
|row_buf_7_addr_reg_544|    6   |
| row_buf_addr_reg_509 |    6   |
|     tmp_1_reg_594    |   32   |
|      tmp_reg_589     |   32   |
|  trunc_ln40_reg_503  |    3   |
| x_buf_1_addr_reg_554 |    6   |
| x_buf_2_addr_reg_559 |    6   |
| x_buf_3_addr_reg_564 |    6   |
| x_buf_4_addr_reg_569 |    6   |
| x_buf_5_addr_reg_574 |    6   |
| x_buf_6_addr_reg_579 |    6   |
| x_buf_7_addr_reg_584 |    6   |
|  x_buf_addr_reg_549  |    6   |
+----------------------+--------+
|         Total        |   291  |
+----------------------+--------+

* Multiplexer (MUX) list: 
|-------------------|------|------|------|--------||---------||---------||---------|
|        Comp       |  Pin | Size |  BW  | S x BW ||  Delay  ||    FF   ||   LUT   |
|-------------------|------|------|------|--------||---------||---------||---------|
| grp_access_fu_169 |  p0  |   2  |   6  |   12   ||    0    ||    9    |
| grp_access_fu_175 |  p0  |   2  |   6  |   12   ||    0    ||    9    |
| grp_access_fu_181 |  p0  |   2  |   6  |   12   ||    0    ||    9    |
| grp_access_fu_187 |  p0  |   2  |   6  |   12   ||    0    ||    9    |
| grp_access_fu_193 |  p0  |   2  |   6  |   12   ||    0    ||    9    |
| grp_access_fu_199 |  p0  |   2  |   6  |   12   ||    0    ||    9    |
| grp_access_fu_205 |  p0  |   2  |   6  |   12   ||    0    ||    9    |
| grp_access_fu_211 |  p0  |   2  |   6  |   12   ||    0    ||    9    |
| grp_access_fu_273 |  p0  |   2  |   6  |   12   ||    0    ||    9    |
| grp_access_fu_279 |  p0  |   2  |   6  |   12   ||    0    ||    9    |
| grp_access_fu_285 |  p0  |   2  |   6  |   12   ||    0    ||    9    |
| grp_access_fu_291 |  p0  |   2  |   6  |   12   ||    0    ||    9    |
| grp_access_fu_297 |  p0  |   2  |   6  |   12   ||    0    ||    9    |
| grp_access_fu_303 |  p0  |   2  |   6  |   12   ||    0    ||    9    |
| grp_access_fu_309 |  p0  |   2  |   6  |   12   ||    0    ||    9    |
| grp_access_fu_315 |  p0  |   2  |   6  |   12   ||    0    ||    9    |
|     grp_fu_321    |  p0  |   2  |  32  |   64   ||    0    ||    9    |
|-------------------|------|------|------|--------||---------||---------||---------|
|       Total       |      |      |      |   256  ||  7.259  ||    0    ||   153   |
|-------------------|------|------|------|--------||---------||---------||---------|



* Summary:
+-----------+--------+--------+--------+--------+
|           |   DSP  |  Delay |   FF   |   LUT  |
+-----------+--------+--------+--------+--------+
|  Function |    5   |    -   |   355  |   511  |
|   Memory  |    -   |    -   |    -   |    -   |
|Multiplexer|    -   |    7   |    0   |   153  |
|  Register |    -   |    -   |   291  |    -   |
+-----------+--------+--------+--------+--------+
|   Total   |    5   |    7   |   646  |   664  |
+-----------+--------+--------+--------+--------+
