

================================================================
== Vitis HLS Report for 'mv_Pipeline_col_loop'
================================================================
* Date:           Wed Apr  8 10:38:12 2026

* Version:        2024.2 (Build 5238294 on Nov  8 2024)
* Project:        mv
* Solution:       solution1 (Vivado IP Flow Target)
* Product family: zynquplus
* Target device:  xczu7ev-ffvc1156-2-e


================================================================
== Performance Estimates
================================================================
+ Timing: 
    * Summary: 
    +--------+----------+----------+------------+
    |  Clock |  Target  | Estimated| Uncertainty|
    +--------+----------+----------+------------+
    |ap_clk  |  10.00 ns|  7.300 ns|     2.70 ns|
    +--------+----------+----------+------------+

+ Latency: 
    * Summary: 
    +---------+---------+-----------+----------+-----+-----+------------------------------------------------+
    |  Latency (cycles) |  Latency (absolute)  |  Interval |                    Pipeline                    |
    |   min   |   max   |    min    |    max   | min | max |                      Type                      |
    +---------+---------+-----------+----------+-----+-----+------------------------------------------------+
    |        4|      515|  40.000 ns|  5.150 us|    2|  513|  loop auto-rewind stp (delay=0 clock cycles(s))|
    +---------+---------+-----------+----------+-----+-----+------------------------------------------------+

    + Detail: 
        * Instance: 
        N/A

        * Loop: 
        +------------+---------+---------+----------+-----------+-----------+---------+----------+
        |            |  Latency (cycles) | Iteration|  Initiation Interval  |   Trip  |          |
        |  Loop Name |   min   |   max   |  Latency |  achieved |   target  |  Count  | Pipelined|
        +------------+---------+---------+----------+-----------+-----------+---------+----------+
        |- col_loop  |        2|      513|         3|          1|          1|  1 ~ 512|       yes|
        +------------+---------+---------+----------+-----------+-----------+---------+----------+



================================================================
== Utilization Estimates
================================================================
* Summary: 
+-----------------+---------+------+--------+--------+-----+
|       Name      | BRAM_18K|  DSP |   FF   |   LUT  | URAM|
+-----------------+---------+------+--------+--------+-----+
|DSP              |        -|     -|       -|       -|    -|
|Expression       |        -|     -|       0|      80|    -|
|FIFO             |        -|     -|       -|       -|    -|
|Instance         |        -|     -|       -|       -|    -|
|Memory           |        -|     -|       -|       -|    -|
|Multiplexer      |        -|     -|       0|      45|    -|
|Register         |        -|     -|      87|       -|    -|
+-----------------+---------+------+--------+--------+-----+
|Total            |        0|     0|      87|     125|    0|
+-----------------+---------+------+--------+--------+-----+
|Available        |      624|  1728|  460800|  230400|   96|
+-----------------+---------+------+--------+--------+-----+
|Utilization (%)  |        0|     0|      ~0|      ~0|    0|
+-----------------+---------+------+--------+--------+-----+

+ Detail: 
    * Instance: 
    N/A

    * DSP: 
    N/A

    * Memory: 
    N/A

    * FIFO: 
    N/A

    * Expression: 
    +---------------------------+----------+----+---+----+------------+------------+
    |       Variable Name       | Operation| DSP| FF| LUT| Bitwidth P0| Bitwidth P1|
    +---------------------------+----------+----+---+----+------------+------------+
    |add_ln31_fu_229_p2         |         +|   0|  0|  38|          31|           1|
    |ap_block_pp0_stage0_11001  |       and|   0|  0|   2|           1|           1|
    |icmp_ln31_fu_223_p2        |      icmp|   0|  0|  38|          31|          31|
    |ap_enable_pp0              |       xor|   0|  0|   2|           1|           2|
    +---------------------------+----------+----+---+----+------------+------------+
    |Total                      |          |   0|  0|  80|          64|          35|
    +---------------------------+----------+----+---+----+------------+------------+

    * Multiplexer: 
    +-------------------------+----+-----------+-----+-----------+
    |           Name          | LUT| Input Size| Bits| Total Bits|
    +-------------------------+----+-----------+-----+-----------+
    |ap_done_int              |   9|          2|    1|          2|
    |ap_enable_reg_pp0_iter1  |   9|          2|    1|          2|
    |ap_sig_allocacmp_j_2     |   9|          2|   31|         62|
    |gmem0_blk_n_R            |   9|          2|    1|          2|
    |j_fu_86                  |   9|          2|   31|         62|
    +-------------------------+----+-----------+-----+-----------+
    |Total                    |  45|         10|   65|        130|
    +-------------------------+----+-----------+-----+-----------+

    * Register: 
    +-------------------------------------------+----+----+-----+-----------+
    |                    Name                   | FF | LUT| Bits| Const Bits|
    +-------------------------------------------+----+----+-----+-----------+
    |ap_CS_fsm                                  |   1|   0|    1|          0|
    |ap_block_pp0_stage0_subdone_grp0_done_reg  |   1|   0|    1|          0|
    |ap_done_reg                                |   1|   0|    1|          0|
    |ap_enable_reg_pp0_iter1                    |   1|   0|    1|          0|
    |ap_enable_reg_pp0_iter2                    |   1|   0|    1|          0|
    |ap_loop_exit_ready_pp0_iter1_reg           |   1|   0|    1|          0|
    |bitcast_ln35_reg_300                       |  32|   0|   32|          0|
    |j_fu_86                                    |  31|   0|   31|          0|
    |lshr_ln1_reg_295                           |   6|   0|    6|          0|
    |lshr_ln1_reg_295_pp0_iter1_reg             |   6|   0|    6|          0|
    |trunc_ln31_reg_291                         |   3|   0|    3|          0|
    |trunc_ln31_reg_291_pp0_iter1_reg           |   3|   0|    3|          0|
    +-------------------------------------------+----+----+-----+-----------+
    |Total                                      |  87|   0|   87|          0|
    +-------------------------------------------+----+----+-----+-----------+



================================================================
== Interface
================================================================
* Summary: 
+------------------------+-----+-----+------------+----------------------+--------------+
|        RTL Ports       | Dir | Bits|  Protocol  |     Source Object    |    C Type    |
+------------------------+-----+-----+------------+----------------------+--------------+
|ap_clk                  |   in|    1|  ap_ctrl_hs|  mv_Pipeline_col_loop|  return value|
|ap_rst                  |   in|    1|  ap_ctrl_hs|  mv_Pipeline_col_loop|  return value|
|ap_start                |   in|    1|  ap_ctrl_hs|  mv_Pipeline_col_loop|  return value|
|ap_done                 |  out|    1|  ap_ctrl_hs|  mv_Pipeline_col_loop|  return value|
|ap_idle                 |  out|    1|  ap_ctrl_hs|  mv_Pipeline_col_loop|  return value|
|ap_ready                |  out|    1|  ap_ctrl_hs|  mv_Pipeline_col_loop|  return value|
|m_axi_gmem0_0_AWVALID   |  out|    1|       m_axi|                 gmem0|       pointer|
|m_axi_gmem0_0_AWREADY   |   in|    1|       m_axi|                 gmem0|       pointer|
|m_axi_gmem0_0_AWADDR    |  out|   64|       m_axi|                 gmem0|       pointer|
|m_axi_gmem0_0_AWID      |  out|    1|       m_axi|                 gmem0|       pointer|
|m_axi_gmem0_0_AWLEN     |  out|   32|       m_axi|                 gmem0|       pointer|
|m_axi_gmem0_0_AWSIZE    |  out|    3|       m_axi|                 gmem0|       pointer|
|m_axi_gmem0_0_AWBURST   |  out|    2|       m_axi|                 gmem0|       pointer|
|m_axi_gmem0_0_AWLOCK    |  out|    2|       m_axi|                 gmem0|       pointer|
|m_axi_gmem0_0_AWCACHE   |  out|    4|       m_axi|                 gmem0|       pointer|
|m_axi_gmem0_0_AWPROT    |  out|    3|       m_axi|                 gmem0|       pointer|
|m_axi_gmem0_0_AWQOS     |  out|    4|       m_axi|                 gmem0|       pointer|
|m_axi_gmem0_0_AWREGION  |  out|    4|       m_axi|                 gmem0|       pointer|
|m_axi_gmem0_0_AWUSER    |  out|    1|       m_axi|                 gmem0|       pointer|
|m_axi_gmem0_0_WVALID    |  out|    1|       m_axi|                 gmem0|       pointer|
|m_axi_gmem0_0_WREADY    |   in|    1|       m_axi|                 gmem0|       pointer|
|m_axi_gmem0_0_WDATA     |  out|   32|       m_axi|                 gmem0|       pointer|
|m_axi_gmem0_0_WSTRB     |  out|    4|       m_axi|                 gmem0|       pointer|
|m_axi_gmem0_0_WLAST     |  out|    1|       m_axi|                 gmem0|       pointer|
|m_axi_gmem0_0_WID       |  out|    1|       m_axi|                 gmem0|       pointer|
|m_axi_gmem0_0_WUSER     |  out|    1|       m_axi|                 gmem0|       pointer|
|m_axi_gmem0_0_ARVALID   |  out|    1|       m_axi|                 gmem0|       pointer|
|m_axi_gmem0_0_ARREADY   |   in|    1|       m_axi|                 gmem0|       pointer|
|m_axi_gmem0_0_ARADDR    |  out|   64|       m_axi|                 gmem0|       pointer|
|m_axi_gmem0_0_ARID      |  out|    1|       m_axi|                 gmem0|       pointer|
|m_axi_gmem0_0_ARLEN     |  out|   32|       m_axi|                 gmem0|       pointer|
|m_axi_gmem0_0_ARSIZE    |  out|    3|       m_axi|                 gmem0|       pointer|
|m_axi_gmem0_0_ARBURST   |  out|    2|       m_axi|                 gmem0|       pointer|
|m_axi_gmem0_0_ARLOCK    |  out|    2|       m_axi|                 gmem0|       pointer|
|m_axi_gmem0_0_ARCACHE   |  out|    4|       m_axi|                 gmem0|       pointer|
|m_axi_gmem0_0_ARPROT    |  out|    3|       m_axi|                 gmem0|       pointer|
|m_axi_gmem0_0_ARQOS     |  out|    4|       m_axi|                 gmem0|       pointer|
|m_axi_gmem0_0_ARREGION  |  out|    4|       m_axi|                 gmem0|       pointer|
|m_axi_gmem0_0_ARUSER    |  out|    1|       m_axi|                 gmem0|       pointer|
|m_axi_gmem0_0_RVALID    |   in|    1|       m_axi|                 gmem0|       pointer|
|m_axi_gmem0_0_RREADY    |  out|    1|       m_axi|                 gmem0|       pointer|
|m_axi_gmem0_0_RDATA     |   in|   32|       m_axi|                 gmem0|       pointer|
|m_axi_gmem0_0_RLAST     |   in|    1|       m_axi|                 gmem0|       pointer|
|m_axi_gmem0_0_RID       |   in|    1|       m_axi|                 gmem0|       pointer|
|m_axi_gmem0_0_RFIFONUM  |   in|    9|       m_axi|                 gmem0|       pointer|
|m_axi_gmem0_0_RUSER     |   in|    1|       m_axi|                 gmem0|       pointer|
|m_axi_gmem0_0_RRESP     |   in|    2|       m_axi|                 gmem0|       pointer|
|m_axi_gmem0_0_BVALID    |   in|    1|       m_axi|                 gmem0|       pointer|
|m_axi_gmem0_0_BREADY    |  out|    1|       m_axi|                 gmem0|       pointer|
|m_axi_gmem0_0_BRESP     |   in|    2|       m_axi|                 gmem0|       pointer|
|m_axi_gmem0_0_BID       |   in|    1|       m_axi|                 gmem0|       pointer|
|m_axi_gmem0_0_BUSER     |   in|    1|       m_axi|                 gmem0|       pointer|
|columns                 |   in|   31|     ap_none|               columns|        scalar|
|sext_ln26               |   in|   62|     ap_none|             sext_ln26|        scalar|
|row_buf_7_address0      |  out|    6|   ap_memory|             row_buf_7|         array|
|row_buf_7_ce0           |  out|    1|   ap_memory|             row_buf_7|         array|
|row_buf_7_we0           |  out|    1|   ap_memory|             row_buf_7|         array|
|row_buf_7_d0            |  out|   32|   ap_memory|             row_buf_7|         array|
|row_buf_6_address0      |  out|    6|   ap_memory|             row_buf_6|         array|
|row_buf_6_ce0           |  out|    1|   ap_memory|             row_buf_6|         array|
|row_buf_6_we0           |  out|    1|   ap_memory|             row_buf_6|         array|
|row_buf_6_d0            |  out|   32|   ap_memory|             row_buf_6|         array|
|row_buf_5_address0      |  out|    6|   ap_memory|             row_buf_5|         array|
|row_buf_5_ce0           |  out|    1|   ap_memory|             row_buf_5|         array|
|row_buf_5_we0           |  out|    1|   ap_memory|             row_buf_5|         array|
|row_buf_5_d0            |  out|   32|   ap_memory|             row_buf_5|         array|
|row_buf_4_address0      |  out|    6|   ap_memory|             row_buf_4|         array|
|row_buf_4_ce0           |  out|    1|   ap_memory|             row_buf_4|         array|
|row_buf_4_we0           |  out|    1|   ap_memory|             row_buf_4|         array|
|row_buf_4_d0            |  out|   32|   ap_memory|             row_buf_4|         array|
|row_buf_3_address0      |  out|    6|   ap_memory|             row_buf_3|         array|
|row_buf_3_ce0           |  out|    1|   ap_memory|             row_buf_3|         array|
|row_buf_3_we0           |  out|    1|   ap_memory|             row_buf_3|         array|
|row_buf_3_d0            |  out|   32|   ap_memory|             row_buf_3|         array|
|row_buf_2_address0      |  out|    6|   ap_memory|             row_buf_2|         array|
|row_buf_2_ce0           |  out|    1|   ap_memory|             row_buf_2|         array|
|row_buf_2_we0           |  out|    1|   ap_memory|             row_buf_2|         array|
|row_buf_2_d0            |  out|   32|   ap_memory|             row_buf_2|         array|
|row_buf_1_address0      |  out|    6|   ap_memory|             row_buf_1|         array|
|row_buf_1_ce0           |  out|    1|   ap_memory|             row_buf_1|         array|
|row_buf_1_we0           |  out|    1|   ap_memory|             row_buf_1|         array|
|row_buf_1_d0            |  out|   32|   ap_memory|             row_buf_1|         array|
|row_buf_address0        |  out|    6|   ap_memory|               row_buf|         array|
|row_buf_ce0             |  out|    1|   ap_memory|               row_buf|         array|
|row_buf_we0             |  out|    1|   ap_memory|               row_buf|         array|
|row_buf_d0              |  out|   32|   ap_memory|               row_buf|         array|
+------------------------+-----+-----+------------+----------------------+--------------+

============================================================
+ Verbose Summary: Synthesis Manager
============================================================
InlineROM: 1
ExposeGlobal: 0
============================================================
+ Verbose Summary: CDFG Model
============================================================
IsTopModel: 0
ResetActiveHigh: 1
IsCombinational: 2
IsDatapathOnly: 2
HasWiredReturn: 1
HasMFsm: 2
HasVarLatency: 1
IsPipeline: 0
IsRtlPipelined: 0
IsInstanceOverlapped: 0
IsDontTouch: 0
HasImplIP: 0
IsGatedGlobalClock: 0

+ Individual pipeline summary: 
  * Pipeline-0: initiation interval (II) = 1, depth = 3


============================================================
+ Verbose Summary: Schedule
============================================================
* Number of FSM states : 3
* Pipeline : 1
  Pipeline-0 : II = 1, D = 3, States = { 1 2 3 }
* Dataflow Pipeline: 0

* FSM state transitions: 
1 --> 2 
2 --> 3 
3 --> 

* FSM state operations: 

State 1 <SV = 0> <Delay = 1.85>
ST_1 : Operation 6 [1/1] (0.00ns)   --->   "%j = alloca i32 1" [../src/mv.cpp:31]   --->   Operation 6 'alloca' 'j' <Predicate = true> <Delay = 0.00>
ST_1 : Operation 7 [1/1] (0.00ns)   --->   "%sext_ln26_read = read i62 @_ssdm_op_Read.ap_auto.i62, i62 %sext_ln26"   --->   Operation 7 'read' 'sext_ln26_read' <Predicate = true> <Delay = 0.00>
ST_1 : Operation 8 [1/1] (0.00ns)   --->   "%columns_read = read i31 @_ssdm_op_Read.ap_auto.i31, i31 %columns"   --->   Operation 8 'read' 'columns_read' <Predicate = true> <Delay = 0.00>
ST_1 : Operation 9 [1/1] (0.00ns)   --->   "%sext_ln26_cast = sext i62 %sext_ln26_read"   --->   Operation 9 'sext' 'sext_ln26_cast' <Predicate = true> <Delay = 0.00>
ST_1 : Operation 10 [1/1] (0.00ns)   --->   "%specinterface_ln0 = specinterface void @_ssdm_op_SpecInterface, i32 %gmem0, void @empty_7, i32 0, i32 0, void @empty_8, i32 0, i32 0, void @empty, void @empty_10, void @empty_8, i32 16, i32 16, i32 16, i32 16, void @empty_8, void @empty_8, i32 4294967295, i32 0, i32 0"   --->   Operation 10 'specinterface' 'specinterface_ln0' <Predicate = true> <Delay = 0.00>
ST_1 : Operation 11 [1/1] (0.42ns)   --->   "%store_ln31 = store i31 0, i31 %j" [../src/mv.cpp:31]   --->   Operation 11 'store' 'store_ln31' <Predicate = true> <Delay = 0.42>
ST_1 : Operation 12 [1/1] (0.00ns)   --->   "%br_ln0 = br void %for.inc16"   --->   Operation 12 'br' 'br_ln0' <Predicate = true> <Delay = 0.00>
ST_1 : Operation 13 [1/1] (0.00ns)   --->   "%j_2 = load i31 %j" [../src/mv.cpp:31]   --->   Operation 13 'load' 'j_2' <Predicate = true> <Delay = 0.00>
ST_1 : Operation 14 [1/1] (0.00ns)   --->   "%specbitsmap_ln0 = specbitsmap void @_ssdm_op_SpecBitsMap, i32 %gmem0"   --->   Operation 14 'specbitsmap' 'specbitsmap_ln0' <Predicate = true> <Delay = 0.00>
ST_1 : Operation 15 [1/1] (1.00ns)   --->   "%icmp_ln31 = icmp_eq  i31 %j_2, i31 %columns_read" [../src/mv.cpp:31]   --->   Operation 15 'icmp' 'icmp_ln31' <Predicate = true> <Delay = 1.00> <CoreInst = "Cmp">   --->   Core 9 'Cmp' <Latency = 0> <II = 1> <Delay = 1.00> <FuncUnit> <Opcode : 'seteq' 'setne' 'setle' 'setge' 'setlt' 'setgt'> <InPorts = 2> <OutPorts = 1>
ST_1 : Operation 16 [1/1] (1.00ns)   --->   "%add_ln31 = add i31 %j_2, i31 1" [../src/mv.cpp:31]   --->   Operation 16 'add' 'add_ln31' <Predicate = true> <Delay = 1.00> <CoreInst = "Adder">   --->   Core 1 'Adder' <Latency = 0> <II = 1> <Delay = 1.00> <FuncUnit> <Opcode : 'add' 'sub'> <InPorts = 2> <OutPorts = 1>
ST_1 : Operation 17 [1/1] (0.00ns)   --->   "%br_ln31 = br i1 %icmp_ln31, void %for.inc16.split, void %for.inc30.preheader.exitStub" [../src/mv.cpp:31]   --->   Operation 17 'br' 'br_ln31' <Predicate = true> <Delay = 0.00>
ST_1 : Operation 18 [1/1] (0.00ns)   --->   "%trunc_ln31 = trunc i31 %j_2" [../src/mv.cpp:31]   --->   Operation 18 'trunc' 'trunc_ln31' <Predicate = (!icmp_ln31)> <Delay = 0.00>
ST_1 : Operation 19 [1/1] (0.00ns)   --->   "%lshr_ln1 = partselect i6 @_ssdm_op_PartSelect.i6.i31.i32.i32, i31 %j_2, i32 3, i32 8" [../src/mv.cpp:31]   --->   Operation 19 'partselect' 'lshr_ln1' <Predicate = (!icmp_ln31)> <Delay = 0.00>
ST_1 : Operation 20 [1/1] (0.67ns)   --->   "%switch_ln35 = switch i3 %trunc_ln31, void %arrayidx15.case.7, i3 0, void %arrayidx15.case.0, i3 1, void %arrayidx15.case.1, i3 2, void %arrayidx15.case.2, i3 3, void %arrayidx15.case.3, i3 4, void %arrayidx15.case.4, i3 5, void %arrayidx15.case.5, i3 6, void %arrayidx15.case.6" [../src/mv.cpp:35]   --->   Operation 20 'switch' 'switch_ln35' <Predicate = (!icmp_ln31)> <Delay = 0.67>
ST_1 : Operation 21 [1/1] (0.42ns)   --->   "%store_ln31 = store i31 %add_ln31, i31 %j" [../src/mv.cpp:31]   --->   Operation 21 'store' 'store_ln31' <Predicate = (!icmp_ln31)> <Delay = 0.42>
ST_1 : Operation 22 [1/1] (0.00ns)   --->   "%br_ln31 = br void %for.inc16" [../src/mv.cpp:31]   --->   Operation 22 'br' 'br_ln31' <Predicate = (!icmp_ln31)> <Delay = 0.00>

State 2 <SV = 1> <Delay = 7.30>
ST_2 : Operation 23 [1/1] (0.00ns)   --->   "%gmem0_addr = getelementptr i32 %gmem0, i64 %sext_ln26_cast" [../src/mv.cpp:26]   --->   Operation 23 'getelementptr' 'gmem0_addr' <Predicate = true> <Delay = 0.00>
ST_2 : Operation 24 [1/1] (7.30ns)   --->   "%gmem0_addr_read = read i32 @_ssdm_op_Read.m_axi.p1i32, i64 %gmem0_addr" [../src/mv.cpp:35]   --->   Operation 24 'read' 'gmem0_addr_read' <Predicate = true> <Delay = 7.30> <CoreInst = "m_axi">   --->   Core 119 'm_axi' <Latency = 3> <II = 1> <Delay = 1.00> <Adapter> <Opcode : 'read' 'write' 'readreq' 'writereq' 'writeresp'>
ST_2 : Operation 25 [1/1] (0.00ns)   --->   "%bitcast_ln35 = bitcast i32 %gmem0_addr_read" [../src/mv.cpp:35]   --->   Operation 25 'bitcast' 'bitcast_ln35' <Predicate = true> <Delay = 0.00>
ST_2 : Operation 54 [1/1] (0.42ns)   --->   "%ret_ln0 = ret"   --->   Operation 54 'ret' 'ret_ln0' <Predicate = (icmp_ln31)> <Delay = 0.42>

State 3 <SV = 2> <Delay = 1.23>
ST_3 : Operation 26 [1/1] (0.00ns)   --->   "%specpipeline_ln33 = specpipeline void @_ssdm_op_SpecPipeline, i32 1, i32 0, i32 0, i32 0, void @empty_8" [../src/mv.cpp:33]   --->   Operation 26 'specpipeline' 'specpipeline_ln33' <Predicate = true> <Delay = 0.00>
ST_3 : Operation 27 [1/1] (0.00ns)   --->   "%speclooptripcount_ln34 = speclooptripcount void @_ssdm_op_SpecLoopTripCount, i64 1, i64 512, i64 512" [../src/mv.cpp:34]   --->   Operation 27 'speclooptripcount' 'speclooptripcount_ln34' <Predicate = true> <Delay = 0.00>
ST_3 : Operation 28 [1/1] (0.00ns)   --->   "%specloopname_ln31 = specloopname void @_ssdm_op_SpecLoopName, void @empty_2" [../src/mv.cpp:31]   --->   Operation 28 'specloopname' 'specloopname_ln31' <Predicate = true> <Delay = 0.00>
ST_3 : Operation 29 [1/1] (0.00ns)   --->   "%zext_ln31 = zext i6 %lshr_ln1" [../src/mv.cpp:31]   --->   Operation 29 'zext' 'zext_ln31' <Predicate = true> <Delay = 0.00>
ST_3 : Operation 30 [1/1] (0.00ns)   --->   "%row_buf_addr = getelementptr i32 %row_buf, i64 0, i64 %zext_ln31" [../src/mv.cpp:35]   --->   Operation 30 'getelementptr' 'row_buf_addr' <Predicate = true> <Delay = 0.00>
ST_3 : Operation 31 [1/1] (0.00ns)   --->   "%row_buf_1_addr = getelementptr i32 %row_buf_1, i64 0, i64 %zext_ln31" [../src/mv.cpp:35]   --->   Operation 31 'getelementptr' 'row_buf_1_addr' <Predicate = true> <Delay = 0.00>
ST_3 : Operation 32 [1/1] (0.00ns)   --->   "%row_buf_2_addr = getelementptr i32 %row_buf_2, i64 0, i64 %zext_ln31" [../src/mv.cpp:35]   --->   Operation 32 'getelementptr' 'row_buf_2_addr' <Predicate = true> <Delay = 0.00>
ST_3 : Operation 33 [1/1] (0.00ns)   --->   "%row_buf_3_addr = getelementptr i32 %row_buf_3, i64 0, i64 %zext_ln31" [../src/mv.cpp:35]   --->   Operation 33 'getelementptr' 'row_buf_3_addr' <Predicate = true> <Delay = 0.00>
ST_3 : Operation 34 [1/1] (0.00ns)   --->   "%row_buf_4_addr = getelementptr i32 %row_buf_4, i64 0, i64 %zext_ln31" [../src/mv.cpp:35]   --->   Operation 34 'getelementptr' 'row_buf_4_addr' <Predicate = true> <Delay = 0.00>
ST_3 : Operation 35 [1/1] (0.00ns)   --->   "%row_buf_5_addr = getelementptr i32 %row_buf_5, i64 0, i64 %zext_ln31" [../src/mv.cpp:35]   --->   Operation 35 'getelementptr' 'row_buf_5_addr' <Predicate = true> <Delay = 0.00>
ST_3 : Operation 36 [1/1] (0.00ns)   --->   "%row_buf_6_addr = getelementptr i32 %row_buf_6, i64 0, i64 %zext_ln31" [../src/mv.cpp:35]   --->   Operation 36 'getelementptr' 'row_buf_6_addr' <Predicate = true> <Delay = 0.00>
ST_3 : Operation 37 [1/1] (0.00ns)   --->   "%row_buf_7_addr = getelementptr i32 %row_buf_7, i64 0, i64 %zext_ln31" [../src/mv.cpp:35]   --->   Operation 37 'getelementptr' 'row_buf_7_addr' <Predicate = true> <Delay = 0.00>
ST_3 : Operation 38 [1/1] ( I:1.23ns O:1.23ns )   --->   "%store_ln35 = store i32 %bitcast_ln35, i6 %row_buf_6_addr" [../src/mv.cpp:35]   --->   Operation 38 'store' 'store_ln35' <Predicate = (trunc_ln31 == 6)> <Delay = 1.23> <CoreInst = "RAM">   --->   Core 82 'RAM' <Latency = 1> <II = 1> <Delay = 1.23> <Storage> <Opcode : 'load' 'store'> <Ports = 2> <Width = 32> <Depth = 64> <RAM>
ST_3 : Operation 39 [1/1] (0.00ns)   --->   "%br_ln35 = br void %arrayidx15.exit" [../src/mv.cpp:35]   --->   Operation 39 'br' 'br_ln35' <Predicate = (trunc_ln31 == 6)> <Delay = 0.00>
ST_3 : Operation 40 [1/1] ( I:1.23ns O:1.23ns )   --->   "%store_ln35 = store i32 %bitcast_ln35, i6 %row_buf_5_addr" [../src/mv.cpp:35]   --->   Operation 40 'store' 'store_ln35' <Predicate = (trunc_ln31 == 5)> <Delay = 1.23> <CoreInst = "RAM">   --->   Core 82 'RAM' <Latency = 1> <II = 1> <Delay = 1.23> <Storage> <Opcode : 'load' 'store'> <Ports = 2> <Width = 32> <Depth = 64> <RAM>
ST_3 : Operation 41 [1/1] (0.00ns)   --->   "%br_ln35 = br void %arrayidx15.exit" [../src/mv.cpp:35]   --->   Operation 41 'br' 'br_ln35' <Predicate = (trunc_ln31 == 5)> <Delay = 0.00>
ST_3 : Operation 42 [1/1] ( I:1.23ns O:1.23ns )   --->   "%store_ln35 = store i32 %bitcast_ln35, i6 %row_buf_4_addr" [../src/mv.cpp:35]   --->   Operation 42 'store' 'store_ln35' <Predicate = (trunc_ln31 == 4)> <Delay = 1.23> <CoreInst = "RAM">   --->   Core 82 'RAM' <Latency = 1> <II = 1> <Delay = 1.23> <Storage> <Opcode : 'load' 'store'> <Ports = 2> <Width = 32> <Depth = 64> <RAM>
ST_3 : Operation 43 [1/1] (0.00ns)   --->   "%br_ln35 = br void %arrayidx15.exit" [../src/mv.cpp:35]   --->   Operation 43 'br' 'br_ln35' <Predicate = (trunc_ln31 == 4)> <Delay = 0.00>
ST_3 : Operation 44 [1/1] ( I:1.23ns O:1.23ns )   --->   "%store_ln35 = store i32 %bitcast_ln35, i6 %row_buf_3_addr" [../src/mv.cpp:35]   --->   Operation 44 'store' 'store_ln35' <Predicate = (trunc_ln31 == 3)> <Delay = 1.23> <CoreInst = "RAM">   --->   Core 82 'RAM' <Latency = 1> <II = 1> <Delay = 1.23> <Storage> <Opcode : 'load' 'store'> <Ports = 2> <Width = 32> <Depth = 64> <RAM>
ST_3 : Operation 45 [1/1] (0.00ns)   --->   "%br_ln35 = br void %arrayidx15.exit" [../src/mv.cpp:35]   --->   Operation 45 'br' 'br_ln35' <Predicate = (trunc_ln31 == 3)> <Delay = 0.00>
ST_3 : Operation 46 [1/1] ( I:1.23ns O:1.23ns )   --->   "%store_ln35 = store i32 %bitcast_ln35, i6 %row_buf_2_addr" [../src/mv.cpp:35]   --->   Operation 46 'store' 'store_ln35' <Predicate = (trunc_ln31 == 2)> <Delay = 1.23> <CoreInst = "RAM">   --->   Core 82 'RAM' <Latency = 1> <II = 1> <Delay = 1.23> <Storage> <Opcode : 'load' 'store'> <Ports = 2> <Width = 32> <Depth = 64> <RAM>
ST_3 : Operation 47 [1/1] (0.00ns)   --->   "%br_ln35 = br void %arrayidx15.exit" [../src/mv.cpp:35]   --->   Operation 47 'br' 'br_ln35' <Predicate = (trunc_ln31 == 2)> <Delay = 0.00>
ST_3 : Operation 48 [1/1] ( I:1.23ns O:1.23ns )   --->   "%store_ln35 = store i32 %bitcast_ln35, i6 %row_buf_1_addr" [../src/mv.cpp:35]   --->   Operation 48 'store' 'store_ln35' <Predicate = (trunc_ln31 == 1)> <Delay = 1.23> <CoreInst = "RAM">   --->   Core 82 'RAM' <Latency = 1> <II = 1> <Delay = 1.23> <Storage> <Opcode : 'load' 'store'> <Ports = 2> <Width = 32> <Depth = 64> <RAM>
ST_3 : Operation 49 [1/1] (0.00ns)   --->   "%br_ln35 = br void %arrayidx15.exit" [../src/mv.cpp:35]   --->   Operation 49 'br' 'br_ln35' <Predicate = (trunc_ln31 == 1)> <Delay = 0.00>
ST_3 : Operation 50 [1/1] ( I:1.23ns O:1.23ns )   --->   "%store_ln35 = store i32 %bitcast_ln35, i6 %row_buf_addr" [../src/mv.cpp:35]   --->   Operation 50 'store' 'store_ln35' <Predicate = (trunc_ln31 == 0)> <Delay = 1.23> <CoreInst = "RAM">   --->   Core 82 'RAM' <Latency = 1> <II = 1> <Delay = 1.23> <Storage> <Opcode : 'load' 'store'> <Ports = 2> <Width = 32> <Depth = 64> <RAM>
ST_3 : Operation 51 [1/1] (0.00ns)   --->   "%br_ln35 = br void %arrayidx15.exit" [../src/mv.cpp:35]   --->   Operation 51 'br' 'br_ln35' <Predicate = (trunc_ln31 == 0)> <Delay = 0.00>
ST_3 : Operation 52 [1/1] ( I:1.23ns O:1.23ns )   --->   "%store_ln35 = store i32 %bitcast_ln35, i6 %row_buf_7_addr" [../src/mv.cpp:35]   --->   Operation 52 'store' 'store_ln35' <Predicate = (trunc_ln31 == 7)> <Delay = 1.23> <CoreInst = "RAM">   --->   Core 82 'RAM' <Latency = 1> <II = 1> <Delay = 1.23> <Storage> <Opcode : 'load' 'store'> <Ports = 2> <Width = 32> <Depth = 64> <RAM>
ST_3 : Operation 53 [1/1] (0.00ns)   --->   "%br_ln35 = br void %arrayidx15.exit" [../src/mv.cpp:35]   --->   Operation 53 'br' 'br_ln35' <Predicate = (trunc_ln31 == 7)> <Delay = 0.00>


============================================================
+ Verbose Summary: Binding
============================================================
STG Binding: 
---------------- STG Properties BEGIN ----------------
- Is combinational: 0
- Is one-state seq: 0
- Is datapath-only: 0
- Is pipelined: 0
- Is top level: 0
Port [ Return ] is wired: 1; IO mode=ap_ctrl_hs:ce=0
Port [ gmem0]:  wired=1; compound=1; hidden=0; nouse=0; global=0; static=0; extern=0; dir=0; type=4; pingpong=0; private_global=0; IO mode=m_axi:ce=0
Port [ columns]:  wired=1; compound=0; hidden=0; nouse=0; global=0; static=0; extern=0; dir=0; type=0; pingpong=0; private_global=0; IO mode=ap_none:ce=0
Port [ sext_ln26]:  wired=1; compound=0; hidden=0; nouse=0; global=0; static=0; extern=0; dir=0; type=0; pingpong=0; private_global=0; IO mode=ap_none:ce=0
Port [ row_buf_7]:  wired=1; compound=1; hidden=0; nouse=0; global=0; static=0; extern=0; dir=1; type=1; pingpong=0; private_global=0; MemPort=[03]; IO mode=ap_memory:ce=0
Port [ row_buf_6]:  wired=1; compound=1; hidden=0; nouse=0; global=0; static=0; extern=0; dir=1; type=1; pingpong=0; private_global=0; MemPort=[03]; IO mode=ap_memory:ce=0
Port [ row_buf_5]:  wired=1; compound=1; hidden=0; nouse=0; global=0; static=0; extern=0; dir=1; type=1; pingpong=0; private_global=0; MemPort=[03]; IO mode=ap_memory:ce=0
Port [ row_buf_4]:  wired=1; compound=1; hidden=0; nouse=0; global=0; static=0; extern=0; dir=1; type=1; pingpong=0; private_global=0; MemPort=[03]; IO mode=ap_memory:ce=0
Port [ row_buf_3]:  wired=1; compound=1; hidden=0; nouse=0; global=0; static=0; extern=0; dir=1; type=1; pingpong=0; private_global=0; MemPort=[03]; IO mode=ap_memory:ce=0
Port [ row_buf_2]:  wired=1; compound=1; hidden=0; nouse=0; global=0; static=0; extern=0; dir=1; type=1; pingpong=0; private_global=0; MemPort=[03]; IO mode=ap_memory:ce=0
Port [ row_buf_1]:  wired=1; compound=1; hidden=0; nouse=0; global=0; static=0; extern=0; dir=1; type=1; pingpong=0; private_global=0; MemPort=[03]; IO mode=ap_memory:ce=0
Port [ row_buf]:  wired=1; compound=1; hidden=0; nouse=0; global=0; static=0; extern=0; dir=1; type=1; pingpong=0; private_global=0; MemPort=[03]; IO mode=ap_memory:ce=0
---------------- STG Properties END ------------------

---------------- Datapath Model BEGIN ----------------

<LifeTime>
<method=bitvector/>
j                      (alloca           ) [ 0100]
sext_ln26_read         (read             ) [ 0000]
columns_read           (read             ) [ 0000]
sext_ln26_cast         (sext             ) [ 0110]
specinterface_ln0      (specinterface    ) [ 0000]
store_ln31             (store            ) [ 0000]
br_ln0                 (br               ) [ 0000]
j_2                    (load             ) [ 0000]
specbitsmap_ln0        (specbitsmap      ) [ 0000]
icmp_ln31              (icmp             ) [ 0110]
add_ln31               (add              ) [ 0000]
br_ln31                (br               ) [ 0000]
trunc_ln31             (trunc            ) [ 0111]
lshr_ln1               (partselect       ) [ 0111]
switch_ln35            (switch           ) [ 0000]
store_ln31             (store            ) [ 0000]
br_ln31                (br               ) [ 0000]
gmem0_addr             (getelementptr    ) [ 0000]
gmem0_addr_read        (read             ) [ 0000]
bitcast_ln35           (bitcast          ) [ 0101]
specpipeline_ln33      (specpipeline     ) [ 0000]
speclooptripcount_ln34 (speclooptripcount) [ 0000]
specloopname_ln31      (specloopname     ) [ 0000]
zext_ln31              (zext             ) [ 0000]
row_buf_addr           (getelementptr    ) [ 0000]
row_buf_1_addr         (getelementptr    ) [ 0000]
row_buf_2_addr         (getelementptr    ) [ 0000]
row_buf_3_addr         (getelementptr    ) [ 0000]
row_buf_4_addr         (getelementptr    ) [ 0000]
row_buf_5_addr         (getelementptr    ) [ 0000]
row_buf_6_addr         (getelementptr    ) [ 0000]
row_buf_7_addr         (getelementptr    ) [ 0000]
store_ln35             (store            ) [ 0000]
br_ln35                (br               ) [ 0000]
store_ln35             (store            ) [ 0000]
br_ln35                (br               ) [ 0000]
store_ln35             (store            ) [ 0000]
br_ln35                (br               ) [ 0000]
store_ln35             (store            ) [ 0000]
br_ln35                (br               ) [ 0000]
store_ln35             (store            ) [ 0000]
br_ln35                (br               ) [ 0000]
store_ln35             (store            ) [ 0000]
br_ln35                (br               ) [ 0000]
store_ln35             (store            ) [ 0000]
br_ln35                (br               ) [ 0000]
store_ln35             (store            ) [ 0000]
br_ln35                (br               ) [ 0000]
ret_ln0                (ret              ) [ 0000]
</LifeTime>

<model>

<comp_list>
<comp id="0" class="1000" name="gmem0">
<pin_list>
<pin id="1" dir="1" index="0" bw="1" slack="0"/>
</pin_list>
<bind>
<StgValue><ssdm name="gmem0"/><MemPortTyVec>0 </MemPortTyVec>
</StgValue>
</bind>
</comp>

<comp id="2" class="1000" name="columns">
<pin_list>
<pin id="3" dir="1" index="0" bw="1" slack="0"/>
</pin_list>
<bind>
<StgValue><ssdm name="columns"/></StgValue>
</bind>
</comp>

<comp id="4" class="1000" name="sext_ln26">
<pin_list>
<pin id="5" dir="1" index="0" bw="1" slack="0"/>
</pin_list>
<bind>
<StgValue><ssdm name="sext_ln26"/></StgValue>
</bind>
</comp>

<comp id="6" class="1000" name="row_buf_7">
<pin_list>
<pin id="7" dir="1" index="0" bw="1" slack="0"/>
</pin_list>
<bind>
<StgValue><ssdm name="row_buf_7"/><MemPortTyVec>0 3 </MemPortTyVec>
</StgValue>
</bind>
</comp>

<comp id="8" class="1000" name="row_buf_6">
<pin_list>
<pin id="9" dir="1" index="0" bw="1" slack="0"/>
</pin_list>
<bind>
<StgValue><ssdm name="row_buf_6"/><MemPortTyVec>0 3 </MemPortTyVec>
</StgValue>
</bind>
</comp>

<comp id="10" class="1000" name="row_buf_5">
<pin_list>
<pin id="11" dir="1" index="0" bw="1" slack="0"/>
</pin_list>
<bind>
<StgValue><ssdm name="row_buf_5"/><MemPortTyVec>0 3 </MemPortTyVec>
</StgValue>
</bind>
</comp>

<comp id="12" class="1000" name="row_buf_4">
<pin_list>
<pin id="13" dir="1" index="0" bw="1" slack="0"/>
</pin_list>
<bind>
<StgValue><ssdm name="row_buf_4"/><MemPortTyVec>0 3 </MemPortTyVec>
</StgValue>
</bind>
</comp>

<comp id="14" class="1000" name="row_buf_3">
<pin_list>
<pin id="15" dir="1" index="0" bw="1" slack="0"/>
</pin_list>
<bind>
<StgValue><ssdm name="row_buf_3"/><MemPortTyVec>0 3 </MemPortTyVec>
</StgValue>
</bind>
</comp>

<comp id="16" class="1000" name="row_buf_2">
<pin_list>
<pin id="17" dir="1" index="0" bw="1" slack="0"/>
</pin_list>
<bind>
<StgValue><ssdm name="row_buf_2"/><MemPortTyVec>0 3 </MemPortTyVec>
</StgValue>
</bind>
</comp>

<comp id="18" class="1000" name="row_buf_1">
<pin_list>
<pin id="19" dir="1" index="0" bw="1" slack="0"/>
</pin_list>
<bind>
<StgValue><ssdm name="row_buf_1"/><MemPortTyVec>0 3 </MemPortTyVec>
</StgValue>
</bind>
</comp>

<comp id="20" class="1000" name="row_buf">
<pin_list>
<pin id="21" dir="1" index="0" bw="1" slack="0"/>
</pin_list>
<bind>
<StgValue><ssdm name="row_buf"/><MemPortTyVec>0 3 </MemPortTyVec>
</StgValue>
</bind>
</comp>

<comp id="22" class="1001" name="const_22">
<pin_list>
<pin id="23" dir="1" index="0" bw="1" slack="0"/>
</pin_list>
<bind>
<StgValue><ssdm name=""/></StgValue>
</bind>
</comp>

<comp id="24" class="1001" name="const_24">
<pin_list>
<pin id="25" dir="1" index="0" bw="1" slack="0"/>
</pin_list>
<bind>
<StgValue><ssdm name="_ssdm_op_Read.ap_auto.i62"/></StgValue>
</bind>
</comp>

<comp id="26" class="1001" name="const_26">
<pin_list>
<pin id="27" dir="1" index="0" bw="1" slack="0"/>
</pin_list>
<bind>
<StgValue><ssdm name="_ssdm_op_Read.ap_auto.i31"/></StgValue>
</bind>
</comp>

<comp id="28" class="1001" name="const_28">
<pin_list>
<pin id="29" dir="1" index="0" bw="1" slack="2147483647"/>
</pin_list>
<bind>
<StgValue><ssdm name="_ssdm_op_SpecInterface"/></StgValue>
</bind>
</comp>

<comp id="30" class="1001" name="const_30">
<pin_list>
<pin id="31" dir="1" index="0" bw="1" slack="2147483647"/>
</pin_list>
<bind>
<StgValue><ssdm name="empty_7"/></StgValue>
</bind>
</comp>

<comp id="32" class="1001" name="const_32">
<pin_list>
<pin id="33" dir="1" index="0" bw="1" slack="2147483647"/>
</pin_list>
<bind>
<StgValue><ssdm name=""/></StgValue>
</bind>
</comp>

<comp id="34" class="1001" name="const_34">
<pin_list>
<pin id="35" dir="1" index="0" bw="1" slack="2147483647"/>
</pin_list>
<bind>
<StgValue><ssdm name="empty_8"/></StgValue>
</bind>
</comp>

<comp id="36" class="1001" name="const_36">
<pin_list>
<pin id="37" dir="1" index="0" bw="1" slack="2147483647"/>
</pin_list>
<bind>
<StgValue><ssdm name="empty"/></StgValue>
</bind>
</comp>

<comp id="38" class="1001" name="const_38">
<pin_list>
<pin id="39" dir="1" index="0" bw="1" slack="2147483647"/>
</pin_list>
<bind>
<StgValue><ssdm name="empty_10"/></StgValue>
</bind>
</comp>

<comp id="40" class="1001" name="const_40">
<pin_list>
<pin id="41" dir="1" index="0" bw="1" slack="2147483647"/>
</pin_list>
<bind>
<StgValue><ssdm name=""/></StgValue>
</bind>
</comp>

<comp id="42" class="1001" name="const_42">
<pin_list>
<pin id="43" dir="1" index="0" bw="1" slack="2147483647"/>
</pin_list>
<bind>
<StgValue><ssdm name=""/></StgValue>
</bind>
</comp>

<comp id="44" class="1001" name="const_44">
<pin_list>
<pin id="45" dir="1" index="0" bw="1" slack="0"/>
</pin_list>
<bind>
<StgValue><ssdm name=""/></StgValue>
</bind>
</comp>

<comp id="46" class="1001" name="const_46">
<pin_list>
<pin id="47" dir="1" index="0" bw="1" slack="2147483647"/>
</pin_list>
<bind>
<StgValue><ssdm name="_ssdm_op_SpecBitsMap"/></StgValue>
</bind>
</comp>

<comp id="48" class="1001" name="const_48">
<pin_list>
<pin id="49" dir="1" index="0" bw="1" slack="0"/>
</pin_list>
<bind>
<StgValue><ssdm name=""/></StgValue>
</bind>
</comp>

<comp id="50" class="1001" name="const_50">
<pin_list>
<pin id="51" dir="1" index="0" bw="1" slack="0"/>
</pin_list>
<bind>
<StgValue><ssdm name="_ssdm_op_PartSelect.i6.i31.i32.i32"/></StgValue>
</bind>
</comp>

<comp id="52" class="1001" name="const_52">
<pin_list>
<pin id="53" dir="1" index="0" bw="1" slack="0"/>
</pin_list>
<bind>
<StgValue><ssdm name=""/></StgValue>
</bind>
</comp>

<comp id="54" class="1001" name="const_54">
<pin_list>
<pin id="55" dir="1" index="0" bw="1" slack="0"/>
</pin_list>
<bind>
<StgValue><ssdm name=""/></StgValue>
</bind>
</comp>

<comp id="56" class="1001" name="const_56">
<pin_list>
<pin id="57" dir="1" index="0" bw="1" slack="2147483647"/>
</pin_list>
<bind>
<StgValue><ssdm name=""/></StgValue>
</bind>
</comp>

<comp id="58" class="1001" name="const_58">
<pin_list>
<pin id="59" dir="1" index="0" bw="1" slack="2147483647"/>
</pin_list>
<bind>
<StgValue><ssdm name=""/></StgValue>
</bind>
</comp>

<comp id="60" class="1001" name="const_60">
<pin_list>
<pin id="61" dir="1" index="0" bw="1" slack="2147483647"/>
</pin_list>
<bind>
<StgValue><ssdm name=""/></StgValue>
</bind>
</comp>

<comp id="62" class="1001" name="const_62">
<pin_list>
<pin id="63" dir="1" index="0" bw="1" slack="2147483647"/>
</pin_list>
<bind>
<StgValue><ssdm name=""/></StgValue>
</bind>
</comp>

<comp id="64" class="1001" name="const_64">
<pin_list>
<pin id="65" dir="1" index="0" bw="1" slack="2147483647"/>
</pin_list>
<bind>
<StgValue><ssdm name=""/></StgValue>
</bind>
</comp>

<comp id="66" class="1001" name="const_66">
<pin_list>
<pin id="67" dir="1" index="0" bw="1" slack="2147483647"/>
</pin_list>
<bind>
<StgValue><ssdm name=""/></StgValue>
</bind>
</comp>

<comp id="68" class="1001" name="const_68">
<pin_list>
<pin id="69" dir="1" index="0" bw="1" slack="2147483647"/>
</pin_list>
<bind>
<StgValue><ssdm name=""/></StgValue>
</bind>
</comp>

<comp id="70" class="1001" name="const_70">
<pin_list>
<pin id="71" dir="1" index="0" bw="1" slack="0"/>
</pin_list>
<bind>
<StgValue><ssdm name="_ssdm_op_Read.m_axi.p1i32"/></StgValue>
</bind>
</comp>

<comp id="72" class="1001" name="const_72">
<pin_list>
<pin id="73" dir="1" index="0" bw="1" slack="2147483647"/>
</pin_list>
<bind>
<StgValue><ssdm name="_ssdm_op_SpecPipeline"/></StgValue>
</bind>
</comp>

<comp id="74" class="1001" name="const_74">
<pin_list>
<pin id="75" dir="1" index="0" bw="1" slack="2147483647"/>
</pin_list>
<bind>
<StgValue><ssdm name="_ssdm_op_SpecLoopTripCount"/></StgValue>
</bind>
</comp>

<comp id="76" class="1001" name="const_76">
<pin_list>
<pin id="77" dir="1" index="0" bw="1" slack="2147483647"/>
</pin_list>
<bind>
<StgValue><ssdm name=""/></StgValue>
</bind>
</comp>

<comp id="78" class="1001" name="const_78">
<pin_list>
<pin id="79" dir="1" index="0" bw="1" slack="2147483647"/>
</pin_list>
<bind>
<StgValue><ssdm name=""/></StgValue>
</bind>
</comp>

<comp id="80" class="1001" name="const_80">
<pin_list>
<pin id="81" dir="1" index="0" bw="1" slack="2147483647"/>
</pin_list>
<bind>
<StgValue><ssdm name="_ssdm_op_SpecLoopName"/></StgValue>
</bind>
</comp>

<comp id="82" class="1001" name="const_82">
<pin_list>
<pin id="83" dir="1" index="0" bw="1" slack="2147483647"/>
</pin_list>
<bind>
<StgValue><ssdm name="empty_2"/></StgValue>
</bind>
</comp>

<comp id="84" class="1001" name="const_84">
<pin_list>
<pin id="85" dir="1" index="0" bw="1" slack="0"/>
</pin_list>
<bind>
<StgValue><ssdm name=""/></StgValue>
</bind>
</comp>

<comp id="86" class="1004" name="j_fu_86">
<pin_list>
<pin id="87" dir="0" index="0" bw="1" slack="0"/>
<pin id="88" dir="1" index="1" bw="31" slack="0"/>
</pin_list>
<bind>
<opcode="alloca(26) " fcode="alloca"/>
<opset="j/1 "/>
</bind>
</comp>

<comp id="90" class="1004" name="sext_ln26_read_read_fu_90">
<pin_list>
<pin id="91" dir="0" index="0" bw="62" slack="0"/>
<pin id="92" dir="0" index="1" bw="62" slack="0"/>
<pin id="93" dir="1" index="2" bw="62" slack="0"/>
</pin_list>
<bind>
<opcode="read(1150) " fcode="read"/>
<opset="sext_ln26_read/1 "/>
</bind>
</comp>

<comp id="96" class="1004" name="columns_read_read_fu_96">
<pin_list>
<pin id="97" dir="0" index="0" bw="31" slack="0"/>
<pin id="98" dir="0" index="1" bw="31" slack="0"/>
<pin id="99" dir="1" index="2" bw="31" slack="0"/>
</pin_list>
<bind>
<opcode="read(1150) " fcode="read"/>
<opset="columns_read/1 "/>
</bind>
</comp>

<comp id="102" class="1004" name="gmem0_addr_read_read_fu_102">
<pin_list>
<pin id="103" dir="0" index="0" bw="32" slack="0"/>
<pin id="104" dir="0" index="1" bw="32" slack="0"/>
<pin id="105" dir="1" index="2" bw="32" slack="0"/>
</pin_list>
<bind>
<opcode="read(1150) " fcode="read"/>
<opset="gmem0_addr_read/2 "/>
</bind>
</comp>

<comp id="107" class="1004" name="row_buf_addr_gep_fu_107">
<pin_list>
<pin id="108" dir="0" index="0" bw="32" slack="0"/>
<pin id="109" dir="0" index="1" bw="1" slack="0"/>
<pin id="110" dir="0" index="2" bw="6" slack="0"/>
<pin id="111" dir="1" index="3" bw="6" slack="0"/>
</pin_list>
<bind>
<opcode="getelementptr(29) " fcode="getelementptr"/>
<opset="row_buf_addr/3 "/>
</bind>
</comp>

<comp id="114" class="1004" name="row_buf_1_addr_gep_fu_114">
<pin_list>
<pin id="115" dir="0" index="0" bw="32" slack="0"/>
<pin id="116" dir="0" index="1" bw="1" slack="0"/>
<pin id="117" dir="0" index="2" bw="6" slack="0"/>
<pin id="118" dir="1" index="3" bw="6" slack="0"/>
</pin_list>
<bind>
<opcode="getelementptr(29) " fcode="getelementptr"/>
<opset="row_buf_1_addr/3 "/>
</bind>
</comp>

<comp id="121" class="1004" name="row_buf_2_addr_gep_fu_121">
<pin_list>
<pin id="122" dir="0" index="0" bw="32" slack="0"/>
<pin id="123" dir="0" index="1" bw="1" slack="0"/>
<pin id="124" dir="0" index="2" bw="6" slack="0"/>
<pin id="125" dir="1" index="3" bw="6" slack="0"/>
</pin_list>
<bind>
<opcode="getelementptr(29) " fcode="getelementptr"/>
<opset="row_buf_2_addr/3 "/>
</bind>
</comp>

<comp id="128" class="1004" name="row_buf_3_addr_gep_fu_128">
<pin_list>
<pin id="129" dir="0" index="0" bw="32" slack="0"/>
<pin id="130" dir="0" index="1" bw="1" slack="0"/>
<pin id="131" dir="0" index="2" bw="6" slack="0"/>
<pin id="132" dir="1" index="3" bw="6" slack="0"/>
</pin_list>
<bind>
<opcode="getelementptr(29) " fcode="getelementptr"/>
<opset="row_buf_3_addr/3 "/>
</bind>
</comp>

<comp id="135" class="1004" name="row_buf_4_addr_gep_fu_135">
<pin_list>
<pin id="136" dir="0" index="0" bw="32" slack="0"/>
<pin id="137" dir="0" index="1" bw="1" slack="0"/>
<pin id="138" dir="0" index="2" bw="6" slack="0"/>
<pin id="139" dir="1" index="3" bw="6" slack="0"/>
</pin_list>
<bind>
<opcode="getelementptr(29) " fcode="getelementptr"/>
<opset="row_buf_4_addr/3 "/>
</bind>
</comp>

<comp id="142" class="1004" name="row_buf_5_addr_gep_fu_142">
<pin_list>
<pin id="143" dir="0" index="0" bw="32" slack="0"/>
<pin id="144" dir="0" index="1" bw="1" slack="0"/>
<pin id="145" dir="0" index="2" bw="6" slack="0"/>
<pin id="146" dir="1" index="3" bw="6" slack="0"/>
</pin_list>
<bind>
<opcode="getelementptr(29) " fcode="getelementptr"/>
<opset="row_buf_5_addr/3 "/>
</bind>
</comp>

<comp id="149" class="1004" name="row_buf_6_addr_gep_fu_149">
<pin_list>
<pin id="150" dir="0" index="0" bw="32" slack="0"/>
<pin id="151" dir="0" index="1" bw="1" slack="0"/>
<pin id="152" dir="0" index="2" bw="6" slack="0"/>
<pin id="153" dir="1" index="3" bw="6" slack="0"/>
</pin_list>
<bind>
<opcode="getelementptr(29) " fcode="getelementptr"/>
<opset="row_buf_6_addr/3 "/>
</bind>
</comp>

<comp id="156" class="1004" name="row_buf_7_addr_gep_fu_156">
<pin_list>
<pin id="157" dir="0" index="0" bw="32" slack="0"/>
<pin id="158" dir="0" index="1" bw="1" slack="0"/>
<pin id="159" dir="0" index="2" bw="6" slack="0"/>
<pin id="160" dir="1" index="3" bw="6" slack="0"/>
</pin_list>
<bind>
<opcode="getelementptr(29) " fcode="getelementptr"/>
<opset="row_buf_7_addr/3 "/>
</bind>
</comp>

<comp id="163" class="1004" name="store_ln35_access_fu_163">
<pin_list>
<pin id="164" dir="0" index="0" bw="6" slack="0"/>
<pin id="165" dir="0" index="1" bw="32" slack="1"/>
<pin id="166" dir="0" index="2" bw="0" slack="2147483647"/>
<pin id="167" dir="1" index="3" bw="32" slack="2147483647"/>
</pin_list>
<bind>
<opcode="store(28) " fcode="store"/>
<opset="store_ln35/3 "/>
</bind>
</comp>

<comp id="169" class="1004" name="store_ln35_access_fu_169">
<pin_list>
<pin id="170" dir="0" index="0" bw="6" slack="0"/>
<pin id="171" dir="0" index="1" bw="32" slack="1"/>
<pin id="172" dir="0" index="2" bw="0" slack="2147483647"/>
<pin id="173" dir="1" index="3" bw="32" slack="2147483647"/>
</pin_list>
<bind>
<opcode="store(28) " fcode="store"/>
<opset="store_ln35/3 "/>
</bind>
</comp>

<comp id="175" class="1004" name="store_ln35_access_fu_175">
<pin_list>
<pin id="176" dir="0" index="0" bw="6" slack="0"/>
<pin id="177" dir="0" index="1" bw="32" slack="1"/>
<pin id="178" dir="0" index="2" bw="0" slack="2147483647"/>
<pin id="179" dir="1" index="3" bw="32" slack="2147483647"/>
</pin_list>
<bind>
<opcode="store(28) " fcode="store"/>
<opset="store_ln35/3 "/>
</bind>
</comp>

<comp id="181" class="1004" name="store_ln35_access_fu_181">
<pin_list>
<pin id="182" dir="0" index="0" bw="6" slack="0"/>
<pin id="183" dir="0" index="1" bw="32" slack="1"/>
<pin id="184" dir="0" index="2" bw="0" slack="2147483647"/>
<pin id="185" dir="1" index="3" bw="32" slack="2147483647"/>
</pin_list>
<bind>
<opcode="store(28) " fcode="store"/>
<opset="store_ln35/3 "/>
</bind>
</comp>

<comp id="187" class="1004" name="store_ln35_access_fu_187">
<pin_list>
<pin id="188" dir="0" index="0" bw="6" slack="0"/>
<pin id="189" dir="0" index="1" bw="32" slack="1"/>
<pin id="190" dir="0" index="2" bw="0" slack="2147483647"/>
<pin id="191" dir="1" index="3" bw="32" slack="2147483647"/>
</pin_list>
<bind>
<opcode="store(28) " fcode="store"/>
<opset="store_ln35/3 "/>
</bind>
</comp>

<comp id="193" class="1004" name="store_ln35_access_fu_193">
<pin_list>
<pin id="194" dir="0" index="0" bw="6" slack="0"/>
<pin id="195" dir="0" index="1" bw="32" slack="1"/>
<pin id="196" dir="0" index="2" bw="0" slack="2147483647"/>
<pin id="197" dir="1" index="3" bw="32" slack="2147483647"/>
</pin_list>
<bind>
<opcode="store(28) " fcode="store"/>
<opset="store_ln35/3 "/>
</bind>
</comp>

<comp id="199" class="1004" name="store_ln35_access_fu_199">
<pin_list>
<pin id="200" dir="0" index="0" bw="6" slack="0"/>
<pin id="201" dir="0" index="1" bw="32" slack="1"/>
<pin id="202" dir="0" index="2" bw="0" slack="2147483647"/>
<pin id="203" dir="1" index="3" bw="32" slack="2147483647"/>
</pin_list>
<bind>
<opcode="store(28) " fcode="store"/>
<opset="store_ln35/3 "/>
</bind>
</comp>

<comp id="205" class="1004" name="store_ln35_access_fu_205">
<pin_list>
<pin id="206" dir="0" index="0" bw="6" slack="0"/>
<pin id="207" dir="0" index="1" bw="32" slack="1"/>
<pin id="208" dir="0" index="2" bw="0" slack="2147483647"/>
<pin id="209" dir="1" index="3" bw="32" slack="2147483647"/>
</pin_list>
<bind>
<opcode="store(28) " fcode="store"/>
<opset="store_ln35/3 "/>
</bind>
</comp>

<comp id="211" class="1004" name="sext_ln26_cast_fu_211">
<pin_list>
<pin id="212" dir="0" index="0" bw="62" slack="0"/>
<pin id="213" dir="1" index="1" bw="64" slack="1"/>
</pin_list>
<bind>
<opcode="sext(35) " fcode="sext"/>
<opset="sext_ln26_cast/1 "/>
</bind>
</comp>

<comp id="215" class="1004" name="store_ln31_store_fu_215">
<pin_list>
<pin id="216" dir="0" index="0" bw="1" slack="0"/>
<pin id="217" dir="0" index="1" bw="31" slack="0"/>
<pin id="218" dir="1" index="2" bw="0" slack="2147483647"/>
</pin_list>
<bind>
<opcode="store(28) " fcode="store"/>
<opset="store_ln31/1 "/>
</bind>
</comp>

<comp id="220" class="1004" name="j_2_load_fu_220">
<pin_list>
<pin id="221" dir="0" index="0" bw="31" slack="0"/>
<pin id="222" dir="1" index="1" bw="31" slack="0"/>
</pin_list>
<bind>
<opcode="load(27) " fcode="load"/>
<opset="j_2/1 "/>
</bind>
</comp>

<comp id="223" class="1004" name="icmp_ln31_fu_223">
<pin_list>
<pin id="224" dir="0" index="0" bw="31" slack="0"/>
<pin id="225" dir="0" index="1" bw="31" slack="0"/>
<pin id="226" dir="1" index="2" bw="1" slack="1"/>
</pin_list>
<bind>
<opcode="icmp(45) " fcode="icmp"/>
<opset="icmp_ln31/1 "/>
</bind>
</comp>

<comp id="229" class="1004" name="add_ln31_fu_229">
<pin_list>
<pin id="230" dir="0" index="0" bw="31" slack="0"/>
<pin id="231" dir="0" index="1" bw="1" slack="0"/>
<pin id="232" dir="1" index="2" bw="31" slack="0"/>
</pin_list>
<bind>
<opcode="add(8) " fcode="add"/>
<opset="add_ln31/1 "/>
</bind>
</comp>

<comp id="235" class="1004" name="trunc_ln31_fu_235">
<pin_list>
<pin id="236" dir="0" index="0" bw="31" slack="0"/>
<pin id="237" dir="1" index="1" bw="3" slack="2"/>
</pin_list>
<bind>
<opcode="trunc(33) " fcode="trunc"/>
<opset="trunc_ln31/1 "/>
</bind>
</comp>

<comp id="239" class="1004" name="lshr_ln1_fu_239">
<pin_list>
<pin id="240" dir="0" index="0" bw="6" slack="0"/>
<pin id="241" dir="0" index="1" bw="31" slack="0"/>
<pin id="242" dir="0" index="2" bw="3" slack="0"/>
<pin id="243" dir="0" index="3" bw="5" slack="0"/>
<pin id="244" dir="1" index="4" bw="6" slack="2"/>
</pin_list>
<bind>
<opcode="partselect(1002) " fcode="partselect"/>
<opset="lshr_ln1/1 "/>
</bind>
</comp>

<comp id="249" class="1004" name="store_ln31_store_fu_249">
<pin_list>
<pin id="250" dir="0" index="0" bw="31" slack="0"/>
<pin id="251" dir="0" index="1" bw="31" slack="0"/>
<pin id="252" dir="1" index="2" bw="0" slack="2147483647"/>
</pin_list>
<bind>
<opcode="store(28) " fcode="store"/>
<opset="store_ln31/1 "/>
</bind>
</comp>

<comp id="254" class="1004" name="gmem0_addr_fu_254">
<pin_list>
<pin id="255" dir="0" index="0" bw="64" slack="0"/>
<pin id="256" dir="0" index="1" bw="64" slack="1"/>
<pin id="257" dir="1" index="2" bw="64" slack="0"/>
</pin_list>
<bind>
<opcode="getelementptr(29) " fcode="getelementptr"/>
<opset="gmem0_addr/2 "/>
</bind>
</comp>

<comp id="260" class="1004" name="bitcast_ln35_fu_260">
<pin_list>
<pin id="261" dir="0" index="0" bw="32" slack="0"/>
<pin id="262" dir="1" index="1" bw="32" slack="1"/>
</pin_list>
<bind>
<opcode="bitcast(44) " fcode="bitcast"/>
<opset="bitcast_ln35/2 "/>
</bind>
</comp>

<comp id="264" class="1004" name="zext_ln31_fu_264">
<pin_list>
<pin id="265" dir="0" index="0" bw="6" slack="2"/>
<pin id="266" dir="1" index="1" bw="64" slack="0"/>
</pin_list>
<bind>
<opcode="zext(34) " fcode="zext"/>
<opset="zext_ln31/3 "/>
</bind>
</comp>

<comp id="275" class="1005" name="j_reg_275">
<pin_list>
<pin id="276" dir="0" index="0" bw="31" slack="0"/>
<pin id="277" dir="1" index="1" bw="31" slack="0"/>
</pin_list>
<bind>
<opset="j "/>
</bind>
</comp>

<comp id="282" class="1005" name="sext_ln26_cast_reg_282">
<pin_list>
<pin id="283" dir="0" index="0" bw="64" slack="1"/>
<pin id="284" dir="1" index="1" bw="64" slack="1"/>
</pin_list>
<bind>
<opset="sext_ln26_cast "/>
</bind>
</comp>

<comp id="287" class="1005" name="icmp_ln31_reg_287">
<pin_list>
<pin id="288" dir="0" index="0" bw="1" slack="1"/>
<pin id="289" dir="1" index="1" bw="1" slack="2147483647"/>
</pin_list>
<bind>
<opset="icmp_ln31 "/>
</bind>
</comp>

<comp id="291" class="1005" name="trunc_ln31_reg_291">
<pin_list>
<pin id="292" dir="0" index="0" bw="3" slack="2"/>
<pin id="293" dir="1" index="1" bw="3" slack="2147483647"/>
</pin_list>
<bind>
<opset="trunc_ln31 "/>
</bind>
</comp>

<comp id="295" class="1005" name="lshr_ln1_reg_295">
<pin_list>
<pin id="296" dir="0" index="0" bw="6" slack="2"/>
<pin id="297" dir="1" index="1" bw="6" slack="2"/>
</pin_list>
<bind>
<opset="lshr_ln1 "/>
</bind>
</comp>

<comp id="300" class="1005" name="bitcast_ln35_reg_300">
<pin_list>
<pin id="301" dir="0" index="0" bw="32" slack="1"/>
<pin id="302" dir="1" index="1" bw="32" slack="1"/>
</pin_list>
<bind>
<opset="bitcast_ln35 "/>
</bind>
</comp>

</comp_list>

<net_list>
<net id="89"><net_src comp="22" pin="0"/><net_sink comp="86" pin=0"/></net>

<net id="94"><net_src comp="24" pin="0"/><net_sink comp="90" pin=0"/></net>

<net id="95"><net_src comp="4" pin="0"/><net_sink comp="90" pin=1"/></net>

<net id="100"><net_src comp="26" pin="0"/><net_sink comp="96" pin=0"/></net>

<net id="101"><net_src comp="2" pin="0"/><net_sink comp="96" pin=1"/></net>

<net id="106"><net_src comp="70" pin="0"/><net_sink comp="102" pin=0"/></net>

<net id="112"><net_src comp="20" pin="0"/><net_sink comp="107" pin=0"/></net>

<net id="113"><net_src comp="84" pin="0"/><net_sink comp="107" pin=1"/></net>

<net id="119"><net_src comp="18" pin="0"/><net_sink comp="114" pin=0"/></net>

<net id="120"><net_src comp="84" pin="0"/><net_sink comp="114" pin=1"/></net>

<net id="126"><net_src comp="16" pin="0"/><net_sink comp="121" pin=0"/></net>

<net id="127"><net_src comp="84" pin="0"/><net_sink comp="121" pin=1"/></net>

<net id="133"><net_src comp="14" pin="0"/><net_sink comp="128" pin=0"/></net>

<net id="134"><net_src comp="84" pin="0"/><net_sink comp="128" pin=1"/></net>

<net id="140"><net_src comp="12" pin="0"/><net_sink comp="135" pin=0"/></net>

<net id="141"><net_src comp="84" pin="0"/><net_sink comp="135" pin=1"/></net>

<net id="147"><net_src comp="10" pin="0"/><net_sink comp="142" pin=0"/></net>

<net id="148"><net_src comp="84" pin="0"/><net_sink comp="142" pin=1"/></net>

<net id="154"><net_src comp="8" pin="0"/><net_sink comp="149" pin=0"/></net>

<net id="155"><net_src comp="84" pin="0"/><net_sink comp="149" pin=1"/></net>

<net id="161"><net_src comp="6" pin="0"/><net_sink comp="156" pin=0"/></net>

<net id="162"><net_src comp="84" pin="0"/><net_sink comp="156" pin=1"/></net>

<net id="168"><net_src comp="149" pin="3"/><net_sink comp="163" pin=0"/></net>

<net id="174"><net_src comp="142" pin="3"/><net_sink comp="169" pin=0"/></net>

<net id="180"><net_src comp="135" pin="3"/><net_sink comp="175" pin=0"/></net>

<net id="186"><net_src comp="128" pin="3"/><net_sink comp="181" pin=0"/></net>

<net id="192"><net_src comp="121" pin="3"/><net_sink comp="187" pin=0"/></net>

<net id="198"><net_src comp="114" pin="3"/><net_sink comp="193" pin=0"/></net>

<net id="204"><net_src comp="107" pin="3"/><net_sink comp="199" pin=0"/></net>

<net id="210"><net_src comp="156" pin="3"/><net_sink comp="205" pin=0"/></net>

<net id="214"><net_src comp="90" pin="2"/><net_sink comp="211" pin=0"/></net>

<net id="219"><net_src comp="44" pin="0"/><net_sink comp="215" pin=0"/></net>

<net id="227"><net_src comp="220" pin="1"/><net_sink comp="223" pin=0"/></net>

<net id="228"><net_src comp="96" pin="2"/><net_sink comp="223" pin=1"/></net>

<net id="233"><net_src comp="220" pin="1"/><net_sink comp="229" pin=0"/></net>

<net id="234"><net_src comp="48" pin="0"/><net_sink comp="229" pin=1"/></net>

<net id="238"><net_src comp="220" pin="1"/><net_sink comp="235" pin=0"/></net>

<net id="245"><net_src comp="50" pin="0"/><net_sink comp="239" pin=0"/></net>

<net id="246"><net_src comp="220" pin="1"/><net_sink comp="239" pin=1"/></net>

<net id="247"><net_src comp="52" pin="0"/><net_sink comp="239" pin=2"/></net>

<net id="248"><net_src comp="54" pin="0"/><net_sink comp="239" pin=3"/></net>

<net id="253"><net_src comp="229" pin="2"/><net_sink comp="249" pin=0"/></net>

<net id="258"><net_src comp="0" pin="0"/><net_sink comp="254" pin=0"/></net>

<net id="259"><net_src comp="254" pin="2"/><net_sink comp="102" pin=1"/></net>

<net id="263"><net_src comp="102" pin="2"/><net_sink comp="260" pin=0"/></net>

<net id="267"><net_src comp="264" pin="1"/><net_sink comp="107" pin=2"/></net>

<net id="268"><net_src comp="264" pin="1"/><net_sink comp="114" pin=2"/></net>

<net id="269"><net_src comp="264" pin="1"/><net_sink comp="121" pin=2"/></net>

<net id="270"><net_src comp="264" pin="1"/><net_sink comp="128" pin=2"/></net>

<net id="271"><net_src comp="264" pin="1"/><net_sink comp="135" pin=2"/></net>

<net id="272"><net_src comp="264" pin="1"/><net_sink comp="142" pin=2"/></net>

<net id="273"><net_src comp="264" pin="1"/><net_sink comp="149" pin=2"/></net>

<net id="274"><net_src comp="264" pin="1"/><net_sink comp="156" pin=2"/></net>

<net id="278"><net_src comp="86" pin="1"/><net_sink comp="275" pin=0"/></net>

<net id="279"><net_src comp="275" pin="1"/><net_sink comp="215" pin=1"/></net>

<net id="280"><net_src comp="275" pin="1"/><net_sink comp="220" pin=0"/></net>

<net id="281"><net_src comp="275" pin="1"/><net_sink comp="249" pin=1"/></net>

<net id="285"><net_src comp="211" pin="1"/><net_sink comp="282" pin=0"/></net>

<net id="286"><net_src comp="282" pin="1"/><net_sink comp="254" pin=1"/></net>

<net id="290"><net_src comp="223" pin="2"/><net_sink comp="287" pin=0"/></net>

<net id="294"><net_src comp="235" pin="1"/><net_sink comp="291" pin=0"/></net>

<net id="298"><net_src comp="239" pin="4"/><net_sink comp="295" pin=0"/></net>

<net id="299"><net_src comp="295" pin="1"/><net_sink comp="264" pin=0"/></net>

<net id="303"><net_src comp="260" pin="1"/><net_sink comp="300" pin=0"/></net>

<net id="304"><net_src comp="300" pin="1"/><net_sink comp="163" pin=1"/></net>

<net id="305"><net_src comp="300" pin="1"/><net_sink comp="169" pin=1"/></net>

<net id="306"><net_src comp="300" pin="1"/><net_sink comp="175" pin=1"/></net>

<net id="307"><net_src comp="300" pin="1"/><net_sink comp="181" pin=1"/></net>

<net id="308"><net_src comp="300" pin="1"/><net_sink comp="187" pin=1"/></net>

<net id="309"><net_src comp="300" pin="1"/><net_sink comp="193" pin=1"/></net>

<net id="310"><net_src comp="300" pin="1"/><net_sink comp="199" pin=1"/></net>

<net id="311"><net_src comp="300" pin="1"/><net_sink comp="205" pin=1"/></net>

</net_list>

</model> 
---------------- Datapath Model END ------------------

* FSMD analyzer results:
  - Output states:
	Port: gmem0 | {}
	Port: row_buf_7 | {3 }
	Port: row_buf_6 | {3 }
	Port: row_buf_5 | {3 }
	Port: row_buf_4 | {3 }
	Port: row_buf_3 | {3 }
	Port: row_buf_2 | {3 }
	Port: row_buf_1 | {3 }
	Port: row_buf | {3 }
 - Input state : 
	Port: mv_Pipeline_col_loop : gmem0 | {2 }
	Port: mv_Pipeline_col_loop : columns | {1 }
	Port: mv_Pipeline_col_loop : sext_ln26 | {1 }
  - Chain level:
	State 1
		store_ln31 : 1
		j_2 : 1
		icmp_ln31 : 2
		add_ln31 : 2
		br_ln31 : 3
		trunc_ln31 : 2
		lshr_ln1 : 2
		switch_ln35 : 3
		store_ln31 : 3
	State 2
		gmem0_addr_read : 1
		bitcast_ln35 : 1
	State 3
		row_buf_addr : 1
		row_buf_1_addr : 1
		row_buf_2_addr : 1
		row_buf_3_addr : 1
		row_buf_4_addr : 1
		row_buf_5_addr : 1
		row_buf_6_addr : 1
		row_buf_7_addr : 1
		store_ln35 : 2
		store_ln35 : 2
		store_ln35 : 2
		store_ln35 : 2
		store_ln35 : 2
		store_ln35 : 2
		store_ln35 : 2
		store_ln35 : 2


============================================================
+ Verbose Summary: Datapath Resource usage 
============================================================

* Functional unit list:
|----------|-----------------------------|---------|---------|
| Operation|       Functional Unit       |    FF   |   LUT   |
|----------|-----------------------------|---------|---------|
|   icmp   |       icmp_ln31_fu_223      |    0    |    38   |
|----------|-----------------------------|---------|---------|
|    add   |       add_ln31_fu_229       |    0    |    38   |
|----------|-----------------------------|---------|---------|
|          |  sext_ln26_read_read_fu_90  |    0    |    0    |
|   read   |   columns_read_read_fu_96   |    0    |    0    |
|          | gmem0_addr_read_read_fu_102 |    0    |    0    |
|----------|-----------------------------|---------|---------|
|   sext   |    sext_ln26_cast_fu_211    |    0    |    0    |
|----------|-----------------------------|---------|---------|
|   trunc  |      trunc_ln31_fu_235      |    0    |    0    |
|----------|-----------------------------|---------|---------|
|partselect|       lshr_ln1_fu_239       |    0    |    0    |
|----------|-----------------------------|---------|---------|
|   zext   |       zext_ln31_fu_264      |    0    |    0    |
|----------|-----------------------------|---------|---------|
|   Total  |                             |    0    |    76   |
|----------|-----------------------------|---------|---------|

Memories:
N/A

* Register list:
+----------------------+--------+
|                      |   FF   |
+----------------------+--------+
| bitcast_ln35_reg_300 |   32   |
|   icmp_ln31_reg_287  |    1   |
|       j_reg_275      |   31   |
|   lshr_ln1_reg_295   |    6   |
|sext_ln26_cast_reg_282|   64   |
|  trunc_ln31_reg_291  |    3   |
+----------------------+--------+
|         Total        |   137  |
+----------------------+--------+

* Multiplexer (MUX) list: 
|--------|------|------|------|--------|
|  Comp  |  Pin | Size |  BW  | S x BW |
|--------|------|------|------|--------|
|  Total |      |      |      |    0   |
|--------|------|------|------|--------|



* Summary:
+-----------+--------+--------+
|           |   FF   |   LUT  |
+-----------+--------+--------+
|  Function |    0   |   76   |
|   Memory  |    -   |    -   |
|Multiplexer|    -   |    -   |
|  Register |   137  |    -   |
+-----------+--------+--------+
|   Total   |   137  |   76   |
+-----------+--------+--------+
