

================================================================
== Vitis HLS Report for 'spmv_csc_Pipeline_VITIS_LOOP_66_2'
================================================================
* Date:           Sun Apr 12 19:56:15 2026

* Version:        2024.2 (Build 5238294 on Nov  8 2024)
* Project:        spmv_csc_HW_HLS
* Solution:       solution1 (Vivado IP Flow Target)
* Product family: zynquplus
* Target device:  xczu7ev-ffvc1156-2-e


================================================================
== Performance Estimates
================================================================
+ Timing: 
    * Summary: 
    +--------+----------+----------+------------+
    |  Clock |  Target  | Estimated| Uncertainty|
    +--------+----------+----------+------------+
    |ap_clk  |  10.00 ns|  9.000 ns|     1.00 ns|
    +--------+----------+----------+------------+

+ Latency: 
    * Summary: 
    +---------+---------+----------+----------+-----+-----+------------------------------------------------+
    |  Latency (cycles) |  Latency (absolute) |  Interval |                    Pipeline                    |
    |   min   |   max   |    min   |    max   | min | max |                      Type                      |
    +---------+---------+----------+----------+-----+-----+------------------------------------------------+
    |        ?|        ?|         ?|         ?|    0|    0|  loop auto-rewind stp (delay=0 clock cycles(s))|
    +---------+---------+----------+----------+-----+-----+------------------------------------------------+

    + Detail: 
        * Instance: 
        N/A

        * Loop: 
        +-------------------+---------+---------+----------+-----------+-----------+------+----------+
        |                   |  Latency (cycles) | Iteration|  Initiation Interval  | Trip |          |
        |     Loop Name     |   min   |   max   |  Latency |  achieved |   target  | Count| Pipelined|
        +-------------------+---------+---------+----------+-----------+-----------+------+----------+
        |- VITIS_LOOP_66_2  |        ?|        ?|         3|          1|          1|     ?|       yes|
        +-------------------+---------+---------+----------+-----------+-----------+------+----------+



================================================================
== Utilization Estimates
================================================================
* Summary: 
+-----------------+---------+------+--------+--------+-----+
|       Name      | BRAM_18K|  DSP |   FF   |   LUT  | URAM|
+-----------------+---------+------+--------+--------+-----+
|DSP              |        -|     -|       -|       -|    -|
|Expression       |        -|     -|       0|      61|    -|
|FIFO             |        -|     -|       -|       -|    -|
|Instance         |        -|     -|       -|       -|    -|
|Memory           |        -|     -|       -|       -|    -|
|Multiplexer      |        -|     -|       0|      45|    -|
|Register         |        -|     -|      48|       -|    -|
+-----------------+---------+------+--------+--------+-----+
|Total            |        0|     0|      48|     106|    0|
+-----------------+---------+------+--------+--------+-----+
|Available        |      624|  1728|  460800|  230400|   96|
+-----------------+---------+------+--------+--------+-----+
|Utilization (%)  |        0|     0|      ~0|      ~0|    0|
+-----------------+---------+------+--------+--------+-----+

+ Detail: 
    * Instance: 
    N/A

    * DSP: 
    N/A

    * Memory: 
    N/A

    * FIFO: 
    N/A

    * Expression: 
    +---------------------------+----------+----+---+----+------------+------------+
    |       Variable Name       | Operation| DSP| FF| LUT| Bitwidth P0| Bitwidth P1|
    +---------------------------+----------+----+---+----+------------+------------+
    |add_ln66_fu_109_p2         |         +|   0|  0|  18|          11|           1|
    |ap_block_pp0_stage0_11001  |       and|   0|  0|   2|           1|           1|
    |icmp_ln66_fu_103_p2        |      icmp|   0|  0|  39|          32|          32|
    |ap_enable_pp0              |       xor|   0|  0|   2|           1|           2|
    +---------------------------+----------+----+---+----+------------+------------+
    |Total                      |          |   0|  0|  61|          45|          36|
    +---------------------------+----------+----+---+----+------------+------------+

    * Multiplexer: 
    +-------------------------+----+-----------+-----+-----------+
    |           Name          | LUT| Input Size| Bits| Total Bits|
    +-------------------------+----+-----------+-----+-----------+
    |ap_done_int              |   9|          2|    1|          2|
    |ap_enable_reg_pp0_iter1  |   9|          2|    1|          2|
    |ap_sig_allocacmp_i_1     |   9|          2|   11|         22|
    |gmem4_blk_n_W            |   9|          2|    1|          2|
    |i_fu_50                  |   9|          2|   11|         22|
    +-------------------------+----+-----------+-----+-----------+
    |Total                    |  45|         10|   25|         50|
    +-------------------------+----+-----------+-----+-----------+

    * Register: 
    +----------------------------------+----+----+-----+-----------+
    |               Name               | FF | LUT| Bits| Const Bits|
    +----------------------------------+----+----+-----+-----------+
    |ap_CS_fsm                         |   1|   0|    1|          0|
    |ap_done_reg                       |   1|   0|    1|          0|
    |ap_enable_reg_pp0_iter1           |   1|   0|    1|          0|
    |ap_enable_reg_pp0_iter2           |   1|   0|    1|          0|
    |ap_loop_exit_ready_pp0_iter1_reg  |   1|   0|    1|          0|
    |i_fu_50                           |  11|   0|   11|          0|
    |y_buf_load_reg_156                |  32|   0|   32|          0|
    +----------------------------------+----+----+-----+-----------+
    |Total                             |  48|   0|   48|          0|
    +----------------------------------+----+----+-----+-----------+



================================================================
== Interface
================================================================
* Summary: 
+------------------------+-----+-----+------------+-----------------------------------+--------------+
|        RTL Ports       | Dir | Bits|  Protocol  |           Source Object           |    C Type    |
+------------------------+-----+-----+------------+-----------------------------------+--------------+
|ap_clk                  |   in|    1|  ap_ctrl_hs|  spmv_csc_Pipeline_VITIS_LOOP_66_2|  return value|
|ap_rst                  |   in|    1|  ap_ctrl_hs|  spmv_csc_Pipeline_VITIS_LOOP_66_2|  return value|
|ap_start                |   in|    1|  ap_ctrl_hs|  spmv_csc_Pipeline_VITIS_LOOP_66_2|  return value|
|ap_done                 |  out|    1|  ap_ctrl_hs|  spmv_csc_Pipeline_VITIS_LOOP_66_2|  return value|
|ap_idle                 |  out|    1|  ap_ctrl_hs|  spmv_csc_Pipeline_VITIS_LOOP_66_2|  return value|
|ap_ready                |  out|    1|  ap_ctrl_hs|  spmv_csc_Pipeline_VITIS_LOOP_66_2|  return value|
|m_axi_gmem4_0_AWVALID   |  out|    1|       m_axi|                              gmem4|       pointer|
|m_axi_gmem4_0_AWREADY   |   in|    1|       m_axi|                              gmem4|       pointer|
|m_axi_gmem4_0_AWADDR    |  out|   64|       m_axi|                              gmem4|       pointer|
|m_axi_gmem4_0_AWID      |  out|    1|       m_axi|                              gmem4|       pointer|
|m_axi_gmem4_0_AWLEN     |  out|   32|       m_axi|                              gmem4|       pointer|
|m_axi_gmem4_0_AWSIZE    |  out|    3|       m_axi|                              gmem4|       pointer|
|m_axi_gmem4_0_AWBURST   |  out|    2|       m_axi|                              gmem4|       pointer|
|m_axi_gmem4_0_AWLOCK    |  out|    2|       m_axi|                              gmem4|       pointer|
|m_axi_gmem4_0_AWCACHE   |  out|    4|       m_axi|                              gmem4|       pointer|
|m_axi_gmem4_0_AWPROT    |  out|    3|       m_axi|                              gmem4|       pointer|
|m_axi_gmem4_0_AWQOS     |  out|    4|       m_axi|                              gmem4|       pointer|
|m_axi_gmem4_0_AWREGION  |  out|    4|       m_axi|                              gmem4|       pointer|
|m_axi_gmem4_0_AWUSER    |  out|    1|       m_axi|                              gmem4|       pointer|
|m_axi_gmem4_0_WVALID    |  out|    1|       m_axi|                              gmem4|       pointer|
|m_axi_gmem4_0_WREADY    |   in|    1|       m_axi|                              gmem4|       pointer|
|m_axi_gmem4_0_WDATA     |  out|   32|       m_axi|                              gmem4|       pointer|
|m_axi_gmem4_0_WSTRB     |  out|    4|       m_axi|                              gmem4|       pointer|
|m_axi_gmem4_0_WLAST     |  out|    1|       m_axi|                              gmem4|       pointer|
|m_axi_gmem4_0_WID       |  out|    1|       m_axi|                              gmem4|       pointer|
|m_axi_gmem4_0_WUSER     |  out|    1|       m_axi|                              gmem4|       pointer|
|m_axi_gmem4_0_ARVALID   |  out|    1|       m_axi|                              gmem4|       pointer|
|m_axi_gmem4_0_ARREADY   |   in|    1|       m_axi|                              gmem4|       pointer|
|m_axi_gmem4_0_ARADDR    |  out|   64|       m_axi|                              gmem4|       pointer|
|m_axi_gmem4_0_ARID      |  out|    1|       m_axi|                              gmem4|       pointer|
|m_axi_gmem4_0_ARLEN     |  out|   32|       m_axi|                              gmem4|       pointer|
|m_axi_gmem4_0_ARSIZE    |  out|    3|       m_axi|                              gmem4|       pointer|
|m_axi_gmem4_0_ARBURST   |  out|    2|       m_axi|                              gmem4|       pointer|
|m_axi_gmem4_0_ARLOCK    |  out|    2|       m_axi|                              gmem4|       pointer|
|m_axi_gmem4_0_ARCACHE   |  out|    4|       m_axi|                              gmem4|       pointer|
|m_axi_gmem4_0_ARPROT    |  out|    3|       m_axi|                              gmem4|       pointer|
|m_axi_gmem4_0_ARQOS     |  out|    4|       m_axi|                              gmem4|       pointer|
|m_axi_gmem4_0_ARREGION  |  out|    4|       m_axi|                              gmem4|       pointer|
|m_axi_gmem4_0_ARUSER    |  out|    1|       m_axi|                              gmem4|       pointer|
|m_axi_gmem4_0_RVALID    |   in|    1|       m_axi|                              gmem4|       pointer|
|m_axi_gmem4_0_RREADY    |  out|    1|       m_axi|                              gmem4|       pointer|
|m_axi_gmem4_0_RDATA     |   in|   32|       m_axi|                              gmem4|       pointer|
|m_axi_gmem4_0_RLAST     |   in|    1|       m_axi|                              gmem4|       pointer|
|m_axi_gmem4_0_RID       |   in|    1|       m_axi|                              gmem4|       pointer|
|m_axi_gmem4_0_RFIFONUM  |   in|    9|       m_axi|                              gmem4|       pointer|
|m_axi_gmem4_0_RUSER     |   in|    1|       m_axi|                              gmem4|       pointer|
|m_axi_gmem4_0_RRESP     |   in|    2|       m_axi|                              gmem4|       pointer|
|m_axi_gmem4_0_BVALID    |   in|    1|       m_axi|                              gmem4|       pointer|
|m_axi_gmem4_0_BREADY    |  out|    1|       m_axi|                              gmem4|       pointer|
|m_axi_gmem4_0_BRESP     |   in|    2|       m_axi|                              gmem4|       pointer|
|m_axi_gmem4_0_BID       |   in|    1|       m_axi|                              gmem4|       pointer|
|m_axi_gmem4_0_BUSER     |   in|    1|       m_axi|                              gmem4|       pointer|
|num_rows                |   in|   32|     ap_none|                           num_rows|        scalar|
|sext_ln66               |   in|   62|     ap_none|                          sext_ln66|        scalar|
|y_buf_address0          |  out|   10|   ap_memory|                              y_buf|         array|
|y_buf_ce0               |  out|    1|   ap_memory|                              y_buf|         array|
|y_buf_q0                |   in|   32|   ap_memory|                              y_buf|         array|
+------------------------+-----+-----+------------+-----------------------------------+--------------+

