

================================================================
== Vitis HLS Report for 'spmv_csc_Pipeline_VITIS_LOOP_57_1'
================================================================
* Date:           Sun Apr 12 19:56:15 2026

* Version:        2024.2 (Build 5238294 on Nov  8 2024)
* Project:        spmv_csc_HW_HLS
* Solution:       solution1 (Vivado IP Flow Target)
* Product family: zynquplus
* Target device:  xczu7ev-ffvc1156-2-e


================================================================
== Performance Estimates
================================================================
+ Timing: 
    * Summary: 
    +--------+----------+----------+------------+
    |  Clock |  Target  | Estimated| Uncertainty|
    +--------+----------+----------+------------+
    |ap_clk  |  10.00 ns|  2.680 ns|     1.00 ns|
    +--------+----------+----------+------------+

+ Latency: 
    * Summary: 
    +---------+---------+----------+----------+-----+-----+------------------------------------------------+
    |  Latency (cycles) |  Latency (absolute) |  Interval |                    Pipeline                    |
    |   min   |   max   |    min   |    max   | min | max |                      Type                      |
    +---------+---------+----------+----------+-----+-----+------------------------------------------------+
    |        ?|        ?|         ?|         ?|    0|    0|  loop auto-rewind stp (delay=0 clock cycles(s))|
    +---------+---------+----------+----------+-----+-----+------------------------------------------------+

    + Detail: 
        * Instance: 
        N/A

        * Loop: 
        +-------------------+---------+---------+----------+-----------+-----------+------+----------+
        |                   |  Latency (cycles) | Iteration|  Initiation Interval  | Trip |          |
        |     Loop Name     |   min   |   max   |  Latency |  achieved |   target  | Count| Pipelined|
        +-------------------+---------+---------+----------+-----------+-----------+------+----------+
        |- VITIS_LOOP_57_1  |        ?|        ?|         1|          1|          1|     ?|       yes|
        +-------------------+---------+---------+----------+-----------+-----------+------+----------+



================================================================
== Utilization Estimates
================================================================
* Summary: 
+-----------------+---------+------+--------+--------+-----+
|       Name      | BRAM_18K|  DSP |   FF   |   LUT  | URAM|
+-----------------+---------+------+--------+--------+-----+
|DSP              |        -|     -|       -|       -|    -|
|Expression       |        -|     -|       0|      57|    -|
|FIFO             |        -|     -|       -|       -|    -|
|Instance         |        -|     -|       -|       -|    -|
|Memory           |        -|     -|       -|       -|    -|
|Multiplexer      |        -|     -|       0|      27|    -|
|Register         |        -|     -|      13|       -|    -|
+-----------------+---------+------+--------+--------+-----+
|Total            |        0|     0|      13|      84|    0|
+-----------------+---------+------+--------+--------+-----+
|Available        |      624|  1728|  460800|  230400|   96|
+-----------------+---------+------+--------+--------+-----+
|Utilization (%)  |        0|     0|      ~0|      ~0|    0|
+-----------------+---------+------+--------+--------+-----+

+ Detail: 
    * Instance: 
    N/A

    * DSP: 
    N/A

    * Memory: 
    N/A

    * FIFO: 
    N/A

    * Expression: 
    +--------------------+----------+----+---+----+------------+------------+
    |    Variable Name   | Operation| DSP| FF| LUT| Bitwidth P0| Bitwidth P1|
    +--------------------+----------+----+---+----+------------+------------+
    |add_ln57_fu_68_p2   |         +|   0|  0|  18|          11|           1|
    |icmp_ln57_fu_62_p2  |      icmp|   0|  0|  39|          32|          32|
    +--------------------+----------+----+---+----+------------+------------+
    |Total               |          |   0|  0|  57|          43|          33|
    +--------------------+----------+----+---+----+------------+------------+

    * Multiplexer: 
    +----------------------+----+-----------+-----+-----------+
    |         Name         | LUT| Input Size| Bits| Total Bits|
    +----------------------+----+-----------+-----+-----------+
    |ap_done_int           |   9|          2|    1|          2|
    |ap_sig_allocacmp_i_2  |   9|          2|   11|         22|
    |i_fu_26               |   9|          2|   11|         22|
    +----------------------+----+-----------+-----+-----------+
    |Total                 |  27|          6|   23|         46|
    +----------------------+----+-----------+-----+-----------+

    * Register: 
    +-------------+----+----+-----+-----------+
    |     Name    | FF | LUT| Bits| Const Bits|
    +-------------+----+----+-----+-----------+
    |ap_CS_fsm    |   1|   0|    1|          0|
    |ap_done_reg  |   1|   0|    1|          0|
    |i_fu_26      |  11|   0|   11|          0|
    +-------------+----+----+-----+-----------+
    |Total        |  13|   0|   13|          0|
    +-------------+----+----+-----+-----------+



================================================================
== Interface
================================================================
* Summary: 
+----------------+-----+-----+------------+-----------------------------------+--------------+
|    RTL Ports   | Dir | Bits|  Protocol  |           Source Object           |    C Type    |
+----------------+-----+-----+------------+-----------------------------------+--------------+
|ap_clk          |   in|    1|  ap_ctrl_hs|  spmv_csc_Pipeline_VITIS_LOOP_57_1|  return value|
|ap_rst          |   in|    1|  ap_ctrl_hs|  spmv_csc_Pipeline_VITIS_LOOP_57_1|  return value|
|ap_start        |   in|    1|  ap_ctrl_hs|  spmv_csc_Pipeline_VITIS_LOOP_57_1|  return value|
|ap_done         |  out|    1|  ap_ctrl_hs|  spmv_csc_Pipeline_VITIS_LOOP_57_1|  return value|
|ap_idle         |  out|    1|  ap_ctrl_hs|  spmv_csc_Pipeline_VITIS_LOOP_57_1|  return value|
|ap_ready        |  out|    1|  ap_ctrl_hs|  spmv_csc_Pipeline_VITIS_LOOP_57_1|  return value|
|num_rows        |   in|   32|     ap_none|                           num_rows|        scalar|
|y_buf_address0  |  out|   10|   ap_memory|                              y_buf|         array|
|y_buf_ce0       |  out|    1|   ap_memory|                              y_buf|         array|
|y_buf_we0       |  out|    1|   ap_memory|                              y_buf|         array|
|y_buf_d0        |  out|   32|   ap_memory|                              y_buf|         array|
+----------------+-----+-----+------------+-----------------------------------+--------------+

