

================================================================
== Vitis HLS Report for 'mv'
================================================================
* Date:           Wed Apr  8 10:38:13 2026

* Version:        2024.2 (Build 5238294 on Nov  8 2024)
* Project:        mv
* Solution:       solution1 (Vivado IP Flow Target)
* Product family: zynquplus
* Target device:  xczu7ev-ffvc1156-2-e


================================================================
== Performance Estimates
================================================================
+ Timing: 
    * Summary: 
    +--------+----------+----------+------------+
    |  Clock |  Target  | Estimated| Uncertainty|
    +--------+----------+----------+------------+
    |ap_clk  |  10.00 ns|  7.300 ns|     2.70 ns|
    +--------+----------+----------+------------+

+ Latency: 
    * Summary: 
    +---------+---------+----------+-----------+-----+---------+---------+
    |  Latency (cycles) |  Latency (absolute)  |    Interval   | Pipeline|
    |   min   |   max   |    min   |    max    | min |   max   |   Type  |
    +---------+---------+----------+-----------+-----+---------+---------+
    |       24|  1057300|  0.240 us|  10.573 ms|   25|  1057301|       no|
    +---------+---------+----------+-----------+-----+---------+---------+

    + Detail: 
        * Instance: 
        +---------------------------------+----------------------+---------+---------+-----------+-----------+-----+------+------------------------------------------------+
        |                                 |                      |  Latency (cycles) |   Latency (absolute)  |  Interval  |                    Pipeline                    |
        |             Instance            |        Module        |   min   |   max   |    min    |    max    | min |  max |                      Type                      |
        +---------------------------------+----------------------+---------+---------+-----------+-----------+-----+------+------------------------------------------------+
        |grp_mv_Pipeline_x_buff_fu_248    |mv_Pipeline_x_buff    |        4|      515|  40.000 ns|   5.150 us|    2|   513|  loop auto-rewind stp (delay=0 clock cycles(s))|
        |grp_mv_Pipeline_col_loop_fu_264  |mv_Pipeline_col_loop  |        4|      515|  40.000 ns|   5.150 us|    2|   513|  loop auto-rewind stp (delay=0 clock cycles(s))|
        |grp_mv_Pipeline_mac_loop_fu_280  |mv_Pipeline_mac_loop  |       10|     1543|   0.100 us|  15.430 us|    6|  1539|  loop auto-rewind stp (delay=0 clock cycles(s))|
        +---------------------------------+----------------------+---------+---------+-----------+-----------+-----+------+------------------------------------------------+

        * Loop: 
        +------------+---------+---------+----------+-----------+-----------+---------+----------+
        |            |  Latency (cycles) | Iteration|  Initiation Interval  |   Trip  |          |
        |  Loop Name |   min   |   max   |  Latency |  achieved |   target  |  Count  | Pipelined|
        +------------+---------+---------+----------+-----------+-----------+---------+----------+
        |- row_loop  |        3|  1056768|  3 ~ 2064|          -|          -|  1 ~ 512|        no|
        +------------+---------+---------+----------+-----------+-----------+---------+----------+



================================================================
== Utilization Estimates
================================================================
* Summary: 
+-----------------+---------+------+--------+--------+-----+
|       Name      | BRAM_18K|  DSP |   FF   |   LUT  | URAM|
+-----------------+---------+------+--------+--------+-----+
|DSP              |        -|     -|       -|       -|    -|
|Expression       |        -|     -|       0|     343|    -|
|FIFO             |        -|     -|       -|       -|    -|
|Instance         |        6|     9|    3060|    3358|    0|
|Memory           |       16|     -|       0|       0|    0|
|Multiplexer      |        -|     -|       0|     878|    -|
|Register         |        -|     -|     530|       -|    -|
+-----------------+---------+------+--------+--------+-----+
|Total            |       22|     9|    3590|    4579|    0|
+-----------------+---------+------+--------+--------+-----+
|Available        |      624|  1728|  460800|  230400|   96|
+-----------------+---------+------+--------+--------+-----+
|Utilization (%)  |        3|    ~0|      ~0|       1|    0|
+-----------------+---------+------+--------+--------+-----+

+ Detail: 
    * Instance: 
    +---------------------------------+----------------------+---------+----+-----+-----+-----+
    |             Instance            |        Module        | BRAM_18K| DSP|  FF | LUT | URAM|
    +---------------------------------+----------------------+---------+----+-----+-----+-----+
    |control_r_s_axi_U                |control_r_s_axi       |        0|   0|  240|  424|    0|
    |control_s_axi_U                  |control_s_axi         |        0|   0|  112|  168|    0|
    |gmem0_m_axi_U                    |gmem0_m_axi           |        2|   0|  671|  637|    0|
    |gmem1_m_axi_U                    |gmem1_m_axi           |        2|   0|  671|  637|    0|
    |gmem2_m_axi_U                    |gmem2_m_axi           |        2|   0|  665|  625|    0|
    |mul_32ns_32ns_63_1_1_U48         |mul_32ns_32ns_63_1_1  |        0|   4|    0|   20|    0|
    |grp_mv_Pipeline_col_loop_fu_264  |mv_Pipeline_col_loop  |        0|   0|   87|  125|    0|
    |grp_mv_Pipeline_mac_loop_fu_280  |mv_Pipeline_mac_loop  |        0|   5|  527|  596|    0|
    |grp_mv_Pipeline_x_buff_fu_248    |mv_Pipeline_x_buff    |        0|   0|   87|  126|    0|
    +---------------------------------+----------------------+---------+----+-----+-----+-----+
    |Total                            |                      |        6|   9| 3060| 3358|    0|
    +---------------------------------+----------------------+---------+----+-----+-----+-----+

    * DSP: 
    N/A

    * Memory: 
    +-------------+---------------------+---------+---+----+-----+------+-----+------+-------------+
    |    Memory   |        Module       | BRAM_18K| FF| LUT| URAM| Words| Bits| Banks| W*Bits*Banks|
    +-------------+---------------------+---------+---+----+-----+------+-----+------+-------------+
    |x_buf_U      |x_buf_RAM_AUTO_1R1W  |        1|  0|   0|    0|    64|   32|     1|         2048|
    |x_buf_1_U    |x_buf_RAM_AUTO_1R1W  |        1|  0|   0|    0|    64|   32|     1|         2048|
    |x_buf_2_U    |x_buf_RAM_AUTO_1R1W  |        1|  0|   0|    0|    64|   32|     1|         2048|
    |x_buf_3_U    |x_buf_RAM_AUTO_1R1W  |        1|  0|   0|    0|    64|   32|     1|         2048|
    |x_buf_4_U    |x_buf_RAM_AUTO_1R1W  |        1|  0|   0|    0|    64|   32|     1|         2048|
    |x_buf_5_U    |x_buf_RAM_AUTO_1R1W  |        1|  0|   0|    0|    64|   32|     1|         2048|
    |x_buf_6_U    |x_buf_RAM_AUTO_1R1W  |        1|  0|   0|    0|    64|   32|     1|         2048|
    |x_buf_7_U    |x_buf_RAM_AUTO_1R1W  |        1|  0|   0|    0|    64|   32|     1|         2048|
    |row_buf_U    |x_buf_RAM_AUTO_1R1W  |        1|  0|   0|    0|    64|   32|     1|         2048|
    |row_buf_1_U  |x_buf_RAM_AUTO_1R1W  |        1|  0|   0|    0|    64|   32|     1|         2048|
    |row_buf_2_U  |x_buf_RAM_AUTO_1R1W  |        1|  0|   0|    0|    64|   32|     1|         2048|
    |row_buf_3_U  |x_buf_RAM_AUTO_1R1W  |        1|  0|   0|    0|    64|   32|     1|         2048|
    |row_buf_4_U  |x_buf_RAM_AUTO_1R1W  |        1|  0|   0|    0|    64|   32|     1|         2048|
    |row_buf_5_U  |x_buf_RAM_AUTO_1R1W  |        1|  0|   0|    0|    64|   32|     1|         2048|
    |row_buf_6_U  |x_buf_RAM_AUTO_1R1W  |        1|  0|   0|    0|    64|   32|     1|         2048|
    |row_buf_7_U  |x_buf_RAM_AUTO_1R1W  |        1|  0|   0|    0|    64|   32|     1|         2048|
    +-------------+---------------------+---------+---+----+-----+------+-----+------+-------------+
    |Total        |                     |       16|  0|   0|    0|  1024|  512|    16|        32768|
    +-------------+---------------------+---------+---+----+-----+------+-----+------+-------------+

    * FIFO: 
    N/A

    * Expression: 
    +-----------------------+----------+----+---+----+------------+------------+
    |     Variable Name     | Operation| DSP| FF| LUT| Bitwidth P0| Bitwidth P1|
    +-----------------------+----------+----+---+----+------------+------------+
    |add_ln26_fu_451_p2     |         +|   0|  0|  38|          31|           1|
    |icmp_ln18_fu_310_p2    |      icmp|   0|  0|  39|          32|           1|
    |icmp_ln26_1_fu_446_p2  |      icmp|   0|  0|  39|          32|          32|
    |icmp_ln26_fu_326_p2    |      icmp|   0|  0|  39|          32|           1|
    |ap_block_state3_io     |        or|   0|  0|   2|           1|           1|
    |empty_27_fu_383_p3     |    select|   0|  0|  31|           1|          31|
    |empty_29_fu_400_p3     |    select|   0|  0|  62|           1|          63|
    |empty_31_fu_366_p3     |    select|   0|  0|  31|           1|          31|
    |select_ln26_fu_393_p3  |    select|   0|  0|  62|           1|          63|
    +-----------------------+----------+----+---+----+------------+------------+
    |Total                  |          |   0|  0| 343|         132|         224|
    +-----------------------+----------+----+---+----+------------+------------+

    * Multiplexer: 
    +---------------------+-----+-----------+-----+-----------+
    |         Name        | LUT | Input Size| Bits| Total Bits|
    +---------------------+-----+-----------+-----+-----------+
    |acc_0_lcssa_reg_237  |    9|          2|   32|         64|
    |ap_NS_fsm            |  121|         24|    1|         24|
    |gmem0_0_ARADDR       |   14|          3|   64|        192|
    |gmem0_0_ARLEN        |   14|          3|   32|         96|
    |gmem0_0_ARVALID      |   14|          3|    1|          3|
    |gmem0_0_RREADY       |    9|          2|    1|          2|
    |gmem0_blk_n_AR       |    9|          2|    1|          2|
    |gmem1_0_ARADDR       |   14|          3|   64|        192|
    |gmem1_0_ARLEN        |   14|          3|   32|         96|
    |gmem1_0_ARVALID      |   14|          3|    1|          3|
    |gmem1_0_RREADY       |    9|          2|    1|          2|
    |gmem1_blk_n_AR       |    9|          2|    1|          2|
    |gmem2_blk_n_AW       |    9|          2|    1|          2|
    |gmem2_blk_n_B        |    9|          2|    1|          2|
    |gmem2_blk_n_W        |    9|          2|    1|          2|
    |i_1_fu_108           |    9|          2|   31|         62|
    |row_buf_1_address0   |   14|          3|    6|         18|
    |row_buf_1_ce0        |   14|          3|    1|          3|
    |row_buf_1_we0        |    9|          2|    1|          2|
    |row_buf_2_address0   |   14|          3|    6|         18|
    |row_buf_2_ce0        |   14|          3|    1|          3|
    |row_buf_2_we0        |    9|          2|    1|          2|
    |row_buf_3_address0   |   14|          3|    6|         18|
    |row_buf_3_ce0        |   14|          3|    1|          3|
    |row_buf_3_we0        |    9|          2|    1|          2|
    |row_buf_4_address0   |   14|          3|    6|         18|
    |row_buf_4_ce0        |   14|          3|    1|          3|
    |row_buf_4_we0        |    9|          2|    1|          2|
    |row_buf_5_address0   |   14|          3|    6|         18|
    |row_buf_5_ce0        |   14|          3|    1|          3|
    |row_buf_5_we0        |    9|          2|    1|          2|
    |row_buf_6_address0   |   14|          3|    6|         18|
    |row_buf_6_ce0        |   14|          3|    1|          3|
    |row_buf_6_we0        |    9|          2|    1|          2|
    |row_buf_7_address0   |   14|          3|    6|         18|
    |row_buf_7_ce0        |   14|          3|    1|          3|
    |row_buf_7_we0        |    9|          2|    1|          2|
    |row_buf_address0     |   14|          3|    6|         18|
    |row_buf_ce0          |   14|          3|    1|          3|
    |row_buf_we0          |    9|          2|    1|          2|
    |x_buf_1_address0     |   14|          3|    6|         18|
    |x_buf_1_ce0          |   14|          3|    1|          3|
    |x_buf_1_we0          |    9|          2|    1|          2|
    |x_buf_2_address0     |   14|          3|    6|         18|
    |x_buf_2_ce0          |   14|          3|    1|          3|
    |x_buf_2_we0          |    9|          2|    1|          2|
    |x_buf_3_address0     |   14|          3|    6|         18|
    |x_buf_3_ce0          |   14|          3|    1|          3|
    |x_buf_3_we0          |    9|          2|    1|          2|
    |x_buf_4_address0     |   14|          3|    6|         18|
    |x_buf_4_ce0          |   14|          3|    1|          3|
    |x_buf_4_we0          |    9|          2|    1|          2|
    |x_buf_5_address0     |   14|          3|    6|         18|
    |x_buf_5_ce0          |   14|          3|    1|          3|
    |x_buf_5_we0          |    9|          2|    1|          2|
    |x_buf_6_address0     |   14|          3|    6|         18|
    |x_buf_6_ce0          |   14|          3|    1|          3|
    |x_buf_6_we0          |    9|          2|    1|          2|
    |x_buf_7_address0     |   14|          3|    6|         18|
    |x_buf_7_ce0          |   14|          3|    1|          3|
    |x_buf_7_we0          |    9|          2|    1|          2|
    |x_buf_address0       |   14|          3|    6|         18|
    |x_buf_ce0            |   14|          3|    1|          3|
    |x_buf_we0            |    9|          2|    1|          2|
    +---------------------+-----+-----------+-----+-----------+
    |Total                |  878|        188|  393|       1114|
    +---------------------+-----+-----------+-----+-----------+

    * Register: 
    +----------------------------------------------+----+----+-----+-----------+
    |                     Name                     | FF | LUT| Bits| Const Bits|
    +----------------------------------------------+----+----+-----+-----------+
    |acc_0_lcssa_reg_237                           |  32|   0|   32|          0|
    |add_ln26_reg_568                              |  31|   0|   31|          0|
    |ap_CS_fsm                                     |  23|   0|   23|          0|
    |columns_read_reg_476                          |  32|   0|   32|          0|
    |empty_27_reg_535                              |  31|   0|   31|          0|
    |empty_29_reg_540                              |  63|   0|   63|          0|
    |empty_31_reg_530                              |  31|   0|   31|          0|
    |empty_reg_488                                 |  31|   0|   31|          0|
    |gmem2_addr_reg_524                            |  64|   0|   64|          0|
    |grp_mv_Pipeline_col_loop_fu_264_ap_start_reg  |   1|   0|    1|          0|
    |grp_mv_Pipeline_mac_loop_fu_280_ap_start_reg  |   1|   0|    1|          0|
    |grp_mv_Pipeline_x_buff_fu_248_ap_start_reg    |   1|   0|    1|          0|
    |i_1_fu_108                                    |  31|   0|   31|          0|
    |icmp_ln18_reg_501                             |   1|   0|    1|          0|
    |icmp_ln26_reg_513                             |   1|   0|    1|          0|
    |rows_read_reg_482                             |  32|   0|   32|          0|
    |trunc_ln1_reg_518                             |  62|   0|   62|          0|
    |trunc_ln_reg_507                              |  62|   0|   62|          0|
    +----------------------------------------------+----+----+-----+-----------+
    |Total                                         | 530|   0|  530|          0|
    +----------------------------------------------+----+----+-----+-----------+



================================================================
== Interface
================================================================
* Summary: 
+-------------------------+-----+-----+------------+--------------+--------------+
|        RTL Ports        | Dir | Bits|  Protocol  | Source Object|    C Type    |
+-------------------------+-----+-----+------------+--------------+--------------+
|s_axi_control_AWVALID    |   in|    1|       s_axi|       control|        scalar|
|s_axi_control_AWREADY    |  out|    1|       s_axi|       control|        scalar|
|s_axi_control_AWADDR     |   in|    5|       s_axi|       control|        scalar|
|s_axi_control_WVALID     |   in|    1|       s_axi|       control|        scalar|
|s_axi_control_WREADY     |  out|    1|       s_axi|       control|        scalar|
|s_axi_control_WDATA      |   in|   32|       s_axi|       control|        scalar|
|s_axi_control_WSTRB      |   in|    4|       s_axi|       control|        scalar|
|s_axi_control_ARVALID    |   in|    1|       s_axi|       control|        scalar|
|s_axi_control_ARREADY    |  out|    1|       s_axi|       control|        scalar|
|s_axi_control_ARADDR     |   in|    5|       s_axi|       control|        scalar|
|s_axi_control_RVALID     |  out|    1|       s_axi|       control|        scalar|
|s_axi_control_RREADY     |   in|    1|       s_axi|       control|        scalar|
|s_axi_control_RDATA      |  out|   32|       s_axi|       control|        scalar|
|s_axi_control_RRESP      |  out|    2|       s_axi|       control|        scalar|
|s_axi_control_BVALID     |  out|    1|       s_axi|       control|        scalar|
|s_axi_control_BREADY     |   in|    1|       s_axi|       control|        scalar|
|s_axi_control_BRESP      |  out|    2|       s_axi|       control|        scalar|
|s_axi_control_r_AWVALID  |   in|    1|       s_axi|     control_r|        scalar|
|s_axi_control_r_AWREADY  |  out|    1|       s_axi|     control_r|        scalar|
|s_axi_control_r_AWADDR   |   in|    6|       s_axi|     control_r|        scalar|
|s_axi_control_r_WVALID   |   in|    1|       s_axi|     control_r|        scalar|
|s_axi_control_r_WREADY   |  out|    1|       s_axi|     control_r|        scalar|
|s_axi_control_r_WDATA    |   in|   32|       s_axi|     control_r|        scalar|
|s_axi_control_r_WSTRB    |   in|    4|       s_axi|     control_r|        scalar|
|s_axi_control_r_ARVALID  |   in|    1|       s_axi|     control_r|        scalar|
|s_axi_control_r_ARREADY  |  out|    1|       s_axi|     control_r|        scalar|
|s_axi_control_r_ARADDR   |   in|    6|       s_axi|     control_r|        scalar|
|s_axi_control_r_RVALID   |  out|    1|       s_axi|     control_r|        scalar|
|s_axi_control_r_RREADY   |   in|    1|       s_axi|     control_r|        scalar|
|s_axi_control_r_RDATA    |  out|   32|       s_axi|     control_r|        scalar|
|s_axi_control_r_RRESP    |  out|    2|       s_axi|     control_r|        scalar|
|s_axi_control_r_BVALID   |  out|    1|       s_axi|     control_r|        scalar|
|s_axi_control_r_BREADY   |   in|    1|       s_axi|     control_r|        scalar|
|s_axi_control_r_BRESP    |  out|    2|       s_axi|     control_r|        scalar|
|ap_clk                   |   in|    1|  ap_ctrl_hs|            mv|  return value|
|ap_rst_n                 |   in|    1|  ap_ctrl_hs|            mv|  return value|
|interrupt                |  out|    1|  ap_ctrl_hs|            mv|  return value|
|m_axi_gmem0_AWVALID      |  out|    1|       m_axi|         gmem0|       pointer|
|m_axi_gmem0_AWREADY      |   in|    1|       m_axi|         gmem0|       pointer|
|m_axi_gmem0_AWADDR       |  out|   64|       m_axi|         gmem0|       pointer|
|m_axi_gmem0_AWID         |  out|    1|       m_axi|         gmem0|       pointer|
|m_axi_gmem0_AWLEN        |  out|    8|       m_axi|         gmem0|       pointer|
|m_axi_gmem0_AWSIZE       |  out|    3|       m_axi|         gmem0|       pointer|
|m_axi_gmem0_AWBURST      |  out|    2|       m_axi|         gmem0|       pointer|
|m_axi_gmem0_AWLOCK       |  out|    2|       m_axi|         gmem0|       pointer|
|m_axi_gmem0_AWCACHE      |  out|    4|       m_axi|         gmem0|       pointer|
|m_axi_gmem0_AWPROT       |  out|    3|       m_axi|         gmem0|       pointer|
|m_axi_gmem0_AWQOS        |  out|    4|       m_axi|         gmem0|       pointer|
|m_axi_gmem0_AWREGION     |  out|    4|       m_axi|         gmem0|       pointer|
|m_axi_gmem0_AWUSER       |  out|    1|       m_axi|         gmem0|       pointer|
|m_axi_gmem0_WVALID       |  out|    1|       m_axi|         gmem0|       pointer|
|m_axi_gmem0_WREADY       |   in|    1|       m_axi|         gmem0|       pointer|
|m_axi_gmem0_WDATA        |  out|   32|       m_axi|         gmem0|       pointer|
|m_axi_gmem0_WSTRB        |  out|    4|       m_axi|         gmem0|       pointer|
|m_axi_gmem0_WLAST        |  out|    1|       m_axi|         gmem0|       pointer|
|m_axi_gmem0_WID          |  out|    1|       m_axi|         gmem0|       pointer|
|m_axi_gmem0_WUSER        |  out|    1|       m_axi|         gmem0|       pointer|
|m_axi_gmem0_ARVALID      |  out|    1|       m_axi|         gmem0|       pointer|
|m_axi_gmem0_ARREADY      |   in|    1|       m_axi|         gmem0|       pointer|
|m_axi_gmem0_ARADDR       |  out|   64|       m_axi|         gmem0|       pointer|
|m_axi_gmem0_ARID         |  out|    1|       m_axi|         gmem0|       pointer|
|m_axi_gmem0_ARLEN        |  out|    8|       m_axi|         gmem0|       pointer|
|m_axi_gmem0_ARSIZE       |  out|    3|       m_axi|         gmem0|       pointer|
|m_axi_gmem0_ARBURST      |  out|    2|       m_axi|         gmem0|       pointer|
|m_axi_gmem0_ARLOCK       |  out|    2|       m_axi|         gmem0|       pointer|
|m_axi_gmem0_ARCACHE      |  out|    4|       m_axi|         gmem0|       pointer|
|m_axi_gmem0_ARPROT       |  out|    3|       m_axi|         gmem0|       pointer|
|m_axi_gmem0_ARQOS        |  out|    4|       m_axi|         gmem0|       pointer|
|m_axi_gmem0_ARREGION     |  out|    4|       m_axi|         gmem0|       pointer|
|m_axi_gmem0_ARUSER       |  out|    1|       m_axi|         gmem0|       pointer|
|m_axi_gmem0_RVALID       |   in|    1|       m_axi|         gmem0|       pointer|
|m_axi_gmem0_RREADY       |  out|    1|       m_axi|         gmem0|       pointer|
|m_axi_gmem0_RDATA        |   in|   32|       m_axi|         gmem0|       pointer|
|m_axi_gmem0_RLAST        |   in|    1|       m_axi|         gmem0|       pointer|
|m_axi_gmem0_RID          |   in|    1|       m_axi|         gmem0|       pointer|
|m_axi_gmem0_RUSER        |   in|    1|       m_axi|         gmem0|       pointer|
|m_axi_gmem0_RRESP        |   in|    2|       m_axi|         gmem0|       pointer|
|m_axi_gmem0_BVALID       |   in|    1|       m_axi|         gmem0|       pointer|
|m_axi_gmem0_BREADY       |  out|    1|       m_axi|         gmem0|       pointer|
|m_axi_gmem0_BRESP        |   in|    2|       m_axi|         gmem0|       pointer|
|m_axi_gmem0_BID          |   in|    1|       m_axi|         gmem0|       pointer|
|m_axi_gmem0_BUSER        |   in|    1|       m_axi|         gmem0|       pointer|
|m_axi_gmem1_AWVALID      |  out|    1|       m_axi|         gmem1|       pointer|
|m_axi_gmem1_AWREADY      |   in|    1|       m_axi|         gmem1|       pointer|
|m_axi_gmem1_AWADDR       |  out|   64|       m_axi|         gmem1|       pointer|
|m_axi_gmem1_AWID         |  out|    1|       m_axi|         gmem1|       pointer|
|m_axi_gmem1_AWLEN        |  out|    8|       m_axi|         gmem1|       pointer|
|m_axi_gmem1_AWSIZE       |  out|    3|       m_axi|         gmem1|       pointer|
|m_axi_gmem1_AWBURST      |  out|    2|       m_axi|         gmem1|       pointer|
|m_axi_gmem1_AWLOCK       |  out|    2|       m_axi|         gmem1|       pointer|
|m_axi_gmem1_AWCACHE      |  out|    4|       m_axi|         gmem1|       pointer|
|m_axi_gmem1_AWPROT       |  out|    3|       m_axi|         gmem1|       pointer|
|m_axi_gmem1_AWQOS        |  out|    4|       m_axi|         gmem1|       pointer|
|m_axi_gmem1_AWREGION     |  out|    4|       m_axi|         gmem1|       pointer|
|m_axi_gmem1_AWUSER       |  out|    1|       m_axi|         gmem1|       pointer|
|m_axi_gmem1_WVALID       |  out|    1|       m_axi|         gmem1|       pointer|
|m_axi_gmem1_WREADY       |   in|    1|       m_axi|         gmem1|       pointer|
|m_axi_gmem1_WDATA        |  out|   32|       m_axi|         gmem1|       pointer|
|m_axi_gmem1_WSTRB        |  out|    4|       m_axi|         gmem1|       pointer|
|m_axi_gmem1_WLAST        |  out|    1|       m_axi|         gmem1|       pointer|
|m_axi_gmem1_WID          |  out|    1|       m_axi|         gmem1|       pointer|
|m_axi_gmem1_WUSER        |  out|    1|       m_axi|         gmem1|       pointer|
|m_axi_gmem1_ARVALID      |  out|    1|       m_axi|         gmem1|       pointer|
|m_axi_gmem1_ARREADY      |   in|    1|       m_axi|         gmem1|       pointer|
|m_axi_gmem1_ARADDR       |  out|   64|       m_axi|         gmem1|       pointer|
|m_axi_gmem1_ARID         |  out|    1|       m_axi|         gmem1|       pointer|
|m_axi_gmem1_ARLEN        |  out|    8|       m_axi|         gmem1|       pointer|
|m_axi_gmem1_ARSIZE       |  out|    3|       m_axi|         gmem1|       pointer|
|m_axi_gmem1_ARBURST      |  out|    2|       m_axi|         gmem1|       pointer|
|m_axi_gmem1_ARLOCK       |  out|    2|       m_axi|         gmem1|       pointer|
|m_axi_gmem1_ARCACHE      |  out|    4|       m_axi|         gmem1|       pointer|
|m_axi_gmem1_ARPROT       |  out|    3|       m_axi|         gmem1|       pointer|
|m_axi_gmem1_ARQOS        |  out|    4|       m_axi|         gmem1|       pointer|
|m_axi_gmem1_ARREGION     |  out|    4|       m_axi|         gmem1|       pointer|
|m_axi_gmem1_ARUSER       |  out|    1|       m_axi|         gmem1|       pointer|
|m_axi_gmem1_RVALID       |   in|    1|       m_axi|         gmem1|       pointer|
|m_axi_gmem1_RREADY       |  out|    1|       m_axi|         gmem1|       pointer|
|m_axi_gmem1_RDATA        |   in|   32|       m_axi|         gmem1|       pointer|
|m_axi_gmem1_RLAST        |   in|    1|       m_axi|         gmem1|       pointer|
|m_axi_gmem1_RID          |   in|    1|       m_axi|         gmem1|       pointer|
|m_axi_gmem1_RUSER        |   in|    1|       m_axi|         gmem1|       pointer|
|m_axi_gmem1_RRESP        |   in|    2|       m_axi|         gmem1|       pointer|
|m_axi_gmem1_BVALID       |   in|    1|       m_axi|         gmem1|       pointer|
|m_axi_gmem1_BREADY       |  out|    1|       m_axi|         gmem1|       pointer|
|m_axi_gmem1_BRESP        |   in|    2|       m_axi|         gmem1|       pointer|
|m_axi_gmem1_BID          |   in|    1|       m_axi|         gmem1|       pointer|
|m_axi_gmem1_BUSER        |   in|    1|       m_axi|         gmem1|       pointer|
|m_axi_gmem2_AWVALID      |  out|    1|       m_axi|         gmem2|       pointer|
|m_axi_gmem2_AWREADY      |   in|    1|       m_axi|         gmem2|       pointer|
|m_axi_gmem2_AWADDR       |  out|   64|       m_axi|         gmem2|       pointer|
|m_axi_gmem2_AWID         |  out|    1|       m_axi|         gmem2|       pointer|
|m_axi_gmem2_AWLEN        |  out|    8|       m_axi|         gmem2|       pointer|
|m_axi_gmem2_AWSIZE       |  out|    3|       m_axi|         gmem2|       pointer|
|m_axi_gmem2_AWBURST      |  out|    2|       m_axi|         gmem2|       pointer|
|m_axi_gmem2_AWLOCK       |  out|    2|       m_axi|         gmem2|       pointer|
|m_axi_gmem2_AWCACHE      |  out|    4|       m_axi|         gmem2|       pointer|
|m_axi_gmem2_AWPROT       |  out|    3|       m_axi|         gmem2|       pointer|
|m_axi_gmem2_AWQOS        |  out|    4|       m_axi|         gmem2|       pointer|
|m_axi_gmem2_AWREGION     |  out|    4|       m_axi|         gmem2|       pointer|
|m_axi_gmem2_AWUSER       |  out|    1|       m_axi|         gmem2|       pointer|
|m_axi_gmem2_WVALID       |  out|    1|       m_axi|         gmem2|       pointer|
|m_axi_gmem2_WREADY       |   in|    1|       m_axi|         gmem2|       pointer|
|m_axi_gmem2_WDATA        |  out|   32|       m_axi|         gmem2|       pointer|
|m_axi_gmem2_WSTRB        |  out|    4|       m_axi|         gmem2|       pointer|
|m_axi_gmem2_WLAST        |  out|    1|       m_axi|         gmem2|       pointer|
|m_axi_gmem2_WID          |  out|    1|       m_axi|         gmem2|       pointer|
|m_axi_gmem2_WUSER        |  out|    1|       m_axi|         gmem2|       pointer|
|m_axi_gmem2_ARVALID      |  out|    1|       m_axi|         gmem2|       pointer|
|m_axi_gmem2_ARREADY      |   in|    1|       m_axi|         gmem2|       pointer|
|m_axi_gmem2_ARADDR       |  out|   64|       m_axi|         gmem2|       pointer|
|m_axi_gmem2_ARID         |  out|    1|       m_axi|         gmem2|       pointer|
|m_axi_gmem2_ARLEN        |  out|    8|       m_axi|         gmem2|       pointer|
|m_axi_gmem2_ARSIZE       |  out|    3|       m_axi|         gmem2|       pointer|
|m_axi_gmem2_ARBURST      |  out|    2|       m_axi|         gmem2|       pointer|
|m_axi_gmem2_ARLOCK       |  out|    2|       m_axi|         gmem2|       pointer|
|m_axi_gmem2_ARCACHE      |  out|    4|       m_axi|         gmem2|       pointer|
|m_axi_gmem2_ARPROT       |  out|    3|       m_axi|         gmem2|       pointer|
|m_axi_gmem2_ARQOS        |  out|    4|       m_axi|         gmem2|       pointer|
|m_axi_gmem2_ARREGION     |  out|    4|       m_axi|         gmem2|       pointer|
|m_axi_gmem2_ARUSER       |  out|    1|       m_axi|         gmem2|       pointer|
|m_axi_gmem2_RVALID       |   in|    1|       m_axi|         gmem2|       pointer|
|m_axi_gmem2_RREADY       |  out|    1|       m_axi|         gmem2|       pointer|
|m_axi_gmem2_RDATA        |   in|   32|       m_axi|         gmem2|       pointer|
|m_axi_gmem2_RLAST        |   in|    1|       m_axi|         gmem2|       pointer|
|m_axi_gmem2_RID          |   in|    1|       m_axi|         gmem2|       pointer|
|m_axi_gmem2_RUSER        |   in|    1|       m_axi|         gmem2|       pointer|
|m_axi_gmem2_RRESP        |   in|    2|       m_axi|         gmem2|       pointer|
|m_axi_gmem2_BVALID       |   in|    1|       m_axi|         gmem2|       pointer|
|m_axi_gmem2_BREADY       |  out|    1|       m_axi|         gmem2|       pointer|
|m_axi_gmem2_BRESP        |   in|    2|       m_axi|         gmem2|       pointer|
|m_axi_gmem2_BID          |   in|    1|       m_axi|         gmem2|       pointer|
|m_axi_gmem2_BUSER        |   in|    1|       m_axi|         gmem2|       pointer|
+-------------------------+-----+-----+------------+--------------+--------------+

