

================================================================
== Vitis HLS Report for 'mv_Pipeline_col_loop'
================================================================
* Date:           Wed Apr  8 10:38:12 2026

* Version:        2024.2 (Build 5238294 on Nov  8 2024)
* Project:        mv
* Solution:       solution1 (Vivado IP Flow Target)
* Product family: zynquplus
* Target device:  xczu7ev-ffvc1156-2-e


================================================================
== Performance Estimates
================================================================
+ Timing: 
    * Summary: 
    +--------+----------+----------+------------+
    |  Clock |  Target  | Estimated| Uncertainty|
    +--------+----------+----------+------------+
    |ap_clk  |  10.00 ns|  7.300 ns|     2.70 ns|
    +--------+----------+----------+------------+

+ Latency: 
    * Summary: 
    +---------+---------+-----------+----------+-----+-----+------------------------------------------------+
    |  Latency (cycles) |  Latency (absolute)  |  Interval |                    Pipeline                    |
    |   min   |   max   |    min    |    max   | min | max |                      Type                      |
    +---------+---------+-----------+----------+-----+-----+------------------------------------------------+
    |        4|      515|  40.000 ns|  5.150 us|    2|  513|  loop auto-rewind stp (delay=0 clock cycles(s))|
    +---------+---------+-----------+----------+-----+-----+------------------------------------------------+

    + Detail: 
        * Instance: 
        N/A

        * Loop: 
        +------------+---------+---------+----------+-----------+-----------+---------+----------+
        |            |  Latency (cycles) | Iteration|  Initiation Interval  |   Trip  |          |
        |  Loop Name |   min   |   max   |  Latency |  achieved |   target  |  Count  | Pipelined|
        +------------+---------+---------+----------+-----------+-----------+---------+----------+
        |- col_loop  |        2|      513|         3|          1|          1|  1 ~ 512|       yes|
        +------------+---------+---------+----------+-----------+-----------+---------+----------+



================================================================
== Utilization Estimates
================================================================
* Summary: 
+-----------------+---------+------+--------+--------+-----+
|       Name      | BRAM_18K|  DSP |   FF   |   LUT  | URAM|
+-----------------+---------+------+--------+--------+-----+
|DSP              |        -|     -|       -|       -|    -|
|Expression       |        -|     -|       0|      80|    -|
|FIFO             |        -|     -|       -|       -|    -|
|Instance         |        -|     -|       -|       -|    -|
|Memory           |        -|     -|       -|       -|    -|
|Multiplexer      |        -|     -|       0|      45|    -|
|Register         |        -|     -|      87|       -|    -|
+-----------------+---------+------+--------+--------+-----+
|Total            |        0|     0|      87|     125|    0|
+-----------------+---------+------+--------+--------+-----+
|Available        |      624|  1728|  460800|  230400|   96|
+-----------------+---------+------+--------+--------+-----+
|Utilization (%)  |        0|     0|      ~0|      ~0|    0|
+-----------------+---------+------+--------+--------+-----+

+ Detail: 
    * Instance: 
    N/A

    * DSP: 
    N/A

    * Memory: 
    N/A

    * FIFO: 
    N/A

    * Expression: 
    +---------------------------+----------+----+---+----+------------+------------+
    |       Variable Name       | Operation| DSP| FF| LUT| Bitwidth P0| Bitwidth P1|
    +---------------------------+----------+----+---+----+------------+------------+
    |add_ln31_fu_229_p2         |         +|   0|  0|  38|          31|           1|
    |ap_block_pp0_stage0_11001  |       and|   0|  0|   2|           1|           1|
    |icmp_ln31_fu_223_p2        |      icmp|   0|  0|  38|          31|          31|
    |ap_enable_pp0              |       xor|   0|  0|   2|           1|           2|
    +---------------------------+----------+----+---+----+------------+------------+
    |Total                      |          |   0|  0|  80|          64|          35|
    +---------------------------+----------+----+---+----+------------+------------+

    * Multiplexer: 
    +-------------------------+----+-----------+-----+-----------+
    |           Name          | LUT| Input Size| Bits| Total Bits|
    +-------------------------+----+-----------+-----+-----------+
    |ap_done_int              |   9|          2|    1|          2|
    |ap_enable_reg_pp0_iter1  |   9|          2|    1|          2|
    |ap_sig_allocacmp_j_2     |   9|          2|   31|         62|
    |gmem0_blk_n_R            |   9|          2|    1|          2|
    |j_fu_86                  |   9|          2|   31|         62|
    +-------------------------+----+-----------+-----+-----------+
    |Total                    |  45|         10|   65|        130|
    +-------------------------+----+-----------+-----+-----------+

    * Register: 
    +-------------------------------------------+----+----+-----+-----------+
    |                    Name                   | FF | LUT| Bits| Const Bits|
    +-------------------------------------------+----+----+-----+-----------+
    |ap_CS_fsm                                  |   1|   0|    1|          0|
    |ap_block_pp0_stage0_subdone_grp0_done_reg  |   1|   0|    1|          0|
    |ap_done_reg                                |   1|   0|    1|          0|
    |ap_enable_reg_pp0_iter1                    |   1|   0|    1|          0|
    |ap_enable_reg_pp0_iter2                    |   1|   0|    1|          0|
    |ap_loop_exit_ready_pp0_iter1_reg           |   1|   0|    1|          0|
    |bitcast_ln35_reg_300                       |  32|   0|   32|          0|
    |j_fu_86                                    |  31|   0|   31|          0|
    |lshr_ln1_reg_295                           |   6|   0|    6|          0|
    |lshr_ln1_reg_295_pp0_iter1_reg             |   6|   0|    6|          0|
    |trunc_ln31_reg_291                         |   3|   0|    3|          0|
    |trunc_ln31_reg_291_pp0_iter1_reg           |   3|   0|    3|          0|
    +-------------------------------------------+----+----+-----+-----------+
    |Total                                      |  87|   0|   87|          0|
    +-------------------------------------------+----+----+-----+-----------+



================================================================
== Interface
================================================================
* Summary: 
+------------------------+-----+-----+------------+----------------------+--------------+
|        RTL Ports       | Dir | Bits|  Protocol  |     Source Object    |    C Type    |
+------------------------+-----+-----+------------+----------------------+--------------+
|ap_clk                  |   in|    1|  ap_ctrl_hs|  mv_Pipeline_col_loop|  return value|
|ap_rst                  |   in|    1|  ap_ctrl_hs|  mv_Pipeline_col_loop|  return value|
|ap_start                |   in|    1|  ap_ctrl_hs|  mv_Pipeline_col_loop|  return value|
|ap_done                 |  out|    1|  ap_ctrl_hs|  mv_Pipeline_col_loop|  return value|
|ap_idle                 |  out|    1|  ap_ctrl_hs|  mv_Pipeline_col_loop|  return value|
|ap_ready                |  out|    1|  ap_ctrl_hs|  mv_Pipeline_col_loop|  return value|
|m_axi_gmem0_0_AWVALID   |  out|    1|       m_axi|                 gmem0|       pointer|
|m_axi_gmem0_0_AWREADY   |   in|    1|       m_axi|                 gmem0|       pointer|
|m_axi_gmem0_0_AWADDR    |  out|   64|       m_axi|                 gmem0|       pointer|
|m_axi_gmem0_0_AWID      |  out|    1|       m_axi|                 gmem0|       pointer|
|m_axi_gmem0_0_AWLEN     |  out|   32|       m_axi|                 gmem0|       pointer|
|m_axi_gmem0_0_AWSIZE    |  out|    3|       m_axi|                 gmem0|       pointer|
|m_axi_gmem0_0_AWBURST   |  out|    2|       m_axi|                 gmem0|       pointer|
|m_axi_gmem0_0_AWLOCK    |  out|    2|       m_axi|                 gmem0|       pointer|
|m_axi_gmem0_0_AWCACHE   |  out|    4|       m_axi|                 gmem0|       pointer|
|m_axi_gmem0_0_AWPROT    |  out|    3|       m_axi|                 gmem0|       pointer|
|m_axi_gmem0_0_AWQOS     |  out|    4|       m_axi|                 gmem0|       pointer|
|m_axi_gmem0_0_AWREGION  |  out|    4|       m_axi|                 gmem0|       pointer|
|m_axi_gmem0_0_AWUSER    |  out|    1|       m_axi|                 gmem0|       pointer|
|m_axi_gmem0_0_WVALID    |  out|    1|       m_axi|                 gmem0|       pointer|
|m_axi_gmem0_0_WREADY    |   in|    1|       m_axi|                 gmem0|       pointer|
|m_axi_gmem0_0_WDATA     |  out|   32|       m_axi|                 gmem0|       pointer|
|m_axi_gmem0_0_WSTRB     |  out|    4|       m_axi|                 gmem0|       pointer|
|m_axi_gmem0_0_WLAST     |  out|    1|       m_axi|                 gmem0|       pointer|
|m_axi_gmem0_0_WID       |  out|    1|       m_axi|                 gmem0|       pointer|
|m_axi_gmem0_0_WUSER     |  out|    1|       m_axi|                 gmem0|       pointer|
|m_axi_gmem0_0_ARVALID   |  out|    1|       m_axi|                 gmem0|       pointer|
|m_axi_gmem0_0_ARREADY   |   in|    1|       m_axi|                 gmem0|       pointer|
|m_axi_gmem0_0_ARADDR    |  out|   64|       m_axi|                 gmem0|       pointer|
|m_axi_gmem0_0_ARID      |  out|    1|       m_axi|                 gmem0|       pointer|
|m_axi_gmem0_0_ARLEN     |  out|   32|       m_axi|                 gmem0|       pointer|
|m_axi_gmem0_0_ARSIZE    |  out|    3|       m_axi|                 gmem0|       pointer|
|m_axi_gmem0_0_ARBURST   |  out|    2|       m_axi|                 gmem0|       pointer|
|m_axi_gmem0_0_ARLOCK    |  out|    2|       m_axi|                 gmem0|       pointer|
|m_axi_gmem0_0_ARCACHE   |  out|    4|       m_axi|                 gmem0|       pointer|
|m_axi_gmem0_0_ARPROT    |  out|    3|       m_axi|                 gmem0|       pointer|
|m_axi_gmem0_0_ARQOS     |  out|    4|       m_axi|                 gmem0|       pointer|
|m_axi_gmem0_0_ARREGION  |  out|    4|       m_axi|                 gmem0|       pointer|
|m_axi_gmem0_0_ARUSER    |  out|    1|       m_axi|                 gmem0|       pointer|
|m_axi_gmem0_0_RVALID    |   in|    1|       m_axi|                 gmem0|       pointer|
|m_axi_gmem0_0_RREADY    |  out|    1|       m_axi|                 gmem0|       pointer|
|m_axi_gmem0_0_RDATA     |   in|   32|       m_axi|                 gmem0|       pointer|
|m_axi_gmem0_0_RLAST     |   in|    1|       m_axi|                 gmem0|       pointer|
|m_axi_gmem0_0_RID       |   in|    1|       m_axi|                 gmem0|       pointer|
|m_axi_gmem0_0_RFIFONUM  |   in|    9|       m_axi|                 gmem0|       pointer|
|m_axi_gmem0_0_RUSER     |   in|    1|       m_axi|                 gmem0|       pointer|
|m_axi_gmem0_0_RRESP     |   in|    2|       m_axi|                 gmem0|       pointer|
|m_axi_gmem0_0_BVALID    |   in|    1|       m_axi|                 gmem0|       pointer|
|m_axi_gmem0_0_BREADY    |  out|    1|       m_axi|                 gmem0|       pointer|
|m_axi_gmem0_0_BRESP     |   in|    2|       m_axi|                 gmem0|       pointer|
|m_axi_gmem0_0_BID       |   in|    1|       m_axi|                 gmem0|       pointer|
|m_axi_gmem0_0_BUSER     |   in|    1|       m_axi|                 gmem0|       pointer|
|columns                 |   in|   31|     ap_none|               columns|        scalar|
|sext_ln26               |   in|   62|     ap_none|             sext_ln26|        scalar|
|row_buf_7_address0      |  out|    6|   ap_memory|             row_buf_7|         array|
|row_buf_7_ce0           |  out|    1|   ap_memory|             row_buf_7|         array|
|row_buf_7_we0           |  out|    1|   ap_memory|             row_buf_7|         array|
|row_buf_7_d0            |  out|   32|   ap_memory|             row_buf_7|         array|
|row_buf_6_address0      |  out|    6|   ap_memory|             row_buf_6|         array|
|row_buf_6_ce0           |  out|    1|   ap_memory|             row_buf_6|         array|
|row_buf_6_we0           |  out|    1|   ap_memory|             row_buf_6|         array|
|row_buf_6_d0            |  out|   32|   ap_memory|             row_buf_6|         array|
|row_buf_5_address0      |  out|    6|   ap_memory|             row_buf_5|         array|
|row_buf_5_ce0           |  out|    1|   ap_memory|             row_buf_5|         array|
|row_buf_5_we0           |  out|    1|   ap_memory|             row_buf_5|         array|
|row_buf_5_d0            |  out|   32|   ap_memory|             row_buf_5|         array|
|row_buf_4_address0      |  out|    6|   ap_memory|             row_buf_4|         array|
|row_buf_4_ce0           |  out|    1|   ap_memory|             row_buf_4|         array|
|row_buf_4_we0           |  out|    1|   ap_memory|             row_buf_4|         array|
|row_buf_4_d0            |  out|   32|   ap_memory|             row_buf_4|         array|
|row_buf_3_address0      |  out|    6|   ap_memory|             row_buf_3|         array|
|row_buf_3_ce0           |  out|    1|   ap_memory|             row_buf_3|         array|
|row_buf_3_we0           |  out|    1|   ap_memory|             row_buf_3|         array|
|row_buf_3_d0            |  out|   32|   ap_memory|             row_buf_3|         array|
|row_buf_2_address0      |  out|    6|   ap_memory|             row_buf_2|         array|
|row_buf_2_ce0           |  out|    1|   ap_memory|             row_buf_2|         array|
|row_buf_2_we0           |  out|    1|   ap_memory|             row_buf_2|         array|
|row_buf_2_d0            |  out|   32|   ap_memory|             row_buf_2|         array|
|row_buf_1_address0      |  out|    6|   ap_memory|             row_buf_1|         array|
|row_buf_1_ce0           |  out|    1|   ap_memory|             row_buf_1|         array|
|row_buf_1_we0           |  out|    1|   ap_memory|             row_buf_1|         array|
|row_buf_1_d0            |  out|   32|   ap_memory|             row_buf_1|         array|
|row_buf_address0        |  out|    6|   ap_memory|               row_buf|         array|
|row_buf_ce0             |  out|    1|   ap_memory|               row_buf|         array|
|row_buf_we0             |  out|    1|   ap_memory|               row_buf|         array|
|row_buf_d0              |  out|   32|   ap_memory|               row_buf|         array|
+------------------------+-----+-----+------------+----------------------+--------------+

