

================================================================
== Vitis HLS Report for 'mv_Pipeline_mac_loop'
================================================================
* Date:           Wed Apr  8 10:38:13 2026

* Version:        2024.2 (Build 5238294 on Nov  8 2024)
* Project:        mv
* Solution:       solution1 (Vivado IP Flow Target)
* Product family: zynquplus
* Target device:  xczu7ev-ffvc1156-2-e


================================================================
== Performance Estimates
================================================================
+ Timing: 
    * Summary: 
    +--------+----------+----------+------------+
    |  Clock |  Target  | Estimated| Uncertainty|
    +--------+----------+----------+------------+
    |ap_clk  |  10.00 ns|  7.016 ns|     2.70 ns|
    +--------+----------+----------+------------+

+ Latency: 
    * Summary: 
    +---------+---------+----------+-----------+-----+------+------------------------------------------------+
    |  Latency (cycles) |  Latency (absolute)  |  Interval  |                    Pipeline                    |
    |   min   |   max   |    min   |    max    | min |  max |                      Type                      |
    +---------+---------+----------+-----------+-----+------+------------------------------------------------+
    |       10|     1543|  0.100 us|  15.430 us|    6|  1539|  loop auto-rewind stp (delay=0 clock cycles(s))|
    +---------+---------+----------+-----------+-----+------+------------------------------------------------+

    + Detail: 
        * Instance: 
        N/A

        * Loop: 
        +------------+---------+---------+----------+-----------+-----------+---------+----------+
        |            |  Latency (cycles) | Iteration|  Initiation Interval  |   Trip  |          |
        |  Loop Name |   min   |   max   |  Latency |  achieved |   target  |  Count  | Pipelined|
        +------------+---------+---------+----------+-----------+-----------+---------+----------+
        |- mac_loop  |        8|     1541|         9|          3|          1|  1 ~ 512|       yes|
        +------------+---------+---------+----------+-----------+-----------+---------+----------+



================================================================
== Utilization Estimates
================================================================
* Summary: 
+-----------------+---------+------+--------+--------+-----+
|       Name      | BRAM_18K|  DSP |   FF   |   LUT  | URAM|
+-----------------+---------+------+--------+--------+-----+
|DSP              |        -|     -|       -|       -|    -|
|Expression       |        -|     -|       0|      78|    -|
|FIFO             |        -|     -|       -|       -|    -|
|Instance         |        -|     5|     355|     435|    -|
|Memory           |        -|     -|       -|       -|    -|
|Multiplexer      |        -|     -|       0|      83|    -|
|Register         |        -|     -|     172|       -|    -|
+-----------------+---------+------+--------+--------+-----+
|Total            |        0|     5|     527|     596|    0|
+-----------------+---------+------+--------+--------+-----+
|Available        |      624|  1728|  460800|  230400|   96|
+-----------------+---------+------+--------+--------+-----+
|Utilization (%)  |        0|    ~0|      ~0|      ~0|    0|
+-----------------+---------+------+--------+--------+-----+

+ Detail: 
    * Instance: 
    +------------------------------------+--------------------------------+---------+----+-----+-----+-----+
    |              Instance              |             Module             | BRAM_18K| DSP|  FF | LUT | URAM|
    +------------------------------------+--------------------------------+---------+----+-----+-----+-----+
    |fadd_32ns_32ns_32_4_full_dsp_1_U23  |fadd_32ns_32ns_32_4_full_dsp_1  |        0|   2|  227|  214|    0|
    |fmul_32ns_32ns_32_3_max_dsp_1_U24   |fmul_32ns_32ns_32_3_max_dsp_1   |        0|   3|  128|  135|    0|
    |sparsemux_17_3_32_1_1_U25           |sparsemux_17_3_32_1_1           |        0|   0|    0|   43|    0|
    |sparsemux_17_3_32_1_1_U26           |sparsemux_17_3_32_1_1           |        0|   0|    0|   43|    0|
    +------------------------------------+--------------------------------+---------+----+-----+-----+-----+
    |Total                               |                                |        0|   5|  355|  435|    0|
    +------------------------------------+--------------------------------+---------+----+-----+-----+-----+

    * DSP: 
    N/A

    * Memory: 
    N/A

    * FIFO: 
    N/A

    * Expression: 
    +---------------------+----------+----+---+----+------------+------------+
    |    Variable Name    | Operation| DSP| FF| LUT| Bitwidth P0| Bitwidth P1|
    +---------------------+----------+----+---+----+------------+------------+
    |add_ln40_fu_348_p2   |         +|   0|  0|  38|          31|           1|
    |icmp_ln40_fu_342_p2  |      icmp|   0|  0|  38|          31|          31|
    |ap_enable_pp0        |       xor|   0|  0|   2|           1|           2|
    +---------------------+----------+----+---+----+------------+------------+
    |Total                |          |   0|  0|  78|          63|          34|
    +---------------------+----------+----+---+----+------------+------------+

    * Multiplexer: 
    +---------------------------+----+-----------+-----+-----------+
    |            Name           | LUT| Input Size| Bits| Total Bits|
    +---------------------------+----+-----------+-----+-----------+
    |acc_fu_92                  |   9|          2|   32|         64|
    |ap_NS_fsm                  |  20|          4|    1|          4|
    |ap_done_int                |   9|          2|    1|          2|
    |ap_enable_reg_pp0_iter0    |   9|          2|    1|          2|
    |ap_enable_reg_pp0_iter1    |   9|          2|    1|          2|
    |ap_sig_allocacmp_acc_load  |   9|          2|   32|         64|
    |ap_sig_allocacmp_j_1       |   9|          2|   31|         62|
    |j_fu_96                    |   9|          2|   31|         62|
    +---------------------------+----+-----------+-----+-----------+
    |Total                      |  83|         18|  130|        262|
    +---------------------------+----+-----------+-----+-----------+

    * Register: 
    +----------------------------------+----+----+-----+-----------+
    |               Name               | FF | LUT| Bits| Const Bits|
    +----------------------------------+----+----+-----+-----------+
    |acc_fu_92                         |  32|   0|   32|          0|
    |ap_CS_fsm                         |   3|   0|    3|          0|
    |ap_done_reg                       |   1|   0|    1|          0|
    |ap_enable_reg_pp0_iter0_reg       |   1|   0|    1|          0|
    |ap_enable_reg_pp0_iter1           |   1|   0|    1|          0|
    |ap_enable_reg_pp0_iter2           |   1|   0|    1|          0|
    |ap_loop_exit_ready_pp0_iter1_reg  |   1|   0|    1|          0|
    |icmp_ln40_reg_499                 |   1|   0|    1|          0|
    |icmp_ln40_reg_499_pp0_iter1_reg   |   1|   0|    1|          0|
    |j_fu_96                           |  31|   0|   31|          0|
    |mul_reg_599                       |  32|   0|   32|          0|
    |tmp_1_reg_594                     |  32|   0|   32|          0|
    |tmp_reg_589                       |  32|   0|   32|          0|
    |trunc_ln40_reg_503                |   3|   0|    3|          0|
    +----------------------------------+----+----+-----+-----------+
    |Total                             | 172|   0|  172|          0|
    +----------------------------------+----+----+-----+-----------+



================================================================
== Interface
================================================================
* Summary: 
+--------------------+-----+-----+------------+----------------------+--------------+
|      RTL Ports     | Dir | Bits|  Protocol  |     Source Object    |    C Type    |
+--------------------+-----+-----+------------+----------------------+--------------+
|ap_clk              |   in|    1|  ap_ctrl_hs|  mv_Pipeline_mac_loop|  return value|
|ap_rst              |   in|    1|  ap_ctrl_hs|  mv_Pipeline_mac_loop|  return value|
|ap_start            |   in|    1|  ap_ctrl_hs|  mv_Pipeline_mac_loop|  return value|
|ap_done             |  out|    1|  ap_ctrl_hs|  mv_Pipeline_mac_loop|  return value|
|ap_idle             |  out|    1|  ap_ctrl_hs|  mv_Pipeline_mac_loop|  return value|
|ap_ready            |  out|    1|  ap_ctrl_hs|  mv_Pipeline_mac_loop|  return value|
|columns             |   in|   31|     ap_none|               columns|        scalar|
|row_buf_address0    |  out|    6|   ap_memory|               row_buf|         array|
|row_buf_ce0         |  out|    1|   ap_memory|               row_buf|         array|
|row_buf_q0          |   in|   32|   ap_memory|               row_buf|         array|
|row_buf_1_address0  |  out|    6|   ap_memory|             row_buf_1|         array|
|row_buf_1_ce0       |  out|    1|   ap_memory|             row_buf_1|         array|
|row_buf_1_q0        |   in|   32|   ap_memory|             row_buf_1|         array|
|row_buf_2_address0  |  out|    6|   ap_memory|             row_buf_2|         array|
|row_buf_2_ce0       |  out|    1|   ap_memory|             row_buf_2|         array|
|row_buf_2_q0        |   in|   32|   ap_memory|             row_buf_2|         array|
|row_buf_3_address0  |  out|    6|   ap_memory|             row_buf_3|         array|
|row_buf_3_ce0       |  out|    1|   ap_memory|             row_buf_3|         array|
|row_buf_3_q0        |   in|   32|   ap_memory|             row_buf_3|         array|
|row_buf_4_address0  |  out|    6|   ap_memory|             row_buf_4|         array|
|row_buf_4_ce0       |  out|    1|   ap_memory|             row_buf_4|         array|
|row_buf_4_q0        |   in|   32|   ap_memory|             row_buf_4|         array|
|row_buf_5_address0  |  out|    6|   ap_memory|             row_buf_5|         array|
|row_buf_5_ce0       |  out|    1|   ap_memory|             row_buf_5|         array|
|row_buf_5_q0        |   in|   32|   ap_memory|             row_buf_5|         array|
|row_buf_6_address0  |  out|    6|   ap_memory|             row_buf_6|         array|
|row_buf_6_ce0       |  out|    1|   ap_memory|             row_buf_6|         array|
|row_buf_6_q0        |   in|   32|   ap_memory|             row_buf_6|         array|
|row_buf_7_address0  |  out|    6|   ap_memory|             row_buf_7|         array|
|row_buf_7_ce0       |  out|    1|   ap_memory|             row_buf_7|         array|
|row_buf_7_q0        |   in|   32|   ap_memory|             row_buf_7|         array|
|x_buf_address0      |  out|    6|   ap_memory|                 x_buf|         array|
|x_buf_ce0           |  out|    1|   ap_memory|                 x_buf|         array|
|x_buf_q0            |   in|   32|   ap_memory|                 x_buf|         array|
|x_buf_1_address0    |  out|    6|   ap_memory|               x_buf_1|         array|
|x_buf_1_ce0         |  out|    1|   ap_memory|               x_buf_1|         array|
|x_buf_1_q0          |   in|   32|   ap_memory|               x_buf_1|         array|
|x_buf_2_address0    |  out|    6|   ap_memory|               x_buf_2|         array|
|x_buf_2_ce0         |  out|    1|   ap_memory|               x_buf_2|         array|
|x_buf_2_q0          |   in|   32|   ap_memory|               x_buf_2|         array|
|x_buf_3_address0    |  out|    6|   ap_memory|               x_buf_3|         array|
|x_buf_3_ce0         |  out|    1|   ap_memory|               x_buf_3|         array|
|x_buf_3_q0          |   in|   32|   ap_memory|               x_buf_3|         array|
|x_buf_4_address0    |  out|    6|   ap_memory|               x_buf_4|         array|
|x_buf_4_ce0         |  out|    1|   ap_memory|               x_buf_4|         array|
|x_buf_4_q0          |   in|   32|   ap_memory|               x_buf_4|         array|
|x_buf_5_address0    |  out|    6|   ap_memory|               x_buf_5|         array|
|x_buf_5_ce0         |  out|    1|   ap_memory|               x_buf_5|         array|
|x_buf_5_q0          |   in|   32|   ap_memory|               x_buf_5|         array|
|x_buf_6_address0    |  out|    6|   ap_memory|               x_buf_6|         array|
|x_buf_6_ce0         |  out|    1|   ap_memory|               x_buf_6|         array|
|x_buf_6_q0          |   in|   32|   ap_memory|               x_buf_6|         array|
|x_buf_7_address0    |  out|    6|   ap_memory|               x_buf_7|         array|
|x_buf_7_ce0         |  out|    1|   ap_memory|               x_buf_7|         array|
|x_buf_7_q0          |   in|   32|   ap_memory|               x_buf_7|         array|
|acc_out             |  out|   32|      ap_vld|               acc_out|       pointer|
|acc_out_ap_vld      |  out|    1|      ap_vld|               acc_out|       pointer|
+--------------------+-----+-----+------------+----------------------+--------------+

