

================================================================
== Vitis HLS Report for 'mv_Pipeline_col_loop'
================================================================
* Date:           Wed Apr  8 10:44:05 2026

* Version:        2024.2 (Build 5238294 on Nov  8 2024)
* Project:        mv
* Solution:       solution1 (Vivado IP Flow Target)
* Product family: zynquplus
* Target device:  xczu7ev-ffvc1156-2-e


================================================================
== Performance Estimates
================================================================
+ Timing: 
    * Summary: 
    +--------+----------+----------+------------+
    |  Clock |  Target  | Estimated| Uncertainty|
    +--------+----------+----------+------------+
    |ap_clk  |  10.00 ns|  7.300 ns|     2.70 ns|
    +--------+----------+----------+------------+

+ Latency: 
    * Summary: 
    +---------+---------+-----------+----------+-----+-----+------------------------------------------------+
    |  Latency (cycles) |  Latency (absolute)  |  Interval |                    Pipeline                    |
    |   min   |   max   |    min    |    max   | min | max |                      Type                      |
    +---------+---------+-----------+----------+-----+-----+------------------------------------------------+
    |        4|      515|  40.000 ns|  5.150 us|    2|  513|  loop auto-rewind stp (delay=0 clock cycles(s))|
    +---------+---------+-----------+----------+-----+-----+------------------------------------------------+

    + Detail: 
        * Instance: 
        N/A

        * Loop: 
        +------------+---------+---------+----------+-----------+-----------+---------+----------+
        |            |  Latency (cycles) | Iteration|  Initiation Interval  |   Trip  |          |
        |  Loop Name |   min   |   max   |  Latency |  achieved |   target  |  Count  | Pipelined|
        +------------+---------+---------+----------+-----------+-----------+---------+----------+
        |- col_loop  |        2|      513|         3|          1|          1|  1 ~ 512|       yes|
        +------------+---------+---------+----------+-----------+-----------+---------+----------+

============================================================
+ Verbose Summary: Synthesis Manager
============================================================
InlineROM: 1
ExposeGlobal: 0
============================================================
+ Verbose Summary: CDFG Model
============================================================
IsTopModel: 0
ResetActiveHigh: 1
IsCombinational: 0
IsDatapathOnly: 0
HasWiredReturn: 1
HasMFsm: 2
HasVarLatency: 1
IsPipeline: 0
IsRtlPipelined: 0
IsInstanceOverlapped: 0
IsDontTouch: 0
HasImplIP: 0
IsGatedGlobalClock: 0

+ Individual pipeline summary: 
  * Pipeline-0: initiation interval (II) = 1, depth = 3


============================================================
+ Verbose Summary: Schedule
============================================================
* Number of FSM states : 3
* Pipeline : 1
  Pipeline-0 : II = 1, D = 3, States = { 1 2 3 }
* Dataflow Pipeline: 0

* FSM state transitions: 
1 --> 2 
2 --> 3 
3 --> 

* FSM state operations: 

State 1 <SV = 0> <Delay = 1.85>
ST_1 : Operation 6 [1/1] (0.00ns)   --->   "%j = alloca i32 1" [HLS/src/mv.cpp:31]   --->   Operation 6 'alloca' 'j' <Predicate = true> <Delay = 0.00>
ST_1 : Operation 7 [1/1] (0.00ns)   --->   "%sext_ln26_read = read i62 @_ssdm_op_Read.ap_auto.i62, i62 %sext_ln26"   --->   Operation 7 'read' 'sext_ln26_read' <Predicate = true> <Delay = 0.00>
ST_1 : Operation 8 [1/1] (0.00ns)   --->   "%columns_read = read i31 @_ssdm_op_Read.ap_auto.i31, i31 %columns"   --->   Operation 8 'read' 'columns_read' <Predicate = true> <Delay = 0.00>
ST_1 : Operation 9 [1/1] (0.00ns)   --->   "%sext_ln26_cast = sext i62 %sext_ln26_read"   --->   Operation 9 'sext' 'sext_ln26_cast' <Predicate = true> <Delay = 0.00>
ST_1 : Operation 10 [1/1] (0.00ns)   --->   "%specinterface_ln0 = specinterface void @_ssdm_op_SpecInterface, i32 %A_port, void @empty_7, i32 0, i32 0, void @empty_8, i32 0, i32 0, void @empty, void @empty_10, void @empty_8, i32 16, i32 16, i32 16, i32 16, void @empty_8, void @empty_8, i32 4294967295, i32 0, i32 0"   --->   Operation 10 'specinterface' 'specinterface_ln0' <Predicate = true> <Delay = 0.00>
ST_1 : Operation 11 [1/1] (0.42ns)   --->   "%store_ln31 = store i31 0, i31 %j" [HLS/src/mv.cpp:31]   --->   Operation 11 'store' 'store_ln31' <Predicate = true> <Delay = 0.42>
ST_1 : Operation 12 [1/1] (0.00ns)   --->   "%br_ln0 = br void %for.inc16"   --->   Operation 12 'br' 'br_ln0' <Predicate = true> <Delay = 0.00>
ST_1 : Operation 13 [1/1] (0.00ns)   --->   "%j_2 = load i31 %j" [HLS/src/mv.cpp:31]   --->   Operation 13 'load' 'j_2' <Predicate = true> <Delay = 0.00>
ST_1 : Operation 14 [1/1] (0.00ns)   --->   "%specbitsmap_ln0 = specbitsmap void @_ssdm_op_SpecBitsMap, i32 %A_port"   --->   Operation 14 'specbitsmap' 'specbitsmap_ln0' <Predicate = true> <Delay = 0.00>
ST_1 : Operation 15 [1/1] (1.00ns)   --->   "%icmp_ln31 = icmp_eq  i31 %j_2, i31 %columns_read" [HLS/src/mv.cpp:31]   --->   Operation 15 'icmp' 'icmp_ln31' <Predicate = true> <Delay = 1.00> <CoreInst = "Cmp">   --->   Core 9 'Cmp' <Latency = 0> <II = 1> <Delay = 1.00> <FuncUnit> <Opcode : 'seteq' 'setne' 'setle' 'setge' 'setlt' 'setgt'> <InPorts = 2> <OutPorts = 1>
ST_1 : Operation 16 [1/1] (1.00ns)   --->   "%add_ln31 = add i31 %j_2, i31 1" [HLS/src/mv.cpp:31]   --->   Operation 16 'add' 'add_ln31' <Predicate = true> <Delay = 1.00> <CoreInst = "Adder">   --->   Core 1 'Adder' <Latency = 0> <II = 1> <Delay = 1.00> <FuncUnit> <Opcode : 'add' 'sub'> <InPorts = 2> <OutPorts = 1>
ST_1 : Operation 17 [1/1] (0.00ns)   --->   "%br_ln31 = br i1 %icmp_ln31, void %for.inc16.split, void %for.inc30.preheader.exitStub" [HLS/src/mv.cpp:31]   --->   Operation 17 'br' 'br_ln31' <Predicate = true> <Delay = 0.00>
ST_1 : Operation 18 [1/1] (0.00ns)   --->   "%trunc_ln31 = trunc i31 %j_2" [HLS/src/mv.cpp:31]   --->   Operation 18 'trunc' 'trunc_ln31' <Predicate = (!icmp_ln31)> <Delay = 0.00>
ST_1 : Operation 19 [1/1] (0.00ns)   --->   "%lshr_ln1 = partselect i6 @_ssdm_op_PartSelect.i6.i31.i32.i32, i31 %j_2, i32 3, i32 8" [HLS/src/mv.cpp:31]   --->   Operation 19 'partselect' 'lshr_ln1' <Predicate = (!icmp_ln31)> <Delay = 0.00>
ST_1 : Operation 20 [1/1] (0.67ns)   --->   "%switch_ln35 = switch i3 %trunc_ln31, void %arrayidx15.case.7, i3 0, void %arrayidx15.case.0, i3 1, void %arrayidx15.case.1, i3 2, void %arrayidx15.case.2, i3 3, void %arrayidx15.case.3, i3 4, void %arrayidx15.case.4, i3 5, void %arrayidx15.case.5, i3 6, void %arrayidx15.case.6" [HLS/src/mv.cpp:35]   --->   Operation 20 'switch' 'switch_ln35' <Predicate = (!icmp_ln31)> <Delay = 0.67>
ST_1 : Operation 21 [1/1] (0.42ns)   --->   "%store_ln31 = store i31 %add_ln31, i31 %j" [HLS/src/mv.cpp:31]   --->   Operation 21 'store' 'store_ln31' <Predicate = (!icmp_ln31)> <Delay = 0.42>
ST_1 : Operation 22 [1/1] (0.00ns)   --->   "%br_ln31 = br void %for.inc16" [HLS/src/mv.cpp:31]   --->   Operation 22 'br' 'br_ln31' <Predicate = (!icmp_ln31)> <Delay = 0.00>

State 2 <SV = 1> <Delay = 7.30>
ST_2 : Operation 23 [1/1] (0.00ns)   --->   "%A_port_addr = getelementptr i32 %A_port, i64 %sext_ln26_cast" [HLS/src/mv.cpp:26]   --->   Operation 23 'getelementptr' 'A_port_addr' <Predicate = true> <Delay = 0.00>
ST_2 : Operation 24 [1/1] (7.30ns)   --->   "%A_port_addr_read = read i32 @_ssdm_op_Read.m_axi.p1i32, i32 %A_port_addr" [HLS/src/mv.cpp:35]   --->   Operation 24 'read' 'A_port_addr_read' <Predicate = true> <Delay = 7.30> <CoreInst = "m_axi">   --->   Core 119 'm_axi' <Latency = 3> <II = 1> <Delay = 1.00> <Adapter> <Opcode : 'read' 'write' 'readreq' 'writereq' 'writeresp'>
ST_2 : Operation 25 [1/1] (0.00ns)   --->   "%bitcast_ln35 = bitcast i32 %A_port_addr_read" [HLS/src/mv.cpp:35]   --->   Operation 25 'bitcast' 'bitcast_ln35' <Predicate = true> <Delay = 0.00>
ST_2 : Operation 54 [1/1] (0.42ns)   --->   "%ret_ln0 = ret"   --->   Operation 54 'ret' 'ret_ln0' <Predicate = (icmp_ln31)> <Delay = 0.42>

State 3 <SV = 2> <Delay = 1.23>
ST_3 : Operation 26 [1/1] (0.00ns)   --->   "%specpipeline_ln33 = specpipeline void @_ssdm_op_SpecPipeline, i32 1, i32 0, i32 0, i32 0, void @empty_8" [HLS/src/mv.cpp:33]   --->   Operation 26 'specpipeline' 'specpipeline_ln33' <Predicate = true> <Delay = 0.00>
ST_3 : Operation 27 [1/1] (0.00ns)   --->   "%speclooptripcount_ln34 = speclooptripcount void @_ssdm_op_SpecLoopTripCount, i64 1, i64 512, i64 512" [HLS/src/mv.cpp:34]   --->   Operation 27 'speclooptripcount' 'speclooptripcount_ln34' <Predicate = true> <Delay = 0.00>
ST_3 : Operation 28 [1/1] (0.00ns)   --->   "%specloopname_ln31 = specloopname void @_ssdm_op_SpecLoopName, void @empty_2" [HLS/src/mv.cpp:31]   --->   Operation 28 'specloopname' 'specloopname_ln31' <Predicate = true> <Delay = 0.00>
ST_3 : Operation 29 [1/1] (0.00ns)   --->   "%zext_ln31 = zext i6 %lshr_ln1" [HLS/src/mv.cpp:31]   --->   Operation 29 'zext' 'zext_ln31' <Predicate = true> <Delay = 0.00>
ST_3 : Operation 30 [1/1] (0.00ns)   --->   "%row_buf_addr = getelementptr i32 %row_buf, i64 0, i64 %zext_ln31" [HLS/src/mv.cpp:35]   --->   Operation 30 'getelementptr' 'row_buf_addr' <Predicate = true> <Delay = 0.00>
ST_3 : Operation 31 [1/1] (0.00ns)   --->   "%row_buf_1_addr = getelementptr i32 %row_buf_1, i64 0, i64 %zext_ln31" [HLS/src/mv.cpp:35]   --->   Operation 31 'getelementptr' 'row_buf_1_addr' <Predicate = true> <Delay = 0.00>
ST_3 : Operation 32 [1/1] (0.00ns)   --->   "%row_buf_2_addr = getelementptr i32 %row_buf_2, i64 0, i64 %zext_ln31" [HLS/src/mv.cpp:35]   --->   Operation 32 'getelementptr' 'row_buf_2_addr' <Predicate = true> <Delay = 0.00>
ST_3 : Operation 33 [1/1] (0.00ns)   --->   "%row_buf_3_addr = getelementptr i32 %row_buf_3, i64 0, i64 %zext_ln31" [HLS/src/mv.cpp:35]   --->   Operation 33 'getelementptr' 'row_buf_3_addr' <Predicate = true> <Delay = 0.00>
ST_3 : Operation 34 [1/1] (0.00ns)   --->   "%row_buf_4_addr = getelementptr i32 %row_buf_4, i64 0, i64 %zext_ln31" [HLS/src/mv.cpp:35]   --->   Operation 34 'getelementptr' 'row_buf_4_addr' <Predicate = true> <Delay = 0.00>
ST_3 : Operation 35 [1/1] (0.00ns)   --->   "%row_buf_5_addr = getelementptr i32 %row_buf_5, i64 0, i64 %zext_ln31" [HLS/src/mv.cpp:35]   --->   Operation 35 'getelementptr' 'row_buf_5_addr' <Predicate = true> <Delay = 0.00>
ST_3 : Operation 36 [1/1] (0.00ns)   --->   "%row_buf_6_addr = getelementptr i32 %row_buf_6, i64 0, i64 %zext_ln31" [HLS/src/mv.cpp:35]   --->   Operation 36 'getelementptr' 'row_buf_6_addr' <Predicate = true> <Delay = 0.00>
ST_3 : Operation 37 [1/1] (0.00ns)   --->   "%row_buf_7_addr = getelementptr i32 %row_buf_7, i64 0, i64 %zext_ln31" [HLS/src/mv.cpp:35]   --->   Operation 37 'getelementptr' 'row_buf_7_addr' <Predicate = true> <Delay = 0.00>
ST_3 : Operation 38 [1/1] ( I:1.23ns O:1.23ns )   --->   "%store_ln35 = store i32 %bitcast_ln35, i6 %row_buf_6_addr" [HLS/src/mv.cpp:35]   --->   Operation 38 'store' 'store_ln35' <Predicate = (trunc_ln31 == 6)> <Delay = 1.23> <CoreInst = "RAM">   --->   Core 82 'RAM' <Latency = 1> <II = 1> <Delay = 1.23> <Storage> <Opcode : 'load' 'store'> <Ports = 2> <Width = 32> <Depth = 64> <RAM>
ST_3 : Operation 39 [1/1] (0.00ns)   --->   "%br_ln35 = br void %arrayidx15.exit" [HLS/src/mv.cpp:35]   --->   Operation 39 'br' 'br_ln35' <Predicate = (trunc_ln31 == 6)> <Delay = 0.00>
ST_3 : Operation 40 [1/1] ( I:1.23ns O:1.23ns )   --->   "%store_ln35 = store i32 %bitcast_ln35, i6 %row_buf_5_addr" [HLS/src/mv.cpp:35]   --->   Operation 40 'store' 'store_ln35' <Predicate = (trunc_ln31 == 5)> <Delay = 1.23> <CoreInst = "RAM">   --->   Core 82 'RAM' <Latency = 1> <II = 1> <Delay = 1.23> <Storage> <Opcode : 'load' 'store'> <Ports = 2> <Width = 32> <Depth = 64> <RAM>
ST_3 : Operation 41 [1/1] (0.00ns)   --->   "%br_ln35 = br void %arrayidx15.exit" [HLS/src/mv.cpp:35]   --->   Operation 41 'br' 'br_ln35' <Predicate = (trunc_ln31 == 5)> <Delay = 0.00>
ST_3 : Operation 42 [1/1] ( I:1.23ns O:1.23ns )   --->   "%store_ln35 = store i32 %bitcast_ln35, i6 %row_buf_4_addr" [HLS/src/mv.cpp:35]   --->   Operation 42 'store' 'store_ln35' <Predicate = (trunc_ln31 == 4)> <Delay = 1.23> <CoreInst = "RAM">   --->   Core 82 'RAM' <Latency = 1> <II = 1> <Delay = 1.23> <Storage> <Opcode : 'load' 'store'> <Ports = 2> <Width = 32> <Depth = 64> <RAM>
ST_3 : Operation 43 [1/1] (0.00ns)   --->   "%br_ln35 = br void %arrayidx15.exit" [HLS/src/mv.cpp:35]   --->   Operation 43 'br' 'br_ln35' <Predicate = (trunc_ln31 == 4)> <Delay = 0.00>
ST_3 : Operation 44 [1/1] ( I:1.23ns O:1.23ns )   --->   "%store_ln35 = store i32 %bitcast_ln35, i6 %row_buf_3_addr" [HLS/src/mv.cpp:35]   --->   Operation 44 'store' 'store_ln35' <Predicate = (trunc_ln31 == 3)> <Delay = 1.23> <CoreInst = "RAM">   --->   Core 82 'RAM' <Latency = 1> <II = 1> <Delay = 1.23> <Storage> <Opcode : 'load' 'store'> <Ports = 2> <Width = 32> <Depth = 64> <RAM>
ST_3 : Operation 45 [1/1] (0.00ns)   --->   "%br_ln35 = br void %arrayidx15.exit" [HLS/src/mv.cpp:35]   --->   Operation 45 'br' 'br_ln35' <Predicate = (trunc_ln31 == 3)> <Delay = 0.00>
ST_3 : Operation 46 [1/1] ( I:1.23ns O:1.23ns )   --->   "%store_ln35 = store i32 %bitcast_ln35, i6 %row_buf_2_addr" [HLS/src/mv.cpp:35]   --->   Operation 46 'store' 'store_ln35' <Predicate = (trunc_ln31 == 2)> <Delay = 1.23> <CoreInst = "RAM">   --->   Core 82 'RAM' <Latency = 1> <II = 1> <Delay = 1.23> <Storage> <Opcode : 'load' 'store'> <Ports = 2> <Width = 32> <Depth = 64> <RAM>
ST_3 : Operation 47 [1/1] (0.00ns)   --->   "%br_ln35 = br void %arrayidx15.exit" [HLS/src/mv.cpp:35]   --->   Operation 47 'br' 'br_ln35' <Predicate = (trunc_ln31 == 2)> <Delay = 0.00>
ST_3 : Operation 48 [1/1] ( I:1.23ns O:1.23ns )   --->   "%store_ln35 = store i32 %bitcast_ln35, i6 %row_buf_1_addr" [HLS/src/mv.cpp:35]   --->   Operation 48 'store' 'store_ln35' <Predicate = (trunc_ln31 == 1)> <Delay = 1.23> <CoreInst = "RAM">   --->   Core 82 'RAM' <Latency = 1> <II = 1> <Delay = 1.23> <Storage> <Opcode : 'load' 'store'> <Ports = 2> <Width = 32> <Depth = 64> <RAM>
ST_3 : Operation 49 [1/1] (0.00ns)   --->   "%br_ln35 = br void %arrayidx15.exit" [HLS/src/mv.cpp:35]   --->   Operation 49 'br' 'br_ln35' <Predicate = (trunc_ln31 == 1)> <Delay = 0.00>
ST_3 : Operation 50 [1/1] ( I:1.23ns O:1.23ns )   --->   "%store_ln35 = store i32 %bitcast_ln35, i6 %row_buf_addr" [HLS/src/mv.cpp:35]   --->   Operation 50 'store' 'store_ln35' <Predicate = (trunc_ln31 == 0)> <Delay = 1.23> <CoreInst = "RAM">   --->   Core 82 'RAM' <Latency = 1> <II = 1> <Delay = 1.23> <Storage> <Opcode : 'load' 'store'> <Ports = 2> <Width = 32> <Depth = 64> <RAM>
ST_3 : Operation 51 [1/1] (0.00ns)   --->   "%br_ln35 = br void %arrayidx15.exit" [HLS/src/mv.cpp:35]   --->   Operation 51 'br' 'br_ln35' <Predicate = (trunc_ln31 == 0)> <Delay = 0.00>
ST_3 : Operation 52 [1/1] ( I:1.23ns O:1.23ns )   --->   "%store_ln35 = store i32 %bitcast_ln35, i6 %row_buf_7_addr" [HLS/src/mv.cpp:35]   --->   Operation 52 'store' 'store_ln35' <Predicate = (trunc_ln31 == 7)> <Delay = 1.23> <CoreInst = "RAM">   --->   Core 82 'RAM' <Latency = 1> <II = 1> <Delay = 1.23> <Storage> <Opcode : 'load' 'store'> <Ports = 2> <Width = 32> <Depth = 64> <RAM>
ST_3 : Operation 53 [1/1] (0.00ns)   --->   "%br_ln35 = br void %arrayidx15.exit" [HLS/src/mv.cpp:35]   --->   Operation 53 'br' 'br_ln35' <Predicate = (trunc_ln31 == 7)> <Delay = 0.00>


============================================================
+ Verbose Summary: Timing violations
============================================================
Target clock period: 10.000ns, clock uncertainty: 2.700ns.

 <State 1>: 1.860ns
The critical path consists of the following:
	'store' operation 0 bit ('store_ln31', HLS/src/mv.cpp:31) of constant 0 on local variable 'j', HLS/src/mv.cpp:31 [17]  (0.427 ns)
	'load' operation 31 bit ('j', HLS/src/mv.cpp:31) on local variable 'j', HLS/src/mv.cpp:31 [20]  (0.000 ns)
	'icmp' operation 1 bit ('icmp_ln31', HLS/src/mv.cpp:31) [22]  (1.006 ns)
	'store' operation 0 bit ('store_ln31', HLS/src/mv.cpp:31) of variable 'add_ln31', HLS/src/mv.cpp:31 on local variable 'j', HLS/src/mv.cpp:31 [69]  (0.427 ns)

 <State 2>: 7.300ns
The critical path consists of the following:
	'getelementptr' operation 32 bit ('A_port_addr', HLS/src/mv.cpp:26) [26]  (0.000 ns)
	bus read operation ('A_port_addr_read', HLS/src/mv.cpp:35) on port 'A_port' (HLS/src/mv.cpp:35) [33]  (7.300 ns)

 <State 3>: 1.237ns
The critical path consists of the following:
	'getelementptr' operation 6 bit ('row_buf_5_addr', HLS/src/mv.cpp:35) [40]  (0.000 ns)
	'store' operation 0 bit ('store_ln35', HLS/src/mv.cpp:35) of variable 'bitcast_ln35', HLS/src/mv.cpp:35 on array 'row_buf_5' [48]  (1.237 ns)


============================================================
+ Verbose Summary: Binding
============================================================
N/A
* FSMD analyzer results:
  - Output states:
 - Input state : 
  - Chain level:
	State 1
	State 2
	State 3


============================================================
+ Verbose Summary: Datapath Resource usage 
============================================================
N/A
