

================================================================
== Vitis HLS Report for 'mv_Pipeline_mac_loop'
================================================================
* Date:           Wed Apr  8 10:44:05 2026

* Version:        2024.2 (Build 5238294 on Nov  8 2024)
* Project:        mv
* Solution:       solution1 (Vivado IP Flow Target)
* Product family: zynquplus
* Target device:  xczu7ev-ffvc1156-2-e


================================================================
== Performance Estimates
================================================================
+ Timing: 
    * Summary: 
    +--------+----------+----------+------------+
    |  Clock |  Target  | Estimated| Uncertainty|
    +--------+----------+----------+------------+
    |ap_clk  |  10.00 ns|  7.016 ns|     2.70 ns|
    +--------+----------+----------+------------+

+ Latency: 
    * Summary: 
    +---------+---------+----------+-----------+-----+------+------------------------------------------------+
    |  Latency (cycles) |  Latency (absolute)  |  Interval  |                    Pipeline                    |
    |   min   |   max   |    min   |    max    | min |  max |                      Type                      |
    +---------+---------+----------+-----------+-----+------+------------------------------------------------+
    |       10|     1543|  0.100 us|  15.430 us|    6|  1539|  loop auto-rewind stp (delay=0 clock cycles(s))|
    +---------+---------+----------+-----------+-----+------+------------------------------------------------+

    + Detail: 
        * Instance: 
        N/A

        * Loop: 
        +------------+---------+---------+----------+-----------+-----------+---------+----------+
        |            |  Latency (cycles) | Iteration|  Initiation Interval  |   Trip  |          |
        |  Loop Name |   min   |   max   |  Latency |  achieved |   target  |  Count  | Pipelined|
        +------------+---------+---------+----------+-----------+-----------+---------+----------+
        |- mac_loop  |        8|     1541|         9|          3|          1|  1 ~ 512|       yes|
        +------------+---------+---------+----------+-----------+-----------+---------+----------+

============================================================
+ Verbose Summary: Synthesis Manager
============================================================
InlineROM: 1
ExposeGlobal: 0
============================================================
+ Verbose Summary: CDFG Model
============================================================
IsTopModel: 0
ResetActiveHigh: 1
IsCombinational: 0
IsDatapathOnly: 0
HasWiredReturn: 1
HasMFsm: 2
HasVarLatency: 1
IsPipeline: 0
IsRtlPipelined: 0
IsInstanceOverlapped: 0
IsDontTouch: 0
HasImplIP: 0
IsGatedGlobalClock: 0

+ Individual pipeline summary: 
  * Pipeline-0: initiation interval (II) = 3, depth = 9


============================================================
+ Verbose Summary: Schedule
============================================================
* Number of FSM states : 9
* Pipeline : 1
  Pipeline-0 : II = 3, D = 9, States = { 1 2 3 4 5 6 7 8 9 }
* Dataflow Pipeline: 0

* FSM state transitions: 
1 --> 2 
2 --> 3 
3 --> 4 
4 --> 5 
5 --> 6 
6 --> 7 
7 --> 8 
8 --> 9 
9 --> 

* FSM state operations: 

State 1 <SV = 0> <Delay = 1.85>
ST_1 : Operation 12 [1/1] (0.00ns)   --->   "%acc = alloca i32 1" [HLS/src/mv.cpp:38]   --->   Operation 12 'alloca' 'acc' <Predicate = true> <Delay = 0.00>
ST_1 : Operation 13 [1/1] (0.00ns)   --->   "%j = alloca i32 1" [HLS/src/mv.cpp:40]   --->   Operation 13 'alloca' 'j' <Predicate = true> <Delay = 0.00>
ST_1 : Operation 14 [1/1] (0.00ns)   --->   "%columns_read = read i31 @_ssdm_op_Read.ap_auto.i31, i31 %columns"   --->   Operation 14 'read' 'columns_read' <Predicate = true> <Delay = 0.00>
ST_1 : Operation 15 [1/1] (0.42ns)   --->   "%store_ln40 = store i31 0, i31 %j" [HLS/src/mv.cpp:40]   --->   Operation 15 'store' 'store_ln40' <Predicate = true> <Delay = 0.42>
ST_1 : Operation 16 [1/1] (0.42ns)   --->   "%store_ln38 = store i32 0, i32 %acc" [HLS/src/mv.cpp:38]   --->   Operation 16 'store' 'store_ln38' <Predicate = true> <Delay = 0.42>
ST_1 : Operation 17 [1/1] (0.00ns)   --->   "%br_ln0 = br void %for.inc30"   --->   Operation 17 'br' 'br_ln0' <Predicate = true> <Delay = 0.00>
ST_1 : Operation 18 [1/1] (0.00ns)   --->   "%j_1 = load i31 %j" [HLS/src/mv.cpp:40]   --->   Operation 18 'load' 'j_1' <Predicate = true> <Delay = 0.00>
ST_1 : Operation 19 [1/1] (1.00ns)   --->   "%icmp_ln40 = icmp_eq  i31 %j_1, i31 %columns_read" [HLS/src/mv.cpp:40]   --->   Operation 19 'icmp' 'icmp_ln40' <Predicate = true> <Delay = 1.00> <CoreInst = "Cmp">   --->   Core 9 'Cmp' <Latency = 0> <II = 1> <Delay = 1.00> <FuncUnit> <Opcode : 'seteq' 'setne' 'setle' 'setge' 'setlt' 'setgt'> <InPorts = 2> <OutPorts = 1>
ST_1 : Operation 20 [1/1] (1.00ns)   --->   "%add_ln40 = add i31 %j_1, i31 1" [HLS/src/mv.cpp:40]   --->   Operation 20 'add' 'add_ln40' <Predicate = true> <Delay = 1.00> <CoreInst = "Adder">   --->   Core 1 'Adder' <Latency = 0> <II = 1> <Delay = 1.00> <FuncUnit> <Opcode : 'add' 'sub'> <InPorts = 2> <OutPorts = 1>
ST_1 : Operation 21 [1/1] (0.00ns)   --->   "%br_ln40 = br i1 %icmp_ln40, void %for.inc30.split, void %for.inc35.loopexit.exitStub" [HLS/src/mv.cpp:40]   --->   Operation 21 'br' 'br_ln40' <Predicate = true> <Delay = 0.00>
ST_1 : Operation 22 [1/1] (0.00ns)   --->   "%trunc_ln40 = trunc i31 %j_1" [HLS/src/mv.cpp:40]   --->   Operation 22 'trunc' 'trunc_ln40' <Predicate = (!icmp_ln40)> <Delay = 0.00>
ST_1 : Operation 23 [1/1] (0.00ns)   --->   "%lshr_ln2 = partselect i6 @_ssdm_op_PartSelect.i6.i31.i32.i32, i31 %j_1, i32 3, i32 8" [HLS/src/mv.cpp:38]   --->   Operation 23 'partselect' 'lshr_ln2' <Predicate = (!icmp_ln40)> <Delay = 0.00>
ST_1 : Operation 24 [1/1] (0.00ns)   --->   "%zext_ln38 = zext i6 %lshr_ln2" [HLS/src/mv.cpp:38]   --->   Operation 24 'zext' 'zext_ln38' <Predicate = (!icmp_ln40)> <Delay = 0.00>
ST_1 : Operation 25 [1/1] (0.00ns)   --->   "%row_buf_addr = getelementptr i32 %row_buf, i64 0, i64 %zext_ln38" [HLS/src/mv.cpp:44]   --->   Operation 25 'getelementptr' 'row_buf_addr' <Predicate = (!icmp_ln40)> <Delay = 0.00>
ST_1 : Operation 26 [1/1] (0.00ns)   --->   "%row_buf_1_addr = getelementptr i32 %row_buf_1, i64 0, i64 %zext_ln38" [HLS/src/mv.cpp:44]   --->   Operation 26 'getelementptr' 'row_buf_1_addr' <Predicate = (!icmp_ln40)> <Delay = 0.00>
ST_1 : Operation 27 [1/1] (0.00ns)   --->   "%row_buf_2_addr = getelementptr i32 %row_buf_2, i64 0, i64 %zext_ln38" [HLS/src/mv.cpp:44]   --->   Operation 27 'getelementptr' 'row_buf_2_addr' <Predicate = (!icmp_ln40)> <Delay = 0.00>
ST_1 : Operation 28 [1/1] (0.00ns)   --->   "%row_buf_3_addr = getelementptr i32 %row_buf_3, i64 0, i64 %zext_ln38" [HLS/src/mv.cpp:44]   --->   Operation 28 'getelementptr' 'row_buf_3_addr' <Predicate = (!icmp_ln40)> <Delay = 0.00>
ST_1 : Operation 29 [1/1] (0.00ns)   --->   "%row_buf_4_addr = getelementptr i32 %row_buf_4, i64 0, i64 %zext_ln38" [HLS/src/mv.cpp:44]   --->   Operation 29 'getelementptr' 'row_buf_4_addr' <Predicate = (!icmp_ln40)> <Delay = 0.00>
ST_1 : Operation 30 [1/1] (0.00ns)   --->   "%row_buf_5_addr = getelementptr i32 %row_buf_5, i64 0, i64 %zext_ln38" [HLS/src/mv.cpp:44]   --->   Operation 30 'getelementptr' 'row_buf_5_addr' <Predicate = (!icmp_ln40)> <Delay = 0.00>
ST_1 : Operation 31 [1/1] (0.00ns)   --->   "%row_buf_6_addr = getelementptr i32 %row_buf_6, i64 0, i64 %zext_ln38" [HLS/src/mv.cpp:44]   --->   Operation 31 'getelementptr' 'row_buf_6_addr' <Predicate = (!icmp_ln40)> <Delay = 0.00>
ST_1 : Operation 32 [1/1] (0.00ns)   --->   "%row_buf_7_addr = getelementptr i32 %row_buf_7, i64 0, i64 %zext_ln38" [HLS/src/mv.cpp:44]   --->   Operation 32 'getelementptr' 'row_buf_7_addr' <Predicate = (!icmp_ln40)> <Delay = 0.00>
ST_1 : Operation 33 [2/2] (1.23ns)   --->   "%row_buf_load = load i6 %row_buf_addr" [HLS/src/mv.cpp:44]   --->   Operation 33 'load' 'row_buf_load' <Predicate = (!icmp_ln40)> <Delay = 1.23> <CoreInst = "RAM">   --->   Core 82 'RAM' <Latency = 1> <II = 1> <Delay = 1.23> <Storage> <Opcode : 'load' 'store'> <Ports = 2> <Width = 32> <Depth = 64> <RAM>
ST_1 : Operation 34 [2/2] (1.23ns)   --->   "%row_buf_1_load = load i6 %row_buf_1_addr" [HLS/src/mv.cpp:44]   --->   Operation 34 'load' 'row_buf_1_load' <Predicate = (!icmp_ln40)> <Delay = 1.23> <CoreInst = "RAM">   --->   Core 82 'RAM' <Latency = 1> <II = 1> <Delay = 1.23> <Storage> <Opcode : 'load' 'store'> <Ports = 2> <Width = 32> <Depth = 64> <RAM>
ST_1 : Operation 35 [2/2] (1.23ns)   --->   "%row_buf_2_load = load i6 %row_buf_2_addr" [HLS/src/mv.cpp:44]   --->   Operation 35 'load' 'row_buf_2_load' <Predicate = (!icmp_ln40)> <Delay = 1.23> <CoreInst = "RAM">   --->   Core 82 'RAM' <Latency = 1> <II = 1> <Delay = 1.23> <Storage> <Opcode : 'load' 'store'> <Ports = 2> <Width = 32> <Depth = 64> <RAM>
ST_1 : Operation 36 [2/2] (1.23ns)   --->   "%row_buf_3_load = load i6 %row_buf_3_addr" [HLS/src/mv.cpp:44]   --->   Operation 36 'load' 'row_buf_3_load' <Predicate = (!icmp_ln40)> <Delay = 1.23> <CoreInst = "RAM">   --->   Core 82 'RAM' <Latency = 1> <II = 1> <Delay = 1.23> <Storage> <Opcode : 'load' 'store'> <Ports = 2> <Width = 32> <Depth = 64> <RAM>
ST_1 : Operation 37 [2/2] (1.23ns)   --->   "%row_buf_4_load = load i6 %row_buf_4_addr" [HLS/src/mv.cpp:44]   --->   Operation 37 'load' 'row_buf_4_load' <Predicate = (!icmp_ln40)> <Delay = 1.23> <CoreInst = "RAM">   --->   Core 82 'RAM' <Latency = 1> <II = 1> <Delay = 1.23> <Storage> <Opcode : 'load' 'store'> <Ports = 2> <Width = 32> <Depth = 64> <RAM>
ST_1 : Operation 38 [2/2] (1.23ns)   --->   "%row_buf_5_load = load i6 %row_buf_5_addr" [HLS/src/mv.cpp:44]   --->   Operation 38 'load' 'row_buf_5_load' <Predicate = (!icmp_ln40)> <Delay = 1.23> <CoreInst = "RAM">   --->   Core 82 'RAM' <Latency = 1> <II = 1> <Delay = 1.23> <Storage> <Opcode : 'load' 'store'> <Ports = 2> <Width = 32> <Depth = 64> <RAM>
ST_1 : Operation 39 [2/2] (1.23ns)   --->   "%row_buf_6_load = load i6 %row_buf_6_addr" [HLS/src/mv.cpp:44]   --->   Operation 39 'load' 'row_buf_6_load' <Predicate = (!icmp_ln40)> <Delay = 1.23> <CoreInst = "RAM">   --->   Core 82 'RAM' <Latency = 1> <II = 1> <Delay = 1.23> <Storage> <Opcode : 'load' 'store'> <Ports = 2> <Width = 32> <Depth = 64> <RAM>
ST_1 : Operation 40 [2/2] (1.23ns)   --->   "%row_buf_7_load = load i6 %row_buf_7_addr" [HLS/src/mv.cpp:44]   --->   Operation 40 'load' 'row_buf_7_load' <Predicate = (!icmp_ln40)> <Delay = 1.23> <CoreInst = "RAM">   --->   Core 82 'RAM' <Latency = 1> <II = 1> <Delay = 1.23> <Storage> <Opcode : 'load' 'store'> <Ports = 2> <Width = 32> <Depth = 64> <RAM>
ST_1 : Operation 41 [1/1] (0.00ns)   --->   "%x_buf_addr = getelementptr i32 %x_buf, i64 0, i64 %zext_ln38" [HLS/src/mv.cpp:44]   --->   Operation 41 'getelementptr' 'x_buf_addr' <Predicate = (!icmp_ln40)> <Delay = 0.00>
ST_1 : Operation 42 [1/1] (0.00ns)   --->   "%x_buf_1_addr = getelementptr i32 %x_buf_1, i64 0, i64 %zext_ln38" [HLS/src/mv.cpp:44]   --->   Operation 42 'getelementptr' 'x_buf_1_addr' <Predicate = (!icmp_ln40)> <Delay = 0.00>
ST_1 : Operation 43 [1/1] (0.00ns)   --->   "%x_buf_2_addr = getelementptr i32 %x_buf_2, i64 0, i64 %zext_ln38" [HLS/src/mv.cpp:44]   --->   Operation 43 'getelementptr' 'x_buf_2_addr' <Predicate = (!icmp_ln40)> <Delay = 0.00>
ST_1 : Operation 44 [1/1] (0.00ns)   --->   "%x_buf_3_addr = getelementptr i32 %x_buf_3, i64 0, i64 %zext_ln38" [HLS/src/mv.cpp:44]   --->   Operation 44 'getelementptr' 'x_buf_3_addr' <Predicate = (!icmp_ln40)> <Delay = 0.00>
ST_1 : Operation 45 [1/1] (0.00ns)   --->   "%x_buf_4_addr = getelementptr i32 %x_buf_4, i64 0, i64 %zext_ln38" [HLS/src/mv.cpp:44]   --->   Operation 45 'getelementptr' 'x_buf_4_addr' <Predicate = (!icmp_ln40)> <Delay = 0.00>
ST_1 : Operation 46 [1/1] (0.00ns)   --->   "%x_buf_5_addr = getelementptr i32 %x_buf_5, i64 0, i64 %zext_ln38" [HLS/src/mv.cpp:44]   --->   Operation 46 'getelementptr' 'x_buf_5_addr' <Predicate = (!icmp_ln40)> <Delay = 0.00>
ST_1 : Operation 47 [1/1] (0.00ns)   --->   "%x_buf_6_addr = getelementptr i32 %x_buf_6, i64 0, i64 %zext_ln38" [HLS/src/mv.cpp:44]   --->   Operation 47 'getelementptr' 'x_buf_6_addr' <Predicate = (!icmp_ln40)> <Delay = 0.00>
ST_1 : Operation 48 [1/1] (0.00ns)   --->   "%x_buf_7_addr = getelementptr i32 %x_buf_7, i64 0, i64 %zext_ln38" [HLS/src/mv.cpp:44]   --->   Operation 48 'getelementptr' 'x_buf_7_addr' <Predicate = (!icmp_ln40)> <Delay = 0.00>
ST_1 : Operation 49 [2/2] (1.23ns)   --->   "%x_buf_load = load i6 %x_buf_addr" [HLS/src/mv.cpp:44]   --->   Operation 49 'load' 'x_buf_load' <Predicate = (!icmp_ln40)> <Delay = 1.23> <CoreInst = "RAM">   --->   Core 82 'RAM' <Latency = 1> <II = 1> <Delay = 1.23> <Storage> <Opcode : 'load' 'store'> <Ports = 2> <Width = 32> <Depth = 64> <RAM>
ST_1 : Operation 50 [2/2] (1.23ns)   --->   "%x_buf_1_load = load i6 %x_buf_1_addr" [HLS/src/mv.cpp:44]   --->   Operation 50 'load' 'x_buf_1_load' <Predicate = (!icmp_ln40)> <Delay = 1.23> <CoreInst = "RAM">   --->   Core 82 'RAM' <Latency = 1> <II = 1> <Delay = 1.23> <Storage> <Opcode : 'load' 'store'> <Ports = 2> <Width = 32> <Depth = 64> <RAM>
ST_1 : Operation 51 [2/2] (1.23ns)   --->   "%x_buf_2_load = load i6 %x_buf_2_addr" [HLS/src/mv.cpp:44]   --->   Operation 51 'load' 'x_buf_2_load' <Predicate = (!icmp_ln40)> <Delay = 1.23> <CoreInst = "RAM">   --->   Core 82 'RAM' <Latency = 1> <II = 1> <Delay = 1.23> <Storage> <Opcode : 'load' 'store'> <Ports = 2> <Width = 32> <Depth = 64> <RAM>
ST_1 : Operation 52 [2/2] (1.23ns)   --->   "%x_buf_3_load = load i6 %x_buf_3_addr" [HLS/src/mv.cpp:44]   --->   Operation 52 'load' 'x_buf_3_load' <Predicate = (!icmp_ln40)> <Delay = 1.23> <CoreInst = "RAM">   --->   Core 82 'RAM' <Latency = 1> <II = 1> <Delay = 1.23> <Storage> <Opcode : 'load' 'store'> <Ports = 2> <Width = 32> <Depth = 64> <RAM>
ST_1 : Operation 53 [2/2] (1.23ns)   --->   "%x_buf_4_load = load i6 %x_buf_4_addr" [HLS/src/mv.cpp:44]   --->   Operation 53 'load' 'x_buf_4_load' <Predicate = (!icmp_ln40)> <Delay = 1.23> <CoreInst = "RAM">   --->   Core 82 'RAM' <Latency = 1> <II = 1> <Delay = 1.23> <Storage> <Opcode : 'load' 'store'> <Ports = 2> <Width = 32> <Depth = 64> <RAM>
ST_1 : Operation 54 [2/2] (1.23ns)   --->   "%x_buf_5_load = load i6 %x_buf_5_addr" [HLS/src/mv.cpp:44]   --->   Operation 54 'load' 'x_buf_5_load' <Predicate = (!icmp_ln40)> <Delay = 1.23> <CoreInst = "RAM">   --->   Core 82 'RAM' <Latency = 1> <II = 1> <Delay = 1.23> <Storage> <Opcode : 'load' 'store'> <Ports = 2> <Width = 32> <Depth = 64> <RAM>
ST_1 : Operation 55 [2/2] (1.23ns)   --->   "%x_buf_6_load = load i6 %x_buf_6_addr" [HLS/src/mv.cpp:44]   --->   Operation 55 'load' 'x_buf_6_load' <Predicate = (!icmp_ln40)> <Delay = 1.23> <CoreInst = "RAM">   --->   Core 82 'RAM' <Latency = 1> <II = 1> <Delay = 1.23> <Storage> <Opcode : 'load' 'store'> <Ports = 2> <Width = 32> <Depth = 64> <RAM>
ST_1 : Operation 56 [2/2] (1.23ns)   --->   "%x_buf_7_load = load i6 %x_buf_7_addr" [HLS/src/mv.cpp:44]   --->   Operation 56 'load' 'x_buf_7_load' <Predicate = (!icmp_ln40)> <Delay = 1.23> <CoreInst = "RAM">   --->   Core 82 'RAM' <Latency = 1> <II = 1> <Delay = 1.23> <Storage> <Opcode : 'load' 'store'> <Ports = 2> <Width = 32> <Depth = 64> <RAM>
ST_1 : Operation 57 [1/1] (0.42ns)   --->   "%store_ln40 = store i31 %add_ln40, i31 %j" [HLS/src/mv.cpp:40]   --->   Operation 57 'store' 'store_ln40' <Predicate = (!icmp_ln40)> <Delay = 0.42>

State 2 <SV = 1> <Delay = 1.95>
ST_2 : Operation 58 [1/2] ( I:1.23ns O:1.23ns )   --->   "%row_buf_load = load i6 %row_buf_addr" [HLS/src/mv.cpp:44]   --->   Operation 58 'load' 'row_buf_load' <Predicate = (!icmp_ln40)> <Delay = 1.23> <CoreInst = "RAM">   --->   Core 82 'RAM' <Latency = 1> <II = 1> <Delay = 1.23> <Storage> <Opcode : 'load' 'store'> <Ports = 2> <Width = 32> <Depth = 64> <RAM>
ST_2 : Operation 59 [1/2] ( I:1.23ns O:1.23ns )   --->   "%row_buf_1_load = load i6 %row_buf_1_addr" [HLS/src/mv.cpp:44]   --->   Operation 59 'load' 'row_buf_1_load' <Predicate = (!icmp_ln40)> <Delay = 1.23> <CoreInst = "RAM">   --->   Core 82 'RAM' <Latency = 1> <II = 1> <Delay = 1.23> <Storage> <Opcode : 'load' 'store'> <Ports = 2> <Width = 32> <Depth = 64> <RAM>
ST_2 : Operation 60 [1/2] ( I:1.23ns O:1.23ns )   --->   "%row_buf_2_load = load i6 %row_buf_2_addr" [HLS/src/mv.cpp:44]   --->   Operation 60 'load' 'row_buf_2_load' <Predicate = (!icmp_ln40)> <Delay = 1.23> <CoreInst = "RAM">   --->   Core 82 'RAM' <Latency = 1> <II = 1> <Delay = 1.23> <Storage> <Opcode : 'load' 'store'> <Ports = 2> <Width = 32> <Depth = 64> <RAM>
ST_2 : Operation 61 [1/2] ( I:1.23ns O:1.23ns )   --->   "%row_buf_3_load = load i6 %row_buf_3_addr" [HLS/src/mv.cpp:44]   --->   Operation 61 'load' 'row_buf_3_load' <Predicate = (!icmp_ln40)> <Delay = 1.23> <CoreInst = "RAM">   --->   Core 82 'RAM' <Latency = 1> <II = 1> <Delay = 1.23> <Storage> <Opcode : 'load' 'store'> <Ports = 2> <Width = 32> <Depth = 64> <RAM>
ST_2 : Operation 62 [1/2] ( I:1.23ns O:1.23ns )   --->   "%row_buf_4_load = load i6 %row_buf_4_addr" [HLS/src/mv.cpp:44]   --->   Operation 62 'load' 'row_buf_4_load' <Predicate = (!icmp_ln40)> <Delay = 1.23> <CoreInst = "RAM">   --->   Core 82 'RAM' <Latency = 1> <II = 1> <Delay = 1.23> <Storage> <Opcode : 'load' 'store'> <Ports = 2> <Width = 32> <Depth = 64> <RAM>
ST_2 : Operation 63 [1/2] ( I:1.23ns O:1.23ns )   --->   "%row_buf_5_load = load i6 %row_buf_5_addr" [HLS/src/mv.cpp:44]   --->   Operation 63 'load' 'row_buf_5_load' <Predicate = (!icmp_ln40)> <Delay = 1.23> <CoreInst = "RAM">   --->   Core 82 'RAM' <Latency = 1> <II = 1> <Delay = 1.23> <Storage> <Opcode : 'load' 'store'> <Ports = 2> <Width = 32> <Depth = 64> <RAM>
ST_2 : Operation 64 [1/2] ( I:1.23ns O:1.23ns )   --->   "%row_buf_6_load = load i6 %row_buf_6_addr" [HLS/src/mv.cpp:44]   --->   Operation 64 'load' 'row_buf_6_load' <Predicate = (!icmp_ln40)> <Delay = 1.23> <CoreInst = "RAM">   --->   Core 82 'RAM' <Latency = 1> <II = 1> <Delay = 1.23> <Storage> <Opcode : 'load' 'store'> <Ports = 2> <Width = 32> <Depth = 64> <RAM>
ST_2 : Operation 65 [1/2] ( I:1.23ns O:1.23ns )   --->   "%row_buf_7_load = load i6 %row_buf_7_addr" [HLS/src/mv.cpp:44]   --->   Operation 65 'load' 'row_buf_7_load' <Predicate = (!icmp_ln40)> <Delay = 1.23> <CoreInst = "RAM">   --->   Core 82 'RAM' <Latency = 1> <II = 1> <Delay = 1.23> <Storage> <Opcode : 'load' 'store'> <Ports = 2> <Width = 32> <Depth = 64> <RAM>
ST_2 : Operation 66 [1/1] (0.72ns)   --->   "%tmp = sparsemux i32 @_ssdm_op_SparseMux.ap_auto.8float.float.i3, i3 0, i32 %row_buf_load, i3 1, i32 %row_buf_1_load, i3 2, i32 %row_buf_2_load, i3 3, i32 %row_buf_3_load, i3 4, i32 %row_buf_4_load, i3 5, i32 %row_buf_5_load, i3 6, i32 %row_buf_6_load, i3 7, i32 %row_buf_7_load, i32 <undef>, i3 %trunc_ln40" [HLS/src/mv.cpp:44]   --->   Operation 66 'sparsemux' 'tmp' <Predicate = (!icmp_ln40)> <Delay = 0.72> <CoreInst = "BinarySparseMux_DontCare">   --->   Core 149 'BinarySparseMux_DontCare' <Latency = 0> <II = 1> <Delay = 0.72> <FuncUnit> <Opcode : 'sparsemux'> <InPorts = 2> <OutPorts = 1>
ST_2 : Operation 67 [1/2] ( I:1.23ns O:1.23ns )   --->   "%x_buf_load = load i6 %x_buf_addr" [HLS/src/mv.cpp:44]   --->   Operation 67 'load' 'x_buf_load' <Predicate = (!icmp_ln40)> <Delay = 1.23> <CoreInst = "RAM">   --->   Core 82 'RAM' <Latency = 1> <II = 1> <Delay = 1.23> <Storage> <Opcode : 'load' 'store'> <Ports = 2> <Width = 32> <Depth = 64> <RAM>
ST_2 : Operation 68 [1/2] ( I:1.23ns O:1.23ns )   --->   "%x_buf_1_load = load i6 %x_buf_1_addr" [HLS/src/mv.cpp:44]   --->   Operation 68 'load' 'x_buf_1_load' <Predicate = (!icmp_ln40)> <Delay = 1.23> <CoreInst = "RAM">   --->   Core 82 'RAM' <Latency = 1> <II = 1> <Delay = 1.23> <Storage> <Opcode : 'load' 'store'> <Ports = 2> <Width = 32> <Depth = 64> <RAM>
ST_2 : Operation 69 [1/2] ( I:1.23ns O:1.23ns )   --->   "%x_buf_2_load = load i6 %x_buf_2_addr" [HLS/src/mv.cpp:44]   --->   Operation 69 'load' 'x_buf_2_load' <Predicate = (!icmp_ln40)> <Delay = 1.23> <CoreInst = "RAM">   --->   Core 82 'RAM' <Latency = 1> <II = 1> <Delay = 1.23> <Storage> <Opcode : 'load' 'store'> <Ports = 2> <Width = 32> <Depth = 64> <RAM>
ST_2 : Operation 70 [1/2] ( I:1.23ns O:1.23ns )   --->   "%x_buf_3_load = load i6 %x_buf_3_addr" [HLS/src/mv.cpp:44]   --->   Operation 70 'load' 'x_buf_3_load' <Predicate = (!icmp_ln40)> <Delay = 1.23> <CoreInst = "RAM">   --->   Core 82 'RAM' <Latency = 1> <II = 1> <Delay = 1.23> <Storage> <Opcode : 'load' 'store'> <Ports = 2> <Width = 32> <Depth = 64> <RAM>
ST_2 : Operation 71 [1/2] ( I:1.23ns O:1.23ns )   --->   "%x_buf_4_load = load i6 %x_buf_4_addr" [HLS/src/mv.cpp:44]   --->   Operation 71 'load' 'x_buf_4_load' <Predicate = (!icmp_ln40)> <Delay = 1.23> <CoreInst = "RAM">   --->   Core 82 'RAM' <Latency = 1> <II = 1> <Delay = 1.23> <Storage> <Opcode : 'load' 'store'> <Ports = 2> <Width = 32> <Depth = 64> <RAM>
ST_2 : Operation 72 [1/2] ( I:1.23ns O:1.23ns )   --->   "%x_buf_5_load = load i6 %x_buf_5_addr" [HLS/src/mv.cpp:44]   --->   Operation 72 'load' 'x_buf_5_load' <Predicate = (!icmp_ln40)> <Delay = 1.23> <CoreInst = "RAM">   --->   Core 82 'RAM' <Latency = 1> <II = 1> <Delay = 1.23> <Storage> <Opcode : 'load' 'store'> <Ports = 2> <Width = 32> <Depth = 64> <RAM>
ST_2 : Operation 73 [1/2] ( I:1.23ns O:1.23ns )   --->   "%x_buf_6_load = load i6 %x_buf_6_addr" [HLS/src/mv.cpp:44]   --->   Operation 73 'load' 'x_buf_6_load' <Predicate = (!icmp_ln40)> <Delay = 1.23> <CoreInst = "RAM">   --->   Core 82 'RAM' <Latency = 1> <II = 1> <Delay = 1.23> <Storage> <Opcode : 'load' 'store'> <Ports = 2> <Width = 32> <Depth = 64> <RAM>
ST_2 : Operation 74 [1/2] ( I:1.23ns O:1.23ns )   --->   "%x_buf_7_load = load i6 %x_buf_7_addr" [HLS/src/mv.cpp:44]   --->   Operation 74 'load' 'x_buf_7_load' <Predicate = (!icmp_ln40)> <Delay = 1.23> <CoreInst = "RAM">   --->   Core 82 'RAM' <Latency = 1> <II = 1> <Delay = 1.23> <Storage> <Opcode : 'load' 'store'> <Ports = 2> <Width = 32> <Depth = 64> <RAM>
ST_2 : Operation 75 [1/1] (0.72ns)   --->   "%tmp_1 = sparsemux i32 @_ssdm_op_SparseMux.ap_auto.8float.float.i3, i3 0, i32 %x_buf_load, i3 1, i32 %x_buf_1_load, i3 2, i32 %x_buf_2_load, i3 3, i32 %x_buf_3_load, i3 4, i32 %x_buf_4_load, i3 5, i32 %x_buf_5_load, i3 6, i32 %x_buf_6_load, i3 7, i32 %x_buf_7_load, i32 <undef>, i3 %trunc_ln40" [HLS/src/mv.cpp:44]   --->   Operation 75 'sparsemux' 'tmp_1' <Predicate = (!icmp_ln40)> <Delay = 0.72> <CoreInst = "BinarySparseMux_DontCare">   --->   Core 149 'BinarySparseMux_DontCare' <Latency = 0> <II = 1> <Delay = 0.72> <FuncUnit> <Opcode : 'sparsemux'> <InPorts = 2> <OutPorts = 1>

State 3 <SV = 2> <Delay = 7.01>
ST_3 : Operation 76 [3/3] (7.01ns)   --->   "%mul = fmul i32 %tmp, i32 %tmp_1" [HLS/src/mv.cpp:44]   --->   Operation 76 'fmul' 'mul' <Predicate = (!icmp_ln40)> <Delay = 7.01> <CoreInst = "FMul_maxdsp">   --->   Core 30 'FMul_maxdsp' <Latency = 2> <II = 1> <Delay = 7.01> <FuncUnit> <Opcode : 'fmul'> <InPorts = 2> <OutPorts = 1>

State 4 <SV = 3> <Delay = 7.01>
ST_4 : Operation 77 [2/3] (7.01ns)   --->   "%mul = fmul i32 %tmp, i32 %tmp_1" [HLS/src/mv.cpp:44]   --->   Operation 77 'fmul' 'mul' <Predicate = true> <Delay = 7.01> <CoreInst = "FMul_maxdsp">   --->   Core 30 'FMul_maxdsp' <Latency = 2> <II = 1> <Delay = 7.01> <FuncUnit> <Opcode : 'fmul'> <InPorts = 2> <OutPorts = 1>

State 5 <SV = 4> <Delay = 7.01>
ST_5 : Operation 78 [1/3] (7.01ns)   --->   "%mul = fmul i32 %tmp, i32 %tmp_1" [HLS/src/mv.cpp:44]   --->   Operation 78 'fmul' 'mul' <Predicate = true> <Delay = 7.01> <CoreInst = "FMul_maxdsp">   --->   Core 30 'FMul_maxdsp' <Latency = 2> <II = 1> <Delay = 7.01> <FuncUnit> <Opcode : 'fmul'> <InPorts = 2> <OutPorts = 1>

State 6 <SV = 5> <Delay = 6.43>
ST_6 : Operation 79 [1/1] (0.00ns)   --->   "%acc_load = load i32 %acc" [HLS/src/mv.cpp:44]   --->   Operation 79 'load' 'acc_load' <Predicate = true> <Delay = 0.00>
ST_6 : Operation 80 [4/4] (6.43ns)   --->   "%acc_1 = fadd i32 %acc_load, i32 %mul" [HLS/src/mv.cpp:44]   --->   Operation 80 'fadd' 'acc_1' <Predicate = true> <Delay = 6.43> <CoreInst = "FAddSub_fulldsp">   --->   Core 18 'FAddSub_fulldsp' <Latency = 3> <II = 1> <Delay = 6.43> <FuncUnit> <Opcode : 'fadd' 'fsub'> <InPorts = 2> <OutPorts = 1>
ST_6 : Operation 89 [1/1] (0.00ns)   --->   "%acc_load_1 = load i32 %acc"   --->   Operation 89 'load' 'acc_load_1' <Predicate = (icmp_ln40)> <Delay = 0.00>
ST_6 : Operation 90 [1/1] (0.00ns)   --->   "%write_ln0 = write void @_ssdm_op_Write.ap_auto.floatP0A, i32 %acc_out, i32 %acc_load_1"   --->   Operation 90 'write' 'write_ln0' <Predicate = (icmp_ln40)> <Delay = 0.00>
ST_6 : Operation 91 [1/1] (0.42ns)   --->   "%ret_ln0 = ret"   --->   Operation 91 'ret' 'ret_ln0' <Predicate = (icmp_ln40)> <Delay = 0.42>

State 7 <SV = 6> <Delay = 6.43>
ST_7 : Operation 81 [3/4] (6.43ns)   --->   "%acc_1 = fadd i32 %acc_load, i32 %mul" [HLS/src/mv.cpp:44]   --->   Operation 81 'fadd' 'acc_1' <Predicate = true> <Delay = 6.43> <CoreInst = "FAddSub_fulldsp">   --->   Core 18 'FAddSub_fulldsp' <Latency = 3> <II = 1> <Delay = 6.43> <FuncUnit> <Opcode : 'fadd' 'fsub'> <InPorts = 2> <OutPorts = 1>

State 8 <SV = 7> <Delay = 6.43>
ST_8 : Operation 82 [2/4] (6.43ns)   --->   "%acc_1 = fadd i32 %acc_load, i32 %mul" [HLS/src/mv.cpp:44]   --->   Operation 82 'fadd' 'acc_1' <Predicate = true> <Delay = 6.43> <CoreInst = "FAddSub_fulldsp">   --->   Core 18 'FAddSub_fulldsp' <Latency = 3> <II = 1> <Delay = 6.43> <FuncUnit> <Opcode : 'fadd' 'fsub'> <InPorts = 2> <OutPorts = 1>

State 9 <SV = 8> <Delay = 6.86>
ST_9 : Operation 83 [1/1] (0.00ns)   --->   "%specpipeline_ln42 = specpipeline void @_ssdm_op_SpecPipeline, i32 1, i32 0, i32 0, i32 0, void @empty_8" [HLS/src/mv.cpp:42]   --->   Operation 83 'specpipeline' 'specpipeline_ln42' <Predicate = true> <Delay = 0.00>
ST_9 : Operation 84 [1/1] (0.00ns)   --->   "%speclooptripcount_ln43 = speclooptripcount void @_ssdm_op_SpecLoopTripCount, i64 1, i64 512, i64 512" [HLS/src/mv.cpp:43]   --->   Operation 84 'speclooptripcount' 'speclooptripcount_ln43' <Predicate = true> <Delay = 0.00>
ST_9 : Operation 85 [1/1] (0.00ns)   --->   "%specloopname_ln40 = specloopname void @_ssdm_op_SpecLoopName, void @empty_14" [HLS/src/mv.cpp:40]   --->   Operation 85 'specloopname' 'specloopname_ln40' <Predicate = true> <Delay = 0.00>
ST_9 : Operation 86 [1/4] (6.43ns)   --->   "%acc_1 = fadd i32 %acc_load, i32 %mul" [HLS/src/mv.cpp:44]   --->   Operation 86 'fadd' 'acc_1' <Predicate = true> <Delay = 6.43> <CoreInst = "FAddSub_fulldsp">   --->   Core 18 'FAddSub_fulldsp' <Latency = 3> <II = 1> <Delay = 6.43> <FuncUnit> <Opcode : 'fadd' 'fsub'> <InPorts = 2> <OutPorts = 1>
ST_9 : Operation 87 [1/1] (0.42ns)   --->   "%store_ln38 = store i32 %acc_1, i32 %acc" [HLS/src/mv.cpp:38]   --->   Operation 87 'store' 'store_ln38' <Predicate = true> <Delay = 0.42>
ST_9 : Operation 88 [1/1] (0.00ns)   --->   "%br_ln40 = br void %for.inc30" [HLS/src/mv.cpp:40]   --->   Operation 88 'br' 'br_ln40' <Predicate = true> <Delay = 0.00>


============================================================
+ Verbose Summary: Timing violations
============================================================
Target clock period: 10.000ns, clock uncertainty: 2.700ns.

 <State 1>: 1.860ns
The critical path consists of the following:
	'store' operation 0 bit ('store_ln40', HLS/src/mv.cpp:40) of constant 0 on local variable 'j', HLS/src/mv.cpp:40 [22]  (0.427 ns)
	'load' operation 31 bit ('j', HLS/src/mv.cpp:40) on local variable 'j', HLS/src/mv.cpp:40 [26]  (0.000 ns)
	'add' operation 31 bit ('add_ln40', HLS/src/mv.cpp:40) [28]  (1.006 ns)
	'store' operation 0 bit ('store_ln40', HLS/src/mv.cpp:40) of variable 'add_ln40', HLS/src/mv.cpp:40 on local variable 'j', HLS/src/mv.cpp:40 [74]  (0.427 ns)

 <State 2>: 1.958ns
The critical path consists of the following:
	'load' operation 32 bit ('row_buf_load', HLS/src/mv.cpp:44) on array 'row_buf' [46]  (1.237 ns)
	'sparsemux' operation 32 bit ('tmp', HLS/src/mv.cpp:44) [54]  (0.721 ns)

 <State 3>: 7.016ns
The critical path consists of the following:
	'fmul' operation 32 bit ('mul', HLS/src/mv.cpp:44) [72]  (7.016 ns)

 <State 4>: 7.016ns
The critical path consists of the following:
	'fmul' operation 32 bit ('mul', HLS/src/mv.cpp:44) [72]  (7.016 ns)

 <State 5>: 7.016ns
The critical path consists of the following:
	'fmul' operation 32 bit ('mul', HLS/src/mv.cpp:44) [72]  (7.016 ns)

 <State 6>: 6.437ns
The critical path consists of the following:
	'load' operation 32 bit ('acc_load', HLS/src/mv.cpp:44) on local variable 'acc', HLS/src/mv.cpp:38 [31]  (0.000 ns)
	'fadd' operation 32 bit ('acc', HLS/src/mv.cpp:44) [73]  (6.437 ns)

 <State 7>: 6.437ns
The critical path consists of the following:
	'fadd' operation 32 bit ('acc', HLS/src/mv.cpp:44) [73]  (6.437 ns)

 <State 8>: 6.437ns
The critical path consists of the following:
	'fadd' operation 32 bit ('acc', HLS/src/mv.cpp:44) [73]  (6.437 ns)

 <State 9>: 6.864ns
The critical path consists of the following:
	'fadd' operation 32 bit ('acc', HLS/src/mv.cpp:44) [73]  (6.437 ns)
	'store' operation 0 bit ('store_ln38', HLS/src/mv.cpp:38) of variable 'acc', HLS/src/mv.cpp:44 on local variable 'acc', HLS/src/mv.cpp:38 [75]  (0.427 ns)


============================================================
+ Verbose Summary: Binding
============================================================
N/A
* FSMD analyzer results:
  - Output states:
 - Input state : 
  - Chain level:
	State 1
	State 2
	State 3
	State 4
	State 5
	State 6
	State 7
	State 8
	State 9


============================================================
+ Verbose Summary: Datapath Resource usage 
============================================================
N/A
