

================================================================
== Vitis HLS Report for 'spmv_csr_Pipeline_READ_X'
================================================================
* Date:           Thu Apr  9 10:56:51 2026

* Version:        2024.2 (Build 5238294 on Nov  8 2024)
* Project:        spmv_csr
* Solution:       hls (Vivado IP Flow Target)
* Product family: zynquplus
* Target device:  xczu7ev-ffvc1156-2-e


================================================================
== Performance Estimates
================================================================
+ Timing: 
    * Summary: 
    +--------+----------+----------+------------+
    |  Clock |  Target  | Estimated| Uncertainty|
    +--------+----------+----------+------------+
    |ap_clk  |  10.00 ns|  7.300 ns|     2.70 ns|
    +--------+----------+----------+------------+

+ Latency: 
    * Summary: 
    +---------+---------+----------+----------+-----+-----+------------------------------------------------+
    |  Latency (cycles) |  Latency (absolute) |  Interval |                    Pipeline                    |
    |   min   |   max   |    min   |    max   | min | max |                      Type                      |
    +---------+---------+----------+----------+-----+-----+------------------------------------------------+
    |        ?|        ?|         ?|         ?|    0|    0|  loop auto-rewind stp (delay=0 clock cycles(s))|
    +---------+---------+----------+----------+-----+-----+------------------------------------------------+

    + Detail: 
        * Instance: 
        N/A

        * Loop: 
        +----------+---------+---------+----------+-----------+-----------+------+----------+
        |          |  Latency (cycles) | Iteration|  Initiation Interval  | Trip |          |
        | Loop Name|   min   |   max   |  Latency |  achieved |   target  | Count| Pipelined|
        +----------+---------+---------+----------+-----------+-----------+------+----------+
        |- READ_X  |        ?|        ?|         3|          1|          1|     ?|       yes|
        +----------+---------+---------+----------+-----------+-----------+------+----------+



================================================================
== Utilization Estimates
================================================================
* Summary: 
+-----------------+---------+------+--------+--------+-----+
|       Name      | BRAM_18K|  DSP |   FF   |   LUT  | URAM|
+-----------------+---------+------+--------+--------+-----+
|DSP              |        -|     -|       -|       -|    -|
|Expression       |        -|     -|       0|      61|    -|
|FIFO             |        -|     -|       -|       -|    -|
|Instance         |        -|     -|       -|       -|    -|
|Memory           |        -|     -|       -|       -|    -|
|Multiplexer      |        -|     -|       0|      45|    -|
|Register         |        -|     -|      71|       -|    -|
+-----------------+---------+------+--------+--------+-----+
|Total            |        0|     0|      71|     106|    0|
+-----------------+---------+------+--------+--------+-----+
|Available        |      624|  1728|  460800|  230400|   96|
+-----------------+---------+------+--------+--------+-----+
|Utilization (%)  |        0|     0|      ~0|      ~0|    0|
+-----------------+---------+------+--------+--------+-----+

+ Detail: 
    * Instance: 
    N/A

    * DSP: 
    N/A

    * Memory: 
    N/A

    * FIFO: 
    N/A

    * Expression: 
    +---------------------------+----------+----+---+----+------------+------------+
    |       Variable Name       | Operation| DSP| FF| LUT| Bitwidth P0| Bitwidth P1|
    +---------------------------+----------+----+---+----+------------+------------+
    |add_ln23_fu_102_p2         |         +|   0|  0|  18|          11|           1|
    |ap_block_pp0_stage0_11001  |       and|   0|  0|   2|           1|           1|
    |icmp_ln23_fu_96_p2         |      icmp|   0|  0|  39|          32|          32|
    |ap_enable_pp0              |       xor|   0|  0|   2|           1|           2|
    +---------------------------+----------+----+---+----+------------+------------+
    |Total                      |          |   0|  0|  61|          45|          36|
    +---------------------------+----------+----+---+----+------------+------------+

    * Multiplexer: 
    +-------------------------+----+-----------+-----+-----------+
    |           Name          | LUT| Input Size| Bits| Total Bits|
    +-------------------------+----+-----------+-----+-----------+
    |ap_done_int              |   9|          2|    1|          2|
    |ap_enable_reg_pp0_iter1  |   9|          2|    1|          2|
    |ap_sig_allocacmp_i_1     |   9|          2|   11|         22|
    |gmem3_blk_n_R            |   9|          2|    1|          2|
    |i_fu_46                  |   9|          2|   11|         22|
    +-------------------------+----+-----------+-----+-----------+
    |Total                    |  45|         10|   25|         50|
    +-------------------------+----+-----------+-----+-----------+

    * Register: 
    +-------------------------------------------+----+----+-----+-----------+
    |                    Name                   | FF | LUT| Bits| Const Bits|
    +-------------------------------------------+----+----+-----+-----------+
    |ap_CS_fsm                                  |   1|   0|    1|          0|
    |ap_block_pp0_stage0_subdone_grp0_done_reg  |   1|   0|    1|          0|
    |ap_done_reg                                |   1|   0|    1|          0|
    |ap_enable_reg_pp0_iter1                    |   1|   0|    1|          0|
    |ap_enable_reg_pp0_iter2                    |   1|   0|    1|          0|
    |ap_loop_exit_ready_pp0_iter1_reg           |   1|   0|    1|          0|
    |gmem3_addr_read_reg_148                    |  32|   0|   32|          0|
    |i_1_reg_139                                |  11|   0|   11|          0|
    |i_1_reg_139_pp0_iter1_reg                  |  11|   0|   11|          0|
    |i_fu_46                                    |  11|   0|   11|          0|
    +-------------------------------------------+----+----+-----+-----------+
    |Total                                      |  71|   0|   71|          0|
    +-------------------------------------------+----+----+-----+-----------+



================================================================
== Interface
================================================================
* Summary: 
+------------------------+-----+-----+------------+--------------------------+--------------+
|        RTL Ports       | Dir | Bits|  Protocol  |       Source Object      |    C Type    |
+------------------------+-----+-----+------------+--------------------------+--------------+
|ap_clk                  |   in|    1|  ap_ctrl_hs|  spmv_csr_Pipeline_READ_X|  return value|
|ap_rst                  |   in|    1|  ap_ctrl_hs|  spmv_csr_Pipeline_READ_X|  return value|
|ap_start                |   in|    1|  ap_ctrl_hs|  spmv_csr_Pipeline_READ_X|  return value|
|ap_done                 |  out|    1|  ap_ctrl_hs|  spmv_csr_Pipeline_READ_X|  return value|
|ap_idle                 |  out|    1|  ap_ctrl_hs|  spmv_csr_Pipeline_READ_X|  return value|
|ap_ready                |  out|    1|  ap_ctrl_hs|  spmv_csr_Pipeline_READ_X|  return value|
|m_axi_gmem3_0_AWVALID   |  out|    1|       m_axi|                     gmem3|       pointer|
|m_axi_gmem3_0_AWREADY   |   in|    1|       m_axi|                     gmem3|       pointer|
|m_axi_gmem3_0_AWADDR    |  out|   64|       m_axi|                     gmem3|       pointer|
|m_axi_gmem3_0_AWID      |  out|    1|       m_axi|                     gmem3|       pointer|
|m_axi_gmem3_0_AWLEN     |  out|   32|       m_axi|                     gmem3|       pointer|
|m_axi_gmem3_0_AWSIZE    |  out|    3|       m_axi|                     gmem3|       pointer|
|m_axi_gmem3_0_AWBURST   |  out|    2|       m_axi|                     gmem3|       pointer|
|m_axi_gmem3_0_AWLOCK    |  out|    2|       m_axi|                     gmem3|       pointer|
|m_axi_gmem3_0_AWCACHE   |  out|    4|       m_axi|                     gmem3|       pointer|
|m_axi_gmem3_0_AWPROT    |  out|    3|       m_axi|                     gmem3|       pointer|
|m_axi_gmem3_0_AWQOS     |  out|    4|       m_axi|                     gmem3|       pointer|
|m_axi_gmem3_0_AWREGION  |  out|    4|       m_axi|                     gmem3|       pointer|
|m_axi_gmem3_0_AWUSER    |  out|    1|       m_axi|                     gmem3|       pointer|
|m_axi_gmem3_0_WVALID    |  out|    1|       m_axi|                     gmem3|       pointer|
|m_axi_gmem3_0_WREADY    |   in|    1|       m_axi|                     gmem3|       pointer|
|m_axi_gmem3_0_WDATA     |  out|   32|       m_axi|                     gmem3|       pointer|
|m_axi_gmem3_0_WSTRB     |  out|    4|       m_axi|                     gmem3|       pointer|
|m_axi_gmem3_0_WLAST     |  out|    1|       m_axi|                     gmem3|       pointer|
|m_axi_gmem3_0_WID       |  out|    1|       m_axi|                     gmem3|       pointer|
|m_axi_gmem3_0_WUSER     |  out|    1|       m_axi|                     gmem3|       pointer|
|m_axi_gmem3_0_ARVALID   |  out|    1|       m_axi|                     gmem3|       pointer|
|m_axi_gmem3_0_ARREADY   |   in|    1|       m_axi|                     gmem3|       pointer|
|m_axi_gmem3_0_ARADDR    |  out|   64|       m_axi|                     gmem3|       pointer|
|m_axi_gmem3_0_ARID      |  out|    1|       m_axi|                     gmem3|       pointer|
|m_axi_gmem3_0_ARLEN     |  out|   32|       m_axi|                     gmem3|       pointer|
|m_axi_gmem3_0_ARSIZE    |  out|    3|       m_axi|                     gmem3|       pointer|
|m_axi_gmem3_0_ARBURST   |  out|    2|       m_axi|                     gmem3|       pointer|
|m_axi_gmem3_0_ARLOCK    |  out|    2|       m_axi|                     gmem3|       pointer|
|m_axi_gmem3_0_ARCACHE   |  out|    4|       m_axi|                     gmem3|       pointer|
|m_axi_gmem3_0_ARPROT    |  out|    3|       m_axi|                     gmem3|       pointer|
|m_axi_gmem3_0_ARQOS     |  out|    4|       m_axi|                     gmem3|       pointer|
|m_axi_gmem3_0_ARREGION  |  out|    4|       m_axi|                     gmem3|       pointer|
|m_axi_gmem3_0_ARUSER    |  out|    1|       m_axi|                     gmem3|       pointer|
|m_axi_gmem3_0_RVALID    |   in|    1|       m_axi|                     gmem3|       pointer|
|m_axi_gmem3_0_RREADY    |  out|    1|       m_axi|                     gmem3|       pointer|
|m_axi_gmem3_0_RDATA     |   in|   32|       m_axi|                     gmem3|       pointer|
|m_axi_gmem3_0_RLAST     |   in|    1|       m_axi|                     gmem3|       pointer|
|m_axi_gmem3_0_RID       |   in|    1|       m_axi|                     gmem3|       pointer|
|m_axi_gmem3_0_RFIFONUM  |   in|    9|       m_axi|                     gmem3|       pointer|
|m_axi_gmem3_0_RUSER     |   in|    1|       m_axi|                     gmem3|       pointer|
|m_axi_gmem3_0_RRESP     |   in|    2|       m_axi|                     gmem3|       pointer|
|m_axi_gmem3_0_BVALID    |   in|    1|       m_axi|                     gmem3|       pointer|
|m_axi_gmem3_0_BREADY    |  out|    1|       m_axi|                     gmem3|       pointer|
|m_axi_gmem3_0_BRESP     |   in|    2|       m_axi|                     gmem3|       pointer|
|m_axi_gmem3_0_BID       |   in|    1|       m_axi|                     gmem3|       pointer|
|m_axi_gmem3_0_BUSER     |   in|    1|       m_axi|                     gmem3|       pointer|
|num_cols                |   in|   32|     ap_none|                  num_cols|        scalar|
|sext_ln23               |   in|   62|     ap_none|                 sext_ln23|        scalar|
|x_buf_address0          |  out|   10|   ap_memory|                     x_buf|         array|
|x_buf_ce0               |  out|    1|   ap_memory|                     x_buf|         array|
|x_buf_we0               |  out|    1|   ap_memory|                     x_buf|         array|
|x_buf_d0                |  out|   32|   ap_memory|                     x_buf|         array|
+------------------------+-----+-----+------------+--------------------------+--------------+

============================================================
+ Verbose Summary: Synthesis Manager
============================================================
InlineROM: 1
ExposeGlobal: 0
============================================================
+ Verbose Summary: CDFG Model
============================================================
IsTopModel: 0
ResetActiveHigh: 1
IsCombinational: 2
IsDatapathOnly: 2
HasWiredReturn: 1
HasMFsm: 2
HasVarLatency: 1
IsPipeline: 0
IsRtlPipelined: 0
IsInstanceOverlapped: 0
IsDontTouch: 0
HasImplIP: 0
IsGatedGlobalClock: 0

+ Individual pipeline summary: 
  * Pipeline-0: initiation interval (II) = 1, depth = 3


============================================================
+ Verbose Summary: Schedule
============================================================
* Number of FSM states : 3
* Pipeline : 1
  Pipeline-0 : II = 1, D = 3, States = { 1 2 3 }
* Dataflow Pipeline: 0

* FSM state transitions: 
1 --> 2 
2 --> 3 
3 --> 

* FSM state operations: 

State 1 <SV = 0> <Delay = 1.87>
ST_1 : Operation 6 [1/1] (0.00ns)   --->   "%i = alloca i32 1" [../src/spmv_csr.cpp:23]   --->   Operation 6 'alloca' 'i' <Predicate = true> <Delay = 0.00>
ST_1 : Operation 7 [1/1] (0.00ns)   --->   "%sext_ln23_read = read i62 @_ssdm_op_Read.ap_auto.i62, i62 %sext_ln23"   --->   Operation 7 'read' 'sext_ln23_read' <Predicate = true> <Delay = 0.00>
ST_1 : Operation 8 [1/1] (0.00ns)   --->   "%num_cols_read = read i32 @_ssdm_op_Read.ap_auto.i32, i32 %num_cols"   --->   Operation 8 'read' 'num_cols_read' <Predicate = true> <Delay = 0.00>
ST_1 : Operation 9 [1/1] (0.00ns)   --->   "%sext_ln23_cast = sext i62 %sext_ln23_read"   --->   Operation 9 'sext' 'sext_ln23_cast' <Predicate = true> <Delay = 0.00>
ST_1 : Operation 10 [1/1] (0.00ns)   --->   "%specinterface_ln0 = specinterface void @_ssdm_op_SpecInterface, i32 %gmem3, void @empty_10, i32 0, i32 0, void @empty, i32 0, i32 0, void @empty_5, void @empty_1, void @empty, i32 16, i32 16, i32 16, i32 16, void @empty, void @empty, i32 4294967295, i32 0, i32 0"   --->   Operation 10 'specinterface' 'specinterface_ln0' <Predicate = true> <Delay = 0.00>
ST_1 : Operation 11 [1/1] (0.42ns)   --->   "%store_ln23 = store i11 0, i11 %i" [../src/spmv_csr.cpp:23]   --->   Operation 11 'store' 'store_ln23' <Predicate = true> <Delay = 0.42>
ST_1 : Operation 12 [1/1] (0.00ns)   --->   "%br_ln0 = br void %for.inc"   --->   Operation 12 'br' 'br_ln0' <Predicate = true> <Delay = 0.00>
ST_1 : Operation 13 [1/1] (0.00ns)   --->   "%i_1 = load i11 %i" [../src/spmv_csr.cpp:23]   --->   Operation 13 'load' 'i_1' <Predicate = true> <Delay = 0.00>
ST_1 : Operation 14 [1/1] (0.00ns)   --->   "%specbitsmap_ln0 = specbitsmap void @_ssdm_op_SpecBitsMap, i32 %gmem3"   --->   Operation 14 'specbitsmap' 'specbitsmap_ln0' <Predicate = true> <Delay = 0.00>
ST_1 : Operation 15 [1/1] (0.00ns)   --->   "%zext_ln23 = zext i11 %i_1" [../src/spmv_csr.cpp:23]   --->   Operation 15 'zext' 'zext_ln23' <Predicate = true> <Delay = 0.00>
ST_1 : Operation 16 [1/1] (1.01ns)   --->   "%icmp_ln23 = icmp_slt  i32 %zext_ln23, i32 %num_cols_read" [../src/spmv_csr.cpp:23]   --->   Operation 16 'icmp' 'icmp_ln23' <Predicate = true> <Delay = 1.01> <CoreInst = "Cmp">   --->   Core 9 'Cmp' <Latency = 0> <II = 1> <Delay = 1.01> <FuncUnit> <Opcode : 'seteq' 'setne' 'setle' 'setge' 'setlt' 'setgt'> <InPorts = 2> <OutPorts = 1>
ST_1 : Operation 17 [1/1] (0.79ns)   --->   "%add_ln23 = add i11 %i_1, i11 1" [../src/spmv_csr.cpp:23]   --->   Operation 17 'add' 'add_ln23' <Predicate = true> <Delay = 0.79> <CoreInst = "Adder">   --->   Core 1 'Adder' <Latency = 0> <II = 1> <Delay = 0.79> <FuncUnit> <Opcode : 'add' 'sub'> <InPorts = 2> <OutPorts = 1>
ST_1 : Operation 18 [1/1] (0.00ns)   --->   "%br_ln23 = br i1 %icmp_ln23, void %L1.loopexit.exitStub, void %for.inc.split" [../src/spmv_csr.cpp:23]   --->   Operation 18 'br' 'br_ln23' <Predicate = true> <Delay = 0.00>
ST_1 : Operation 19 [1/1] (0.42ns)   --->   "%store_ln23 = store i11 %add_ln23, i11 %i" [../src/spmv_csr.cpp:23]   --->   Operation 19 'store' 'store_ln23' <Predicate = (icmp_ln23)> <Delay = 0.42>

State 2 <SV = 1> <Delay = 7.30>
ST_2 : Operation 20 [1/1] (0.00ns)   --->   "%gmem3_addr = getelementptr i32 %gmem3, i64 %sext_ln23_cast" [../src/spmv_csr.cpp:23]   --->   Operation 20 'getelementptr' 'gmem3_addr' <Predicate = true> <Delay = 0.00>
ST_2 : Operation 21 [1/1] (7.30ns)   --->   "%gmem3_addr_read = read i32 @_ssdm_op_Read.m_axi.p1i32, i64 %gmem3_addr" [../src/spmv_csr.cpp:25]   --->   Operation 21 'read' 'gmem3_addr_read' <Predicate = true> <Delay = 7.30> <CoreInst = "m_axi">   --->   Core 119 'm_axi' <Latency = 3> <II = 1> <Delay = 1.00> <Adapter> <Opcode : 'read' 'write' 'readreq' 'writereq' 'writeresp'>
ST_2 : Operation 29 [1/1] (0.42ns)   --->   "%ret_ln0 = ret"   --->   Operation 29 'ret' 'ret_ln0' <Predicate = (!icmp_ln23)> <Delay = 0.42>

State 3 <SV = 2> <Delay = 1.23>
ST_3 : Operation 22 [1/1] (0.00ns)   --->   "%zext_ln23_1 = zext i11 %i_1" [../src/spmv_csr.cpp:23]   --->   Operation 22 'zext' 'zext_ln23_1' <Predicate = true> <Delay = 0.00>
ST_3 : Operation 23 [1/1] (0.00ns)   --->   "%specpipeline_ln24 = specpipeline void @_ssdm_op_SpecPipeline, i32 1, i32 0, i32 0, i32 0, void @empty" [../src/spmv_csr.cpp:24]   --->   Operation 23 'specpipeline' 'specpipeline_ln24' <Predicate = true> <Delay = 0.00>
ST_3 : Operation 24 [1/1] (0.00ns)   --->   "%specloopname_ln23 = specloopname void @_ssdm_op_SpecLoopName, void @empty_20" [../src/spmv_csr.cpp:23]   --->   Operation 24 'specloopname' 'specloopname_ln23' <Predicate = true> <Delay = 0.00>
ST_3 : Operation 25 [1/1] (0.00ns)   --->   "%bitcast_ln25 = bitcast i32 %gmem3_addr_read" [../src/spmv_csr.cpp:25]   --->   Operation 25 'bitcast' 'bitcast_ln25' <Predicate = true> <Delay = 0.00>
ST_3 : Operation 26 [1/1] (0.00ns)   --->   "%x_buf_addr = getelementptr i32 %x_buf, i64 0, i64 %zext_ln23_1" [../src/spmv_csr.cpp:25]   --->   Operation 26 'getelementptr' 'x_buf_addr' <Predicate = true> <Delay = 0.00>
ST_3 : Operation 27 [1/1] ( I:1.23ns O:1.23ns )   --->   "%store_ln25 = store i32 %bitcast_ln25, i10 %x_buf_addr" [../src/spmv_csr.cpp:25]   --->   Operation 27 'store' 'store_ln25' <Predicate = true> <Delay = 1.23> <CoreInst = "RAM">   --->   Core 82 'RAM' <Latency = 1> <II = 1> <Delay = 1.23> <Storage> <Opcode : 'load' 'store'> <Ports = 2> <Width = 32> <Depth = 1024> <RAM>
ST_3 : Operation 28 [1/1] (0.00ns)   --->   "%br_ln23 = br void %for.inc" [../src/spmv_csr.cpp:23]   --->   Operation 28 'br' 'br_ln23' <Predicate = true> <Delay = 0.00>


============================================================
+ Verbose Summary: Binding
============================================================
STG Binding: 
---------------- STG Properties BEGIN ----------------
- Is combinational: 0
- Is one-state seq: 0
- Is datapath-only: 0
- Is pipelined: 0
- Is top level: 0
Port [ Return ] is wired: 1; IO mode=ap_ctrl_hs:ce=0
Port [ gmem3]:  wired=1; compound=1; hidden=0; nouse=0; global=0; static=0; extern=0; dir=0; type=4; pingpong=0; private_global=0; IO mode=m_axi:ce=0
Port [ num_cols]:  wired=1; compound=0; hidden=0; nouse=0; global=0; static=0; extern=0; dir=0; type=0; pingpong=0; private_global=0; IO mode=ap_none:ce=0
Port [ sext_ln23]:  wired=1; compound=0; hidden=0; nouse=0; global=0; static=0; extern=0; dir=0; type=0; pingpong=0; private_global=0; IO mode=ap_none:ce=0
Port [ x_buf]:  wired=1; compound=1; hidden=0; nouse=0; global=0; static=0; extern=0; dir=1; type=1; pingpong=0; private_global=0; MemPort=[03]; IO mode=ap_memory:ce=0
---------------- STG Properties END ------------------

---------------- Datapath Model BEGIN ----------------

<LifeTime>
<method=bitvector/>
i                 (alloca       ) [ 0100]
sext_ln23_read    (read         ) [ 0000]
num_cols_read     (read         ) [ 0000]
sext_ln23_cast    (sext         ) [ 0110]
specinterface_ln0 (specinterface) [ 0000]
store_ln23        (store        ) [ 0000]
br_ln0            (br           ) [ 0000]
i_1               (load         ) [ 0111]
specbitsmap_ln0   (specbitsmap  ) [ 0000]
zext_ln23         (zext         ) [ 0000]
icmp_ln23         (icmp         ) [ 0110]
add_ln23          (add          ) [ 0000]
br_ln23           (br           ) [ 0000]
store_ln23        (store        ) [ 0000]
gmem3_addr        (getelementptr) [ 0000]
gmem3_addr_read   (read         ) [ 0101]
zext_ln23_1       (zext         ) [ 0000]
specpipeline_ln24 (specpipeline ) [ 0000]
specloopname_ln23 (specloopname ) [ 0000]
bitcast_ln25      (bitcast      ) [ 0000]
x_buf_addr        (getelementptr) [ 0000]
store_ln25        (store        ) [ 0000]
br_ln23           (br           ) [ 0000]
ret_ln0           (ret          ) [ 0000]
</LifeTime>

<model>

<comp_list>
<comp id="0" class="1000" name="gmem3">
<pin_list>
<pin id="1" dir="1" index="0" bw="1" slack="0"/>
</pin_list>
<bind>
<StgValue><ssdm name="gmem3"/><MemPortTyVec>0 </MemPortTyVec>
</StgValue>
</bind>
</comp>

<comp id="2" class="1000" name="num_cols">
<pin_list>
<pin id="3" dir="1" index="0" bw="1" slack="0"/>
</pin_list>
<bind>
<StgValue><ssdm name="num_cols"/></StgValue>
</bind>
</comp>

<comp id="4" class="1000" name="sext_ln23">
<pin_list>
<pin id="5" dir="1" index="0" bw="1" slack="0"/>
</pin_list>
<bind>
<StgValue><ssdm name="sext_ln23"/></StgValue>
</bind>
</comp>

<comp id="6" class="1000" name="x_buf">
<pin_list>
<pin id="7" dir="1" index="0" bw="1" slack="0"/>
</pin_list>
<bind>
<StgValue><ssdm name="x_buf"/><MemPortTyVec>0 3 </MemPortTyVec>
</StgValue>
</bind>
</comp>

<comp id="8" class="1001" name="const_8">
<pin_list>
<pin id="9" dir="1" index="0" bw="1" slack="0"/>
</pin_list>
<bind>
<StgValue><ssdm name=""/></StgValue>
</bind>
</comp>

<comp id="10" class="1001" name="const_10">
<pin_list>
<pin id="11" dir="1" index="0" bw="1" slack="0"/>
</pin_list>
<bind>
<StgValue><ssdm name="_ssdm_op_Read.ap_auto.i62"/></StgValue>
</bind>
</comp>

<comp id="12" class="1001" name="const_12">
<pin_list>
<pin id="13" dir="1" index="0" bw="1" slack="0"/>
</pin_list>
<bind>
<StgValue><ssdm name="_ssdm_op_Read.ap_auto.i32"/></StgValue>
</bind>
</comp>

<comp id="14" class="1001" name="const_14">
<pin_list>
<pin id="15" dir="1" index="0" bw="1" slack="2147483647"/>
</pin_list>
<bind>
<StgValue><ssdm name="_ssdm_op_SpecInterface"/></StgValue>
</bind>
</comp>

<comp id="16" class="1001" name="const_16">
<pin_list>
<pin id="17" dir="1" index="0" bw="1" slack="2147483647"/>
</pin_list>
<bind>
<StgValue><ssdm name="empty_10"/></StgValue>
</bind>
</comp>

<comp id="18" class="1001" name="const_18">
<pin_list>
<pin id="19" dir="1" index="0" bw="1" slack="2147483647"/>
</pin_list>
<bind>
<StgValue><ssdm name=""/></StgValue>
</bind>
</comp>

<comp id="20" class="1001" name="const_20">
<pin_list>
<pin id="21" dir="1" index="0" bw="1" slack="2147483647"/>
</pin_list>
<bind>
<StgValue><ssdm name="empty"/></StgValue>
</bind>
</comp>

<comp id="22" class="1001" name="const_22">
<pin_list>
<pin id="23" dir="1" index="0" bw="1" slack="2147483647"/>
</pin_list>
<bind>
<StgValue><ssdm name="empty_5"/></StgValue>
</bind>
</comp>

<comp id="24" class="1001" name="const_24">
<pin_list>
<pin id="25" dir="1" index="0" bw="1" slack="2147483647"/>
</pin_list>
<bind>
<StgValue><ssdm name="empty_1"/></StgValue>
</bind>
</comp>

<comp id="26" class="1001" name="const_26">
<pin_list>
<pin id="27" dir="1" index="0" bw="1" slack="2147483647"/>
</pin_list>
<bind>
<StgValue><ssdm name=""/></StgValue>
</bind>
</comp>

<comp id="28" class="1001" name="const_28">
<pin_list>
<pin id="29" dir="1" index="0" bw="1" slack="2147483647"/>
</pin_list>
<bind>
<StgValue><ssdm name=""/></StgValue>
</bind>
</comp>

<comp id="30" class="1001" name="const_30">
<pin_list>
<pin id="31" dir="1" index="0" bw="1" slack="0"/>
</pin_list>
<bind>
<StgValue><ssdm name=""/></StgValue>
</bind>
</comp>

<comp id="32" class="1001" name="const_32">
<pin_list>
<pin id="33" dir="1" index="0" bw="1" slack="2147483647"/>
</pin_list>
<bind>
<StgValue><ssdm name="_ssdm_op_SpecBitsMap"/></StgValue>
</bind>
</comp>

<comp id="34" class="1001" name="const_34">
<pin_list>
<pin id="35" dir="1" index="0" bw="1" slack="0"/>
</pin_list>
<bind>
<StgValue><ssdm name=""/></StgValue>
</bind>
</comp>

<comp id="36" class="1001" name="const_36">
<pin_list>
<pin id="37" dir="1" index="0" bw="1" slack="0"/>
</pin_list>
<bind>
<StgValue><ssdm name="_ssdm_op_Read.m_axi.p1i32"/></StgValue>
</bind>
</comp>

<comp id="38" class="1001" name="const_38">
<pin_list>
<pin id="39" dir="1" index="0" bw="1" slack="2147483647"/>
</pin_list>
<bind>
<StgValue><ssdm name="_ssdm_op_SpecPipeline"/></StgValue>
</bind>
</comp>

<comp id="40" class="1001" name="const_40">
<pin_list>
<pin id="41" dir="1" index="0" bw="1" slack="2147483647"/>
</pin_list>
<bind>
<StgValue><ssdm name="_ssdm_op_SpecLoopName"/></StgValue>
</bind>
</comp>

<comp id="42" class="1001" name="const_42">
<pin_list>
<pin id="43" dir="1" index="0" bw="1" slack="2147483647"/>
</pin_list>
<bind>
<StgValue><ssdm name="empty_20"/></StgValue>
</bind>
</comp>

<comp id="44" class="1001" name="const_44">
<pin_list>
<pin id="45" dir="1" index="0" bw="1" slack="0"/>
</pin_list>
<bind>
<StgValue><ssdm name=""/></StgValue>
</bind>
</comp>

<comp id="46" class="1004" name="i_fu_46">
<pin_list>
<pin id="47" dir="0" index="0" bw="1" slack="0"/>
<pin id="48" dir="1" index="1" bw="11" slack="0"/>
</pin_list>
<bind>
<opcode="alloca(26) " fcode="alloca"/>
<opset="i/1 "/>
</bind>
</comp>

<comp id="50" class="1004" name="sext_ln23_read_read_fu_50">
<pin_list>
<pin id="51" dir="0" index="0" bw="62" slack="0"/>
<pin id="52" dir="0" index="1" bw="62" slack="0"/>
<pin id="53" dir="1" index="2" bw="62" slack="0"/>
</pin_list>
<bind>
<opcode="read(1150) " fcode="read"/>
<opset="sext_ln23_read/1 "/>
</bind>
</comp>

<comp id="56" class="1004" name="num_cols_read_read_fu_56">
<pin_list>
<pin id="57" dir="0" index="0" bw="32" slack="0"/>
<pin id="58" dir="0" index="1" bw="32" slack="0"/>
<pin id="59" dir="1" index="2" bw="32" slack="0"/>
</pin_list>
<bind>
<opcode="read(1150) " fcode="read"/>
<opset="num_cols_read/1 "/>
</bind>
</comp>

<comp id="62" class="1004" name="gmem3_addr_read_read_fu_62">
<pin_list>
<pin id="63" dir="0" index="0" bw="32" slack="0"/>
<pin id="64" dir="0" index="1" bw="32" slack="0"/>
<pin id="65" dir="1" index="2" bw="32" slack="1"/>
</pin_list>
<bind>
<opcode="read(1150) " fcode="read"/>
<opset="gmem3_addr_read/2 "/>
</bind>
</comp>

<comp id="67" class="1004" name="x_buf_addr_gep_fu_67">
<pin_list>
<pin id="68" dir="0" index="0" bw="32" slack="0"/>
<pin id="69" dir="0" index="1" bw="1" slack="0"/>
<pin id="70" dir="0" index="2" bw="11" slack="0"/>
<pin id="71" dir="1" index="3" bw="10" slack="0"/>
</pin_list>
<bind>
<opcode="getelementptr(29) " fcode="getelementptr"/>
<opset="x_buf_addr/3 "/>
</bind>
</comp>

<comp id="74" class="1004" name="store_ln25_access_fu_74">
<pin_list>
<pin id="75" dir="0" index="0" bw="10" slack="0"/>
<pin id="76" dir="0" index="1" bw="32" slack="0"/>
<pin id="77" dir="0" index="2" bw="0" slack="2147483647"/>
<pin id="78" dir="1" index="3" bw="32" slack="2147483647"/>
</pin_list>
<bind>
<opcode="store(28) " fcode="store"/>
<opset="store_ln25/3 "/>
</bind>
</comp>

<comp id="80" class="1004" name="sext_ln23_cast_fu_80">
<pin_list>
<pin id="81" dir="0" index="0" bw="62" slack="0"/>
<pin id="82" dir="1" index="1" bw="64" slack="1"/>
</pin_list>
<bind>
<opcode="sext(35) " fcode="sext"/>
<opset="sext_ln23_cast/1 "/>
</bind>
</comp>

<comp id="84" class="1004" name="store_ln23_store_fu_84">
<pin_list>
<pin id="85" dir="0" index="0" bw="1" slack="0"/>
<pin id="86" dir="0" index="1" bw="11" slack="0"/>
<pin id="87" dir="1" index="2" bw="0" slack="2147483647"/>
</pin_list>
<bind>
<opcode="store(28) " fcode="store"/>
<opset="store_ln23/1 "/>
</bind>
</comp>

<comp id="89" class="1004" name="i_1_load_fu_89">
<pin_list>
<pin id="90" dir="0" index="0" bw="11" slack="0"/>
<pin id="91" dir="1" index="1" bw="11" slack="0"/>
</pin_list>
<bind>
<opcode="load(27) " fcode="load"/>
<opset="i_1/1 "/>
</bind>
</comp>

<comp id="92" class="1004" name="zext_ln23_fu_92">
<pin_list>
<pin id="93" dir="0" index="0" bw="11" slack="0"/>
<pin id="94" dir="1" index="1" bw="32" slack="0"/>
</pin_list>
<bind>
<opcode="zext(34) " fcode="zext"/>
<opset="zext_ln23/1 "/>
</bind>
</comp>

<comp id="96" class="1004" name="icmp_ln23_fu_96">
<pin_list>
<pin id="97" dir="0" index="0" bw="32" slack="0"/>
<pin id="98" dir="0" index="1" bw="32" slack="0"/>
<pin id="99" dir="1" index="2" bw="1" slack="1"/>
</pin_list>
<bind>
<opcode="icmp(45) " fcode="icmp"/>
<opset="icmp_ln23/1 "/>
</bind>
</comp>

<comp id="102" class="1004" name="add_ln23_fu_102">
<pin_list>
<pin id="103" dir="0" index="0" bw="11" slack="0"/>
<pin id="104" dir="0" index="1" bw="1" slack="0"/>
<pin id="105" dir="1" index="2" bw="11" slack="0"/>
</pin_list>
<bind>
<opcode="add(8) " fcode="add"/>
<opset="add_ln23/1 "/>
</bind>
</comp>

<comp id="108" class="1004" name="store_ln23_store_fu_108">
<pin_list>
<pin id="109" dir="0" index="0" bw="11" slack="0"/>
<pin id="110" dir="0" index="1" bw="11" slack="0"/>
<pin id="111" dir="1" index="2" bw="0" slack="2147483647"/>
</pin_list>
<bind>
<opcode="store(28) " fcode="store"/>
<opset="store_ln23/1 "/>
</bind>
</comp>

<comp id="113" class="1004" name="gmem3_addr_fu_113">
<pin_list>
<pin id="114" dir="0" index="0" bw="64" slack="0"/>
<pin id="115" dir="0" index="1" bw="64" slack="1"/>
<pin id="116" dir="1" index="2" bw="64" slack="0"/>
</pin_list>
<bind>
<opcode="getelementptr(29) " fcode="getelementptr"/>
<opset="gmem3_addr/2 "/>
</bind>
</comp>

<comp id="119" class="1004" name="zext_ln23_1_fu_119">
<pin_list>
<pin id="120" dir="0" index="0" bw="11" slack="2"/>
<pin id="121" dir="1" index="1" bw="64" slack="0"/>
</pin_list>
<bind>
<opcode="zext(34) " fcode="zext"/>
<opset="zext_ln23_1/3 "/>
</bind>
</comp>

<comp id="123" class="1004" name="bitcast_ln25_fu_123">
<pin_list>
<pin id="124" dir="0" index="0" bw="32" slack="1"/>
<pin id="125" dir="1" index="1" bw="32" slack="0"/>
</pin_list>
<bind>
<opcode="bitcast(44) " fcode="bitcast"/>
<opset="bitcast_ln25/3 "/>
</bind>
</comp>

<comp id="127" class="1005" name="i_reg_127">
<pin_list>
<pin id="128" dir="0" index="0" bw="11" slack="0"/>
<pin id="129" dir="1" index="1" bw="11" slack="0"/>
</pin_list>
<bind>
<opset="i "/>
</bind>
</comp>

<comp id="134" class="1005" name="sext_ln23_cast_reg_134">
<pin_list>
<pin id="135" dir="0" index="0" bw="64" slack="1"/>
<pin id="136" dir="1" index="1" bw="64" slack="1"/>
</pin_list>
<bind>
<opset="sext_ln23_cast "/>
</bind>
</comp>

<comp id="139" class="1005" name="i_1_reg_139">
<pin_list>
<pin id="140" dir="0" index="0" bw="11" slack="2"/>
<pin id="141" dir="1" index="1" bw="11" slack="2"/>
</pin_list>
<bind>
<opset="i_1 "/>
</bind>
</comp>

<comp id="144" class="1005" name="icmp_ln23_reg_144">
<pin_list>
<pin id="145" dir="0" index="0" bw="1" slack="1"/>
<pin id="146" dir="1" index="1" bw="1" slack="2147483647"/>
</pin_list>
<bind>
<opset="icmp_ln23 "/>
</bind>
</comp>

<comp id="148" class="1005" name="gmem3_addr_read_reg_148">
<pin_list>
<pin id="149" dir="0" index="0" bw="32" slack="1"/>
<pin id="150" dir="1" index="1" bw="32" slack="1"/>
</pin_list>
<bind>
<opset="gmem3_addr_read "/>
</bind>
</comp>

</comp_list>

<net_list>
<net id="49"><net_src comp="8" pin="0"/><net_sink comp="46" pin=0"/></net>

<net id="54"><net_src comp="10" pin="0"/><net_sink comp="50" pin=0"/></net>

<net id="55"><net_src comp="4" pin="0"/><net_sink comp="50" pin=1"/></net>

<net id="60"><net_src comp="12" pin="0"/><net_sink comp="56" pin=0"/></net>

<net id="61"><net_src comp="2" pin="0"/><net_sink comp="56" pin=1"/></net>

<net id="66"><net_src comp="36" pin="0"/><net_sink comp="62" pin=0"/></net>

<net id="72"><net_src comp="6" pin="0"/><net_sink comp="67" pin=0"/></net>

<net id="73"><net_src comp="44" pin="0"/><net_sink comp="67" pin=1"/></net>

<net id="79"><net_src comp="67" pin="3"/><net_sink comp="74" pin=0"/></net>

<net id="83"><net_src comp="50" pin="2"/><net_sink comp="80" pin=0"/></net>

<net id="88"><net_src comp="30" pin="0"/><net_sink comp="84" pin=0"/></net>

<net id="95"><net_src comp="89" pin="1"/><net_sink comp="92" pin=0"/></net>

<net id="100"><net_src comp="92" pin="1"/><net_sink comp="96" pin=0"/></net>

<net id="101"><net_src comp="56" pin="2"/><net_sink comp="96" pin=1"/></net>

<net id="106"><net_src comp="89" pin="1"/><net_sink comp="102" pin=0"/></net>

<net id="107"><net_src comp="34" pin="0"/><net_sink comp="102" pin=1"/></net>

<net id="112"><net_src comp="102" pin="2"/><net_sink comp="108" pin=0"/></net>

<net id="117"><net_src comp="0" pin="0"/><net_sink comp="113" pin=0"/></net>

<net id="118"><net_src comp="113" pin="2"/><net_sink comp="62" pin=1"/></net>

<net id="122"><net_src comp="119" pin="1"/><net_sink comp="67" pin=2"/></net>

<net id="126"><net_src comp="123" pin="1"/><net_sink comp="74" pin=1"/></net>

<net id="130"><net_src comp="46" pin="1"/><net_sink comp="127" pin=0"/></net>

<net id="131"><net_src comp="127" pin="1"/><net_sink comp="84" pin=1"/></net>

<net id="132"><net_src comp="127" pin="1"/><net_sink comp="89" pin=0"/></net>

<net id="133"><net_src comp="127" pin="1"/><net_sink comp="108" pin=1"/></net>

<net id="137"><net_src comp="80" pin="1"/><net_sink comp="134" pin=0"/></net>

<net id="138"><net_src comp="134" pin="1"/><net_sink comp="113" pin=1"/></net>

<net id="142"><net_src comp="89" pin="1"/><net_sink comp="139" pin=0"/></net>

<net id="143"><net_src comp="139" pin="1"/><net_sink comp="119" pin=0"/></net>

<net id="147"><net_src comp="96" pin="2"/><net_sink comp="144" pin=0"/></net>

<net id="151"><net_src comp="62" pin="2"/><net_sink comp="148" pin=0"/></net>

<net id="152"><net_src comp="148" pin="1"/><net_sink comp="123" pin=0"/></net>

</net_list>

</model> 
---------------- Datapath Model END ------------------

* FSMD analyzer results:
  - Output states:
	Port: gmem3 | {}
	Port: x_buf | {3 }
 - Input state : 
	Port: spmv_csr_Pipeline_READ_X : gmem3 | {2 }
	Port: spmv_csr_Pipeline_READ_X : num_cols | {1 }
	Port: spmv_csr_Pipeline_READ_X : sext_ln23 | {1 }
  - Chain level:
	State 1
		store_ln23 : 1
		i_1 : 1
		zext_ln23 : 2
		icmp_ln23 : 3
		add_ln23 : 2
		br_ln23 : 4
		store_ln23 : 3
	State 2
		gmem3_addr_read : 1
	State 3
		x_buf_addr : 1
		store_ln25 : 2


============================================================
+ Verbose Summary: Datapath Resource usage 
============================================================

* Functional unit list:
|----------|----------------------------|---------|---------|
| Operation|       Functional Unit      |    FF   |   LUT   |
|----------|----------------------------|---------|---------|
|   icmp   |       icmp_ln23_fu_96      |    0    |    39   |
|----------|----------------------------|---------|---------|
|    add   |       add_ln23_fu_102      |    0    |    18   |
|----------|----------------------------|---------|---------|
|          |  sext_ln23_read_read_fu_50 |    0    |    0    |
|   read   |  num_cols_read_read_fu_56  |    0    |    0    |
|          | gmem3_addr_read_read_fu_62 |    0    |    0    |
|----------|----------------------------|---------|---------|
|   sext   |    sext_ln23_cast_fu_80    |    0    |    0    |
|----------|----------------------------|---------|---------|
|   zext   |       zext_ln23_fu_92      |    0    |    0    |
|          |     zext_ln23_1_fu_119     |    0    |    0    |
|----------|----------------------------|---------|---------|
|   Total  |                            |    0    |    57   |
|----------|----------------------------|---------|---------|

Memories:
N/A

* Register list:
+-----------------------+--------+
|                       |   FF   |
+-----------------------+--------+
|gmem3_addr_read_reg_148|   32   |
|      i_1_reg_139      |   11   |
|       i_reg_127       |   11   |
|   icmp_ln23_reg_144   |    1   |
| sext_ln23_cast_reg_134|   64   |
+-----------------------+--------+
|         Total         |   119  |
+-----------------------+--------+

* Multiplexer (MUX) list: 
|--------|------|------|------|--------|
|  Comp  |  Pin | Size |  BW  | S x BW |
|--------|------|------|------|--------|
|  Total |      |      |      |    0   |
|--------|------|------|------|--------|



* Summary:
+-----------+--------+--------+
|           |   FF   |   LUT  |
+-----------+--------+--------+
|  Function |    0   |   57   |
|   Memory  |    -   |    -   |
|Multiplexer|    -   |    -   |
|  Register |   119  |    -   |
+-----------+--------+--------+
|   Total   |   119  |   57   |
+-----------+--------+--------+
