

================================================================
== Vitis HLS Report for 'spmv_csr_Pipeline_L2'
================================================================
* Date:           Thu Apr  9 10:56:51 2026

* Version:        2024.2 (Build 5238294 on Nov  8 2024)
* Project:        spmv_csr
* Solution:       hls (Vivado IP Flow Target)
* Product family: zynquplus
* Target device:  xczu7ev-ffvc1156-2-e


================================================================
== Performance Estimates
================================================================
+ Timing: 
    * Summary: 
    +--------+----------+----------+------------+
    |  Clock |  Target  | Estimated| Uncertainty|
    +--------+----------+----------+------------+
    |ap_clk  |  10.00 ns|  7.300 ns|     2.70 ns|
    +--------+----------+----------+------------+

+ Latency: 
    * Summary: 
    +---------+---------+----------+----------+-----+-----+------------------------------------------------+
    |  Latency (cycles) |  Latency (absolute) |  Interval |                    Pipeline                    |
    |   min   |   max   |    min   |    max   | min | max |                      Type                      |
    +---------+---------+----------+----------+-----+-----+------------------------------------------------+
    |        ?|        ?|         ?|         ?|    0|    0|  loop auto-rewind stp (delay=0 clock cycles(s))|
    +---------+---------+----------+----------+-----+-----+------------------------------------------------+

    + Detail: 
        * Instance: 
        N/A

        * Loop: 
        +----------+---------+---------+----------+-----------+-----------+------+----------+
        |          |  Latency (cycles) | Iteration|  Initiation Interval  | Trip |          |
        | Loop Name|   min   |   max   |  Latency |  achieved |   target  | Count| Pipelined|
        +----------+---------+---------+----------+-----------+-----------+------+----------+
        |- L2      |        ?|        ?|        11|          3|          1|     ?|       yes|
        +----------+---------+---------+----------+-----------+-----------+------+----------+

============================================================
+ Verbose Summary: Synthesis Manager
============================================================
InlineROM: 1
ExposeGlobal: 0
============================================================
+ Verbose Summary: CDFG Model
============================================================
IsTopModel: 0
ResetActiveHigh: 1
IsCombinational: 0
IsDatapathOnly: 0
HasWiredReturn: 1
HasMFsm: 2
HasVarLatency: 1
IsPipeline: 0
IsRtlPipelined: 0
IsInstanceOverlapped: 0
IsDontTouch: 0
HasImplIP: 0
IsGatedGlobalClock: 0

+ Individual pipeline summary: 
  * Pipeline-0: initiation interval (II) = 3, depth = 12


============================================================
+ Verbose Summary: Schedule
============================================================
* Number of FSM states : 12
* Pipeline : 1
  Pipeline-0 : II = 3, D = 12, States = { 1 2 3 4 5 6 7 8 9 10 11 12 }
* Dataflow Pipeline: 0

* FSM state transitions: 
1 --> 2 
2 --> 3 
3 --> 4 
4 --> 5 
5 --> 6 
6 --> 7 
7 --> 8 
8 --> 9 
9 --> 10 
10 --> 11 
11 --> 12 
12 --> 

* FSM state operations: 

State 1 <SV = 0> <Delay = 0.42>
ST_1 : Operation 14 [1/1] (0.00ns)   --->   "%sum = alloca i32 1" [../src/spmv_csr.cpp:30]   --->   Operation 14 'alloca' 'sum' <Predicate = true> <Delay = 0.00>
ST_1 : Operation 15 [1/1] (0.00ns)   --->   "%j = alloca i32 1" [../src/spmv_csr.cpp:36]   --->   Operation 15 'alloca' 'j' <Predicate = true> <Delay = 0.00>
ST_1 : Operation 16 [1/1] (0.00ns)   --->   "%sext_ln36_2_read = read i62 @_ssdm_op_Read.ap_auto.i62, i62 %sext_ln36_2"   --->   Operation 16 'read' 'sext_ln36_2_read' <Predicate = true> <Delay = 0.00>
ST_1 : Operation 17 [1/1] (0.00ns)   --->   "%sext_ln36_1_read = read i62 @_ssdm_op_Read.ap_auto.i62, i62 %sext_ln36_1"   --->   Operation 17 'read' 'sext_ln36_1_read' <Predicate = true> <Delay = 0.00>
ST_1 : Operation 18 [1/1] (0.00ns)   --->   "%wide_trip_count_read = read i32 @_ssdm_op_Read.ap_auto.i32, i32 %wide_trip_count"   --->   Operation 18 'read' 'wide_trip_count_read' <Predicate = true> <Delay = 0.00>
ST_1 : Operation 19 [1/1] (0.00ns)   --->   "%sext_ln36_read = read i32 @_ssdm_op_Read.ap_auto.i32, i32 %sext_ln36"   --->   Operation 19 'read' 'sext_ln36_read' <Predicate = true> <Delay = 0.00>
ST_1 : Operation 20 [1/1] (0.00ns)   --->   "%sext_ln36_2_cast = sext i62 %sext_ln36_2_read"   --->   Operation 20 'sext' 'sext_ln36_2_cast' <Predicate = true> <Delay = 0.00>
ST_1 : Operation 21 [1/1] (0.00ns)   --->   "%sext_ln36_1_cast = sext i62 %sext_ln36_1_read"   --->   Operation 21 'sext' 'sext_ln36_1_cast' <Predicate = true> <Delay = 0.00>
ST_1 : Operation 22 [1/1] (0.00ns)   --->   "%wide_trip_count_cast = sext i32 %wide_trip_count_read"   --->   Operation 22 'sext' 'wide_trip_count_cast' <Predicate = true> <Delay = 0.00>
ST_1 : Operation 23 [1/1] (0.00ns)   --->   "%sext_ln36_cast = sext i32 %sext_ln36_read"   --->   Operation 23 'sext' 'sext_ln36_cast' <Predicate = true> <Delay = 0.00>
ST_1 : Operation 24 [1/1] (0.00ns)   --->   "%specinterface_ln0 = specinterface void @_ssdm_op_SpecInterface, i32 %gmem2, void @empty_10, i32 0, i32 0, void @empty, i32 0, i32 0, void @empty_3, void @empty_1, void @empty, i32 16, i32 16, i32 16, i32 16, void @empty, void @empty, i32 4294967295, i32 0, i32 0"   --->   Operation 24 'specinterface' 'specinterface_ln0' <Predicate = true> <Delay = 0.00>
ST_1 : Operation 25 [1/1] (0.00ns)   --->   "%specinterface_ln0 = specinterface void @_ssdm_op_SpecInterface, i32 %gmem1, void @empty_10, i32 0, i32 0, void @empty, i32 0, i32 0, void @empty_2, void @empty_1, void @empty, i32 16, i32 16, i32 16, i32 16, void @empty, void @empty, i32 4294967295, i32 0, i32 0"   --->   Operation 25 'specinterface' 'specinterface_ln0' <Predicate = true> <Delay = 0.00>
ST_1 : Operation 26 [1/1] (0.42ns)   --->   "%store_ln36 = store i64 %sext_ln36_cast, i64 %j" [../src/spmv_csr.cpp:36]   --->   Operation 26 'store' 'store_ln36' <Predicate = true> <Delay = 0.42>
ST_1 : Operation 27 [1/1] (0.42ns)   --->   "%store_ln30 = store i32 0, i32 %sum" [../src/spmv_csr.cpp:30]   --->   Operation 27 'store' 'store_ln30' <Predicate = true> <Delay = 0.42>
ST_1 : Operation 28 [1/1] (0.00ns)   --->   "%br_ln0 = br void %for.inc23"   --->   Operation 28 'br' 'br_ln0' <Predicate = true> <Delay = 0.00>

State 2 <SV = 1> <Delay = 1.51>
ST_2 : Operation 29 [1/1] (0.00ns)   --->   "%j_1 = load i64 %j" [../src/spmv_csr.cpp:36]   --->   Operation 29 'load' 'j_1' <Predicate = true> <Delay = 0.00>
ST_2 : Operation 30 [1/1] (0.00ns)   --->   "%specbitsmap_ln0 = specbitsmap void @_ssdm_op_SpecBitsMap, i32 %gmem2"   --->   Operation 30 'specbitsmap' 'specbitsmap_ln0' <Predicate = true> <Delay = 0.00>
ST_2 : Operation 31 [1/1] (0.00ns)   --->   "%specbitsmap_ln0 = specbitsmap void @_ssdm_op_SpecBitsMap, i32 %gmem1"   --->   Operation 31 'specbitsmap' 'specbitsmap_ln0' <Predicate = true> <Delay = 0.00>
ST_2 : Operation 32 [1/1] (1.08ns)   --->   "%icmp_ln36 = icmp_slt  i64 %j_1, i64 %wide_trip_count_cast" [../src/spmv_csr.cpp:36]   --->   Operation 32 'icmp' 'icmp_ln36' <Predicate = true> <Delay = 1.08> <CoreInst = "Cmp">   --->   Core 9 'Cmp' <Latency = 0> <II = 1> <Delay = 1.08> <FuncUnit> <Opcode : 'seteq' 'setne' 'setle' 'setge' 'setlt' 'setgt'> <InPorts = 2> <OutPorts = 1>
ST_2 : Operation 33 [1/1] (0.00ns)   --->   "%br_ln36 = br i1 %icmp_ln36, void %for.inc28.loopexit.exitStub, void %for.inc23.split" [../src/spmv_csr.cpp:36]   --->   Operation 33 'br' 'br_ln36' <Predicate = true> <Delay = 0.00>
ST_2 : Operation 34 [1/1] (1.08ns)   --->   "%add_ln36 = add i64 %j_1, i64 1" [../src/spmv_csr.cpp:36]   --->   Operation 34 'add' 'add_ln36' <Predicate = (icmp_ln36)> <Delay = 1.08> <CoreInst = "Adder">   --->   Core 1 'Adder' <Latency = 0> <II = 1> <Delay = 1.08> <FuncUnit> <Opcode : 'add' 'sub'> <InPorts = 2> <OutPorts = 1>
ST_2 : Operation 35 [1/1] (0.42ns)   --->   "%store_ln36 = store i64 %add_ln36, i64 %j" [../src/spmv_csr.cpp:36]   --->   Operation 35 'store' 'store_ln36' <Predicate = (icmp_ln36)> <Delay = 0.42>

State 3 <SV = 2> <Delay = 7.30>
ST_3 : Operation 36 [1/1] (0.00ns)   --->   "%gmem2_addr = getelementptr i32 %gmem2, i64 %sext_ln36_1_cast" [../src/spmv_csr.cpp:36]   --->   Operation 36 'getelementptr' 'gmem2_addr' <Predicate = (icmp_ln36)> <Delay = 0.00>
ST_3 : Operation 37 [1/1] (0.00ns)   --->   "%gmem1_addr = getelementptr i32 %gmem1, i64 %sext_ln36_2_cast" [../src/spmv_csr.cpp:36]   --->   Operation 37 'getelementptr' 'gmem1_addr' <Predicate = (icmp_ln36)> <Delay = 0.00>
ST_3 : Operation 38 [1/1] (7.30ns)   --->   "%gmem2_addr_read = read i32 @_ssdm_op_Read.m_axi.p1i32, i32 %gmem2_addr" [../src/spmv_csr.cpp:39]   --->   Operation 38 'read' 'gmem2_addr_read' <Predicate = (icmp_ln36)> <Delay = 7.30> <CoreInst = "m_axi">   --->   Core 119 'm_axi' <Latency = 3> <II = 1> <Delay = 1.00> <Adapter> <Opcode : 'read' 'write' 'readreq' 'writereq' 'writeresp'>
ST_3 : Operation 39 [1/1] (7.30ns)   --->   "%col = read i32 @_ssdm_op_Read.m_axi.p1i32, i32 %gmem1_addr" [../src/spmv_csr.cpp:40]   --->   Operation 39 'read' 'col' <Predicate = (icmp_ln36)> <Delay = 7.30> <CoreInst = "m_axi">   --->   Core 119 'm_axi' <Latency = 3> <II = 1> <Delay = 1.00> <Adapter> <Opcode : 'read' 'write' 'readreq' 'writereq' 'writeresp'>

State 4 <SV = 3> <Delay = 1.23>
ST_4 : Operation 40 [1/1] (0.00ns)   --->   "%zext_ln41 = zext i32 %col" [../src/spmv_csr.cpp:41]   --->   Operation 40 'zext' 'zext_ln41' <Predicate = (icmp_ln36)> <Delay = 0.00>
ST_4 : Operation 41 [1/1] (0.00ns)   --->   "%x_buf_addr = getelementptr i32 %x_buf, i64 0, i64 %zext_ln41" [../src/spmv_csr.cpp:41]   --->   Operation 41 'getelementptr' 'x_buf_addr' <Predicate = (icmp_ln36)> <Delay = 0.00>
ST_4 : Operation 42 [2/2] (1.23ns)   --->   "%x_buf_load = load i10 %x_buf_addr" [../src/spmv_csr.cpp:41]   --->   Operation 42 'load' 'x_buf_load' <Predicate = (icmp_ln36)> <Delay = 1.23> <CoreInst = "RAM">   --->   Core 82 'RAM' <Latency = 1> <II = 1> <Delay = 1.23> <Storage> <Opcode : 'load' 'store'> <Ports = 2> <Width = 32> <Depth = 1024> <RAM>

State 5 <SV = 4> <Delay = 1.23>
ST_5 : Operation 43 [1/2] ( I:1.23ns O:1.23ns )   --->   "%x_buf_load = load i10 %x_buf_addr" [../src/spmv_csr.cpp:41]   --->   Operation 43 'load' 'x_buf_load' <Predicate = true> <Delay = 1.23> <CoreInst = "RAM">   --->   Core 82 'RAM' <Latency = 1> <II = 1> <Delay = 1.23> <Storage> <Opcode : 'load' 'store'> <Ports = 2> <Width = 32> <Depth = 1024> <RAM>

State 6 <SV = 5> <Delay = 7.01>
ST_6 : Operation 44 [1/1] (0.00ns)   --->   "%val = bitcast i32 %gmem2_addr_read" [../src/spmv_csr.cpp:39]   --->   Operation 44 'bitcast' 'val' <Predicate = true> <Delay = 0.00>
ST_6 : Operation 45 [3/3] (7.01ns)   --->   "%mul = fmul i32 %val, i32 %x_buf_load" [../src/spmv_csr.cpp:41]   --->   Operation 45 'fmul' 'mul' <Predicate = true> <Delay = 7.01> <CoreInst = "FMul_maxdsp">   --->   Core 30 'FMul_maxdsp' <Latency = 2> <II = 1> <Delay = 7.01> <FuncUnit> <Opcode : 'fmul'> <InPorts = 2> <OutPorts = 1>

State 7 <SV = 6> <Delay = 7.01>
ST_7 : Operation 46 [2/3] (7.01ns)   --->   "%mul = fmul i32 %val, i32 %x_buf_load" [../src/spmv_csr.cpp:41]   --->   Operation 46 'fmul' 'mul' <Predicate = true> <Delay = 7.01> <CoreInst = "FMul_maxdsp">   --->   Core 30 'FMul_maxdsp' <Latency = 2> <II = 1> <Delay = 7.01> <FuncUnit> <Opcode : 'fmul'> <InPorts = 2> <OutPorts = 1>

State 8 <SV = 7> <Delay = 7.01>
ST_8 : Operation 47 [1/3] (7.01ns)   --->   "%mul = fmul i32 %val, i32 %x_buf_load" [../src/spmv_csr.cpp:41]   --->   Operation 47 'fmul' 'mul' <Predicate = true> <Delay = 7.01> <CoreInst = "FMul_maxdsp">   --->   Core 30 'FMul_maxdsp' <Latency = 2> <II = 1> <Delay = 7.01> <FuncUnit> <Opcode : 'fmul'> <InPorts = 2> <OutPorts = 1>

State 9 <SV = 8> <Delay = 6.43>
ST_9 : Operation 48 [1/1] (0.00ns)   --->   "%sum_load = load i32 %sum" [../src/spmv_csr.cpp:41]   --->   Operation 48 'load' 'sum_load' <Predicate = true> <Delay = 0.00>
ST_9 : Operation 49 [4/4] (6.43ns)   --->   "%sum_1 = fadd i32 %sum_load, i32 %mul" [../src/spmv_csr.cpp:41]   --->   Operation 49 'fadd' 'sum_1' <Predicate = true> <Delay = 6.43> <CoreInst = "FAddSub_fulldsp">   --->   Core 18 'FAddSub_fulldsp' <Latency = 3> <II = 1> <Delay = 6.43> <FuncUnit> <Opcode : 'fadd' 'fsub'> <InPorts = 2> <OutPorts = 1>
ST_9 : Operation 57 [1/1] (0.00ns)   --->   "%sum_load_1 = load i32 %sum"   --->   Operation 57 'load' 'sum_load_1' <Predicate = (!icmp_ln36)> <Delay = 0.00>
ST_9 : Operation 58 [1/1] (0.00ns)   --->   "%write_ln0 = write void @_ssdm_op_Write.ap_auto.floatP0A, i32 %sum_out, i32 %sum_load_1"   --->   Operation 58 'write' 'write_ln0' <Predicate = (!icmp_ln36)> <Delay = 0.00>
ST_9 : Operation 59 [1/1] (0.42ns)   --->   "%ret_ln0 = ret"   --->   Operation 59 'ret' 'ret_ln0' <Predicate = (!icmp_ln36)> <Delay = 0.42>

State 10 <SV = 9> <Delay = 6.43>
ST_10 : Operation 50 [3/4] (6.43ns)   --->   "%sum_1 = fadd i32 %sum_load, i32 %mul" [../src/spmv_csr.cpp:41]   --->   Operation 50 'fadd' 'sum_1' <Predicate = true> <Delay = 6.43> <CoreInst = "FAddSub_fulldsp">   --->   Core 18 'FAddSub_fulldsp' <Latency = 3> <II = 1> <Delay = 6.43> <FuncUnit> <Opcode : 'fadd' 'fsub'> <InPorts = 2> <OutPorts = 1>

State 11 <SV = 10> <Delay = 6.43>
ST_11 : Operation 51 [2/4] (6.43ns)   --->   "%sum_1 = fadd i32 %sum_load, i32 %mul" [../src/spmv_csr.cpp:41]   --->   Operation 51 'fadd' 'sum_1' <Predicate = true> <Delay = 6.43> <CoreInst = "FAddSub_fulldsp">   --->   Core 18 'FAddSub_fulldsp' <Latency = 3> <II = 1> <Delay = 6.43> <FuncUnit> <Opcode : 'fadd' 'fsub'> <InPorts = 2> <OutPorts = 1>

State 12 <SV = 11> <Delay = 6.86>
ST_12 : Operation 52 [1/1] (0.00ns)   --->   "%specpipeline_ln37 = specpipeline void @_ssdm_op_SpecPipeline, i32 1, i32 0, i32 0, i32 0, void @empty" [../src/spmv_csr.cpp:37]   --->   Operation 52 'specpipeline' 'specpipeline_ln37' <Predicate = true> <Delay = 0.00>
ST_12 : Operation 53 [1/1] (0.00ns)   --->   "%specloopname_ln36 = specloopname void @_ssdm_op_SpecLoopName, void @empty_18" [../src/spmv_csr.cpp:36]   --->   Operation 53 'specloopname' 'specloopname_ln36' <Predicate = true> <Delay = 0.00>
ST_12 : Operation 54 [1/4] (6.43ns)   --->   "%sum_1 = fadd i32 %sum_load, i32 %mul" [../src/spmv_csr.cpp:41]   --->   Operation 54 'fadd' 'sum_1' <Predicate = true> <Delay = 6.43> <CoreInst = "FAddSub_fulldsp">   --->   Core 18 'FAddSub_fulldsp' <Latency = 3> <II = 1> <Delay = 6.43> <FuncUnit> <Opcode : 'fadd' 'fsub'> <InPorts = 2> <OutPorts = 1>
ST_12 : Operation 55 [1/1] (0.42ns)   --->   "%store_ln30 = store i32 %sum_1, i32 %sum" [../src/spmv_csr.cpp:30]   --->   Operation 55 'store' 'store_ln30' <Predicate = true> <Delay = 0.42>
ST_12 : Operation 56 [1/1] (0.00ns)   --->   "%br_ln36 = br void %for.inc23" [../src/spmv_csr.cpp:36]   --->   Operation 56 'br' 'br_ln36' <Predicate = true> <Delay = 0.00>


============================================================
+ Verbose Summary: Timing violations
============================================================
Target clock period: 10.000ns, clock uncertainty: 2.700ns.

 <State 1>: 0.427ns
The critical path consists of the following:
	'alloca' operation 64 bit ('j', ../src/spmv_csr.cpp:36) [10]  (0.000 ns)
	'store' operation 0 bit ('store_ln36', ../src/spmv_csr.cpp:36) of variable 'sext_ln36_cast' on local variable 'j', ../src/spmv_csr.cpp:36 [21]  (0.427 ns)

 <State 2>: 1.512ns
The critical path consists of the following:
	'load' operation 64 bit ('j', ../src/spmv_csr.cpp:36) on local variable 'j', ../src/spmv_csr.cpp:36 [25]  (0.000 ns)
	'icmp' operation 1 bit ('icmp_ln36', ../src/spmv_csr.cpp:36) [28]  (1.085 ns)
	'store' operation 0 bit ('store_ln36', ../src/spmv_csr.cpp:36) of variable 'add_ln36', ../src/spmv_csr.cpp:36 on local variable 'j', ../src/spmv_csr.cpp:36 [45]  (0.427 ns)

 <State 3>: 7.300ns
The critical path consists of the following:
	'getelementptr' operation 32 bit ('gmem2_addr', ../src/spmv_csr.cpp:36) [32]  (0.000 ns)
	bus read operation ('gmem2_addr_read', ../src/spmv_csr.cpp:39) on port 'gmem2' (../src/spmv_csr.cpp:39) [36]  (7.300 ns)

 <State 4>: 1.237ns
The critical path consists of the following:
	'getelementptr' operation 10 bit ('x_buf_addr', ../src/spmv_csr.cpp:41) [40]  (0.000 ns)
	'load' operation 32 bit ('x_buf_load', ../src/spmv_csr.cpp:41) on array 'x_buf' [41]  (1.237 ns)

 <State 5>: 1.237ns
The critical path consists of the following:
	'load' operation 32 bit ('x_buf_load', ../src/spmv_csr.cpp:41) on array 'x_buf' [41]  (1.237 ns)

 <State 6>: 7.016ns
The critical path consists of the following:
	'fmul' operation 32 bit ('mul', ../src/spmv_csr.cpp:41) [42]  (7.016 ns)

 <State 7>: 7.016ns
The critical path consists of the following:
	'fmul' operation 32 bit ('mul', ../src/spmv_csr.cpp:41) [42]  (7.016 ns)

 <State 8>: 7.016ns
The critical path consists of the following:
	'fmul' operation 32 bit ('mul', ../src/spmv_csr.cpp:41) [42]  (7.016 ns)

 <State 9>: 6.437ns
The critical path consists of the following:
	'load' operation 32 bit ('sum_load', ../src/spmv_csr.cpp:41) on local variable 'sum', ../src/spmv_csr.cpp:30 [31]  (0.000 ns)
	'fadd' operation 32 bit ('sum', ../src/spmv_csr.cpp:41) [43]  (6.437 ns)

 <State 10>: 6.437ns
The critical path consists of the following:
	'fadd' operation 32 bit ('sum', ../src/spmv_csr.cpp:41) [43]  (6.437 ns)

 <State 11>: 6.437ns
The critical path consists of the following:
	'fadd' operation 32 bit ('sum', ../src/spmv_csr.cpp:41) [43]  (6.437 ns)

 <State 12>: 6.864ns
The critical path consists of the following:
	'fadd' operation 32 bit ('sum', ../src/spmv_csr.cpp:41) [43]  (6.437 ns)
	'store' operation 0 bit ('store_ln30', ../src/spmv_csr.cpp:30) of variable 'sum', ../src/spmv_csr.cpp:41 on local variable 'sum', ../src/spmv_csr.cpp:30 [46]  (0.427 ns)


============================================================
+ Verbose Summary: Binding
============================================================
N/A
* FSMD analyzer results:
  - Output states:
 - Input state : 
  - Chain level:
	State 1
	State 2
	State 3
	State 4
	State 5
	State 6
	State 7
	State 8
	State 9
	State 10
	State 11
	State 12


============================================================
+ Verbose Summary: Datapath Resource usage 
============================================================
N/A
