

================================================================
== Vitis HLS Report for 'spmv_csr_Pipeline_L2'
================================================================
* Date:           Thu Apr  9 10:56:51 2026

* Version:        2024.2 (Build 5238294 on Nov  8 2024)
* Project:        spmv_csr
* Solution:       hls (Vivado IP Flow Target)
* Product family: zynquplus
* Target device:  xczu7ev-ffvc1156-2-e


================================================================
== Performance Estimates
================================================================
+ Timing: 
    * Summary: 
    +--------+----------+----------+------------+
    |  Clock |  Target  | Estimated| Uncertainty|
    +--------+----------+----------+------------+
    |ap_clk  |  10.00 ns|  7.300 ns|     2.70 ns|
    +--------+----------+----------+------------+

+ Latency: 
    * Summary: 
    +---------+---------+----------+----------+-----+-----+------------------------------------------------+
    |  Latency (cycles) |  Latency (absolute) |  Interval |                    Pipeline                    |
    |   min   |   max   |    min   |    max   | min | max |                      Type                      |
    +---------+---------+----------+----------+-----+-----+------------------------------------------------+
    |        ?|        ?|         ?|         ?|    0|    0|  loop auto-rewind stp (delay=0 clock cycles(s))|
    +---------+---------+----------+----------+-----+-----+------------------------------------------------+

    + Detail: 
        * Instance: 
        N/A

        * Loop: 
        +----------+---------+---------+----------+-----------+-----------+------+----------+
        |          |  Latency (cycles) | Iteration|  Initiation Interval  | Trip |          |
        | Loop Name|   min   |   max   |  Latency |  achieved |   target  | Count| Pipelined|
        +----------+---------+---------+----------+-----------+-----------+------+----------+
        |- L2      |        ?|        ?|        11|          3|          1|     ?|       yes|
        +----------+---------+---------+----------+-----------+-----------+------+----------+



================================================================
== Utilization Estimates
================================================================
* Summary: 
+-----------------+---------+------+--------+--------+-----+
|       Name      | BRAM_18K|  DSP |   FF   |   LUT  | URAM|
+-----------------+---------+------+--------+--------+-----+
|DSP              |        -|     -|       -|       -|    -|
|Expression       |        -|     -|       0|     154|    -|
|FIFO             |        -|     -|       -|       -|    -|
|Instance         |        -|     5|     355|     349|    -|
|Memory           |        -|     -|       -|       -|    -|
|Multiplexer      |        -|     -|       0|      92|    -|
|Register         |        -|     -|     366|      32|    -|
+-----------------+---------+------+--------+--------+-----+
|Total            |        0|     5|     721|     627|    0|
+-----------------+---------+------+--------+--------+-----+
|Available        |      624|  1728|  460800|  230400|   96|
+-----------------+---------+------+--------+--------+-----+
|Utilization (%)  |        0|    ~0|      ~0|      ~0|    0|
+-----------------+---------+------+--------+--------+-----+

+ Detail: 
    * Instance: 
    +-----------------------------------+--------------------------------+---------+----+-----+-----+-----+
    |              Instance             |             Module             | BRAM_18K| DSP|  FF | LUT | URAM|
    +-----------------------------------+--------------------------------+---------+----+-----+-----+-----+
    |fadd_32ns_32ns_32_4_full_dsp_1_U5  |fadd_32ns_32ns_32_4_full_dsp_1  |        0|   2|  227|  214|    0|
    |fmul_32ns_32ns_32_3_max_dsp_1_U6   |fmul_32ns_32ns_32_3_max_dsp_1   |        0|   3|  128|  135|    0|
    +-----------------------------------+--------------------------------+---------+----+-----+-----+-----+
    |Total                              |                                |        0|   5|  355|  349|    0|
    +-----------------------------------+--------------------------------+---------+----+-----+-----+-----+

    * DSP: 
    N/A

    * Memory: 
    N/A

    * FIFO: 
    N/A

    * Expression: 
    +---------------------------------------+----------+----+---+----+------------+------------+
    |             Variable Name             | Operation| DSP| FF| LUT| Bitwidth P0| Bitwidth P1|
    +---------------------------------------+----------+----+---+----+------------+------------+
    |add_ln36_fu_162_p2                     |         +|   0|  0|  71|          64|           1|
    |ap_block_pp0_stage2_11001              |       and|   0|  0|   2|           1|           1|
    |ap_block_pp0_stage2_11001_grp1         |       and|   0|  0|   2|           1|           1|
    |ap_block_pp0_stage2_11001_grp2         |       and|   0|  0|   2|           1|           1|
    |ap_block_state3_pp0_stage2_iter0_grp1  |       and|   0|  0|   2|           1|           1|
    |ap_block_state3_pp0_stage2_iter0_grp2  |       and|   0|  0|   2|           1|           1|
    |icmp_ln36_fu_157_p2                    |      icmp|   0|  0|  71|          64|          64|
    |ap_enable_pp0                          |       xor|   0|  0|   2|           1|           2|
    +---------------------------------------+----------+----+---+----+------------+------------+
    |Total                                  |          |   0|  0| 154|         134|          72|
    +---------------------------------------+----------+----+---+----+------------+------------+

    * Multiplexer: 
    +---------------------------+----+-----------+-----+-----------+
    |            Name           | LUT| Input Size| Bits| Total Bits|
    +---------------------------+----+-----------+-----+-----------+
    |ap_NS_fsm                  |  20|          4|    1|          4|
    |ap_done_int                |   9|          2|    1|          2|
    |ap_enable_reg_pp0_iter0    |   9|          2|    1|          2|
    |ap_enable_reg_pp0_iter1    |   9|          2|    1|          2|
    |ap_sig_allocacmp_sum_load  |   9|          2|   32|         64|
    |gmem1_blk_n_R              |   9|          2|    1|          2|
    |gmem2_blk_n_R              |   9|          2|    1|          2|
    |j_fu_62                    |   9|          2|   64|        128|
    |sum_fu_58                  |   9|          2|   32|         64|
    +---------------------------+----+-----------+-----+-----------+
    |Total                      |  92|         20|  134|        270|
    +---------------------------+----+-----------+-----+-----------+

    * Register: 
    +-------------------------------------------+----+----+-----+-----------+
    |                    Name                   | FF | LUT| Bits| Const Bits|
    +-------------------------------------------+----+----+-----+-----------+
    |ap_CS_fsm                                  |   3|   0|    3|          0|
    |ap_block_pp0_stage2_subdone_grp0_done_reg  |   1|   0|    1|          0|
    |ap_block_pp0_stage2_subdone_grp1_done_reg  |   1|   0|    1|          0|
    |ap_block_pp0_stage2_subdone_grp2_done_reg  |   1|   0|    1|          0|
    |ap_done_reg                                |   1|   0|    1|          0|
    |ap_enable_reg_pp0_iter0_reg                |   1|   0|    1|          0|
    |ap_enable_reg_pp0_iter1                    |   1|   0|    1|          0|
    |ap_enable_reg_pp0_iter2                    |   1|   0|    1|          0|
    |ap_enable_reg_pp0_iter3                    |   1|   0|    1|          0|
    |ap_loop_exit_ready_pp0_iter1_reg           |   1|   0|    1|          0|
    |ap_loop_exit_ready_pp0_iter2_reg           |   1|   0|    1|          0|
    |col_reg_245                                |  32|   0|   32|          0|
    |gmem2_addr_read_reg_240                    |  32|   0|   32|          0|
    |icmp_ln36_reg_236                          |   1|   0|    1|          0|
    |j_fu_62                                    |  64|   0|   64|          0|
    |mul_reg_265                                |  32|   0|   32|          0|
    |sum_fu_58                                  |  32|   0|   32|          0|
    |wide_trip_count_cast_reg_231               |  64|   0|   64|          0|
    |x_buf_load_reg_255                         |  32|   0|   32|          0|
    |icmp_ln36_reg_236                          |  64|  32|    1|          0|
    +-------------------------------------------+----+----+-----+-----------+
    |Total                                      | 366|  32|  303|          0|
    +-------------------------------------------+----+----+-----+-----------+



================================================================
== Interface
================================================================
* Summary: 
+------------------------+-----+-----+------------+----------------------+--------------+
|        RTL Ports       | Dir | Bits|  Protocol  |     Source Object    |    C Type    |
+------------------------+-----+-----+------------+----------------------+--------------+
|ap_clk                  |   in|    1|  ap_ctrl_hs|  spmv_csr_Pipeline_L2|  return value|
|ap_rst                  |   in|    1|  ap_ctrl_hs|  spmv_csr_Pipeline_L2|  return value|
|ap_start                |   in|    1|  ap_ctrl_hs|  spmv_csr_Pipeline_L2|  return value|
|ap_done                 |  out|    1|  ap_ctrl_hs|  spmv_csr_Pipeline_L2|  return value|
|ap_idle                 |  out|    1|  ap_ctrl_hs|  spmv_csr_Pipeline_L2|  return value|
|ap_ready                |  out|    1|  ap_ctrl_hs|  spmv_csr_Pipeline_L2|  return value|
|m_axi_gmem2_0_AWVALID   |  out|    1|       m_axi|                 gmem2|       pointer|
|m_axi_gmem2_0_AWREADY   |   in|    1|       m_axi|                 gmem2|       pointer|
|m_axi_gmem2_0_AWADDR    |  out|   64|       m_axi|                 gmem2|       pointer|
|m_axi_gmem2_0_AWID      |  out|    1|       m_axi|                 gmem2|       pointer|
|m_axi_gmem2_0_AWLEN     |  out|   32|       m_axi|                 gmem2|       pointer|
|m_axi_gmem2_0_AWSIZE    |  out|    3|       m_axi|                 gmem2|       pointer|
|m_axi_gmem2_0_AWBURST   |  out|    2|       m_axi|                 gmem2|       pointer|
|m_axi_gmem2_0_AWLOCK    |  out|    2|       m_axi|                 gmem2|       pointer|
|m_axi_gmem2_0_AWCACHE   |  out|    4|       m_axi|                 gmem2|       pointer|
|m_axi_gmem2_0_AWPROT    |  out|    3|       m_axi|                 gmem2|       pointer|
|m_axi_gmem2_0_AWQOS     |  out|    4|       m_axi|                 gmem2|       pointer|
|m_axi_gmem2_0_AWREGION  |  out|    4|       m_axi|                 gmem2|       pointer|
|m_axi_gmem2_0_AWUSER    |  out|    1|       m_axi|                 gmem2|       pointer|
|m_axi_gmem2_0_WVALID    |  out|    1|       m_axi|                 gmem2|       pointer|
|m_axi_gmem2_0_WREADY    |   in|    1|       m_axi|                 gmem2|       pointer|
|m_axi_gmem2_0_WDATA     |  out|   32|       m_axi|                 gmem2|       pointer|
|m_axi_gmem2_0_WSTRB     |  out|    4|       m_axi|                 gmem2|       pointer|
|m_axi_gmem2_0_WLAST     |  out|    1|       m_axi|                 gmem2|       pointer|
|m_axi_gmem2_0_WID       |  out|    1|       m_axi|                 gmem2|       pointer|
|m_axi_gmem2_0_WUSER     |  out|    1|       m_axi|                 gmem2|       pointer|
|m_axi_gmem2_0_ARVALID   |  out|    1|       m_axi|                 gmem2|       pointer|
|m_axi_gmem2_0_ARREADY   |   in|    1|       m_axi|                 gmem2|       pointer|
|m_axi_gmem2_0_ARADDR    |  out|   64|       m_axi|                 gmem2|       pointer|
|m_axi_gmem2_0_ARID      |  out|    1|       m_axi|                 gmem2|       pointer|
|m_axi_gmem2_0_ARLEN     |  out|   32|       m_axi|                 gmem2|       pointer|
|m_axi_gmem2_0_ARSIZE    |  out|    3|       m_axi|                 gmem2|       pointer|
|m_axi_gmem2_0_ARBURST   |  out|    2|       m_axi|                 gmem2|       pointer|
|m_axi_gmem2_0_ARLOCK    |  out|    2|       m_axi|                 gmem2|       pointer|
|m_axi_gmem2_0_ARCACHE   |  out|    4|       m_axi|                 gmem2|       pointer|
|m_axi_gmem2_0_ARPROT    |  out|    3|       m_axi|                 gmem2|       pointer|
|m_axi_gmem2_0_ARQOS     |  out|    4|       m_axi|                 gmem2|       pointer|
|m_axi_gmem2_0_ARREGION  |  out|    4|       m_axi|                 gmem2|       pointer|
|m_axi_gmem2_0_ARUSER    |  out|    1|       m_axi|                 gmem2|       pointer|
|m_axi_gmem2_0_RVALID    |   in|    1|       m_axi|                 gmem2|       pointer|
|m_axi_gmem2_0_RREADY    |  out|    1|       m_axi|                 gmem2|       pointer|
|m_axi_gmem2_0_RDATA     |   in|   32|       m_axi|                 gmem2|       pointer|
|m_axi_gmem2_0_RLAST     |   in|    1|       m_axi|                 gmem2|       pointer|
|m_axi_gmem2_0_RID       |   in|    1|       m_axi|                 gmem2|       pointer|
|m_axi_gmem2_0_RFIFONUM  |   in|    9|       m_axi|                 gmem2|       pointer|
|m_axi_gmem2_0_RUSER     |   in|    1|       m_axi|                 gmem2|       pointer|
|m_axi_gmem2_0_RRESP     |   in|    2|       m_axi|                 gmem2|       pointer|
|m_axi_gmem2_0_BVALID    |   in|    1|       m_axi|                 gmem2|       pointer|
|m_axi_gmem2_0_BREADY    |  out|    1|       m_axi|                 gmem2|       pointer|
|m_axi_gmem2_0_BRESP     |   in|    2|       m_axi|                 gmem2|       pointer|
|m_axi_gmem2_0_BID       |   in|    1|       m_axi|                 gmem2|       pointer|
|m_axi_gmem2_0_BUSER     |   in|    1|       m_axi|                 gmem2|       pointer|
|m_axi_gmem1_0_AWVALID   |  out|    1|       m_axi|                 gmem1|       pointer|
|m_axi_gmem1_0_AWREADY   |   in|    1|       m_axi|                 gmem1|       pointer|
|m_axi_gmem1_0_AWADDR    |  out|   64|       m_axi|                 gmem1|       pointer|
|m_axi_gmem1_0_AWID      |  out|    1|       m_axi|                 gmem1|       pointer|
|m_axi_gmem1_0_AWLEN     |  out|   32|       m_axi|                 gmem1|       pointer|
|m_axi_gmem1_0_AWSIZE    |  out|    3|       m_axi|                 gmem1|       pointer|
|m_axi_gmem1_0_AWBURST   |  out|    2|       m_axi|                 gmem1|       pointer|
|m_axi_gmem1_0_AWLOCK    |  out|    2|       m_axi|                 gmem1|       pointer|
|m_axi_gmem1_0_AWCACHE   |  out|    4|       m_axi|                 gmem1|       pointer|
|m_axi_gmem1_0_AWPROT    |  out|    3|       m_axi|                 gmem1|       pointer|
|m_axi_gmem1_0_AWQOS     |  out|    4|       m_axi|                 gmem1|       pointer|
|m_axi_gmem1_0_AWREGION  |  out|    4|       m_axi|                 gmem1|       pointer|
|m_axi_gmem1_0_AWUSER    |  out|    1|       m_axi|                 gmem1|       pointer|
|m_axi_gmem1_0_WVALID    |  out|    1|       m_axi|                 gmem1|       pointer|
|m_axi_gmem1_0_WREADY    |   in|    1|       m_axi|                 gmem1|       pointer|
|m_axi_gmem1_0_WDATA     |  out|   32|       m_axi|                 gmem1|       pointer|
|m_axi_gmem1_0_WSTRB     |  out|    4|       m_axi|                 gmem1|       pointer|
|m_axi_gmem1_0_WLAST     |  out|    1|       m_axi|                 gmem1|       pointer|
|m_axi_gmem1_0_WID       |  out|    1|       m_axi|                 gmem1|       pointer|
|m_axi_gmem1_0_WUSER     |  out|    1|       m_axi|                 gmem1|       pointer|
|m_axi_gmem1_0_ARVALID   |  out|    1|       m_axi|                 gmem1|       pointer|
|m_axi_gmem1_0_ARREADY   |   in|    1|       m_axi|                 gmem1|       pointer|
|m_axi_gmem1_0_ARADDR    |  out|   64|       m_axi|                 gmem1|       pointer|
|m_axi_gmem1_0_ARID      |  out|    1|       m_axi|                 gmem1|       pointer|
|m_axi_gmem1_0_ARLEN     |  out|   32|       m_axi|                 gmem1|       pointer|
|m_axi_gmem1_0_ARSIZE    |  out|    3|       m_axi|                 gmem1|       pointer|
|m_axi_gmem1_0_ARBURST   |  out|    2|       m_axi|                 gmem1|       pointer|
|m_axi_gmem1_0_ARLOCK    |  out|    2|       m_axi|                 gmem1|       pointer|
|m_axi_gmem1_0_ARCACHE   |  out|    4|       m_axi|                 gmem1|       pointer|
|m_axi_gmem1_0_ARPROT    |  out|    3|       m_axi|                 gmem1|       pointer|
|m_axi_gmem1_0_ARQOS     |  out|    4|       m_axi|                 gmem1|       pointer|
|m_axi_gmem1_0_ARREGION  |  out|    4|       m_axi|                 gmem1|       pointer|
|m_axi_gmem1_0_ARUSER    |  out|    1|       m_axi|                 gmem1|       pointer|
|m_axi_gmem1_0_RVALID    |   in|    1|       m_axi|                 gmem1|       pointer|
|m_axi_gmem1_0_RREADY    |  out|    1|       m_axi|                 gmem1|       pointer|
|m_axi_gmem1_0_RDATA     |   in|   32|       m_axi|                 gmem1|       pointer|
|m_axi_gmem1_0_RLAST     |   in|    1|       m_axi|                 gmem1|       pointer|
|m_axi_gmem1_0_RID       |   in|    1|       m_axi|                 gmem1|       pointer|
|m_axi_gmem1_0_RFIFONUM  |   in|    9|       m_axi|                 gmem1|       pointer|
|m_axi_gmem1_0_RUSER     |   in|    1|       m_axi|                 gmem1|       pointer|
|m_axi_gmem1_0_RRESP     |   in|    2|       m_axi|                 gmem1|       pointer|
|m_axi_gmem1_0_BVALID    |   in|    1|       m_axi|                 gmem1|       pointer|
|m_axi_gmem1_0_BREADY    |  out|    1|       m_axi|                 gmem1|       pointer|
|m_axi_gmem1_0_BRESP     |   in|    2|       m_axi|                 gmem1|       pointer|
|m_axi_gmem1_0_BID       |   in|    1|       m_axi|                 gmem1|       pointer|
|m_axi_gmem1_0_BUSER     |   in|    1|       m_axi|                 gmem1|       pointer|
|sext_ln36               |   in|   32|     ap_none|             sext_ln36|        scalar|
|wide_trip_count         |   in|   32|     ap_none|       wide_trip_count|        scalar|
|sext_ln36_1             |   in|   62|     ap_none|           sext_ln36_1|        scalar|
|sext_ln36_2             |   in|   62|     ap_none|           sext_ln36_2|        scalar|
|x_buf_address0          |  out|   10|   ap_memory|                 x_buf|         array|
|x_buf_ce0               |  out|    1|   ap_memory|                 x_buf|         array|
|x_buf_q0                |   in|   32|   ap_memory|                 x_buf|         array|
|sum_out                 |  out|   32|      ap_vld|               sum_out|       pointer|
|sum_out_ap_vld          |  out|    1|      ap_vld|               sum_out|       pointer|
+------------------------+-----+-----+------------+----------------------+--------------+

============================================================
+ Verbose Summary: Synthesis Manager
============================================================
InlineROM: 1
ExposeGlobal: 0
============================================================
+ Verbose Summary: CDFG Model
============================================================
IsTopModel: 0
ResetActiveHigh: 1
IsCombinational: 2
IsDatapathOnly: 2
HasWiredReturn: 1
HasMFsm: 2
HasVarLatency: 1
IsPipeline: 0
IsRtlPipelined: 0
IsInstanceOverlapped: 0
IsDontTouch: 0
HasImplIP: 0
IsGatedGlobalClock: 0

+ Individual pipeline summary: 
  * Pipeline-0: initiation interval (II) = 3, depth = 12


============================================================
+ Verbose Summary: Schedule
============================================================
* Number of FSM states : 12
* Pipeline : 1
  Pipeline-0 : II = 3, D = 12, States = { 1 2 3 4 5 6 7 8 9 10 11 12 }
* Dataflow Pipeline: 0

* FSM state transitions: 
1 --> 2 
2 --> 3 
3 --> 4 
4 --> 5 
5 --> 6 
6 --> 7 
7 --> 8 
8 --> 9 
9 --> 10 
10 --> 11 
11 --> 12 
12 --> 

* FSM state operations: 

State 1 <SV = 0> <Delay = 0.42>
ST_1 : Operation 14 [1/1] (0.00ns)   --->   "%sum = alloca i32 1" [../src/spmv_csr.cpp:30]   --->   Operation 14 'alloca' 'sum' <Predicate = true> <Delay = 0.00>
ST_1 : Operation 15 [1/1] (0.00ns)   --->   "%j = alloca i32 1" [../src/spmv_csr.cpp:36]   --->   Operation 15 'alloca' 'j' <Predicate = true> <Delay = 0.00>
ST_1 : Operation 16 [1/1] (0.00ns)   --->   "%sext_ln36_2_read = read i62 @_ssdm_op_Read.ap_auto.i62, i62 %sext_ln36_2"   --->   Operation 16 'read' 'sext_ln36_2_read' <Predicate = true> <Delay = 0.00>
ST_1 : Operation 17 [1/1] (0.00ns)   --->   "%sext_ln36_1_read = read i62 @_ssdm_op_Read.ap_auto.i62, i62 %sext_ln36_1"   --->   Operation 17 'read' 'sext_ln36_1_read' <Predicate = true> <Delay = 0.00>
ST_1 : Operation 18 [1/1] (0.00ns)   --->   "%wide_trip_count_read = read i32 @_ssdm_op_Read.ap_auto.i32, i32 %wide_trip_count"   --->   Operation 18 'read' 'wide_trip_count_read' <Predicate = true> <Delay = 0.00>
ST_1 : Operation 19 [1/1] (0.00ns)   --->   "%sext_ln36_read = read i32 @_ssdm_op_Read.ap_auto.i32, i32 %sext_ln36"   --->   Operation 19 'read' 'sext_ln36_read' <Predicate = true> <Delay = 0.00>
ST_1 : Operation 20 [1/1] (0.00ns)   --->   "%sext_ln36_2_cast = sext i62 %sext_ln36_2_read"   --->   Operation 20 'sext' 'sext_ln36_2_cast' <Predicate = true> <Delay = 0.00>
ST_1 : Operation 21 [1/1] (0.00ns)   --->   "%sext_ln36_1_cast = sext i62 %sext_ln36_1_read"   --->   Operation 21 'sext' 'sext_ln36_1_cast' <Predicate = true> <Delay = 0.00>
ST_1 : Operation 22 [1/1] (0.00ns)   --->   "%wide_trip_count_cast = sext i32 %wide_trip_count_read"   --->   Operation 22 'sext' 'wide_trip_count_cast' <Predicate = true> <Delay = 0.00>
ST_1 : Operation 23 [1/1] (0.00ns)   --->   "%sext_ln36_cast = sext i32 %sext_ln36_read"   --->   Operation 23 'sext' 'sext_ln36_cast' <Predicate = true> <Delay = 0.00>
ST_1 : Operation 24 [1/1] (0.00ns)   --->   "%specinterface_ln0 = specinterface void @_ssdm_op_SpecInterface, i32 %gmem2, void @empty_10, i32 0, i32 0, void @empty, i32 0, i32 0, void @empty_3, void @empty_1, void @empty, i32 16, i32 16, i32 16, i32 16, void @empty, void @empty, i32 4294967295, i32 0, i32 0"   --->   Operation 24 'specinterface' 'specinterface_ln0' <Predicate = true> <Delay = 0.00>
ST_1 : Operation 25 [1/1] (0.00ns)   --->   "%specinterface_ln0 = specinterface void @_ssdm_op_SpecInterface, i32 %gmem1, void @empty_10, i32 0, i32 0, void @empty, i32 0, i32 0, void @empty_2, void @empty_1, void @empty, i32 16, i32 16, i32 16, i32 16, void @empty, void @empty, i32 4294967295, i32 0, i32 0"   --->   Operation 25 'specinterface' 'specinterface_ln0' <Predicate = true> <Delay = 0.00>
ST_1 : Operation 26 [1/1] (0.42ns)   --->   "%store_ln36 = store i64 %sext_ln36_cast, i64 %j" [../src/spmv_csr.cpp:36]   --->   Operation 26 'store' 'store_ln36' <Predicate = true> <Delay = 0.42>
ST_1 : Operation 27 [1/1] (0.42ns)   --->   "%store_ln30 = store i32 0, i32 %sum" [../src/spmv_csr.cpp:30]   --->   Operation 27 'store' 'store_ln30' <Predicate = true> <Delay = 0.42>
ST_1 : Operation 28 [1/1] (0.00ns)   --->   "%br_ln0 = br void %for.inc23"   --->   Operation 28 'br' 'br_ln0' <Predicate = true> <Delay = 0.00>

State 2 <SV = 1> <Delay = 1.51>
ST_2 : Operation 29 [1/1] (0.00ns)   --->   "%j_1 = load i64 %j" [../src/spmv_csr.cpp:36]   --->   Operation 29 'load' 'j_1' <Predicate = true> <Delay = 0.00>
ST_2 : Operation 30 [1/1] (0.00ns)   --->   "%specbitsmap_ln0 = specbitsmap void @_ssdm_op_SpecBitsMap, i32 %gmem2"   --->   Operation 30 'specbitsmap' 'specbitsmap_ln0' <Predicate = true> <Delay = 0.00>
ST_2 : Operation 31 [1/1] (0.00ns)   --->   "%specbitsmap_ln0 = specbitsmap void @_ssdm_op_SpecBitsMap, i32 %gmem1"   --->   Operation 31 'specbitsmap' 'specbitsmap_ln0' <Predicate = true> <Delay = 0.00>
ST_2 : Operation 32 [1/1] (1.08ns)   --->   "%icmp_ln36 = icmp_slt  i64 %j_1, i64 %wide_trip_count_cast" [../src/spmv_csr.cpp:36]   --->   Operation 32 'icmp' 'icmp_ln36' <Predicate = true> <Delay = 1.08> <CoreInst = "Cmp">   --->   Core 9 'Cmp' <Latency = 0> <II = 1> <Delay = 1.08> <FuncUnit> <Opcode : 'seteq' 'setne' 'setle' 'setge' 'setlt' 'setgt'> <InPorts = 2> <OutPorts = 1>
ST_2 : Operation 33 [1/1] (0.00ns)   --->   "%br_ln36 = br i1 %icmp_ln36, void %for.inc28.loopexit.exitStub, void %for.inc23.split" [../src/spmv_csr.cpp:36]   --->   Operation 33 'br' 'br_ln36' <Predicate = true> <Delay = 0.00>
ST_2 : Operation 34 [1/1] (1.08ns)   --->   "%add_ln36 = add i64 %j_1, i64 1" [../src/spmv_csr.cpp:36]   --->   Operation 34 'add' 'add_ln36' <Predicate = (icmp_ln36)> <Delay = 1.08> <CoreInst = "Adder">   --->   Core 1 'Adder' <Latency = 0> <II = 1> <Delay = 1.08> <FuncUnit> <Opcode : 'add' 'sub'> <InPorts = 2> <OutPorts = 1>
ST_2 : Operation 35 [1/1] (0.42ns)   --->   "%store_ln36 = store i64 %add_ln36, i64 %j" [../src/spmv_csr.cpp:36]   --->   Operation 35 'store' 'store_ln36' <Predicate = (icmp_ln36)> <Delay = 0.42>

State 3 <SV = 2> <Delay = 7.30>
ST_3 : Operation 36 [1/1] (0.00ns)   --->   "%gmem2_addr = getelementptr i32 %gmem2, i64 %sext_ln36_1_cast" [../src/spmv_csr.cpp:36]   --->   Operation 36 'getelementptr' 'gmem2_addr' <Predicate = (icmp_ln36)> <Delay = 0.00>
ST_3 : Operation 37 [1/1] (0.00ns)   --->   "%gmem1_addr = getelementptr i32 %gmem1, i64 %sext_ln36_2_cast" [../src/spmv_csr.cpp:36]   --->   Operation 37 'getelementptr' 'gmem1_addr' <Predicate = (icmp_ln36)> <Delay = 0.00>
ST_3 : Operation 38 [1/1] (7.30ns)   --->   "%gmem2_addr_read = read i32 @_ssdm_op_Read.m_axi.p1i32, i64 %gmem2_addr" [../src/spmv_csr.cpp:39]   --->   Operation 38 'read' 'gmem2_addr_read' <Predicate = (icmp_ln36)> <Delay = 7.30> <CoreInst = "m_axi">   --->   Core 119 'm_axi' <Latency = 3> <II = 1> <Delay = 1.00> <Adapter> <Opcode : 'read' 'write' 'readreq' 'writereq' 'writeresp'>
ST_3 : Operation 39 [1/1] (7.30ns)   --->   "%col = read i32 @_ssdm_op_Read.m_axi.p1i32, i64 %gmem1_addr" [../src/spmv_csr.cpp:40]   --->   Operation 39 'read' 'col' <Predicate = (icmp_ln36)> <Delay = 7.30> <CoreInst = "m_axi">   --->   Core 119 'm_axi' <Latency = 3> <II = 1> <Delay = 1.00> <Adapter> <Opcode : 'read' 'write' 'readreq' 'writereq' 'writeresp'>

State 4 <SV = 3> <Delay = 1.23>
ST_4 : Operation 40 [1/1] (0.00ns)   --->   "%zext_ln41 = zext i32 %col" [../src/spmv_csr.cpp:41]   --->   Operation 40 'zext' 'zext_ln41' <Predicate = (icmp_ln36)> <Delay = 0.00>
ST_4 : Operation 41 [1/1] (0.00ns)   --->   "%x_buf_addr = getelementptr i32 %x_buf, i64 0, i64 %zext_ln41" [../src/spmv_csr.cpp:41]   --->   Operation 41 'getelementptr' 'x_buf_addr' <Predicate = (icmp_ln36)> <Delay = 0.00>
ST_4 : Operation 42 [2/2] (1.23ns)   --->   "%x_buf_load = load i10 %x_buf_addr" [../src/spmv_csr.cpp:41]   --->   Operation 42 'load' 'x_buf_load' <Predicate = (icmp_ln36)> <Delay = 1.23> <CoreInst = "RAM">   --->   Core 82 'RAM' <Latency = 1> <II = 1> <Delay = 1.23> <Storage> <Opcode : 'load' 'store'> <Ports = 2> <Width = 32> <Depth = 1024> <RAM>

State 5 <SV = 4> <Delay = 1.23>
ST_5 : Operation 43 [1/2] ( I:1.23ns O:1.23ns )   --->   "%x_buf_load = load i10 %x_buf_addr" [../src/spmv_csr.cpp:41]   --->   Operation 43 'load' 'x_buf_load' <Predicate = true> <Delay = 1.23> <CoreInst = "RAM">   --->   Core 82 'RAM' <Latency = 1> <II = 1> <Delay = 1.23> <Storage> <Opcode : 'load' 'store'> <Ports = 2> <Width = 32> <Depth = 1024> <RAM>

State 6 <SV = 5> <Delay = 7.01>
ST_6 : Operation 44 [1/1] (0.00ns)   --->   "%val = bitcast i32 %gmem2_addr_read" [../src/spmv_csr.cpp:39]   --->   Operation 44 'bitcast' 'val' <Predicate = true> <Delay = 0.00>
ST_6 : Operation 45 [3/3] (7.01ns)   --->   "%mul = fmul i32 %val, i32 %x_buf_load" [../src/spmv_csr.cpp:41]   --->   Operation 45 'fmul' 'mul' <Predicate = true> <Delay = 7.01> <CoreInst = "FMul_maxdsp">   --->   Core 30 'FMul_maxdsp' <Latency = 2> <II = 1> <Delay = 7.01> <FuncUnit> <Opcode : 'fmul'> <InPorts = 2> <OutPorts = 1>

State 7 <SV = 6> <Delay = 7.01>
ST_7 : Operation 46 [2/3] (7.01ns)   --->   "%mul = fmul i32 %val, i32 %x_buf_load" [../src/spmv_csr.cpp:41]   --->   Operation 46 'fmul' 'mul' <Predicate = true> <Delay = 7.01> <CoreInst = "FMul_maxdsp">   --->   Core 30 'FMul_maxdsp' <Latency = 2> <II = 1> <Delay = 7.01> <FuncUnit> <Opcode : 'fmul'> <InPorts = 2> <OutPorts = 1>

State 8 <SV = 7> <Delay = 7.01>
ST_8 : Operation 47 [1/3] (7.01ns)   --->   "%mul = fmul i32 %val, i32 %x_buf_load" [../src/spmv_csr.cpp:41]   --->   Operation 47 'fmul' 'mul' <Predicate = true> <Delay = 7.01> <CoreInst = "FMul_maxdsp">   --->   Core 30 'FMul_maxdsp' <Latency = 2> <II = 1> <Delay = 7.01> <FuncUnit> <Opcode : 'fmul'> <InPorts = 2> <OutPorts = 1>

State 9 <SV = 8> <Delay = 6.43>
ST_9 : Operation 48 [1/1] (0.00ns)   --->   "%sum_load = load i32 %sum" [../src/spmv_csr.cpp:41]   --->   Operation 48 'load' 'sum_load' <Predicate = true> <Delay = 0.00>
ST_9 : Operation 49 [4/4] (6.43ns)   --->   "%sum_1 = fadd i32 %sum_load, i32 %mul" [../src/spmv_csr.cpp:41]   --->   Operation 49 'fadd' 'sum_1' <Predicate = true> <Delay = 6.43> <CoreInst = "FAddSub_fulldsp">   --->   Core 18 'FAddSub_fulldsp' <Latency = 3> <II = 1> <Delay = 6.43> <FuncUnit> <Opcode : 'fadd' 'fsub'> <InPorts = 2> <OutPorts = 1>
ST_9 : Operation 57 [1/1] (0.00ns)   --->   "%sum_load_1 = load i32 %sum"   --->   Operation 57 'load' 'sum_load_1' <Predicate = (!icmp_ln36)> <Delay = 0.00>
ST_9 : Operation 58 [1/1] (0.00ns)   --->   "%write_ln0 = write void @_ssdm_op_Write.ap_auto.floatP0A, i32 %sum_out, i32 %sum_load_1"   --->   Operation 58 'write' 'write_ln0' <Predicate = (!icmp_ln36)> <Delay = 0.00>
ST_9 : Operation 59 [1/1] (0.42ns)   --->   "%ret_ln0 = ret"   --->   Operation 59 'ret' 'ret_ln0' <Predicate = (!icmp_ln36)> <Delay = 0.42>

State 10 <SV = 9> <Delay = 6.43>
ST_10 : Operation 50 [3/4] (6.43ns)   --->   "%sum_1 = fadd i32 %sum_load, i32 %mul" [../src/spmv_csr.cpp:41]   --->   Operation 50 'fadd' 'sum_1' <Predicate = true> <Delay = 6.43> <CoreInst = "FAddSub_fulldsp">   --->   Core 18 'FAddSub_fulldsp' <Latency = 3> <II = 1> <Delay = 6.43> <FuncUnit> <Opcode : 'fadd' 'fsub'> <InPorts = 2> <OutPorts = 1>

State 11 <SV = 10> <Delay = 6.43>
ST_11 : Operation 51 [2/4] (6.43ns)   --->   "%sum_1 = fadd i32 %sum_load, i32 %mul" [../src/spmv_csr.cpp:41]   --->   Operation 51 'fadd' 'sum_1' <Predicate = true> <Delay = 6.43> <CoreInst = "FAddSub_fulldsp">   --->   Core 18 'FAddSub_fulldsp' <Latency = 3> <II = 1> <Delay = 6.43> <FuncUnit> <Opcode : 'fadd' 'fsub'> <InPorts = 2> <OutPorts = 1>

State 12 <SV = 11> <Delay = 6.86>
ST_12 : Operation 52 [1/1] (0.00ns)   --->   "%specpipeline_ln37 = specpipeline void @_ssdm_op_SpecPipeline, i32 1, i32 0, i32 0, i32 0, void @empty" [../src/spmv_csr.cpp:37]   --->   Operation 52 'specpipeline' 'specpipeline_ln37' <Predicate = true> <Delay = 0.00>
ST_12 : Operation 53 [1/1] (0.00ns)   --->   "%specloopname_ln36 = specloopname void @_ssdm_op_SpecLoopName, void @empty_18" [../src/spmv_csr.cpp:36]   --->   Operation 53 'specloopname' 'specloopname_ln36' <Predicate = true> <Delay = 0.00>
ST_12 : Operation 54 [1/4] (6.43ns)   --->   "%sum_1 = fadd i32 %sum_load, i32 %mul" [../src/spmv_csr.cpp:41]   --->   Operation 54 'fadd' 'sum_1' <Predicate = true> <Delay = 6.43> <CoreInst = "FAddSub_fulldsp">   --->   Core 18 'FAddSub_fulldsp' <Latency = 3> <II = 1> <Delay = 6.43> <FuncUnit> <Opcode : 'fadd' 'fsub'> <InPorts = 2> <OutPorts = 1>
ST_12 : Operation 55 [1/1] (0.42ns)   --->   "%store_ln30 = store i32 %sum_1, i32 %sum" [../src/spmv_csr.cpp:30]   --->   Operation 55 'store' 'store_ln30' <Predicate = true> <Delay = 0.42>
ST_12 : Operation 56 [1/1] (0.00ns)   --->   "%br_ln36 = br void %for.inc23" [../src/spmv_csr.cpp:36]   --->   Operation 56 'br' 'br_ln36' <Predicate = true> <Delay = 0.00>


============================================================
+ Verbose Summary: Binding
============================================================
STG Binding: 
---------------- STG Properties BEGIN ----------------
- Is combinational: 0
- Is one-state seq: 0
- Is datapath-only: 0
- Is pipelined: 0
- Is top level: 0
Port [ Return ] is wired: 1; IO mode=ap_ctrl_hs:ce=0
Port [ sext_ln36]:  wired=1; compound=0; hidden=0; nouse=0; global=0; static=0; extern=0; dir=0; type=0; pingpong=0; private_global=0; IO mode=ap_none:ce=0
Port [ gmem2]:  wired=1; compound=1; hidden=0; nouse=0; global=0; static=0; extern=0; dir=0; type=4; pingpong=0; private_global=0; IO mode=m_axi:ce=0
Port [ gmem1]:  wired=1; compound=1; hidden=0; nouse=0; global=0; static=0; extern=0; dir=0; type=4; pingpong=0; private_global=0; IO mode=m_axi:ce=0
Port [ wide_trip_count]:  wired=1; compound=0; hidden=0; nouse=0; global=0; static=0; extern=0; dir=0; type=0; pingpong=0; private_global=0; IO mode=ap_none:ce=0
Port [ sext_ln36_1]:  wired=1; compound=0; hidden=0; nouse=0; global=0; static=0; extern=0; dir=0; type=0; pingpong=0; private_global=0; IO mode=ap_none:ce=0
Port [ sext_ln36_2]:  wired=1; compound=0; hidden=0; nouse=0; global=0; static=0; extern=0; dir=0; type=0; pingpong=0; private_global=0; IO mode=ap_none:ce=0
Port [ x_buf]:  wired=1; compound=1; hidden=0; nouse=0; global=0; static=0; extern=0; dir=0; type=1; pingpong=0; private_global=0; MemPort=[13]; IO mode=ap_memory:ce=0
Port [ sum_out]:  wired=1; compound=0; hidden=0; nouse=0; global=0; static=0; extern=0; dir=1; type=0; pingpong=0; private_global=0; IO mode=ap_vld:ce=0
---------------- STG Properties END ------------------

---------------- Datapath Model BEGIN ----------------

<LifeTime>
<method=bitvector/>
sum                  (alloca       ) [ 0111111111111]
j                    (alloca       ) [ 0110000000000]
sext_ln36_2_read     (read         ) [ 0000000000000]
sext_ln36_1_read     (read         ) [ 0000000000000]
wide_trip_count_read (read         ) [ 0000000000000]
sext_ln36_read       (read         ) [ 0000000000000]
sext_ln36_2_cast     (sext         ) [ 0011000000000]
sext_ln36_1_cast     (sext         ) [ 0011000000000]
wide_trip_count_cast (sext         ) [ 0010000000000]
sext_ln36_cast       (sext         ) [ 0000000000000]
specinterface_ln0    (specinterface) [ 0000000000000]
specinterface_ln0    (specinterface) [ 0000000000000]
store_ln36           (store        ) [ 0000000000000]
store_ln30           (store        ) [ 0000000000000]
br_ln0               (br           ) [ 0000000000000]
j_1                  (load         ) [ 0000000000000]
specbitsmap_ln0      (specbitsmap  ) [ 0000000000000]
specbitsmap_ln0      (specbitsmap  ) [ 0000000000000]
icmp_ln36            (icmp         ) [ 0111111111000]
br_ln36              (br           ) [ 0000000000000]
add_ln36             (add          ) [ 0000000000000]
store_ln36           (store        ) [ 0000000000000]
gmem2_addr           (getelementptr) [ 0000000000000]
gmem1_addr           (getelementptr) [ 0000000000000]
gmem2_addr_read      (read         ) [ 0111111000000]
col                  (read         ) [ 0100100000000]
zext_ln41            (zext         ) [ 0000000000000]
x_buf_addr           (getelementptr) [ 0010010000000]
x_buf_load           (load         ) [ 0111001110000]
val                  (bitcast      ) [ 0110000110000]
mul                  (fmul         ) [ 0111000001111]
sum_load             (load         ) [ 0111000000111]
specpipeline_ln37    (specpipeline ) [ 0000000000000]
specloopname_ln36    (specloopname ) [ 0000000000000]
sum_1                (fadd         ) [ 0000000000000]
store_ln30           (store        ) [ 0000000000000]
br_ln36              (br           ) [ 0000000000000]
sum_load_1           (load         ) [ 0000000000000]
write_ln0            (write        ) [ 0000000000000]
ret_ln0              (ret          ) [ 0000000000000]
</LifeTime>

<model>

<comp_list>
<comp id="0" class="1000" name="sext_ln36">
<pin_list>
<pin id="1" dir="1" index="0" bw="1" slack="0"/>
</pin_list>
<bind>
<StgValue><ssdm name="sext_ln36"/></StgValue>
</bind>
</comp>

<comp id="2" class="1000" name="gmem2">
<pin_list>
<pin id="3" dir="1" index="0" bw="1" slack="0"/>
</pin_list>
<bind>
<StgValue><ssdm name="gmem2"/><MemPortTyVec>0 </MemPortTyVec>
</StgValue>
</bind>
</comp>

<comp id="4" class="1000" name="gmem1">
<pin_list>
<pin id="5" dir="1" index="0" bw="1" slack="0"/>
</pin_list>
<bind>
<StgValue><ssdm name="gmem1"/><MemPortTyVec>0 </MemPortTyVec>
</StgValue>
</bind>
</comp>

<comp id="6" class="1000" name="wide_trip_count">
<pin_list>
<pin id="7" dir="1" index="0" bw="1" slack="0"/>
</pin_list>
<bind>
<StgValue><ssdm name="wide_trip_count"/></StgValue>
</bind>
</comp>

<comp id="8" class="1000" name="sext_ln36_1">
<pin_list>
<pin id="9" dir="1" index="0" bw="1" slack="0"/>
</pin_list>
<bind>
<StgValue><ssdm name="sext_ln36_1"/></StgValue>
</bind>
</comp>

<comp id="10" class="1000" name="sext_ln36_2">
<pin_list>
<pin id="11" dir="1" index="0" bw="1" slack="0"/>
</pin_list>
<bind>
<StgValue><ssdm name="sext_ln36_2"/></StgValue>
</bind>
</comp>

<comp id="12" class="1000" name="x_buf">
<pin_list>
<pin id="13" dir="1" index="0" bw="1" slack="0"/>
</pin_list>
<bind>
<StgValue><ssdm name="x_buf"/><MemPortTyVec>1 3 </MemPortTyVec>
</StgValue>
</bind>
</comp>

<comp id="14" class="1000" name="sum_out">
<pin_list>
<pin id="15" dir="1" index="0" bw="1" slack="0"/>
</pin_list>
<bind>
<StgValue><ssdm name="sum_out"/></StgValue>
</bind>
</comp>

<comp id="16" class="1001" name="const_16">
<pin_list>
<pin id="17" dir="1" index="0" bw="1" slack="0"/>
</pin_list>
<bind>
<StgValue><ssdm name=""/></StgValue>
</bind>
</comp>

<comp id="18" class="1001" name="const_18">
<pin_list>
<pin id="19" dir="1" index="0" bw="1" slack="0"/>
</pin_list>
<bind>
<StgValue><ssdm name="_ssdm_op_Read.ap_auto.i62"/></StgValue>
</bind>
</comp>

<comp id="20" class="1001" name="const_20">
<pin_list>
<pin id="21" dir="1" index="0" bw="1" slack="0"/>
</pin_list>
<bind>
<StgValue><ssdm name="_ssdm_op_Read.ap_auto.i32"/></StgValue>
</bind>
</comp>

<comp id="22" class="1001" name="const_22">
<pin_list>
<pin id="23" dir="1" index="0" bw="1" slack="2147483647"/>
</pin_list>
<bind>
<StgValue><ssdm name="_ssdm_op_SpecInterface"/></StgValue>
</bind>
</comp>

<comp id="24" class="1001" name="const_24">
<pin_list>
<pin id="25" dir="1" index="0" bw="1" slack="2147483647"/>
</pin_list>
<bind>
<StgValue><ssdm name="empty_10"/></StgValue>
</bind>
</comp>

<comp id="26" class="1001" name="const_26">
<pin_list>
<pin id="27" dir="1" index="0" bw="1" slack="2147483647"/>
</pin_list>
<bind>
<StgValue><ssdm name=""/></StgValue>
</bind>
</comp>

<comp id="28" class="1001" name="const_28">
<pin_list>
<pin id="29" dir="1" index="0" bw="1" slack="2147483647"/>
</pin_list>
<bind>
<StgValue><ssdm name="empty"/></StgValue>
</bind>
</comp>

<comp id="30" class="1001" name="const_30">
<pin_list>
<pin id="31" dir="1" index="0" bw="1" slack="2147483647"/>
</pin_list>
<bind>
<StgValue><ssdm name="empty_3"/></StgValue>
</bind>
</comp>

<comp id="32" class="1001" name="const_32">
<pin_list>
<pin id="33" dir="1" index="0" bw="1" slack="2147483647"/>
</pin_list>
<bind>
<StgValue><ssdm name="empty_1"/></StgValue>
</bind>
</comp>

<comp id="34" class="1001" name="const_34">
<pin_list>
<pin id="35" dir="1" index="0" bw="1" slack="2147483647"/>
</pin_list>
<bind>
<StgValue><ssdm name=""/></StgValue>
</bind>
</comp>

<comp id="36" class="1001" name="const_36">
<pin_list>
<pin id="37" dir="1" index="0" bw="1" slack="2147483647"/>
</pin_list>
<bind>
<StgValue><ssdm name=""/></StgValue>
</bind>
</comp>

<comp id="38" class="1001" name="const_38">
<pin_list>
<pin id="39" dir="1" index="0" bw="1" slack="2147483647"/>
</pin_list>
<bind>
<StgValue><ssdm name="empty_2"/></StgValue>
</bind>
</comp>

<comp id="40" class="1001" name="const_40">
<pin_list>
<pin id="41" dir="1" index="0" bw="1" slack="0"/>
</pin_list>
<bind>
<StgValue><ssdm name=""/></StgValue>
</bind>
</comp>

<comp id="42" class="1001" name="const_42">
<pin_list>
<pin id="43" dir="1" index="0" bw="1" slack="2147483647"/>
</pin_list>
<bind>
<StgValue><ssdm name="_ssdm_op_SpecBitsMap"/></StgValue>
</bind>
</comp>

<comp id="44" class="1001" name="const_44">
<pin_list>
<pin id="45" dir="1" index="0" bw="1" slack="0"/>
</pin_list>
<bind>
<StgValue><ssdm name=""/></StgValue>
</bind>
</comp>

<comp id="46" class="1001" name="const_46">
<pin_list>
<pin id="47" dir="1" index="0" bw="1" slack="0"/>
</pin_list>
<bind>
<StgValue><ssdm name="_ssdm_op_Read.m_axi.p1i32"/></StgValue>
</bind>
</comp>

<comp id="48" class="1001" name="const_48">
<pin_list>
<pin id="49" dir="1" index="0" bw="1" slack="0"/>
</pin_list>
<bind>
<StgValue><ssdm name=""/></StgValue>
</bind>
</comp>

<comp id="50" class="1001" name="const_50">
<pin_list>
<pin id="51" dir="1" index="0" bw="1" slack="2147483647"/>
</pin_list>
<bind>
<StgValue><ssdm name="_ssdm_op_SpecPipeline"/></StgValue>
</bind>
</comp>

<comp id="52" class="1001" name="const_52">
<pin_list>
<pin id="53" dir="1" index="0" bw="1" slack="2147483647"/>
</pin_list>
<bind>
<StgValue><ssdm name="_ssdm_op_SpecLoopName"/></StgValue>
</bind>
</comp>

<comp id="54" class="1001" name="const_54">
<pin_list>
<pin id="55" dir="1" index="0" bw="1" slack="2147483647"/>
</pin_list>
<bind>
<StgValue><ssdm name="empty_18"/></StgValue>
</bind>
</comp>

<comp id="56" class="1001" name="const_56">
<pin_list>
<pin id="57" dir="1" index="0" bw="1" slack="0"/>
</pin_list>
<bind>
<StgValue><ssdm name="_ssdm_op_Write.ap_auto.floatP0A"/></StgValue>
</bind>
</comp>

<comp id="58" class="1004" name="sum_fu_58">
<pin_list>
<pin id="59" dir="0" index="0" bw="1" slack="0"/>
<pin id="60" dir="1" index="1" bw="32" slack="0"/>
</pin_list>
<bind>
<opcode="alloca(26) " fcode="alloca"/>
<opset="sum/1 "/>
</bind>
</comp>

<comp id="62" class="1004" name="j_fu_62">
<pin_list>
<pin id="63" dir="0" index="0" bw="1" slack="0"/>
<pin id="64" dir="1" index="1" bw="64" slack="0"/>
</pin_list>
<bind>
<opcode="alloca(26) " fcode="alloca"/>
<opset="j/1 "/>
</bind>
</comp>

<comp id="66" class="1004" name="sext_ln36_2_read_read_fu_66">
<pin_list>
<pin id="67" dir="0" index="0" bw="62" slack="0"/>
<pin id="68" dir="0" index="1" bw="62" slack="0"/>
<pin id="69" dir="1" index="2" bw="62" slack="0"/>
</pin_list>
<bind>
<opcode="read(1150) " fcode="read"/>
<opset="sext_ln36_2_read/1 "/>
</bind>
</comp>

<comp id="72" class="1004" name="sext_ln36_1_read_read_fu_72">
<pin_list>
<pin id="73" dir="0" index="0" bw="62" slack="0"/>
<pin id="74" dir="0" index="1" bw="62" slack="0"/>
<pin id="75" dir="1" index="2" bw="62" slack="0"/>
</pin_list>
<bind>
<opcode="read(1150) " fcode="read"/>
<opset="sext_ln36_1_read/1 "/>
</bind>
</comp>

<comp id="78" class="1004" name="wide_trip_count_read_read_fu_78">
<pin_list>
<pin id="79" dir="0" index="0" bw="32" slack="0"/>
<pin id="80" dir="0" index="1" bw="32" slack="0"/>
<pin id="81" dir="1" index="2" bw="32" slack="0"/>
</pin_list>
<bind>
<opcode="read(1150) " fcode="read"/>
<opset="wide_trip_count_read/1 "/>
</bind>
</comp>

<comp id="84" class="1004" name="sext_ln36_read_read_fu_84">
<pin_list>
<pin id="85" dir="0" index="0" bw="32" slack="0"/>
<pin id="86" dir="0" index="1" bw="32" slack="0"/>
<pin id="87" dir="1" index="2" bw="32" slack="0"/>
</pin_list>
<bind>
<opcode="read(1150) " fcode="read"/>
<opset="sext_ln36_read/1 "/>
</bind>
</comp>

<comp id="90" class="1004" name="gmem2_addr_read_read_fu_90">
<pin_list>
<pin id="91" dir="0" index="0" bw="32" slack="0"/>
<pin id="92" dir="0" index="1" bw="32" slack="0"/>
<pin id="93" dir="1" index="2" bw="32" slack="3"/>
</pin_list>
<bind>
<opcode="read(1150) " fcode="read"/>
<opset="gmem2_addr_read/3 "/>
</bind>
</comp>

<comp id="95" class="1004" name="col_read_fu_95">
<pin_list>
<pin id="96" dir="0" index="0" bw="32" slack="0"/>
<pin id="97" dir="0" index="1" bw="32" slack="0"/>
<pin id="98" dir="1" index="2" bw="32" slack="1"/>
</pin_list>
<bind>
<opcode="read(1150) " fcode="read"/>
<opset="col/3 "/>
</bind>
</comp>

<comp id="100" class="1004" name="write_ln0_write_fu_100">
<pin_list>
<pin id="101" dir="0" index="0" bw="0" slack="0"/>
<pin id="102" dir="0" index="1" bw="32" slack="0"/>
<pin id="103" dir="0" index="2" bw="32" slack="0"/>
<pin id="104" dir="1" index="3" bw="0" slack="2147483647"/>
</pin_list>
<bind>
<opcode="write(1151) " fcode="write"/>
<opset="write_ln0/9 "/>
</bind>
</comp>

<comp id="107" class="1004" name="x_buf_addr_gep_fu_107">
<pin_list>
<pin id="108" dir="0" index="0" bw="32" slack="0"/>
<pin id="109" dir="0" index="1" bw="1" slack="0"/>
<pin id="110" dir="0" index="2" bw="32" slack="0"/>
<pin id="111" dir="1" index="3" bw="10" slack="0"/>
</pin_list>
<bind>
<opcode="getelementptr(29) " fcode="getelementptr"/>
<opset="x_buf_addr/4 "/>
</bind>
</comp>

<comp id="114" class="1004" name="grp_access_fu_114">
<pin_list>
<pin id="115" dir="0" index="0" bw="10" slack="0"/>
<pin id="116" dir="0" index="1" bw="32" slack="2147483647"/>
<pin id="117" dir="0" index="2" bw="0" slack="2147483647"/>
<pin id="118" dir="1" index="3" bw="32" slack="1"/>
</pin_list>
<bind>
<opcode="load(27) " fcode="load"/>
<opset="x_buf_load/4 "/>
</bind>
</comp>

<comp id="120" class="1004" name="grp_fu_120">
<pin_list>
<pin id="121" dir="0" index="0" bw="32" slack="0"/>
<pin id="122" dir="0" index="1" bw="32" slack="1"/>
<pin id="123" dir="1" index="2" bw="32" slack="0"/>
</pin_list>
<bind>
<opcode="fadd(9) " fcode="fadd"/>
<opset="sum_1/9 "/>
</bind>
</comp>

<comp id="124" class="1004" name="grp_fu_124">
<pin_list>
<pin id="125" dir="0" index="0" bw="32" slack="0"/>
<pin id="126" dir="0" index="1" bw="32" slack="1"/>
<pin id="127" dir="1" index="2" bw="32" slack="1"/>
</pin_list>
<bind>
<opcode="fmul(13) " fcode="fmul"/>
<opset="mul/6 "/>
</bind>
</comp>

<comp id="128" class="1004" name="sext_ln36_2_cast_fu_128">
<pin_list>
<pin id="129" dir="0" index="0" bw="62" slack="0"/>
<pin id="130" dir="1" index="1" bw="64" slack="2"/>
</pin_list>
<bind>
<opcode="sext(35) " fcode="sext"/>
<opset="sext_ln36_2_cast/1 "/>
</bind>
</comp>

<comp id="132" class="1004" name="sext_ln36_1_cast_fu_132">
<pin_list>
<pin id="133" dir="0" index="0" bw="62" slack="0"/>
<pin id="134" dir="1" index="1" bw="64" slack="2"/>
</pin_list>
<bind>
<opcode="sext(35) " fcode="sext"/>
<opset="sext_ln36_1_cast/1 "/>
</bind>
</comp>

<comp id="136" class="1004" name="wide_trip_count_cast_fu_136">
<pin_list>
<pin id="137" dir="0" index="0" bw="32" slack="0"/>
<pin id="138" dir="1" index="1" bw="64" slack="1"/>
</pin_list>
<bind>
<opcode="sext(35) " fcode="sext"/>
<opset="wide_trip_count_cast/1 "/>
</bind>
</comp>

<comp id="140" class="1004" name="sext_ln36_cast_fu_140">
<pin_list>
<pin id="141" dir="0" index="0" bw="32" slack="0"/>
<pin id="142" dir="1" index="1" bw="64" slack="0"/>
</pin_list>
<bind>
<opcode="sext(35) " fcode="sext"/>
<opset="sext_ln36_cast/1 "/>
</bind>
</comp>

<comp id="144" class="1004" name="store_ln36_store_fu_144">
<pin_list>
<pin id="145" dir="0" index="0" bw="32" slack="0"/>
<pin id="146" dir="0" index="1" bw="64" slack="0"/>
<pin id="147" dir="1" index="2" bw="0" slack="2147483647"/>
</pin_list>
<bind>
<opcode="store(28) " fcode="store"/>
<opset="store_ln36/1 "/>
</bind>
</comp>

<comp id="149" class="1004" name="store_ln30_store_fu_149">
<pin_list>
<pin id="150" dir="0" index="0" bw="32" slack="0"/>
<pin id="151" dir="0" index="1" bw="32" slack="0"/>
<pin id="152" dir="1" index="2" bw="0" slack="2147483647"/>
</pin_list>
<bind>
<opcode="store(28) " fcode="store"/>
<opset="store_ln30/1 "/>
</bind>
</comp>

<comp id="154" class="1004" name="j_1_load_fu_154">
<pin_list>
<pin id="155" dir="0" index="0" bw="64" slack="1"/>
<pin id="156" dir="1" index="1" bw="64" slack="0"/>
</pin_list>
<bind>
<opcode="load(27) " fcode="load"/>
<opset="j_1/2 "/>
</bind>
</comp>

<comp id="157" class="1004" name="icmp_ln36_fu_157">
<pin_list>
<pin id="158" dir="0" index="0" bw="64" slack="0"/>
<pin id="159" dir="0" index="1" bw="64" slack="1"/>
<pin id="160" dir="1" index="2" bw="1" slack="1"/>
</pin_list>
<bind>
<opcode="icmp(45) " fcode="icmp"/>
<opset="icmp_ln36/2 "/>
</bind>
</comp>

<comp id="162" class="1004" name="add_ln36_fu_162">
<pin_list>
<pin id="163" dir="0" index="0" bw="64" slack="0"/>
<pin id="164" dir="0" index="1" bw="1" slack="0"/>
<pin id="165" dir="1" index="2" bw="64" slack="0"/>
</pin_list>
<bind>
<opcode="add(8) " fcode="add"/>
<opset="add_ln36/2 "/>
</bind>
</comp>

<comp id="168" class="1004" name="store_ln36_store_fu_168">
<pin_list>
<pin id="169" dir="0" index="0" bw="64" slack="0"/>
<pin id="170" dir="0" index="1" bw="64" slack="1"/>
<pin id="171" dir="1" index="2" bw="0" slack="2147483647"/>
</pin_list>
<bind>
<opcode="store(28) " fcode="store"/>
<opset="store_ln36/2 "/>
</bind>
</comp>

<comp id="173" class="1004" name="gmem2_addr_fu_173">
<pin_list>
<pin id="174" dir="0" index="0" bw="64" slack="0"/>
<pin id="175" dir="0" index="1" bw="64" slack="2"/>
<pin id="176" dir="1" index="2" bw="64" slack="0"/>
</pin_list>
<bind>
<opcode="getelementptr(29) " fcode="getelementptr"/>
<opset="gmem2_addr/3 "/>
</bind>
</comp>

<comp id="179" class="1004" name="gmem1_addr_fu_179">
<pin_list>
<pin id="180" dir="0" index="0" bw="64" slack="0"/>
<pin id="181" dir="0" index="1" bw="64" slack="2"/>
<pin id="182" dir="1" index="2" bw="64" slack="0"/>
</pin_list>
<bind>
<opcode="getelementptr(29) " fcode="getelementptr"/>
<opset="gmem1_addr/3 "/>
</bind>
</comp>

<comp id="185" class="1004" name="zext_ln41_fu_185">
<pin_list>
<pin id="186" dir="0" index="0" bw="32" slack="1"/>
<pin id="187" dir="1" index="1" bw="64" slack="0"/>
</pin_list>
<bind>
<opcode="zext(34) " fcode="zext"/>
<opset="zext_ln41/4 "/>
</bind>
</comp>

<comp id="189" class="1004" name="val_fu_189">
<pin_list>
<pin id="190" dir="0" index="0" bw="32" slack="3"/>
<pin id="191" dir="1" index="1" bw="32" slack="0"/>
</pin_list>
<bind>
<opcode="bitcast(44) " fcode="bitcast"/>
<opset="val/6 "/>
</bind>
</comp>

<comp id="193" class="1004" name="sum_load_load_fu_193">
<pin_list>
<pin id="194" dir="0" index="0" bw="32" slack="8"/>
<pin id="195" dir="1" index="1" bw="32" slack="0"/>
</pin_list>
<bind>
<opcode="load(27) " fcode="load"/>
<opset="sum_load/9 "/>
</bind>
</comp>

<comp id="197" class="1004" name="store_ln30_store_fu_197">
<pin_list>
<pin id="198" dir="0" index="0" bw="32" slack="0"/>
<pin id="199" dir="0" index="1" bw="32" slack="11"/>
<pin id="200" dir="1" index="2" bw="0" slack="2147483647"/>
</pin_list>
<bind>
<opcode="store(28) " fcode="store"/>
<opset="store_ln30/12 "/>
</bind>
</comp>

<comp id="202" class="1004" name="sum_load_1_load_fu_202">
<pin_list>
<pin id="203" dir="0" index="0" bw="32" slack="8"/>
<pin id="204" dir="1" index="1" bw="32" slack="0"/>
</pin_list>
<bind>
<opcode="load(27) " fcode="load"/>
<opset="sum_load_1/9 "/>
</bind>
</comp>

<comp id="206" class="1005" name="sum_reg_206">
<pin_list>
<pin id="207" dir="0" index="0" bw="32" slack="0"/>
<pin id="208" dir="1" index="1" bw="32" slack="0"/>
</pin_list>
<bind>
<opset="sum "/>
</bind>
</comp>

<comp id="214" class="1005" name="j_reg_214">
<pin_list>
<pin id="215" dir="0" index="0" bw="64" slack="0"/>
<pin id="216" dir="1" index="1" bw="64" slack="0"/>
</pin_list>
<bind>
<opset="j "/>
</bind>
</comp>

<comp id="221" class="1005" name="sext_ln36_2_cast_reg_221">
<pin_list>
<pin id="222" dir="0" index="0" bw="64" slack="2"/>
<pin id="223" dir="1" index="1" bw="64" slack="2"/>
</pin_list>
<bind>
<opset="sext_ln36_2_cast "/>
</bind>
</comp>

<comp id="226" class="1005" name="sext_ln36_1_cast_reg_226">
<pin_list>
<pin id="227" dir="0" index="0" bw="64" slack="2"/>
<pin id="228" dir="1" index="1" bw="64" slack="2"/>
</pin_list>
<bind>
<opset="sext_ln36_1_cast "/>
</bind>
</comp>

<comp id="231" class="1005" name="wide_trip_count_cast_reg_231">
<pin_list>
<pin id="232" dir="0" index="0" bw="64" slack="1"/>
<pin id="233" dir="1" index="1" bw="64" slack="1"/>
</pin_list>
<bind>
<opset="wide_trip_count_cast "/>
</bind>
</comp>

<comp id="236" class="1005" name="icmp_ln36_reg_236">
<pin_list>
<pin id="237" dir="0" index="0" bw="1" slack="1"/>
<pin id="238" dir="1" index="1" bw="1" slack="2147483647"/>
</pin_list>
<bind>
<opset="icmp_ln36 "/>
</bind>
</comp>

<comp id="240" class="1005" name="gmem2_addr_read_reg_240">
<pin_list>
<pin id="241" dir="0" index="0" bw="32" slack="3"/>
<pin id="242" dir="1" index="1" bw="32" slack="3"/>
</pin_list>
<bind>
<opset="gmem2_addr_read "/>
</bind>
</comp>

<comp id="245" class="1005" name="col_reg_245">
<pin_list>
<pin id="246" dir="0" index="0" bw="32" slack="1"/>
<pin id="247" dir="1" index="1" bw="32" slack="1"/>
</pin_list>
<bind>
<opset="col "/>
</bind>
</comp>

<comp id="250" class="1005" name="x_buf_addr_reg_250">
<pin_list>
<pin id="251" dir="0" index="0" bw="10" slack="1"/>
<pin id="252" dir="1" index="1" bw="10" slack="1"/>
</pin_list>
<bind>
<opset="x_buf_addr "/>
</bind>
</comp>

<comp id="255" class="1005" name="x_buf_load_reg_255">
<pin_list>
<pin id="256" dir="0" index="0" bw="32" slack="1"/>
<pin id="257" dir="1" index="1" bw="32" slack="1"/>
</pin_list>
<bind>
<opset="x_buf_load "/>
</bind>
</comp>

<comp id="260" class="1005" name="val_reg_260">
<pin_list>
<pin id="261" dir="0" index="0" bw="32" slack="1"/>
<pin id="262" dir="1" index="1" bw="32" slack="1"/>
</pin_list>
<bind>
<opset="val "/>
</bind>
</comp>

<comp id="265" class="1005" name="mul_reg_265">
<pin_list>
<pin id="266" dir="0" index="0" bw="32" slack="1"/>
<pin id="267" dir="1" index="1" bw="32" slack="1"/>
</pin_list>
<bind>
<opset="mul "/>
</bind>
</comp>

<comp id="270" class="1005" name="sum_load_reg_270">
<pin_list>
<pin id="271" dir="0" index="0" bw="32" slack="1"/>
<pin id="272" dir="1" index="1" bw="32" slack="1"/>
</pin_list>
<bind>
<opset="sum_load "/>
</bind>
</comp>

</comp_list>

<net_list>
<net id="61"><net_src comp="16" pin="0"/><net_sink comp="58" pin=0"/></net>

<net id="65"><net_src comp="16" pin="0"/><net_sink comp="62" pin=0"/></net>

<net id="70"><net_src comp="18" pin="0"/><net_sink comp="66" pin=0"/></net>

<net id="71"><net_src comp="10" pin="0"/><net_sink comp="66" pin=1"/></net>

<net id="76"><net_src comp="18" pin="0"/><net_sink comp="72" pin=0"/></net>

<net id="77"><net_src comp="8" pin="0"/><net_sink comp="72" pin=1"/></net>

<net id="82"><net_src comp="20" pin="0"/><net_sink comp="78" pin=0"/></net>

<net id="83"><net_src comp="6" pin="0"/><net_sink comp="78" pin=1"/></net>

<net id="88"><net_src comp="20" pin="0"/><net_sink comp="84" pin=0"/></net>

<net id="89"><net_src comp="0" pin="0"/><net_sink comp="84" pin=1"/></net>

<net id="94"><net_src comp="46" pin="0"/><net_sink comp="90" pin=0"/></net>

<net id="99"><net_src comp="46" pin="0"/><net_sink comp="95" pin=0"/></net>

<net id="105"><net_src comp="56" pin="0"/><net_sink comp="100" pin=0"/></net>

<net id="106"><net_src comp="14" pin="0"/><net_sink comp="100" pin=1"/></net>

<net id="112"><net_src comp="12" pin="0"/><net_sink comp="107" pin=0"/></net>

<net id="113"><net_src comp="48" pin="0"/><net_sink comp="107" pin=1"/></net>

<net id="119"><net_src comp="107" pin="3"/><net_sink comp="114" pin=0"/></net>

<net id="131"><net_src comp="66" pin="2"/><net_sink comp="128" pin=0"/></net>

<net id="135"><net_src comp="72" pin="2"/><net_sink comp="132" pin=0"/></net>

<net id="139"><net_src comp="78" pin="2"/><net_sink comp="136" pin=0"/></net>

<net id="143"><net_src comp="84" pin="2"/><net_sink comp="140" pin=0"/></net>

<net id="148"><net_src comp="140" pin="1"/><net_sink comp="144" pin=0"/></net>

<net id="153"><net_src comp="40" pin="0"/><net_sink comp="149" pin=0"/></net>

<net id="161"><net_src comp="154" pin="1"/><net_sink comp="157" pin=0"/></net>

<net id="166"><net_src comp="154" pin="1"/><net_sink comp="162" pin=0"/></net>

<net id="167"><net_src comp="44" pin="0"/><net_sink comp="162" pin=1"/></net>

<net id="172"><net_src comp="162" pin="2"/><net_sink comp="168" pin=0"/></net>

<net id="177"><net_src comp="2" pin="0"/><net_sink comp="173" pin=0"/></net>

<net id="178"><net_src comp="173" pin="2"/><net_sink comp="90" pin=1"/></net>

<net id="183"><net_src comp="4" pin="0"/><net_sink comp="179" pin=0"/></net>

<net id="184"><net_src comp="179" pin="2"/><net_sink comp="95" pin=1"/></net>

<net id="188"><net_src comp="185" pin="1"/><net_sink comp="107" pin=2"/></net>

<net id="192"><net_src comp="189" pin="1"/><net_sink comp="124" pin=0"/></net>

<net id="196"><net_src comp="193" pin="1"/><net_sink comp="120" pin=0"/></net>

<net id="201"><net_src comp="120" pin="2"/><net_sink comp="197" pin=0"/></net>

<net id="205"><net_src comp="202" pin="1"/><net_sink comp="100" pin=2"/></net>

<net id="209"><net_src comp="58" pin="1"/><net_sink comp="206" pin=0"/></net>

<net id="210"><net_src comp="206" pin="1"/><net_sink comp="149" pin=1"/></net>

<net id="211"><net_src comp="206" pin="1"/><net_sink comp="193" pin=0"/></net>

<net id="212"><net_src comp="206" pin="1"/><net_sink comp="197" pin=1"/></net>

<net id="213"><net_src comp="206" pin="1"/><net_sink comp="202" pin=0"/></net>

<net id="217"><net_src comp="62" pin="1"/><net_sink comp="214" pin=0"/></net>

<net id="218"><net_src comp="214" pin="1"/><net_sink comp="144" pin=1"/></net>

<net id="219"><net_src comp="214" pin="1"/><net_sink comp="154" pin=0"/></net>

<net id="220"><net_src comp="214" pin="1"/><net_sink comp="168" pin=1"/></net>

<net id="224"><net_src comp="128" pin="1"/><net_sink comp="221" pin=0"/></net>

<net id="225"><net_src comp="221" pin="1"/><net_sink comp="179" pin=1"/></net>

<net id="229"><net_src comp="132" pin="1"/><net_sink comp="226" pin=0"/></net>

<net id="230"><net_src comp="226" pin="1"/><net_sink comp="173" pin=1"/></net>

<net id="234"><net_src comp="136" pin="1"/><net_sink comp="231" pin=0"/></net>

<net id="235"><net_src comp="231" pin="1"/><net_sink comp="157" pin=1"/></net>

<net id="239"><net_src comp="157" pin="2"/><net_sink comp="236" pin=0"/></net>

<net id="243"><net_src comp="90" pin="2"/><net_sink comp="240" pin=0"/></net>

<net id="244"><net_src comp="240" pin="1"/><net_sink comp="189" pin=0"/></net>

<net id="248"><net_src comp="95" pin="2"/><net_sink comp="245" pin=0"/></net>

<net id="249"><net_src comp="245" pin="1"/><net_sink comp="185" pin=0"/></net>

<net id="253"><net_src comp="107" pin="3"/><net_sink comp="250" pin=0"/></net>

<net id="254"><net_src comp="250" pin="1"/><net_sink comp="114" pin=0"/></net>

<net id="258"><net_src comp="114" pin="3"/><net_sink comp="255" pin=0"/></net>

<net id="259"><net_src comp="255" pin="1"/><net_sink comp="124" pin=1"/></net>

<net id="263"><net_src comp="189" pin="1"/><net_sink comp="260" pin=0"/></net>

<net id="264"><net_src comp="260" pin="1"/><net_sink comp="124" pin=0"/></net>

<net id="268"><net_src comp="124" pin="2"/><net_sink comp="265" pin=0"/></net>

<net id="269"><net_src comp="265" pin="1"/><net_sink comp="120" pin=1"/></net>

<net id="273"><net_src comp="193" pin="1"/><net_sink comp="270" pin=0"/></net>

<net id="274"><net_src comp="270" pin="1"/><net_sink comp="120" pin=0"/></net>

</net_list>

</model> 
---------------- Datapath Model END ------------------

* FSMD analyzer results:
  - Output states:
	Port: gmem2 | {}
	Port: gmem1 | {}
	Port: sum_out | {9 }
 - Input state : 
	Port: spmv_csr_Pipeline_L2 : sext_ln36 | {1 }
	Port: spmv_csr_Pipeline_L2 : gmem2 | {3 }
	Port: spmv_csr_Pipeline_L2 : gmem1 | {3 }
	Port: spmv_csr_Pipeline_L2 : wide_trip_count | {1 }
	Port: spmv_csr_Pipeline_L2 : sext_ln36_1 | {1 }
	Port: spmv_csr_Pipeline_L2 : sext_ln36_2 | {1 }
	Port: spmv_csr_Pipeline_L2 : x_buf | {4 5 }
  - Chain level:
	State 1
		store_ln36 : 1
		store_ln30 : 1
	State 2
		icmp_ln36 : 1
		br_ln36 : 2
		add_ln36 : 1
		store_ln36 : 2
	State 3
		gmem2_addr_read : 1
		col : 1
	State 4
		x_buf_addr : 1
		x_buf_load : 2
	State 5
	State 6
		mul : 1
	State 7
	State 8
	State 9
		sum_1 : 1
		write_ln0 : 1
	State 10
	State 11
	State 12
		store_ln30 : 1


============================================================
+ Verbose Summary: Datapath Resource usage 
============================================================

* Functional unit list:
|----------|---------------------------------|---------|---------|---------|
| Operation|         Functional Unit         |   DSP   |    FF   |   LUT   |
|----------|---------------------------------|---------|---------|---------|
|   fadd   |            grp_fu_120           |    2    |   227   |   214   |
|----------|---------------------------------|---------|---------|---------|
|   fmul   |            grp_fu_124           |    3    |   128   |   135   |
|----------|---------------------------------|---------|---------|---------|
|   icmp   |         icmp_ln36_fu_157        |    0    |    0    |    71   |
|----------|---------------------------------|---------|---------|---------|
|    add   |         add_ln36_fu_162         |    0    |    0    |    71   |
|----------|---------------------------------|---------|---------|---------|
|          |   sext_ln36_2_read_read_fu_66   |    0    |    0    |    0    |
|          |   sext_ln36_1_read_read_fu_72   |    0    |    0    |    0    |
|   read   | wide_trip_count_read_read_fu_78 |    0    |    0    |    0    |
|          |    sext_ln36_read_read_fu_84    |    0    |    0    |    0    |
|          |    gmem2_addr_read_read_fu_90   |    0    |    0    |    0    |
|          |          col_read_fu_95         |    0    |    0    |    0    |
|----------|---------------------------------|---------|---------|---------|
|   write  |      write_ln0_write_fu_100     |    0    |    0    |    0    |
|----------|---------------------------------|---------|---------|---------|
|          |     sext_ln36_2_cast_fu_128     |    0    |    0    |    0    |
|   sext   |     sext_ln36_1_cast_fu_132     |    0    |    0    |    0    |
|          |   wide_trip_count_cast_fu_136   |    0    |    0    |    0    |
|          |      sext_ln36_cast_fu_140      |    0    |    0    |    0    |
|----------|---------------------------------|---------|---------|---------|
|   zext   |         zext_ln41_fu_185        |    0    |    0    |    0    |
|----------|---------------------------------|---------|---------|---------|
|   Total  |                                 |    5    |   355   |   491   |
|----------|---------------------------------|---------|---------|---------|

Memories:
N/A

* Register list:
+----------------------------+--------+
|                            |   FF   |
+----------------------------+--------+
|         col_reg_245        |   32   |
|   gmem2_addr_read_reg_240  |   32   |
|      icmp_ln36_reg_236     |    1   |
|          j_reg_214         |   64   |
|         mul_reg_265        |   32   |
|  sext_ln36_1_cast_reg_226  |   64   |
|  sext_ln36_2_cast_reg_221  |   64   |
|      sum_load_reg_270      |   32   |
|         sum_reg_206        |   32   |
|         val_reg_260        |   32   |
|wide_trip_count_cast_reg_231|   64   |
|     x_buf_addr_reg_250     |   10   |
|     x_buf_load_reg_255     |   32   |
+----------------------------+--------+
|            Total           |   491  |
+----------------------------+--------+

* Multiplexer (MUX) list: 
|-------------------|------|------|------|--------||---------||---------||---------|
|        Comp       |  Pin | Size |  BW  | S x BW ||  Delay  ||    FF   ||   LUT   |
|-------------------|------|------|------|--------||---------||---------||---------|
| grp_access_fu_114 |  p0  |   2  |  10  |   20   ||    0    ||    9    |
|     grp_fu_120    |  p0  |   2  |  32  |   64   ||    0    ||    9    |
|     grp_fu_124    |  p0  |   2  |  32  |   64   ||    0    ||    9    |
|-------------------|------|------|------|--------||---------||---------||---------|
|       Total       |      |      |      |   148  ||  1.281  ||    0    ||    27   |
|-------------------|------|------|------|--------||---------||---------||---------|



* Summary:
+-----------+--------+--------+--------+--------+
|           |   DSP  |  Delay |   FF   |   LUT  |
+-----------+--------+--------+--------+--------+
|  Function |    5   |    -   |   355  |   491  |
|   Memory  |    -   |    -   |    -   |    -   |
|Multiplexer|    -   |    1   |    0   |   27   |
|  Register |    -   |    -   |   491  |    -   |
+-----------+--------+--------+--------+--------+
|   Total   |    5   |    1   |   846  |   518  |
+-----------+--------+--------+--------+--------+
