

================================================================
== Vitis HLS Report for 'compute_pe_5_Pipeline_VITIS_LOOP_245_1'
================================================================
* Date:           Thu Apr 23 17:42:08 2026

* Version:        2024.2 (Build 5238294 on Nov  8 2024)
* Project:        spmv_csc
* Solution:       hls (Vivado IP Flow Target)
* Product family: zynquplus
* Target device:  xczu7ev-ffvc1156-2-e


================================================================
== Performance Estimates
================================================================
+ Timing: 
    * Summary: 
    +--------+---------+----------+------------+
    |  Clock |  Target | Estimated| Uncertainty|
    +--------+---------+----------+------------+
    |ap_clk  |  5.00 ns|  2.680 ns|     1.00 ns|
    +--------+---------+----------+------------+

+ Latency: 
    * Summary: 
    +---------+---------+----------+----------+-----+-----+------------------------------------------------+
    |  Latency (cycles) |  Latency (absolute) |  Interval |                    Pipeline                    |
    |   min   |   max   |    min   |    max   | min | max |                      Type                      |
    +---------+---------+----------+----------+-----+-----+------------------------------------------------+
    |        ?|        ?|         ?|         ?|    0|    0|  loop auto-rewind stp (delay=0 clock cycles(s))|
    +---------+---------+----------+----------+-----+-----+------------------------------------------------+

    + Detail: 
        * Instance: 
        N/A

        * Loop: 
        +--------------------+---------+---------+----------+-----------+-----------+------+----------+
        |                    |  Latency (cycles) | Iteration|  Initiation Interval  | Trip |          |
        |      Loop Name     |   min   |   max   |  Latency |  achieved |   target  | Count| Pipelined|
        +--------------------+---------+---------+----------+-----------+-----------+------+----------+
        |- VITIS_LOOP_245_1  |        ?|        ?|         1|          1|          1|     ?|       yes|
        +--------------------+---------+---------+----------+-----------+-----------+------+----------+



================================================================
== Utilization Estimates
================================================================
* Summary: 
+-----------------+---------+------+--------+--------+-----+
|       Name      | BRAM_18K|  DSP |   FF   |   LUT  | URAM|
+-----------------+---------+------+--------+--------+-----+
|DSP              |        -|     -|       -|       -|    -|
|Expression       |        -|     -|       0|      57|    -|
|FIFO             |        -|     -|       -|       -|    -|
|Instance         |        -|     -|       -|       -|    -|
|Memory           |        -|     -|       -|       -|    -|
|Multiplexer      |        -|     -|       0|      27|    -|
|Register         |        -|     -|      13|       -|    -|
+-----------------+---------+------+--------+--------+-----+
|Total            |        0|     0|      13|      84|    0|
+-----------------+---------+------+--------+--------+-----+
|Available        |      624|  1728|  460800|  230400|   96|
+-----------------+---------+------+--------+--------+-----+
|Utilization (%)  |        0|     0|      ~0|      ~0|    0|
+-----------------+---------+------+--------+--------+-----+

+ Detail: 
    * Instance: 
    N/A

    * DSP: 
    N/A

    * Memory: 
    N/A

    * FIFO: 
    N/A

    * Expression: 
    +---------------------+----------+----+---+----+------------+------------+
    |    Variable Name    | Operation| DSP| FF| LUT| Bitwidth P0| Bitwidth P1|
    +---------------------+----------+----+---+----+------------+------------+
    |add_ln245_fu_76_p2   |         +|   0|  0|  18|          11|           1|
    |icmp_ln245_fu_70_p2  |      icmp|   0|  0|  39|          32|          32|
    +---------------------+----------+----+---+----+------------+------------+
    |Total                |          |   0|  0|  57|          43|          33|
    +---------------------+----------+----+---+----+------------+------------+

    * Multiplexer: 
    +----------------------+----+-----------+-----+-----------+
    |         Name         | LUT| Input Size| Bits| Total Bits|
    +----------------------+----+-----------+-----+-----------+
    |ap_done_int           |   9|          2|    1|          2|
    |ap_sig_allocacmp_i_7  |   9|          2|   11|         22|
    |i_fu_34               |   9|          2|   11|         22|
    +----------------------+----+-----------+-----+-----------+
    |Total                 |  27|          6|   23|         46|
    +----------------------+----+-----------+-----+-----------+

    * Register: 
    +-------------+----+----+-----+-----------+
    |     Name    | FF | LUT| Bits| Const Bits|
    +-------------+----+----+-----+-----------+
    |ap_CS_fsm    |   1|   0|    1|          0|
    |ap_done_reg  |   1|   0|    1|          0|
    |i_fu_34      |  11|   0|   11|          0|
    +-------------+----+----+-----+-----------+
    |Total        |  13|   0|   13|          0|
    +-------------+----+----+-----+-----------+



================================================================
== Interface
================================================================
* Summary: 
+--------------------+-----+-----+------------+----------------------------------------+--------------+
|      RTL Ports     | Dir | Bits|  Protocol  |              Source Object             |    C Type    |
+--------------------+-----+-----+------------+----------------------------------------+--------------+
|ap_clk              |   in|    1|  ap_ctrl_hs|  compute_pe.5_Pipeline_VITIS_LOOP_245_1|  return value|
|ap_rst              |   in|    1|  ap_ctrl_hs|  compute_pe.5_Pipeline_VITIS_LOOP_245_1|  return value|
|ap_start            |   in|    1|  ap_ctrl_hs|  compute_pe.5_Pipeline_VITIS_LOOP_245_1|  return value|
|ap_done             |  out|    1|  ap_ctrl_hs|  compute_pe.5_Pipeline_VITIS_LOOP_245_1|  return value|
|ap_idle             |  out|    1|  ap_ctrl_hs|  compute_pe.5_Pipeline_VITIS_LOOP_245_1|  return value|
|ap_ready            |  out|    1|  ap_ctrl_hs|  compute_pe.5_Pipeline_VITIS_LOOP_245_1|  return value|
|num_rows_5          |   in|   32|     ap_none|                              num_rows_5|        scalar|
|y_partial_address0  |  out|   10|   ap_memory|                               y_partial|         array|
|y_partial_ce0       |  out|    1|   ap_memory|                               y_partial|         array|
|y_partial_we0       |  out|    1|   ap_memory|                               y_partial|         array|
|y_partial_d0        |  out|   32|   ap_memory|                               y_partial|         array|
+--------------------+-----+-----+------------+----------------------------------------+--------------+

============================================================
+ Verbose Summary: Synthesis Manager
============================================================
InlineROM: 1
ExposeGlobal: 0
============================================================
+ Verbose Summary: CDFG Model
============================================================
IsTopModel: 0
ResetActiveHigh: 1
IsCombinational: 2
IsDatapathOnly: 2
HasWiredReturn: 1
HasMFsm: 2
HasVarLatency: 1
IsPipeline: 0
IsRtlPipelined: 0
IsInstanceOverlapped: 0
IsDontTouch: 0
HasImplIP: 0
IsGatedGlobalClock: 0

+ Individual pipeline summary: 
  * Pipeline-0: initiation interval (II) = 1, depth = 1


============================================================
+ Verbose Summary: Schedule
============================================================
* Number of FSM states : 1
* Pipeline : 1
  Pipeline-0 : II = 1, D = 1, States = { 1 }
* Dataflow Pipeline: 0

* FSM state transitions: 
1 --> 

* FSM state operations: 

State 1 <SV = 0> <Delay = 2.68>
ST_1 : Operation 4 [1/1] (0.00ns)   --->   "%i = alloca i32 1" [../HLS/src/spmv_csc.cpp:245]   --->   Operation 4 'alloca' 'i' <Predicate = true> <Delay = 0.00>
ST_1 : Operation 5 [1/1] (0.00ns)   --->   "%specmemcore_ln0 = specmemcore void @_ssdm_op_SpecMemCore, i32 %y_partial, i64 666, i64 31, i64 18446744073709551615"   --->   Operation 5 'specmemcore' 'specmemcore_ln0' <Predicate = true> <Delay = 0.00>
ST_1 : Operation 6 [1/1] (0.00ns)   --->   "%num_rows_5_read = read i32 @_ssdm_op_Read.ap_auto.i32, i32 %num_rows_5"   --->   Operation 6 'read' 'num_rows_5_read' <Predicate = true> <Delay = 0.00>
ST_1 : Operation 7 [1/1] (0.42ns)   --->   "%store_ln245 = store i11 0, i11 %i" [../HLS/src/spmv_csc.cpp:245]   --->   Operation 7 'store' 'store_ln245' <Predicate = true> <Delay = 0.42>
ST_1 : Operation 8 [1/1] (0.00ns)   --->   "%br_ln0 = br void %for.inc"   --->   Operation 8 'br' 'br_ln0' <Predicate = true> <Delay = 0.00>
ST_1 : Operation 9 [1/1] (0.00ns)   --->   "%i_7 = load i11 %i" [../HLS/src/spmv_csc.cpp:245]   --->   Operation 9 'load' 'i_7' <Predicate = true> <Delay = 0.00>
ST_1 : Operation 10 [1/1] (0.00ns)   --->   "%zext_ln245_5 = zext i11 %i_7" [../HLS/src/spmv_csc.cpp:245]   --->   Operation 10 'zext' 'zext_ln245_5' <Predicate = true> <Delay = 0.00>
ST_1 : Operation 11 [1/1] (1.01ns)   --->   "%icmp_ln245 = icmp_slt  i32 %zext_ln245_5, i32 %num_rows_5_read" [../HLS/src/spmv_csc.cpp:245]   --->   Operation 11 'icmp' 'icmp_ln245' <Predicate = true> <Delay = 1.01> <CoreInst = "Cmp">   --->   Core 9 'Cmp' <Latency = 0> <II = 1> <Delay = 1.01> <FuncUnit> <Opcode : 'seteq' 'setne' 'setle' 'setge' 'setlt' 'setgt'> <InPorts = 2> <OutPorts = 1>
ST_1 : Operation 12 [1/1] (0.79ns)   --->   "%add_ln245 = add i11 %i_7, i11 1" [../HLS/src/spmv_csc.cpp:245]   --->   Operation 12 'add' 'add_ln245' <Predicate = true> <Delay = 0.79> <CoreInst = "Adder">   --->   Core 1 'Adder' <Latency = 0> <II = 1> <Delay = 0.79> <FuncUnit> <Opcode : 'add' 'sub'> <InPorts = 2> <OutPorts = 1>
ST_1 : Operation 13 [1/1] (0.00ns)   --->   "%br_ln245 = br i1 %icmp_ln245, void %while.body.preheader.exitStub, void %for.inc.split" [../HLS/src/spmv_csc.cpp:245]   --->   Operation 13 'br' 'br_ln245' <Predicate = true> <Delay = 0.00>
ST_1 : Operation 14 [1/1] (0.00ns)   --->   "%zext_ln245 = zext i11 %i_7" [../HLS/src/spmv_csc.cpp:245]   --->   Operation 14 'zext' 'zext_ln245' <Predicate = (icmp_ln245)> <Delay = 0.00>
ST_1 : Operation 15 [1/1] (0.00ns)   --->   "%specpipeline_ln247 = specpipeline void @_ssdm_op_SpecPipeline, i32 1, i32 0, i32 0, i32 0, void @empty_25" [../HLS/src/spmv_csc.cpp:247]   --->   Operation 15 'specpipeline' 'specpipeline_ln247' <Predicate = (icmp_ln245)> <Delay = 0.00>
ST_1 : Operation 16 [1/1] (0.00ns)   --->   "%specloopname_ln245 = specloopname void @_ssdm_op_SpecLoopName, void @empty_14" [../HLS/src/spmv_csc.cpp:245]   --->   Operation 16 'specloopname' 'specloopname_ln245' <Predicate = (icmp_ln245)> <Delay = 0.00>
ST_1 : Operation 17 [1/1] (0.00ns)   --->   "%y_partial_addr = getelementptr i32 %y_partial, i64 0, i64 %zext_ln245" [../HLS/src/spmv_csc.cpp:248]   --->   Operation 17 'getelementptr' 'y_partial_addr' <Predicate = (icmp_ln245)> <Delay = 0.00>
ST_1 : Operation 18 [1/1] ( I:1.23ns O:1.23ns )   --->   "%store_ln248 = store i32 0, i10 %y_partial_addr" [../HLS/src/spmv_csc.cpp:248]   --->   Operation 18 'store' 'store_ln248' <Predicate = (icmp_ln245)> <Delay = 1.23> <CoreInst = "RAM_T2P_URAM">   --->   Core 99 'RAM_T2P_URAM' <Latency = 1> <II = 1> <Delay = 1.23> <Storage> <Opcode : 'load' 'store'> <Ports = 2> <Width = 32> <Depth = 1024> <RAM>
ST_1 : Operation 19 [1/1] (0.42ns)   --->   "%store_ln245 = store i11 %add_ln245, i11 %i" [../HLS/src/spmv_csc.cpp:245]   --->   Operation 19 'store' 'store_ln245' <Predicate = (icmp_ln245)> <Delay = 0.42>
ST_1 : Operation 20 [1/1] (0.00ns)   --->   "%br_ln245 = br void %for.inc" [../HLS/src/spmv_csc.cpp:245]   --->   Operation 20 'br' 'br_ln245' <Predicate = (icmp_ln245)> <Delay = 0.00>
ST_1 : Operation 21 [1/1] (0.42ns)   --->   "%ret_ln0 = ret"   --->   Operation 21 'ret' 'ret_ln0' <Predicate = (!icmp_ln245)> <Delay = 0.42>


============================================================
+ Verbose Summary: Binding
============================================================
STG Binding: 
---------------- STG Properties BEGIN ----------------
- Is combinational: 0
- Is one-state seq: 0
- Is datapath-only: 0
- Is pipelined: 0
- Is top level: 0
Port [ Return ] is wired: 1; IO mode=ap_ctrl_hs:ce=0
Port [ num_rows_5]:  wired=1; compound=0; hidden=0; nouse=0; global=0; static=0; extern=0; dir=0; type=0; pingpong=0; private_global=0; IO mode=ap_none:ce=0
Port [ y_partial]:  wired=1; compound=1; hidden=0; nouse=0; global=0; static=0; extern=0; dir=1; type=1; pingpong=0; private_global=0; MemPort=[03]; IO mode=ap_memory:ce=0
---------------- STG Properties END ------------------

---------------- Datapath Model BEGIN ----------------

<LifeTime>
<method=bitvector/>
i                  (alloca       ) [ 01]
specmemcore_ln0    (specmemcore  ) [ 00]
num_rows_5_read    (read         ) [ 00]
store_ln245        (store        ) [ 00]
br_ln0             (br           ) [ 00]
i_7                (load         ) [ 00]
zext_ln245_5       (zext         ) [ 00]
icmp_ln245         (icmp         ) [ 01]
add_ln245          (add          ) [ 00]
br_ln245           (br           ) [ 00]
zext_ln245         (zext         ) [ 00]
specpipeline_ln247 (specpipeline ) [ 00]
specloopname_ln245 (specloopname ) [ 00]
y_partial_addr     (getelementptr) [ 00]
store_ln248        (store        ) [ 00]
store_ln245        (store        ) [ 00]
br_ln245           (br           ) [ 00]
ret_ln0            (ret          ) [ 00]
</LifeTime>

<model>

<comp_list>
<comp id="0" class="1000" name="num_rows_5">
<pin_list>
<pin id="1" dir="1" index="0" bw="1" slack="0"/>
</pin_list>
<bind>
<StgValue><ssdm name="num_rows_5"/></StgValue>
</bind>
</comp>

<comp id="2" class="1000" name="y_partial">
<pin_list>
<pin id="3" dir="1" index="0" bw="1" slack="0"/>
</pin_list>
<bind>
<StgValue><ssdm name="y_partial"/><MemPortTyVec>0 3 </MemPortTyVec>
</StgValue>
</bind>
</comp>

<comp id="4" class="1001" name="const_4">
<pin_list>
<pin id="5" dir="1" index="0" bw="1" slack="0"/>
</pin_list>
<bind>
<StgValue><ssdm name=""/></StgValue>
</bind>
</comp>

<comp id="6" class="1001" name="const_6">
<pin_list>
<pin id="7" dir="1" index="0" bw="1" slack="2147483647"/>
</pin_list>
<bind>
<StgValue><ssdm name="_ssdm_op_SpecMemCore"/></StgValue>
</bind>
</comp>

<comp id="8" class="1001" name="const_8">
<pin_list>
<pin id="9" dir="1" index="0" bw="1" slack="2147483647"/>
</pin_list>
<bind>
<StgValue><ssdm name=""/></StgValue>
</bind>
</comp>

<comp id="10" class="1001" name="const_10">
<pin_list>
<pin id="11" dir="1" index="0" bw="1" slack="2147483647"/>
</pin_list>
<bind>
<StgValue><ssdm name=""/></StgValue>
</bind>
</comp>

<comp id="12" class="1001" name="const_12">
<pin_list>
<pin id="13" dir="1" index="0" bw="1" slack="2147483647"/>
</pin_list>
<bind>
<StgValue><ssdm name=""/></StgValue>
</bind>
</comp>

<comp id="14" class="1001" name="const_14">
<pin_list>
<pin id="15" dir="1" index="0" bw="1" slack="0"/>
</pin_list>
<bind>
<StgValue><ssdm name="_ssdm_op_Read.ap_auto.i32"/></StgValue>
</bind>
</comp>

<comp id="16" class="1001" name="const_16">
<pin_list>
<pin id="17" dir="1" index="0" bw="1" slack="0"/>
</pin_list>
<bind>
<StgValue><ssdm name=""/></StgValue>
</bind>
</comp>

<comp id="18" class="1001" name="const_18">
<pin_list>
<pin id="19" dir="1" index="0" bw="1" slack="0"/>
</pin_list>
<bind>
<StgValue><ssdm name=""/></StgValue>
</bind>
</comp>

<comp id="20" class="1001" name="const_20">
<pin_list>
<pin id="21" dir="1" index="0" bw="1" slack="2147483647"/>
</pin_list>
<bind>
<StgValue><ssdm name="_ssdm_op_SpecPipeline"/></StgValue>
</bind>
</comp>

<comp id="22" class="1001" name="const_22">
<pin_list>
<pin id="23" dir="1" index="0" bw="1" slack="2147483647"/>
</pin_list>
<bind>
<StgValue><ssdm name=""/></StgValue>
</bind>
</comp>

<comp id="24" class="1001" name="const_24">
<pin_list>
<pin id="25" dir="1" index="0" bw="1" slack="2147483647"/>
</pin_list>
<bind>
<StgValue><ssdm name="empty_25"/></StgValue>
</bind>
</comp>

<comp id="26" class="1001" name="const_26">
<pin_list>
<pin id="27" dir="1" index="0" bw="1" slack="2147483647"/>
</pin_list>
<bind>
<StgValue><ssdm name="_ssdm_op_SpecLoopName"/></StgValue>
</bind>
</comp>

<comp id="28" class="1001" name="const_28">
<pin_list>
<pin id="29" dir="1" index="0" bw="1" slack="2147483647"/>
</pin_list>
<bind>
<StgValue><ssdm name="empty_14"/></StgValue>
</bind>
</comp>

<comp id="30" class="1001" name="const_30">
<pin_list>
<pin id="31" dir="1" index="0" bw="1" slack="0"/>
</pin_list>
<bind>
<StgValue><ssdm name=""/></StgValue>
</bind>
</comp>

<comp id="32" class="1001" name="const_32">
<pin_list>
<pin id="33" dir="1" index="0" bw="1" slack="0"/>
</pin_list>
<bind>
<StgValue><ssdm name=""/></StgValue>
</bind>
</comp>

<comp id="34" class="1004" name="i_fu_34">
<pin_list>
<pin id="35" dir="0" index="0" bw="1" slack="0"/>
<pin id="36" dir="1" index="1" bw="11" slack="0"/>
</pin_list>
<bind>
<opcode="alloca(26) " fcode="alloca"/>
<opset="i/1 "/>
</bind>
</comp>

<comp id="38" class="1004" name="num_rows_5_read_read_fu_38">
<pin_list>
<pin id="39" dir="0" index="0" bw="32" slack="0"/>
<pin id="40" dir="0" index="1" bw="32" slack="0"/>
<pin id="41" dir="1" index="2" bw="32" slack="0"/>
</pin_list>
<bind>
<opcode="read(1150) " fcode="read"/>
<opset="num_rows_5_read/1 "/>
</bind>
</comp>

<comp id="44" class="1004" name="y_partial_addr_gep_fu_44">
<pin_list>
<pin id="45" dir="0" index="0" bw="32" slack="0"/>
<pin id="46" dir="0" index="1" bw="1" slack="0"/>
<pin id="47" dir="0" index="2" bw="11" slack="0"/>
<pin id="48" dir="1" index="3" bw="10" slack="0"/>
</pin_list>
<bind>
<opcode="getelementptr(29) " fcode="getelementptr"/>
<opset="y_partial_addr/1 "/>
</bind>
</comp>

<comp id="51" class="1004" name="store_ln248_access_fu_51">
<pin_list>
<pin id="52" dir="0" index="0" bw="10" slack="0"/>
<pin id="53" dir="0" index="1" bw="32" slack="0"/>
<pin id="54" dir="0" index="2" bw="0" slack="2147483647"/>
<pin id="55" dir="1" index="3" bw="32" slack="2147483647"/>
</pin_list>
<bind>
<opcode="store(28) " fcode="store"/>
<opset="store_ln248/1 "/>
</bind>
</comp>

<comp id="58" class="1004" name="store_ln245_store_fu_58">
<pin_list>
<pin id="59" dir="0" index="0" bw="1" slack="0"/>
<pin id="60" dir="0" index="1" bw="11" slack="0"/>
<pin id="61" dir="1" index="2" bw="0" slack="2147483647"/>
</pin_list>
<bind>
<opcode="store(28) " fcode="store"/>
<opset="store_ln245/1 "/>
</bind>
</comp>

<comp id="63" class="1004" name="i_7_load_fu_63">
<pin_list>
<pin id="64" dir="0" index="0" bw="11" slack="0"/>
<pin id="65" dir="1" index="1" bw="11" slack="0"/>
</pin_list>
<bind>
<opcode="load(27) " fcode="load"/>
<opset="i_7/1 "/>
</bind>
</comp>

<comp id="66" class="1004" name="zext_ln245_5_fu_66">
<pin_list>
<pin id="67" dir="0" index="0" bw="11" slack="0"/>
<pin id="68" dir="1" index="1" bw="32" slack="0"/>
</pin_list>
<bind>
<opcode="zext(34) " fcode="zext"/>
<opset="zext_ln245_5/1 "/>
</bind>
</comp>

<comp id="70" class="1004" name="icmp_ln245_fu_70">
<pin_list>
<pin id="71" dir="0" index="0" bw="32" slack="0"/>
<pin id="72" dir="0" index="1" bw="32" slack="0"/>
<pin id="73" dir="1" index="2" bw="1" slack="2147483647"/>
</pin_list>
<bind>
<opcode="icmp(45) " fcode="icmp"/>
<opset="icmp_ln245/1 "/>
</bind>
</comp>

<comp id="76" class="1004" name="add_ln245_fu_76">
<pin_list>
<pin id="77" dir="0" index="0" bw="11" slack="0"/>
<pin id="78" dir="0" index="1" bw="1" slack="0"/>
<pin id="79" dir="1" index="2" bw="11" slack="0"/>
</pin_list>
<bind>
<opcode="add(8) " fcode="add"/>
<opset="add_ln245/1 "/>
</bind>
</comp>

<comp id="82" class="1004" name="zext_ln245_fu_82">
<pin_list>
<pin id="83" dir="0" index="0" bw="11" slack="0"/>
<pin id="84" dir="1" index="1" bw="64" slack="0"/>
</pin_list>
<bind>
<opcode="zext(34) " fcode="zext"/>
<opset="zext_ln245/1 "/>
</bind>
</comp>

<comp id="87" class="1004" name="store_ln245_store_fu_87">
<pin_list>
<pin id="88" dir="0" index="0" bw="11" slack="0"/>
<pin id="89" dir="0" index="1" bw="11" slack="0"/>
<pin id="90" dir="1" index="2" bw="0" slack="2147483647"/>
</pin_list>
<bind>
<opcode="store(28) " fcode="store"/>
<opset="store_ln245/1 "/>
</bind>
</comp>

<comp id="92" class="1005" name="i_reg_92">
<pin_list>
<pin id="93" dir="0" index="0" bw="11" slack="0"/>
<pin id="94" dir="1" index="1" bw="11" slack="0"/>
</pin_list>
<bind>
<opset="i "/>
</bind>
</comp>

</comp_list>

<net_list>
<net id="37"><net_src comp="4" pin="0"/><net_sink comp="34" pin=0"/></net>

<net id="42"><net_src comp="14" pin="0"/><net_sink comp="38" pin=0"/></net>

<net id="43"><net_src comp="0" pin="0"/><net_sink comp="38" pin=1"/></net>

<net id="49"><net_src comp="2" pin="0"/><net_sink comp="44" pin=0"/></net>

<net id="50"><net_src comp="30" pin="0"/><net_sink comp="44" pin=1"/></net>

<net id="56"><net_src comp="32" pin="0"/><net_sink comp="51" pin=1"/></net>

<net id="57"><net_src comp="44" pin="3"/><net_sink comp="51" pin=0"/></net>

<net id="62"><net_src comp="16" pin="0"/><net_sink comp="58" pin=0"/></net>

<net id="69"><net_src comp="63" pin="1"/><net_sink comp="66" pin=0"/></net>

<net id="74"><net_src comp="66" pin="1"/><net_sink comp="70" pin=0"/></net>

<net id="75"><net_src comp="38" pin="2"/><net_sink comp="70" pin=1"/></net>

<net id="80"><net_src comp="63" pin="1"/><net_sink comp="76" pin=0"/></net>

<net id="81"><net_src comp="18" pin="0"/><net_sink comp="76" pin=1"/></net>

<net id="85"><net_src comp="63" pin="1"/><net_sink comp="82" pin=0"/></net>

<net id="86"><net_src comp="82" pin="1"/><net_sink comp="44" pin=2"/></net>

<net id="91"><net_src comp="76" pin="2"/><net_sink comp="87" pin=0"/></net>

<net id="95"><net_src comp="34" pin="1"/><net_sink comp="92" pin=0"/></net>

<net id="96"><net_src comp="92" pin="1"/><net_sink comp="58" pin=1"/></net>

<net id="97"><net_src comp="92" pin="1"/><net_sink comp="63" pin=0"/></net>

<net id="98"><net_src comp="92" pin="1"/><net_sink comp="87" pin=1"/></net>

</net_list>

</model> 
---------------- Datapath Model END ------------------

* FSMD analyzer results:
  - Output states:
	Port: y_partial | {1 }
 - Input state : 
	Port: compute_pe.5_Pipeline_VITIS_LOOP_245_1 : num_rows_5 | {1 }
	Port: compute_pe.5_Pipeline_VITIS_LOOP_245_1 : y_partial | {}
  - Chain level:
	State 1
		store_ln245 : 1
		i_7 : 1
		zext_ln245_5 : 2
		icmp_ln245 : 3
		add_ln245 : 2
		br_ln245 : 4
		zext_ln245 : 2
		y_partial_addr : 3
		store_ln248 : 4
		store_ln245 : 3


============================================================
+ Verbose Summary: Datapath Resource usage 
============================================================

* Functional unit list:
|----------|----------------------------|---------|---------|
| Operation|       Functional Unit      |    FF   |   LUT   |
|----------|----------------------------|---------|---------|
|   icmp   |      icmp_ln245_fu_70      |    0    |    39   |
|----------|----------------------------|---------|---------|
|    add   |       add_ln245_fu_76      |    0    |    18   |
|----------|----------------------------|---------|---------|
|   read   | num_rows_5_read_read_fu_38 |    0    |    0    |
|----------|----------------------------|---------|---------|
|   zext   |     zext_ln245_5_fu_66     |    0    |    0    |
|          |      zext_ln245_fu_82      |    0    |    0    |
|----------|----------------------------|---------|---------|
|   Total  |                            |    0    |    57   |
|----------|----------------------------|---------|---------|

Memories:
N/A

* Register list:
+--------+--------+
|        |   FF   |
+--------+--------+
|i_reg_92|   11   |
+--------+--------+
|  Total |   11   |
+--------+--------+

* Multiplexer (MUX) list: 
|--------|------|------|------|--------|
|  Comp  |  Pin | Size |  BW  | S x BW |
|--------|------|------|------|--------|
|  Total |      |      |      |    0   |
|--------|------|------|------|--------|



* Summary:
+-----------+--------+--------+
|           |   FF   |   LUT  |
+-----------+--------+--------+
|  Function |    0   |   57   |
|   Memory  |    -   |    -   |
|Multiplexer|    -   |    -   |
|  Register |   11   |    -   |
+-----------+--------+--------+
|   Total   |   11   |   57   |
+-----------+--------+--------+
