

================================================================
== Vitis HLS Report for 'compute_pe_12_Pipeline_VITIS_LOOP_251_2'
================================================================
* Date:           Thu Apr 23 17:42:10 2026

* Version:        2024.2 (Build 5238294 on Nov  8 2024)
* Project:        spmv_csc
* Solution:       hls (Vivado IP Flow Target)
* Product family: zynquplus
* Target device:  xczu7ev-ffvc1156-2-e


================================================================
== Performance Estimates
================================================================
+ Timing: 
    * Summary: 
    +--------+---------+----------+------------+
    |  Clock |  Target | Estimated| Uncertainty|
    +--------+---------+----------+------------+
    |ap_clk  |  5.00 ns|  4.965 ns|     1.00 ns|
    +--------+---------+----------+------------+

+ Latency: 
    * Summary: 
    +---------+---------+----------+----------+-----+-----+------------------------------------------------+
    |  Latency (cycles) |  Latency (absolute) |  Interval |                    Pipeline                    |
    |   min   |   max   |    min   |    max   | min | max |                      Type                      |
    +---------+---------+----------+----------+-----+-----+------------------------------------------------+
    |        ?|        ?|         ?|         ?|    0|    0|  loop auto-rewind stp (delay=0 clock cycles(s))|
    +---------+---------+----------+----------+-----+-----+------------------------------------------------+

    + Detail: 
        * Instance: 
        N/A

        * Loop: 
        +--------------------+---------+---------+----------+-----------+-----------+------+----------+
        |                    |  Latency (cycles) | Iteration|  Initiation Interval  | Trip |          |
        |      Loop Name     |   min   |   max   |  Latency |  achieved |   target  | Count| Pipelined|
        +--------------------+---------+---------+----------+-----------+-----------+------+----------+
        |- VITIS_LOOP_251_2  |        ?|        ?|        10|          6|          1|     ?|       yes|
        +--------------------+---------+---------+----------+-----------+-----------+------+----------+



================================================================
== Utilization Estimates
================================================================
* Summary: 
+-----------------+---------+------+--------+--------+-----+
|       Name      | BRAM_18K|  DSP |   FF   |   LUT  | URAM|
+-----------------+---------+------+--------+--------+-----+
|DSP              |        -|     -|       -|       -|    -|
|Expression       |        -|     -|       0|      43|    -|
|FIFO             |        -|     -|       -|       -|    -|
|Instance         |        -|     3|     376|     545|    -|
|Memory           |        -|     -|       -|       -|    -|
|Multiplexer      |        -|     -|       0|      96|    -|
|Register         |        -|     -|     129|       -|    -|
+-----------------+---------+------+--------+--------+-----+
|Total            |        0|     3|     505|     684|    0|
+-----------------+---------+------+--------+--------+-----+
|Available        |      624|  1728|  460800|  230400|   96|
+-----------------+---------+------+--------+--------+-----+
|Utilization (%)  |        0|    ~0|      ~0|      ~0|    0|
+-----------------+---------+------+--------+--------+-----+

+ Detail: 
    * Instance: 
    +------------------------------------+-------------------------------+---------+----+-----+-----+-----+
    |              Instance              |             Module            | BRAM_18K| DSP|  FF | LUT | URAM|
    +------------------------------------+-------------------------------+---------+----+-----+-----+-----+
    |fadd_32ns_32ns_32_5_no_dsp_1_U259   |fadd_32ns_32ns_32_5_no_dsp_1   |        0|   0|  233|  406|    0|
    |fmul_32ns_32ns_32_4_max_dsp_1_U260  |fmul_32ns_32ns_32_4_max_dsp_1  |        0|   3|  143|  139|    0|
    +------------------------------------+-------------------------------+---------+----+-----+-----+-----+
    |Total                               |                               |        0|   3|  376|  545|    0|
    +------------------------------------+-------------------------------+---------+----+-----+-----+-----+

    * DSP: 
    N/A

    * Memory: 
    N/A

    * FIFO: 
    N/A

    * Expression: 
    +---------------------------+----------+----+---+----+------------+------------+
    |       Variable Name       | Operation| DSP| FF| LUT| Bitwidth P0| Bitwidth P1|
    +---------------------------+----------+----+---+----+------------+------------+
    |ap_block_pp0_stage0_11001  |       and|   0|  0|   2|           1|           1|
    |icmp_ln261_fu_126_p2       |      icmp|   0|  0|  39|          32|          32|
    |ap_enable_pp0              |       xor|   0|  0|   2|           1|           2|
    +---------------------------+----------+----+---+----+------------+------------+
    |Total                      |          |   0|  0|  43|          34|          35|
    +---------------------------+----------+----+---+----+------------+------------+

    * Multiplexer: 
    +-----------------------------+----+-----------+-----+-----------+
    |             Name            | LUT| Input Size| Bits| Total Bits|
    +-----------------------------+----+-----------+-----+-----------+
    |ap_NS_fsm                    |  37|          7|    1|          7|
    |ap_done_int                  |   9|          2|    1|          2|
    |ap_enable_reg_pp0_iter0      |   9|          2|    1|          2|
    |ap_enable_reg_pp0_iter0_reg  |   9|          2|    1|          2|
    |ap_enable_reg_pp0_iter1      |   9|          2|    1|          2|
    |pe_streams_12_blk_n          |   9|          2|    1|          2|
    |y_partial_address0_local     |  14|          3|   10|         30|
    +-----------------------------+----+-----------+-----+-----------+
    |Total                        |  96|         20|   16|         47|
    +-----------------------------+----+-----------+-----+-----------+

    * Register: 
    +-------------------------------------------+----+----+-----+-----------+
    |                    Name                   | FF | LUT| Bits| Const Bits|
    +-------------------------------------------+----+----+-----+-----------+
    |ap_CS_fsm                                  |   6|   0|    6|          0|
    |ap_block_pp0_stage0_subdone_grp0_done_reg  |   1|   0|    1|          0|
    |ap_done_reg                                |   1|   0|    1|          0|
    |ap_enable_reg_pp0_iter0_reg                |   1|   0|    1|          0|
    |ap_enable_reg_pp0_iter1                    |   1|   0|    1|          0|
    |icmp_ln261_reg_151                         |   1|   0|    1|          0|
    |icmp_ln261_reg_151_pp0_iter1_reg           |   1|   0|    1|          0|
    |mul_reg_160                                |  32|   0|   32|          0|
    |pkt_last_reg_137                           |   1|   0|    1|          0|
    |pkt_val_reg_141                            |  32|   0|   32|          0|
    |pkt_x_reg_146                              |  32|   0|   32|          0|
    |y_partial_addr_reg_155                     |  10|   0|   10|          0|
    |y_partial_addr_reg_155_pp0_iter1_reg       |  10|   0|   10|          0|
    +-------------------------------------------+----+----+-----+-----------+
    |Total                                      | 129|   0|  129|          0|
    +-------------------------------------------+----+----+-----+-----------+



================================================================
== Interface
================================================================
* Summary: 
+------------------------------+-----+-----+------------+-----------------------------------------+--------------+
|           RTL Ports          | Dir | Bits|  Protocol  |              Source Object              |    C Type    |
+------------------------------+-----+-----+------------+-----------------------------------------+--------------+
|ap_clk                        |   in|    1|  ap_ctrl_hs|  compute_pe.12_Pipeline_VITIS_LOOP_251_2|  return value|
|ap_rst                        |   in|    1|  ap_ctrl_hs|  compute_pe.12_Pipeline_VITIS_LOOP_251_2|  return value|
|ap_start                      |   in|    1|  ap_ctrl_hs|  compute_pe.12_Pipeline_VITIS_LOOP_251_2|  return value|
|ap_done                       |  out|    1|  ap_ctrl_hs|  compute_pe.12_Pipeline_VITIS_LOOP_251_2|  return value|
|ap_idle                       |  out|    1|  ap_ctrl_hs|  compute_pe.12_Pipeline_VITIS_LOOP_251_2|  return value|
|ap_ready                      |  out|    1|  ap_ctrl_hs|  compute_pe.12_Pipeline_VITIS_LOOP_251_2|  return value|
|pe_streams_12_dout            |   in|   97|     ap_fifo|                            pe_streams_12|       pointer|
|pe_streams_12_empty_n         |   in|    1|     ap_fifo|                            pe_streams_12|       pointer|
|pe_streams_12_read            |  out|    1|     ap_fifo|                            pe_streams_12|       pointer|
|pe_streams_12_num_data_valid  |   in|    9|     ap_fifo|                            pe_streams_12|       pointer|
|pe_streams_12_fifo_cap        |   in|    9|     ap_fifo|                            pe_streams_12|       pointer|
|num_rows_12                   |   in|   32|     ap_none|                              num_rows_12|        scalar|
|y_partial_address0            |  out|   10|   ap_memory|                                y_partial|         array|
|y_partial_ce0                 |  out|    1|   ap_memory|                                y_partial|         array|
|y_partial_we0                 |  out|    1|   ap_memory|                                y_partial|         array|
|y_partial_d0                  |  out|   32|   ap_memory|                                y_partial|         array|
|y_partial_q0                  |   in|   32|   ap_memory|                                y_partial|         array|
+------------------------------+-----+-----+------------+-----------------------------------------+--------------+

============================================================
+ Verbose Summary: Synthesis Manager
============================================================
InlineROM: 1
ExposeGlobal: 0
============================================================
+ Verbose Summary: CDFG Model
============================================================
IsTopModel: 0
ResetActiveHigh: 1
IsCombinational: 2
IsDatapathOnly: 2
HasWiredReturn: 1
HasMFsm: 2
HasVarLatency: 1
IsPipeline: 0
IsRtlPipelined: 0
IsInstanceOverlapped: 0
IsDontTouch: 0
HasImplIP: 0
IsGatedGlobalClock: 0

+ Individual pipeline summary: 
  * Pipeline-0: initiation interval (II) = 6, depth = 10


============================================================
+ Verbose Summary: Schedule
============================================================
* Number of FSM states : 10
* Pipeline : 1
  Pipeline-0 : II = 6, D = 10, States = { 1 2 3 4 5 6 7 8 9 10 }
* Dataflow Pipeline: 0

* FSM state transitions: 
1 --> 2 
2 --> 3 
3 --> 4 
4 --> 5 
5 --> 6 
6 --> 7 
7 --> 8 
8 --> 9 
9 --> 10 
10 --> 

* FSM state operations: 

State 1 <SV = 0> <Delay = 2.67>
ST_1 : Operation 13 [1/1] (0.00ns)   --->   "%specmemcore_ln0 = specmemcore void @_ssdm_op_SpecMemCore, i32 %y_partial, i64 666, i64 31, i64 18446744073709551615"   --->   Operation 13 'specmemcore' 'specmemcore_ln0' <Predicate = true> <Delay = 0.00>
ST_1 : Operation 14 [1/1] (0.00ns)   --->   "%specinterface_ln0 = specinterface void @_ssdm_op_SpecInterface, i97 %pe_streams_12, void @empty_16, i32 0, i32 0, void @empty_25, i32 0, i32 0, void @empty_25, void @empty_25, void @empty_25, i32 0, i32 0, i32 0, i32 0, void @empty_25, void @empty_25, i32 4294967295, i32 0, i32 0"   --->   Operation 14 'specinterface' 'specinterface_ln0' <Predicate = true> <Delay = 0.00>
ST_1 : Operation 15 [1/1] (0.00ns)   --->   "%num_rows_12_read = read i32 @_ssdm_op_Read.ap_auto.i32, i32 %num_rows_12" [../HLS/src/spmv_csc.cpp:242]   --->   Operation 15 'read' 'num_rows_12_read' <Predicate = true> <Delay = 0.00>
ST_1 : Operation 16 [1/1] (0.00ns)   --->   "%br_ln254 = br void %while.body" [../HLS/src/spmv_csc.cpp:254]   --->   Operation 16 'br' 'br_ln254' <Predicate = true> <Delay = 0.00>
ST_1 : Operation 17 [1/1] ( I:1.65ns O:1.65ns )   --->   "%pe_streams_12_read = read i97 @_ssdm_op_Read.ap_fifo.volatile.i97P0A, i97 %pe_streams_12" [../HLS/src/spmv_csc.cpp:254]   --->   Operation 17 'read' 'pe_streams_12_read' <Predicate = true> <Delay = 1.65> <CoreInst = "FIFO">   --->   Core 77 'FIFO' <Latency = 0> <II = 1> <Delay = 1.65> <Storage> <Opcode : 'read' 'write' 'nbread' 'nbwrite'> <Ports = 0> <Width = 97> <Depth = 256> <FIFO>
ST_1 : Operation 18 [1/1] (0.00ns)   --->   "%pkt_last = bitselect i1 @_ssdm_op_BitSelect.i1.i97.i32, i97 %pe_streams_12_read, i32 96" [../HLS/src/spmv_csc.cpp:254]   --->   Operation 18 'bitselect' 'pkt_last' <Predicate = true> <Delay = 0.00>
ST_1 : Operation 19 [1/1] (0.00ns)   --->   "%br_ln255 = br i1 %pkt_last, void %if.end, void %while.end.exitStub" [../HLS/src/spmv_csc.cpp:255]   --->   Operation 19 'br' 'br_ln255' <Predicate = true> <Delay = 0.00>
ST_1 : Operation 20 [1/1] (0.00ns)   --->   "%trunc_ln254_s = partselect i32 @_ssdm_op_PartSelect.i32.i97.i32.i32, i97 %pe_streams_12_read, i32 32, i32 63" [../HLS/src/spmv_csc.cpp:254]   --->   Operation 20 'partselect' 'trunc_ln254_s' <Predicate = (!pkt_last)> <Delay = 0.00>
ST_1 : Operation 21 [1/1] (0.00ns)   --->   "%trunc_ln254_9 = partselect i32 @_ssdm_op_PartSelect.i32.i97.i32.i32, i97 %pe_streams_12_read, i32 64, i32 95" [../HLS/src/spmv_csc.cpp:254]   --->   Operation 21 'partselect' 'trunc_ln254_9' <Predicate = (!pkt_last)> <Delay = 0.00>
ST_1 : Operation 22 [1/1] (0.00ns)   --->   "%pkt_val = bitcast i32 %trunc_ln254_s" [../HLS/src/spmv_csc.cpp:254]   --->   Operation 22 'bitcast' 'pkt_val' <Predicate = (!pkt_last)> <Delay = 0.00>
ST_1 : Operation 23 [1/1] (0.00ns)   --->   "%pkt_x = bitcast i32 %trunc_ln254_9" [../HLS/src/spmv_csc.cpp:254]   --->   Operation 23 'bitcast' 'pkt_x' <Predicate = (!pkt_last)> <Delay = 0.00>
ST_1 : Operation 24 [1/1] (0.00ns)   --->   "%pkt_row = trunc i97 %pe_streams_12_read" [../HLS/src/spmv_csc.cpp:254]   --->   Operation 24 'trunc' 'pkt_row' <Predicate = (!pkt_last)> <Delay = 0.00>
ST_1 : Operation 25 [1/1] (0.00ns)   --->   "%specpipeline_ln253 = specpipeline void @_ssdm_op_SpecPipeline, i32 1, i32 0, i32 0, i32 0, void @empty_25" [../HLS/src/spmv_csc.cpp:253]   --->   Operation 25 'specpipeline' 'specpipeline_ln253' <Predicate = (!pkt_last)> <Delay = 0.00>
ST_1 : Operation 26 [1/1] (0.00ns)   --->   "%specloopname_ln251 = specloopname void @_ssdm_op_SpecLoopName, void @empty_9" [../HLS/src/spmv_csc.cpp:251]   --->   Operation 26 'specloopname' 'specloopname_ln251' <Predicate = (!pkt_last)> <Delay = 0.00>
ST_1 : Operation 27 [1/1] (1.01ns)   --->   "%icmp_ln261 = icmp_ult  i32 %pkt_row, i32 %num_rows_12_read" [../HLS/src/spmv_csc.cpp:261]   --->   Operation 27 'icmp' 'icmp_ln261' <Predicate = (!pkt_last)> <Delay = 1.01> <CoreInst = "Cmp">   --->   Core 9 'Cmp' <Latency = 0> <II = 1> <Delay = 1.01> <FuncUnit> <Opcode : 'seteq' 'setne' 'setle' 'setge' 'setlt' 'setgt'> <InPorts = 2> <OutPorts = 1>
ST_1 : Operation 28 [1/1] (0.00ns)   --->   "%br_ln261 = br i1 %icmp_ln261, void %cleanup.cont.critedge, void %if.then3" [../HLS/src/spmv_csc.cpp:261]   --->   Operation 28 'br' 'br_ln261' <Predicate = (!pkt_last)> <Delay = 0.00>
ST_1 : Operation 29 [1/1] (0.00ns)   --->   "%zext_ln263 = zext i32 %pkt_row" [../HLS/src/spmv_csc.cpp:263]   --->   Operation 29 'zext' 'zext_ln263' <Predicate = (!pkt_last & icmp_ln261)> <Delay = 0.00>
ST_1 : Operation 30 [1/1] (0.00ns)   --->   "%y_partial_addr = getelementptr i32 %y_partial, i64 0, i64 %zext_ln263" [../HLS/src/spmv_csc.cpp:263]   --->   Operation 30 'getelementptr' 'y_partial_addr' <Predicate = (!pkt_last & icmp_ln261)> <Delay = 0.00>
ST_1 : Operation 31 [1/1] (0.00ns)   --->   "%br_ln251 = br void %while.body" [../HLS/src/spmv_csc.cpp:251]   --->   Operation 31 'br' 'br_ln251' <Predicate = (!pkt_last)> <Delay = 0.00>

State 2 <SV = 1> <Delay = 3.79>
ST_2 : Operation 32 [4/4] (3.79ns)   --->   "%mul = fmul i32 %pkt_val, i32 %pkt_x" [../HLS/src/spmv_csc.cpp:263]   --->   Operation 32 'fmul' 'mul' <Predicate = (!pkt_last & icmp_ln261)> <Delay = 3.79> <CoreInst = "FMul_maxdsp">   --->   Core 30 'FMul_maxdsp' <Latency = 3> <II = 1> <Delay = 3.79> <FuncUnit> <Opcode : 'fmul'> <InPorts = 2> <OutPorts = 1>

State 3 <SV = 2> <Delay = 3.79>
ST_3 : Operation 33 [3/4] (3.79ns)   --->   "%mul = fmul i32 %pkt_val, i32 %pkt_x" [../HLS/src/spmv_csc.cpp:263]   --->   Operation 33 'fmul' 'mul' <Predicate = (!pkt_last & icmp_ln261)> <Delay = 3.79> <CoreInst = "FMul_maxdsp">   --->   Core 30 'FMul_maxdsp' <Latency = 3> <II = 1> <Delay = 3.79> <FuncUnit> <Opcode : 'fmul'> <InPorts = 2> <OutPorts = 1>

State 4 <SV = 3> <Delay = 3.79>
ST_4 : Operation 34 [2/4] (3.79ns)   --->   "%mul = fmul i32 %pkt_val, i32 %pkt_x" [../HLS/src/spmv_csc.cpp:263]   --->   Operation 34 'fmul' 'mul' <Predicate = (!pkt_last & icmp_ln261)> <Delay = 3.79> <CoreInst = "FMul_maxdsp">   --->   Core 30 'FMul_maxdsp' <Latency = 3> <II = 1> <Delay = 3.79> <FuncUnit> <Opcode : 'fmul'> <InPorts = 2> <OutPorts = 1>
ST_4 : Operation 45 [1/1] (0.42ns)   --->   "%ret_ln0 = ret"   --->   Operation 45 'ret' 'ret_ln0' <Predicate = (pkt_last)> <Delay = 0.42>

State 5 <SV = 4> <Delay = 3.79>
ST_5 : Operation 35 [1/4] (3.79ns)   --->   "%mul = fmul i32 %pkt_val, i32 %pkt_x" [../HLS/src/spmv_csc.cpp:263]   --->   Operation 35 'fmul' 'mul' <Predicate = (!pkt_last & icmp_ln261)> <Delay = 3.79> <CoreInst = "FMul_maxdsp">   --->   Core 30 'FMul_maxdsp' <Latency = 3> <II = 1> <Delay = 3.79> <FuncUnit> <Opcode : 'fmul'> <InPorts = 2> <OutPorts = 1>
ST_5 : Operation 36 [2/2] (1.23ns)   --->   "%y_partial_load = load i10 %y_partial_addr" [../HLS/src/spmv_csc.cpp:263]   --->   Operation 36 'load' 'y_partial_load' <Predicate = (!pkt_last & icmp_ln261)> <Delay = 1.23> <CoreInst = "RAM_T2P_URAM">   --->   Core 99 'RAM_T2P_URAM' <Latency = 1> <II = 1> <Delay = 1.23> <Storage> <Opcode : 'load' 'store'> <Ports = 2> <Width = 32> <Depth = 1024> <RAM>

State 6 <SV = 5> <Delay = 4.96>
ST_6 : Operation 37 [1/2] ( I:1.23ns O:1.23ns )   --->   "%y_partial_load = load i10 %y_partial_addr" [../HLS/src/spmv_csc.cpp:263]   --->   Operation 37 'load' 'y_partial_load' <Predicate = (!pkt_last & icmp_ln261)> <Delay = 1.23> <CoreInst = "RAM_T2P_URAM">   --->   Core 99 'RAM_T2P_URAM' <Latency = 1> <II = 1> <Delay = 1.23> <Storage> <Opcode : 'load' 'store'> <Ports = 2> <Width = 32> <Depth = 1024> <RAM>
ST_6 : Operation 38 [5/5] (3.72ns)   --->   "%add = fadd i32 %y_partial_load, i32 %mul" [../HLS/src/spmv_csc.cpp:263]   --->   Operation 38 'fadd' 'add' <Predicate = (!pkt_last & icmp_ln261)> <Delay = 3.72> <CoreInst = "FAddSub_nodsp">   --->   Core 17 'FAddSub_nodsp' <Latency = 4> <II = 1> <Delay = 3.72> <FuncUnit> <Opcode : 'fadd' 'fsub'> <InPorts = 2> <OutPorts = 1>

State 7 <SV = 6> <Delay = 3.72>
ST_7 : Operation 39 [4/5] (3.72ns)   --->   "%add = fadd i32 %y_partial_load, i32 %mul" [../HLS/src/spmv_csc.cpp:263]   --->   Operation 39 'fadd' 'add' <Predicate = (icmp_ln261)> <Delay = 3.72> <CoreInst = "FAddSub_nodsp">   --->   Core 17 'FAddSub_nodsp' <Latency = 4> <II = 1> <Delay = 3.72> <FuncUnit> <Opcode : 'fadd' 'fsub'> <InPorts = 2> <OutPorts = 1>

State 8 <SV = 7> <Delay = 3.72>
ST_8 : Operation 40 [3/5] (3.72ns)   --->   "%add = fadd i32 %y_partial_load, i32 %mul" [../HLS/src/spmv_csc.cpp:263]   --->   Operation 40 'fadd' 'add' <Predicate = (icmp_ln261)> <Delay = 3.72> <CoreInst = "FAddSub_nodsp">   --->   Core 17 'FAddSub_nodsp' <Latency = 4> <II = 1> <Delay = 3.72> <FuncUnit> <Opcode : 'fadd' 'fsub'> <InPorts = 2> <OutPorts = 1>

State 9 <SV = 8> <Delay = 3.72>
ST_9 : Operation 41 [2/5] (3.72ns)   --->   "%add = fadd i32 %y_partial_load, i32 %mul" [../HLS/src/spmv_csc.cpp:263]   --->   Operation 41 'fadd' 'add' <Predicate = (icmp_ln261)> <Delay = 3.72> <CoreInst = "FAddSub_nodsp">   --->   Core 17 'FAddSub_nodsp' <Latency = 4> <II = 1> <Delay = 3.72> <FuncUnit> <Opcode : 'fadd' 'fsub'> <InPorts = 2> <OutPorts = 1>

State 10 <SV = 9> <Delay = 4.96>
ST_10 : Operation 42 [1/5] (3.72ns)   --->   "%add = fadd i32 %y_partial_load, i32 %mul" [../HLS/src/spmv_csc.cpp:263]   --->   Operation 42 'fadd' 'add' <Predicate = (icmp_ln261)> <Delay = 3.72> <CoreInst = "FAddSub_nodsp">   --->   Core 17 'FAddSub_nodsp' <Latency = 4> <II = 1> <Delay = 3.72> <FuncUnit> <Opcode : 'fadd' 'fsub'> <InPorts = 2> <OutPorts = 1>
ST_10 : Operation 43 [1/1] ( I:1.23ns O:1.23ns )   --->   "%store_ln263 = store i32 %add, i10 %y_partial_addr" [../HLS/src/spmv_csc.cpp:263]   --->   Operation 43 'store' 'store_ln263' <Predicate = (icmp_ln261)> <Delay = 1.23> <CoreInst = "RAM_T2P_URAM">   --->   Core 99 'RAM_T2P_URAM' <Latency = 1> <II = 1> <Delay = 1.23> <Storage> <Opcode : 'load' 'store'> <Ports = 2> <Width = 32> <Depth = 1024> <RAM>
ST_10 : Operation 44 [1/1] (0.00ns)   --->   "%br_ln264 = br void %cleanup.cont.critedge" [../HLS/src/spmv_csc.cpp:264]   --->   Operation 44 'br' 'br_ln264' <Predicate = (icmp_ln261)> <Delay = 0.00>


============================================================
+ Verbose Summary: Binding
============================================================
STG Binding: 
---------------- STG Properties BEGIN ----------------
- Is combinational: 0
- Is one-state seq: 0
- Is datapath-only: 0
- Is pipelined: 0
- Is top level: 0
Port [ Return ] is wired: 1; IO mode=ap_ctrl_hs:ce=0
Port [ pe_streams_12]:  wired=1; compound=1; hidden=0; nouse=0; global=0; static=0; extern=0; dir=0; type=3; pingpong=0; private_global=0; IO mode=ap_fifo:ce=0
Port [ num_rows_12]:  wired=1; compound=0; hidden=0; nouse=0; global=0; static=0; extern=0; dir=0; type=0; pingpong=0; private_global=0; IO mode=ap_none:ce=0
Port [ y_partial]:  wired=1; compound=1; hidden=0; nouse=0; global=0; static=0; extern=0; dir=2; type=1; pingpong=0; private_global=0; MemPort=[23]; IO mode=ap_memory:ce=0
---------------- STG Properties END ------------------

---------------- Datapath Model BEGIN ----------------

<LifeTime>
<method=bitvector/>
specmemcore_ln0    (specmemcore  ) [ 00000000000]
specinterface_ln0  (specinterface) [ 00000000000]
num_rows_12_read   (read         ) [ 00000000000]
br_ln254           (br           ) [ 00000000000]
pe_streams_12_read (read         ) [ 00000000000]
pkt_last           (bitselect    ) [ 01111110000]
br_ln255           (br           ) [ 00000000000]
trunc_ln254_s      (partselect   ) [ 00000000000]
trunc_ln254_9      (partselect   ) [ 00000000000]
pkt_val            (bitcast      ) [ 00111100000]
pkt_x              (bitcast      ) [ 00111100000]
pkt_row            (trunc        ) [ 00000000000]
specpipeline_ln253 (specpipeline ) [ 00000000000]
specloopname_ln251 (specloopname ) [ 00000000000]
icmp_ln261         (icmp         ) [ 01111111111]
br_ln261           (br           ) [ 00000000000]
zext_ln263         (zext         ) [ 00000000000]
y_partial_addr     (getelementptr) [ 01111111111]
br_ln251           (br           ) [ 00000000000]
mul                (fmul         ) [ 01111011111]
y_partial_load     (load         ) [ 01111001111]
add                (fadd         ) [ 00000000000]
store_ln263        (store        ) [ 00000000000]
br_ln264           (br           ) [ 00000000000]
ret_ln0            (ret          ) [ 00000000000]
</LifeTime>

<model>

<comp_list>
<comp id="0" class="1000" name="pe_streams_12">
<pin_list>
<pin id="1" dir="1" index="0" bw="1" slack="0"/>
</pin_list>
<bind>
<StgValue><ssdm name="pe_streams_12"/></StgValue>
</bind>
</comp>

<comp id="2" class="1000" name="num_rows_12">
<pin_list>
<pin id="3" dir="1" index="0" bw="1" slack="0"/>
</pin_list>
<bind>
<StgValue><ssdm name="num_rows_12"/></StgValue>
</bind>
</comp>

<comp id="4" class="1000" name="y_partial">
<pin_list>
<pin id="5" dir="1" index="0" bw="1" slack="0"/>
</pin_list>
<bind>
<StgValue><ssdm name="y_partial"/><MemPortTyVec>2 3 </MemPortTyVec>
</StgValue>
</bind>
</comp>

<comp id="6" class="1001" name="const_6">
<pin_list>
<pin id="7" dir="1" index="0" bw="1" slack="2147483647"/>
</pin_list>
<bind>
<StgValue><ssdm name="_ssdm_op_SpecMemCore"/></StgValue>
</bind>
</comp>

<comp id="8" class="1001" name="const_8">
<pin_list>
<pin id="9" dir="1" index="0" bw="1" slack="2147483647"/>
</pin_list>
<bind>
<StgValue><ssdm name=""/></StgValue>
</bind>
</comp>

<comp id="10" class="1001" name="const_10">
<pin_list>
<pin id="11" dir="1" index="0" bw="1" slack="2147483647"/>
</pin_list>
<bind>
<StgValue><ssdm name=""/></StgValue>
</bind>
</comp>

<comp id="12" class="1001" name="const_12">
<pin_list>
<pin id="13" dir="1" index="0" bw="1" slack="2147483647"/>
</pin_list>
<bind>
<StgValue><ssdm name=""/></StgValue>
</bind>
</comp>

<comp id="14" class="1001" name="const_14">
<pin_list>
<pin id="15" dir="1" index="0" bw="1" slack="2147483647"/>
</pin_list>
<bind>
<StgValue><ssdm name="_ssdm_op_SpecInterface"/></StgValue>
</bind>
</comp>

<comp id="16" class="1001" name="const_16">
<pin_list>
<pin id="17" dir="1" index="0" bw="1" slack="2147483647"/>
</pin_list>
<bind>
<StgValue><ssdm name="empty_16"/></StgValue>
</bind>
</comp>

<comp id="18" class="1001" name="const_18">
<pin_list>
<pin id="19" dir="1" index="0" bw="1" slack="2147483647"/>
</pin_list>
<bind>
<StgValue><ssdm name=""/></StgValue>
</bind>
</comp>

<comp id="20" class="1001" name="const_20">
<pin_list>
<pin id="21" dir="1" index="0" bw="1" slack="2147483647"/>
</pin_list>
<bind>
<StgValue><ssdm name="empty_25"/></StgValue>
</bind>
</comp>

<comp id="22" class="1001" name="const_22">
<pin_list>
<pin id="23" dir="1" index="0" bw="1" slack="2147483647"/>
</pin_list>
<bind>
<StgValue><ssdm name=""/></StgValue>
</bind>
</comp>

<comp id="24" class="1001" name="const_24">
<pin_list>
<pin id="25" dir="1" index="0" bw="1" slack="0"/>
</pin_list>
<bind>
<StgValue><ssdm name="_ssdm_op_Read.ap_auto.i32"/></StgValue>
</bind>
</comp>

<comp id="26" class="1001" name="const_26">
<pin_list>
<pin id="27" dir="1" index="0" bw="1" slack="0"/>
</pin_list>
<bind>
<StgValue><ssdm name="_ssdm_op_Read.ap_fifo.volatile.i97P0A"/></StgValue>
</bind>
</comp>

<comp id="28" class="1001" name="const_28">
<pin_list>
<pin id="29" dir="1" index="0" bw="1" slack="0"/>
</pin_list>
<bind>
<StgValue><ssdm name="_ssdm_op_BitSelect.i1.i97.i32"/></StgValue>
</bind>
</comp>

<comp id="30" class="1001" name="const_30">
<pin_list>
<pin id="31" dir="1" index="0" bw="1" slack="0"/>
</pin_list>
<bind>
<StgValue><ssdm name=""/></StgValue>
</bind>
</comp>

<comp id="32" class="1001" name="const_32">
<pin_list>
<pin id="33" dir="1" index="0" bw="1" slack="0"/>
</pin_list>
<bind>
<StgValue><ssdm name="_ssdm_op_PartSelect.i32.i97.i32.i32"/></StgValue>
</bind>
</comp>

<comp id="34" class="1001" name="const_34">
<pin_list>
<pin id="35" dir="1" index="0" bw="1" slack="0"/>
</pin_list>
<bind>
<StgValue><ssdm name=""/></StgValue>
</bind>
</comp>

<comp id="36" class="1001" name="const_36">
<pin_list>
<pin id="37" dir="1" index="0" bw="1" slack="0"/>
</pin_list>
<bind>
<StgValue><ssdm name=""/></StgValue>
</bind>
</comp>

<comp id="38" class="1001" name="const_38">
<pin_list>
<pin id="39" dir="1" index="0" bw="1" slack="0"/>
</pin_list>
<bind>
<StgValue><ssdm name=""/></StgValue>
</bind>
</comp>

<comp id="40" class="1001" name="const_40">
<pin_list>
<pin id="41" dir="1" index="0" bw="1" slack="0"/>
</pin_list>
<bind>
<StgValue><ssdm name=""/></StgValue>
</bind>
</comp>

<comp id="42" class="1001" name="const_42">
<pin_list>
<pin id="43" dir="1" index="0" bw="1" slack="2147483647"/>
</pin_list>
<bind>
<StgValue><ssdm name="_ssdm_op_SpecPipeline"/></StgValue>
</bind>
</comp>

<comp id="44" class="1001" name="const_44">
<pin_list>
<pin id="45" dir="1" index="0" bw="1" slack="2147483647"/>
</pin_list>
<bind>
<StgValue><ssdm name=""/></StgValue>
</bind>
</comp>

<comp id="46" class="1001" name="const_46">
<pin_list>
<pin id="47" dir="1" index="0" bw="1" slack="2147483647"/>
</pin_list>
<bind>
<StgValue><ssdm name="_ssdm_op_SpecLoopName"/></StgValue>
</bind>
</comp>

<comp id="48" class="1001" name="const_48">
<pin_list>
<pin id="49" dir="1" index="0" bw="1" slack="2147483647"/>
</pin_list>
<bind>
<StgValue><ssdm name="empty_9"/></StgValue>
</bind>
</comp>

<comp id="50" class="1001" name="const_50">
<pin_list>
<pin id="51" dir="1" index="0" bw="1" slack="0"/>
</pin_list>
<bind>
<StgValue><ssdm name=""/></StgValue>
</bind>
</comp>

<comp id="52" class="1004" name="num_rows_12_read_read_fu_52">
<pin_list>
<pin id="53" dir="0" index="0" bw="32" slack="0"/>
<pin id="54" dir="0" index="1" bw="32" slack="0"/>
<pin id="55" dir="1" index="2" bw="32" slack="0"/>
</pin_list>
<bind>
<opcode="read(1150) " fcode="read"/>
<opset="num_rows_12_read/1 "/>
</bind>
</comp>

<comp id="58" class="1004" name="pe_streams_12_read_read_fu_58">
<pin_list>
<pin id="59" dir="0" index="0" bw="97" slack="0"/>
<pin id="60" dir="0" index="1" bw="97" slack="0"/>
<pin id="61" dir="1" index="2" bw="97" slack="0"/>
</pin_list>
<bind>
<opcode="read(1150) " fcode="read"/>
<opset="pe_streams_12_read/1 "/>
</bind>
</comp>

<comp id="64" class="1004" name="y_partial_addr_gep_fu_64">
<pin_list>
<pin id="65" dir="0" index="0" bw="32" slack="0"/>
<pin id="66" dir="0" index="1" bw="1" slack="0"/>
<pin id="67" dir="0" index="2" bw="32" slack="0"/>
<pin id="68" dir="1" index="3" bw="10" slack="4"/>
</pin_list>
<bind>
<opcode="getelementptr(29) " fcode="getelementptr"/>
<opset="y_partial_addr/1 "/>
</bind>
</comp>

<comp id="71" class="1004" name="grp_access_fu_71">
<pin_list>
<pin id="72" dir="0" index="0" bw="10" slack="4"/>
<pin id="73" dir="0" index="1" bw="32" slack="0"/>
<pin id="74" dir="0" index="2" bw="0" slack="2147483647"/>
<pin id="75" dir="1" index="3" bw="32" slack="0"/>
</pin_list>
<bind>
<opcode="load(27) store(28) " fcode="store"/>
<opset="y_partial_load/5 store_ln263/10 "/>
</bind>
</comp>

<comp id="76" class="1004" name="grp_fu_76">
<pin_list>
<pin id="77" dir="0" index="0" bw="32" slack="0"/>
<pin id="78" dir="0" index="1" bw="32" slack="1"/>
<pin id="79" dir="1" index="2" bw="32" slack="0"/>
</pin_list>
<bind>
<opcode="fadd(9) " fcode="fadd"/>
<opset="add/6 "/>
</bind>
</comp>

<comp id="82" class="1004" name="grp_fu_82">
<pin_list>
<pin id="83" dir="0" index="0" bw="32" slack="1"/>
<pin id="84" dir="0" index="1" bw="32" slack="1"/>
<pin id="85" dir="1" index="2" bw="32" slack="1"/>
</pin_list>
<bind>
<opcode="fmul(13) " fcode="fmul"/>
<opset="mul/2 "/>
</bind>
</comp>

<comp id="86" class="1004" name="pkt_last_fu_86">
<pin_list>
<pin id="87" dir="0" index="0" bw="1" slack="0"/>
<pin id="88" dir="0" index="1" bw="97" slack="0"/>
<pin id="89" dir="0" index="2" bw="8" slack="0"/>
<pin id="90" dir="1" index="3" bw="1" slack="1"/>
</pin_list>
<bind>
<opcode="bitselect(1000) " fcode="bitselect"/>
<opset="pkt_last/1 "/>
</bind>
</comp>

<comp id="94" class="1004" name="trunc_ln254_s_fu_94">
<pin_list>
<pin id="95" dir="0" index="0" bw="32" slack="0"/>
<pin id="96" dir="0" index="1" bw="97" slack="0"/>
<pin id="97" dir="0" index="2" bw="7" slack="0"/>
<pin id="98" dir="0" index="3" bw="7" slack="0"/>
<pin id="99" dir="1" index="4" bw="32" slack="0"/>
</pin_list>
<bind>
<opcode="partselect(1002) " fcode="partselect"/>
<opset="trunc_ln254_s/1 "/>
</bind>
</comp>

<comp id="104" class="1004" name="trunc_ln254_9_fu_104">
<pin_list>
<pin id="105" dir="0" index="0" bw="32" slack="0"/>
<pin id="106" dir="0" index="1" bw="97" slack="0"/>
<pin id="107" dir="0" index="2" bw="8" slack="0"/>
<pin id="108" dir="0" index="3" bw="8" slack="0"/>
<pin id="109" dir="1" index="4" bw="32" slack="0"/>
</pin_list>
<bind>
<opcode="partselect(1002) " fcode="partselect"/>
<opset="trunc_ln254_9/1 "/>
</bind>
</comp>

<comp id="114" class="1004" name="pkt_val_fu_114">
<pin_list>
<pin id="115" dir="0" index="0" bw="32" slack="0"/>
<pin id="116" dir="1" index="1" bw="32" slack="1"/>
</pin_list>
<bind>
<opcode="bitcast(44) " fcode="bitcast"/>
<opset="pkt_val/1 "/>
</bind>
</comp>

<comp id="118" class="1004" name="pkt_x_fu_118">
<pin_list>
<pin id="119" dir="0" index="0" bw="32" slack="0"/>
<pin id="120" dir="1" index="1" bw="32" slack="1"/>
</pin_list>
<bind>
<opcode="bitcast(44) " fcode="bitcast"/>
<opset="pkt_x/1 "/>
</bind>
</comp>

<comp id="122" class="1004" name="pkt_row_fu_122">
<pin_list>
<pin id="123" dir="0" index="0" bw="97" slack="0"/>
<pin id="124" dir="1" index="1" bw="32" slack="0"/>
</pin_list>
<bind>
<opcode="trunc(33) " fcode="trunc"/>
<opset="pkt_row/1 "/>
</bind>
</comp>

<comp id="126" class="1004" name="icmp_ln261_fu_126">
<pin_list>
<pin id="127" dir="0" index="0" bw="32" slack="0"/>
<pin id="128" dir="0" index="1" bw="32" slack="0"/>
<pin id="129" dir="1" index="2" bw="1" slack="1"/>
</pin_list>
<bind>
<opcode="icmp(45) " fcode="icmp"/>
<opset="icmp_ln261/1 "/>
</bind>
</comp>

<comp id="132" class="1004" name="zext_ln263_fu_132">
<pin_list>
<pin id="133" dir="0" index="0" bw="32" slack="0"/>
<pin id="134" dir="1" index="1" bw="64" slack="0"/>
</pin_list>
<bind>
<opcode="zext(34) " fcode="zext"/>
<opset="zext_ln263/1 "/>
</bind>
</comp>

<comp id="137" class="1005" name="pkt_last_reg_137">
<pin_list>
<pin id="138" dir="0" index="0" bw="1" slack="1"/>
<pin id="139" dir="1" index="1" bw="1" slack="2147483647"/>
</pin_list>
<bind>
<opset="pkt_last "/>
</bind>
</comp>

<comp id="141" class="1005" name="pkt_val_reg_141">
<pin_list>
<pin id="142" dir="0" index="0" bw="32" slack="1"/>
<pin id="143" dir="1" index="1" bw="32" slack="1"/>
</pin_list>
<bind>
<opset="pkt_val "/>
</bind>
</comp>

<comp id="146" class="1005" name="pkt_x_reg_146">
<pin_list>
<pin id="147" dir="0" index="0" bw="32" slack="1"/>
<pin id="148" dir="1" index="1" bw="32" slack="1"/>
</pin_list>
<bind>
<opset="pkt_x "/>
</bind>
</comp>

<comp id="151" class="1005" name="icmp_ln261_reg_151">
<pin_list>
<pin id="152" dir="0" index="0" bw="1" slack="1"/>
<pin id="153" dir="1" index="1" bw="1" slack="2147483647"/>
</pin_list>
<bind>
<opset="icmp_ln261 "/>
</bind>
</comp>

<comp id="155" class="1005" name="y_partial_addr_reg_155">
<pin_list>
<pin id="156" dir="0" index="0" bw="10" slack="4"/>
<pin id="157" dir="1" index="1" bw="10" slack="4"/>
</pin_list>
<bind>
<opset="y_partial_addr "/>
</bind>
</comp>

<comp id="160" class="1005" name="mul_reg_160">
<pin_list>
<pin id="161" dir="0" index="0" bw="32" slack="1"/>
<pin id="162" dir="1" index="1" bw="32" slack="1"/>
</pin_list>
<bind>
<opset="mul "/>
</bind>
</comp>

<comp id="165" class="1005" name="y_partial_load_reg_165">
<pin_list>
<pin id="166" dir="0" index="0" bw="32" slack="1"/>
<pin id="167" dir="1" index="1" bw="32" slack="1"/>
</pin_list>
<bind>
<opset="y_partial_load "/>
</bind>
</comp>

</comp_list>

<net_list>
<net id="56"><net_src comp="24" pin="0"/><net_sink comp="52" pin=0"/></net>

<net id="57"><net_src comp="2" pin="0"/><net_sink comp="52" pin=1"/></net>

<net id="62"><net_src comp="26" pin="0"/><net_sink comp="58" pin=0"/></net>

<net id="63"><net_src comp="0" pin="0"/><net_sink comp="58" pin=1"/></net>

<net id="69"><net_src comp="4" pin="0"/><net_sink comp="64" pin=0"/></net>

<net id="70"><net_src comp="50" pin="0"/><net_sink comp="64" pin=1"/></net>

<net id="80"><net_src comp="76" pin="2"/><net_sink comp="71" pin=1"/></net>

<net id="81"><net_src comp="71" pin="3"/><net_sink comp="76" pin=0"/></net>

<net id="91"><net_src comp="28" pin="0"/><net_sink comp="86" pin=0"/></net>

<net id="92"><net_src comp="58" pin="2"/><net_sink comp="86" pin=1"/></net>

<net id="93"><net_src comp="30" pin="0"/><net_sink comp="86" pin=2"/></net>

<net id="100"><net_src comp="32" pin="0"/><net_sink comp="94" pin=0"/></net>

<net id="101"><net_src comp="58" pin="2"/><net_sink comp="94" pin=1"/></net>

<net id="102"><net_src comp="34" pin="0"/><net_sink comp="94" pin=2"/></net>

<net id="103"><net_src comp="36" pin="0"/><net_sink comp="94" pin=3"/></net>

<net id="110"><net_src comp="32" pin="0"/><net_sink comp="104" pin=0"/></net>

<net id="111"><net_src comp="58" pin="2"/><net_sink comp="104" pin=1"/></net>

<net id="112"><net_src comp="38" pin="0"/><net_sink comp="104" pin=2"/></net>

<net id="113"><net_src comp="40" pin="0"/><net_sink comp="104" pin=3"/></net>

<net id="117"><net_src comp="94" pin="4"/><net_sink comp="114" pin=0"/></net>

<net id="121"><net_src comp="104" pin="4"/><net_sink comp="118" pin=0"/></net>

<net id="125"><net_src comp="58" pin="2"/><net_sink comp="122" pin=0"/></net>

<net id="130"><net_src comp="122" pin="1"/><net_sink comp="126" pin=0"/></net>

<net id="131"><net_src comp="52" pin="2"/><net_sink comp="126" pin=1"/></net>

<net id="135"><net_src comp="122" pin="1"/><net_sink comp="132" pin=0"/></net>

<net id="136"><net_src comp="132" pin="1"/><net_sink comp="64" pin=2"/></net>

<net id="140"><net_src comp="86" pin="3"/><net_sink comp="137" pin=0"/></net>

<net id="144"><net_src comp="114" pin="1"/><net_sink comp="141" pin=0"/></net>

<net id="145"><net_src comp="141" pin="1"/><net_sink comp="82" pin=0"/></net>

<net id="149"><net_src comp="118" pin="1"/><net_sink comp="146" pin=0"/></net>

<net id="150"><net_src comp="146" pin="1"/><net_sink comp="82" pin=1"/></net>

<net id="154"><net_src comp="126" pin="2"/><net_sink comp="151" pin=0"/></net>

<net id="158"><net_src comp="64" pin="3"/><net_sink comp="155" pin=0"/></net>

<net id="159"><net_src comp="155" pin="1"/><net_sink comp="71" pin=0"/></net>

<net id="163"><net_src comp="82" pin="2"/><net_sink comp="160" pin=0"/></net>

<net id="164"><net_src comp="160" pin="1"/><net_sink comp="76" pin=1"/></net>

<net id="168"><net_src comp="71" pin="3"/><net_sink comp="165" pin=0"/></net>

<net id="169"><net_src comp="165" pin="1"/><net_sink comp="76" pin=0"/></net>

</net_list>

</model> 
---------------- Datapath Model END ------------------

* FSMD analyzer results:
  - Output states:
	Port: pe_streams_12 | {}
	Port: y_partial | {10 }
 - Input state : 
	Port: compute_pe.12_Pipeline_VITIS_LOOP_251_2 : pe_streams_12 | {1 }
	Port: compute_pe.12_Pipeline_VITIS_LOOP_251_2 : num_rows_12 | {1 }
	Port: compute_pe.12_Pipeline_VITIS_LOOP_251_2 : y_partial | {5 6 }
  - Chain level:
	State 1
		br_ln255 : 1
		pkt_val : 1
		pkt_x : 1
		icmp_ln261 : 1
		br_ln261 : 2
		zext_ln263 : 1
		y_partial_addr : 2
	State 2
	State 3
	State 4
	State 5
	State 6
		add : 1
	State 7
	State 8
	State 9
	State 10
		store_ln263 : 1


============================================================
+ Verbose Summary: Datapath Resource usage 
============================================================

* Functional unit list:
|----------|-------------------------------|---------|---------|---------|
| Operation|        Functional Unit        |   DSP   |    FF   |   LUT   |
|----------|-------------------------------|---------|---------|---------|
|   fadd   |           grp_fu_76           |    0    |   233   |   406   |
|----------|-------------------------------|---------|---------|---------|
|   fmul   |           grp_fu_82           |    3    |   143   |   139   |
|----------|-------------------------------|---------|---------|---------|
|   icmp   |       icmp_ln261_fu_126       |    0    |    0    |    39   |
|----------|-------------------------------|---------|---------|---------|
|   read   |  num_rows_12_read_read_fu_52  |    0    |    0    |    0    |
|          | pe_streams_12_read_read_fu_58 |    0    |    0    |    0    |
|----------|-------------------------------|---------|---------|---------|
| bitselect|         pkt_last_fu_86        |    0    |    0    |    0    |
|----------|-------------------------------|---------|---------|---------|
|partselect|      trunc_ln254_s_fu_94      |    0    |    0    |    0    |
|          |      trunc_ln254_9_fu_104     |    0    |    0    |    0    |
|----------|-------------------------------|---------|---------|---------|
|   trunc  |         pkt_row_fu_122        |    0    |    0    |    0    |
|----------|-------------------------------|---------|---------|---------|
|   zext   |       zext_ln263_fu_132       |    0    |    0    |    0    |
|----------|-------------------------------|---------|---------|---------|
|   Total  |                               |    3    |   376   |   584   |
|----------|-------------------------------|---------|---------|---------|

Memories:
N/A

* Register list:
+----------------------+--------+
|                      |   FF   |
+----------------------+--------+
|  icmp_ln261_reg_151  |    1   |
|      mul_reg_160     |   32   |
|   pkt_last_reg_137   |    1   |
|    pkt_val_reg_141   |   32   |
|     pkt_x_reg_146    |   32   |
|y_partial_addr_reg_155|   10   |
|y_partial_load_reg_165|   32   |
+----------------------+--------+
|         Total        |   140  |
+----------------------+--------+

* Multiplexer (MUX) list: 
|-----------|------|------|------|--------||---------||---------||---------|
|    Comp   |  Pin | Size |  BW  | S x BW ||  Delay  ||    FF   ||   LUT   |
|-----------|------|------|------|--------||---------||---------||---------|
| grp_fu_76 |  p0  |   2  |  32  |   64   ||    0    ||    9    |
|-----------|------|------|------|--------||---------||---------||---------|
|   Total   |      |      |      |   64   ||  0.427  ||    0    ||    9    |
|-----------|------|------|------|--------||---------||---------||---------|



* Summary:
+-----------+--------+--------+--------+--------+
|           |   DSP  |  Delay |   FF   |   LUT  |
+-----------+--------+--------+--------+--------+
|  Function |    3   |    -   |   376  |   584  |
|   Memory  |    -   |    -   |    -   |    -   |
|Multiplexer|    -   |    0   |    0   |    9   |
|  Register |    -   |    -   |   140  |    -   |
+-----------+--------+--------+--------+--------+
|   Total   |    3   |    0   |   516  |   593  |
+-----------+--------+--------+--------+--------+
