

================================================================
== Vitis HLS Report for 'compute_pe_11'
================================================================
* Date:           Thu Apr 23 17:42:03 2026

* Version:        2024.2 (Build 5238294 on Nov  8 2024)
* Project:        spmv_csc
* Solution:       hls (Vivado IP Flow Target)
* Product family: zynquplus
* Target device:  xczu7ev-ffvc1156-2-e


================================================================
== Performance Estimates
================================================================
+ Timing: 
    * Summary: 
    +--------+---------+----------+------------+
    |  Clock |  Target | Estimated| Uncertainty|
    +--------+---------+----------+------------+
    |ap_clk  |  5.00 ns|  4.965 ns|     1.00 ns|
    +--------+---------+----------+------------+

+ Latency: 
    * Summary: 
    +---------+---------+----------+----------+-----+-----+---------+
    |  Latency (cycles) |  Latency (absolute) |  Interval | Pipeline|
    |   min   |   max   |    min   |    max   | min | max |   Type  |
    +---------+---------+----------+----------+-----+-----+---------+
    |        ?|        ?|         ?|         ?|    ?|    ?|       no|
    +---------+---------+----------+----------+-----+-----+---------+

    + Detail: 
        * Instance: 
        N/A

        * Loop: 
        N/A

============================================================
+ Verbose Summary: Synthesis Manager
============================================================
InlineROM: 1
ExposeGlobal: 0
============================================================
+ Verbose Summary: CDFG Model
============================================================
IsTopModel: 0
ResetActiveHigh: 1
IsCombinational: 2
IsDatapathOnly: 0
HasWiredReturn: 1
HasMFsm: 0
HasVarLatency: 1
IsPipeline: 0
IsRtlPipelined: 0
IsInstanceOverlapped: 0
IsDontTouch: 0
HasImplIP: 0
IsGatedGlobalClock: 0


============================================================
+ Verbose Summary: Schedule
============================================================
* Number of FSM states : 5
* Pipeline : 0
* Dataflow Pipeline: 0

* FSM state transitions: 
1 --> 2 
2 --> 3 
3 --> 4 
4 --> 5 
5 --> 

* FSM state operations: 

State 1 <SV = 0> <Delay = 1.83>
ST_1 : Operation 6 [1/1] ( I:1.83ns O:1.83ns )   --->   "%num_rows_13 = read i32 @_ssdm_op_Read.ap_fifo.i32P0A, i32 %num_rows"   --->   Operation 6 'read' 'num_rows_13' <Predicate = true> <Delay = 1.83> <CoreInst = "FIFO_SRL">   --->   Core 80 'FIFO_SRL' <Latency = 0> <II = 1> <Delay = 1.83> <Storage> <Opcode : 'read' 'write' 'nbread' 'nbwrite'> <Ports = 0> <Width = 32> <Depth = 4> <FIFO>

State 2 <SV = 1> <Delay = 2.25>
ST_2 : Operation 7 [1/1] (0.00ns)   --->   "%fence_ln245 = fence void @_ssdm_op_Fence, i32 %num_rows, i32 4294967295, i97 %pe_streams_11" [../HLS/src/spmv_csc.cpp:245]   --->   Operation 7 'fence' 'fence_ln245' <Predicate = true> <Delay = 0.00>
ST_2 : Operation 8 [2/2] (2.25ns)   --->   "%call_ln0 = call void @compute_pe.11_Pipeline_VITIS_LOOP_245_1, i32 %num_rows_13, i32 %y_partial"   --->   Operation 8 'call' 'call_ln0' <Predicate = true> <Delay = 2.25> <CoreType = "Generic">   --->   Generic Core
ST_2 : Operation 9 [1/1] (0.00ns)   --->   "%fence_ln254 = fence void @_ssdm_op_Fence, i32 %num_rows, i32 4294967295, i97 %pe_streams_11" [../HLS/src/spmv_csc.cpp:254]   --->   Operation 9 'fence' 'fence_ln254' <Predicate = true> <Delay = 0.00>

State 3 <SV = 2> <Delay = 1.87>
ST_3 : Operation 10 [1/2] (1.87ns)   --->   "%call_ln0 = call void @compute_pe.11_Pipeline_VITIS_LOOP_245_1, i32 %num_rows_13, i32 %y_partial"   --->   Operation 10 'call' 'call_ln0' <Predicate = true> <Delay = 1.87> <CoreType = "Generic">   --->   Generic Core

State 4 <SV = 3> <Delay = 1.01>
ST_4 : Operation 11 [2/2] (1.01ns)   --->   "%call_ln0 = call void @compute_pe.11_Pipeline_VITIS_LOOP_251_2, i97 %pe_streams_11, i32 %num_rows_13, i32 %y_partial"   --->   Operation 11 'call' 'call_ln0' <Predicate = true> <Delay = 1.01> <CoreType = "Generic">   --->   Generic Core

State 5 <SV = 4> <Delay = 0.00>
ST_5 : Operation 12 [1/1] (0.00ns)   --->   "%specinterface_ln0 = specinterface void @_ssdm_op_SpecInterface, i32 %num_rows, void @ap_fifo_str, i32 0, i32 0, void @p_str, i32 0, i32 0, void @p_str, void @p_str, void @p_str, i32 2, i32 2, i32 16, i32 16, void @p_str, void @ScalarProp_str, i32 4294967295, i32 0, i32 0"   --->   Operation 12 'specinterface' 'specinterface_ln0' <Predicate = true> <Delay = 0.00>
ST_5 : Operation 13 [1/1] (0.00ns)   --->   "%specmemcore_ln0 = specmemcore void @_ssdm_op_SpecMemCore, i32 %y_partial, i64 666, i64 31, i64 18446744073709551615"   --->   Operation 13 'specmemcore' 'specmemcore_ln0' <Predicate = true> <Delay = 0.00>
ST_5 : Operation 14 [1/1] (0.00ns)   --->   "%specinterface_ln0 = specinterface void @_ssdm_op_SpecInterface, i97 %pe_streams_11, void @empty_16, i32 0, i32 0, void @empty_25, i32 0, i32 0, void @empty_25, void @empty_25, void @empty_25, i32 0, i32 0, i32 0, i32 0, void @empty_25, void @empty_25, i32 4294967295, i32 0, i32 0"   --->   Operation 14 'specinterface' 'specinterface_ln0' <Predicate = true> <Delay = 0.00>
ST_5 : Operation 15 [1/2] (0.00ns)   --->   "%call_ln0 = call void @compute_pe.11_Pipeline_VITIS_LOOP_251_2, i97 %pe_streams_11, i32 %num_rows_13, i32 %y_partial"   --->   Operation 15 'call' 'call_ln0' <Predicate = true> <Delay = 0.00> <CoreType = "Generic">   --->   Generic Core
ST_5 : Operation 16 [1/1] (0.00ns)   --->   "%ret_ln266 = ret" [../HLS/src/spmv_csc.cpp:266]   --->   Operation 16 'ret' 'ret_ln266' <Predicate = true> <Delay = 0.00>


============================================================
+ Verbose Summary: Timing violations
============================================================
Target clock period: 5.000ns, clock uncertainty: 1.000ns.

 <State 1>: 1.838ns
The critical path consists of the following:
	fifo read operation ('num_rows') on port 'num_rows' [5]  (1.838 ns)

 <State 2>: 2.253ns
The critical path consists of the following:
	'call' operation 0 bit ('call_ln0') to 'compute_pe.11_Pipeline_VITIS_LOOP_245_1' [9]  (2.253 ns)

 <State 3>: 1.870ns
The critical path consists of the following:
	'call' operation 0 bit ('call_ln0') to 'compute_pe.11_Pipeline_VITIS_LOOP_245_1' [9]  (1.870 ns)

 <State 4>: 1.016ns
The critical path consists of the following:
	'call' operation 0 bit ('call_ln0') to 'compute_pe.11_Pipeline_VITIS_LOOP_251_2' [11]  (1.016 ns)

 <State 5>: 0.000ns
The critical path consists of the following:


============================================================
+ Verbose Summary: Binding
============================================================
N/A
* FSMD analyzer results:
  - Output states:
 - Input state : 
  - Chain level:
	State 1
	State 2
	State 3
	State 4
	State 5


============================================================
+ Verbose Summary: Datapath Resource usage 
============================================================
N/A
