

================================================================
== Vitis HLS Report for 'compute_pe_5_Pipeline_VITIS_LOOP_245_1'
================================================================
* Date:           Thu Apr 23 17:42:01 2026

* Version:        2024.2 (Build 5238294 on Nov  8 2024)
* Project:        spmv_csc
* Solution:       hls (Vivado IP Flow Target)
* Product family: zynquplus
* Target device:  xczu7ev-ffvc1156-2-e


================================================================
== Performance Estimates
================================================================
+ Timing: 
    * Summary: 
    +--------+---------+----------+------------+
    |  Clock |  Target | Estimated| Uncertainty|
    +--------+---------+----------+------------+
    |ap_clk  |  5.00 ns|  2.680 ns|     1.00 ns|
    +--------+---------+----------+------------+

+ Latency: 
    * Summary: 
    +---------+---------+----------+----------+-----+-----+------------------------------------------------+
    |  Latency (cycles) |  Latency (absolute) |  Interval |                    Pipeline                    |
    |   min   |   max   |    min   |    max   | min | max |                      Type                      |
    +---------+---------+----------+----------+-----+-----+------------------------------------------------+
    |        ?|        ?|         ?|         ?|    0|    0|  loop auto-rewind stp (delay=0 clock cycles(s))|
    +---------+---------+----------+----------+-----+-----+------------------------------------------------+

    + Detail: 
        * Instance: 
        N/A

        * Loop: 
        +--------------------+---------+---------+----------+-----------+-----------+------+----------+
        |                    |  Latency (cycles) | Iteration|  Initiation Interval  | Trip |          |
        |      Loop Name     |   min   |   max   |  Latency |  achieved |   target  | Count| Pipelined|
        +--------------------+---------+---------+----------+-----------+-----------+------+----------+
        |- VITIS_LOOP_245_1  |        ?|        ?|         1|          1|          1|     ?|       yes|
        +--------------------+---------+---------+----------+-----------+-----------+------+----------+

============================================================
+ Verbose Summary: Synthesis Manager
============================================================
InlineROM: 1
ExposeGlobal: 0
============================================================
+ Verbose Summary: CDFG Model
============================================================
IsTopModel: 0
ResetActiveHigh: 1
IsCombinational: 0
IsDatapathOnly: 0
HasWiredReturn: 1
HasMFsm: 2
HasVarLatency: 1
IsPipeline: 0
IsRtlPipelined: 0
IsInstanceOverlapped: 0
IsDontTouch: 0
HasImplIP: 0
IsGatedGlobalClock: 0

+ Individual pipeline summary: 
  * Pipeline-0: initiation interval (II) = 1, depth = 1


============================================================
+ Verbose Summary: Schedule
============================================================
* Number of FSM states : 1
* Pipeline : 1
  Pipeline-0 : II = 1, D = 1, States = { 1 }
* Dataflow Pipeline: 0

* FSM state transitions: 
1 --> 

* FSM state operations: 

State 1 <SV = 0> <Delay = 2.68>
ST_1 : Operation 4 [1/1] (0.00ns)   --->   "%i = alloca i32 1" [../HLS/src/spmv_csc.cpp:245]   --->   Operation 4 'alloca' 'i' <Predicate = true> <Delay = 0.00>
ST_1 : Operation 5 [1/1] (0.00ns)   --->   "%specmemcore_ln0 = specmemcore void @_ssdm_op_SpecMemCore, i32 %y_partial, i64 666, i64 31, i64 18446744073709551615"   --->   Operation 5 'specmemcore' 'specmemcore_ln0' <Predicate = true> <Delay = 0.00>
ST_1 : Operation 6 [1/1] (0.00ns)   --->   "%num_rows_5_read = read i32 @_ssdm_op_Read.ap_auto.i32, i32 %num_rows_5"   --->   Operation 6 'read' 'num_rows_5_read' <Predicate = true> <Delay = 0.00>
ST_1 : Operation 7 [1/1] (0.42ns)   --->   "%store_ln245 = store i11 0, i11 %i" [../HLS/src/spmv_csc.cpp:245]   --->   Operation 7 'store' 'store_ln245' <Predicate = true> <Delay = 0.42>
ST_1 : Operation 8 [1/1] (0.00ns)   --->   "%br_ln0 = br void %for.inc"   --->   Operation 8 'br' 'br_ln0' <Predicate = true> <Delay = 0.00>
ST_1 : Operation 9 [1/1] (0.00ns)   --->   "%i_7 = load i11 %i" [../HLS/src/spmv_csc.cpp:245]   --->   Operation 9 'load' 'i_7' <Predicate = true> <Delay = 0.00>
ST_1 : Operation 10 [1/1] (0.00ns)   --->   "%zext_ln245_5 = zext i11 %i_7" [../HLS/src/spmv_csc.cpp:245]   --->   Operation 10 'zext' 'zext_ln245_5' <Predicate = true> <Delay = 0.00>
ST_1 : Operation 11 [1/1] (1.01ns)   --->   "%icmp_ln245 = icmp_slt  i32 %zext_ln245_5, i32 %num_rows_5_read" [../HLS/src/spmv_csc.cpp:245]   --->   Operation 11 'icmp' 'icmp_ln245' <Predicate = true> <Delay = 1.01> <CoreInst = "Cmp">   --->   Core 9 'Cmp' <Latency = 0> <II = 1> <Delay = 1.01> <FuncUnit> <Opcode : 'seteq' 'setne' 'setle' 'setge' 'setlt' 'setgt'> <InPorts = 2> <OutPorts = 1>
ST_1 : Operation 12 [1/1] (0.79ns)   --->   "%add_ln245 = add i11 %i_7, i11 1" [../HLS/src/spmv_csc.cpp:245]   --->   Operation 12 'add' 'add_ln245' <Predicate = true> <Delay = 0.79> <CoreInst = "Adder">   --->   Core 1 'Adder' <Latency = 0> <II = 1> <Delay = 0.79> <FuncUnit> <Opcode : 'add' 'sub'> <InPorts = 2> <OutPorts = 1>
ST_1 : Operation 13 [1/1] (0.00ns)   --->   "%br_ln245 = br i1 %icmp_ln245, void %while.body.preheader.exitStub, void %for.inc.split" [../HLS/src/spmv_csc.cpp:245]   --->   Operation 13 'br' 'br_ln245' <Predicate = true> <Delay = 0.00>
ST_1 : Operation 14 [1/1] (0.00ns)   --->   "%zext_ln245 = zext i11 %i_7" [../HLS/src/spmv_csc.cpp:245]   --->   Operation 14 'zext' 'zext_ln245' <Predicate = (icmp_ln245)> <Delay = 0.00>
ST_1 : Operation 15 [1/1] (0.00ns)   --->   "%specpipeline_ln247 = specpipeline void @_ssdm_op_SpecPipeline, i32 1, i32 0, i32 0, i32 0, void @empty_25" [../HLS/src/spmv_csc.cpp:247]   --->   Operation 15 'specpipeline' 'specpipeline_ln247' <Predicate = (icmp_ln245)> <Delay = 0.00>
ST_1 : Operation 16 [1/1] (0.00ns)   --->   "%specloopname_ln245 = specloopname void @_ssdm_op_SpecLoopName, void @empty_14" [../HLS/src/spmv_csc.cpp:245]   --->   Operation 16 'specloopname' 'specloopname_ln245' <Predicate = (icmp_ln245)> <Delay = 0.00>
ST_1 : Operation 17 [1/1] (0.00ns)   --->   "%y_partial_addr = getelementptr i32 %y_partial, i64 0, i64 %zext_ln245" [../HLS/src/spmv_csc.cpp:248]   --->   Operation 17 'getelementptr' 'y_partial_addr' <Predicate = (icmp_ln245)> <Delay = 0.00>
ST_1 : Operation 18 [1/1] ( I:1.23ns O:1.23ns )   --->   "%store_ln248 = store i32 0, i10 %y_partial_addr" [../HLS/src/spmv_csc.cpp:248]   --->   Operation 18 'store' 'store_ln248' <Predicate = (icmp_ln245)> <Delay = 1.23> <CoreInst = "RAM_T2P_URAM">   --->   Core 99 'RAM_T2P_URAM' <Latency = 1> <II = 1> <Delay = 1.23> <Storage> <Opcode : 'load' 'store'> <Ports = 2> <Width = 32> <Depth = 1024> <RAM>
ST_1 : Operation 19 [1/1] (0.42ns)   --->   "%store_ln245 = store i11 %add_ln245, i11 %i" [../HLS/src/spmv_csc.cpp:245]   --->   Operation 19 'store' 'store_ln245' <Predicate = (icmp_ln245)> <Delay = 0.42>
ST_1 : Operation 20 [1/1] (0.00ns)   --->   "%br_ln245 = br void %for.inc" [../HLS/src/spmv_csc.cpp:245]   --->   Operation 20 'br' 'br_ln245' <Predicate = (icmp_ln245)> <Delay = 0.00>
ST_1 : Operation 21 [1/1] (0.42ns)   --->   "%ret_ln0 = ret"   --->   Operation 21 'ret' 'ret_ln0' <Predicate = (!icmp_ln245)> <Delay = 0.42>


============================================================
+ Verbose Summary: Timing violations
============================================================
Target clock period: 5.000ns, clock uncertainty: 1.000ns.

 <State 1>: 2.680ns
The critical path consists of the following:
	'store' operation 0 bit ('store_ln245', ../HLS/src/spmv_csc.cpp:245) of constant 0 on local variable 'i', ../HLS/src/spmv_csc.cpp:245 [6]  (0.427 ns)
	'load' operation 11 bit ('i', ../HLS/src/spmv_csc.cpp:245) on local variable 'i', ../HLS/src/spmv_csc.cpp:245 [9]  (0.000 ns)
	'icmp' operation 1 bit ('icmp_ln245', ../HLS/src/spmv_csc.cpp:245) [11]  (1.016 ns)
	'store' operation 0 bit ('store_ln248', ../HLS/src/spmv_csc.cpp:248) of constant 0 on array 'y_partial' [19]  (1.237 ns)


============================================================
+ Verbose Summary: Binding
============================================================
N/A
* FSMD analyzer results:
  - Output states:
 - Input state : 
  - Chain level:
	State 1


============================================================
+ Verbose Summary: Datapath Resource usage 
============================================================
N/A
