

================================================================
== Vitis HLS Report for 'distribute_to_pe_Pipeline_VITIS_LOOP_230_3'
================================================================
* Date:           Thu Apr 23 17:42:00 2026

* Version:        2024.2 (Build 5238294 on Nov  8 2024)
* Project:        spmv_csc
* Solution:       hls (Vivado IP Flow Target)
* Product family: zynquplus
* Target device:  xczu7ev-ffvc1156-2-e


================================================================
== Performance Estimates
================================================================
+ Timing: 
    * Summary: 
    +--------+---------+----------+------------+
    |  Clock |  Target | Estimated| Uncertainty|
    +--------+---------+----------+------------+
    |ap_clk  |  5.00 ns|  1.655 ns|     1.00 ns|
    +--------+---------+----------+------------+

+ Latency: 
    * Summary: 
    +---------+---------+-----------+-----------+-----+-----+------------------------------------------------+
    |  Latency (cycles) |   Latency (absolute)  |  Interval |                    Pipeline                    |
    |   min   |   max   |    min    |    max    | min | max |                      Type                      |
    +---------+---------+-----------+-----------+-----+-----+------------------------------------------------+
    |       18|       18|  90.000 ns|  90.000 ns|   17|   17|  loop auto-rewind stp (delay=0 clock cycles(s))|
    +---------+---------+-----------+-----------+-----+-----+------------------------------------------------+

    + Detail: 
        * Instance: 
        N/A

        * Loop: 
        +--------------------+---------+---------+----------+-----------+-----------+------+----------+
        |                    |  Latency (cycles) | Iteration|  Initiation Interval  | Trip |          |
        |      Loop Name     |   min   |   max   |  Latency |  achieved |   target  | Count| Pipelined|
        +--------------------+---------+---------+----------+-----------+-----------+------+----------+
        |- VITIS_LOOP_230_3  |       16|       16|         2|          1|          1|    16|       yes|
        +--------------------+---------+---------+----------+-----------+-----------+------+----------+

============================================================
+ Verbose Summary: Synthesis Manager
============================================================
InlineROM: 1
ExposeGlobal: 0
============================================================
+ Verbose Summary: CDFG Model
============================================================
IsTopModel: 0
ResetActiveHigh: 1
IsCombinational: 0
IsDatapathOnly: 0
HasWiredReturn: 1
HasMFsm: 2
HasVarLatency: 1
IsPipeline: 0
IsRtlPipelined: 0
IsInstanceOverlapped: 0
IsDontTouch: 0
HasImplIP: 0
IsGatedGlobalClock: 0

+ Individual pipeline summary: 
  * Pipeline-0: initiation interval (II) = 1, depth = 2


============================================================
+ Verbose Summary: Schedule
============================================================
* Number of FSM states : 2
* Pipeline : 1
  Pipeline-0 : II = 1, D = 2, States = { 1 2 }
* Dataflow Pipeline: 0

* FSM state transitions: 
1 --> 2 
2 --> 

* FSM state operations: 

State 1 <SV = 0> <Delay = 1.64>
ST_1 : Operation 5 [1/1] (0.00ns)   --->   "%i = alloca i32 1" [../HLS/src/spmv_csc.cpp:230]   --->   Operation 5 'alloca' 'i' <Predicate = true> <Delay = 0.00>
ST_1 : Operation 6 [1/1] (0.00ns)   --->   "%specinterface_ln0 = specinterface void @_ssdm_op_SpecInterface, i97 %pe_streams_0, void @empty_16, i32 0, i32 0, void @empty_25, i32 0, i32 0, void @empty_25, void @empty_25, void @empty_25, i32 0, i32 0, i32 0, i32 0, void @empty_25, void @empty_25, i32 4294967295, i32 0, i32 0"   --->   Operation 6 'specinterface' 'specinterface_ln0' <Predicate = true> <Delay = 0.00>
ST_1 : Operation 7 [1/1] (0.00ns)   --->   "%specinterface_ln0 = specinterface void @_ssdm_op_SpecInterface, i97 %pe_streams_1, void @empty_16, i32 0, i32 0, void @empty_25, i32 0, i32 0, void @empty_25, void @empty_25, void @empty_25, i32 0, i32 0, i32 0, i32 0, void @empty_25, void @empty_25, i32 4294967295, i32 0, i32 0"   --->   Operation 7 'specinterface' 'specinterface_ln0' <Predicate = true> <Delay = 0.00>
ST_1 : Operation 8 [1/1] (0.00ns)   --->   "%specinterface_ln0 = specinterface void @_ssdm_op_SpecInterface, i97 %pe_streams_2, void @empty_16, i32 0, i32 0, void @empty_25, i32 0, i32 0, void @empty_25, void @empty_25, void @empty_25, i32 0, i32 0, i32 0, i32 0, void @empty_25, void @empty_25, i32 4294967295, i32 0, i32 0"   --->   Operation 8 'specinterface' 'specinterface_ln0' <Predicate = true> <Delay = 0.00>
ST_1 : Operation 9 [1/1] (0.00ns)   --->   "%specinterface_ln0 = specinterface void @_ssdm_op_SpecInterface, i97 %pe_streams_3, void @empty_16, i32 0, i32 0, void @empty_25, i32 0, i32 0, void @empty_25, void @empty_25, void @empty_25, i32 0, i32 0, i32 0, i32 0, void @empty_25, void @empty_25, i32 4294967295, i32 0, i32 0"   --->   Operation 9 'specinterface' 'specinterface_ln0' <Predicate = true> <Delay = 0.00>
ST_1 : Operation 10 [1/1] (0.00ns)   --->   "%specinterface_ln0 = specinterface void @_ssdm_op_SpecInterface, i97 %pe_streams_4, void @empty_16, i32 0, i32 0, void @empty_25, i32 0, i32 0, void @empty_25, void @empty_25, void @empty_25, i32 0, i32 0, i32 0, i32 0, void @empty_25, void @empty_25, i32 4294967295, i32 0, i32 0"   --->   Operation 10 'specinterface' 'specinterface_ln0' <Predicate = true> <Delay = 0.00>
ST_1 : Operation 11 [1/1] (0.00ns)   --->   "%specinterface_ln0 = specinterface void @_ssdm_op_SpecInterface, i97 %pe_streams_5, void @empty_16, i32 0, i32 0, void @empty_25, i32 0, i32 0, void @empty_25, void @empty_25, void @empty_25, i32 0, i32 0, i32 0, i32 0, void @empty_25, void @empty_25, i32 4294967295, i32 0, i32 0"   --->   Operation 11 'specinterface' 'specinterface_ln0' <Predicate = true> <Delay = 0.00>
ST_1 : Operation 12 [1/1] (0.00ns)   --->   "%specinterface_ln0 = specinterface void @_ssdm_op_SpecInterface, i97 %pe_streams_6, void @empty_16, i32 0, i32 0, void @empty_25, i32 0, i32 0, void @empty_25, void @empty_25, void @empty_25, i32 0, i32 0, i32 0, i32 0, void @empty_25, void @empty_25, i32 4294967295, i32 0, i32 0"   --->   Operation 12 'specinterface' 'specinterface_ln0' <Predicate = true> <Delay = 0.00>
ST_1 : Operation 13 [1/1] (0.00ns)   --->   "%specinterface_ln0 = specinterface void @_ssdm_op_SpecInterface, i97 %pe_streams_7, void @empty_16, i32 0, i32 0, void @empty_25, i32 0, i32 0, void @empty_25, void @empty_25, void @empty_25, i32 0, i32 0, i32 0, i32 0, void @empty_25, void @empty_25, i32 4294967295, i32 0, i32 0"   --->   Operation 13 'specinterface' 'specinterface_ln0' <Predicate = true> <Delay = 0.00>
ST_1 : Operation 14 [1/1] (0.00ns)   --->   "%specinterface_ln0 = specinterface void @_ssdm_op_SpecInterface, i97 %pe_streams_8, void @empty_16, i32 0, i32 0, void @empty_25, i32 0, i32 0, void @empty_25, void @empty_25, void @empty_25, i32 0, i32 0, i32 0, i32 0, void @empty_25, void @empty_25, i32 4294967295, i32 0, i32 0"   --->   Operation 14 'specinterface' 'specinterface_ln0' <Predicate = true> <Delay = 0.00>
ST_1 : Operation 15 [1/1] (0.00ns)   --->   "%specinterface_ln0 = specinterface void @_ssdm_op_SpecInterface, i97 %pe_streams_9, void @empty_16, i32 0, i32 0, void @empty_25, i32 0, i32 0, void @empty_25, void @empty_25, void @empty_25, i32 0, i32 0, i32 0, i32 0, void @empty_25, void @empty_25, i32 4294967295, i32 0, i32 0"   --->   Operation 15 'specinterface' 'specinterface_ln0' <Predicate = true> <Delay = 0.00>
ST_1 : Operation 16 [1/1] (0.00ns)   --->   "%specinterface_ln0 = specinterface void @_ssdm_op_SpecInterface, i97 %pe_streams_10, void @empty_16, i32 0, i32 0, void @empty_25, i32 0, i32 0, void @empty_25, void @empty_25, void @empty_25, i32 0, i32 0, i32 0, i32 0, void @empty_25, void @empty_25, i32 4294967295, i32 0, i32 0"   --->   Operation 16 'specinterface' 'specinterface_ln0' <Predicate = true> <Delay = 0.00>
ST_1 : Operation 17 [1/1] (0.00ns)   --->   "%specinterface_ln0 = specinterface void @_ssdm_op_SpecInterface, i97 %pe_streams_11, void @empty_16, i32 0, i32 0, void @empty_25, i32 0, i32 0, void @empty_25, void @empty_25, void @empty_25, i32 0, i32 0, i32 0, i32 0, void @empty_25, void @empty_25, i32 4294967295, i32 0, i32 0"   --->   Operation 17 'specinterface' 'specinterface_ln0' <Predicate = true> <Delay = 0.00>
ST_1 : Operation 18 [1/1] (0.00ns)   --->   "%specinterface_ln0 = specinterface void @_ssdm_op_SpecInterface, i97 %pe_streams_12, void @empty_16, i32 0, i32 0, void @empty_25, i32 0, i32 0, void @empty_25, void @empty_25, void @empty_25, i32 0, i32 0, i32 0, i32 0, void @empty_25, void @empty_25, i32 4294967295, i32 0, i32 0"   --->   Operation 18 'specinterface' 'specinterface_ln0' <Predicate = true> <Delay = 0.00>
ST_1 : Operation 19 [1/1] (0.00ns)   --->   "%specinterface_ln0 = specinterface void @_ssdm_op_SpecInterface, i97 %pe_streams_13, void @empty_16, i32 0, i32 0, void @empty_25, i32 0, i32 0, void @empty_25, void @empty_25, void @empty_25, i32 0, i32 0, i32 0, i32 0, void @empty_25, void @empty_25, i32 4294967295, i32 0, i32 0"   --->   Operation 19 'specinterface' 'specinterface_ln0' <Predicate = true> <Delay = 0.00>
ST_1 : Operation 20 [1/1] (0.00ns)   --->   "%specinterface_ln0 = specinterface void @_ssdm_op_SpecInterface, i97 %pe_streams_14, void @empty_16, i32 0, i32 0, void @empty_25, i32 0, i32 0, void @empty_25, void @empty_25, void @empty_25, i32 0, i32 0, i32 0, i32 0, void @empty_25, void @empty_25, i32 4294967295, i32 0, i32 0"   --->   Operation 20 'specinterface' 'specinterface_ln0' <Predicate = true> <Delay = 0.00>
ST_1 : Operation 21 [1/1] (0.00ns)   --->   "%specinterface_ln0 = specinterface void @_ssdm_op_SpecInterface, i97 %pe_streams_15, void @empty_16, i32 0, i32 0, void @empty_25, i32 0, i32 0, void @empty_25, void @empty_25, void @empty_25, i32 0, i32 0, i32 0, i32 0, void @empty_25, void @empty_25, i32 4294967295, i32 0, i32 0"   --->   Operation 21 'specinterface' 'specinterface_ln0' <Predicate = true> <Delay = 0.00>
ST_1 : Operation 22 [1/1] (0.42ns)   --->   "%store_ln230 = store i5 0, i5 %i" [../HLS/src/spmv_csc.cpp:230]   --->   Operation 22 'store' 'store_ln230' <Predicate = true> <Delay = 0.42>
ST_1 : Operation 23 [1/1] (0.00ns)   --->   "%br_ln0 = br void %for.inc47"   --->   Operation 23 'br' 'br_ln0' <Predicate = true> <Delay = 0.00>
ST_1 : Operation 24 [1/1] (0.00ns)   --->   "%i_1 = load i5 %i" [../HLS/src/spmv_csc.cpp:230]   --->   Operation 24 'load' 'i_1' <Predicate = true> <Delay = 0.00>
ST_1 : Operation 25 [1/1] (0.78ns)   --->   "%icmp_ln230 = icmp_eq  i5 %i_1, i5 16" [../HLS/src/spmv_csc.cpp:230]   --->   Operation 25 'icmp' 'icmp_ln230' <Predicate = true> <Delay = 0.78> <CoreInst = "Cmp">   --->   Core 9 'Cmp' <Latency = 0> <II = 1> <Delay = 0.78> <FuncUnit> <Opcode : 'seteq' 'setne' 'setle' 'setge' 'setlt' 'setgt'> <InPorts = 2> <OutPorts = 1>
ST_1 : Operation 26 [1/1] (0.78ns)   --->   "%add_ln230 = add i5 %i_1, i5 1" [../HLS/src/spmv_csc.cpp:230]   --->   Operation 26 'add' 'add_ln230' <Predicate = true> <Delay = 0.78> <CoreInst = "Adder">   --->   Core 1 'Adder' <Latency = 0> <II = 1> <Delay = 0.78> <FuncUnit> <Opcode : 'add' 'sub'> <InPorts = 2> <OutPorts = 1>
ST_1 : Operation 27 [1/1] (0.00ns)   --->   "%br_ln230 = br i1 %icmp_ln230, void %for.inc47.split, void %for.end49.exitStub" [../HLS/src/spmv_csc.cpp:230]   --->   Operation 27 'br' 'br_ln230' <Predicate = true> <Delay = 0.00>
ST_1 : Operation 28 [1/1] (0.00ns)   --->   "%trunc_ln230 = trunc i5 %i_1" [../HLS/src/spmv_csc.cpp:230]   --->   Operation 28 'trunc' 'trunc_ln230' <Predicate = (!icmp_ln230)> <Delay = 0.00>
ST_1 : Operation 29 [1/1] (0.00ns)   --->   "%specpipeline_ln232 = specpipeline void @_ssdm_op_SpecPipeline, i32 1, i32 0, i32 0, i32 0, void @empty_25" [../HLS/src/spmv_csc.cpp:232]   --->   Operation 29 'specpipeline' 'specpipeline_ln232' <Predicate = (!icmp_ln230)> <Delay = 0.00>
ST_1 : Operation 30 [1/1] (0.00ns)   --->   "%speclooptripcount_ln230 = speclooptripcount void @_ssdm_op_SpecLoopTripCount, i64 16, i64 16, i64 16" [../HLS/src/spmv_csc.cpp:230]   --->   Operation 30 'speclooptripcount' 'speclooptripcount_ln230' <Predicate = (!icmp_ln230)> <Delay = 0.00>
ST_1 : Operation 31 [1/1] (0.00ns)   --->   "%specloopname_ln230 = specloopname void @_ssdm_op_SpecLoopName, void @empty_8" [../HLS/src/spmv_csc.cpp:230]   --->   Operation 31 'specloopname' 'specloopname_ln230' <Predicate = (!icmp_ln230)> <Delay = 0.00>
ST_1 : Operation 32 [1/1] (0.79ns)   --->   "%switch_ln238 = switch i4 %trunc_ln230, void %V.i521.case.15, i4 0, void %V.i521.case.0, i4 1, void %V.i521.case.1, i4 2, void %V.i521.case.2, i4 3, void %V.i521.case.3, i4 4, void %V.i521.case.4, i4 5, void %V.i521.case.5, i4 6, void %V.i521.case.6, i4 7, void %V.i521.case.7, i4 8, void %V.i521.case.8, i4 9, void %V.i521.case.9, i4 10, void %V.i521.case.10, i4 11, void %V.i521.case.11, i4 12, void %V.i521.case.12, i4 13, void %V.i521.case.13, i4 14, void %V.i521.case.14" [../HLS/src/spmv_csc.cpp:238]   --->   Operation 32 'switch' 'switch_ln238' <Predicate = (!icmp_ln230)> <Delay = 0.79>
ST_1 : Operation 33 [1/1] (0.42ns)   --->   "%store_ln230 = store i5 %add_ln230, i5 %i" [../HLS/src/spmv_csc.cpp:230]   --->   Operation 33 'store' 'store_ln230' <Predicate = (!icmp_ln230)> <Delay = 0.42>
ST_1 : Operation 34 [1/1] (0.00ns)   --->   "%br_ln230 = br void %for.inc47" [../HLS/src/spmv_csc.cpp:230]   --->   Operation 34 'br' 'br_ln230' <Predicate = (!icmp_ln230)> <Delay = 0.00>
ST_1 : Operation 67 [1/1] (0.42ns)   --->   "%ret_ln0 = ret"   --->   Operation 67 'ret' 'ret_ln0' <Predicate = (icmp_ln230)> <Delay = 0.42>

State 2 <SV = 1> <Delay = 1.65>
ST_2 : Operation 35 [1/1] ( I:1.65ns O:1.65ns )   --->   "%write_ln238 = write void @_ssdm_op_Write.ap_fifo.volatile.i97P0A, i97 %pe_streams_14, i97 79228162514264337593543950336" [../HLS/src/spmv_csc.cpp:238]   --->   Operation 35 'write' 'write_ln238' <Predicate = (trunc_ln230 == 14)> <Delay = 1.65> <CoreInst = "FIFO">   --->   Core 77 'FIFO' <Latency = 0> <II = 1> <Delay = 1.65> <Storage> <Opcode : 'read' 'write' 'nbread' 'nbwrite'> <Ports = 0> <Width = 97> <Depth = 256> <FIFO>
ST_2 : Operation 36 [1/1] (0.00ns)   --->   "%br_ln238 = br void %V.i521.exit" [../HLS/src/spmv_csc.cpp:238]   --->   Operation 36 'br' 'br_ln238' <Predicate = (trunc_ln230 == 14)> <Delay = 0.00>
ST_2 : Operation 37 [1/1] ( I:1.65ns O:1.65ns )   --->   "%write_ln238 = write void @_ssdm_op_Write.ap_fifo.volatile.i97P0A, i97 %pe_streams_13, i97 79228162514264337593543950336" [../HLS/src/spmv_csc.cpp:238]   --->   Operation 37 'write' 'write_ln238' <Predicate = (trunc_ln230 == 13)> <Delay = 1.65> <CoreInst = "FIFO">   --->   Core 77 'FIFO' <Latency = 0> <II = 1> <Delay = 1.65> <Storage> <Opcode : 'read' 'write' 'nbread' 'nbwrite'> <Ports = 0> <Width = 97> <Depth = 256> <FIFO>
ST_2 : Operation 38 [1/1] (0.00ns)   --->   "%br_ln238 = br void %V.i521.exit" [../HLS/src/spmv_csc.cpp:238]   --->   Operation 38 'br' 'br_ln238' <Predicate = (trunc_ln230 == 13)> <Delay = 0.00>
ST_2 : Operation 39 [1/1] ( I:1.65ns O:1.65ns )   --->   "%write_ln238 = write void @_ssdm_op_Write.ap_fifo.volatile.i97P0A, i97 %pe_streams_12, i97 79228162514264337593543950336" [../HLS/src/spmv_csc.cpp:238]   --->   Operation 39 'write' 'write_ln238' <Predicate = (trunc_ln230 == 12)> <Delay = 1.65> <CoreInst = "FIFO">   --->   Core 77 'FIFO' <Latency = 0> <II = 1> <Delay = 1.65> <Storage> <Opcode : 'read' 'write' 'nbread' 'nbwrite'> <Ports = 0> <Width = 97> <Depth = 256> <FIFO>
ST_2 : Operation 40 [1/1] (0.00ns)   --->   "%br_ln238 = br void %V.i521.exit" [../HLS/src/spmv_csc.cpp:238]   --->   Operation 40 'br' 'br_ln238' <Predicate = (trunc_ln230 == 12)> <Delay = 0.00>
ST_2 : Operation 41 [1/1] ( I:1.65ns O:1.65ns )   --->   "%write_ln238 = write void @_ssdm_op_Write.ap_fifo.volatile.i97P0A, i97 %pe_streams_11, i97 79228162514264337593543950336" [../HLS/src/spmv_csc.cpp:238]   --->   Operation 41 'write' 'write_ln238' <Predicate = (trunc_ln230 == 11)> <Delay = 1.65> <CoreInst = "FIFO">   --->   Core 77 'FIFO' <Latency = 0> <II = 1> <Delay = 1.65> <Storage> <Opcode : 'read' 'write' 'nbread' 'nbwrite'> <Ports = 0> <Width = 97> <Depth = 256> <FIFO>
ST_2 : Operation 42 [1/1] (0.00ns)   --->   "%br_ln238 = br void %V.i521.exit" [../HLS/src/spmv_csc.cpp:238]   --->   Operation 42 'br' 'br_ln238' <Predicate = (trunc_ln230 == 11)> <Delay = 0.00>
ST_2 : Operation 43 [1/1] ( I:1.65ns O:1.65ns )   --->   "%write_ln238 = write void @_ssdm_op_Write.ap_fifo.volatile.i97P0A, i97 %pe_streams_10, i97 79228162514264337593543950336" [../HLS/src/spmv_csc.cpp:238]   --->   Operation 43 'write' 'write_ln238' <Predicate = (trunc_ln230 == 10)> <Delay = 1.65> <CoreInst = "FIFO">   --->   Core 77 'FIFO' <Latency = 0> <II = 1> <Delay = 1.65> <Storage> <Opcode : 'read' 'write' 'nbread' 'nbwrite'> <Ports = 0> <Width = 97> <Depth = 256> <FIFO>
ST_2 : Operation 44 [1/1] (0.00ns)   --->   "%br_ln238 = br void %V.i521.exit" [../HLS/src/spmv_csc.cpp:238]   --->   Operation 44 'br' 'br_ln238' <Predicate = (trunc_ln230 == 10)> <Delay = 0.00>
ST_2 : Operation 45 [1/1] ( I:1.65ns O:1.65ns )   --->   "%write_ln238 = write void @_ssdm_op_Write.ap_fifo.volatile.i97P0A, i97 %pe_streams_9, i97 79228162514264337593543950336" [../HLS/src/spmv_csc.cpp:238]   --->   Operation 45 'write' 'write_ln238' <Predicate = (trunc_ln230 == 9)> <Delay = 1.65> <CoreInst = "FIFO">   --->   Core 77 'FIFO' <Latency = 0> <II = 1> <Delay = 1.65> <Storage> <Opcode : 'read' 'write' 'nbread' 'nbwrite'> <Ports = 0> <Width = 97> <Depth = 256> <FIFO>
ST_2 : Operation 46 [1/1] (0.00ns)   --->   "%br_ln238 = br void %V.i521.exit" [../HLS/src/spmv_csc.cpp:238]   --->   Operation 46 'br' 'br_ln238' <Predicate = (trunc_ln230 == 9)> <Delay = 0.00>
ST_2 : Operation 47 [1/1] ( I:1.65ns O:1.65ns )   --->   "%write_ln238 = write void @_ssdm_op_Write.ap_fifo.volatile.i97P0A, i97 %pe_streams_8, i97 79228162514264337593543950336" [../HLS/src/spmv_csc.cpp:238]   --->   Operation 47 'write' 'write_ln238' <Predicate = (trunc_ln230 == 8)> <Delay = 1.65> <CoreInst = "FIFO">   --->   Core 77 'FIFO' <Latency = 0> <II = 1> <Delay = 1.65> <Storage> <Opcode : 'read' 'write' 'nbread' 'nbwrite'> <Ports = 0> <Width = 97> <Depth = 256> <FIFO>
ST_2 : Operation 48 [1/1] (0.00ns)   --->   "%br_ln238 = br void %V.i521.exit" [../HLS/src/spmv_csc.cpp:238]   --->   Operation 48 'br' 'br_ln238' <Predicate = (trunc_ln230 == 8)> <Delay = 0.00>
ST_2 : Operation 49 [1/1] ( I:1.65ns O:1.65ns )   --->   "%write_ln238 = write void @_ssdm_op_Write.ap_fifo.volatile.i97P0A, i97 %pe_streams_7, i97 79228162514264337593543950336" [../HLS/src/spmv_csc.cpp:238]   --->   Operation 49 'write' 'write_ln238' <Predicate = (trunc_ln230 == 7)> <Delay = 1.65> <CoreInst = "FIFO">   --->   Core 77 'FIFO' <Latency = 0> <II = 1> <Delay = 1.65> <Storage> <Opcode : 'read' 'write' 'nbread' 'nbwrite'> <Ports = 0> <Width = 97> <Depth = 256> <FIFO>
ST_2 : Operation 50 [1/1] (0.00ns)   --->   "%br_ln238 = br void %V.i521.exit" [../HLS/src/spmv_csc.cpp:238]   --->   Operation 50 'br' 'br_ln238' <Predicate = (trunc_ln230 == 7)> <Delay = 0.00>
ST_2 : Operation 51 [1/1] ( I:1.65ns O:1.65ns )   --->   "%write_ln238 = write void @_ssdm_op_Write.ap_fifo.volatile.i97P0A, i97 %pe_streams_6, i97 79228162514264337593543950336" [../HLS/src/spmv_csc.cpp:238]   --->   Operation 51 'write' 'write_ln238' <Predicate = (trunc_ln230 == 6)> <Delay = 1.65> <CoreInst = "FIFO">   --->   Core 77 'FIFO' <Latency = 0> <II = 1> <Delay = 1.65> <Storage> <Opcode : 'read' 'write' 'nbread' 'nbwrite'> <Ports = 0> <Width = 97> <Depth = 256> <FIFO>
ST_2 : Operation 52 [1/1] (0.00ns)   --->   "%br_ln238 = br void %V.i521.exit" [../HLS/src/spmv_csc.cpp:238]   --->   Operation 52 'br' 'br_ln238' <Predicate = (trunc_ln230 == 6)> <Delay = 0.00>
ST_2 : Operation 53 [1/1] ( I:1.65ns O:1.65ns )   --->   "%write_ln238 = write void @_ssdm_op_Write.ap_fifo.volatile.i97P0A, i97 %pe_streams_5, i97 79228162514264337593543950336" [../HLS/src/spmv_csc.cpp:238]   --->   Operation 53 'write' 'write_ln238' <Predicate = (trunc_ln230 == 5)> <Delay = 1.65> <CoreInst = "FIFO">   --->   Core 77 'FIFO' <Latency = 0> <II = 1> <Delay = 1.65> <Storage> <Opcode : 'read' 'write' 'nbread' 'nbwrite'> <Ports = 0> <Width = 97> <Depth = 256> <FIFO>
ST_2 : Operation 54 [1/1] (0.00ns)   --->   "%br_ln238 = br void %V.i521.exit" [../HLS/src/spmv_csc.cpp:238]   --->   Operation 54 'br' 'br_ln238' <Predicate = (trunc_ln230 == 5)> <Delay = 0.00>
ST_2 : Operation 55 [1/1] ( I:1.65ns O:1.65ns )   --->   "%write_ln238 = write void @_ssdm_op_Write.ap_fifo.volatile.i97P0A, i97 %pe_streams_4, i97 79228162514264337593543950336" [../HLS/src/spmv_csc.cpp:238]   --->   Operation 55 'write' 'write_ln238' <Predicate = (trunc_ln230 == 4)> <Delay = 1.65> <CoreInst = "FIFO">   --->   Core 77 'FIFO' <Latency = 0> <II = 1> <Delay = 1.65> <Storage> <Opcode : 'read' 'write' 'nbread' 'nbwrite'> <Ports = 0> <Width = 97> <Depth = 256> <FIFO>
ST_2 : Operation 56 [1/1] (0.00ns)   --->   "%br_ln238 = br void %V.i521.exit" [../HLS/src/spmv_csc.cpp:238]   --->   Operation 56 'br' 'br_ln238' <Predicate = (trunc_ln230 == 4)> <Delay = 0.00>
ST_2 : Operation 57 [1/1] ( I:1.65ns O:1.65ns )   --->   "%write_ln238 = write void @_ssdm_op_Write.ap_fifo.volatile.i97P0A, i97 %pe_streams_3, i97 79228162514264337593543950336" [../HLS/src/spmv_csc.cpp:238]   --->   Operation 57 'write' 'write_ln238' <Predicate = (trunc_ln230 == 3)> <Delay = 1.65> <CoreInst = "FIFO">   --->   Core 77 'FIFO' <Latency = 0> <II = 1> <Delay = 1.65> <Storage> <Opcode : 'read' 'write' 'nbread' 'nbwrite'> <Ports = 0> <Width = 97> <Depth = 256> <FIFO>
ST_2 : Operation 58 [1/1] (0.00ns)   --->   "%br_ln238 = br void %V.i521.exit" [../HLS/src/spmv_csc.cpp:238]   --->   Operation 58 'br' 'br_ln238' <Predicate = (trunc_ln230 == 3)> <Delay = 0.00>
ST_2 : Operation 59 [1/1] ( I:1.65ns O:1.65ns )   --->   "%write_ln238 = write void @_ssdm_op_Write.ap_fifo.volatile.i97P0A, i97 %pe_streams_2, i97 79228162514264337593543950336" [../HLS/src/spmv_csc.cpp:238]   --->   Operation 59 'write' 'write_ln238' <Predicate = (trunc_ln230 == 2)> <Delay = 1.65> <CoreInst = "FIFO">   --->   Core 77 'FIFO' <Latency = 0> <II = 1> <Delay = 1.65> <Storage> <Opcode : 'read' 'write' 'nbread' 'nbwrite'> <Ports = 0> <Width = 97> <Depth = 256> <FIFO>
ST_2 : Operation 60 [1/1] (0.00ns)   --->   "%br_ln238 = br void %V.i521.exit" [../HLS/src/spmv_csc.cpp:238]   --->   Operation 60 'br' 'br_ln238' <Predicate = (trunc_ln230 == 2)> <Delay = 0.00>
ST_2 : Operation 61 [1/1] ( I:1.65ns O:1.65ns )   --->   "%write_ln238 = write void @_ssdm_op_Write.ap_fifo.volatile.i97P0A, i97 %pe_streams_1, i97 79228162514264337593543950336" [../HLS/src/spmv_csc.cpp:238]   --->   Operation 61 'write' 'write_ln238' <Predicate = (trunc_ln230 == 1)> <Delay = 1.65> <CoreInst = "FIFO">   --->   Core 77 'FIFO' <Latency = 0> <II = 1> <Delay = 1.65> <Storage> <Opcode : 'read' 'write' 'nbread' 'nbwrite'> <Ports = 0> <Width = 97> <Depth = 256> <FIFO>
ST_2 : Operation 62 [1/1] (0.00ns)   --->   "%br_ln238 = br void %V.i521.exit" [../HLS/src/spmv_csc.cpp:238]   --->   Operation 62 'br' 'br_ln238' <Predicate = (trunc_ln230 == 1)> <Delay = 0.00>
ST_2 : Operation 63 [1/1] ( I:1.65ns O:1.65ns )   --->   "%write_ln238 = write void @_ssdm_op_Write.ap_fifo.volatile.i97P0A, i97 %pe_streams_0, i97 79228162514264337593543950336" [../HLS/src/spmv_csc.cpp:238]   --->   Operation 63 'write' 'write_ln238' <Predicate = (trunc_ln230 == 0)> <Delay = 1.65> <CoreInst = "FIFO">   --->   Core 77 'FIFO' <Latency = 0> <II = 1> <Delay = 1.65> <Storage> <Opcode : 'read' 'write' 'nbread' 'nbwrite'> <Ports = 0> <Width = 97> <Depth = 256> <FIFO>
ST_2 : Operation 64 [1/1] (0.00ns)   --->   "%br_ln238 = br void %V.i521.exit" [../HLS/src/spmv_csc.cpp:238]   --->   Operation 64 'br' 'br_ln238' <Predicate = (trunc_ln230 == 0)> <Delay = 0.00>
ST_2 : Operation 65 [1/1] ( I:1.65ns O:1.65ns )   --->   "%write_ln238 = write void @_ssdm_op_Write.ap_fifo.volatile.i97P0A, i97 %pe_streams_15, i97 79228162514264337593543950336" [../HLS/src/spmv_csc.cpp:238]   --->   Operation 65 'write' 'write_ln238' <Predicate = (trunc_ln230 == 15)> <Delay = 1.65> <CoreInst = "FIFO">   --->   Core 77 'FIFO' <Latency = 0> <II = 1> <Delay = 1.65> <Storage> <Opcode : 'read' 'write' 'nbread' 'nbwrite'> <Ports = 0> <Width = 97> <Depth = 256> <FIFO>
ST_2 : Operation 66 [1/1] (0.00ns)   --->   "%br_ln238 = br void %V.i521.exit" [../HLS/src/spmv_csc.cpp:238]   --->   Operation 66 'br' 'br_ln238' <Predicate = (trunc_ln230 == 15)> <Delay = 0.00>


============================================================
+ Verbose Summary: Binding
============================================================
STG Binding: 
---------------- STG Properties BEGIN ----------------
- Is combinational: 0
- Is one-state seq: 0
- Is datapath-only: 0
- Is pipelined: 0
- Is top level: 0
Port [ Return ] is wired: 1; IO mode=ap_ctrl_hs:ce=0
Port [ pe_streams_0]:  wired=1; compound=1; hidden=0; nouse=0; global=0; static=0; extern=0; dir=1; type=3; pingpong=0; private_global=0; IO mode=ap_fifo:ce=0
Port [ pe_streams_1]:  wired=1; compound=1; hidden=0; nouse=0; global=0; static=0; extern=0; dir=1; type=3; pingpong=0; private_global=0; IO mode=ap_fifo:ce=0
Port [ pe_streams_2]:  wired=1; compound=1; hidden=0; nouse=0; global=0; static=0; extern=0; dir=1; type=3; pingpong=0; private_global=0; IO mode=ap_fifo:ce=0
Port [ pe_streams_3]:  wired=1; compound=1; hidden=0; nouse=0; global=0; static=0; extern=0; dir=1; type=3; pingpong=0; private_global=0; IO mode=ap_fifo:ce=0
Port [ pe_streams_4]:  wired=1; compound=1; hidden=0; nouse=0; global=0; static=0; extern=0; dir=1; type=3; pingpong=0; private_global=0; IO mode=ap_fifo:ce=0
Port [ pe_streams_5]:  wired=1; compound=1; hidden=0; nouse=0; global=0; static=0; extern=0; dir=1; type=3; pingpong=0; private_global=0; IO mode=ap_fifo:ce=0
Port [ pe_streams_6]:  wired=1; compound=1; hidden=0; nouse=0; global=0; static=0; extern=0; dir=1; type=3; pingpong=0; private_global=0; IO mode=ap_fifo:ce=0
Port [ pe_streams_7]:  wired=1; compound=1; hidden=0; nouse=0; global=0; static=0; extern=0; dir=1; type=3; pingpong=0; private_global=0; IO mode=ap_fifo:ce=0
Port [ pe_streams_8]:  wired=1; compound=1; hidden=0; nouse=0; global=0; static=0; extern=0; dir=1; type=3; pingpong=0; private_global=0; IO mode=ap_fifo:ce=0
Port [ pe_streams_9]:  wired=1; compound=1; hidden=0; nouse=0; global=0; static=0; extern=0; dir=1; type=3; pingpong=0; private_global=0; IO mode=ap_fifo:ce=0
Port [ pe_streams_10]:  wired=1; compound=1; hidden=0; nouse=0; global=0; static=0; extern=0; dir=1; type=3; pingpong=0; private_global=0; IO mode=ap_fifo:ce=0
Port [ pe_streams_11]:  wired=1; compound=1; hidden=0; nouse=0; global=0; static=0; extern=0; dir=1; type=3; pingpong=0; private_global=0; IO mode=ap_fifo:ce=0
Port [ pe_streams_12]:  wired=1; compound=1; hidden=0; nouse=0; global=0; static=0; extern=0; dir=1; type=3; pingpong=0; private_global=0; IO mode=ap_fifo:ce=0
Port [ pe_streams_13]:  wired=1; compound=1; hidden=0; nouse=0; global=0; static=0; extern=0; dir=1; type=3; pingpong=0; private_global=0; IO mode=ap_fifo:ce=0
Port [ pe_streams_14]:  wired=1; compound=1; hidden=0; nouse=0; global=0; static=0; extern=0; dir=1; type=3; pingpong=0; private_global=0; IO mode=ap_fifo:ce=0
Port [ pe_streams_15]:  wired=1; compound=1; hidden=0; nouse=0; global=0; static=0; extern=0; dir=1; type=3; pingpong=0; private_global=0; IO mode=ap_fifo:ce=0
---------------- STG Properties END ------------------

---------------- Datapath Model BEGIN ----------------

<LifeTime>
<method=bitvector/>
i                       (alloca           ) [ 010]
specinterface_ln0       (specinterface    ) [ 000]
specinterface_ln0       (specinterface    ) [ 000]
specinterface_ln0       (specinterface    ) [ 000]
specinterface_ln0       (specinterface    ) [ 000]
specinterface_ln0       (specinterface    ) [ 000]
specinterface_ln0       (specinterface    ) [ 000]
specinterface_ln0       (specinterface    ) [ 000]
specinterface_ln0       (specinterface    ) [ 000]
specinterface_ln0       (specinterface    ) [ 000]
specinterface_ln0       (specinterface    ) [ 000]
specinterface_ln0       (specinterface    ) [ 000]
specinterface_ln0       (specinterface    ) [ 000]
specinterface_ln0       (specinterface    ) [ 000]
specinterface_ln0       (specinterface    ) [ 000]
specinterface_ln0       (specinterface    ) [ 000]
specinterface_ln0       (specinterface    ) [ 000]
store_ln230             (store            ) [ 000]
br_ln0                  (br               ) [ 000]
i_1                     (load             ) [ 000]
icmp_ln230              (icmp             ) [ 010]
add_ln230               (add              ) [ 000]
br_ln230                (br               ) [ 000]
trunc_ln230             (trunc            ) [ 011]
specpipeline_ln232      (specpipeline     ) [ 000]
speclooptripcount_ln230 (speclooptripcount) [ 000]
specloopname_ln230      (specloopname     ) [ 000]
switch_ln238            (switch           ) [ 000]
store_ln230             (store            ) [ 000]
br_ln230                (br               ) [ 000]
write_ln238             (write            ) [ 000]
br_ln238                (br               ) [ 000]
write_ln238             (write            ) [ 000]
br_ln238                (br               ) [ 000]
write_ln238             (write            ) [ 000]
br_ln238                (br               ) [ 000]
write_ln238             (write            ) [ 000]
br_ln238                (br               ) [ 000]
write_ln238             (write            ) [ 000]
br_ln238                (br               ) [ 000]
write_ln238             (write            ) [ 000]
br_ln238                (br               ) [ 000]
write_ln238             (write            ) [ 000]
br_ln238                (br               ) [ 000]
write_ln238             (write            ) [ 000]
br_ln238                (br               ) [ 000]
write_ln238             (write            ) [ 000]
br_ln238                (br               ) [ 000]
write_ln238             (write            ) [ 000]
br_ln238                (br               ) [ 000]
write_ln238             (write            ) [ 000]
br_ln238                (br               ) [ 000]
write_ln238             (write            ) [ 000]
br_ln238                (br               ) [ 000]
write_ln238             (write            ) [ 000]
br_ln238                (br               ) [ 000]
write_ln238             (write            ) [ 000]
br_ln238                (br               ) [ 000]
write_ln238             (write            ) [ 000]
br_ln238                (br               ) [ 000]
write_ln238             (write            ) [ 000]
br_ln238                (br               ) [ 000]
ret_ln0                 (ret              ) [ 000]
</LifeTime>

<model>

<comp_list>
<comp id="0" class="1000" name="pe_streams_0">
<pin_list>
<pin id="1" dir="1" index="0" bw="1" slack="0"/>
</pin_list>
<bind>
<StgValue><ssdm name="pe_streams_0"/></StgValue>
</bind>
</comp>

<comp id="2" class="1000" name="pe_streams_1">
<pin_list>
<pin id="3" dir="1" index="0" bw="1" slack="0"/>
</pin_list>
<bind>
<StgValue><ssdm name="pe_streams_1"/></StgValue>
</bind>
</comp>

<comp id="4" class="1000" name="pe_streams_2">
<pin_list>
<pin id="5" dir="1" index="0" bw="1" slack="0"/>
</pin_list>
<bind>
<StgValue><ssdm name="pe_streams_2"/></StgValue>
</bind>
</comp>

<comp id="6" class="1000" name="pe_streams_3">
<pin_list>
<pin id="7" dir="1" index="0" bw="1" slack="0"/>
</pin_list>
<bind>
<StgValue><ssdm name="pe_streams_3"/></StgValue>
</bind>
</comp>

<comp id="8" class="1000" name="pe_streams_4">
<pin_list>
<pin id="9" dir="1" index="0" bw="1" slack="0"/>
</pin_list>
<bind>
<StgValue><ssdm name="pe_streams_4"/></StgValue>
</bind>
</comp>

<comp id="10" class="1000" name="pe_streams_5">
<pin_list>
<pin id="11" dir="1" index="0" bw="1" slack="0"/>
</pin_list>
<bind>
<StgValue><ssdm name="pe_streams_5"/></StgValue>
</bind>
</comp>

<comp id="12" class="1000" name="pe_streams_6">
<pin_list>
<pin id="13" dir="1" index="0" bw="1" slack="0"/>
</pin_list>
<bind>
<StgValue><ssdm name="pe_streams_6"/></StgValue>
</bind>
</comp>

<comp id="14" class="1000" name="pe_streams_7">
<pin_list>
<pin id="15" dir="1" index="0" bw="1" slack="0"/>
</pin_list>
<bind>
<StgValue><ssdm name="pe_streams_7"/></StgValue>
</bind>
</comp>

<comp id="16" class="1000" name="pe_streams_8">
<pin_list>
<pin id="17" dir="1" index="0" bw="1" slack="0"/>
</pin_list>
<bind>
<StgValue><ssdm name="pe_streams_8"/></StgValue>
</bind>
</comp>

<comp id="18" class="1000" name="pe_streams_9">
<pin_list>
<pin id="19" dir="1" index="0" bw="1" slack="0"/>
</pin_list>
<bind>
<StgValue><ssdm name="pe_streams_9"/></StgValue>
</bind>
</comp>

<comp id="20" class="1000" name="pe_streams_10">
<pin_list>
<pin id="21" dir="1" index="0" bw="1" slack="0"/>
</pin_list>
<bind>
<StgValue><ssdm name="pe_streams_10"/></StgValue>
</bind>
</comp>

<comp id="22" class="1000" name="pe_streams_11">
<pin_list>
<pin id="23" dir="1" index="0" bw="1" slack="0"/>
</pin_list>
<bind>
<StgValue><ssdm name="pe_streams_11"/></StgValue>
</bind>
</comp>

<comp id="24" class="1000" name="pe_streams_12">
<pin_list>
<pin id="25" dir="1" index="0" bw="1" slack="0"/>
</pin_list>
<bind>
<StgValue><ssdm name="pe_streams_12"/></StgValue>
</bind>
</comp>

<comp id="26" class="1000" name="pe_streams_13">
<pin_list>
<pin id="27" dir="1" index="0" bw="1" slack="0"/>
</pin_list>
<bind>
<StgValue><ssdm name="pe_streams_13"/></StgValue>
</bind>
</comp>

<comp id="28" class="1000" name="pe_streams_14">
<pin_list>
<pin id="29" dir="1" index="0" bw="1" slack="0"/>
</pin_list>
<bind>
<StgValue><ssdm name="pe_streams_14"/></StgValue>
</bind>
</comp>

<comp id="30" class="1000" name="pe_streams_15">
<pin_list>
<pin id="31" dir="1" index="0" bw="1" slack="0"/>
</pin_list>
<bind>
<StgValue><ssdm name="pe_streams_15"/></StgValue>
</bind>
</comp>

<comp id="32" class="1001" name="const_32">
<pin_list>
<pin id="33" dir="1" index="0" bw="1" slack="0"/>
</pin_list>
<bind>
<StgValue><ssdm name=""/></StgValue>
</bind>
</comp>

<comp id="34" class="1001" name="const_34">
<pin_list>
<pin id="35" dir="1" index="0" bw="1" slack="2147483647"/>
</pin_list>
<bind>
<StgValue><ssdm name="_ssdm_op_SpecInterface"/></StgValue>
</bind>
</comp>

<comp id="36" class="1001" name="const_36">
<pin_list>
<pin id="37" dir="1" index="0" bw="1" slack="2147483647"/>
</pin_list>
<bind>
<StgValue><ssdm name="empty_16"/></StgValue>
</bind>
</comp>

<comp id="38" class="1001" name="const_38">
<pin_list>
<pin id="39" dir="1" index="0" bw="1" slack="2147483647"/>
</pin_list>
<bind>
<StgValue><ssdm name=""/></StgValue>
</bind>
</comp>

<comp id="40" class="1001" name="const_40">
<pin_list>
<pin id="41" dir="1" index="0" bw="1" slack="2147483647"/>
</pin_list>
<bind>
<StgValue><ssdm name="empty_25"/></StgValue>
</bind>
</comp>

<comp id="42" class="1001" name="const_42">
<pin_list>
<pin id="43" dir="1" index="0" bw="1" slack="2147483647"/>
</pin_list>
<bind>
<StgValue><ssdm name=""/></StgValue>
</bind>
</comp>

<comp id="44" class="1001" name="const_44">
<pin_list>
<pin id="45" dir="1" index="0" bw="1" slack="0"/>
</pin_list>
<bind>
<StgValue><ssdm name=""/></StgValue>
</bind>
</comp>

<comp id="46" class="1001" name="const_46">
<pin_list>
<pin id="47" dir="1" index="0" bw="1" slack="0"/>
</pin_list>
<bind>
<StgValue><ssdm name=""/></StgValue>
</bind>
</comp>

<comp id="48" class="1001" name="const_48">
<pin_list>
<pin id="49" dir="1" index="0" bw="1" slack="0"/>
</pin_list>
<bind>
<StgValue><ssdm name=""/></StgValue>
</bind>
</comp>

<comp id="50" class="1001" name="const_50">
<pin_list>
<pin id="51" dir="1" index="0" bw="1" slack="2147483647"/>
</pin_list>
<bind>
<StgValue><ssdm name="_ssdm_op_SpecPipeline"/></StgValue>
</bind>
</comp>

<comp id="52" class="1001" name="const_52">
<pin_list>
<pin id="53" dir="1" index="0" bw="1" slack="2147483647"/>
</pin_list>
<bind>
<StgValue><ssdm name="_ssdm_op_SpecLoopTripCount"/></StgValue>
</bind>
</comp>

<comp id="54" class="1001" name="const_54">
<pin_list>
<pin id="55" dir="1" index="0" bw="1" slack="2147483647"/>
</pin_list>
<bind>
<StgValue><ssdm name=""/></StgValue>
</bind>
</comp>

<comp id="56" class="1001" name="const_56">
<pin_list>
<pin id="57" dir="1" index="0" bw="1" slack="2147483647"/>
</pin_list>
<bind>
<StgValue><ssdm name="_ssdm_op_SpecLoopName"/></StgValue>
</bind>
</comp>

<comp id="58" class="1001" name="const_58">
<pin_list>
<pin id="59" dir="1" index="0" bw="1" slack="2147483647"/>
</pin_list>
<bind>
<StgValue><ssdm name="empty_8"/></StgValue>
</bind>
</comp>

<comp id="60" class="1001" name="const_60">
<pin_list>
<pin id="61" dir="1" index="0" bw="1" slack="2147483647"/>
</pin_list>
<bind>
<StgValue><ssdm name=""/></StgValue>
</bind>
</comp>

<comp id="62" class="1001" name="const_62">
<pin_list>
<pin id="63" dir="1" index="0" bw="1" slack="2147483647"/>
</pin_list>
<bind>
<StgValue><ssdm name=""/></StgValue>
</bind>
</comp>

<comp id="64" class="1001" name="const_64">
<pin_list>
<pin id="65" dir="1" index="0" bw="1" slack="2147483647"/>
</pin_list>
<bind>
<StgValue><ssdm name=""/></StgValue>
</bind>
</comp>

<comp id="66" class="1001" name="const_66">
<pin_list>
<pin id="67" dir="1" index="0" bw="1" slack="2147483647"/>
</pin_list>
<bind>
<StgValue><ssdm name=""/></StgValue>
</bind>
</comp>

<comp id="68" class="1001" name="const_68">
<pin_list>
<pin id="69" dir="1" index="0" bw="1" slack="2147483647"/>
</pin_list>
<bind>
<StgValue><ssdm name=""/></StgValue>
</bind>
</comp>

<comp id="70" class="1001" name="const_70">
<pin_list>
<pin id="71" dir="1" index="0" bw="1" slack="2147483647"/>
</pin_list>
<bind>
<StgValue><ssdm name=""/></StgValue>
</bind>
</comp>

<comp id="72" class="1001" name="const_72">
<pin_list>
<pin id="73" dir="1" index="0" bw="1" slack="2147483647"/>
</pin_list>
<bind>
<StgValue><ssdm name=""/></StgValue>
</bind>
</comp>

<comp id="74" class="1001" name="const_74">
<pin_list>
<pin id="75" dir="1" index="0" bw="1" slack="2147483647"/>
</pin_list>
<bind>
<StgValue><ssdm name=""/></StgValue>
</bind>
</comp>

<comp id="76" class="1001" name="const_76">
<pin_list>
<pin id="77" dir="1" index="0" bw="1" slack="2147483647"/>
</pin_list>
<bind>
<StgValue><ssdm name=""/></StgValue>
</bind>
</comp>

<comp id="78" class="1001" name="const_78">
<pin_list>
<pin id="79" dir="1" index="0" bw="1" slack="2147483647"/>
</pin_list>
<bind>
<StgValue><ssdm name=""/></StgValue>
</bind>
</comp>

<comp id="80" class="1001" name="const_80">
<pin_list>
<pin id="81" dir="1" index="0" bw="1" slack="2147483647"/>
</pin_list>
<bind>
<StgValue><ssdm name=""/></StgValue>
</bind>
</comp>

<comp id="82" class="1001" name="const_82">
<pin_list>
<pin id="83" dir="1" index="0" bw="1" slack="2147483647"/>
</pin_list>
<bind>
<StgValue><ssdm name=""/></StgValue>
</bind>
</comp>

<comp id="84" class="1001" name="const_84">
<pin_list>
<pin id="85" dir="1" index="0" bw="1" slack="2147483647"/>
</pin_list>
<bind>
<StgValue><ssdm name=""/></StgValue>
</bind>
</comp>

<comp id="86" class="1001" name="const_86">
<pin_list>
<pin id="87" dir="1" index="0" bw="1" slack="2147483647"/>
</pin_list>
<bind>
<StgValue><ssdm name=""/></StgValue>
</bind>
</comp>

<comp id="88" class="1001" name="const_88">
<pin_list>
<pin id="89" dir="1" index="0" bw="1" slack="2147483647"/>
</pin_list>
<bind>
<StgValue><ssdm name=""/></StgValue>
</bind>
</comp>

<comp id="90" class="1001" name="const_90">
<pin_list>
<pin id="91" dir="1" index="0" bw="1" slack="0"/>
</pin_list>
<bind>
<StgValue><ssdm name="_ssdm_op_Write.ap_fifo.volatile.i97P0A"/></StgValue>
</bind>
</comp>

<comp id="92" class="1001" name="const_92">
<pin_list>
<pin id="93" dir="1" index="0" bw="1" slack="0"/>
</pin_list>
<bind>
<StgValue><ssdm name=""/></StgValue>
</bind>
</comp>

<comp id="94" class="1004" name="i_fu_94">
<pin_list>
<pin id="95" dir="0" index="0" bw="1" slack="0"/>
<pin id="96" dir="1" index="1" bw="5" slack="0"/>
</pin_list>
<bind>
<opcode="alloca(26) " fcode="alloca"/>
<opset="i/1 "/>
</bind>
</comp>

<comp id="98" class="1004" name="write_ln238_write_fu_98">
<pin_list>
<pin id="99" dir="0" index="0" bw="0" slack="0"/>
<pin id="100" dir="0" index="1" bw="97" slack="0"/>
<pin id="101" dir="0" index="2" bw="97" slack="0"/>
<pin id="102" dir="1" index="3" bw="0" slack="2147483647"/>
</pin_list>
<bind>
<opcode="write(1151) " fcode="write"/>
<opset="write_ln238/2 "/>
</bind>
</comp>

<comp id="106" class="1004" name="write_ln238_write_fu_106">
<pin_list>
<pin id="107" dir="0" index="0" bw="0" slack="0"/>
<pin id="108" dir="0" index="1" bw="97" slack="0"/>
<pin id="109" dir="0" index="2" bw="97" slack="0"/>
<pin id="110" dir="1" index="3" bw="0" slack="2147483647"/>
</pin_list>
<bind>
<opcode="write(1151) " fcode="write"/>
<opset="write_ln238/2 "/>
</bind>
</comp>

<comp id="114" class="1004" name="write_ln238_write_fu_114">
<pin_list>
<pin id="115" dir="0" index="0" bw="0" slack="0"/>
<pin id="116" dir="0" index="1" bw="97" slack="0"/>
<pin id="117" dir="0" index="2" bw="97" slack="0"/>
<pin id="118" dir="1" index="3" bw="0" slack="2147483647"/>
</pin_list>
<bind>
<opcode="write(1151) " fcode="write"/>
<opset="write_ln238/2 "/>
</bind>
</comp>

<comp id="122" class="1004" name="write_ln238_write_fu_122">
<pin_list>
<pin id="123" dir="0" index="0" bw="0" slack="0"/>
<pin id="124" dir="0" index="1" bw="97" slack="0"/>
<pin id="125" dir="0" index="2" bw="97" slack="0"/>
<pin id="126" dir="1" index="3" bw="0" slack="2147483647"/>
</pin_list>
<bind>
<opcode="write(1151) " fcode="write"/>
<opset="write_ln238/2 "/>
</bind>
</comp>

<comp id="130" class="1004" name="write_ln238_write_fu_130">
<pin_list>
<pin id="131" dir="0" index="0" bw="0" slack="0"/>
<pin id="132" dir="0" index="1" bw="97" slack="0"/>
<pin id="133" dir="0" index="2" bw="97" slack="0"/>
<pin id="134" dir="1" index="3" bw="0" slack="2147483647"/>
</pin_list>
<bind>
<opcode="write(1151) " fcode="write"/>
<opset="write_ln238/2 "/>
</bind>
</comp>

<comp id="138" class="1004" name="write_ln238_write_fu_138">
<pin_list>
<pin id="139" dir="0" index="0" bw="0" slack="0"/>
<pin id="140" dir="0" index="1" bw="97" slack="0"/>
<pin id="141" dir="0" index="2" bw="97" slack="0"/>
<pin id="142" dir="1" index="3" bw="0" slack="2147483647"/>
</pin_list>
<bind>
<opcode="write(1151) " fcode="write"/>
<opset="write_ln238/2 "/>
</bind>
</comp>

<comp id="146" class="1004" name="write_ln238_write_fu_146">
<pin_list>
<pin id="147" dir="0" index="0" bw="0" slack="0"/>
<pin id="148" dir="0" index="1" bw="97" slack="0"/>
<pin id="149" dir="0" index="2" bw="97" slack="0"/>
<pin id="150" dir="1" index="3" bw="0" slack="2147483647"/>
</pin_list>
<bind>
<opcode="write(1151) " fcode="write"/>
<opset="write_ln238/2 "/>
</bind>
</comp>

<comp id="154" class="1004" name="write_ln238_write_fu_154">
<pin_list>
<pin id="155" dir="0" index="0" bw="0" slack="0"/>
<pin id="156" dir="0" index="1" bw="97" slack="0"/>
<pin id="157" dir="0" index="2" bw="97" slack="0"/>
<pin id="158" dir="1" index="3" bw="0" slack="2147483647"/>
</pin_list>
<bind>
<opcode="write(1151) " fcode="write"/>
<opset="write_ln238/2 "/>
</bind>
</comp>

<comp id="162" class="1004" name="write_ln238_write_fu_162">
<pin_list>
<pin id="163" dir="0" index="0" bw="0" slack="0"/>
<pin id="164" dir="0" index="1" bw="97" slack="0"/>
<pin id="165" dir="0" index="2" bw="97" slack="0"/>
<pin id="166" dir="1" index="3" bw="0" slack="2147483647"/>
</pin_list>
<bind>
<opcode="write(1151) " fcode="write"/>
<opset="write_ln238/2 "/>
</bind>
</comp>

<comp id="170" class="1004" name="write_ln238_write_fu_170">
<pin_list>
<pin id="171" dir="0" index="0" bw="0" slack="0"/>
<pin id="172" dir="0" index="1" bw="97" slack="0"/>
<pin id="173" dir="0" index="2" bw="97" slack="0"/>
<pin id="174" dir="1" index="3" bw="0" slack="2147483647"/>
</pin_list>
<bind>
<opcode="write(1151) " fcode="write"/>
<opset="write_ln238/2 "/>
</bind>
</comp>

<comp id="178" class="1004" name="write_ln238_write_fu_178">
<pin_list>
<pin id="179" dir="0" index="0" bw="0" slack="0"/>
<pin id="180" dir="0" index="1" bw="97" slack="0"/>
<pin id="181" dir="0" index="2" bw="97" slack="0"/>
<pin id="182" dir="1" index="3" bw="0" slack="2147483647"/>
</pin_list>
<bind>
<opcode="write(1151) " fcode="write"/>
<opset="write_ln238/2 "/>
</bind>
</comp>

<comp id="186" class="1004" name="write_ln238_write_fu_186">
<pin_list>
<pin id="187" dir="0" index="0" bw="0" slack="0"/>
<pin id="188" dir="0" index="1" bw="97" slack="0"/>
<pin id="189" dir="0" index="2" bw="97" slack="0"/>
<pin id="190" dir="1" index="3" bw="0" slack="2147483647"/>
</pin_list>
<bind>
<opcode="write(1151) " fcode="write"/>
<opset="write_ln238/2 "/>
</bind>
</comp>

<comp id="194" class="1004" name="write_ln238_write_fu_194">
<pin_list>
<pin id="195" dir="0" index="0" bw="0" slack="0"/>
<pin id="196" dir="0" index="1" bw="97" slack="0"/>
<pin id="197" dir="0" index="2" bw="97" slack="0"/>
<pin id="198" dir="1" index="3" bw="0" slack="2147483647"/>
</pin_list>
<bind>
<opcode="write(1151) " fcode="write"/>
<opset="write_ln238/2 "/>
</bind>
</comp>

<comp id="202" class="1004" name="write_ln238_write_fu_202">
<pin_list>
<pin id="203" dir="0" index="0" bw="0" slack="0"/>
<pin id="204" dir="0" index="1" bw="97" slack="0"/>
<pin id="205" dir="0" index="2" bw="97" slack="0"/>
<pin id="206" dir="1" index="3" bw="0" slack="2147483647"/>
</pin_list>
<bind>
<opcode="write(1151) " fcode="write"/>
<opset="write_ln238/2 "/>
</bind>
</comp>

<comp id="210" class="1004" name="write_ln238_write_fu_210">
<pin_list>
<pin id="211" dir="0" index="0" bw="0" slack="0"/>
<pin id="212" dir="0" index="1" bw="97" slack="0"/>
<pin id="213" dir="0" index="2" bw="97" slack="0"/>
<pin id="214" dir="1" index="3" bw="0" slack="2147483647"/>
</pin_list>
<bind>
<opcode="write(1151) " fcode="write"/>
<opset="write_ln238/2 "/>
</bind>
</comp>

<comp id="218" class="1004" name="write_ln238_write_fu_218">
<pin_list>
<pin id="219" dir="0" index="0" bw="0" slack="0"/>
<pin id="220" dir="0" index="1" bw="97" slack="0"/>
<pin id="221" dir="0" index="2" bw="97" slack="0"/>
<pin id="222" dir="1" index="3" bw="0" slack="2147483647"/>
</pin_list>
<bind>
<opcode="write(1151) " fcode="write"/>
<opset="write_ln238/2 "/>
</bind>
</comp>

<comp id="226" class="1004" name="store_ln230_store_fu_226">
<pin_list>
<pin id="227" dir="0" index="0" bw="1" slack="0"/>
<pin id="228" dir="0" index="1" bw="5" slack="0"/>
<pin id="229" dir="1" index="2" bw="0" slack="2147483647"/>
</pin_list>
<bind>
<opcode="store(28) " fcode="store"/>
<opset="store_ln230/1 "/>
</bind>
</comp>

<comp id="231" class="1004" name="i_1_load_fu_231">
<pin_list>
<pin id="232" dir="0" index="0" bw="5" slack="0"/>
<pin id="233" dir="1" index="1" bw="5" slack="0"/>
</pin_list>
<bind>
<opcode="load(27) " fcode="load"/>
<opset="i_1/1 "/>
</bind>
</comp>

<comp id="234" class="1004" name="icmp_ln230_fu_234">
<pin_list>
<pin id="235" dir="0" index="0" bw="5" slack="0"/>
<pin id="236" dir="0" index="1" bw="5" slack="0"/>
<pin id="237" dir="1" index="2" bw="1" slack="2147483647"/>
</pin_list>
<bind>
<opcode="icmp(45) " fcode="icmp"/>
<opset="icmp_ln230/1 "/>
</bind>
</comp>

<comp id="240" class="1004" name="add_ln230_fu_240">
<pin_list>
<pin id="241" dir="0" index="0" bw="5" slack="0"/>
<pin id="242" dir="0" index="1" bw="1" slack="0"/>
<pin id="243" dir="1" index="2" bw="5" slack="0"/>
</pin_list>
<bind>
<opcode="add(8) " fcode="add"/>
<opset="add_ln230/1 "/>
</bind>
</comp>

<comp id="246" class="1004" name="trunc_ln230_fu_246">
<pin_list>
<pin id="247" dir="0" index="0" bw="5" slack="0"/>
<pin id="248" dir="1" index="1" bw="4" slack="1"/>
</pin_list>
<bind>
<opcode="trunc(33) " fcode="trunc"/>
<opset="trunc_ln230/1 "/>
</bind>
</comp>

<comp id="250" class="1004" name="store_ln230_store_fu_250">
<pin_list>
<pin id="251" dir="0" index="0" bw="5" slack="0"/>
<pin id="252" dir="0" index="1" bw="5" slack="0"/>
<pin id="253" dir="1" index="2" bw="0" slack="2147483647"/>
</pin_list>
<bind>
<opcode="store(28) " fcode="store"/>
<opset="store_ln230/1 "/>
</bind>
</comp>

<comp id="255" class="1005" name="i_reg_255">
<pin_list>
<pin id="256" dir="0" index="0" bw="5" slack="0"/>
<pin id="257" dir="1" index="1" bw="5" slack="0"/>
</pin_list>
<bind>
<opset="i "/>
</bind>
</comp>

<comp id="265" class="1005" name="trunc_ln230_reg_265">
<pin_list>
<pin id="266" dir="0" index="0" bw="4" slack="1"/>
<pin id="267" dir="1" index="1" bw="4" slack="2147483647"/>
</pin_list>
<bind>
<opset="trunc_ln230 "/>
</bind>
</comp>

</comp_list>

<net_list>
<net id="97"><net_src comp="32" pin="0"/><net_sink comp="94" pin=0"/></net>

<net id="103"><net_src comp="90" pin="0"/><net_sink comp="98" pin=0"/></net>

<net id="104"><net_src comp="28" pin="0"/><net_sink comp="98" pin=1"/></net>

<net id="105"><net_src comp="92" pin="0"/><net_sink comp="98" pin=2"/></net>

<net id="111"><net_src comp="90" pin="0"/><net_sink comp="106" pin=0"/></net>

<net id="112"><net_src comp="26" pin="0"/><net_sink comp="106" pin=1"/></net>

<net id="113"><net_src comp="92" pin="0"/><net_sink comp="106" pin=2"/></net>

<net id="119"><net_src comp="90" pin="0"/><net_sink comp="114" pin=0"/></net>

<net id="120"><net_src comp="24" pin="0"/><net_sink comp="114" pin=1"/></net>

<net id="121"><net_src comp="92" pin="0"/><net_sink comp="114" pin=2"/></net>

<net id="127"><net_src comp="90" pin="0"/><net_sink comp="122" pin=0"/></net>

<net id="128"><net_src comp="22" pin="0"/><net_sink comp="122" pin=1"/></net>

<net id="129"><net_src comp="92" pin="0"/><net_sink comp="122" pin=2"/></net>

<net id="135"><net_src comp="90" pin="0"/><net_sink comp="130" pin=0"/></net>

<net id="136"><net_src comp="20" pin="0"/><net_sink comp="130" pin=1"/></net>

<net id="137"><net_src comp="92" pin="0"/><net_sink comp="130" pin=2"/></net>

<net id="143"><net_src comp="90" pin="0"/><net_sink comp="138" pin=0"/></net>

<net id="144"><net_src comp="18" pin="0"/><net_sink comp="138" pin=1"/></net>

<net id="145"><net_src comp="92" pin="0"/><net_sink comp="138" pin=2"/></net>

<net id="151"><net_src comp="90" pin="0"/><net_sink comp="146" pin=0"/></net>

<net id="152"><net_src comp="16" pin="0"/><net_sink comp="146" pin=1"/></net>

<net id="153"><net_src comp="92" pin="0"/><net_sink comp="146" pin=2"/></net>

<net id="159"><net_src comp="90" pin="0"/><net_sink comp="154" pin=0"/></net>

<net id="160"><net_src comp="14" pin="0"/><net_sink comp="154" pin=1"/></net>

<net id="161"><net_src comp="92" pin="0"/><net_sink comp="154" pin=2"/></net>

<net id="167"><net_src comp="90" pin="0"/><net_sink comp="162" pin=0"/></net>

<net id="168"><net_src comp="12" pin="0"/><net_sink comp="162" pin=1"/></net>

<net id="169"><net_src comp="92" pin="0"/><net_sink comp="162" pin=2"/></net>

<net id="175"><net_src comp="90" pin="0"/><net_sink comp="170" pin=0"/></net>

<net id="176"><net_src comp="10" pin="0"/><net_sink comp="170" pin=1"/></net>

<net id="177"><net_src comp="92" pin="0"/><net_sink comp="170" pin=2"/></net>

<net id="183"><net_src comp="90" pin="0"/><net_sink comp="178" pin=0"/></net>

<net id="184"><net_src comp="8" pin="0"/><net_sink comp="178" pin=1"/></net>

<net id="185"><net_src comp="92" pin="0"/><net_sink comp="178" pin=2"/></net>

<net id="191"><net_src comp="90" pin="0"/><net_sink comp="186" pin=0"/></net>

<net id="192"><net_src comp="6" pin="0"/><net_sink comp="186" pin=1"/></net>

<net id="193"><net_src comp="92" pin="0"/><net_sink comp="186" pin=2"/></net>

<net id="199"><net_src comp="90" pin="0"/><net_sink comp="194" pin=0"/></net>

<net id="200"><net_src comp="4" pin="0"/><net_sink comp="194" pin=1"/></net>

<net id="201"><net_src comp="92" pin="0"/><net_sink comp="194" pin=2"/></net>

<net id="207"><net_src comp="90" pin="0"/><net_sink comp="202" pin=0"/></net>

<net id="208"><net_src comp="2" pin="0"/><net_sink comp="202" pin=1"/></net>

<net id="209"><net_src comp="92" pin="0"/><net_sink comp="202" pin=2"/></net>

<net id="215"><net_src comp="90" pin="0"/><net_sink comp="210" pin=0"/></net>

<net id="216"><net_src comp="0" pin="0"/><net_sink comp="210" pin=1"/></net>

<net id="217"><net_src comp="92" pin="0"/><net_sink comp="210" pin=2"/></net>

<net id="223"><net_src comp="90" pin="0"/><net_sink comp="218" pin=0"/></net>

<net id="224"><net_src comp="30" pin="0"/><net_sink comp="218" pin=1"/></net>

<net id="225"><net_src comp="92" pin="0"/><net_sink comp="218" pin=2"/></net>

<net id="230"><net_src comp="44" pin="0"/><net_sink comp="226" pin=0"/></net>

<net id="238"><net_src comp="231" pin="1"/><net_sink comp="234" pin=0"/></net>

<net id="239"><net_src comp="46" pin="0"/><net_sink comp="234" pin=1"/></net>

<net id="244"><net_src comp="231" pin="1"/><net_sink comp="240" pin=0"/></net>

<net id="245"><net_src comp="48" pin="0"/><net_sink comp="240" pin=1"/></net>

<net id="249"><net_src comp="231" pin="1"/><net_sink comp="246" pin=0"/></net>

<net id="254"><net_src comp="240" pin="2"/><net_sink comp="250" pin=0"/></net>

<net id="258"><net_src comp="94" pin="1"/><net_sink comp="255" pin=0"/></net>

<net id="259"><net_src comp="255" pin="1"/><net_sink comp="226" pin=1"/></net>

<net id="260"><net_src comp="255" pin="1"/><net_sink comp="231" pin=0"/></net>

<net id="261"><net_src comp="255" pin="1"/><net_sink comp="250" pin=1"/></net>

<net id="268"><net_src comp="246" pin="1"/><net_sink comp="265" pin=0"/></net>

</net_list>

</model> 
---------------- Datapath Model END ------------------

* FSMD analyzer results:
  - Output states:
	Port: pe_streams_0 | {2 }
	Port: pe_streams_1 | {2 }
	Port: pe_streams_2 | {2 }
	Port: pe_streams_3 | {2 }
	Port: pe_streams_4 | {2 }
	Port: pe_streams_5 | {2 }
	Port: pe_streams_6 | {2 }
	Port: pe_streams_7 | {2 }
	Port: pe_streams_8 | {2 }
	Port: pe_streams_9 | {2 }
	Port: pe_streams_10 | {2 }
	Port: pe_streams_11 | {2 }
	Port: pe_streams_12 | {2 }
	Port: pe_streams_13 | {2 }
	Port: pe_streams_14 | {2 }
	Port: pe_streams_15 | {2 }
 - Input state : 
  - Chain level:
	State 1
		store_ln230 : 1
		i_1 : 1
		icmp_ln230 : 2
		add_ln230 : 2
		br_ln230 : 3
		trunc_ln230 : 2
		switch_ln238 : 3
		store_ln230 : 3
	State 2


============================================================
+ Verbose Summary: Datapath Resource usage 
============================================================

* Functional unit list:
|----------|--------------------------|---------|---------|
| Operation|      Functional Unit     |    FF   |   LUT   |
|----------|--------------------------|---------|---------|
|   icmp   |     icmp_ln230_fu_234    |    0    |    12   |
|----------|--------------------------|---------|---------|
|    add   |     add_ln230_fu_240     |    0    |    12   |
|----------|--------------------------|---------|---------|
|          |  write_ln238_write_fu_98 |    0    |    0    |
|          | write_ln238_write_fu_106 |    0    |    0    |
|          | write_ln238_write_fu_114 |    0    |    0    |
|          | write_ln238_write_fu_122 |    0    |    0    |
|          | write_ln238_write_fu_130 |    0    |    0    |
|          | write_ln238_write_fu_138 |    0    |    0    |
|          | write_ln238_write_fu_146 |    0    |    0    |
|   write  | write_ln238_write_fu_154 |    0    |    0    |
|          | write_ln238_write_fu_162 |    0    |    0    |
|          | write_ln238_write_fu_170 |    0    |    0    |
|          | write_ln238_write_fu_178 |    0    |    0    |
|          | write_ln238_write_fu_186 |    0    |    0    |
|          | write_ln238_write_fu_194 |    0    |    0    |
|          | write_ln238_write_fu_202 |    0    |    0    |
|          | write_ln238_write_fu_210 |    0    |    0    |
|          | write_ln238_write_fu_218 |    0    |    0    |
|----------|--------------------------|---------|---------|
|   trunc  |    trunc_ln230_fu_246    |    0    |    0    |
|----------|--------------------------|---------|---------|
|   Total  |                          |    0    |    24   |
|----------|--------------------------|---------|---------|

Memories:
N/A

* Register list:
+-------------------+--------+
|                   |   FF   |
+-------------------+--------+
|     i_reg_255     |    5   |
|trunc_ln230_reg_265|    4   |
+-------------------+--------+
|       Total       |    9   |
+-------------------+--------+

* Multiplexer (MUX) list: 
|--------|------|------|------|--------|
|  Comp  |  Pin | Size |  BW  | S x BW |
|--------|------|------|------|--------|
|  Total |      |      |      |    0   |
|--------|------|------|------|--------|



* Summary:
+-----------+--------+--------+
|           |   FF   |   LUT  |
+-----------+--------+--------+
|  Function |    0   |   24   |
|   Memory  |    -   |    -   |
|Multiplexer|    -   |    -   |
|  Register |    9   |    -   |
+-----------+--------+--------+
|   Total   |    9   |   24   |
+-----------+--------+--------+
