

================================================================
== Vitis HLS Report for 'distribute_to_pe_Pipeline_VITIS_LOOP_230_3'
================================================================
* Date:           Thu Apr 23 17:42:00 2026

* Version:        2024.2 (Build 5238294 on Nov  8 2024)
* Project:        spmv_csc
* Solution:       hls (Vivado IP Flow Target)
* Product family: zynquplus
* Target device:  xczu7ev-ffvc1156-2-e


================================================================
== Performance Estimates
================================================================
+ Timing: 
    * Summary: 
    +--------+---------+----------+------------+
    |  Clock |  Target | Estimated| Uncertainty|
    +--------+---------+----------+------------+
    |ap_clk  |  5.00 ns|  1.655 ns|     1.00 ns|
    +--------+---------+----------+------------+

+ Latency: 
    * Summary: 
    +---------+---------+-----------+-----------+-----+-----+------------------------------------------------+
    |  Latency (cycles) |   Latency (absolute)  |  Interval |                    Pipeline                    |
    |   min   |   max   |    min    |    max    | min | max |                      Type                      |
    +---------+---------+-----------+-----------+-----+-----+------------------------------------------------+
    |       18|       18|  90.000 ns|  90.000 ns|   17|   17|  loop auto-rewind stp (delay=0 clock cycles(s))|
    +---------+---------+-----------+-----------+-----+-----+------------------------------------------------+

    + Detail: 
        * Instance: 
        N/A

        * Loop: 
        +--------------------+---------+---------+----------+-----------+-----------+------+----------+
        |                    |  Latency (cycles) | Iteration|  Initiation Interval  | Trip |          |
        |      Loop Name     |   min   |   max   |  Latency |  achieved |   target  | Count| Pipelined|
        +--------------------+---------+---------+----------+-----------+-----------+------+----------+
        |- VITIS_LOOP_230_3  |       16|       16|         2|          1|          1|    16|       yes|
        +--------------------+---------+---------+----------+-----------+-----------+------+----------+

============================================================
+ Verbose Summary: Synthesis Manager
============================================================
InlineROM: 1
ExposeGlobal: 0
============================================================
+ Verbose Summary: CDFG Model
============================================================
IsTopModel: 0
ResetActiveHigh: 1
IsCombinational: 0
IsDatapathOnly: 0
HasWiredReturn: 1
HasMFsm: 2
HasVarLatency: 1
IsPipeline: 0
IsRtlPipelined: 0
IsInstanceOverlapped: 0
IsDontTouch: 0
HasImplIP: 0
IsGatedGlobalClock: 0

+ Individual pipeline summary: 
  * Pipeline-0: initiation interval (II) = 1, depth = 2


============================================================
+ Verbose Summary: Schedule
============================================================
* Number of FSM states : 2
* Pipeline : 1
  Pipeline-0 : II = 1, D = 2, States = { 1 2 }
* Dataflow Pipeline: 0

* FSM state transitions: 
1 --> 2 
2 --> 

* FSM state operations: 

State 1 <SV = 0> <Delay = 1.64>
ST_1 : Operation 5 [1/1] (0.00ns)   --->   "%i = alloca i32 1" [../HLS/src/spmv_csc.cpp:230]   --->   Operation 5 'alloca' 'i' <Predicate = true> <Delay = 0.00>
ST_1 : Operation 6 [1/1] (0.00ns)   --->   "%specinterface_ln0 = specinterface void @_ssdm_op_SpecInterface, i97 %pe_streams_0, void @empty_16, i32 0, i32 0, void @empty_25, i32 0, i32 0, void @empty_25, void @empty_25, void @empty_25, i32 0, i32 0, i32 0, i32 0, void @empty_25, void @empty_25, i32 4294967295, i32 0, i32 0"   --->   Operation 6 'specinterface' 'specinterface_ln0' <Predicate = true> <Delay = 0.00>
ST_1 : Operation 7 [1/1] (0.00ns)   --->   "%specinterface_ln0 = specinterface void @_ssdm_op_SpecInterface, i97 %pe_streams_1, void @empty_16, i32 0, i32 0, void @empty_25, i32 0, i32 0, void @empty_25, void @empty_25, void @empty_25, i32 0, i32 0, i32 0, i32 0, void @empty_25, void @empty_25, i32 4294967295, i32 0, i32 0"   --->   Operation 7 'specinterface' 'specinterface_ln0' <Predicate = true> <Delay = 0.00>
ST_1 : Operation 8 [1/1] (0.00ns)   --->   "%specinterface_ln0 = specinterface void @_ssdm_op_SpecInterface, i97 %pe_streams_2, void @empty_16, i32 0, i32 0, void @empty_25, i32 0, i32 0, void @empty_25, void @empty_25, void @empty_25, i32 0, i32 0, i32 0, i32 0, void @empty_25, void @empty_25, i32 4294967295, i32 0, i32 0"   --->   Operation 8 'specinterface' 'specinterface_ln0' <Predicate = true> <Delay = 0.00>
ST_1 : Operation 9 [1/1] (0.00ns)   --->   "%specinterface_ln0 = specinterface void @_ssdm_op_SpecInterface, i97 %pe_streams_3, void @empty_16, i32 0, i32 0, void @empty_25, i32 0, i32 0, void @empty_25, void @empty_25, void @empty_25, i32 0, i32 0, i32 0, i32 0, void @empty_25, void @empty_25, i32 4294967295, i32 0, i32 0"   --->   Operation 9 'specinterface' 'specinterface_ln0' <Predicate = true> <Delay = 0.00>
ST_1 : Operation 10 [1/1] (0.00ns)   --->   "%specinterface_ln0 = specinterface void @_ssdm_op_SpecInterface, i97 %pe_streams_4, void @empty_16, i32 0, i32 0, void @empty_25, i32 0, i32 0, void @empty_25, void @empty_25, void @empty_25, i32 0, i32 0, i32 0, i32 0, void @empty_25, void @empty_25, i32 4294967295, i32 0, i32 0"   --->   Operation 10 'specinterface' 'specinterface_ln0' <Predicate = true> <Delay = 0.00>
ST_1 : Operation 11 [1/1] (0.00ns)   --->   "%specinterface_ln0 = specinterface void @_ssdm_op_SpecInterface, i97 %pe_streams_5, void @empty_16, i32 0, i32 0, void @empty_25, i32 0, i32 0, void @empty_25, void @empty_25, void @empty_25, i32 0, i32 0, i32 0, i32 0, void @empty_25, void @empty_25, i32 4294967295, i32 0, i32 0"   --->   Operation 11 'specinterface' 'specinterface_ln0' <Predicate = true> <Delay = 0.00>
ST_1 : Operation 12 [1/1] (0.00ns)   --->   "%specinterface_ln0 = specinterface void @_ssdm_op_SpecInterface, i97 %pe_streams_6, void @empty_16, i32 0, i32 0, void @empty_25, i32 0, i32 0, void @empty_25, void @empty_25, void @empty_25, i32 0, i32 0, i32 0, i32 0, void @empty_25, void @empty_25, i32 4294967295, i32 0, i32 0"   --->   Operation 12 'specinterface' 'specinterface_ln0' <Predicate = true> <Delay = 0.00>
ST_1 : Operation 13 [1/1] (0.00ns)   --->   "%specinterface_ln0 = specinterface void @_ssdm_op_SpecInterface, i97 %pe_streams_7, void @empty_16, i32 0, i32 0, void @empty_25, i32 0, i32 0, void @empty_25, void @empty_25, void @empty_25, i32 0, i32 0, i32 0, i32 0, void @empty_25, void @empty_25, i32 4294967295, i32 0, i32 0"   --->   Operation 13 'specinterface' 'specinterface_ln0' <Predicate = true> <Delay = 0.00>
ST_1 : Operation 14 [1/1] (0.00ns)   --->   "%specinterface_ln0 = specinterface void @_ssdm_op_SpecInterface, i97 %pe_streams_8, void @empty_16, i32 0, i32 0, void @empty_25, i32 0, i32 0, void @empty_25, void @empty_25, void @empty_25, i32 0, i32 0, i32 0, i32 0, void @empty_25, void @empty_25, i32 4294967295, i32 0, i32 0"   --->   Operation 14 'specinterface' 'specinterface_ln0' <Predicate = true> <Delay = 0.00>
ST_1 : Operation 15 [1/1] (0.00ns)   --->   "%specinterface_ln0 = specinterface void @_ssdm_op_SpecInterface, i97 %pe_streams_9, void @empty_16, i32 0, i32 0, void @empty_25, i32 0, i32 0, void @empty_25, void @empty_25, void @empty_25, i32 0, i32 0, i32 0, i32 0, void @empty_25, void @empty_25, i32 4294967295, i32 0, i32 0"   --->   Operation 15 'specinterface' 'specinterface_ln0' <Predicate = true> <Delay = 0.00>
ST_1 : Operation 16 [1/1] (0.00ns)   --->   "%specinterface_ln0 = specinterface void @_ssdm_op_SpecInterface, i97 %pe_streams_10, void @empty_16, i32 0, i32 0, void @empty_25, i32 0, i32 0, void @empty_25, void @empty_25, void @empty_25, i32 0, i32 0, i32 0, i32 0, void @empty_25, void @empty_25, i32 4294967295, i32 0, i32 0"   --->   Operation 16 'specinterface' 'specinterface_ln0' <Predicate = true> <Delay = 0.00>
ST_1 : Operation 17 [1/1] (0.00ns)   --->   "%specinterface_ln0 = specinterface void @_ssdm_op_SpecInterface, i97 %pe_streams_11, void @empty_16, i32 0, i32 0, void @empty_25, i32 0, i32 0, void @empty_25, void @empty_25, void @empty_25, i32 0, i32 0, i32 0, i32 0, void @empty_25, void @empty_25, i32 4294967295, i32 0, i32 0"   --->   Operation 17 'specinterface' 'specinterface_ln0' <Predicate = true> <Delay = 0.00>
ST_1 : Operation 18 [1/1] (0.00ns)   --->   "%specinterface_ln0 = specinterface void @_ssdm_op_SpecInterface, i97 %pe_streams_12, void @empty_16, i32 0, i32 0, void @empty_25, i32 0, i32 0, void @empty_25, void @empty_25, void @empty_25, i32 0, i32 0, i32 0, i32 0, void @empty_25, void @empty_25, i32 4294967295, i32 0, i32 0"   --->   Operation 18 'specinterface' 'specinterface_ln0' <Predicate = true> <Delay = 0.00>
ST_1 : Operation 19 [1/1] (0.00ns)   --->   "%specinterface_ln0 = specinterface void @_ssdm_op_SpecInterface, i97 %pe_streams_13, void @empty_16, i32 0, i32 0, void @empty_25, i32 0, i32 0, void @empty_25, void @empty_25, void @empty_25, i32 0, i32 0, i32 0, i32 0, void @empty_25, void @empty_25, i32 4294967295, i32 0, i32 0"   --->   Operation 19 'specinterface' 'specinterface_ln0' <Predicate = true> <Delay = 0.00>
ST_1 : Operation 20 [1/1] (0.00ns)   --->   "%specinterface_ln0 = specinterface void @_ssdm_op_SpecInterface, i97 %pe_streams_14, void @empty_16, i32 0, i32 0, void @empty_25, i32 0, i32 0, void @empty_25, void @empty_25, void @empty_25, i32 0, i32 0, i32 0, i32 0, void @empty_25, void @empty_25, i32 4294967295, i32 0, i32 0"   --->   Operation 20 'specinterface' 'specinterface_ln0' <Predicate = true> <Delay = 0.00>
ST_1 : Operation 21 [1/1] (0.00ns)   --->   "%specinterface_ln0 = specinterface void @_ssdm_op_SpecInterface, i97 %pe_streams_15, void @empty_16, i32 0, i32 0, void @empty_25, i32 0, i32 0, void @empty_25, void @empty_25, void @empty_25, i32 0, i32 0, i32 0, i32 0, void @empty_25, void @empty_25, i32 4294967295, i32 0, i32 0"   --->   Operation 21 'specinterface' 'specinterface_ln0' <Predicate = true> <Delay = 0.00>
ST_1 : Operation 22 [1/1] (0.42ns)   --->   "%store_ln230 = store i5 0, i5 %i" [../HLS/src/spmv_csc.cpp:230]   --->   Operation 22 'store' 'store_ln230' <Predicate = true> <Delay = 0.42>
ST_1 : Operation 23 [1/1] (0.00ns)   --->   "%br_ln0 = br void %for.inc47"   --->   Operation 23 'br' 'br_ln0' <Predicate = true> <Delay = 0.00>
ST_1 : Operation 24 [1/1] (0.00ns)   --->   "%i_1 = load i5 %i" [../HLS/src/spmv_csc.cpp:230]   --->   Operation 24 'load' 'i_1' <Predicate = true> <Delay = 0.00>
ST_1 : Operation 25 [1/1] (0.78ns)   --->   "%icmp_ln230 = icmp_eq  i5 %i_1, i5 16" [../HLS/src/spmv_csc.cpp:230]   --->   Operation 25 'icmp' 'icmp_ln230' <Predicate = true> <Delay = 0.78> <CoreInst = "Cmp">   --->   Core 9 'Cmp' <Latency = 0> <II = 1> <Delay = 0.78> <FuncUnit> <Opcode : 'seteq' 'setne' 'setle' 'setge' 'setlt' 'setgt'> <InPorts = 2> <OutPorts = 1>
ST_1 : Operation 26 [1/1] (0.78ns)   --->   "%add_ln230 = add i5 %i_1, i5 1" [../HLS/src/spmv_csc.cpp:230]   --->   Operation 26 'add' 'add_ln230' <Predicate = true> <Delay = 0.78> <CoreInst = "Adder">   --->   Core 1 'Adder' <Latency = 0> <II = 1> <Delay = 0.78> <FuncUnit> <Opcode : 'add' 'sub'> <InPorts = 2> <OutPorts = 1>
ST_1 : Operation 27 [1/1] (0.00ns)   --->   "%br_ln230 = br i1 %icmp_ln230, void %for.inc47.split, void %for.end49.exitStub" [../HLS/src/spmv_csc.cpp:230]   --->   Operation 27 'br' 'br_ln230' <Predicate = true> <Delay = 0.00>
ST_1 : Operation 28 [1/1] (0.00ns)   --->   "%trunc_ln230 = trunc i5 %i_1" [../HLS/src/spmv_csc.cpp:230]   --->   Operation 28 'trunc' 'trunc_ln230' <Predicate = (!icmp_ln230)> <Delay = 0.00>
ST_1 : Operation 29 [1/1] (0.00ns)   --->   "%specpipeline_ln232 = specpipeline void @_ssdm_op_SpecPipeline, i32 1, i32 0, i32 0, i32 0, void @empty_25" [../HLS/src/spmv_csc.cpp:232]   --->   Operation 29 'specpipeline' 'specpipeline_ln232' <Predicate = (!icmp_ln230)> <Delay = 0.00>
ST_1 : Operation 30 [1/1] (0.00ns)   --->   "%speclooptripcount_ln230 = speclooptripcount void @_ssdm_op_SpecLoopTripCount, i64 16, i64 16, i64 16" [../HLS/src/spmv_csc.cpp:230]   --->   Operation 30 'speclooptripcount' 'speclooptripcount_ln230' <Predicate = (!icmp_ln230)> <Delay = 0.00>
ST_1 : Operation 31 [1/1] (0.00ns)   --->   "%specloopname_ln230 = specloopname void @_ssdm_op_SpecLoopName, void @empty_8" [../HLS/src/spmv_csc.cpp:230]   --->   Operation 31 'specloopname' 'specloopname_ln230' <Predicate = (!icmp_ln230)> <Delay = 0.00>
ST_1 : Operation 32 [1/1] (0.79ns)   --->   "%switch_ln238 = switch i4 %trunc_ln230, void %V.i521.case.15, i4 0, void %V.i521.case.0, i4 1, void %V.i521.case.1, i4 2, void %V.i521.case.2, i4 3, void %V.i521.case.3, i4 4, void %V.i521.case.4, i4 5, void %V.i521.case.5, i4 6, void %V.i521.case.6, i4 7, void %V.i521.case.7, i4 8, void %V.i521.case.8, i4 9, void %V.i521.case.9, i4 10, void %V.i521.case.10, i4 11, void %V.i521.case.11, i4 12, void %V.i521.case.12, i4 13, void %V.i521.case.13, i4 14, void %V.i521.case.14" [../HLS/src/spmv_csc.cpp:238]   --->   Operation 32 'switch' 'switch_ln238' <Predicate = (!icmp_ln230)> <Delay = 0.79>
ST_1 : Operation 33 [1/1] (0.42ns)   --->   "%store_ln230 = store i5 %add_ln230, i5 %i" [../HLS/src/spmv_csc.cpp:230]   --->   Operation 33 'store' 'store_ln230' <Predicate = (!icmp_ln230)> <Delay = 0.42>
ST_1 : Operation 34 [1/1] (0.00ns)   --->   "%br_ln230 = br void %for.inc47" [../HLS/src/spmv_csc.cpp:230]   --->   Operation 34 'br' 'br_ln230' <Predicate = (!icmp_ln230)> <Delay = 0.00>
ST_1 : Operation 67 [1/1] (0.42ns)   --->   "%ret_ln0 = ret"   --->   Operation 67 'ret' 'ret_ln0' <Predicate = (icmp_ln230)> <Delay = 0.42>

State 2 <SV = 1> <Delay = 1.65>
ST_2 : Operation 35 [1/1] ( I:1.65ns O:1.65ns )   --->   "%write_ln238 = write void @_ssdm_op_Write.ap_fifo.volatile.i97P0A, i97 %pe_streams_14, i97 79228162514264337593543950336" [../HLS/src/spmv_csc.cpp:238]   --->   Operation 35 'write' 'write_ln238' <Predicate = (trunc_ln230 == 14)> <Delay = 1.65> <CoreInst = "FIFO">   --->   Core 77 'FIFO' <Latency = 0> <II = 1> <Delay = 1.65> <Storage> <Opcode : 'read' 'write' 'nbread' 'nbwrite'> <Ports = 0> <Width = 97> <Depth = 256> <FIFO>
ST_2 : Operation 36 [1/1] (0.00ns)   --->   "%br_ln238 = br void %V.i521.exit" [../HLS/src/spmv_csc.cpp:238]   --->   Operation 36 'br' 'br_ln238' <Predicate = (trunc_ln230 == 14)> <Delay = 0.00>
ST_2 : Operation 37 [1/1] ( I:1.65ns O:1.65ns )   --->   "%write_ln238 = write void @_ssdm_op_Write.ap_fifo.volatile.i97P0A, i97 %pe_streams_13, i97 79228162514264337593543950336" [../HLS/src/spmv_csc.cpp:238]   --->   Operation 37 'write' 'write_ln238' <Predicate = (trunc_ln230 == 13)> <Delay = 1.65> <CoreInst = "FIFO">   --->   Core 77 'FIFO' <Latency = 0> <II = 1> <Delay = 1.65> <Storage> <Opcode : 'read' 'write' 'nbread' 'nbwrite'> <Ports = 0> <Width = 97> <Depth = 256> <FIFO>
ST_2 : Operation 38 [1/1] (0.00ns)   --->   "%br_ln238 = br void %V.i521.exit" [../HLS/src/spmv_csc.cpp:238]   --->   Operation 38 'br' 'br_ln238' <Predicate = (trunc_ln230 == 13)> <Delay = 0.00>
ST_2 : Operation 39 [1/1] ( I:1.65ns O:1.65ns )   --->   "%write_ln238 = write void @_ssdm_op_Write.ap_fifo.volatile.i97P0A, i97 %pe_streams_12, i97 79228162514264337593543950336" [../HLS/src/spmv_csc.cpp:238]   --->   Operation 39 'write' 'write_ln238' <Predicate = (trunc_ln230 == 12)> <Delay = 1.65> <CoreInst = "FIFO">   --->   Core 77 'FIFO' <Latency = 0> <II = 1> <Delay = 1.65> <Storage> <Opcode : 'read' 'write' 'nbread' 'nbwrite'> <Ports = 0> <Width = 97> <Depth = 256> <FIFO>
ST_2 : Operation 40 [1/1] (0.00ns)   --->   "%br_ln238 = br void %V.i521.exit" [../HLS/src/spmv_csc.cpp:238]   --->   Operation 40 'br' 'br_ln238' <Predicate = (trunc_ln230 == 12)> <Delay = 0.00>
ST_2 : Operation 41 [1/1] ( I:1.65ns O:1.65ns )   --->   "%write_ln238 = write void @_ssdm_op_Write.ap_fifo.volatile.i97P0A, i97 %pe_streams_11, i97 79228162514264337593543950336" [../HLS/src/spmv_csc.cpp:238]   --->   Operation 41 'write' 'write_ln238' <Predicate = (trunc_ln230 == 11)> <Delay = 1.65> <CoreInst = "FIFO">   --->   Core 77 'FIFO' <Latency = 0> <II = 1> <Delay = 1.65> <Storage> <Opcode : 'read' 'write' 'nbread' 'nbwrite'> <Ports = 0> <Width = 97> <Depth = 256> <FIFO>
ST_2 : Operation 42 [1/1] (0.00ns)   --->   "%br_ln238 = br void %V.i521.exit" [../HLS/src/spmv_csc.cpp:238]   --->   Operation 42 'br' 'br_ln238' <Predicate = (trunc_ln230 == 11)> <Delay = 0.00>
ST_2 : Operation 43 [1/1] ( I:1.65ns O:1.65ns )   --->   "%write_ln238 = write void @_ssdm_op_Write.ap_fifo.volatile.i97P0A, i97 %pe_streams_10, i97 79228162514264337593543950336" [../HLS/src/spmv_csc.cpp:238]   --->   Operation 43 'write' 'write_ln238' <Predicate = (trunc_ln230 == 10)> <Delay = 1.65> <CoreInst = "FIFO">   --->   Core 77 'FIFO' <Latency = 0> <II = 1> <Delay = 1.65> <Storage> <Opcode : 'read' 'write' 'nbread' 'nbwrite'> <Ports = 0> <Width = 97> <Depth = 256> <FIFO>
ST_2 : Operation 44 [1/1] (0.00ns)   --->   "%br_ln238 = br void %V.i521.exit" [../HLS/src/spmv_csc.cpp:238]   --->   Operation 44 'br' 'br_ln238' <Predicate = (trunc_ln230 == 10)> <Delay = 0.00>
ST_2 : Operation 45 [1/1] ( I:1.65ns O:1.65ns )   --->   "%write_ln238 = write void @_ssdm_op_Write.ap_fifo.volatile.i97P0A, i97 %pe_streams_9, i97 79228162514264337593543950336" [../HLS/src/spmv_csc.cpp:238]   --->   Operation 45 'write' 'write_ln238' <Predicate = (trunc_ln230 == 9)> <Delay = 1.65> <CoreInst = "FIFO">   --->   Core 77 'FIFO' <Latency = 0> <II = 1> <Delay = 1.65> <Storage> <Opcode : 'read' 'write' 'nbread' 'nbwrite'> <Ports = 0> <Width = 97> <Depth = 256> <FIFO>
ST_2 : Operation 46 [1/1] (0.00ns)   --->   "%br_ln238 = br void %V.i521.exit" [../HLS/src/spmv_csc.cpp:238]   --->   Operation 46 'br' 'br_ln238' <Predicate = (trunc_ln230 == 9)> <Delay = 0.00>
ST_2 : Operation 47 [1/1] ( I:1.65ns O:1.65ns )   --->   "%write_ln238 = write void @_ssdm_op_Write.ap_fifo.volatile.i97P0A, i97 %pe_streams_8, i97 79228162514264337593543950336" [../HLS/src/spmv_csc.cpp:238]   --->   Operation 47 'write' 'write_ln238' <Predicate = (trunc_ln230 == 8)> <Delay = 1.65> <CoreInst = "FIFO">   --->   Core 77 'FIFO' <Latency = 0> <II = 1> <Delay = 1.65> <Storage> <Opcode : 'read' 'write' 'nbread' 'nbwrite'> <Ports = 0> <Width = 97> <Depth = 256> <FIFO>
ST_2 : Operation 48 [1/1] (0.00ns)   --->   "%br_ln238 = br void %V.i521.exit" [../HLS/src/spmv_csc.cpp:238]   --->   Operation 48 'br' 'br_ln238' <Predicate = (trunc_ln230 == 8)> <Delay = 0.00>
ST_2 : Operation 49 [1/1] ( I:1.65ns O:1.65ns )   --->   "%write_ln238 = write void @_ssdm_op_Write.ap_fifo.volatile.i97P0A, i97 %pe_streams_7, i97 79228162514264337593543950336" [../HLS/src/spmv_csc.cpp:238]   --->   Operation 49 'write' 'write_ln238' <Predicate = (trunc_ln230 == 7)> <Delay = 1.65> <CoreInst = "FIFO">   --->   Core 77 'FIFO' <Latency = 0> <II = 1> <Delay = 1.65> <Storage> <Opcode : 'read' 'write' 'nbread' 'nbwrite'> <Ports = 0> <Width = 97> <Depth = 256> <FIFO>
ST_2 : Operation 50 [1/1] (0.00ns)   --->   "%br_ln238 = br void %V.i521.exit" [../HLS/src/spmv_csc.cpp:238]   --->   Operation 50 'br' 'br_ln238' <Predicate = (trunc_ln230 == 7)> <Delay = 0.00>
ST_2 : Operation 51 [1/1] ( I:1.65ns O:1.65ns )   --->   "%write_ln238 = write void @_ssdm_op_Write.ap_fifo.volatile.i97P0A, i97 %pe_streams_6, i97 79228162514264337593543950336" [../HLS/src/spmv_csc.cpp:238]   --->   Operation 51 'write' 'write_ln238' <Predicate = (trunc_ln230 == 6)> <Delay = 1.65> <CoreInst = "FIFO">   --->   Core 77 'FIFO' <Latency = 0> <II = 1> <Delay = 1.65> <Storage> <Opcode : 'read' 'write' 'nbread' 'nbwrite'> <Ports = 0> <Width = 97> <Depth = 256> <FIFO>
ST_2 : Operation 52 [1/1] (0.00ns)   --->   "%br_ln238 = br void %V.i521.exit" [../HLS/src/spmv_csc.cpp:238]   --->   Operation 52 'br' 'br_ln238' <Predicate = (trunc_ln230 == 6)> <Delay = 0.00>
ST_2 : Operation 53 [1/1] ( I:1.65ns O:1.65ns )   --->   "%write_ln238 = write void @_ssdm_op_Write.ap_fifo.volatile.i97P0A, i97 %pe_streams_5, i97 79228162514264337593543950336" [../HLS/src/spmv_csc.cpp:238]   --->   Operation 53 'write' 'write_ln238' <Predicate = (trunc_ln230 == 5)> <Delay = 1.65> <CoreInst = "FIFO">   --->   Core 77 'FIFO' <Latency = 0> <II = 1> <Delay = 1.65> <Storage> <Opcode : 'read' 'write' 'nbread' 'nbwrite'> <Ports = 0> <Width = 97> <Depth = 256> <FIFO>
ST_2 : Operation 54 [1/1] (0.00ns)   --->   "%br_ln238 = br void %V.i521.exit" [../HLS/src/spmv_csc.cpp:238]   --->   Operation 54 'br' 'br_ln238' <Predicate = (trunc_ln230 == 5)> <Delay = 0.00>
ST_2 : Operation 55 [1/1] ( I:1.65ns O:1.65ns )   --->   "%write_ln238 = write void @_ssdm_op_Write.ap_fifo.volatile.i97P0A, i97 %pe_streams_4, i97 79228162514264337593543950336" [../HLS/src/spmv_csc.cpp:238]   --->   Operation 55 'write' 'write_ln238' <Predicate = (trunc_ln230 == 4)> <Delay = 1.65> <CoreInst = "FIFO">   --->   Core 77 'FIFO' <Latency = 0> <II = 1> <Delay = 1.65> <Storage> <Opcode : 'read' 'write' 'nbread' 'nbwrite'> <Ports = 0> <Width = 97> <Depth = 256> <FIFO>
ST_2 : Operation 56 [1/1] (0.00ns)   --->   "%br_ln238 = br void %V.i521.exit" [../HLS/src/spmv_csc.cpp:238]   --->   Operation 56 'br' 'br_ln238' <Predicate = (trunc_ln230 == 4)> <Delay = 0.00>
ST_2 : Operation 57 [1/1] ( I:1.65ns O:1.65ns )   --->   "%write_ln238 = write void @_ssdm_op_Write.ap_fifo.volatile.i97P0A, i97 %pe_streams_3, i97 79228162514264337593543950336" [../HLS/src/spmv_csc.cpp:238]   --->   Operation 57 'write' 'write_ln238' <Predicate = (trunc_ln230 == 3)> <Delay = 1.65> <CoreInst = "FIFO">   --->   Core 77 'FIFO' <Latency = 0> <II = 1> <Delay = 1.65> <Storage> <Opcode : 'read' 'write' 'nbread' 'nbwrite'> <Ports = 0> <Width = 97> <Depth = 256> <FIFO>
ST_2 : Operation 58 [1/1] (0.00ns)   --->   "%br_ln238 = br void %V.i521.exit" [../HLS/src/spmv_csc.cpp:238]   --->   Operation 58 'br' 'br_ln238' <Predicate = (trunc_ln230 == 3)> <Delay = 0.00>
ST_2 : Operation 59 [1/1] ( I:1.65ns O:1.65ns )   --->   "%write_ln238 = write void @_ssdm_op_Write.ap_fifo.volatile.i97P0A, i97 %pe_streams_2, i97 79228162514264337593543950336" [../HLS/src/spmv_csc.cpp:238]   --->   Operation 59 'write' 'write_ln238' <Predicate = (trunc_ln230 == 2)> <Delay = 1.65> <CoreInst = "FIFO">   --->   Core 77 'FIFO' <Latency = 0> <II = 1> <Delay = 1.65> <Storage> <Opcode : 'read' 'write' 'nbread' 'nbwrite'> <Ports = 0> <Width = 97> <Depth = 256> <FIFO>
ST_2 : Operation 60 [1/1] (0.00ns)   --->   "%br_ln238 = br void %V.i521.exit" [../HLS/src/spmv_csc.cpp:238]   --->   Operation 60 'br' 'br_ln238' <Predicate = (trunc_ln230 == 2)> <Delay = 0.00>
ST_2 : Operation 61 [1/1] ( I:1.65ns O:1.65ns )   --->   "%write_ln238 = write void @_ssdm_op_Write.ap_fifo.volatile.i97P0A, i97 %pe_streams_1, i97 79228162514264337593543950336" [../HLS/src/spmv_csc.cpp:238]   --->   Operation 61 'write' 'write_ln238' <Predicate = (trunc_ln230 == 1)> <Delay = 1.65> <CoreInst = "FIFO">   --->   Core 77 'FIFO' <Latency = 0> <II = 1> <Delay = 1.65> <Storage> <Opcode : 'read' 'write' 'nbread' 'nbwrite'> <Ports = 0> <Width = 97> <Depth = 256> <FIFO>
ST_2 : Operation 62 [1/1] (0.00ns)   --->   "%br_ln238 = br void %V.i521.exit" [../HLS/src/spmv_csc.cpp:238]   --->   Operation 62 'br' 'br_ln238' <Predicate = (trunc_ln230 == 1)> <Delay = 0.00>
ST_2 : Operation 63 [1/1] ( I:1.65ns O:1.65ns )   --->   "%write_ln238 = write void @_ssdm_op_Write.ap_fifo.volatile.i97P0A, i97 %pe_streams_0, i97 79228162514264337593543950336" [../HLS/src/spmv_csc.cpp:238]   --->   Operation 63 'write' 'write_ln238' <Predicate = (trunc_ln230 == 0)> <Delay = 1.65> <CoreInst = "FIFO">   --->   Core 77 'FIFO' <Latency = 0> <II = 1> <Delay = 1.65> <Storage> <Opcode : 'read' 'write' 'nbread' 'nbwrite'> <Ports = 0> <Width = 97> <Depth = 256> <FIFO>
ST_2 : Operation 64 [1/1] (0.00ns)   --->   "%br_ln238 = br void %V.i521.exit" [../HLS/src/spmv_csc.cpp:238]   --->   Operation 64 'br' 'br_ln238' <Predicate = (trunc_ln230 == 0)> <Delay = 0.00>
ST_2 : Operation 65 [1/1] ( I:1.65ns O:1.65ns )   --->   "%write_ln238 = write void @_ssdm_op_Write.ap_fifo.volatile.i97P0A, i97 %pe_streams_15, i97 79228162514264337593543950336" [../HLS/src/spmv_csc.cpp:238]   --->   Operation 65 'write' 'write_ln238' <Predicate = (trunc_ln230 == 15)> <Delay = 1.65> <CoreInst = "FIFO">   --->   Core 77 'FIFO' <Latency = 0> <II = 1> <Delay = 1.65> <Storage> <Opcode : 'read' 'write' 'nbread' 'nbwrite'> <Ports = 0> <Width = 97> <Depth = 256> <FIFO>
ST_2 : Operation 66 [1/1] (0.00ns)   --->   "%br_ln238 = br void %V.i521.exit" [../HLS/src/spmv_csc.cpp:238]   --->   Operation 66 'br' 'br_ln238' <Predicate = (trunc_ln230 == 15)> <Delay = 0.00>


============================================================
+ Verbose Summary: Timing violations
============================================================
Target clock period: 5.000ns, clock uncertainty: 1.000ns.

 <State 1>: 1.643ns
The critical path consists of the following:
	'store' operation 0 bit ('store_ln230', ../HLS/src/spmv_csc.cpp:230) of constant 0 on local variable 'i', ../HLS/src/spmv_csc.cpp:230 [34]  (0.427 ns)
	'load' operation 5 bit ('i', ../HLS/src/spmv_csc.cpp:230) on local variable 'i', ../HLS/src/spmv_csc.cpp:230 [37]  (0.000 ns)
	'icmp' operation 1 bit ('icmp_ln230', ../HLS/src/spmv_csc.cpp:230) [38]  (0.789 ns)
	'store' operation 0 bit ('store_ln230', ../HLS/src/spmv_csc.cpp:230) of variable 'add_ln230', ../HLS/src/spmv_csc.cpp:230 on local variable 'i', ../HLS/src/spmv_csc.cpp:230 [96]  (0.427 ns)

 <State 2>: 1.655ns
The critical path consists of the following:
	fifo write operation ('write_ln238', ../HLS/src/spmv_csc.cpp:238) on port 'pe_streams_12' (../HLS/src/spmv_csc.cpp:238) [54]  (1.655 ns)


============================================================
+ Verbose Summary: Binding
============================================================
N/A
* FSMD analyzer results:
  - Output states:
 - Input state : 
  - Chain level:
	State 1
	State 2


============================================================
+ Verbose Summary: Datapath Resource usage 
============================================================
N/A
