

================================================================
== Vitis HLS Report for 'distribute_to_pe'
================================================================
* Date:           Thu Apr 23 17:42:07 2026

* Version:        2024.2 (Build 5238294 on Nov  8 2024)
* Project:        spmv_csc
* Solution:       hls (Vivado IP Flow Target)
* Product family: zynquplus
* Target device:  xczu7ev-ffvc1156-2-e


================================================================
== Performance Estimates
================================================================
+ Timing: 
    * Summary: 
    +--------+---------+----------+------------+
    |  Clock |  Target | Estimated| Uncertainty|
    +--------+---------+----------+------------+
    |ap_clk  |  5.00 ns|  7.520 ns|     1.00 ns|
    +--------+---------+----------+------------+

+ Latency: 
    * Summary: 
    +---------+---------+----------+----------+-----+-----+---------+
    |  Latency (cycles) |  Latency (absolute) |  Interval | Pipeline|
    |   min   |   max   |    min   |    max   | min | max |   Type  |
    +---------+---------+----------+----------+-----+-----+---------+
    |        ?|        ?|         ?|         ?|    ?|    ?|       no|
    +---------+---------+----------+----------+-----+-----+---------+

    + Detail: 
        * Instance: 
        +-------------------------------------------------------+--------------------------------------------+---------+---------+-----------+-----------+-----+-----+------------------------------------------------+
        |                                                       |                                            |  Latency (cycles) |   Latency (absolute)  |  Interval |                    Pipeline                    |
        |                        Instance                       |                   Module                   |   min   |   max   |    min    |    max    | min | max |                      Type                      |
        +-------------------------------------------------------+--------------------------------------------+---------+---------+-----------+-----------+-----+-----+------------------------------------------------+
        |grp_distribute_to_pe_Pipeline_VITIS_LOOP_172_1_fu_72   |distribute_to_pe_Pipeline_VITIS_LOOP_172_1  |        ?|        ?|          ?|          ?|    0|    0|  loop auto-rewind stp (delay=0 clock cycles(s))|
        |grp_distribute_to_pe_Pipeline_VITIS_LOOP_230_3_fu_113  |distribute_to_pe_Pipeline_VITIS_LOOP_230_3  |       18|       18|  90.000 ns|  90.000 ns|   17|   17|  loop auto-rewind stp (delay=0 clock cycles(s))|
        +-------------------------------------------------------+--------------------------------------------+---------+---------+-----------+-----------+-----+-----+------------------------------------------------+

        * Loop: 
        N/A



================================================================
== Utilization Estimates
================================================================
* Summary: 
+-----------------+---------+------+--------+--------+-----+
|       Name      | BRAM_18K|  DSP |   FF   |   LUT  | URAM|
+-----------------+---------+------+--------+--------+-----+
|DSP              |        -|     -|       -|       -|    -|
|Expression       |        -|     -|       0|       2|    -|
|FIFO             |        -|     -|       -|       -|    -|
|Instance         |        -|     -|    2816|    5890|    -|
|Memory           |        -|     -|       -|       -|    -|
|Multiplexer      |        -|     -|       0|     417|    -|
|Register         |        -|     -|      40|       -|    -|
+-----------------+---------+------+--------+--------+-----+
|Total            |        0|     0|    2856|    6309|    0|
+-----------------+---------+------+--------+--------+-----+
|Available        |      624|  1728|  460800|  230400|   96|
+-----------------+---------+------+--------+--------+-----+
|Utilization (%)  |        0|     0|      ~0|       2|    0|
+-----------------+---------+------+--------+--------+-----+

+ Detail: 
    * Instance: 
    +-------------------------------------------------------+--------------------------------------------+---------+----+------+------+-----+
    |                        Instance                       |                   Module                   | BRAM_18K| DSP|  FF  |  LUT | URAM|
    +-------------------------------------------------------+--------------------------------------------+---------+----+------+------+-----+
    |grp_distribute_to_pe_Pipeline_VITIS_LOOP_172_1_fu_72   |distribute_to_pe_Pipeline_VITIS_LOOP_172_1  |        0|   0|  2788|  5617|    0|
    |grp_distribute_to_pe_Pipeline_VITIS_LOOP_230_3_fu_113  |distribute_to_pe_Pipeline_VITIS_LOOP_230_3  |        0|   0|    28|   273|    0|
    +-------------------------------------------------------+--------------------------------------------+---------+----+------+------+-----+
    |Total                                                  |                                            |        0|   0|  2816|  5890|    0|
    +-------------------------------------------------------+--------------------------------------------+---------+----+------+------+-----+

    * DSP: 
    N/A

    * Memory: 
    N/A

    * FIFO: 
    N/A

    * Expression: 
    +-----------------+----------+----+---+----+------------+------------+
    |  Variable Name  | Operation| DSP| FF| LUT| Bitwidth P0| Bitwidth P1|
    +-----------------+----------+----+---+----+------------+------------+
    |ap_block_state1  |        or|   0|  0|   2|           1|           1|
    +-----------------+----------+----+---+----+------------+------------+
    |Total            |          |   0|  0|   2|           1|           1|
    +-----------------+----------+----+---+----+------------+------------+

    * Multiplexer: 
    +---------------------+----+-----------+-----+-----------+
    |         Name        | LUT| Input Size| Bits| Total Bits|
    +---------------------+----+-----------+-----+-----------+
    |ap_NS_fsm            |  31|          6|    1|          6|
    |ap_done              |   9|          2|    1|          2|
    |nnz_blk_n            |   9|          2|    1|          2|
    |pe_streams_0_din     |   9|          2|   97|        194|
    |pe_streams_0_write   |  14|          3|    1|          3|
    |pe_streams_10_din    |   9|          2|   97|        194|
    |pe_streams_10_write  |  14|          3|    1|          3|
    |pe_streams_11_din    |   9|          2|   97|        194|
    |pe_streams_11_write  |  14|          3|    1|          3|
    |pe_streams_12_din    |   9|          2|   97|        194|
    |pe_streams_12_write  |  14|          3|    1|          3|
    |pe_streams_13_din    |   9|          2|   97|        194|
    |pe_streams_13_write  |  14|          3|    1|          3|
    |pe_streams_14_din    |   9|          2|   97|        194|
    |pe_streams_14_write  |  14|          3|    1|          3|
    |pe_streams_15_din    |   9|          2|   97|        194|
    |pe_streams_15_write  |  14|          3|    1|          3|
    |pe_streams_1_din     |   9|          2|   97|        194|
    |pe_streams_1_write   |  14|          3|    1|          3|
    |pe_streams_2_din     |   9|          2|   97|        194|
    |pe_streams_2_write   |  14|          3|    1|          3|
    |pe_streams_3_din     |   9|          2|   97|        194|
    |pe_streams_3_write   |  14|          3|    1|          3|
    |pe_streams_4_din     |   9|          2|   97|        194|
    |pe_streams_4_write   |  14|          3|    1|          3|
    |pe_streams_5_din     |   9|          2|   97|        194|
    |pe_streams_5_write   |  14|          3|    1|          3|
    |pe_streams_6_din     |   9|          2|   97|        194|
    |pe_streams_6_write   |  14|          3|    1|          3|
    |pe_streams_7_din     |   9|          2|   97|        194|
    |pe_streams_7_write   |  14|          3|    1|          3|
    |pe_streams_8_din     |   9|          2|   97|        194|
    |pe_streams_8_write   |  14|          3|    1|          3|
    |pe_streams_9_din     |   9|          2|   97|        194|
    |pe_streams_9_write   |  14|          3|    1|          3|
    +---------------------+----+-----------+-----+-----------+
    |Total                | 417|         90| 1571|       3162|
    +---------------------+----+-----------+-----+-----------+

    * Register: 
    +--------------------------------------------------------------------+----+----+-----+-----------+
    |                                Name                                | FF | LUT| Bits| Const Bits|
    +--------------------------------------------------------------------+----+----+-----+-----------+
    |ap_CS_fsm                                                           |   5|   0|    5|          0|
    |ap_done_reg                                                         |   1|   0|    1|          0|
    |grp_distribute_to_pe_Pipeline_VITIS_LOOP_172_1_fu_72_ap_start_reg   |   1|   0|    1|          0|
    |grp_distribute_to_pe_Pipeline_VITIS_LOOP_230_3_fu_113_ap_start_reg  |   1|   0|    1|          0|
    |nnz_1_reg_343                                                       |  32|   0|   32|          0|
    +--------------------------------------------------------------------+----+----+-----+-----------+
    |Total                                                               |  40|   0|   40|          0|
    +--------------------------------------------------------------------+----+----+-----+-----------+



================================================================
== Interface
================================================================
* Summary: 
+--------------------------------+-----+------+------------+------------------+--------------+
|            RTL Ports           | Dir | Bits |  Protocol  |   Source Object  |    C Type    |
+--------------------------------+-----+------+------------+------------------+--------------+
|ap_clk                          |   in|     1|  ap_ctrl_hs|  distribute_to_pe|  return value|
|ap_rst                          |   in|     1|  ap_ctrl_hs|  distribute_to_pe|  return value|
|ap_start                        |   in|     1|  ap_ctrl_hs|  distribute_to_pe|  return value|
|ap_done                         |  out|     1|  ap_ctrl_hs|  distribute_to_pe|  return value|
|ap_continue                     |   in|     1|  ap_ctrl_hs|  distribute_to_pe|  return value|
|ap_idle                         |  out|     1|  ap_ctrl_hs|  distribute_to_pe|  return value|
|ap_ready                        |  out|     1|  ap_ctrl_hs|  distribute_to_pe|  return value|
|nnz_dout                        |   in|    32|     ap_fifo|               nnz|       pointer|
|nnz_empty_n                     |   in|     1|     ap_fifo|               nnz|       pointer|
|nnz_read                        |  out|     1|     ap_fifo|               nnz|       pointer|
|nnz_num_data_valid              |   in|     3|     ap_fifo|               nnz|       pointer|
|nnz_fifo_cap                    |   in|     3|     ap_fifo|               nnz|       pointer|
|col_info_stream_dout            |   in|    64|     ap_fifo|   col_info_stream|       pointer|
|col_info_stream_empty_n         |   in|     1|     ap_fifo|   col_info_stream|       pointer|
|col_info_stream_read            |  out|     1|     ap_fifo|   col_info_stream|       pointer|
|col_info_stream_num_data_valid  |   in|     7|     ap_fifo|   col_info_stream|       pointer|
|col_info_stream_fifo_cap        |   in|     7|     ap_fifo|   col_info_stream|       pointer|
|nnz_stream_dout                 |   in|  1032|     ap_fifo|        nnz_stream|       pointer|
|nnz_stream_empty_n              |   in|     1|     ap_fifo|        nnz_stream|       pointer|
|nnz_stream_read                 |  out|     1|     ap_fifo|        nnz_stream|       pointer|
|nnz_stream_num_data_valid       |   in|     9|     ap_fifo|        nnz_stream|       pointer|
|nnz_stream_fifo_cap             |   in|     9|     ap_fifo|        nnz_stream|       pointer|
|pe_streams_0_din                |  out|    97|     ap_fifo|      pe_streams_0|       pointer|
|pe_streams_0_full_n             |   in|     1|     ap_fifo|      pe_streams_0|       pointer|
|pe_streams_0_write              |  out|     1|     ap_fifo|      pe_streams_0|       pointer|
|pe_streams_0_num_data_valid     |   in|    32|     ap_fifo|      pe_streams_0|       pointer|
|pe_streams_0_fifo_cap           |   in|    32|     ap_fifo|      pe_streams_0|       pointer|
|pe_streams_1_din                |  out|    97|     ap_fifo|      pe_streams_1|       pointer|
|pe_streams_1_full_n             |   in|     1|     ap_fifo|      pe_streams_1|       pointer|
|pe_streams_1_write              |  out|     1|     ap_fifo|      pe_streams_1|       pointer|
|pe_streams_1_num_data_valid     |   in|    32|     ap_fifo|      pe_streams_1|       pointer|
|pe_streams_1_fifo_cap           |   in|    32|     ap_fifo|      pe_streams_1|       pointer|
|pe_streams_2_din                |  out|    97|     ap_fifo|      pe_streams_2|       pointer|
|pe_streams_2_full_n             |   in|     1|     ap_fifo|      pe_streams_2|       pointer|
|pe_streams_2_write              |  out|     1|     ap_fifo|      pe_streams_2|       pointer|
|pe_streams_2_num_data_valid     |   in|    32|     ap_fifo|      pe_streams_2|       pointer|
|pe_streams_2_fifo_cap           |   in|    32|     ap_fifo|      pe_streams_2|       pointer|
|pe_streams_3_din                |  out|    97|     ap_fifo|      pe_streams_3|       pointer|
|pe_streams_3_full_n             |   in|     1|     ap_fifo|      pe_streams_3|       pointer|
|pe_streams_3_write              |  out|     1|     ap_fifo|      pe_streams_3|       pointer|
|pe_streams_3_num_data_valid     |   in|    32|     ap_fifo|      pe_streams_3|       pointer|
|pe_streams_3_fifo_cap           |   in|    32|     ap_fifo|      pe_streams_3|       pointer|
|pe_streams_4_din                |  out|    97|     ap_fifo|      pe_streams_4|       pointer|
|pe_streams_4_full_n             |   in|     1|     ap_fifo|      pe_streams_4|       pointer|
|pe_streams_4_write              |  out|     1|     ap_fifo|      pe_streams_4|       pointer|
|pe_streams_4_num_data_valid     |   in|    32|     ap_fifo|      pe_streams_4|       pointer|
|pe_streams_4_fifo_cap           |   in|    32|     ap_fifo|      pe_streams_4|       pointer|
|pe_streams_5_din                |  out|    97|     ap_fifo|      pe_streams_5|       pointer|
|pe_streams_5_full_n             |   in|     1|     ap_fifo|      pe_streams_5|       pointer|
|pe_streams_5_write              |  out|     1|     ap_fifo|      pe_streams_5|       pointer|
|pe_streams_5_num_data_valid     |   in|    32|     ap_fifo|      pe_streams_5|       pointer|
|pe_streams_5_fifo_cap           |   in|    32|     ap_fifo|      pe_streams_5|       pointer|
|pe_streams_6_din                |  out|    97|     ap_fifo|      pe_streams_6|       pointer|
|pe_streams_6_full_n             |   in|     1|     ap_fifo|      pe_streams_6|       pointer|
|pe_streams_6_write              |  out|     1|     ap_fifo|      pe_streams_6|       pointer|
|pe_streams_6_num_data_valid     |   in|    32|     ap_fifo|      pe_streams_6|       pointer|
|pe_streams_6_fifo_cap           |   in|    32|     ap_fifo|      pe_streams_6|       pointer|
|pe_streams_7_din                |  out|    97|     ap_fifo|      pe_streams_7|       pointer|
|pe_streams_7_full_n             |   in|     1|     ap_fifo|      pe_streams_7|       pointer|
|pe_streams_7_write              |  out|     1|     ap_fifo|      pe_streams_7|       pointer|
|pe_streams_7_num_data_valid     |   in|    32|     ap_fifo|      pe_streams_7|       pointer|
|pe_streams_7_fifo_cap           |   in|    32|     ap_fifo|      pe_streams_7|       pointer|
|pe_streams_8_din                |  out|    97|     ap_fifo|      pe_streams_8|       pointer|
|pe_streams_8_full_n             |   in|     1|     ap_fifo|      pe_streams_8|       pointer|
|pe_streams_8_write              |  out|     1|     ap_fifo|      pe_streams_8|       pointer|
|pe_streams_8_num_data_valid     |   in|    32|     ap_fifo|      pe_streams_8|       pointer|
|pe_streams_8_fifo_cap           |   in|    32|     ap_fifo|      pe_streams_8|       pointer|
|pe_streams_9_din                |  out|    97|     ap_fifo|      pe_streams_9|       pointer|
|pe_streams_9_full_n             |   in|     1|     ap_fifo|      pe_streams_9|       pointer|
|pe_streams_9_write              |  out|     1|     ap_fifo|      pe_streams_9|       pointer|
|pe_streams_9_num_data_valid     |   in|    32|     ap_fifo|      pe_streams_9|       pointer|
|pe_streams_9_fifo_cap           |   in|    32|     ap_fifo|      pe_streams_9|       pointer|
|pe_streams_10_din               |  out|    97|     ap_fifo|     pe_streams_10|       pointer|
|pe_streams_10_full_n            |   in|     1|     ap_fifo|     pe_streams_10|       pointer|
|pe_streams_10_write             |  out|     1|     ap_fifo|     pe_streams_10|       pointer|
|pe_streams_10_num_data_valid    |   in|    32|     ap_fifo|     pe_streams_10|       pointer|
|pe_streams_10_fifo_cap          |   in|    32|     ap_fifo|     pe_streams_10|       pointer|
|pe_streams_11_din               |  out|    97|     ap_fifo|     pe_streams_11|       pointer|
|pe_streams_11_full_n            |   in|     1|     ap_fifo|     pe_streams_11|       pointer|
|pe_streams_11_write             |  out|     1|     ap_fifo|     pe_streams_11|       pointer|
|pe_streams_11_num_data_valid    |   in|    32|     ap_fifo|     pe_streams_11|       pointer|
|pe_streams_11_fifo_cap          |   in|    32|     ap_fifo|     pe_streams_11|       pointer|
|pe_streams_12_din               |  out|    97|     ap_fifo|     pe_streams_12|       pointer|
|pe_streams_12_full_n            |   in|     1|     ap_fifo|     pe_streams_12|       pointer|
|pe_streams_12_write             |  out|     1|     ap_fifo|     pe_streams_12|       pointer|
|pe_streams_12_num_data_valid    |   in|    32|     ap_fifo|     pe_streams_12|       pointer|
|pe_streams_12_fifo_cap          |   in|    32|     ap_fifo|     pe_streams_12|       pointer|
|pe_streams_13_din               |  out|    97|     ap_fifo|     pe_streams_13|       pointer|
|pe_streams_13_full_n            |   in|     1|     ap_fifo|     pe_streams_13|       pointer|
|pe_streams_13_write             |  out|     1|     ap_fifo|     pe_streams_13|       pointer|
|pe_streams_13_num_data_valid    |   in|    32|     ap_fifo|     pe_streams_13|       pointer|
|pe_streams_13_fifo_cap          |   in|    32|     ap_fifo|     pe_streams_13|       pointer|
|pe_streams_14_din               |  out|    97|     ap_fifo|     pe_streams_14|       pointer|
|pe_streams_14_full_n            |   in|     1|     ap_fifo|     pe_streams_14|       pointer|
|pe_streams_14_write             |  out|     1|     ap_fifo|     pe_streams_14|       pointer|
|pe_streams_14_num_data_valid    |   in|    32|     ap_fifo|     pe_streams_14|       pointer|
|pe_streams_14_fifo_cap          |   in|    32|     ap_fifo|     pe_streams_14|       pointer|
|pe_streams_15_din               |  out|    97|     ap_fifo|     pe_streams_15|       pointer|
|pe_streams_15_full_n            |   in|     1|     ap_fifo|     pe_streams_15|       pointer|
|pe_streams_15_write             |  out|     1|     ap_fifo|     pe_streams_15|       pointer|
|pe_streams_15_num_data_valid    |   in|    32|     ap_fifo|     pe_streams_15|       pointer|
|pe_streams_15_fifo_cap          |   in|    32|     ap_fifo|     pe_streams_15|       pointer|
+--------------------------------+-----+------+------------+------------------+--------------+

============================================================
+ Verbose Summary: Synthesis Manager
============================================================
InlineROM: 1
ExposeGlobal: 0
============================================================
+ Verbose Summary: CDFG Model
============================================================
IsTopModel: 0
ResetActiveHigh: 1
IsCombinational: 2
IsDatapathOnly: 0
HasWiredReturn: 1
HasMFsm: 0
HasVarLatency: 1
IsPipeline: 0
IsRtlPipelined: 0
IsInstanceOverlapped: 0
IsDontTouch: 0
HasImplIP: 0
IsGatedGlobalClock: 0


============================================================
+ Verbose Summary: Schedule
============================================================
* Number of FSM states : 5
* Pipeline : 0
* Dataflow Pipeline: 0

* FSM state transitions: 
1 --> 2 
2 --> 3 
3 --> 4 
4 --> 5 
5 --> 

* FSM state operations: 

State 1 <SV = 0> <Delay = 1.83>
ST_1 : Operation 6 [1/1] ( I:1.83ns O:1.83ns )   --->   "%nnz_1 = read i32 @_ssdm_op_Read.ap_fifo.i32P0A, i32 %nnz"   --->   Operation 6 'read' 'nnz_1' <Predicate = true> <Delay = 1.83> <CoreInst = "FIFO_SRL">   --->   Core 80 'FIFO_SRL' <Latency = 0> <II = 1> <Delay = 1.83> <Storage> <Opcode : 'read' 'write' 'nbread' 'nbwrite'> <Ports = 0> <Width = 32> <Depth = 2> <FIFO>

State 2 <SV = 1> <Delay = 0.00>
ST_2 : Operation 7 [1/1] (0.00ns)   --->   "%fence_ln172 = fence void @_ssdm_op_Fence, i32 %nnz, i32 4294967295, i64 %col_info_stream, i1032 %nnz_stream, i97 %pe_streams_0, i97 %pe_streams_1, i97 %pe_streams_2, i97 %pe_streams_3, i97 %pe_streams_4, i97 %pe_streams_5, i97 %pe_streams_6, i97 %pe_streams_7, i97 %pe_streams_8, i97 %pe_streams_9, i97 %pe_streams_10, i97 %pe_streams_11, i97 %pe_streams_12, i97 %pe_streams_13, i97 %pe_streams_14, i97 %pe_streams_15" [../HLS/src/spmv_csc.cpp:172]   --->   Operation 7 'fence' 'fence_ln172' <Predicate = true> <Delay = 0.00>
ST_2 : Operation 8 [2/2] (0.00ns)   --->   "%call_ln0 = call void @distribute_to_pe_Pipeline_VITIS_LOOP_172_1, i32 %nnz_1, i64 %col_info_stream, i1032 %nnz_stream, i97 %pe_streams_0, i97 %pe_streams_1, i97 %pe_streams_2, i97 %pe_streams_3, i97 %pe_streams_4, i97 %pe_streams_5, i97 %pe_streams_6, i97 %pe_streams_7, i97 %pe_streams_8, i97 %pe_streams_9, i97 %pe_streams_10, i97 %pe_streams_11, i97 %pe_streams_12, i97 %pe_streams_13, i97 %pe_streams_14, i97 %pe_streams_15"   --->   Operation 8 'call' 'call_ln0' <Predicate = true> <Delay = 0.00> <CoreType = "Generic">   --->   Generic Core

State 3 <SV = 2> <Delay = 0.00>
ST_3 : Operation 9 [1/2] (0.00ns)   --->   "%call_ln0 = call void @distribute_to_pe_Pipeline_VITIS_LOOP_172_1, i32 %nnz_1, i64 %col_info_stream, i1032 %nnz_stream, i97 %pe_streams_0, i97 %pe_streams_1, i97 %pe_streams_2, i97 %pe_streams_3, i97 %pe_streams_4, i97 %pe_streams_5, i97 %pe_streams_6, i97 %pe_streams_7, i97 %pe_streams_8, i97 %pe_streams_9, i97 %pe_streams_10, i97 %pe_streams_11, i97 %pe_streams_12, i97 %pe_streams_13, i97 %pe_streams_14, i97 %pe_streams_15"   --->   Operation 9 'call' 'call_ln0' <Predicate = true> <Delay = 0.00> <CoreType = "Generic">   --->   Generic Core

State 4 <SV = 3> <Delay = 0.00>
ST_4 : Operation 10 [1/1] (0.00ns)   --->   "%fence_ln230 = fence void @_ssdm_op_Fence, i64 %col_info_stream, i1032 %nnz_stream, i97 %pe_streams_0, i97 %pe_streams_1, i97 %pe_streams_2, i97 %pe_streams_3, i97 %pe_streams_4, i97 %pe_streams_5, i97 %pe_streams_6, i97 %pe_streams_7, i97 %pe_streams_8, i97 %pe_streams_9, i97 %pe_streams_10, i97 %pe_streams_11, i97 %pe_streams_12, i97 %pe_streams_13, i97 %pe_streams_14, i97 %pe_streams_15, i32 4294967295, i97 %pe_streams_0, i97 %pe_streams_1, i97 %pe_streams_2, i97 %pe_streams_3, i97 %pe_streams_4, i97 %pe_streams_5, i97 %pe_streams_6, i97 %pe_streams_7, i97 %pe_streams_8, i97 %pe_streams_9, i97 %pe_streams_10, i97 %pe_streams_11, i97 %pe_streams_12, i97 %pe_streams_13, i97 %pe_streams_14, i97 %pe_streams_15" [../HLS/src/spmv_csc.cpp:230]   --->   Operation 10 'fence' 'fence_ln230' <Predicate = true> <Delay = 0.00>
ST_4 : Operation 11 [1/1] (0.00ns)   --->   "%fence_ln230 = fence void @_ssdm_op_Fence, i32 %nnz, i64 %col_info_stream, i1032 %nnz_stream, i97 %pe_streams_0, i97 %pe_streams_1, i97 %pe_streams_2, i97 %pe_streams_3, i97 %pe_streams_4, i97 %pe_streams_5, i97 %pe_streams_6, i97 %pe_streams_7, i97 %pe_streams_8, i97 %pe_streams_9, i97 %pe_streams_10, i97 %pe_streams_11, i97 %pe_streams_12, i97 %pe_streams_13, i97 %pe_streams_14, i97 %pe_streams_15, i32 4294967295, i97 %pe_streams_0, i97 %pe_streams_1, i97 %pe_streams_2, i97 %pe_streams_3, i97 %pe_streams_4, i97 %pe_streams_5, i97 %pe_streams_6, i97 %pe_streams_7, i97 %pe_streams_8, i97 %pe_streams_9, i97 %pe_streams_10, i97 %pe_streams_11, i97 %pe_streams_12, i97 %pe_streams_13, i97 %pe_streams_14, i97 %pe_streams_15" [../HLS/src/spmv_csc.cpp:230]   --->   Operation 11 'fence' 'fence_ln230' <Predicate = true> <Delay = 0.00>
ST_4 : Operation 12 [2/2] (0.00ns)   --->   "%call_ln0 = call void @distribute_to_pe_Pipeline_VITIS_LOOP_230_3, i97 %pe_streams_0, i97 %pe_streams_1, i97 %pe_streams_2, i97 %pe_streams_3, i97 %pe_streams_4, i97 %pe_streams_5, i97 %pe_streams_6, i97 %pe_streams_7, i97 %pe_streams_8, i97 %pe_streams_9, i97 %pe_streams_10, i97 %pe_streams_11, i97 %pe_streams_12, i97 %pe_streams_13, i97 %pe_streams_14, i97 %pe_streams_15"   --->   Operation 12 'call' 'call_ln0' <Predicate = true> <Delay = 0.00> <CoreType = "Generic">   --->   Generic Core

State 5 <SV = 4> <Delay = 1.64>
ST_5 : Operation 13 [1/1] (0.00ns)   --->   "%specinterface_ln0 = specinterface void @_ssdm_op_SpecInterface, i32 %nnz, void @ap_fifo_str, i32 0, i32 0, void @p_str, i32 0, i32 0, void @p_str, void @p_str, void @p_str, i32 2, i32 2, i32 16, i32 16, void @p_str, void @ScalarProp_str, i32 4294967295, i32 0, i32 0"   --->   Operation 13 'specinterface' 'specinterface_ln0' <Predicate = true> <Delay = 0.00>
ST_5 : Operation 14 [1/1] (0.00ns)   --->   "%specinterface_ln0 = specinterface void @_ssdm_op_SpecInterface, i97 %pe_streams_15, void @empty_16, i32 0, i32 0, void @empty_25, i32 0, i32 0, void @empty_25, void @empty_25, void @empty_25, i32 0, i32 0, i32 0, i32 0, void @empty_25, void @empty_25, i32 4294967295, i32 0, i32 0"   --->   Operation 14 'specinterface' 'specinterface_ln0' <Predicate = true> <Delay = 0.00>
ST_5 : Operation 15 [1/1] (0.00ns)   --->   "%specinterface_ln0 = specinterface void @_ssdm_op_SpecInterface, i97 %pe_streams_14, void @empty_16, i32 0, i32 0, void @empty_25, i32 0, i32 0, void @empty_25, void @empty_25, void @empty_25, i32 0, i32 0, i32 0, i32 0, void @empty_25, void @empty_25, i32 4294967295, i32 0, i32 0"   --->   Operation 15 'specinterface' 'specinterface_ln0' <Predicate = true> <Delay = 0.00>
ST_5 : Operation 16 [1/1] (0.00ns)   --->   "%specinterface_ln0 = specinterface void @_ssdm_op_SpecInterface, i97 %pe_streams_13, void @empty_16, i32 0, i32 0, void @empty_25, i32 0, i32 0, void @empty_25, void @empty_25, void @empty_25, i32 0, i32 0, i32 0, i32 0, void @empty_25, void @empty_25, i32 4294967295, i32 0, i32 0"   --->   Operation 16 'specinterface' 'specinterface_ln0' <Predicate = true> <Delay = 0.00>
ST_5 : Operation 17 [1/1] (0.00ns)   --->   "%specinterface_ln0 = specinterface void @_ssdm_op_SpecInterface, i97 %pe_streams_12, void @empty_16, i32 0, i32 0, void @empty_25, i32 0, i32 0, void @empty_25, void @empty_25, void @empty_25, i32 0, i32 0, i32 0, i32 0, void @empty_25, void @empty_25, i32 4294967295, i32 0, i32 0"   --->   Operation 17 'specinterface' 'specinterface_ln0' <Predicate = true> <Delay = 0.00>
ST_5 : Operation 18 [1/1] (0.00ns)   --->   "%specinterface_ln0 = specinterface void @_ssdm_op_SpecInterface, i97 %pe_streams_11, void @empty_16, i32 0, i32 0, void @empty_25, i32 0, i32 0, void @empty_25, void @empty_25, void @empty_25, i32 0, i32 0, i32 0, i32 0, void @empty_25, void @empty_25, i32 4294967295, i32 0, i32 0"   --->   Operation 18 'specinterface' 'specinterface_ln0' <Predicate = true> <Delay = 0.00>
ST_5 : Operation 19 [1/1] (0.00ns)   --->   "%specinterface_ln0 = specinterface void @_ssdm_op_SpecInterface, i97 %pe_streams_10, void @empty_16, i32 0, i32 0, void @empty_25, i32 0, i32 0, void @empty_25, void @empty_25, void @empty_25, i32 0, i32 0, i32 0, i32 0, void @empty_25, void @empty_25, i32 4294967295, i32 0, i32 0"   --->   Operation 19 'specinterface' 'specinterface_ln0' <Predicate = true> <Delay = 0.00>
ST_5 : Operation 20 [1/1] (0.00ns)   --->   "%specinterface_ln0 = specinterface void @_ssdm_op_SpecInterface, i97 %pe_streams_9, void @empty_16, i32 0, i32 0, void @empty_25, i32 0, i32 0, void @empty_25, void @empty_25, void @empty_25, i32 0, i32 0, i32 0, i32 0, void @empty_25, void @empty_25, i32 4294967295, i32 0, i32 0"   --->   Operation 20 'specinterface' 'specinterface_ln0' <Predicate = true> <Delay = 0.00>
ST_5 : Operation 21 [1/1] (0.00ns)   --->   "%specinterface_ln0 = specinterface void @_ssdm_op_SpecInterface, i97 %pe_streams_8, void @empty_16, i32 0, i32 0, void @empty_25, i32 0, i32 0, void @empty_25, void @empty_25, void @empty_25, i32 0, i32 0, i32 0, i32 0, void @empty_25, void @empty_25, i32 4294967295, i32 0, i32 0"   --->   Operation 21 'specinterface' 'specinterface_ln0' <Predicate = true> <Delay = 0.00>
ST_5 : Operation 22 [1/1] (0.00ns)   --->   "%specinterface_ln0 = specinterface void @_ssdm_op_SpecInterface, i97 %pe_streams_7, void @empty_16, i32 0, i32 0, void @empty_25, i32 0, i32 0, void @empty_25, void @empty_25, void @empty_25, i32 0, i32 0, i32 0, i32 0, void @empty_25, void @empty_25, i32 4294967295, i32 0, i32 0"   --->   Operation 22 'specinterface' 'specinterface_ln0' <Predicate = true> <Delay = 0.00>
ST_5 : Operation 23 [1/1] (0.00ns)   --->   "%specinterface_ln0 = specinterface void @_ssdm_op_SpecInterface, i97 %pe_streams_6, void @empty_16, i32 0, i32 0, void @empty_25, i32 0, i32 0, void @empty_25, void @empty_25, void @empty_25, i32 0, i32 0, i32 0, i32 0, void @empty_25, void @empty_25, i32 4294967295, i32 0, i32 0"   --->   Operation 23 'specinterface' 'specinterface_ln0' <Predicate = true> <Delay = 0.00>
ST_5 : Operation 24 [1/1] (0.00ns)   --->   "%specinterface_ln0 = specinterface void @_ssdm_op_SpecInterface, i97 %pe_streams_5, void @empty_16, i32 0, i32 0, void @empty_25, i32 0, i32 0, void @empty_25, void @empty_25, void @empty_25, i32 0, i32 0, i32 0, i32 0, void @empty_25, void @empty_25, i32 4294967295, i32 0, i32 0"   --->   Operation 24 'specinterface' 'specinterface_ln0' <Predicate = true> <Delay = 0.00>
ST_5 : Operation 25 [1/1] (0.00ns)   --->   "%specinterface_ln0 = specinterface void @_ssdm_op_SpecInterface, i97 %pe_streams_4, void @empty_16, i32 0, i32 0, void @empty_25, i32 0, i32 0, void @empty_25, void @empty_25, void @empty_25, i32 0, i32 0, i32 0, i32 0, void @empty_25, void @empty_25, i32 4294967295, i32 0, i32 0"   --->   Operation 25 'specinterface' 'specinterface_ln0' <Predicate = true> <Delay = 0.00>
ST_5 : Operation 26 [1/1] (0.00ns)   --->   "%specinterface_ln0 = specinterface void @_ssdm_op_SpecInterface, i97 %pe_streams_3, void @empty_16, i32 0, i32 0, void @empty_25, i32 0, i32 0, void @empty_25, void @empty_25, void @empty_25, i32 0, i32 0, i32 0, i32 0, void @empty_25, void @empty_25, i32 4294967295, i32 0, i32 0"   --->   Operation 26 'specinterface' 'specinterface_ln0' <Predicate = true> <Delay = 0.00>
ST_5 : Operation 27 [1/1] (0.00ns)   --->   "%specinterface_ln0 = specinterface void @_ssdm_op_SpecInterface, i97 %pe_streams_2, void @empty_16, i32 0, i32 0, void @empty_25, i32 0, i32 0, void @empty_25, void @empty_25, void @empty_25, i32 0, i32 0, i32 0, i32 0, void @empty_25, void @empty_25, i32 4294967295, i32 0, i32 0"   --->   Operation 27 'specinterface' 'specinterface_ln0' <Predicate = true> <Delay = 0.00>
ST_5 : Operation 28 [1/1] (0.00ns)   --->   "%specinterface_ln0 = specinterface void @_ssdm_op_SpecInterface, i97 %pe_streams_1, void @empty_16, i32 0, i32 0, void @empty_25, i32 0, i32 0, void @empty_25, void @empty_25, void @empty_25, i32 0, i32 0, i32 0, i32 0, void @empty_25, void @empty_25, i32 4294967295, i32 0, i32 0"   --->   Operation 28 'specinterface' 'specinterface_ln0' <Predicate = true> <Delay = 0.00>
ST_5 : Operation 29 [1/1] (0.00ns)   --->   "%specinterface_ln0 = specinterface void @_ssdm_op_SpecInterface, i97 %pe_streams_0, void @empty_16, i32 0, i32 0, void @empty_25, i32 0, i32 0, void @empty_25, void @empty_25, void @empty_25, i32 0, i32 0, i32 0, i32 0, void @empty_25, void @empty_25, i32 4294967295, i32 0, i32 0"   --->   Operation 29 'specinterface' 'specinterface_ln0' <Predicate = true> <Delay = 0.00>
ST_5 : Operation 30 [1/1] (0.00ns)   --->   "%specinterface_ln0 = specinterface void @_ssdm_op_SpecInterface, i1032 %nnz_stream, void @empty_16, i32 0, i32 0, void @empty_25, i32 0, i32 0, void @empty_25, void @empty_25, void @empty_25, i32 0, i32 0, i32 0, i32 0, void @empty_25, void @empty_25, i32 4294967295, i32 0, i32 0"   --->   Operation 30 'specinterface' 'specinterface_ln0' <Predicate = true> <Delay = 0.00>
ST_5 : Operation 31 [1/1] (0.00ns)   --->   "%specinterface_ln0 = specinterface void @_ssdm_op_SpecInterface, i64 %col_info_stream, void @empty_16, i32 0, i32 0, void @empty_25, i32 0, i32 0, void @empty_25, void @empty_25, void @empty_25, i32 0, i32 0, i32 0, i32 0, void @empty_25, void @empty_25, i32 4294967295, i32 0, i32 0"   --->   Operation 31 'specinterface' 'specinterface_ln0' <Predicate = true> <Delay = 0.00>
ST_5 : Operation 32 [1/2] (1.64ns)   --->   "%call_ln0 = call void @distribute_to_pe_Pipeline_VITIS_LOOP_230_3, i97 %pe_streams_0, i97 %pe_streams_1, i97 %pe_streams_2, i97 %pe_streams_3, i97 %pe_streams_4, i97 %pe_streams_5, i97 %pe_streams_6, i97 %pe_streams_7, i97 %pe_streams_8, i97 %pe_streams_9, i97 %pe_streams_10, i97 %pe_streams_11, i97 %pe_streams_12, i97 %pe_streams_13, i97 %pe_streams_14, i97 %pe_streams_15"   --->   Operation 32 'call' 'call_ln0' <Predicate = true> <Delay = 1.64> <CoreType = "Generic">   --->   Generic Core
ST_5 : Operation 33 [1/1] (0.00ns)   --->   "%ret_ln240 = ret" [../HLS/src/spmv_csc.cpp:240]   --->   Operation 33 'ret' 'ret_ln240' <Predicate = true> <Delay = 0.00>


============================================================
+ Verbose Summary: Binding
============================================================
STG Binding: 
---------------- STG Properties BEGIN ----------------
- Is combinational: 0
- Is one-state seq: 0
- Is datapath-only: 0
- Is pipelined: 0
- Is top level: 0
Port [ Return ] is wired: 1; IO mode=ap_ctrl_hs:ce=0
Port [ nnz]:  wired=1; compound=1; hidden=0; nouse=0; global=0; static=0; extern=0; dir=0; type=3; pingpong=0; private_global=0; IO mode=ap_fifo:ce=0
Port [ col_info_stream]:  wired=1; compound=1; hidden=0; nouse=0; global=0; static=0; extern=0; dir=0; type=3; pingpong=0; private_global=0; IO mode=ap_fifo:ce=0
Port [ nnz_stream]:  wired=1; compound=1; hidden=0; nouse=0; global=0; static=0; extern=0; dir=0; type=3; pingpong=0; private_global=0; IO mode=ap_fifo:ce=0
Port [ pe_streams_0]:  wired=1; compound=1; hidden=0; nouse=0; global=0; static=0; extern=0; dir=1; type=3; pingpong=0; private_global=0; IO mode=ap_fifo:ce=0
Port [ pe_streams_1]:  wired=1; compound=1; hidden=0; nouse=0; global=0; static=0; extern=0; dir=1; type=3; pingpong=0; private_global=0; IO mode=ap_fifo:ce=0
Port [ pe_streams_2]:  wired=1; compound=1; hidden=0; nouse=0; global=0; static=0; extern=0; dir=1; type=3; pingpong=0; private_global=0; IO mode=ap_fifo:ce=0
Port [ pe_streams_3]:  wired=1; compound=1; hidden=0; nouse=0; global=0; static=0; extern=0; dir=1; type=3; pingpong=0; private_global=0; IO mode=ap_fifo:ce=0
Port [ pe_streams_4]:  wired=1; compound=1; hidden=0; nouse=0; global=0; static=0; extern=0; dir=1; type=3; pingpong=0; private_global=0; IO mode=ap_fifo:ce=0
Port [ pe_streams_5]:  wired=1; compound=1; hidden=0; nouse=0; global=0; static=0; extern=0; dir=1; type=3; pingpong=0; private_global=0; IO mode=ap_fifo:ce=0
Port [ pe_streams_6]:  wired=1; compound=1; hidden=0; nouse=0; global=0; static=0; extern=0; dir=1; type=3; pingpong=0; private_global=0; IO mode=ap_fifo:ce=0
Port [ pe_streams_7]:  wired=1; compound=1; hidden=0; nouse=0; global=0; static=0; extern=0; dir=1; type=3; pingpong=0; private_global=0; IO mode=ap_fifo:ce=0
Port [ pe_streams_8]:  wired=1; compound=1; hidden=0; nouse=0; global=0; static=0; extern=0; dir=1; type=3; pingpong=0; private_global=0; IO mode=ap_fifo:ce=0
Port [ pe_streams_9]:  wired=1; compound=1; hidden=0; nouse=0; global=0; static=0; extern=0; dir=1; type=3; pingpong=0; private_global=0; IO mode=ap_fifo:ce=0
Port [ pe_streams_10]:  wired=1; compound=1; hidden=0; nouse=0; global=0; static=0; extern=0; dir=1; type=3; pingpong=0; private_global=0; IO mode=ap_fifo:ce=0
Port [ pe_streams_11]:  wired=1; compound=1; hidden=0; nouse=0; global=0; static=0; extern=0; dir=1; type=3; pingpong=0; private_global=0; IO mode=ap_fifo:ce=0
Port [ pe_streams_12]:  wired=1; compound=1; hidden=0; nouse=0; global=0; static=0; extern=0; dir=1; type=3; pingpong=0; private_global=0; IO mode=ap_fifo:ce=0
Port [ pe_streams_13]:  wired=1; compound=1; hidden=0; nouse=0; global=0; static=0; extern=0; dir=1; type=3; pingpong=0; private_global=0; IO mode=ap_fifo:ce=0
Port [ pe_streams_14]:  wired=1; compound=1; hidden=0; nouse=0; global=0; static=0; extern=0; dir=1; type=3; pingpong=0; private_global=0; IO mode=ap_fifo:ce=0
Port [ pe_streams_15]:  wired=1; compound=1; hidden=0; nouse=0; global=0; static=0; extern=0; dir=1; type=3; pingpong=0; private_global=0; IO mode=ap_fifo:ce=0
---------------- STG Properties END ------------------

---------------- Datapath Model BEGIN ----------------

<LifeTime>
<method=bitvector/>
nnz_1             (read         ) [ 001100]
fence_ln172       (fence        ) [ 000000]
call_ln0          (call         ) [ 000000]
fence_ln230       (fence        ) [ 000000]
fence_ln230       (fence        ) [ 000000]
specinterface_ln0 (specinterface) [ 000000]
specinterface_ln0 (specinterface) [ 000000]
specinterface_ln0 (specinterface) [ 000000]
specinterface_ln0 (specinterface) [ 000000]
specinterface_ln0 (specinterface) [ 000000]
specinterface_ln0 (specinterface) [ 000000]
specinterface_ln0 (specinterface) [ 000000]
specinterface_ln0 (specinterface) [ 000000]
specinterface_ln0 (specinterface) [ 000000]
specinterface_ln0 (specinterface) [ 000000]
specinterface_ln0 (specinterface) [ 000000]
specinterface_ln0 (specinterface) [ 000000]
specinterface_ln0 (specinterface) [ 000000]
specinterface_ln0 (specinterface) [ 000000]
specinterface_ln0 (specinterface) [ 000000]
specinterface_ln0 (specinterface) [ 000000]
specinterface_ln0 (specinterface) [ 000000]
specinterface_ln0 (specinterface) [ 000000]
specinterface_ln0 (specinterface) [ 000000]
call_ln0          (call         ) [ 000000]
ret_ln240         (ret          ) [ 000000]
</LifeTime>

<model>

<comp_list>
<comp id="0" class="1000" name="nnz">
<pin_list>
<pin id="1" dir="1" index="0" bw="1" slack="0"/>
</pin_list>
<bind>
<StgValue><ssdm name="nnz"/></StgValue>
</bind>
</comp>

<comp id="2" class="1000" name="col_info_stream">
<pin_list>
<pin id="3" dir="1" index="0" bw="1" slack="0"/>
</pin_list>
<bind>
<StgValue><ssdm name="col_info_stream"/></StgValue>
</bind>
</comp>

<comp id="4" class="1000" name="nnz_stream">
<pin_list>
<pin id="5" dir="1" index="0" bw="1" slack="0"/>
</pin_list>
<bind>
<StgValue><ssdm name="nnz_stream"/></StgValue>
</bind>
</comp>

<comp id="6" class="1000" name="pe_streams_0">
<pin_list>
<pin id="7" dir="1" index="0" bw="1" slack="0"/>
</pin_list>
<bind>
<StgValue><ssdm name="pe_streams_0"/></StgValue>
</bind>
</comp>

<comp id="8" class="1000" name="pe_streams_1">
<pin_list>
<pin id="9" dir="1" index="0" bw="1" slack="0"/>
</pin_list>
<bind>
<StgValue><ssdm name="pe_streams_1"/></StgValue>
</bind>
</comp>

<comp id="10" class="1000" name="pe_streams_2">
<pin_list>
<pin id="11" dir="1" index="0" bw="1" slack="0"/>
</pin_list>
<bind>
<StgValue><ssdm name="pe_streams_2"/></StgValue>
</bind>
</comp>

<comp id="12" class="1000" name="pe_streams_3">
<pin_list>
<pin id="13" dir="1" index="0" bw="1" slack="0"/>
</pin_list>
<bind>
<StgValue><ssdm name="pe_streams_3"/></StgValue>
</bind>
</comp>

<comp id="14" class="1000" name="pe_streams_4">
<pin_list>
<pin id="15" dir="1" index="0" bw="1" slack="0"/>
</pin_list>
<bind>
<StgValue><ssdm name="pe_streams_4"/></StgValue>
</bind>
</comp>

<comp id="16" class="1000" name="pe_streams_5">
<pin_list>
<pin id="17" dir="1" index="0" bw="1" slack="0"/>
</pin_list>
<bind>
<StgValue><ssdm name="pe_streams_5"/></StgValue>
</bind>
</comp>

<comp id="18" class="1000" name="pe_streams_6">
<pin_list>
<pin id="19" dir="1" index="0" bw="1" slack="0"/>
</pin_list>
<bind>
<StgValue><ssdm name="pe_streams_6"/></StgValue>
</bind>
</comp>

<comp id="20" class="1000" name="pe_streams_7">
<pin_list>
<pin id="21" dir="1" index="0" bw="1" slack="0"/>
</pin_list>
<bind>
<StgValue><ssdm name="pe_streams_7"/></StgValue>
</bind>
</comp>

<comp id="22" class="1000" name="pe_streams_8">
<pin_list>
<pin id="23" dir="1" index="0" bw="1" slack="0"/>
</pin_list>
<bind>
<StgValue><ssdm name="pe_streams_8"/></StgValue>
</bind>
</comp>

<comp id="24" class="1000" name="pe_streams_9">
<pin_list>
<pin id="25" dir="1" index="0" bw="1" slack="0"/>
</pin_list>
<bind>
<StgValue><ssdm name="pe_streams_9"/></StgValue>
</bind>
</comp>

<comp id="26" class="1000" name="pe_streams_10">
<pin_list>
<pin id="27" dir="1" index="0" bw="1" slack="0"/>
</pin_list>
<bind>
<StgValue><ssdm name="pe_streams_10"/></StgValue>
</bind>
</comp>

<comp id="28" class="1000" name="pe_streams_11">
<pin_list>
<pin id="29" dir="1" index="0" bw="1" slack="0"/>
</pin_list>
<bind>
<StgValue><ssdm name="pe_streams_11"/></StgValue>
</bind>
</comp>

<comp id="30" class="1000" name="pe_streams_12">
<pin_list>
<pin id="31" dir="1" index="0" bw="1" slack="0"/>
</pin_list>
<bind>
<StgValue><ssdm name="pe_streams_12"/></StgValue>
</bind>
</comp>

<comp id="32" class="1000" name="pe_streams_13">
<pin_list>
<pin id="33" dir="1" index="0" bw="1" slack="0"/>
</pin_list>
<bind>
<StgValue><ssdm name="pe_streams_13"/></StgValue>
</bind>
</comp>

<comp id="34" class="1000" name="pe_streams_14">
<pin_list>
<pin id="35" dir="1" index="0" bw="1" slack="0"/>
</pin_list>
<bind>
<StgValue><ssdm name="pe_streams_14"/></StgValue>
</bind>
</comp>

<comp id="36" class="1000" name="pe_streams_15">
<pin_list>
<pin id="37" dir="1" index="0" bw="1" slack="0"/>
</pin_list>
<bind>
<StgValue><ssdm name="pe_streams_15"/></StgValue>
</bind>
</comp>

<comp id="38" class="1001" name="const_38">
<pin_list>
<pin id="39" dir="1" index="0" bw="1" slack="0"/>
</pin_list>
<bind>
<StgValue><ssdm name="_ssdm_op_Read.ap_fifo.i32P0A"/></StgValue>
</bind>
</comp>

<comp id="40" class="1001" name="const_40">
<pin_list>
<pin id="41" dir="1" index="0" bw="1" slack="0"/>
</pin_list>
<bind>
<StgValue><ssdm name="_ssdm_op_Fence"/></StgValue>
</bind>
</comp>

<comp id="42" class="1001" name="const_42">
<pin_list>
<pin id="43" dir="1" index="0" bw="1" slack="0"/>
</pin_list>
<bind>
<StgValue><ssdm name=""/></StgValue>
</bind>
</comp>

<comp id="44" class="1001" name="const_44">
<pin_list>
<pin id="45" dir="1" index="0" bw="1" slack="0"/>
</pin_list>
<bind>
<StgValue><ssdm name="distribute_to_pe_Pipeline_VITIS_LOOP_172_1"/></StgValue>
</bind>
</comp>

<comp id="46" class="1001" name="const_46">
<pin_list>
<pin id="47" dir="1" index="0" bw="1" slack="0"/>
</pin_list>
<bind>
<StgValue><ssdm name="distribute_to_pe_Pipeline_VITIS_LOOP_230_3"/></StgValue>
</bind>
</comp>

<comp id="48" class="1001" name="const_48">
<pin_list>
<pin id="49" dir="1" index="0" bw="1" slack="2147483647"/>
</pin_list>
<bind>
<StgValue><ssdm name="_ssdm_op_SpecInterface"/></StgValue>
</bind>
</comp>

<comp id="50" class="1001" name="const_50">
<pin_list>
<pin id="51" dir="1" index="0" bw="1" slack="2147483647"/>
</pin_list>
<bind>
<StgValue><ssdm name="ap_fifo_str"/></StgValue>
</bind>
</comp>

<comp id="52" class="1001" name="const_52">
<pin_list>
<pin id="53" dir="1" index="0" bw="1" slack="2147483647"/>
</pin_list>
<bind>
<StgValue><ssdm name=""/></StgValue>
</bind>
</comp>

<comp id="54" class="1001" name="const_54">
<pin_list>
<pin id="55" dir="1" index="0" bw="1" slack="2147483647"/>
</pin_list>
<bind>
<StgValue><ssdm name="p_str"/></StgValue>
</bind>
</comp>

<comp id="56" class="1001" name="const_56">
<pin_list>
<pin id="57" dir="1" index="0" bw="1" slack="2147483647"/>
</pin_list>
<bind>
<StgValue><ssdm name=""/></StgValue>
</bind>
</comp>

<comp id="58" class="1001" name="const_58">
<pin_list>
<pin id="59" dir="1" index="0" bw="1" slack="2147483647"/>
</pin_list>
<bind>
<StgValue><ssdm name=""/></StgValue>
</bind>
</comp>

<comp id="60" class="1001" name="const_60">
<pin_list>
<pin id="61" dir="1" index="0" bw="1" slack="2147483647"/>
</pin_list>
<bind>
<StgValue><ssdm name="ScalarProp_str"/></StgValue>
</bind>
</comp>

<comp id="62" class="1001" name="const_62">
<pin_list>
<pin id="63" dir="1" index="0" bw="1" slack="2147483647"/>
</pin_list>
<bind>
<StgValue><ssdm name="empty_16"/></StgValue>
</bind>
</comp>

<comp id="64" class="1001" name="const_64">
<pin_list>
<pin id="65" dir="1" index="0" bw="1" slack="2147483647"/>
</pin_list>
<bind>
<StgValue><ssdm name="empty_25"/></StgValue>
</bind>
</comp>

<comp id="66" class="1004" name="nnz_1_read_fu_66">
<pin_list>
<pin id="67" dir="0" index="0" bw="32" slack="0"/>
<pin id="68" dir="0" index="1" bw="32" slack="0"/>
<pin id="69" dir="1" index="2" bw="32" slack="1"/>
</pin_list>
<bind>
<opcode="read(1150) " fcode="read"/>
<opset="nnz_1/1 "/>
</bind>
</comp>

<comp id="72" class="1004" name="grp_distribute_to_pe_Pipeline_VITIS_LOOP_172_1_fu_72">
<pin_list>
<pin id="73" dir="0" index="0" bw="0" slack="0"/>
<pin id="74" dir="0" index="1" bw="32" slack="1"/>
<pin id="75" dir="0" index="2" bw="64" slack="0"/>
<pin id="76" dir="0" index="3" bw="1032" slack="0"/>
<pin id="77" dir="0" index="4" bw="97" slack="0"/>
<pin id="78" dir="0" index="5" bw="97" slack="0"/>
<pin id="79" dir="0" index="6" bw="97" slack="0"/>
<pin id="80" dir="0" index="7" bw="97" slack="0"/>
<pin id="81" dir="0" index="8" bw="97" slack="0"/>
<pin id="82" dir="0" index="9" bw="97" slack="0"/>
<pin id="83" dir="0" index="10" bw="97" slack="0"/>
<pin id="84" dir="0" index="11" bw="97" slack="0"/>
<pin id="85" dir="0" index="12" bw="97" slack="0"/>
<pin id="86" dir="0" index="13" bw="97" slack="0"/>
<pin id="87" dir="0" index="14" bw="97" slack="0"/>
<pin id="88" dir="0" index="15" bw="97" slack="0"/>
<pin id="89" dir="0" index="16" bw="97" slack="0"/>
<pin id="90" dir="0" index="17" bw="97" slack="0"/>
<pin id="91" dir="0" index="18" bw="97" slack="0"/>
<pin id="92" dir="0" index="19" bw="97" slack="0"/>
<pin id="93" dir="1" index="20" bw="0" slack="2147483647"/>
</pin_list>
<bind>
<opcode="call(48) " fcode="call"/>
<opset="call_ln0/2 "/>
</bind>
</comp>

<comp id="113" class="1004" name="grp_distribute_to_pe_Pipeline_VITIS_LOOP_230_3_fu_113">
<pin_list>
<pin id="114" dir="0" index="0" bw="0" slack="0"/>
<pin id="115" dir="0" index="1" bw="97" slack="0"/>
<pin id="116" dir="0" index="2" bw="97" slack="0"/>
<pin id="117" dir="0" index="3" bw="97" slack="0"/>
<pin id="118" dir="0" index="4" bw="97" slack="0"/>
<pin id="119" dir="0" index="5" bw="97" slack="0"/>
<pin id="120" dir="0" index="6" bw="97" slack="0"/>
<pin id="121" dir="0" index="7" bw="97" slack="0"/>
<pin id="122" dir="0" index="8" bw="97" slack="0"/>
<pin id="123" dir="0" index="9" bw="97" slack="0"/>
<pin id="124" dir="0" index="10" bw="97" slack="0"/>
<pin id="125" dir="0" index="11" bw="97" slack="0"/>
<pin id="126" dir="0" index="12" bw="97" slack="0"/>
<pin id="127" dir="0" index="13" bw="97" slack="0"/>
<pin id="128" dir="0" index="14" bw="97" slack="0"/>
<pin id="129" dir="0" index="15" bw="97" slack="0"/>
<pin id="130" dir="0" index="16" bw="97" slack="0"/>
<pin id="131" dir="1" index="17" bw="0" slack="2147483647"/>
</pin_list>
<bind>
<opcode="call(48) " fcode="call"/>
<opset="call_ln0/4 "/>
</bind>
</comp>

<comp id="149" class="1004" name="fence_ln172_fu_149">
<pin_list>
<pin id="150" dir="0" index="0" bw="0" slack="0"/>
<pin id="151" dir="0" index="1" bw="32" slack="0"/>
<pin id="152" dir="0" index="2" bw="1" slack="0"/>
<pin id="153" dir="0" index="3" bw="64" slack="0"/>
<pin id="154" dir="0" index="4" bw="1032" slack="0"/>
<pin id="155" dir="0" index="5" bw="97" slack="0"/>
<pin id="156" dir="0" index="6" bw="97" slack="0"/>
<pin id="157" dir="0" index="7" bw="97" slack="0"/>
<pin id="158" dir="0" index="8" bw="97" slack="0"/>
<pin id="159" dir="0" index="9" bw="97" slack="0"/>
<pin id="160" dir="0" index="10" bw="97" slack="0"/>
<pin id="161" dir="0" index="11" bw="97" slack="0"/>
<pin id="162" dir="0" index="12" bw="97" slack="0"/>
<pin id="163" dir="0" index="13" bw="97" slack="0"/>
<pin id="164" dir="0" index="14" bw="97" slack="0"/>
<pin id="165" dir="0" index="15" bw="97" slack="0"/>
<pin id="166" dir="0" index="16" bw="97" slack="0"/>
<pin id="167" dir="0" index="17" bw="97" slack="0"/>
<pin id="168" dir="0" index="18" bw="97" slack="0"/>
<pin id="169" dir="0" index="19" bw="97" slack="0"/>
<pin id="170" dir="0" index="20" bw="97" slack="0"/>
<pin id="171" dir="1" index="21" bw="0" slack="2147483647"/>
</pin_list>
<bind>
<opcode="fence(30) " fcode="fence"/>
<opset="fence_ln172/2 "/>
</bind>
</comp>

<comp id="193" class="1004" name="fence_ln230_fu_193">
<pin_list>
<pin id="194" dir="0" index="0" bw="0" slack="0"/>
<pin id="195" dir="0" index="1" bw="64" slack="0"/>
<pin id="196" dir="0" index="2" bw="1032" slack="0"/>
<pin id="197" dir="0" index="3" bw="97" slack="0"/>
<pin id="198" dir="0" index="4" bw="97" slack="0"/>
<pin id="199" dir="0" index="5" bw="97" slack="0"/>
<pin id="200" dir="0" index="6" bw="97" slack="0"/>
<pin id="201" dir="0" index="7" bw="97" slack="0"/>
<pin id="202" dir="0" index="8" bw="97" slack="0"/>
<pin id="203" dir="0" index="9" bw="97" slack="0"/>
<pin id="204" dir="0" index="10" bw="97" slack="0"/>
<pin id="205" dir="0" index="11" bw="97" slack="0"/>
<pin id="206" dir="0" index="12" bw="97" slack="0"/>
<pin id="207" dir="0" index="13" bw="97" slack="0"/>
<pin id="208" dir="0" index="14" bw="97" slack="0"/>
<pin id="209" dir="0" index="15" bw="97" slack="0"/>
<pin id="210" dir="0" index="16" bw="97" slack="0"/>
<pin id="211" dir="0" index="17" bw="97" slack="0"/>
<pin id="212" dir="0" index="18" bw="97" slack="0"/>
<pin id="213" dir="0" index="19" bw="1" slack="0"/>
<pin id="214" dir="0" index="20" bw="97" slack="0"/>
<pin id="215" dir="0" index="21" bw="97" slack="0"/>
<pin id="216" dir="0" index="22" bw="97" slack="0"/>
<pin id="217" dir="0" index="23" bw="97" slack="0"/>
<pin id="218" dir="0" index="24" bw="97" slack="0"/>
<pin id="219" dir="0" index="25" bw="97" slack="0"/>
<pin id="220" dir="0" index="26" bw="97" slack="0"/>
<pin id="221" dir="0" index="27" bw="97" slack="0"/>
<pin id="222" dir="0" index="28" bw="97" slack="0"/>
<pin id="223" dir="0" index="29" bw="97" slack="0"/>
<pin id="224" dir="0" index="30" bw="97" slack="0"/>
<pin id="225" dir="0" index="31" bw="97" slack="0"/>
<pin id="226" dir="0" index="32" bw="97" slack="0"/>
<pin id="227" dir="0" index="33" bw="97" slack="0"/>
<pin id="228" dir="0" index="34" bw="97" slack="0"/>
<pin id="229" dir="0" index="35" bw="97" slack="0"/>
<pin id="230" dir="1" index="36" bw="0" slack="2147483647"/>
</pin_list>
<bind>
<opcode="fence(30) " fcode="fence"/>
<opset="fence_ln230/4 "/>
</bind>
</comp>

<comp id="267" class="1004" name="fence_ln230_fu_267">
<pin_list>
<pin id="268" dir="0" index="0" bw="0" slack="0"/>
<pin id="269" dir="0" index="1" bw="32" slack="0"/>
<pin id="270" dir="0" index="2" bw="64" slack="0"/>
<pin id="271" dir="0" index="3" bw="1032" slack="0"/>
<pin id="272" dir="0" index="4" bw="97" slack="0"/>
<pin id="273" dir="0" index="5" bw="97" slack="0"/>
<pin id="274" dir="0" index="6" bw="97" slack="0"/>
<pin id="275" dir="0" index="7" bw="97" slack="0"/>
<pin id="276" dir="0" index="8" bw="97" slack="0"/>
<pin id="277" dir="0" index="9" bw="97" slack="0"/>
<pin id="278" dir="0" index="10" bw="97" slack="0"/>
<pin id="279" dir="0" index="11" bw="97" slack="0"/>
<pin id="280" dir="0" index="12" bw="97" slack="0"/>
<pin id="281" dir="0" index="13" bw="97" slack="0"/>
<pin id="282" dir="0" index="14" bw="97" slack="0"/>
<pin id="283" dir="0" index="15" bw="97" slack="0"/>
<pin id="284" dir="0" index="16" bw="97" slack="0"/>
<pin id="285" dir="0" index="17" bw="97" slack="0"/>
<pin id="286" dir="0" index="18" bw="97" slack="0"/>
<pin id="287" dir="0" index="19" bw="97" slack="0"/>
<pin id="288" dir="0" index="20" bw="1" slack="0"/>
<pin id="289" dir="0" index="21" bw="97" slack="0"/>
<pin id="290" dir="0" index="22" bw="97" slack="0"/>
<pin id="291" dir="0" index="23" bw="97" slack="0"/>
<pin id="292" dir="0" index="24" bw="97" slack="0"/>
<pin id="293" dir="0" index="25" bw="97" slack="0"/>
<pin id="294" dir="0" index="26" bw="97" slack="0"/>
<pin id="295" dir="0" index="27" bw="97" slack="0"/>
<pin id="296" dir="0" index="28" bw="97" slack="0"/>
<pin id="297" dir="0" index="29" bw="97" slack="0"/>
<pin id="298" dir="0" index="30" bw="97" slack="0"/>
<pin id="299" dir="0" index="31" bw="97" slack="0"/>
<pin id="300" dir="0" index="32" bw="97" slack="0"/>
<pin id="301" dir="0" index="33" bw="97" slack="0"/>
<pin id="302" dir="0" index="34" bw="97" slack="0"/>
<pin id="303" dir="0" index="35" bw="97" slack="0"/>
<pin id="304" dir="0" index="36" bw="97" slack="0"/>
<pin id="305" dir="1" index="37" bw="0" slack="2147483647"/>
</pin_list>
<bind>
<opcode="fence(30) " fcode="fence"/>
<opset="fence_ln230/4 "/>
</bind>
</comp>

<comp id="343" class="1005" name="nnz_1_reg_343">
<pin_list>
<pin id="344" dir="0" index="0" bw="32" slack="1"/>
<pin id="345" dir="1" index="1" bw="32" slack="1"/>
</pin_list>
<bind>
<opset="nnz_1 "/>
</bind>
</comp>

</comp_list>

<net_list>
<net id="70"><net_src comp="38" pin="0"/><net_sink comp="66" pin=0"/></net>

<net id="71"><net_src comp="0" pin="0"/><net_sink comp="66" pin=1"/></net>

<net id="94"><net_src comp="44" pin="0"/><net_sink comp="72" pin=0"/></net>

<net id="95"><net_src comp="2" pin="0"/><net_sink comp="72" pin=2"/></net>

<net id="96"><net_src comp="4" pin="0"/><net_sink comp="72" pin=3"/></net>

<net id="97"><net_src comp="6" pin="0"/><net_sink comp="72" pin=4"/></net>

<net id="98"><net_src comp="8" pin="0"/><net_sink comp="72" pin=5"/></net>

<net id="99"><net_src comp="10" pin="0"/><net_sink comp="72" pin=6"/></net>

<net id="100"><net_src comp="12" pin="0"/><net_sink comp="72" pin=7"/></net>

<net id="101"><net_src comp="14" pin="0"/><net_sink comp="72" pin=8"/></net>

<net id="102"><net_src comp="16" pin="0"/><net_sink comp="72" pin=9"/></net>

<net id="103"><net_src comp="18" pin="0"/><net_sink comp="72" pin=10"/></net>

<net id="104"><net_src comp="20" pin="0"/><net_sink comp="72" pin=11"/></net>

<net id="105"><net_src comp="22" pin="0"/><net_sink comp="72" pin=12"/></net>

<net id="106"><net_src comp="24" pin="0"/><net_sink comp="72" pin=13"/></net>

<net id="107"><net_src comp="26" pin="0"/><net_sink comp="72" pin=14"/></net>

<net id="108"><net_src comp="28" pin="0"/><net_sink comp="72" pin=15"/></net>

<net id="109"><net_src comp="30" pin="0"/><net_sink comp="72" pin=16"/></net>

<net id="110"><net_src comp="32" pin="0"/><net_sink comp="72" pin=17"/></net>

<net id="111"><net_src comp="34" pin="0"/><net_sink comp="72" pin=18"/></net>

<net id="112"><net_src comp="36" pin="0"/><net_sink comp="72" pin=19"/></net>

<net id="132"><net_src comp="46" pin="0"/><net_sink comp="113" pin=0"/></net>

<net id="133"><net_src comp="6" pin="0"/><net_sink comp="113" pin=1"/></net>

<net id="134"><net_src comp="8" pin="0"/><net_sink comp="113" pin=2"/></net>

<net id="135"><net_src comp="10" pin="0"/><net_sink comp="113" pin=3"/></net>

<net id="136"><net_src comp="12" pin="0"/><net_sink comp="113" pin=4"/></net>

<net id="137"><net_src comp="14" pin="0"/><net_sink comp="113" pin=5"/></net>

<net id="138"><net_src comp="16" pin="0"/><net_sink comp="113" pin=6"/></net>

<net id="139"><net_src comp="18" pin="0"/><net_sink comp="113" pin=7"/></net>

<net id="140"><net_src comp="20" pin="0"/><net_sink comp="113" pin=8"/></net>

<net id="141"><net_src comp="22" pin="0"/><net_sink comp="113" pin=9"/></net>

<net id="142"><net_src comp="24" pin="0"/><net_sink comp="113" pin=10"/></net>

<net id="143"><net_src comp="26" pin="0"/><net_sink comp="113" pin=11"/></net>

<net id="144"><net_src comp="28" pin="0"/><net_sink comp="113" pin=12"/></net>

<net id="145"><net_src comp="30" pin="0"/><net_sink comp="113" pin=13"/></net>

<net id="146"><net_src comp="32" pin="0"/><net_sink comp="113" pin=14"/></net>

<net id="147"><net_src comp="34" pin="0"/><net_sink comp="113" pin=15"/></net>

<net id="148"><net_src comp="36" pin="0"/><net_sink comp="113" pin=16"/></net>

<net id="172"><net_src comp="40" pin="0"/><net_sink comp="149" pin=0"/></net>

<net id="173"><net_src comp="0" pin="0"/><net_sink comp="149" pin=1"/></net>

<net id="174"><net_src comp="42" pin="0"/><net_sink comp="149" pin=2"/></net>

<net id="175"><net_src comp="2" pin="0"/><net_sink comp="149" pin=3"/></net>

<net id="176"><net_src comp="4" pin="0"/><net_sink comp="149" pin=4"/></net>

<net id="177"><net_src comp="6" pin="0"/><net_sink comp="149" pin=5"/></net>

<net id="178"><net_src comp="8" pin="0"/><net_sink comp="149" pin=6"/></net>

<net id="179"><net_src comp="10" pin="0"/><net_sink comp="149" pin=7"/></net>

<net id="180"><net_src comp="12" pin="0"/><net_sink comp="149" pin=8"/></net>

<net id="181"><net_src comp="14" pin="0"/><net_sink comp="149" pin=9"/></net>

<net id="182"><net_src comp="16" pin="0"/><net_sink comp="149" pin=10"/></net>

<net id="183"><net_src comp="18" pin="0"/><net_sink comp="149" pin=11"/></net>

<net id="184"><net_src comp="20" pin="0"/><net_sink comp="149" pin=12"/></net>

<net id="185"><net_src comp="22" pin="0"/><net_sink comp="149" pin=13"/></net>

<net id="186"><net_src comp="24" pin="0"/><net_sink comp="149" pin=14"/></net>

<net id="187"><net_src comp="26" pin="0"/><net_sink comp="149" pin=15"/></net>

<net id="188"><net_src comp="28" pin="0"/><net_sink comp="149" pin=16"/></net>

<net id="189"><net_src comp="30" pin="0"/><net_sink comp="149" pin=17"/></net>

<net id="190"><net_src comp="32" pin="0"/><net_sink comp="149" pin=18"/></net>

<net id="191"><net_src comp="34" pin="0"/><net_sink comp="149" pin=19"/></net>

<net id="192"><net_src comp="36" pin="0"/><net_sink comp="149" pin=20"/></net>

<net id="231"><net_src comp="40" pin="0"/><net_sink comp="193" pin=0"/></net>

<net id="232"><net_src comp="2" pin="0"/><net_sink comp="193" pin=1"/></net>

<net id="233"><net_src comp="4" pin="0"/><net_sink comp="193" pin=2"/></net>

<net id="234"><net_src comp="6" pin="0"/><net_sink comp="193" pin=3"/></net>

<net id="235"><net_src comp="8" pin="0"/><net_sink comp="193" pin=4"/></net>

<net id="236"><net_src comp="10" pin="0"/><net_sink comp="193" pin=5"/></net>

<net id="237"><net_src comp="12" pin="0"/><net_sink comp="193" pin=6"/></net>

<net id="238"><net_src comp="14" pin="0"/><net_sink comp="193" pin=7"/></net>

<net id="239"><net_src comp="16" pin="0"/><net_sink comp="193" pin=8"/></net>

<net id="240"><net_src comp="18" pin="0"/><net_sink comp="193" pin=9"/></net>

<net id="241"><net_src comp="20" pin="0"/><net_sink comp="193" pin=10"/></net>

<net id="242"><net_src comp="22" pin="0"/><net_sink comp="193" pin=11"/></net>

<net id="243"><net_src comp="24" pin="0"/><net_sink comp="193" pin=12"/></net>

<net id="244"><net_src comp="26" pin="0"/><net_sink comp="193" pin=13"/></net>

<net id="245"><net_src comp="28" pin="0"/><net_sink comp="193" pin=14"/></net>

<net id="246"><net_src comp="30" pin="0"/><net_sink comp="193" pin=15"/></net>

<net id="247"><net_src comp="32" pin="0"/><net_sink comp="193" pin=16"/></net>

<net id="248"><net_src comp="34" pin="0"/><net_sink comp="193" pin=17"/></net>

<net id="249"><net_src comp="36" pin="0"/><net_sink comp="193" pin=18"/></net>

<net id="250"><net_src comp="42" pin="0"/><net_sink comp="193" pin=19"/></net>

<net id="251"><net_src comp="6" pin="0"/><net_sink comp="193" pin=20"/></net>

<net id="252"><net_src comp="8" pin="0"/><net_sink comp="193" pin=21"/></net>

<net id="253"><net_src comp="10" pin="0"/><net_sink comp="193" pin=22"/></net>

<net id="254"><net_src comp="12" pin="0"/><net_sink comp="193" pin=23"/></net>

<net id="255"><net_src comp="14" pin="0"/><net_sink comp="193" pin=24"/></net>

<net id="256"><net_src comp="16" pin="0"/><net_sink comp="193" pin=25"/></net>

<net id="257"><net_src comp="18" pin="0"/><net_sink comp="193" pin=26"/></net>

<net id="258"><net_src comp="20" pin="0"/><net_sink comp="193" pin=27"/></net>

<net id="259"><net_src comp="22" pin="0"/><net_sink comp="193" pin=28"/></net>

<net id="260"><net_src comp="24" pin="0"/><net_sink comp="193" pin=29"/></net>

<net id="261"><net_src comp="26" pin="0"/><net_sink comp="193" pin=30"/></net>

<net id="262"><net_src comp="28" pin="0"/><net_sink comp="193" pin=31"/></net>

<net id="263"><net_src comp="30" pin="0"/><net_sink comp="193" pin=32"/></net>

<net id="264"><net_src comp="32" pin="0"/><net_sink comp="193" pin=33"/></net>

<net id="265"><net_src comp="34" pin="0"/><net_sink comp="193" pin=34"/></net>

<net id="266"><net_src comp="36" pin="0"/><net_sink comp="193" pin=35"/></net>

<net id="306"><net_src comp="40" pin="0"/><net_sink comp="267" pin=0"/></net>

<net id="307"><net_src comp="0" pin="0"/><net_sink comp="267" pin=1"/></net>

<net id="308"><net_src comp="2" pin="0"/><net_sink comp="267" pin=2"/></net>

<net id="309"><net_src comp="4" pin="0"/><net_sink comp="267" pin=3"/></net>

<net id="310"><net_src comp="6" pin="0"/><net_sink comp="267" pin=4"/></net>

<net id="311"><net_src comp="8" pin="0"/><net_sink comp="267" pin=5"/></net>

<net id="312"><net_src comp="10" pin="0"/><net_sink comp="267" pin=6"/></net>

<net id="313"><net_src comp="12" pin="0"/><net_sink comp="267" pin=7"/></net>

<net id="314"><net_src comp="14" pin="0"/><net_sink comp="267" pin=8"/></net>

<net id="315"><net_src comp="16" pin="0"/><net_sink comp="267" pin=9"/></net>

<net id="316"><net_src comp="18" pin="0"/><net_sink comp="267" pin=10"/></net>

<net id="317"><net_src comp="20" pin="0"/><net_sink comp="267" pin=11"/></net>

<net id="318"><net_src comp="22" pin="0"/><net_sink comp="267" pin=12"/></net>

<net id="319"><net_src comp="24" pin="0"/><net_sink comp="267" pin=13"/></net>

<net id="320"><net_src comp="26" pin="0"/><net_sink comp="267" pin=14"/></net>

<net id="321"><net_src comp="28" pin="0"/><net_sink comp="267" pin=15"/></net>

<net id="322"><net_src comp="30" pin="0"/><net_sink comp="267" pin=16"/></net>

<net id="323"><net_src comp="32" pin="0"/><net_sink comp="267" pin=17"/></net>

<net id="324"><net_src comp="34" pin="0"/><net_sink comp="267" pin=18"/></net>

<net id="325"><net_src comp="36" pin="0"/><net_sink comp="267" pin=19"/></net>

<net id="326"><net_src comp="42" pin="0"/><net_sink comp="267" pin=20"/></net>

<net id="327"><net_src comp="6" pin="0"/><net_sink comp="267" pin=21"/></net>

<net id="328"><net_src comp="8" pin="0"/><net_sink comp="267" pin=22"/></net>

<net id="329"><net_src comp="10" pin="0"/><net_sink comp="267" pin=23"/></net>

<net id="330"><net_src comp="12" pin="0"/><net_sink comp="267" pin=24"/></net>

<net id="331"><net_src comp="14" pin="0"/><net_sink comp="267" pin=25"/></net>

<net id="332"><net_src comp="16" pin="0"/><net_sink comp="267" pin=26"/></net>

<net id="333"><net_src comp="18" pin="0"/><net_sink comp="267" pin=27"/></net>

<net id="334"><net_src comp="20" pin="0"/><net_sink comp="267" pin=28"/></net>

<net id="335"><net_src comp="22" pin="0"/><net_sink comp="267" pin=29"/></net>

<net id="336"><net_src comp="24" pin="0"/><net_sink comp="267" pin=30"/></net>

<net id="337"><net_src comp="26" pin="0"/><net_sink comp="267" pin=31"/></net>

<net id="338"><net_src comp="28" pin="0"/><net_sink comp="267" pin=32"/></net>

<net id="339"><net_src comp="30" pin="0"/><net_sink comp="267" pin=33"/></net>

<net id="340"><net_src comp="32" pin="0"/><net_sink comp="267" pin=34"/></net>

<net id="341"><net_src comp="34" pin="0"/><net_sink comp="267" pin=35"/></net>

<net id="342"><net_src comp="36" pin="0"/><net_sink comp="267" pin=36"/></net>

<net id="346"><net_src comp="66" pin="2"/><net_sink comp="343" pin=0"/></net>

<net id="347"><net_src comp="343" pin="1"/><net_sink comp="72" pin=1"/></net>

</net_list>

</model> 
---------------- Datapath Model END ------------------

* FSMD analyzer results:
  - Output states:
	Port: pe_streams_0 | {2 3 4 5 }
	Port: pe_streams_1 | {2 3 4 5 }
	Port: pe_streams_2 | {2 3 4 5 }
	Port: pe_streams_3 | {2 3 4 5 }
	Port: pe_streams_4 | {2 3 4 5 }
	Port: pe_streams_5 | {2 3 4 5 }
	Port: pe_streams_6 | {2 3 4 5 }
	Port: pe_streams_7 | {2 3 4 5 }
	Port: pe_streams_8 | {2 3 4 5 }
	Port: pe_streams_9 | {2 3 4 5 }
	Port: pe_streams_10 | {2 3 4 5 }
	Port: pe_streams_11 | {2 3 4 5 }
	Port: pe_streams_12 | {2 3 4 5 }
	Port: pe_streams_13 | {2 3 4 5 }
	Port: pe_streams_14 | {2 3 4 5 }
	Port: pe_streams_15 | {2 3 4 5 }
 - Input state : 
	Port: distribute_to_pe : nnz | {1 }
	Port: distribute_to_pe : col_info_stream | {2 3 }
	Port: distribute_to_pe : nnz_stream | {2 3 }
  - Chain level:
	State 1
	State 2
	State 3
	State 4
	State 5


============================================================
+ Verbose Summary: Datapath Resource usage 
============================================================

* Functional unit list:
|----------|-------------------------------------------------------|---------|---------|
| Operation|                    Functional Unit                    |    FF   |   LUT   |
|----------|-------------------------------------------------------|---------|---------|
|   call   |  grp_distribute_to_pe_Pipeline_VITIS_LOOP_172_1_fu_72 |   2838  |   5216  |
|          | grp_distribute_to_pe_Pipeline_VITIS_LOOP_230_3_fu_113 |    9    |    24   |
|----------|-------------------------------------------------------|---------|---------|
|   read   |                    nnz_1_read_fu_66                   |    0    |    0    |
|----------|-------------------------------------------------------|---------|---------|
|          |                   fence_ln172_fu_149                  |    0    |    0    |
|   fence  |                   fence_ln230_fu_193                  |    0    |    0    |
|          |                   fence_ln230_fu_267                  |    0    |    0    |
|----------|-------------------------------------------------------|---------|---------|
|   Total  |                                                       |   2847  |   5240  |
|----------|-------------------------------------------------------|---------|---------|

Memories:
N/A

* Register list:
+-------------+--------+
|             |   FF   |
+-------------+--------+
|nnz_1_reg_343|   32   |
+-------------+--------+
|    Total    |   32   |
+-------------+--------+

* Multiplexer (MUX) list: 
|--------|------|------|------|--------|
|  Comp  |  Pin | Size |  BW  | S x BW |
|--------|------|------|------|--------|
|  Total |      |      |      |    0   |
|--------|------|------|------|--------|



* Summary:
+-----------+--------+--------+
|           |   FF   |   LUT  |
+-----------+--------+--------+
|  Function |  2847  |  5240  |
|   Memory  |    -   |    -   |
|Multiplexer|    -   |    -   |
|  Register |   32   |    -   |
+-----------+--------+--------+
|   Total   |  2879  |  5240  |
+-----------+--------+--------+
