

================================================================
== Vitis HLS Report for 'read_col_info_Pipeline_VITIS_LOOP_46_1'
================================================================
* Date:           Thu Apr 23 17:42:05 2026

* Version:        2024.2 (Build 5238294 on Nov  8 2024)
* Project:        spmv_csc
* Solution:       hls (Vivado IP Flow Target)
* Product family: zynquplus
* Target device:  xczu7ev-ffvc1156-2-e


================================================================
== Performance Estimates
================================================================
+ Timing: 
    * Summary: 
    +--------+---------+----------+------------+
    |  Clock |  Target | Estimated| Uncertainty|
    +--------+---------+----------+------------+
    |ap_clk  |  5.00 ns|  4.000 ns|     1.00 ns|
    +--------+---------+----------+------------+

+ Latency: 
    * Summary: 
    +---------+---------+----------+----------+-----+-----+------------------------------------------------+
    |  Latency (cycles) |  Latency (absolute) |  Interval |                    Pipeline                    |
    |   min   |   max   |    min   |    max   | min | max |                      Type                      |
    +---------+---------+----------+----------+-----+-----+------------------------------------------------+
    |        ?|        ?|         ?|         ?|    0|    0|  loop auto-rewind stp (delay=0 clock cycles(s))|
    +---------+---------+----------+----------+-----+-----+------------------------------------------------+

    + Detail: 
        * Instance: 
        N/A

        * Loop: 
        +-------------------+---------+---------+----------+-----------+-----------+------+----------+
        |                   |  Latency (cycles) | Iteration|  Initiation Interval  | Trip |          |
        |     Loop Name     |   min   |   max   |  Latency |  achieved |   target  | Count| Pipelined|
        +-------------------+---------+---------+----------+-----------+-----------+------+----------+
        |- VITIS_LOOP_46_1  |        ?|        ?|         4|          1|          1|     ?|       yes|
        +-------------------+---------+---------+----------+-----------+-----------+------+----------+



================================================================
== Utilization Estimates
================================================================
* Summary: 
+-----------------+---------+------+--------+--------+-----+
|       Name      | BRAM_18K|  DSP |   FF   |   LUT  | URAM|
+-----------------+---------+------+--------+--------+-----+
|DSP              |        -|     -|       -|       -|    -|
|Expression       |        -|     -|       0|     161|    -|
|FIFO             |        -|     -|       -|       -|    -|
|Instance         |        -|     -|       -|       -|    -|
|Memory           |        -|     -|       -|       -|    -|
|Multiplexer      |        -|     -|       0|      81|    -|
|Register         |        -|     -|     201|       -|    -|
+-----------------+---------+------+--------+--------+-----+
|Total            |        0|     0|     201|     242|    0|
+-----------------+---------+------+--------+--------+-----+
|Available        |      624|  1728|  460800|  230400|   96|
+-----------------+---------+------+--------+--------+-----+
|Utilization (%)  |        0|     0|      ~0|      ~0|    0|
+-----------------+---------+------+--------+--------+-----+

+ Detail: 
    * Instance: 
    N/A

    * DSP: 
    N/A

    * Memory: 
    N/A

    * FIFO: 
    N/A

    * Expression: 
    +---------------------------------------+----------+----+---+----+------------+------------+
    |             Variable Name             | Operation| DSP| FF| LUT| Bitwidth P0| Bitwidth P1|
    +---------------------------------------+----------+----+---+----+------------+------------+
    |add_ln46_fu_177_p2                     |         +|   0|  0|  38|          31|           1|
    |col_nnz_fu_203_p2                      |         -|   0|  0|  39|          32|          32|
    |ap_block_state4_pp0_stage0_iter3_grp1  |       and|   0|  0|   2|           1|           1|
    |icmp_ln46_fu_171_p2                    |      icmp|   0|  0|  39|          32|          32|
    |icmp_ln53_fu_208_p2                    |      icmp|   0|  0|  39|          32|           1|
    |ap_block_pp0_stage0_01001_grp1         |        or|   0|  0|   2|           1|           1|
    |ap_enable_pp0                          |       xor|   0|  0|   2|           1|           2|
    +---------------------------------------+----------+----+---+----+------------+------------+
    |Total                                  |          |   0|  0| 161|         130|          70|
    +---------------------------------------+----------+----+---+----+------------+------------+

    * Multiplexer: 
    +---------------------------+----+-----------+-----+-----------+
    |            Name           | LUT| Input Size| Bits| Total Bits|
    +---------------------------+----+-----------+-----+-----------+
    |ap_done_int                |   9|          2|    1|          2|
    |ap_enable_reg_pp0_iter1    |   9|          2|    1|          2|
    |ap_sig_allocacmp_col_load  |   9|          2|   31|         62|
    |col_fu_76                  |   9|          2|   31|         62|
    |col_info_stream_blk_n      |   9|          2|    1|          2|
    |empty_fu_72                |   9|          2|   32|         64|
    |gmem1_blk_n_R              |   9|          2|    1|          2|
    |gmem3_blk_n_R              |   9|          2|    1|          2|
    |prev_1_fu_68               |   9|          2|   32|         64|
    +---------------------------+----+-----------+-----+-----------+
    |Total                      |  81|         18|  131|        262|
    +---------------------------+----+-----------+-----+-----------+

    * Register: 
    +----------------------------------+----+----+-----+-----------+
    |               Name               | FF | LUT| Bits| Const Bits|
    +----------------------------------+----+----+-----+-----------+
    |ap_CS_fsm                         |   1|   0|    1|          0|
    |ap_done_reg                       |   1|   0|    1|          0|
    |ap_enable_reg_pp0_iter1           |   1|   0|    1|          0|
    |ap_enable_reg_pp0_iter2           |   1|   0|    1|          0|
    |ap_enable_reg_pp0_iter3           |   1|   0|    1|          0|
    |ap_loop_exit_ready_pp0_iter1_reg  |   1|   0|    1|          0|
    |ap_loop_exit_ready_pp0_iter2_reg  |   1|   0|    1|          0|
    |col_fu_76                         |  31|   0|   31|          0|
    |col_nnz_reg_284                   |  32|   0|   32|          0|
    |empty_fu_72                       |  32|   0|   32|          0|
    |icmp_ln46_reg_274                 |   1|   0|    1|          0|
    |icmp_ln46_reg_274_pp0_iter1_reg   |   1|   0|    1|          0|
    |icmp_ln53_reg_289                 |   1|   0|    1|          0|
    |prev_1_fu_68                      |  32|   0|   32|          0|
    |prev_2_reg_278                    |  32|   0|   32|          0|
    |x_element_1_reg_293               |  32|   0|   32|          0|
    +----------------------------------+----+----+-----+-----------+
    |Total                             | 201|   0|  201|          0|
    +----------------------------------+----+----+-----+-----------+



================================================================
== Interface
================================================================
* Summary: 
+--------------------------------+-----+-----+------------+----------------------------------------+--------------+
|            RTL Ports           | Dir | Bits|  Protocol  |              Source Object             |    C Type    |
+--------------------------------+-----+-----+------------+----------------------------------------+--------------+
|ap_clk                          |   in|    1|  ap_ctrl_hs|  read_col_info_Pipeline_VITIS_LOOP_46_1|  return value|
|ap_rst                          |   in|    1|  ap_ctrl_hs|  read_col_info_Pipeline_VITIS_LOOP_46_1|  return value|
|ap_start                        |   in|    1|  ap_ctrl_hs|  read_col_info_Pipeline_VITIS_LOOP_46_1|  return value|
|ap_done                         |  out|    1|  ap_ctrl_hs|  read_col_info_Pipeline_VITIS_LOOP_46_1|  return value|
|ap_idle                         |  out|    1|  ap_ctrl_hs|  read_col_info_Pipeline_VITIS_LOOP_46_1|  return value|
|ap_ready                        |  out|    1|  ap_ctrl_hs|  read_col_info_Pipeline_VITIS_LOOP_46_1|  return value|
|m_axi_gmem1_0_AWVALID           |  out|    1|       m_axi|                                   gmem1|       pointer|
|m_axi_gmem1_0_AWREADY           |   in|    1|       m_axi|                                   gmem1|       pointer|
|m_axi_gmem1_0_AWADDR            |  out|   64|       m_axi|                                   gmem1|       pointer|
|m_axi_gmem1_0_AWID              |  out|    1|       m_axi|                                   gmem1|       pointer|
|m_axi_gmem1_0_AWLEN             |  out|   32|       m_axi|                                   gmem1|       pointer|
|m_axi_gmem1_0_AWSIZE            |  out|    3|       m_axi|                                   gmem1|       pointer|
|m_axi_gmem1_0_AWBURST           |  out|    2|       m_axi|                                   gmem1|       pointer|
|m_axi_gmem1_0_AWLOCK            |  out|    2|       m_axi|                                   gmem1|       pointer|
|m_axi_gmem1_0_AWCACHE           |  out|    4|       m_axi|                                   gmem1|       pointer|
|m_axi_gmem1_0_AWPROT            |  out|    3|       m_axi|                                   gmem1|       pointer|
|m_axi_gmem1_0_AWQOS             |  out|    4|       m_axi|                                   gmem1|       pointer|
|m_axi_gmem1_0_AWREGION          |  out|    4|       m_axi|                                   gmem1|       pointer|
|m_axi_gmem1_0_AWUSER            |  out|    1|       m_axi|                                   gmem1|       pointer|
|m_axi_gmem1_0_WVALID            |  out|    1|       m_axi|                                   gmem1|       pointer|
|m_axi_gmem1_0_WREADY            |   in|    1|       m_axi|                                   gmem1|       pointer|
|m_axi_gmem1_0_WDATA             |  out|   32|       m_axi|                                   gmem1|       pointer|
|m_axi_gmem1_0_WSTRB             |  out|    4|       m_axi|                                   gmem1|       pointer|
|m_axi_gmem1_0_WLAST             |  out|    1|       m_axi|                                   gmem1|       pointer|
|m_axi_gmem1_0_WID               |  out|    1|       m_axi|                                   gmem1|       pointer|
|m_axi_gmem1_0_WUSER             |  out|    1|       m_axi|                                   gmem1|       pointer|
|m_axi_gmem1_0_ARVALID           |  out|    1|       m_axi|                                   gmem1|       pointer|
|m_axi_gmem1_0_ARREADY           |   in|    1|       m_axi|                                   gmem1|       pointer|
|m_axi_gmem1_0_ARADDR            |  out|   64|       m_axi|                                   gmem1|       pointer|
|m_axi_gmem1_0_ARID              |  out|    1|       m_axi|                                   gmem1|       pointer|
|m_axi_gmem1_0_ARLEN             |  out|   32|       m_axi|                                   gmem1|       pointer|
|m_axi_gmem1_0_ARSIZE            |  out|    3|       m_axi|                                   gmem1|       pointer|
|m_axi_gmem1_0_ARBURST           |  out|    2|       m_axi|                                   gmem1|       pointer|
|m_axi_gmem1_0_ARLOCK            |  out|    2|       m_axi|                                   gmem1|       pointer|
|m_axi_gmem1_0_ARCACHE           |  out|    4|       m_axi|                                   gmem1|       pointer|
|m_axi_gmem1_0_ARPROT            |  out|    3|       m_axi|                                   gmem1|       pointer|
|m_axi_gmem1_0_ARQOS             |  out|    4|       m_axi|                                   gmem1|       pointer|
|m_axi_gmem1_0_ARREGION          |  out|    4|       m_axi|                                   gmem1|       pointer|
|m_axi_gmem1_0_ARUSER            |  out|    1|       m_axi|                                   gmem1|       pointer|
|m_axi_gmem1_0_RVALID            |   in|    1|       m_axi|                                   gmem1|       pointer|
|m_axi_gmem1_0_RREADY            |  out|    1|       m_axi|                                   gmem1|       pointer|
|m_axi_gmem1_0_RDATA             |   in|   32|       m_axi|                                   gmem1|       pointer|
|m_axi_gmem1_0_RLAST             |   in|    1|       m_axi|                                   gmem1|       pointer|
|m_axi_gmem1_0_RID               |   in|    1|       m_axi|                                   gmem1|       pointer|
|m_axi_gmem1_0_RFIFONUM          |   in|    9|       m_axi|                                   gmem1|       pointer|
|m_axi_gmem1_0_RUSER             |   in|    1|       m_axi|                                   gmem1|       pointer|
|m_axi_gmem1_0_RRESP             |   in|    2|       m_axi|                                   gmem1|       pointer|
|m_axi_gmem1_0_BVALID            |   in|    1|       m_axi|                                   gmem1|       pointer|
|m_axi_gmem1_0_BREADY            |  out|    1|       m_axi|                                   gmem1|       pointer|
|m_axi_gmem1_0_BRESP             |   in|    2|       m_axi|                                   gmem1|       pointer|
|m_axi_gmem1_0_BID               |   in|    1|       m_axi|                                   gmem1|       pointer|
|m_axi_gmem1_0_BUSER             |   in|    1|       m_axi|                                   gmem1|       pointer|
|m_axi_gmem3_0_AWVALID           |  out|    1|       m_axi|                                   gmem3|       pointer|
|m_axi_gmem3_0_AWREADY           |   in|    1|       m_axi|                                   gmem3|       pointer|
|m_axi_gmem3_0_AWADDR            |  out|   64|       m_axi|                                   gmem3|       pointer|
|m_axi_gmem3_0_AWID              |  out|    1|       m_axi|                                   gmem3|       pointer|
|m_axi_gmem3_0_AWLEN             |  out|   32|       m_axi|                                   gmem3|       pointer|
|m_axi_gmem3_0_AWSIZE            |  out|    3|       m_axi|                                   gmem3|       pointer|
|m_axi_gmem3_0_AWBURST           |  out|    2|       m_axi|                                   gmem3|       pointer|
|m_axi_gmem3_0_AWLOCK            |  out|    2|       m_axi|                                   gmem3|       pointer|
|m_axi_gmem3_0_AWCACHE           |  out|    4|       m_axi|                                   gmem3|       pointer|
|m_axi_gmem3_0_AWPROT            |  out|    3|       m_axi|                                   gmem3|       pointer|
|m_axi_gmem3_0_AWQOS             |  out|    4|       m_axi|                                   gmem3|       pointer|
|m_axi_gmem3_0_AWREGION          |  out|    4|       m_axi|                                   gmem3|       pointer|
|m_axi_gmem3_0_AWUSER            |  out|    1|       m_axi|                                   gmem3|       pointer|
|m_axi_gmem3_0_WVALID            |  out|    1|       m_axi|                                   gmem3|       pointer|
|m_axi_gmem3_0_WREADY            |   in|    1|       m_axi|                                   gmem3|       pointer|
|m_axi_gmem3_0_WDATA             |  out|   32|       m_axi|                                   gmem3|       pointer|
|m_axi_gmem3_0_WSTRB             |  out|    4|       m_axi|                                   gmem3|       pointer|
|m_axi_gmem3_0_WLAST             |  out|    1|       m_axi|                                   gmem3|       pointer|
|m_axi_gmem3_0_WID               |  out|    1|       m_axi|                                   gmem3|       pointer|
|m_axi_gmem3_0_WUSER             |  out|    1|       m_axi|                                   gmem3|       pointer|
|m_axi_gmem3_0_ARVALID           |  out|    1|       m_axi|                                   gmem3|       pointer|
|m_axi_gmem3_0_ARREADY           |   in|    1|       m_axi|                                   gmem3|       pointer|
|m_axi_gmem3_0_ARADDR            |  out|   64|       m_axi|                                   gmem3|       pointer|
|m_axi_gmem3_0_ARID              |  out|    1|       m_axi|                                   gmem3|       pointer|
|m_axi_gmem3_0_ARLEN             |  out|   32|       m_axi|                                   gmem3|       pointer|
|m_axi_gmem3_0_ARSIZE            |  out|    3|       m_axi|                                   gmem3|       pointer|
|m_axi_gmem3_0_ARBURST           |  out|    2|       m_axi|                                   gmem3|       pointer|
|m_axi_gmem3_0_ARLOCK            |  out|    2|       m_axi|                                   gmem3|       pointer|
|m_axi_gmem3_0_ARCACHE           |  out|    4|       m_axi|                                   gmem3|       pointer|
|m_axi_gmem3_0_ARPROT            |  out|    3|       m_axi|                                   gmem3|       pointer|
|m_axi_gmem3_0_ARQOS             |  out|    4|       m_axi|                                   gmem3|       pointer|
|m_axi_gmem3_0_ARREGION          |  out|    4|       m_axi|                                   gmem3|       pointer|
|m_axi_gmem3_0_ARUSER            |  out|    1|       m_axi|                                   gmem3|       pointer|
|m_axi_gmem3_0_RVALID            |   in|    1|       m_axi|                                   gmem3|       pointer|
|m_axi_gmem3_0_RREADY            |  out|    1|       m_axi|                                   gmem3|       pointer|
|m_axi_gmem3_0_RDATA             |   in|   32|       m_axi|                                   gmem3|       pointer|
|m_axi_gmem3_0_RLAST             |   in|    1|       m_axi|                                   gmem3|       pointer|
|m_axi_gmem3_0_RID               |   in|    1|       m_axi|                                   gmem3|       pointer|
|m_axi_gmem3_0_RFIFONUM          |   in|    9|       m_axi|                                   gmem3|       pointer|
|m_axi_gmem3_0_RUSER             |   in|    1|       m_axi|                                   gmem3|       pointer|
|m_axi_gmem3_0_RRESP             |   in|    2|       m_axi|                                   gmem3|       pointer|
|m_axi_gmem3_0_BVALID            |   in|    1|       m_axi|                                   gmem3|       pointer|
|m_axi_gmem3_0_BREADY            |  out|    1|       m_axi|                                   gmem3|       pointer|
|m_axi_gmem3_0_BRESP             |   in|    2|       m_axi|                                   gmem3|       pointer|
|m_axi_gmem3_0_BID               |   in|    1|       m_axi|                                   gmem3|       pointer|
|m_axi_gmem3_0_BUSER             |   in|    1|       m_axi|                                   gmem3|       pointer|
|col_info_stream_din             |  out|   64|     ap_fifo|                         col_info_stream|       pointer|
|col_info_stream_full_n          |   in|    1|     ap_fifo|                         col_info_stream|       pointer|
|col_info_stream_write           |  out|    1|     ap_fifo|                         col_info_stream|       pointer|
|col_info_stream_num_data_valid  |   in|    7|     ap_fifo|                         col_info_stream|       pointer|
|col_info_stream_fifo_cap        |   in|    7|     ap_fifo|                         col_info_stream|       pointer|
|x_element                       |   in|   32|     ap_none|                               x_element|        scalar|
|prev                            |   in|   32|     ap_none|                                    prev|        scalar|
|sub                             |   in|   32|     ap_none|                                     sub|        scalar|
|sext_ln46_1                     |   in|   62|     ap_none|                             sext_ln46_1|        scalar|
|sext_ln46                       |   in|   62|     ap_none|                               sext_ln46|        scalar|
|p_out                           |  out|   32|      ap_vld|                                   p_out|       pointer|
|p_out_ap_vld                    |  out|    1|      ap_vld|                                   p_out|       pointer|
|prev_1_out                      |  out|   32|      ap_vld|                              prev_1_out|       pointer|
|prev_1_out_ap_vld               |  out|    1|      ap_vld|                              prev_1_out|       pointer|
+--------------------------------+-----+-----+------------+----------------------------------------+--------------+

============================================================
+ Verbose Summary: Synthesis Manager
============================================================
InlineROM: 1
ExposeGlobal: 0
============================================================
+ Verbose Summary: CDFG Model
============================================================
IsTopModel: 0
ResetActiveHigh: 1
IsCombinational: 2
IsDatapathOnly: 2
HasWiredReturn: 1
HasMFsm: 2
HasVarLatency: 1
IsPipeline: 0
IsRtlPipelined: 0
IsInstanceOverlapped: 0
IsDontTouch: 0
HasImplIP: 0
IsGatedGlobalClock: 0

+ Individual pipeline summary: 
  * Pipeline-0: initiation interval (II) = 1, depth = 4


============================================================
+ Verbose Summary: Schedule
============================================================
* Number of FSM states : 4
* Pipeline : 1
  Pipeline-0 : II = 1, D = 4, States = { 1 2 3 4 }
* Dataflow Pipeline: 0

* FSM state transitions: 
1 --> 2 
2 --> 3 
3 --> 4 
4 --> 

* FSM state operations: 

State 1 <SV = 0> <Delay = 1.87>
ST_1 : Operation 7 [1/1] (0.00ns)   --->   "%prev_1 = alloca i32 1" [../HLS/src/spmv_csc.cpp:42]   --->   Operation 7 'alloca' 'prev_1' <Predicate = true> <Delay = 0.00>
ST_1 : Operation 8 [1/1] (0.00ns)   --->   "%empty = alloca i32 1"   --->   Operation 8 'alloca' 'empty' <Predicate = true> <Delay = 0.00>
ST_1 : Operation 9 [1/1] (0.00ns)   --->   "%col = alloca i32 1"   --->   Operation 9 'alloca' 'col' <Predicate = true> <Delay = 0.00>
ST_1 : Operation 10 [1/1] (0.00ns)   --->   "%sext_ln46_read = read i62 @_ssdm_op_Read.ap_auto.i62, i62 %sext_ln46"   --->   Operation 10 'read' 'sext_ln46_read' <Predicate = true> <Delay = 0.00>
ST_1 : Operation 11 [1/1] (0.00ns)   --->   "%sext_ln46_1_read = read i62 @_ssdm_op_Read.ap_auto.i62, i62 %sext_ln46_1"   --->   Operation 11 'read' 'sext_ln46_1_read' <Predicate = true> <Delay = 0.00>
ST_1 : Operation 12 [1/1] (0.00ns)   --->   "%sub_read = read i32 @_ssdm_op_Read.ap_auto.i32, i32 %sub"   --->   Operation 12 'read' 'sub_read' <Predicate = true> <Delay = 0.00>
ST_1 : Operation 13 [1/1] (0.00ns)   --->   "%prev_read = read i32 @_ssdm_op_Read.ap_auto.i32, i32 %prev"   --->   Operation 13 'read' 'prev_read' <Predicate = true> <Delay = 0.00>
ST_1 : Operation 14 [1/1] (0.00ns)   --->   "%x_element_read = read i32 @_ssdm_op_Read.ap_auto.i32, i32 %x_element"   --->   Operation 14 'read' 'x_element_read' <Predicate = true> <Delay = 0.00>
ST_1 : Operation 15 [1/1] (0.00ns)   --->   "%sext_ln46_cast = sext i62 %sext_ln46_read"   --->   Operation 15 'sext' 'sext_ln46_cast' <Predicate = true> <Delay = 0.00>
ST_1 : Operation 16 [1/1] (0.00ns)   --->   "%sext_ln46_1_cast = sext i62 %sext_ln46_1_read"   --->   Operation 16 'sext' 'sext_ln46_1_cast' <Predicate = true> <Delay = 0.00>
ST_1 : Operation 17 [1/1] (0.00ns)   --->   "%specinterface_ln0 = specinterface void @_ssdm_op_SpecInterface, i32 %gmem3, void @empty_24, i32 0, i32 0, void @empty_25, i32 0, i32 1024, void @empty_10, void @empty_0, void @empty_25, i32 16, i32 16, i32 16, i32 16, void @empty_25, void @empty_25, i32 4294967295, i32 0, i32 0"   --->   Operation 17 'specinterface' 'specinterface_ln0' <Predicate = true> <Delay = 0.00>
ST_1 : Operation 18 [1/1] (0.00ns)   --->   "%specinterface_ln0 = specinterface void @_ssdm_op_SpecInterface, i32 %gmem1, void @empty_24, i32 0, i32 0, void @empty_25, i32 0, i32 1025, void @empty_26, void @empty_0, void @empty_25, i32 16, i32 16, i32 16, i32 16, void @empty_25, void @empty_25, i32 4294967295, i32 0, i32 0"   --->   Operation 18 'specinterface' 'specinterface_ln0' <Predicate = true> <Delay = 0.00>
ST_1 : Operation 19 [1/1] (0.00ns)   --->   "%specinterface_ln0 = specinterface void @_ssdm_op_SpecInterface, i64 %col_info_stream, void @empty_16, i32 0, i32 0, void @empty_25, i32 0, i32 0, void @empty_25, void @empty_25, void @empty_25, i32 0, i32 0, i32 0, i32 0, void @empty_25, void @empty_25, i32 4294967295, i32 0, i32 0"   --->   Operation 19 'specinterface' 'specinterface_ln0' <Predicate = true> <Delay = 0.00>
ST_1 : Operation 20 [1/1] (0.42ns)   --->   "%store_ln0 = store i31 0, i31 %col"   --->   Operation 20 'store' 'store_ln0' <Predicate = true> <Delay = 0.42>
ST_1 : Operation 21 [1/1] (0.42ns)   --->   "%store_ln0 = store i32 %x_element_read, i32 %empty"   --->   Operation 21 'store' 'store_ln0' <Predicate = true> <Delay = 0.42>
ST_1 : Operation 22 [1/1] (0.42ns)   --->   "%store_ln42 = store i32 %prev_read, i32 %prev_1" [../HLS/src/spmv_csc.cpp:42]   --->   Operation 22 'store' 'store_ln42' <Predicate = true> <Delay = 0.42>
ST_1 : Operation 23 [1/1] (0.00ns)   --->   "%br_ln0 = br void %for.body"   --->   Operation 23 'br' 'br_ln0' <Predicate = true> <Delay = 0.00>
ST_1 : Operation 24 [1/1] (0.00ns)   --->   "%col_load = load i31 %col" [../HLS/src/spmv_csc.cpp:46]   --->   Operation 24 'load' 'col_load' <Predicate = true> <Delay = 0.00>
ST_1 : Operation 25 [1/1] (0.00ns)   --->   "%zext_ln46 = zext i31 %col_load" [../HLS/src/spmv_csc.cpp:46]   --->   Operation 25 'zext' 'zext_ln46' <Predicate = true> <Delay = 0.00>
ST_1 : Operation 26 [1/1] (1.01ns)   --->   "%icmp_ln46 = icmp_slt  i32 %zext_ln46, i32 %sub_read" [../HLS/src/spmv_csc.cpp:46]   --->   Operation 26 'icmp' 'icmp_ln46' <Predicate = true> <Delay = 1.01> <CoreInst = "Cmp">   --->   Core 9 'Cmp' <Latency = 0> <II = 1> <Delay = 1.01> <FuncUnit> <Opcode : 'seteq' 'setne' 'setle' 'setge' 'setlt' 'setgt'> <InPorts = 2> <OutPorts = 1>
ST_1 : Operation 27 [1/1] (1.00ns)   --->   "%add_ln46 = add i31 %col_load, i31 1" [../HLS/src/spmv_csc.cpp:46]   --->   Operation 27 'add' 'add_ln46' <Predicate = true> <Delay = 1.00> <CoreInst = "Adder">   --->   Core 1 'Adder' <Latency = 0> <II = 1> <Delay = 1.00> <FuncUnit> <Opcode : 'add' 'sub'> <InPorts = 2> <OutPorts = 1>
ST_1 : Operation 28 [1/1] (0.00ns)   --->   "%br_ln46 = br i1 %icmp_ln46, void %for.end.loopexit.exitStub, void %for.body.split" [../HLS/src/spmv_csc.cpp:46]   --->   Operation 28 'br' 'br_ln46' <Predicate = true> <Delay = 0.00>
ST_1 : Operation 29 [1/1] (0.42ns)   --->   "%store_ln46 = store i31 %add_ln46, i31 %col" [../HLS/src/spmv_csc.cpp:46]   --->   Operation 29 'store' 'store_ln46' <Predicate = (icmp_ln46)> <Delay = 0.42>

State 2 <SV = 1> <Delay = 4.00>
ST_2 : Operation 30 [1/1] (0.00ns)   --->   "%gmem1_addr = getelementptr i32 %gmem1, i64 %sext_ln46_cast" [../HLS/src/spmv_csc.cpp:46]   --->   Operation 30 'getelementptr' 'gmem1_addr' <Predicate = true> <Delay = 0.00>
ST_2 : Operation 31 [1/1] (4.00ns)   --->   "%prev_2 = read i32 @_ssdm_op_Read.m_axi.p1i32, i64 %gmem1_addr" [../HLS/src/spmv_csc.cpp:49]   --->   Operation 31 'read' 'prev_2' <Predicate = true> <Delay = 4.00> <CoreInst = "m_axi">   --->   Core 119 'm_axi' <Latency = 3> <II = 1> <Delay = 1.00> <Adapter> <Opcode : 'read' 'write' 'readreq' 'writereq' 'writeresp'>

State 3 <SV = 2> <Delay = 4.00>
ST_3 : Operation 32 [1/1] (0.00ns)   --->   "%prev_1_load_1 = load i32 %prev_1" [../HLS/src/spmv_csc.cpp:51]   --->   Operation 32 'load' 'prev_1_load_1' <Predicate = true> <Delay = 0.00>
ST_3 : Operation 33 [1/1] (0.00ns)   --->   "%gmem3_addr = getelementptr i32 %gmem3, i64 %sext_ln46_1_cast" [../HLS/src/spmv_csc.cpp:46]   --->   Operation 33 'getelementptr' 'gmem3_addr' <Predicate = true> <Delay = 0.00>
ST_3 : Operation 34 [1/1] (0.00ns)   --->   "%specpipeline_ln48 = specpipeline void @_ssdm_op_SpecPipeline, i32 1, i32 0, i32 0, i32 0, void @empty_25" [../HLS/src/spmv_csc.cpp:48]   --->   Operation 34 'specpipeline' 'specpipeline_ln48' <Predicate = true> <Delay = 0.00>
ST_3 : Operation 35 [1/1] (0.00ns)   --->   "%specloopname_ln46 = specloopname void @_ssdm_op_SpecLoopName, void @empty_6" [../HLS/src/spmv_csc.cpp:46]   --->   Operation 35 'specloopname' 'specloopname_ln46' <Predicate = true> <Delay = 0.00>
ST_3 : Operation 36 [1/1] (1.01ns)   --->   "%col_nnz = sub i32 %prev_2, i32 %prev_1_load_1" [../HLS/src/spmv_csc.cpp:51]   --->   Operation 36 'sub' 'col_nnz' <Predicate = true> <Delay = 1.01> <CoreInst = "Adder">   --->   Core 1 'Adder' <Latency = 0> <II = 1> <Delay = 1.01> <FuncUnit> <Opcode : 'add' 'sub'> <InPorts = 2> <OutPorts = 1>
ST_3 : Operation 37 [1/1] (1.01ns)   --->   "%icmp_ln53 = icmp_sgt  i32 %col_nnz, i32 0" [../HLS/src/spmv_csc.cpp:53]   --->   Operation 37 'icmp' 'icmp_ln53' <Predicate = true> <Delay = 1.01> <CoreInst = "Cmp">   --->   Core 9 'Cmp' <Latency = 0> <II = 1> <Delay = 1.01> <FuncUnit> <Opcode : 'seteq' 'setne' 'setle' 'setge' 'setlt' 'setgt'> <InPorts = 2> <OutPorts = 1>
ST_3 : Operation 38 [1/1] (0.00ns)   --->   "%br_ln53 = br i1 %icmp_ln53, void %for.inc, void %if.then" [../HLS/src/spmv_csc.cpp:53]   --->   Operation 38 'br' 'br_ln53' <Predicate = true> <Delay = 0.00>
ST_3 : Operation 39 [1/1] (4.00ns)   --->   "%x_element_1 = read i32 @_ssdm_op_Read.m_axi.p1i32, i64 %gmem3_addr" [../HLS/src/spmv_csc.cpp:61]   --->   Operation 39 'read' 'x_element_1' <Predicate = true> <Delay = 4.00> <CoreInst = "m_axi">   --->   Core 119 'm_axi' <Latency = 3> <II = 1> <Delay = 1.00> <Adapter> <Opcode : 'read' 'write' 'readreq' 'writereq' 'writeresp'>
ST_3 : Operation 40 [1/1] (0.42ns)   --->   "%store_ln42 = store i32 %prev_2, i32 %prev_1" [../HLS/src/spmv_csc.cpp:42]   --->   Operation 40 'store' 'store_ln42' <Predicate = true> <Delay = 0.42>
ST_3 : Operation 47 [1/1] (0.00ns)   --->   "%prev_1_load = load i32 %prev_1"   --->   Operation 47 'load' 'prev_1_load' <Predicate = (!icmp_ln46)> <Delay = 0.00>
ST_3 : Operation 48 [1/1] (0.00ns)   --->   "%p_load = load i32 %empty"   --->   Operation 48 'load' 'p_load' <Predicate = (!icmp_ln46)> <Delay = 0.00>
ST_3 : Operation 49 [1/1] (0.00ns)   --->   "%write_ln0 = write void @_ssdm_op_Write.ap_auto.i32P0A, i32 %p_out, i32 %p_load"   --->   Operation 49 'write' 'write_ln0' <Predicate = (!icmp_ln46)> <Delay = 0.00>
ST_3 : Operation 50 [1/1] (0.00ns)   --->   "%write_ln0 = write void @_ssdm_op_Write.ap_auto.i32P0A, i32 %prev_1_out, i32 %prev_1_load"   --->   Operation 50 'write' 'write_ln0' <Predicate = (!icmp_ln46)> <Delay = 0.00>
ST_3 : Operation 51 [1/1] (0.42ns)   --->   "%ret_ln0 = ret"   --->   Operation 51 'ret' 'ret_ln0' <Predicate = (!icmp_ln46)> <Delay = 0.42>

State 4 <SV = 3> <Delay = 1.55>
ST_4 : Operation 41 [1/1] (0.00ns)   --->   "%p_load9 = load i32 %empty" [../HLS/src/spmv_csc.cpp:58]   --->   Operation 41 'load' 'p_load9' <Predicate = (icmp_ln53)> <Delay = 0.00>
ST_4 : Operation 42 [1/1] (0.00ns)   --->   "%p_0 = bitconcatenate i64 @_ssdm_op_BitConcatenate.i64.i32.i32, i32 %p_load9, i32 %col_nnz" [../HLS/src/spmv_csc.cpp:58]   --->   Operation 42 'bitconcatenate' 'p_0' <Predicate = (icmp_ln53)> <Delay = 0.00>
ST_4 : Operation 43 [1/1] ( I:1.55ns O:1.55ns )   --->   "%write_ln58 = write void @_ssdm_op_Write.ap_fifo.volatile.i64P0A, i64 %col_info_stream, i64 %p_0" [../HLS/src/spmv_csc.cpp:58]   --->   Operation 43 'write' 'write_ln58' <Predicate = (icmp_ln53)> <Delay = 1.55> <CoreInst = "FIFO">   --->   Core 77 'FIFO' <Latency = 0> <II = 1> <Delay = 1.55> <Storage> <Opcode : 'read' 'write' 'nbread' 'nbwrite'> <Ports = 0> <Width = 64> <Depth = 64> <FIFO>
ST_4 : Operation 44 [1/1] (0.00ns)   --->   "%br_ln59 = br void %for.inc" [../HLS/src/spmv_csc.cpp:59]   --->   Operation 44 'br' 'br_ln59' <Predicate = (icmp_ln53)> <Delay = 0.00>
ST_4 : Operation 45 [1/1] (0.42ns)   --->   "%store_ln61 = store i32 %x_element_1, i32 %empty" [../HLS/src/spmv_csc.cpp:61]   --->   Operation 45 'store' 'store_ln61' <Predicate = true> <Delay = 0.42>
ST_4 : Operation 46 [1/1] (0.00ns)   --->   "%br_ln46 = br void %for.body" [../HLS/src/spmv_csc.cpp:46]   --->   Operation 46 'br' 'br_ln46' <Predicate = true> <Delay = 0.00>


============================================================
+ Verbose Summary: Binding
============================================================
STG Binding: 
---------------- STG Properties BEGIN ----------------
- Is combinational: 0
- Is one-state seq: 0
- Is datapath-only: 0
- Is pipelined: 0
- Is top level: 0
Port [ Return ] is wired: 1; IO mode=ap_ctrl_hs:ce=0
Port [ x_element]:  wired=1; compound=0; hidden=0; nouse=0; global=0; static=0; extern=0; dir=0; type=0; pingpong=0; private_global=0; IO mode=ap_none:ce=0
Port [ prev]:  wired=1; compound=0; hidden=0; nouse=0; global=0; static=0; extern=0; dir=0; type=0; pingpong=0; private_global=0; IO mode=ap_none:ce=0
Port [ sub]:  wired=1; compound=0; hidden=0; nouse=0; global=0; static=0; extern=0; dir=0; type=0; pingpong=0; private_global=0; IO mode=ap_none:ce=0
Port [ gmem3]:  wired=1; compound=1; hidden=0; nouse=0; global=0; static=0; extern=0; dir=0; type=4; pingpong=0; private_global=0; IO mode=m_axi:ce=0
Port [ sext_ln46_1]:  wired=1; compound=0; hidden=0; nouse=0; global=0; static=0; extern=0; dir=0; type=0; pingpong=0; private_global=0; IO mode=ap_none:ce=0
Port [ gmem1]:  wired=1; compound=1; hidden=0; nouse=0; global=0; static=0; extern=0; dir=0; type=4; pingpong=0; private_global=0; IO mode=m_axi:ce=0
Port [ sext_ln46]:  wired=1; compound=0; hidden=0; nouse=0; global=0; static=0; extern=0; dir=0; type=0; pingpong=0; private_global=0; IO mode=ap_none:ce=0
Port [ col_info_stream]:  wired=1; compound=1; hidden=0; nouse=0; global=0; static=0; extern=0; dir=1; type=3; pingpong=0; private_global=0; IO mode=ap_fifo:ce=0
Port [ p_out]:  wired=1; compound=0; hidden=0; nouse=0; global=0; static=0; extern=0; dir=1; type=0; pingpong=0; private_global=0; IO mode=ap_vld:ce=0
Port [ prev_1_out]:  wired=1; compound=0; hidden=0; nouse=0; global=0; static=0; extern=0; dir=1; type=0; pingpong=0; private_global=0; IO mode=ap_vld:ce=0
---------------- STG Properties END ------------------

---------------- Datapath Model BEGIN ----------------

<LifeTime>
<method=bitvector/>
prev_1            (alloca        ) [ 01110]
empty             (alloca        ) [ 01111]
col               (alloca        ) [ 01000]
sext_ln46_read    (read          ) [ 00000]
sext_ln46_1_read  (read          ) [ 00000]
sub_read          (read          ) [ 00000]
prev_read         (read          ) [ 00000]
x_element_read    (read          ) [ 00000]
sext_ln46_cast    (sext          ) [ 01100]
sext_ln46_1_cast  (sext          ) [ 01110]
specinterface_ln0 (specinterface ) [ 00000]
specinterface_ln0 (specinterface ) [ 00000]
specinterface_ln0 (specinterface ) [ 00000]
store_ln0         (store         ) [ 00000]
store_ln0         (store         ) [ 00000]
store_ln42        (store         ) [ 00000]
br_ln0            (br            ) [ 00000]
col_load          (load          ) [ 00000]
zext_ln46         (zext          ) [ 00000]
icmp_ln46         (icmp          ) [ 01110]
add_ln46          (add           ) [ 00000]
br_ln46           (br            ) [ 00000]
store_ln46        (store         ) [ 00000]
gmem1_addr        (getelementptr ) [ 00000]
prev_2            (read          ) [ 01010]
prev_1_load_1     (load          ) [ 00000]
gmem3_addr        (getelementptr ) [ 00000]
specpipeline_ln48 (specpipeline  ) [ 00000]
specloopname_ln46 (specloopname  ) [ 00000]
col_nnz           (sub           ) [ 01001]
icmp_ln53         (icmp          ) [ 01001]
br_ln53           (br            ) [ 00000]
x_element_1       (read          ) [ 01001]
store_ln42        (store         ) [ 00000]
p_load9           (load          ) [ 00000]
p_0               (bitconcatenate) [ 00000]
write_ln58        (write         ) [ 00000]
br_ln59           (br            ) [ 00000]
store_ln61        (store         ) [ 00000]
br_ln46           (br            ) [ 00000]
prev_1_load       (load          ) [ 00000]
p_load            (load          ) [ 00000]
write_ln0         (write         ) [ 00000]
write_ln0         (write         ) [ 00000]
ret_ln0           (ret           ) [ 00000]
</LifeTime>

<model>

<comp_list>
<comp id="0" class="1000" name="x_element">
<pin_list>
<pin id="1" dir="1" index="0" bw="1" slack="0"/>
</pin_list>
<bind>
<StgValue><ssdm name="x_element"/></StgValue>
</bind>
</comp>

<comp id="2" class="1000" name="prev">
<pin_list>
<pin id="3" dir="1" index="0" bw="1" slack="0"/>
</pin_list>
<bind>
<StgValue><ssdm name="prev"/></StgValue>
</bind>
</comp>

<comp id="4" class="1000" name="sub">
<pin_list>
<pin id="5" dir="1" index="0" bw="1" slack="0"/>
</pin_list>
<bind>
<StgValue><ssdm name="sub"/></StgValue>
</bind>
</comp>

<comp id="6" class="1000" name="gmem3">
<pin_list>
<pin id="7" dir="1" index="0" bw="1" slack="0"/>
</pin_list>
<bind>
<StgValue><ssdm name="gmem3"/><MemPortTyVec>0 </MemPortTyVec>
</StgValue>
</bind>
</comp>

<comp id="8" class="1000" name="sext_ln46_1">
<pin_list>
<pin id="9" dir="1" index="0" bw="1" slack="0"/>
</pin_list>
<bind>
<StgValue><ssdm name="sext_ln46_1"/></StgValue>
</bind>
</comp>

<comp id="10" class="1000" name="gmem1">
<pin_list>
<pin id="11" dir="1" index="0" bw="1" slack="0"/>
</pin_list>
<bind>
<StgValue><ssdm name="gmem1"/><MemPortTyVec>0 </MemPortTyVec>
</StgValue>
</bind>
</comp>

<comp id="12" class="1000" name="sext_ln46">
<pin_list>
<pin id="13" dir="1" index="0" bw="1" slack="0"/>
</pin_list>
<bind>
<StgValue><ssdm name="sext_ln46"/></StgValue>
</bind>
</comp>

<comp id="14" class="1000" name="col_info_stream">
<pin_list>
<pin id="15" dir="1" index="0" bw="1" slack="0"/>
</pin_list>
<bind>
<StgValue><ssdm name="col_info_stream"/></StgValue>
</bind>
</comp>

<comp id="16" class="1000" name="p_out">
<pin_list>
<pin id="17" dir="1" index="0" bw="1" slack="0"/>
</pin_list>
<bind>
<StgValue><ssdm name="p_out"/></StgValue>
</bind>
</comp>

<comp id="18" class="1000" name="prev_1_out">
<pin_list>
<pin id="19" dir="1" index="0" bw="1" slack="0"/>
</pin_list>
<bind>
<StgValue><ssdm name="prev_1_out"/></StgValue>
</bind>
</comp>

<comp id="20" class="1001" name="const_20">
<pin_list>
<pin id="21" dir="1" index="0" bw="1" slack="0"/>
</pin_list>
<bind>
<StgValue><ssdm name=""/></StgValue>
</bind>
</comp>

<comp id="22" class="1001" name="const_22">
<pin_list>
<pin id="23" dir="1" index="0" bw="1" slack="0"/>
</pin_list>
<bind>
<StgValue><ssdm name="_ssdm_op_Read.ap_auto.i62"/></StgValue>
</bind>
</comp>

<comp id="24" class="1001" name="const_24">
<pin_list>
<pin id="25" dir="1" index="0" bw="1" slack="0"/>
</pin_list>
<bind>
<StgValue><ssdm name="_ssdm_op_Read.ap_auto.i32"/></StgValue>
</bind>
</comp>

<comp id="26" class="1001" name="const_26">
<pin_list>
<pin id="27" dir="1" index="0" bw="1" slack="2147483647"/>
</pin_list>
<bind>
<StgValue><ssdm name="_ssdm_op_SpecInterface"/></StgValue>
</bind>
</comp>

<comp id="28" class="1001" name="const_28">
<pin_list>
<pin id="29" dir="1" index="0" bw="1" slack="2147483647"/>
</pin_list>
<bind>
<StgValue><ssdm name="empty_24"/></StgValue>
</bind>
</comp>

<comp id="30" class="1001" name="const_30">
<pin_list>
<pin id="31" dir="1" index="0" bw="1" slack="0"/>
</pin_list>
<bind>
<StgValue><ssdm name=""/></StgValue>
</bind>
</comp>

<comp id="32" class="1001" name="const_32">
<pin_list>
<pin id="33" dir="1" index="0" bw="1" slack="2147483647"/>
</pin_list>
<bind>
<StgValue><ssdm name="empty_25"/></StgValue>
</bind>
</comp>

<comp id="34" class="1001" name="const_34">
<pin_list>
<pin id="35" dir="1" index="0" bw="1" slack="2147483647"/>
</pin_list>
<bind>
<StgValue><ssdm name=""/></StgValue>
</bind>
</comp>

<comp id="36" class="1001" name="const_36">
<pin_list>
<pin id="37" dir="1" index="0" bw="1" slack="2147483647"/>
</pin_list>
<bind>
<StgValue><ssdm name="empty_10"/></StgValue>
</bind>
</comp>

<comp id="38" class="1001" name="const_38">
<pin_list>
<pin id="39" dir="1" index="0" bw="1" slack="2147483647"/>
</pin_list>
<bind>
<StgValue><ssdm name="empty_0"/></StgValue>
</bind>
</comp>

<comp id="40" class="1001" name="const_40">
<pin_list>
<pin id="41" dir="1" index="0" bw="1" slack="2147483647"/>
</pin_list>
<bind>
<StgValue><ssdm name=""/></StgValue>
</bind>
</comp>

<comp id="42" class="1001" name="const_42">
<pin_list>
<pin id="43" dir="1" index="0" bw="1" slack="2147483647"/>
</pin_list>
<bind>
<StgValue><ssdm name=""/></StgValue>
</bind>
</comp>

<comp id="44" class="1001" name="const_44">
<pin_list>
<pin id="45" dir="1" index="0" bw="1" slack="2147483647"/>
</pin_list>
<bind>
<StgValue><ssdm name=""/></StgValue>
</bind>
</comp>

<comp id="46" class="1001" name="const_46">
<pin_list>
<pin id="47" dir="1" index="0" bw="1" slack="2147483647"/>
</pin_list>
<bind>
<StgValue><ssdm name="empty_26"/></StgValue>
</bind>
</comp>

<comp id="48" class="1001" name="const_48">
<pin_list>
<pin id="49" dir="1" index="0" bw="1" slack="2147483647"/>
</pin_list>
<bind>
<StgValue><ssdm name="empty_16"/></StgValue>
</bind>
</comp>

<comp id="50" class="1001" name="const_50">
<pin_list>
<pin id="51" dir="1" index="0" bw="1" slack="0"/>
</pin_list>
<bind>
<StgValue><ssdm name=""/></StgValue>
</bind>
</comp>

<comp id="52" class="1001" name="const_52">
<pin_list>
<pin id="53" dir="1" index="0" bw="1" slack="0"/>
</pin_list>
<bind>
<StgValue><ssdm name=""/></StgValue>
</bind>
</comp>

<comp id="54" class="1001" name="const_54">
<pin_list>
<pin id="55" dir="1" index="0" bw="1" slack="0"/>
</pin_list>
<bind>
<StgValue><ssdm name="_ssdm_op_Read.m_axi.p1i32"/></StgValue>
</bind>
</comp>

<comp id="56" class="1001" name="const_56">
<pin_list>
<pin id="57" dir="1" index="0" bw="1" slack="2147483647"/>
</pin_list>
<bind>
<StgValue><ssdm name="_ssdm_op_SpecPipeline"/></StgValue>
</bind>
</comp>

<comp id="58" class="1001" name="const_58">
<pin_list>
<pin id="59" dir="1" index="0" bw="1" slack="2147483647"/>
</pin_list>
<bind>
<StgValue><ssdm name="_ssdm_op_SpecLoopName"/></StgValue>
</bind>
</comp>

<comp id="60" class="1001" name="const_60">
<pin_list>
<pin id="61" dir="1" index="0" bw="1" slack="2147483647"/>
</pin_list>
<bind>
<StgValue><ssdm name="empty_6"/></StgValue>
</bind>
</comp>

<comp id="62" class="1001" name="const_62">
<pin_list>
<pin id="63" dir="1" index="0" bw="1" slack="0"/>
</pin_list>
<bind>
<StgValue><ssdm name="_ssdm_op_BitConcatenate.i64.i32.i32"/></StgValue>
</bind>
</comp>

<comp id="64" class="1001" name="const_64">
<pin_list>
<pin id="65" dir="1" index="0" bw="1" slack="0"/>
</pin_list>
<bind>
<StgValue><ssdm name="_ssdm_op_Write.ap_fifo.volatile.i64P0A"/></StgValue>
</bind>
</comp>

<comp id="66" class="1001" name="const_66">
<pin_list>
<pin id="67" dir="1" index="0" bw="1" slack="0"/>
</pin_list>
<bind>
<StgValue><ssdm name="_ssdm_op_Write.ap_auto.i32P0A"/></StgValue>
</bind>
</comp>

<comp id="68" class="1004" name="prev_1_fu_68">
<pin_list>
<pin id="69" dir="0" index="0" bw="1" slack="0"/>
<pin id="70" dir="1" index="1" bw="32" slack="0"/>
</pin_list>
<bind>
<opcode="alloca(26) " fcode="alloca"/>
<opset="prev_1/1 "/>
</bind>
</comp>

<comp id="72" class="1004" name="empty_fu_72">
<pin_list>
<pin id="73" dir="0" index="0" bw="1" slack="0"/>
<pin id="74" dir="1" index="1" bw="32" slack="0"/>
</pin_list>
<bind>
<opcode="alloca(26) " fcode="alloca"/>
<opset="empty/1 "/>
</bind>
</comp>

<comp id="76" class="1004" name="col_fu_76">
<pin_list>
<pin id="77" dir="0" index="0" bw="1" slack="0"/>
<pin id="78" dir="1" index="1" bw="31" slack="0"/>
</pin_list>
<bind>
<opcode="alloca(26) " fcode="alloca"/>
<opset="col/1 "/>
</bind>
</comp>

<comp id="80" class="1004" name="sext_ln46_read_read_fu_80">
<pin_list>
<pin id="81" dir="0" index="0" bw="62" slack="0"/>
<pin id="82" dir="0" index="1" bw="62" slack="0"/>
<pin id="83" dir="1" index="2" bw="62" slack="0"/>
</pin_list>
<bind>
<opcode="read(1150) " fcode="read"/>
<opset="sext_ln46_read/1 "/>
</bind>
</comp>

<comp id="86" class="1004" name="sext_ln46_1_read_read_fu_86">
<pin_list>
<pin id="87" dir="0" index="0" bw="62" slack="0"/>
<pin id="88" dir="0" index="1" bw="62" slack="0"/>
<pin id="89" dir="1" index="2" bw="62" slack="0"/>
</pin_list>
<bind>
<opcode="read(1150) " fcode="read"/>
<opset="sext_ln46_1_read/1 "/>
</bind>
</comp>

<comp id="92" class="1004" name="sub_read_read_fu_92">
<pin_list>
<pin id="93" dir="0" index="0" bw="32" slack="0"/>
<pin id="94" dir="0" index="1" bw="32" slack="0"/>
<pin id="95" dir="1" index="2" bw="32" slack="0"/>
</pin_list>
<bind>
<opcode="read(1150) " fcode="read"/>
<opset="sub_read/1 "/>
</bind>
</comp>

<comp id="98" class="1004" name="prev_read_read_fu_98">
<pin_list>
<pin id="99" dir="0" index="0" bw="32" slack="0"/>
<pin id="100" dir="0" index="1" bw="32" slack="0"/>
<pin id="101" dir="1" index="2" bw="32" slack="0"/>
</pin_list>
<bind>
<opcode="read(1150) " fcode="read"/>
<opset="prev_read/1 "/>
</bind>
</comp>

<comp id="104" class="1004" name="x_element_read_read_fu_104">
<pin_list>
<pin id="105" dir="0" index="0" bw="32" slack="0"/>
<pin id="106" dir="0" index="1" bw="32" slack="0"/>
<pin id="107" dir="1" index="2" bw="32" slack="0"/>
</pin_list>
<bind>
<opcode="read(1150) " fcode="read"/>
<opset="x_element_read/1 "/>
</bind>
</comp>

<comp id="110" class="1004" name="prev_2_read_fu_110">
<pin_list>
<pin id="111" dir="0" index="0" bw="32" slack="0"/>
<pin id="112" dir="0" index="1" bw="32" slack="0"/>
<pin id="113" dir="1" index="2" bw="32" slack="1"/>
</pin_list>
<bind>
<opcode="read(1150) " fcode="read"/>
<opset="prev_2/2 "/>
</bind>
</comp>

<comp id="115" class="1004" name="x_element_1_read_fu_115">
<pin_list>
<pin id="116" dir="0" index="0" bw="32" slack="0"/>
<pin id="117" dir="0" index="1" bw="32" slack="0"/>
<pin id="118" dir="1" index="2" bw="32" slack="1"/>
</pin_list>
<bind>
<opcode="read(1150) " fcode="read"/>
<opset="x_element_1/3 "/>
</bind>
</comp>

<comp id="120" class="1004" name="write_ln58_write_fu_120">
<pin_list>
<pin id="121" dir="0" index="0" bw="0" slack="0"/>
<pin id="122" dir="0" index="1" bw="64" slack="0"/>
<pin id="123" dir="0" index="2" bw="64" slack="0"/>
<pin id="124" dir="1" index="3" bw="0" slack="2147483647"/>
</pin_list>
<bind>
<opcode="write(1151) " fcode="write"/>
<opset="write_ln58/4 "/>
</bind>
</comp>

<comp id="127" class="1004" name="write_ln0_write_fu_127">
<pin_list>
<pin id="128" dir="0" index="0" bw="0" slack="0"/>
<pin id="129" dir="0" index="1" bw="32" slack="0"/>
<pin id="130" dir="0" index="2" bw="32" slack="0"/>
<pin id="131" dir="1" index="3" bw="0" slack="2147483647"/>
</pin_list>
<bind>
<opcode="write(1151) " fcode="write"/>
<opset="write_ln0/3 "/>
</bind>
</comp>

<comp id="134" class="1004" name="write_ln0_write_fu_134">
<pin_list>
<pin id="135" dir="0" index="0" bw="0" slack="0"/>
<pin id="136" dir="0" index="1" bw="32" slack="0"/>
<pin id="137" dir="0" index="2" bw="32" slack="0"/>
<pin id="138" dir="1" index="3" bw="0" slack="2147483647"/>
</pin_list>
<bind>
<opcode="write(1151) " fcode="write"/>
<opset="write_ln0/3 "/>
</bind>
</comp>

<comp id="141" class="1004" name="sext_ln46_cast_fu_141">
<pin_list>
<pin id="142" dir="0" index="0" bw="62" slack="0"/>
<pin id="143" dir="1" index="1" bw="64" slack="1"/>
</pin_list>
<bind>
<opcode="sext(35) " fcode="sext"/>
<opset="sext_ln46_cast/1 "/>
</bind>
</comp>

<comp id="145" class="1004" name="sext_ln46_1_cast_fu_145">
<pin_list>
<pin id="146" dir="0" index="0" bw="62" slack="0"/>
<pin id="147" dir="1" index="1" bw="64" slack="2"/>
</pin_list>
<bind>
<opcode="sext(35) " fcode="sext"/>
<opset="sext_ln46_1_cast/1 "/>
</bind>
</comp>

<comp id="149" class="1004" name="store_ln0_store_fu_149">
<pin_list>
<pin id="150" dir="0" index="0" bw="1" slack="0"/>
<pin id="151" dir="0" index="1" bw="31" slack="0"/>
<pin id="152" dir="1" index="2" bw="0" slack="2147483647"/>
</pin_list>
<bind>
<opcode="store(28) " fcode="store"/>
<opset="store_ln0/1 "/>
</bind>
</comp>

<comp id="154" class="1004" name="store_ln0_store_fu_154">
<pin_list>
<pin id="155" dir="0" index="0" bw="32" slack="0"/>
<pin id="156" dir="0" index="1" bw="32" slack="0"/>
<pin id="157" dir="1" index="2" bw="0" slack="2147483647"/>
</pin_list>
<bind>
<opcode="store(28) " fcode="store"/>
<opset="store_ln0/1 "/>
</bind>
</comp>

<comp id="159" class="1004" name="store_ln42_store_fu_159">
<pin_list>
<pin id="160" dir="0" index="0" bw="32" slack="0"/>
<pin id="161" dir="0" index="1" bw="32" slack="0"/>
<pin id="162" dir="1" index="2" bw="0" slack="2147483647"/>
</pin_list>
<bind>
<opcode="store(28) " fcode="store"/>
<opset="store_ln42/1 "/>
</bind>
</comp>

<comp id="164" class="1004" name="col_load_load_fu_164">
<pin_list>
<pin id="165" dir="0" index="0" bw="31" slack="0"/>
<pin id="166" dir="1" index="1" bw="31" slack="0"/>
</pin_list>
<bind>
<opcode="load(27) " fcode="load"/>
<opset="col_load/1 "/>
</bind>
</comp>

<comp id="167" class="1004" name="zext_ln46_fu_167">
<pin_list>
<pin id="168" dir="0" index="0" bw="31" slack="0"/>
<pin id="169" dir="1" index="1" bw="32" slack="0"/>
</pin_list>
<bind>
<opcode="zext(34) " fcode="zext"/>
<opset="zext_ln46/1 "/>
</bind>
</comp>

<comp id="171" class="1004" name="icmp_ln46_fu_171">
<pin_list>
<pin id="172" dir="0" index="0" bw="32" slack="0"/>
<pin id="173" dir="0" index="1" bw="32" slack="0"/>
<pin id="174" dir="1" index="2" bw="1" slack="2"/>
</pin_list>
<bind>
<opcode="icmp(45) " fcode="icmp"/>
<opset="icmp_ln46/1 "/>
</bind>
</comp>

<comp id="177" class="1004" name="add_ln46_fu_177">
<pin_list>
<pin id="178" dir="0" index="0" bw="31" slack="0"/>
<pin id="179" dir="0" index="1" bw="1" slack="0"/>
<pin id="180" dir="1" index="2" bw="31" slack="0"/>
</pin_list>
<bind>
<opcode="add(8) " fcode="add"/>
<opset="add_ln46/1 "/>
</bind>
</comp>

<comp id="183" class="1004" name="store_ln46_store_fu_183">
<pin_list>
<pin id="184" dir="0" index="0" bw="31" slack="0"/>
<pin id="185" dir="0" index="1" bw="31" slack="0"/>
<pin id="186" dir="1" index="2" bw="0" slack="2147483647"/>
</pin_list>
<bind>
<opcode="store(28) " fcode="store"/>
<opset="store_ln46/1 "/>
</bind>
</comp>

<comp id="188" class="1004" name="gmem1_addr_fu_188">
<pin_list>
<pin id="189" dir="0" index="0" bw="64" slack="0"/>
<pin id="190" dir="0" index="1" bw="64" slack="1"/>
<pin id="191" dir="1" index="2" bw="64" slack="0"/>
</pin_list>
<bind>
<opcode="getelementptr(29) " fcode="getelementptr"/>
<opset="gmem1_addr/2 "/>
</bind>
</comp>

<comp id="194" class="1004" name="prev_1_load_1_load_fu_194">
<pin_list>
<pin id="195" dir="0" index="0" bw="32" slack="2"/>
<pin id="196" dir="1" index="1" bw="32" slack="0"/>
</pin_list>
<bind>
<opcode="load(27) " fcode="load"/>
<opset="prev_1_load_1/3 "/>
</bind>
</comp>

<comp id="197" class="1004" name="gmem3_addr_fu_197">
<pin_list>
<pin id="198" dir="0" index="0" bw="64" slack="0"/>
<pin id="199" dir="0" index="1" bw="64" slack="2"/>
<pin id="200" dir="1" index="2" bw="64" slack="0"/>
</pin_list>
<bind>
<opcode="getelementptr(29) " fcode="getelementptr"/>
<opset="gmem3_addr/3 "/>
</bind>
</comp>

<comp id="203" class="1004" name="col_nnz_fu_203">
<pin_list>
<pin id="204" dir="0" index="0" bw="32" slack="1"/>
<pin id="205" dir="0" index="1" bw="32" slack="0"/>
<pin id="206" dir="1" index="2" bw="32" slack="0"/>
</pin_list>
<bind>
<opcode="sub(10) " fcode="sub"/>
<opset="col_nnz/3 "/>
</bind>
</comp>

<comp id="208" class="1004" name="icmp_ln53_fu_208">
<pin_list>
<pin id="209" dir="0" index="0" bw="32" slack="0"/>
<pin id="210" dir="0" index="1" bw="32" slack="0"/>
<pin id="211" dir="1" index="2" bw="1" slack="1"/>
</pin_list>
<bind>
<opcode="icmp(45) " fcode="icmp"/>
<opset="icmp_ln53/3 "/>
</bind>
</comp>

<comp id="214" class="1004" name="store_ln42_store_fu_214">
<pin_list>
<pin id="215" dir="0" index="0" bw="32" slack="1"/>
<pin id="216" dir="0" index="1" bw="32" slack="2"/>
<pin id="217" dir="1" index="2" bw="0" slack="2147483647"/>
</pin_list>
<bind>
<opcode="store(28) " fcode="store"/>
<opset="store_ln42/3 "/>
</bind>
</comp>

<comp id="218" class="1004" name="p_load9_load_fu_218">
<pin_list>
<pin id="219" dir="0" index="0" bw="32" slack="3"/>
<pin id="220" dir="1" index="1" bw="32" slack="0"/>
</pin_list>
<bind>
<opcode="load(27) " fcode="load"/>
<opset="p_load9/4 "/>
</bind>
</comp>

<comp id="221" class="1004" name="p_0_fu_221">
<pin_list>
<pin id="222" dir="0" index="0" bw="64" slack="0"/>
<pin id="223" dir="0" index="1" bw="32" slack="0"/>
<pin id="224" dir="0" index="2" bw="32" slack="1"/>
<pin id="225" dir="1" index="3" bw="64" slack="0"/>
</pin_list>
<bind>
<opcode="bitconcatenate(1004) " fcode="bitconcatenate"/>
<opset="p_0/4 "/>
</bind>
</comp>

<comp id="229" class="1004" name="store_ln61_store_fu_229">
<pin_list>
<pin id="230" dir="0" index="0" bw="32" slack="1"/>
<pin id="231" dir="0" index="1" bw="32" slack="3"/>
<pin id="232" dir="1" index="2" bw="0" slack="2147483647"/>
</pin_list>
<bind>
<opcode="store(28) " fcode="store"/>
<opset="store_ln61/4 "/>
</bind>
</comp>

<comp id="233" class="1004" name="prev_1_load_load_fu_233">
<pin_list>
<pin id="234" dir="0" index="0" bw="32" slack="2"/>
<pin id="235" dir="1" index="1" bw="32" slack="0"/>
</pin_list>
<bind>
<opcode="load(27) " fcode="load"/>
<opset="prev_1_load/3 "/>
</bind>
</comp>

<comp id="237" class="1004" name="p_load_load_fu_237">
<pin_list>
<pin id="238" dir="0" index="0" bw="32" slack="2"/>
<pin id="239" dir="1" index="1" bw="32" slack="0"/>
</pin_list>
<bind>
<opcode="load(27) " fcode="load"/>
<opset="p_load/3 "/>
</bind>
</comp>

<comp id="241" class="1005" name="prev_1_reg_241">
<pin_list>
<pin id="242" dir="0" index="0" bw="32" slack="0"/>
<pin id="243" dir="1" index="1" bw="32" slack="0"/>
</pin_list>
<bind>
<opset="prev_1 "/>
</bind>
</comp>

<comp id="249" class="1005" name="empty_reg_249">
<pin_list>
<pin id="250" dir="0" index="0" bw="32" slack="0"/>
<pin id="251" dir="1" index="1" bw="32" slack="0"/>
</pin_list>
<bind>
<opset="empty "/>
</bind>
</comp>

<comp id="257" class="1005" name="col_reg_257">
<pin_list>
<pin id="258" dir="0" index="0" bw="31" slack="0"/>
<pin id="259" dir="1" index="1" bw="31" slack="0"/>
</pin_list>
<bind>
<opset="col "/>
</bind>
</comp>

<comp id="264" class="1005" name="sext_ln46_cast_reg_264">
<pin_list>
<pin id="265" dir="0" index="0" bw="64" slack="1"/>
<pin id="266" dir="1" index="1" bw="64" slack="1"/>
</pin_list>
<bind>
<opset="sext_ln46_cast "/>
</bind>
</comp>

<comp id="269" class="1005" name="sext_ln46_1_cast_reg_269">
<pin_list>
<pin id="270" dir="0" index="0" bw="64" slack="2"/>
<pin id="271" dir="1" index="1" bw="64" slack="2"/>
</pin_list>
<bind>
<opset="sext_ln46_1_cast "/>
</bind>
</comp>

<comp id="274" class="1005" name="icmp_ln46_reg_274">
<pin_list>
<pin id="275" dir="0" index="0" bw="1" slack="2"/>
<pin id="276" dir="1" index="1" bw="1" slack="2147483647"/>
</pin_list>
<bind>
<opset="icmp_ln46 "/>
</bind>
</comp>

<comp id="278" class="1005" name="prev_2_reg_278">
<pin_list>
<pin id="279" dir="0" index="0" bw="32" slack="1"/>
<pin id="280" dir="1" index="1" bw="32" slack="1"/>
</pin_list>
<bind>
<opset="prev_2 "/>
</bind>
</comp>

<comp id="284" class="1005" name="col_nnz_reg_284">
<pin_list>
<pin id="285" dir="0" index="0" bw="32" slack="1"/>
<pin id="286" dir="1" index="1" bw="32" slack="1"/>
</pin_list>
<bind>
<opset="col_nnz "/>
</bind>
</comp>

<comp id="289" class="1005" name="icmp_ln53_reg_289">
<pin_list>
<pin id="290" dir="0" index="0" bw="1" slack="1"/>
<pin id="291" dir="1" index="1" bw="1" slack="2147483647"/>
</pin_list>
<bind>
<opset="icmp_ln53 "/>
</bind>
</comp>

<comp id="293" class="1005" name="x_element_1_reg_293">
<pin_list>
<pin id="294" dir="0" index="0" bw="32" slack="1"/>
<pin id="295" dir="1" index="1" bw="32" slack="1"/>
</pin_list>
<bind>
<opset="x_element_1 "/>
</bind>
</comp>

</comp_list>

<net_list>
<net id="71"><net_src comp="20" pin="0"/><net_sink comp="68" pin=0"/></net>

<net id="75"><net_src comp="20" pin="0"/><net_sink comp="72" pin=0"/></net>

<net id="79"><net_src comp="20" pin="0"/><net_sink comp="76" pin=0"/></net>

<net id="84"><net_src comp="22" pin="0"/><net_sink comp="80" pin=0"/></net>

<net id="85"><net_src comp="12" pin="0"/><net_sink comp="80" pin=1"/></net>

<net id="90"><net_src comp="22" pin="0"/><net_sink comp="86" pin=0"/></net>

<net id="91"><net_src comp="8" pin="0"/><net_sink comp="86" pin=1"/></net>

<net id="96"><net_src comp="24" pin="0"/><net_sink comp="92" pin=0"/></net>

<net id="97"><net_src comp="4" pin="0"/><net_sink comp="92" pin=1"/></net>

<net id="102"><net_src comp="24" pin="0"/><net_sink comp="98" pin=0"/></net>

<net id="103"><net_src comp="2" pin="0"/><net_sink comp="98" pin=1"/></net>

<net id="108"><net_src comp="24" pin="0"/><net_sink comp="104" pin=0"/></net>

<net id="109"><net_src comp="0" pin="0"/><net_sink comp="104" pin=1"/></net>

<net id="114"><net_src comp="54" pin="0"/><net_sink comp="110" pin=0"/></net>

<net id="119"><net_src comp="54" pin="0"/><net_sink comp="115" pin=0"/></net>

<net id="125"><net_src comp="64" pin="0"/><net_sink comp="120" pin=0"/></net>

<net id="126"><net_src comp="14" pin="0"/><net_sink comp="120" pin=1"/></net>

<net id="132"><net_src comp="66" pin="0"/><net_sink comp="127" pin=0"/></net>

<net id="133"><net_src comp="16" pin="0"/><net_sink comp="127" pin=1"/></net>

<net id="139"><net_src comp="66" pin="0"/><net_sink comp="134" pin=0"/></net>

<net id="140"><net_src comp="18" pin="0"/><net_sink comp="134" pin=1"/></net>

<net id="144"><net_src comp="80" pin="2"/><net_sink comp="141" pin=0"/></net>

<net id="148"><net_src comp="86" pin="2"/><net_sink comp="145" pin=0"/></net>

<net id="153"><net_src comp="50" pin="0"/><net_sink comp="149" pin=0"/></net>

<net id="158"><net_src comp="104" pin="2"/><net_sink comp="154" pin=0"/></net>

<net id="163"><net_src comp="98" pin="2"/><net_sink comp="159" pin=0"/></net>

<net id="170"><net_src comp="164" pin="1"/><net_sink comp="167" pin=0"/></net>

<net id="175"><net_src comp="167" pin="1"/><net_sink comp="171" pin=0"/></net>

<net id="176"><net_src comp="92" pin="2"/><net_sink comp="171" pin=1"/></net>

<net id="181"><net_src comp="164" pin="1"/><net_sink comp="177" pin=0"/></net>

<net id="182"><net_src comp="52" pin="0"/><net_sink comp="177" pin=1"/></net>

<net id="187"><net_src comp="177" pin="2"/><net_sink comp="183" pin=0"/></net>

<net id="192"><net_src comp="10" pin="0"/><net_sink comp="188" pin=0"/></net>

<net id="193"><net_src comp="188" pin="2"/><net_sink comp="110" pin=1"/></net>

<net id="201"><net_src comp="6" pin="0"/><net_sink comp="197" pin=0"/></net>

<net id="202"><net_src comp="197" pin="2"/><net_sink comp="115" pin=1"/></net>

<net id="207"><net_src comp="194" pin="1"/><net_sink comp="203" pin=1"/></net>

<net id="212"><net_src comp="203" pin="2"/><net_sink comp="208" pin=0"/></net>

<net id="213"><net_src comp="30" pin="0"/><net_sink comp="208" pin=1"/></net>

<net id="226"><net_src comp="62" pin="0"/><net_sink comp="221" pin=0"/></net>

<net id="227"><net_src comp="218" pin="1"/><net_sink comp="221" pin=1"/></net>

<net id="228"><net_src comp="221" pin="3"/><net_sink comp="120" pin=2"/></net>

<net id="236"><net_src comp="233" pin="1"/><net_sink comp="134" pin=2"/></net>

<net id="240"><net_src comp="237" pin="1"/><net_sink comp="127" pin=2"/></net>

<net id="244"><net_src comp="68" pin="1"/><net_sink comp="241" pin=0"/></net>

<net id="245"><net_src comp="241" pin="1"/><net_sink comp="159" pin=1"/></net>

<net id="246"><net_src comp="241" pin="1"/><net_sink comp="194" pin=0"/></net>

<net id="247"><net_src comp="241" pin="1"/><net_sink comp="214" pin=1"/></net>

<net id="248"><net_src comp="241" pin="1"/><net_sink comp="233" pin=0"/></net>

<net id="252"><net_src comp="72" pin="1"/><net_sink comp="249" pin=0"/></net>

<net id="253"><net_src comp="249" pin="1"/><net_sink comp="154" pin=1"/></net>

<net id="254"><net_src comp="249" pin="1"/><net_sink comp="218" pin=0"/></net>

<net id="255"><net_src comp="249" pin="1"/><net_sink comp="229" pin=1"/></net>

<net id="256"><net_src comp="249" pin="1"/><net_sink comp="237" pin=0"/></net>

<net id="260"><net_src comp="76" pin="1"/><net_sink comp="257" pin=0"/></net>

<net id="261"><net_src comp="257" pin="1"/><net_sink comp="149" pin=1"/></net>

<net id="262"><net_src comp="257" pin="1"/><net_sink comp="164" pin=0"/></net>

<net id="263"><net_src comp="257" pin="1"/><net_sink comp="183" pin=1"/></net>

<net id="267"><net_src comp="141" pin="1"/><net_sink comp="264" pin=0"/></net>

<net id="268"><net_src comp="264" pin="1"/><net_sink comp="188" pin=1"/></net>

<net id="272"><net_src comp="145" pin="1"/><net_sink comp="269" pin=0"/></net>

<net id="273"><net_src comp="269" pin="1"/><net_sink comp="197" pin=1"/></net>

<net id="277"><net_src comp="171" pin="2"/><net_sink comp="274" pin=0"/></net>

<net id="281"><net_src comp="110" pin="2"/><net_sink comp="278" pin=0"/></net>

<net id="282"><net_src comp="278" pin="1"/><net_sink comp="203" pin=0"/></net>

<net id="283"><net_src comp="278" pin="1"/><net_sink comp="214" pin=0"/></net>

<net id="287"><net_src comp="203" pin="2"/><net_sink comp="284" pin=0"/></net>

<net id="288"><net_src comp="284" pin="1"/><net_sink comp="221" pin=2"/></net>

<net id="292"><net_src comp="208" pin="2"/><net_sink comp="289" pin=0"/></net>

<net id="296"><net_src comp="115" pin="2"/><net_sink comp="293" pin=0"/></net>

<net id="297"><net_src comp="293" pin="1"/><net_sink comp="229" pin=0"/></net>

</net_list>

</model> 
---------------- Datapath Model END ------------------

* FSMD analyzer results:
  - Output states:
	Port: gmem3 | {}
	Port: gmem1 | {}
	Port: col_info_stream | {4 }
	Port: p_out | {3 }
	Port: prev_1_out | {3 }
 - Input state : 
	Port: read_col_info_Pipeline_VITIS_LOOP_46_1 : x_element | {1 }
	Port: read_col_info_Pipeline_VITIS_LOOP_46_1 : prev | {1 }
	Port: read_col_info_Pipeline_VITIS_LOOP_46_1 : sub | {1 }
	Port: read_col_info_Pipeline_VITIS_LOOP_46_1 : gmem3 | {3 }
	Port: read_col_info_Pipeline_VITIS_LOOP_46_1 : sext_ln46_1 | {1 }
	Port: read_col_info_Pipeline_VITIS_LOOP_46_1 : gmem1 | {2 }
	Port: read_col_info_Pipeline_VITIS_LOOP_46_1 : sext_ln46 | {1 }
	Port: read_col_info_Pipeline_VITIS_LOOP_46_1 : col_info_stream | {}
  - Chain level:
	State 1
		store_ln0 : 1
		col_load : 1
		zext_ln46 : 2
		icmp_ln46 : 3
		add_ln46 : 2
		br_ln46 : 4
		store_ln46 : 3
	State 2
		prev_2 : 1
	State 3
		col_nnz : 1
		icmp_ln53 : 2
		br_ln53 : 3
		x_element_1 : 1
		write_ln0 : 1
		write_ln0 : 1
	State 4
		p_0 : 1
		write_ln58 : 2


============================================================
+ Verbose Summary: Datapath Resource usage 
============================================================

* Functional unit list:
|----------|-----------------------------|---------|---------|
| Operation|       Functional Unit       |    FF   |   LUT   |
|----------|-----------------------------|---------|---------|
|   icmp   |       icmp_ln46_fu_171      |    0    |    39   |
|          |       icmp_ln53_fu_208      |    0    |    39   |
|----------|-----------------------------|---------|---------|
|    sub   |        col_nnz_fu_203       |    0    |    39   |
|----------|-----------------------------|---------|---------|
|    add   |       add_ln46_fu_177       |    0    |    38   |
|----------|-----------------------------|---------|---------|
|          |  sext_ln46_read_read_fu_80  |    0    |    0    |
|          | sext_ln46_1_read_read_fu_86 |    0    |    0    |
|          |     sub_read_read_fu_92     |    0    |    0    |
|   read   |     prev_read_read_fu_98    |    0    |    0    |
|          |  x_element_read_read_fu_104 |    0    |    0    |
|          |      prev_2_read_fu_110     |    0    |    0    |
|          |   x_element_1_read_fu_115   |    0    |    0    |
|----------|-----------------------------|---------|---------|
|          |   write_ln58_write_fu_120   |    0    |    0    |
|   write  |    write_ln0_write_fu_127   |    0    |    0    |
|          |    write_ln0_write_fu_134   |    0    |    0    |
|----------|-----------------------------|---------|---------|
|   sext   |    sext_ln46_cast_fu_141    |    0    |    0    |
|          |   sext_ln46_1_cast_fu_145   |    0    |    0    |
|----------|-----------------------------|---------|---------|
|   zext   |       zext_ln46_fu_167      |    0    |    0    |
|----------|-----------------------------|---------|---------|
|bitconcatenate|          p_0_fu_221         |    0    |    0    |
|----------|-----------------------------|---------|---------|
|   Total  |                             |    0    |   155   |
|----------|-----------------------------|---------|---------|

Memories:
N/A

* Register list:
+------------------------+--------+
|                        |   FF   |
+------------------------+--------+
|     col_nnz_reg_284    |   32   |
|       col_reg_257      |   31   |
|      empty_reg_249     |   32   |
|    icmp_ln46_reg_274   |    1   |
|    icmp_ln53_reg_289   |    1   |
|     prev_1_reg_241     |   32   |
|     prev_2_reg_278     |   32   |
|sext_ln46_1_cast_reg_269|   64   |
| sext_ln46_cast_reg_264 |   64   |
|   x_element_1_reg_293  |   32   |
+------------------------+--------+
|          Total         |   321  |
+------------------------+--------+

* Multiplexer (MUX) list: 
|--------|------|------|------|--------|
|  Comp  |  Pin | Size |  BW  | S x BW |
|--------|------|------|------|--------|
|  Total |      |      |      |    0   |
|--------|------|------|------|--------|



* Summary:
+-----------+--------+--------+
|           |   FF   |   LUT  |
+-----------+--------+--------+
|  Function |    0   |   155  |
|   Memory  |    -   |    -   |
|Multiplexer|    -   |    -   |
|  Register |   321  |    -   |
+-----------+--------+--------+
|   Total   |   321  |   155  |
+-----------+--------+--------+
