

================================================================
== Vitis HLS Report for 'read_col_info'
================================================================
* Date:           Thu Apr 23 17:42:05 2026

* Version:        2024.2 (Build 5238294 on Nov  8 2024)
* Project:        spmv_csc
* Solution:       hls (Vivado IP Flow Target)
* Product family: zynquplus
* Target device:  xczu7ev-ffvc1156-2-e


================================================================
== Performance Estimates
================================================================
+ Timing: 
    * Summary: 
    +--------+---------+----------+------------+
    |  Clock |  Target | Estimated| Uncertainty|
    +--------+---------+----------+------------+
    |ap_clk  |  5.00 ns|  4.000 ns|     1.00 ns|
    +--------+---------+----------+------------+

+ Latency: 
    * Summary: 
    +---------+---------+----------+----------+-----+-----+---------+
    |  Latency (cycles) |  Latency (absolute) |  Interval | Pipeline|
    |   min   |   max   |    min   |    max   | min | max |   Type  |
    +---------+---------+----------+----------+-----+-----+---------+
    |        ?|        ?|         ?|         ?|    ?|    ?|       no|
    +---------+---------+----------+----------+-----+-----+---------+

    + Detail: 
        * Instance: 
        +---------------------------------------------------+----------------------------------------+---------+---------+----------+----------+-----+-----+------------------------------------------------+
        |                                                   |                                        |  Latency (cycles) |  Latency (absolute) |  Interval |                    Pipeline                    |
        |                      Instance                     |                 Module                 |   min   |   max   |    min   |    max   | min | max |                      Type                      |
        +---------------------------------------------------+----------------------------------------+---------+---------+----------+----------+-----+-----+------------------------------------------------+
        |grp_read_col_info_Pipeline_VITIS_LOOP_46_1_fu_149  |read_col_info_Pipeline_VITIS_LOOP_46_1  |        ?|        ?|         ?|         ?|    0|    0|  loop auto-rewind stp (delay=0 clock cycles(s))|
        +---------------------------------------------------+----------------------------------------+---------+---------+----------+----------+-----+-----+------------------------------------------------+

        * Loop: 
        N/A



================================================================
== Utilization Estimates
================================================================
* Summary: 
+-----------------+---------+------+--------+--------+-----+
|       Name      | BRAM_18K|  DSP |   FF   |   LUT  | URAM|
+-----------------+---------+------+--------+--------+-----+
|DSP              |        -|     -|       -|       -|    -|
|Expression       |        -|     -|       0|     408|    -|
|FIFO             |        -|     -|       -|       -|    -|
|Instance         |        -|     -|     201|     242|    -|
|Memory           |        -|     -|       -|       -|    -|
|Multiplexer      |        -|     -|       0|     501|    -|
|Register         |        -|     -|     371|       -|    -|
+-----------------+---------+------+--------+--------+-----+
|Total            |        0|     0|     572|    1151|    0|
+-----------------+---------+------+--------+--------+-----+
|Available        |      624|  1728|  460800|  230400|   96|
+-----------------+---------+------+--------+--------+-----+
|Utilization (%)  |        0|     0|      ~0|      ~0|    0|
+-----------------+---------+------+--------+--------+-----+

+ Detail: 
    * Instance: 
    +---------------------------------------------------+----------------------------------------+---------+----+-----+-----+-----+
    |                      Instance                     |                 Module                 | BRAM_18K| DSP|  FF | LUT | URAM|
    +---------------------------------------------------+----------------------------------------+---------+----+-----+-----+-----+
    |grp_read_col_info_Pipeline_VITIS_LOOP_46_1_fu_149  |read_col_info_Pipeline_VITIS_LOOP_46_1  |        0|   0|  201|  242|    0|
    +---------------------------------------------------+----------------------------------------+---------+----+-----+-----+-----+
    |Total                                              |                                        |        0|   0|  201|  242|    0|
    +---------------------------------------------------+----------------------------------------+---------+----+-----+-----+-----+

    * DSP: 
    N/A

    * Memory: 
    N/A

    * FIFO: 
    N/A

    * Expression: 
    +----------------------+----------+----+---+----+------------+------------+
    |     Variable Name    | Operation| DSP| FF| LUT| Bitwidth P0| Bitwidth P1|
    +----------------------+----------+----+---+----+------------+------------+
    |add_ln46_1_fu_248_p2  |         +|   0|  0|  71|          64|           3|
    |add_ln46_fu_224_p2    |         +|   0|  0|  71|          64|           3|
    |add_ln65_fu_276_p2    |         +|   0|  0|  71|          64|          64|
    |sub_fu_208_p2         |         +|   0|  0|  39|          32|           2|
    |col_nnz_fu_333_p2     |         -|   0|  0|  39|          32|          32|
    |ap_block_state21      |       and|   0|  0|   2|           1|           1|
    |icmp_ln46_fu_214_p2   |      icmp|   0|  0|  39|          32|           1|
    |icmp_ln67_fu_338_p2   |      icmp|   0|  0|  39|          32|           1|
    |ap_block_state1       |        or|   0|  0|   2|           1|           1|
    |ap_block_state1_io    |        or|   0|  0|   2|           1|           1|
    |ap_block_state9       |        or|   0|  0|   2|           1|           1|
    |empty_fu_240_p3       |    select|   0|  0|  31|           1|          31|
    +----------------------+----------+----+---+----+------------+------------+
    |Total                 |          |   0|  0| 408|         325|         141|
    +----------------------+----------+----+---+----+------------+------------+

    * Multiplexer: 
    +------------------------+-----+-----------+-----+-----------+
    |          Name          | LUT | Input Size| Bits| Total Bits|
    +------------------------+-----+-----------+-----+-----------+
    |ap_NS_fsm               |  111|         22|    1|         22|
    |ap_done                 |    9|          2|    1|          2|
    |col_info_stream_blk_n   |    9|          2|    1|          2|
    |col_info_stream_din     |    9|          2|   64|        128|
    |col_info_stream_write   |   14|          3|    1|          3|
    |gmem1_blk_n_AR          |    9|          2|    1|          2|
    |gmem1_blk_n_R           |    9|          2|    1|          2|
    |gmem3_blk_n_AR          |    9|          2|    1|          2|
    |gmem3_blk_n_R           |    9|          2|    1|          2|
    |m_axi_gmem1_0_ARADDR    |   26|          5|   64|        320|
    |m_axi_gmem1_0_ARBURST   |    9|          2|    2|          4|
    |m_axi_gmem1_0_ARCACHE   |    9|          2|    4|          8|
    |m_axi_gmem1_0_ARID      |    9|          2|    1|          2|
    |m_axi_gmem1_0_ARLEN     |   20|          4|   32|        128|
    |m_axi_gmem1_0_ARLOCK    |    9|          2|    2|          4|
    |m_axi_gmem1_0_ARPROT    |    9|          2|    3|          6|
    |m_axi_gmem1_0_ARQOS     |    9|          2|    4|          8|
    |m_axi_gmem1_0_ARREGION  |    9|          2|    4|          8|
    |m_axi_gmem1_0_ARSIZE    |    9|          2|    3|          6|
    |m_axi_gmem1_0_ARUSER    |    9|          2|    1|          2|
    |m_axi_gmem1_0_ARVALID   |   14|          3|    1|          3|
    |m_axi_gmem1_0_RREADY    |   14|          3|    1|          3|
    |m_axi_gmem3_0_ARADDR    |   20|          4|   64|        256|
    |m_axi_gmem3_0_ARBURST   |    9|          2|    2|          4|
    |m_axi_gmem3_0_ARCACHE   |    9|          2|    4|          8|
    |m_axi_gmem3_0_ARID      |    9|          2|    1|          2|
    |m_axi_gmem3_0_ARLEN     |   20|          4|   32|        128|
    |m_axi_gmem3_0_ARLOCK    |    9|          2|    2|          4|
    |m_axi_gmem3_0_ARPROT    |    9|          2|    3|          6|
    |m_axi_gmem3_0_ARQOS     |    9|          2|    4|          8|
    |m_axi_gmem3_0_ARREGION  |    9|          2|    4|          8|
    |m_axi_gmem3_0_ARSIZE    |    9|          2|    3|          6|
    |m_axi_gmem3_0_ARUSER    |    9|          2|    1|          2|
    |m_axi_gmem3_0_ARVALID   |   14|          3|    1|          3|
    |m_axi_gmem3_0_RREADY    |   14|          3|    1|          3|
    |real_start              |    9|          2|    1|          2|
    +------------------------+-----+-----------+-----+-----------+
    |Total                   |  501|        106|  317|       1107|
    +------------------------+-----+-----------+-----+-----------+

    * Register: 
    +----------------------------------------------------------------+----+----+-----+-----------+
    |                              Name                              | FF | LUT| Bits| Const Bits|
    +----------------------------------------------------------------+----+----+-----+-----------+
    |ap_CS_fsm                                                       |  21|   0|   21|          0|
    |ap_done_reg                                                     |   1|   0|    1|          0|
    |empty_reg_388                                                   |  31|   0|   31|          0|
    |gmem1_addr_2_reg_399                                            |  64|   0|   64|          0|
    |grp_read_col_info_Pipeline_VITIS_LOOP_46_1_fu_149_ap_start_reg  |   1|   0|    1|          0|
    |next_reg_431                                                    |  32|   0|   32|          0|
    |prev_reg_421                                                    |  32|   0|   32|          0|
    |start_once_reg                                                  |   1|   0|    1|          0|
    |sub_reg_377                                                     |  32|   0|   32|          0|
    |trunc_ln46_1_reg_393                                            |  62|   0|   62|          0|
    |trunc_ln5_reg_382                                               |  62|   0|   62|          0|
    |x_element_reg_426                                               |  32|   0|   32|          0|
    +----------------------------------------------------------------+----+----+-----+-----------+
    |Total                                                           | 371|   0|  371|          0|
    +----------------------------------------------------------------+----+----+-----+-----------+



================================================================
== Interface
================================================================
* Summary: 
+--------------------------------+-----+-----+------------+-----------------+--------------+
|            RTL Ports           | Dir | Bits|  Protocol  |  Source Object  |    C Type    |
+--------------------------------+-----+-----+------------+-----------------+--------------+
|ap_clk                          |   in|    1|  ap_ctrl_hs|    read_col_info|  return value|
|ap_rst                          |   in|    1|  ap_ctrl_hs|    read_col_info|  return value|
|ap_start                        |   in|    1|  ap_ctrl_hs|    read_col_info|  return value|
|start_full_n                    |   in|    1|  ap_ctrl_hs|    read_col_info|  return value|
|ap_done                         |  out|    1|  ap_ctrl_hs|    read_col_info|  return value|
|ap_continue                     |   in|    1|  ap_ctrl_hs|    read_col_info|  return value|
|ap_idle                         |  out|    1|  ap_ctrl_hs|    read_col_info|  return value|
|ap_ready                        |  out|    1|  ap_ctrl_hs|    read_col_info|  return value|
|start_out                       |  out|    1|  ap_ctrl_hs|    read_col_info|  return value|
|start_write                     |  out|    1|  ap_ctrl_hs|    read_col_info|  return value|
|num_cols                        |   in|   32|     ap_none|         num_cols|        scalar|
|m_axi_gmem1_0_AWVALID           |  out|    1|       m_axi|            gmem1|       pointer|
|m_axi_gmem1_0_AWREADY           |   in|    1|       m_axi|            gmem1|       pointer|
|m_axi_gmem1_0_AWADDR            |  out|   64|       m_axi|            gmem1|       pointer|
|m_axi_gmem1_0_AWID              |  out|    1|       m_axi|            gmem1|       pointer|
|m_axi_gmem1_0_AWLEN             |  out|   32|       m_axi|            gmem1|       pointer|
|m_axi_gmem1_0_AWSIZE            |  out|    3|       m_axi|            gmem1|       pointer|
|m_axi_gmem1_0_AWBURST           |  out|    2|       m_axi|            gmem1|       pointer|
|m_axi_gmem1_0_AWLOCK            |  out|    2|       m_axi|            gmem1|       pointer|
|m_axi_gmem1_0_AWCACHE           |  out|    4|       m_axi|            gmem1|       pointer|
|m_axi_gmem1_0_AWPROT            |  out|    3|       m_axi|            gmem1|       pointer|
|m_axi_gmem1_0_AWQOS             |  out|    4|       m_axi|            gmem1|       pointer|
|m_axi_gmem1_0_AWREGION          |  out|    4|       m_axi|            gmem1|       pointer|
|m_axi_gmem1_0_AWUSER            |  out|    1|       m_axi|            gmem1|       pointer|
|m_axi_gmem1_0_WVALID            |  out|    1|       m_axi|            gmem1|       pointer|
|m_axi_gmem1_0_WREADY            |   in|    1|       m_axi|            gmem1|       pointer|
|m_axi_gmem1_0_WDATA             |  out|   32|       m_axi|            gmem1|       pointer|
|m_axi_gmem1_0_WSTRB             |  out|    4|       m_axi|            gmem1|       pointer|
|m_axi_gmem1_0_WLAST             |  out|    1|       m_axi|            gmem1|       pointer|
|m_axi_gmem1_0_WID               |  out|    1|       m_axi|            gmem1|       pointer|
|m_axi_gmem1_0_WUSER             |  out|    1|       m_axi|            gmem1|       pointer|
|m_axi_gmem1_0_ARVALID           |  out|    1|       m_axi|            gmem1|       pointer|
|m_axi_gmem1_0_ARREADY           |   in|    1|       m_axi|            gmem1|       pointer|
|m_axi_gmem1_0_ARADDR            |  out|   64|       m_axi|            gmem1|       pointer|
|m_axi_gmem1_0_ARID              |  out|    1|       m_axi|            gmem1|       pointer|
|m_axi_gmem1_0_ARLEN             |  out|   32|       m_axi|            gmem1|       pointer|
|m_axi_gmem1_0_ARSIZE            |  out|    3|       m_axi|            gmem1|       pointer|
|m_axi_gmem1_0_ARBURST           |  out|    2|       m_axi|            gmem1|       pointer|
|m_axi_gmem1_0_ARLOCK            |  out|    2|       m_axi|            gmem1|       pointer|
|m_axi_gmem1_0_ARCACHE           |  out|    4|       m_axi|            gmem1|       pointer|
|m_axi_gmem1_0_ARPROT            |  out|    3|       m_axi|            gmem1|       pointer|
|m_axi_gmem1_0_ARQOS             |  out|    4|       m_axi|            gmem1|       pointer|
|m_axi_gmem1_0_ARREGION          |  out|    4|       m_axi|            gmem1|       pointer|
|m_axi_gmem1_0_ARUSER            |  out|    1|       m_axi|            gmem1|       pointer|
|m_axi_gmem1_0_RVALID            |   in|    1|       m_axi|            gmem1|       pointer|
|m_axi_gmem1_0_RREADY            |  out|    1|       m_axi|            gmem1|       pointer|
|m_axi_gmem1_0_RDATA             |   in|   32|       m_axi|            gmem1|       pointer|
|m_axi_gmem1_0_RLAST             |   in|    1|       m_axi|            gmem1|       pointer|
|m_axi_gmem1_0_RID               |   in|    1|       m_axi|            gmem1|       pointer|
|m_axi_gmem1_0_RFIFONUM          |   in|    9|       m_axi|            gmem1|       pointer|
|m_axi_gmem1_0_RUSER             |   in|    1|       m_axi|            gmem1|       pointer|
|m_axi_gmem1_0_RRESP             |   in|    2|       m_axi|            gmem1|       pointer|
|m_axi_gmem1_0_BVALID            |   in|    1|       m_axi|            gmem1|       pointer|
|m_axi_gmem1_0_BREADY            |  out|    1|       m_axi|            gmem1|       pointer|
|m_axi_gmem1_0_BRESP             |   in|    2|       m_axi|            gmem1|       pointer|
|m_axi_gmem1_0_BID               |   in|    1|       m_axi|            gmem1|       pointer|
|m_axi_gmem1_0_BUSER             |   in|    1|       m_axi|            gmem1|       pointer|
|A_col_ptr                       |   in|   64|     ap_none|        A_col_ptr|        scalar|
|m_axi_gmem3_0_AWVALID           |  out|    1|       m_axi|            gmem3|       pointer|
|m_axi_gmem3_0_AWREADY           |   in|    1|       m_axi|            gmem3|       pointer|
|m_axi_gmem3_0_AWADDR            |  out|   64|       m_axi|            gmem3|       pointer|
|m_axi_gmem3_0_AWID              |  out|    1|       m_axi|            gmem3|       pointer|
|m_axi_gmem3_0_AWLEN             |  out|   32|       m_axi|            gmem3|       pointer|
|m_axi_gmem3_0_AWSIZE            |  out|    3|       m_axi|            gmem3|       pointer|
|m_axi_gmem3_0_AWBURST           |  out|    2|       m_axi|            gmem3|       pointer|
|m_axi_gmem3_0_AWLOCK            |  out|    2|       m_axi|            gmem3|       pointer|
|m_axi_gmem3_0_AWCACHE           |  out|    4|       m_axi|            gmem3|       pointer|
|m_axi_gmem3_0_AWPROT            |  out|    3|       m_axi|            gmem3|       pointer|
|m_axi_gmem3_0_AWQOS             |  out|    4|       m_axi|            gmem3|       pointer|
|m_axi_gmem3_0_AWREGION          |  out|    4|       m_axi|            gmem3|       pointer|
|m_axi_gmem3_0_AWUSER            |  out|    1|       m_axi|            gmem3|       pointer|
|m_axi_gmem3_0_WVALID            |  out|    1|       m_axi|            gmem3|       pointer|
|m_axi_gmem3_0_WREADY            |   in|    1|       m_axi|            gmem3|       pointer|
|m_axi_gmem3_0_WDATA             |  out|   32|       m_axi|            gmem3|       pointer|
|m_axi_gmem3_0_WSTRB             |  out|    4|       m_axi|            gmem3|       pointer|
|m_axi_gmem3_0_WLAST             |  out|    1|       m_axi|            gmem3|       pointer|
|m_axi_gmem3_0_WID               |  out|    1|       m_axi|            gmem3|       pointer|
|m_axi_gmem3_0_WUSER             |  out|    1|       m_axi|            gmem3|       pointer|
|m_axi_gmem3_0_ARVALID           |  out|    1|       m_axi|            gmem3|       pointer|
|m_axi_gmem3_0_ARREADY           |   in|    1|       m_axi|            gmem3|       pointer|
|m_axi_gmem3_0_ARADDR            |  out|   64|       m_axi|            gmem3|       pointer|
|m_axi_gmem3_0_ARID              |  out|    1|       m_axi|            gmem3|       pointer|
|m_axi_gmem3_0_ARLEN             |  out|   32|       m_axi|            gmem3|       pointer|
|m_axi_gmem3_0_ARSIZE            |  out|    3|       m_axi|            gmem3|       pointer|
|m_axi_gmem3_0_ARBURST           |  out|    2|       m_axi|            gmem3|       pointer|
|m_axi_gmem3_0_ARLOCK            |  out|    2|       m_axi|            gmem3|       pointer|
|m_axi_gmem3_0_ARCACHE           |  out|    4|       m_axi|            gmem3|       pointer|
|m_axi_gmem3_0_ARPROT            |  out|    3|       m_axi|            gmem3|       pointer|
|m_axi_gmem3_0_ARQOS             |  out|    4|       m_axi|            gmem3|       pointer|
|m_axi_gmem3_0_ARREGION          |  out|    4|       m_axi|            gmem3|       pointer|
|m_axi_gmem3_0_ARUSER            |  out|    1|       m_axi|            gmem3|       pointer|
|m_axi_gmem3_0_RVALID            |   in|    1|       m_axi|            gmem3|       pointer|
|m_axi_gmem3_0_RREADY            |  out|    1|       m_axi|            gmem3|       pointer|
|m_axi_gmem3_0_RDATA             |   in|   32|       m_axi|            gmem3|       pointer|
|m_axi_gmem3_0_RLAST             |   in|    1|       m_axi|            gmem3|       pointer|
|m_axi_gmem3_0_RID               |   in|    1|       m_axi|            gmem3|       pointer|
|m_axi_gmem3_0_RFIFONUM          |   in|    9|       m_axi|            gmem3|       pointer|
|m_axi_gmem3_0_RUSER             |   in|    1|       m_axi|            gmem3|       pointer|
|m_axi_gmem3_0_RRESP             |   in|    2|       m_axi|            gmem3|       pointer|
|m_axi_gmem3_0_BVALID            |   in|    1|       m_axi|            gmem3|       pointer|
|m_axi_gmem3_0_BREADY            |  out|    1|       m_axi|            gmem3|       pointer|
|m_axi_gmem3_0_BRESP             |   in|    2|       m_axi|            gmem3|       pointer|
|m_axi_gmem3_0_BID               |   in|    1|       m_axi|            gmem3|       pointer|
|m_axi_gmem3_0_BUSER             |   in|    1|       m_axi|            gmem3|       pointer|
|x_in                            |   in|   64|     ap_none|             x_in|        scalar|
|col_info_stream_din             |  out|   64|     ap_fifo|  col_info_stream|       pointer|
|col_info_stream_full_n          |   in|    1|     ap_fifo|  col_info_stream|       pointer|
|col_info_stream_write           |  out|    1|     ap_fifo|  col_info_stream|       pointer|
|col_info_stream_num_data_valid  |   in|    7|     ap_fifo|  col_info_stream|       pointer|
|col_info_stream_fifo_cap        |   in|    7|     ap_fifo|  col_info_stream|       pointer|
+--------------------------------+-----+-----+------------+-----------------+--------------+

============================================================
+ Verbose Summary: Synthesis Manager
============================================================
InlineROM: 1
ExposeGlobal: 0
============================================================
+ Verbose Summary: CDFG Model
============================================================
IsTopModel: 0
ResetActiveHigh: 1
IsCombinational: 2
IsDatapathOnly: 0
HasWiredReturn: 1
HasMFsm: 0
HasVarLatency: 1
IsPipeline: 0
IsRtlPipelined: 0
IsInstanceOverlapped: 0
IsDontTouch: 0
HasImplIP: 0
IsGatedGlobalClock: 0


============================================================
+ Verbose Summary: Schedule
============================================================
* Number of FSM states : 21
* Pipeline : 0
* Dataflow Pipeline: 0

* FSM state transitions: 
1 --> 2 
2 --> 3 
3 --> 4 
4 --> 5 
5 --> 6 
6 --> 7 
7 --> 8 
8 --> 9 
9 --> 10 
10 --> 11 
11 --> 12 
12 --> 13 
13 --> 14 
14 --> 15 
15 --> 16 
16 --> 17 
17 --> 18 
18 --> 19 
19 --> 20 
20 --> 21 
21 --> 

* FSM state operations: 

State 1 <SV = 0> <Delay = 4.00>
ST_1 : Operation 22 [1/1] (0.00ns)   --->   "%x_in_read = read i64 @_ssdm_op_Read.ap_auto.i64, i64 %x_in"   --->   Operation 22 'read' 'x_in_read' <Predicate = true> <Delay = 0.00>
ST_1 : Operation 23 [1/1] (0.00ns)   --->   "%A_col_ptr_read = read i64 @_ssdm_op_Read.ap_auto.i64, i64 %A_col_ptr"   --->   Operation 23 'read' 'A_col_ptr_read' <Predicate = true> <Delay = 0.00>
ST_1 : Operation 24 [1/1] (0.00ns)   --->   "%num_cols_read = read i32 @_ssdm_op_Read.ap_auto.i32, i32 %num_cols"   --->   Operation 24 'read' 'num_cols_read' <Predicate = true> <Delay = 0.00>
ST_1 : Operation 25 [1/1] (0.00ns)   --->   "%prev_1_loc = alloca i64 1"   --->   Operation 25 'alloca' 'prev_1_loc' <Predicate = true> <Delay = 0.00>
ST_1 : Operation 26 [1/1] (0.00ns)   --->   "%p_loc = alloca i64 1"   --->   Operation 26 'alloca' 'p_loc' <Predicate = true> <Delay = 0.00>
ST_1 : Operation 27 [1/1] (0.00ns)   --->   "%trunc_ln = partselect i62 @_ssdm_op_PartSelect.i62.i64.i32.i32, i64 %A_col_ptr_read, i32 2, i32 63" [../HLS/src/spmv_csc.cpp:42]   --->   Operation 27 'partselect' 'trunc_ln' <Predicate = true> <Delay = 0.00>
ST_1 : Operation 28 [1/1] (0.00ns)   --->   "%sext_ln42 = sext i62 %trunc_ln" [../HLS/src/spmv_csc.cpp:42]   --->   Operation 28 'sext' 'sext_ln42' <Predicate = true> <Delay = 0.00>
ST_1 : Operation 29 [1/1] (0.00ns)   --->   "%gmem1_addr = getelementptr i32 %gmem1, i64 %sext_ln42" [../HLS/src/spmv_csc.cpp:42]   --->   Operation 29 'getelementptr' 'gmem1_addr' <Predicate = true> <Delay = 0.00>
ST_1 : Operation 30 [8/8] (4.00ns)   --->   "%prev_req = readreq i1 @_ssdm_op_ReadReq.m_axi.i32P1A, i64 %gmem1_addr, i64 1" [../HLS/src/spmv_csc.cpp:42]   --->   Operation 30 'readreq' 'prev_req' <Predicate = true> <Delay = 4.00> <CoreInst = "m_axi">   --->   Core 119 'm_axi' <Latency = 6> <II = 1> <Delay = 1.00> <Adapter> <Opcode : 'read' 'write' 'readreq' 'writereq' 'writeresp'>
ST_1 : Operation 31 [1/1] (0.00ns)   --->   "%trunc_ln4 = partselect i62 @_ssdm_op_PartSelect.i62.i64.i32.i32, i64 %x_in_read, i32 2, i32 63" [../HLS/src/spmv_csc.cpp:44]   --->   Operation 31 'partselect' 'trunc_ln4' <Predicate = true> <Delay = 0.00>
ST_1 : Operation 32 [1/1] (0.00ns)   --->   "%sext_ln44 = sext i62 %trunc_ln4" [../HLS/src/spmv_csc.cpp:44]   --->   Operation 32 'sext' 'sext_ln44' <Predicate = true> <Delay = 0.00>
ST_1 : Operation 33 [1/1] (0.00ns)   --->   "%gmem3_addr = getelementptr i32 %gmem3, i64 %sext_ln44" [../HLS/src/spmv_csc.cpp:44]   --->   Operation 33 'getelementptr' 'gmem3_addr' <Predicate = true> <Delay = 0.00>
ST_1 : Operation 34 [8/8] (4.00ns)   --->   "%x_element_req = readreq i1 @_ssdm_op_ReadReq.m_axi.i32P1A, i64 %gmem3_addr, i64 1" [../HLS/src/spmv_csc.cpp:44]   --->   Operation 34 'readreq' 'x_element_req' <Predicate = true> <Delay = 4.00> <CoreInst = "m_axi">   --->   Core 119 'm_axi' <Latency = 6> <II = 1> <Delay = 1.00> <Adapter> <Opcode : 'read' 'write' 'readreq' 'writereq' 'writeresp'>
ST_1 : Operation 35 [1/1] (1.01ns)   --->   "%sub = add i32 %num_cols_read, i32 4294967295"   --->   Operation 35 'add' 'sub' <Predicate = true> <Delay = 1.01> <CoreInst = "Adder">   --->   Core 1 'Adder' <Latency = 0> <II = 1> <Delay = 1.01> <FuncUnit> <Opcode : 'add' 'sub'> <InPorts = 2> <OutPorts = 1>
ST_1 : Operation 36 [1/1] (1.01ns)   --->   "%icmp_ln46 = icmp_sgt  i32 %sub, i32 0" [../HLS/src/spmv_csc.cpp:46]   --->   Operation 36 'icmp' 'icmp_ln46' <Predicate = true> <Delay = 1.01> <CoreInst = "Cmp">   --->   Core 9 'Cmp' <Latency = 0> <II = 1> <Delay = 1.01> <FuncUnit> <Opcode : 'seteq' 'setne' 'setle' 'setge' 'setlt' 'setgt'> <InPorts = 2> <OutPorts = 1>
ST_1 : Operation 37 [1/1] (0.00ns)   --->   "%trunc_ln46 = trunc i32 %sub" [../HLS/src/spmv_csc.cpp:46]   --->   Operation 37 'trunc' 'trunc_ln46' <Predicate = true> <Delay = 0.00>
ST_1 : Operation 38 [1/1] (1.08ns)   --->   "%add_ln46 = add i64 %A_col_ptr_read, i64 4" [../HLS/src/spmv_csc.cpp:46]   --->   Operation 38 'add' 'add_ln46' <Predicate = true> <Delay = 1.08> <CoreInst = "Adder">   --->   Core 1 'Adder' <Latency = 0> <II = 1> <Delay = 1.08> <FuncUnit> <Opcode : 'add' 'sub'> <InPorts = 2> <OutPorts = 1>
ST_1 : Operation 39 [1/1] (0.00ns)   --->   "%trunc_ln5 = partselect i62 @_ssdm_op_PartSelect.i62.i64.i32.i32, i64 %add_ln46, i32 2, i32 63" [../HLS/src/spmv_csc.cpp:46]   --->   Operation 39 'partselect' 'trunc_ln5' <Predicate = true> <Delay = 0.00>
ST_1 : Operation 40 [1/1] (0.41ns)   --->   "%empty = select i1 %icmp_ln46, i31 %trunc_ln46, i31 0" [../HLS/src/spmv_csc.cpp:46]   --->   Operation 40 'select' 'empty' <Predicate = true> <Delay = 0.41> <CoreInst = "Sel">   --->   Core 73 'Sel' <Latency = 0> <II = 1> <Delay = 0.41> <FuncUnit> <Opcode : 'select'> <InPorts = 3> <OutPorts = 1>
ST_1 : Operation 41 [1/1] (1.08ns)   --->   "%add_ln46_1 = add i64 %x_in_read, i64 4" [../HLS/src/spmv_csc.cpp:46]   --->   Operation 41 'add' 'add_ln46_1' <Predicate = true> <Delay = 1.08> <CoreInst = "Adder">   --->   Core 1 'Adder' <Latency = 0> <II = 1> <Delay = 1.08> <FuncUnit> <Opcode : 'add' 'sub'> <InPorts = 2> <OutPorts = 1>
ST_1 : Operation 42 [1/1] (0.00ns)   --->   "%trunc_ln46_1 = partselect i62 @_ssdm_op_PartSelect.i62.i64.i32.i32, i64 %add_ln46_1, i32 2, i32 63" [../HLS/src/spmv_csc.cpp:46]   --->   Operation 42 'partselect' 'trunc_ln46_1' <Predicate = true> <Delay = 0.00>
ST_1 : Operation 43 [1/1] (0.00ns)   --->   "%shl_ln = bitconcatenate i34 @_ssdm_op_BitConcatenate.i34.i32.i2, i32 %num_cols_read, i2 0" [../HLS/src/spmv_csc.cpp:65]   --->   Operation 43 'bitconcatenate' 'shl_ln' <Predicate = true> <Delay = 0.00>
ST_1 : Operation 44 [1/1] (0.00ns)   --->   "%sext_ln65 = sext i34 %shl_ln" [../HLS/src/spmv_csc.cpp:65]   --->   Operation 44 'sext' 'sext_ln65' <Predicate = true> <Delay = 0.00>
ST_1 : Operation 45 [1/1] (1.08ns)   --->   "%add_ln65 = add i64 %sext_ln65, i64 %A_col_ptr_read" [../HLS/src/spmv_csc.cpp:65]   --->   Operation 45 'add' 'add_ln65' <Predicate = true> <Delay = 1.08> <CoreInst = "Adder">   --->   Core 1 'Adder' <Latency = 0> <II = 1> <Delay = 1.08> <FuncUnit> <Opcode : 'add' 'sub'> <InPorts = 2> <OutPorts = 1>
ST_1 : Operation 46 [1/1] (0.00ns)   --->   "%trunc_ln6 = partselect i62 @_ssdm_op_PartSelect.i62.i64.i32.i32, i64 %add_ln65, i32 2, i32 63" [../HLS/src/spmv_csc.cpp:65]   --->   Operation 46 'partselect' 'trunc_ln6' <Predicate = true> <Delay = 0.00>
ST_1 : Operation 47 [1/1] (0.00ns)   --->   "%sext_ln65_1 = sext i62 %trunc_ln6" [../HLS/src/spmv_csc.cpp:65]   --->   Operation 47 'sext' 'sext_ln65_1' <Predicate = true> <Delay = 0.00>
ST_1 : Operation 48 [1/1] (0.00ns)   --->   "%gmem1_addr_2 = getelementptr i32 %gmem1, i64 %sext_ln65_1" [../HLS/src/spmv_csc.cpp:65]   --->   Operation 48 'getelementptr' 'gmem1_addr_2' <Predicate = true> <Delay = 0.00>

State 2 <SV = 1> <Delay = 4.00>
ST_2 : Operation 49 [7/8] (4.00ns)   --->   "%prev_req = readreq i1 @_ssdm_op_ReadReq.m_axi.i32P1A, i64 %gmem1_addr, i64 1" [../HLS/src/spmv_csc.cpp:42]   --->   Operation 49 'readreq' 'prev_req' <Predicate = true> <Delay = 4.00> <CoreInst = "m_axi">   --->   Core 119 'm_axi' <Latency = 6> <II = 1> <Delay = 1.00> <Adapter> <Opcode : 'read' 'write' 'readreq' 'writereq' 'writeresp'>
ST_2 : Operation 50 [7/8] (4.00ns)   --->   "%x_element_req = readreq i1 @_ssdm_op_ReadReq.m_axi.i32P1A, i64 %gmem3_addr, i64 1" [../HLS/src/spmv_csc.cpp:44]   --->   Operation 50 'readreq' 'x_element_req' <Predicate = true> <Delay = 4.00> <CoreInst = "m_axi">   --->   Core 119 'm_axi' <Latency = 6> <II = 1> <Delay = 1.00> <Adapter> <Opcode : 'read' 'write' 'readreq' 'writereq' 'writeresp'>
ST_2 : Operation 51 [1/1] (0.00ns)   --->   "%sext_ln46 = sext i62 %trunc_ln5" [../HLS/src/spmv_csc.cpp:46]   --->   Operation 51 'sext' 'sext_ln46' <Predicate = true> <Delay = 0.00>
ST_2 : Operation 52 [1/1] (0.00ns)   --->   "%gmem1_addr_1 = getelementptr i32 %gmem1, i64 %sext_ln46" [../HLS/src/spmv_csc.cpp:46]   --->   Operation 52 'getelementptr' 'gmem1_addr_1' <Predicate = true> <Delay = 0.00>
ST_2 : Operation 53 [1/1] (0.00ns)   --->   "%zext_ln46 = zext i31 %empty" [../HLS/src/spmv_csc.cpp:46]   --->   Operation 53 'zext' 'zext_ln46' <Predicate = true> <Delay = 0.00>
ST_2 : Operation 54 [8/8] (4.00ns)   --->   "%empty_86 = readreq i1 @_ssdm_op_ReadReq.m_axi.p1i32, i64 %gmem1_addr_1, i64 %zext_ln46" [../HLS/src/spmv_csc.cpp:46]   --->   Operation 54 'readreq' 'empty_86' <Predicate = true> <Delay = 4.00> <CoreInst = "m_axi">   --->   Core 119 'm_axi' <Latency = 6> <II = 1> <Delay = 1.00> <Adapter> <Opcode : 'read' 'write' 'readreq' 'writereq' 'writeresp'>
ST_2 : Operation 55 [1/1] (0.00ns)   --->   "%sext_ln46_1 = sext i62 %trunc_ln46_1" [../HLS/src/spmv_csc.cpp:46]   --->   Operation 55 'sext' 'sext_ln46_1' <Predicate = true> <Delay = 0.00>
ST_2 : Operation 56 [1/1] (0.00ns)   --->   "%gmem3_addr_1 = getelementptr i32 %gmem3, i64 %sext_ln46_1" [../HLS/src/spmv_csc.cpp:46]   --->   Operation 56 'getelementptr' 'gmem3_addr_1' <Predicate = true> <Delay = 0.00>
ST_2 : Operation 57 [8/8] (4.00ns)   --->   "%empty_87 = readreq i1 @_ssdm_op_ReadReq.m_axi.p1i32, i64 %gmem3_addr_1, i64 %zext_ln46" [../HLS/src/spmv_csc.cpp:46]   --->   Operation 57 'readreq' 'empty_87' <Predicate = true> <Delay = 4.00> <CoreInst = "m_axi">   --->   Core 119 'm_axi' <Latency = 6> <II = 1> <Delay = 1.00> <Adapter> <Opcode : 'read' 'write' 'readreq' 'writereq' 'writeresp'>

State 3 <SV = 2> <Delay = 4.00>
ST_3 : Operation 58 [6/8] (4.00ns)   --->   "%prev_req = readreq i1 @_ssdm_op_ReadReq.m_axi.i32P1A, i64 %gmem1_addr, i64 1" [../HLS/src/spmv_csc.cpp:42]   --->   Operation 58 'readreq' 'prev_req' <Predicate = true> <Delay = 4.00> <CoreInst = "m_axi">   --->   Core 119 'm_axi' <Latency = 6> <II = 1> <Delay = 1.00> <Adapter> <Opcode : 'read' 'write' 'readreq' 'writereq' 'writeresp'>
ST_3 : Operation 59 [6/8] (4.00ns)   --->   "%x_element_req = readreq i1 @_ssdm_op_ReadReq.m_axi.i32P1A, i64 %gmem3_addr, i64 1" [../HLS/src/spmv_csc.cpp:44]   --->   Operation 59 'readreq' 'x_element_req' <Predicate = true> <Delay = 4.00> <CoreInst = "m_axi">   --->   Core 119 'm_axi' <Latency = 6> <II = 1> <Delay = 1.00> <Adapter> <Opcode : 'read' 'write' 'readreq' 'writereq' 'writeresp'>
ST_3 : Operation 60 [7/8] (4.00ns)   --->   "%empty_86 = readreq i1 @_ssdm_op_ReadReq.m_axi.p1i32, i64 %gmem1_addr_1, i64 %zext_ln46" [../HLS/src/spmv_csc.cpp:46]   --->   Operation 60 'readreq' 'empty_86' <Predicate = true> <Delay = 4.00> <CoreInst = "m_axi">   --->   Core 119 'm_axi' <Latency = 6> <II = 1> <Delay = 1.00> <Adapter> <Opcode : 'read' 'write' 'readreq' 'writereq' 'writeresp'>
ST_3 : Operation 61 [7/8] (4.00ns)   --->   "%empty_87 = readreq i1 @_ssdm_op_ReadReq.m_axi.p1i32, i64 %gmem3_addr_1, i64 %zext_ln46" [../HLS/src/spmv_csc.cpp:46]   --->   Operation 61 'readreq' 'empty_87' <Predicate = true> <Delay = 4.00> <CoreInst = "m_axi">   --->   Core 119 'm_axi' <Latency = 6> <II = 1> <Delay = 1.00> <Adapter> <Opcode : 'read' 'write' 'readreq' 'writereq' 'writeresp'>

State 4 <SV = 3> <Delay = 4.00>
ST_4 : Operation 62 [5/8] (4.00ns)   --->   "%prev_req = readreq i1 @_ssdm_op_ReadReq.m_axi.i32P1A, i64 %gmem1_addr, i64 1" [../HLS/src/spmv_csc.cpp:42]   --->   Operation 62 'readreq' 'prev_req' <Predicate = true> <Delay = 4.00> <CoreInst = "m_axi">   --->   Core 119 'm_axi' <Latency = 6> <II = 1> <Delay = 1.00> <Adapter> <Opcode : 'read' 'write' 'readreq' 'writereq' 'writeresp'>
ST_4 : Operation 63 [5/8] (4.00ns)   --->   "%x_element_req = readreq i1 @_ssdm_op_ReadReq.m_axi.i32P1A, i64 %gmem3_addr, i64 1" [../HLS/src/spmv_csc.cpp:44]   --->   Operation 63 'readreq' 'x_element_req' <Predicate = true> <Delay = 4.00> <CoreInst = "m_axi">   --->   Core 119 'm_axi' <Latency = 6> <II = 1> <Delay = 1.00> <Adapter> <Opcode : 'read' 'write' 'readreq' 'writereq' 'writeresp'>
ST_4 : Operation 64 [6/8] (4.00ns)   --->   "%empty_86 = readreq i1 @_ssdm_op_ReadReq.m_axi.p1i32, i64 %gmem1_addr_1, i64 %zext_ln46" [../HLS/src/spmv_csc.cpp:46]   --->   Operation 64 'readreq' 'empty_86' <Predicate = true> <Delay = 4.00> <CoreInst = "m_axi">   --->   Core 119 'm_axi' <Latency = 6> <II = 1> <Delay = 1.00> <Adapter> <Opcode : 'read' 'write' 'readreq' 'writereq' 'writeresp'>
ST_4 : Operation 65 [6/8] (4.00ns)   --->   "%empty_87 = readreq i1 @_ssdm_op_ReadReq.m_axi.p1i32, i64 %gmem3_addr_1, i64 %zext_ln46" [../HLS/src/spmv_csc.cpp:46]   --->   Operation 65 'readreq' 'empty_87' <Predicate = true> <Delay = 4.00> <CoreInst = "m_axi">   --->   Core 119 'm_axi' <Latency = 6> <II = 1> <Delay = 1.00> <Adapter> <Opcode : 'read' 'write' 'readreq' 'writereq' 'writeresp'>

State 5 <SV = 4> <Delay = 4.00>
ST_5 : Operation 66 [4/8] (4.00ns)   --->   "%prev_req = readreq i1 @_ssdm_op_ReadReq.m_axi.i32P1A, i64 %gmem1_addr, i64 1" [../HLS/src/spmv_csc.cpp:42]   --->   Operation 66 'readreq' 'prev_req' <Predicate = true> <Delay = 4.00> <CoreInst = "m_axi">   --->   Core 119 'm_axi' <Latency = 6> <II = 1> <Delay = 1.00> <Adapter> <Opcode : 'read' 'write' 'readreq' 'writereq' 'writeresp'>
ST_5 : Operation 67 [4/8] (4.00ns)   --->   "%x_element_req = readreq i1 @_ssdm_op_ReadReq.m_axi.i32P1A, i64 %gmem3_addr, i64 1" [../HLS/src/spmv_csc.cpp:44]   --->   Operation 67 'readreq' 'x_element_req' <Predicate = true> <Delay = 4.00> <CoreInst = "m_axi">   --->   Core 119 'm_axi' <Latency = 6> <II = 1> <Delay = 1.00> <Adapter> <Opcode : 'read' 'write' 'readreq' 'writereq' 'writeresp'>
ST_5 : Operation 68 [5/8] (4.00ns)   --->   "%empty_86 = readreq i1 @_ssdm_op_ReadReq.m_axi.p1i32, i64 %gmem1_addr_1, i64 %zext_ln46" [../HLS/src/spmv_csc.cpp:46]   --->   Operation 68 'readreq' 'empty_86' <Predicate = true> <Delay = 4.00> <CoreInst = "m_axi">   --->   Core 119 'm_axi' <Latency = 6> <II = 1> <Delay = 1.00> <Adapter> <Opcode : 'read' 'write' 'readreq' 'writereq' 'writeresp'>
ST_5 : Operation 69 [5/8] (4.00ns)   --->   "%empty_87 = readreq i1 @_ssdm_op_ReadReq.m_axi.p1i32, i64 %gmem3_addr_1, i64 %zext_ln46" [../HLS/src/spmv_csc.cpp:46]   --->   Operation 69 'readreq' 'empty_87' <Predicate = true> <Delay = 4.00> <CoreInst = "m_axi">   --->   Core 119 'm_axi' <Latency = 6> <II = 1> <Delay = 1.00> <Adapter> <Opcode : 'read' 'write' 'readreq' 'writereq' 'writeresp'>

State 6 <SV = 5> <Delay = 4.00>
ST_6 : Operation 70 [3/8] (4.00ns)   --->   "%prev_req = readreq i1 @_ssdm_op_ReadReq.m_axi.i32P1A, i64 %gmem1_addr, i64 1" [../HLS/src/spmv_csc.cpp:42]   --->   Operation 70 'readreq' 'prev_req' <Predicate = true> <Delay = 4.00> <CoreInst = "m_axi">   --->   Core 119 'm_axi' <Latency = 6> <II = 1> <Delay = 1.00> <Adapter> <Opcode : 'read' 'write' 'readreq' 'writereq' 'writeresp'>
ST_6 : Operation 71 [3/8] (4.00ns)   --->   "%x_element_req = readreq i1 @_ssdm_op_ReadReq.m_axi.i32P1A, i64 %gmem3_addr, i64 1" [../HLS/src/spmv_csc.cpp:44]   --->   Operation 71 'readreq' 'x_element_req' <Predicate = true> <Delay = 4.00> <CoreInst = "m_axi">   --->   Core 119 'm_axi' <Latency = 6> <II = 1> <Delay = 1.00> <Adapter> <Opcode : 'read' 'write' 'readreq' 'writereq' 'writeresp'>
ST_6 : Operation 72 [4/8] (4.00ns)   --->   "%empty_86 = readreq i1 @_ssdm_op_ReadReq.m_axi.p1i32, i64 %gmem1_addr_1, i64 %zext_ln46" [../HLS/src/spmv_csc.cpp:46]   --->   Operation 72 'readreq' 'empty_86' <Predicate = true> <Delay = 4.00> <CoreInst = "m_axi">   --->   Core 119 'm_axi' <Latency = 6> <II = 1> <Delay = 1.00> <Adapter> <Opcode : 'read' 'write' 'readreq' 'writereq' 'writeresp'>
ST_6 : Operation 73 [4/8] (4.00ns)   --->   "%empty_87 = readreq i1 @_ssdm_op_ReadReq.m_axi.p1i32, i64 %gmem3_addr_1, i64 %zext_ln46" [../HLS/src/spmv_csc.cpp:46]   --->   Operation 73 'readreq' 'empty_87' <Predicate = true> <Delay = 4.00> <CoreInst = "m_axi">   --->   Core 119 'm_axi' <Latency = 6> <II = 1> <Delay = 1.00> <Adapter> <Opcode : 'read' 'write' 'readreq' 'writereq' 'writeresp'>

State 7 <SV = 6> <Delay = 4.00>
ST_7 : Operation 74 [2/8] (4.00ns)   --->   "%prev_req = readreq i1 @_ssdm_op_ReadReq.m_axi.i32P1A, i64 %gmem1_addr, i64 1" [../HLS/src/spmv_csc.cpp:42]   --->   Operation 74 'readreq' 'prev_req' <Predicate = true> <Delay = 4.00> <CoreInst = "m_axi">   --->   Core 119 'm_axi' <Latency = 6> <II = 1> <Delay = 1.00> <Adapter> <Opcode : 'read' 'write' 'readreq' 'writereq' 'writeresp'>
ST_7 : Operation 75 [2/8] (4.00ns)   --->   "%x_element_req = readreq i1 @_ssdm_op_ReadReq.m_axi.i32P1A, i64 %gmem3_addr, i64 1" [../HLS/src/spmv_csc.cpp:44]   --->   Operation 75 'readreq' 'x_element_req' <Predicate = true> <Delay = 4.00> <CoreInst = "m_axi">   --->   Core 119 'm_axi' <Latency = 6> <II = 1> <Delay = 1.00> <Adapter> <Opcode : 'read' 'write' 'readreq' 'writereq' 'writeresp'>
ST_7 : Operation 76 [3/8] (4.00ns)   --->   "%empty_86 = readreq i1 @_ssdm_op_ReadReq.m_axi.p1i32, i64 %gmem1_addr_1, i64 %zext_ln46" [../HLS/src/spmv_csc.cpp:46]   --->   Operation 76 'readreq' 'empty_86' <Predicate = true> <Delay = 4.00> <CoreInst = "m_axi">   --->   Core 119 'm_axi' <Latency = 6> <II = 1> <Delay = 1.00> <Adapter> <Opcode : 'read' 'write' 'readreq' 'writereq' 'writeresp'>
ST_7 : Operation 77 [3/8] (4.00ns)   --->   "%empty_87 = readreq i1 @_ssdm_op_ReadReq.m_axi.p1i32, i64 %gmem3_addr_1, i64 %zext_ln46" [../HLS/src/spmv_csc.cpp:46]   --->   Operation 77 'readreq' 'empty_87' <Predicate = true> <Delay = 4.00> <CoreInst = "m_axi">   --->   Core 119 'm_axi' <Latency = 6> <II = 1> <Delay = 1.00> <Adapter> <Opcode : 'read' 'write' 'readreq' 'writereq' 'writeresp'>

State 8 <SV = 7> <Delay = 4.00>
ST_8 : Operation 78 [1/8] (4.00ns)   --->   "%prev_req = readreq i1 @_ssdm_op_ReadReq.m_axi.i32P1A, i64 %gmem1_addr, i64 1" [../HLS/src/spmv_csc.cpp:42]   --->   Operation 78 'readreq' 'prev_req' <Predicate = true> <Delay = 4.00> <CoreInst = "m_axi">   --->   Core 119 'm_axi' <Latency = 6> <II = 1> <Delay = 1.00> <Adapter> <Opcode : 'read' 'write' 'readreq' 'writereq' 'writeresp'>
ST_8 : Operation 79 [1/8] (4.00ns)   --->   "%x_element_req = readreq i1 @_ssdm_op_ReadReq.m_axi.i32P1A, i64 %gmem3_addr, i64 1" [../HLS/src/spmv_csc.cpp:44]   --->   Operation 79 'readreq' 'x_element_req' <Predicate = true> <Delay = 4.00> <CoreInst = "m_axi">   --->   Core 119 'm_axi' <Latency = 6> <II = 1> <Delay = 1.00> <Adapter> <Opcode : 'read' 'write' 'readreq' 'writereq' 'writeresp'>
ST_8 : Operation 80 [2/8] (4.00ns)   --->   "%empty_86 = readreq i1 @_ssdm_op_ReadReq.m_axi.p1i32, i64 %gmem1_addr_1, i64 %zext_ln46" [../HLS/src/spmv_csc.cpp:46]   --->   Operation 80 'readreq' 'empty_86' <Predicate = true> <Delay = 4.00> <CoreInst = "m_axi">   --->   Core 119 'm_axi' <Latency = 6> <II = 1> <Delay = 1.00> <Adapter> <Opcode : 'read' 'write' 'readreq' 'writereq' 'writeresp'>
ST_8 : Operation 81 [2/8] (4.00ns)   --->   "%empty_87 = readreq i1 @_ssdm_op_ReadReq.m_axi.p1i32, i64 %gmem3_addr_1, i64 %zext_ln46" [../HLS/src/spmv_csc.cpp:46]   --->   Operation 81 'readreq' 'empty_87' <Predicate = true> <Delay = 4.00> <CoreInst = "m_axi">   --->   Core 119 'm_axi' <Latency = 6> <II = 1> <Delay = 1.00> <Adapter> <Opcode : 'read' 'write' 'readreq' 'writereq' 'writeresp'>

State 9 <SV = 8> <Delay = 4.00>
ST_9 : Operation 82 [1/1] (4.00ns)   --->   "%prev = read i32 @_ssdm_op_Read.m_axi.i32P1A, i64 %gmem1_addr" [../HLS/src/spmv_csc.cpp:42]   --->   Operation 82 'read' 'prev' <Predicate = true> <Delay = 4.00> <CoreInst = "m_axi">   --->   Core 119 'm_axi' <Latency = 3> <II = 1> <Delay = 1.00> <Adapter> <Opcode : 'read' 'write' 'readreq' 'writereq' 'writeresp'>
ST_9 : Operation 83 [1/1] (4.00ns)   --->   "%x_element = read i32 @_ssdm_op_Read.m_axi.i32P1A, i64 %gmem3_addr" [../HLS/src/spmv_csc.cpp:44]   --->   Operation 83 'read' 'x_element' <Predicate = true> <Delay = 4.00> <CoreInst = "m_axi">   --->   Core 119 'm_axi' <Latency = 3> <II = 1> <Delay = 1.00> <Adapter> <Opcode : 'read' 'write' 'readreq' 'writereq' 'writeresp'>
ST_9 : Operation 84 [1/8] (4.00ns)   --->   "%empty_86 = readreq i1 @_ssdm_op_ReadReq.m_axi.p1i32, i64 %gmem1_addr_1, i64 %zext_ln46" [../HLS/src/spmv_csc.cpp:46]   --->   Operation 84 'readreq' 'empty_86' <Predicate = true> <Delay = 4.00> <CoreInst = "m_axi">   --->   Core 119 'm_axi' <Latency = 6> <II = 1> <Delay = 1.00> <Adapter> <Opcode : 'read' 'write' 'readreq' 'writereq' 'writeresp'>
ST_9 : Operation 85 [1/8] (4.00ns)   --->   "%empty_87 = readreq i1 @_ssdm_op_ReadReq.m_axi.p1i32, i64 %gmem3_addr_1, i64 %zext_ln46" [../HLS/src/spmv_csc.cpp:46]   --->   Operation 85 'readreq' 'empty_87' <Predicate = true> <Delay = 4.00> <CoreInst = "m_axi">   --->   Core 119 'm_axi' <Latency = 6> <II = 1> <Delay = 1.00> <Adapter> <Opcode : 'read' 'write' 'readreq' 'writereq' 'writeresp'>

State 10 <SV = 9> <Delay = 1.44>
ST_10 : Operation 86 [2/2] (1.44ns)   --->   "%call_ln44 = call void @read_col_info_Pipeline_VITIS_LOOP_46_1, i32 %x_element, i32 %prev, i32 %sub, i32 %gmem3, i62 %trunc_ln46_1, i32 %gmem1, i62 %trunc_ln5, i64 %col_info_stream, i32 %p_loc, i32 %prev_1_loc" [../HLS/src/spmv_csc.cpp:44]   --->   Operation 86 'call' 'call_ln44' <Predicate = true> <Delay = 1.44> <CoreType = "Generic">   --->   Generic Core

State 11 <SV = 10> <Delay = 0.00>
ST_11 : Operation 87 [1/2] (0.00ns)   --->   "%call_ln44 = call void @read_col_info_Pipeline_VITIS_LOOP_46_1, i32 %x_element, i32 %prev, i32 %sub, i32 %gmem3, i62 %trunc_ln46_1, i32 %gmem1, i62 %trunc_ln5, i64 %col_info_stream, i32 %p_loc, i32 %prev_1_loc" [../HLS/src/spmv_csc.cpp:44]   --->   Operation 87 'call' 'call_ln44' <Predicate = true> <Delay = 0.00> <CoreType = "Generic">   --->   Generic Core

State 12 <SV = 11> <Delay = 4.00>
ST_12 : Operation 88 [8/8] (4.00ns)   --->   "%next_1_req = readreq i1 @_ssdm_op_ReadReq.m_axi.i32P1A, i64 %gmem1_addr_2, i64 1" [../HLS/src/spmv_csc.cpp:65]   --->   Operation 88 'readreq' 'next_1_req' <Predicate = true> <Delay = 4.00> <CoreInst = "m_axi">   --->   Core 119 'm_axi' <Latency = 6> <II = 1> <Delay = 1.00> <Adapter> <Opcode : 'read' 'write' 'readreq' 'writereq' 'writeresp'>

State 13 <SV = 12> <Delay = 4.00>
ST_13 : Operation 89 [7/8] (4.00ns)   --->   "%next_1_req = readreq i1 @_ssdm_op_ReadReq.m_axi.i32P1A, i64 %gmem1_addr_2, i64 1" [../HLS/src/spmv_csc.cpp:65]   --->   Operation 89 'readreq' 'next_1_req' <Predicate = true> <Delay = 4.00> <CoreInst = "m_axi">   --->   Core 119 'm_axi' <Latency = 6> <II = 1> <Delay = 1.00> <Adapter> <Opcode : 'read' 'write' 'readreq' 'writereq' 'writeresp'>

State 14 <SV = 13> <Delay = 4.00>
ST_14 : Operation 90 [6/8] (4.00ns)   --->   "%next_1_req = readreq i1 @_ssdm_op_ReadReq.m_axi.i32P1A, i64 %gmem1_addr_2, i64 1" [../HLS/src/spmv_csc.cpp:65]   --->   Operation 90 'readreq' 'next_1_req' <Predicate = true> <Delay = 4.00> <CoreInst = "m_axi">   --->   Core 119 'm_axi' <Latency = 6> <II = 1> <Delay = 1.00> <Adapter> <Opcode : 'read' 'write' 'readreq' 'writereq' 'writeresp'>

State 15 <SV = 14> <Delay = 4.00>
ST_15 : Operation 91 [5/8] (4.00ns)   --->   "%next_1_req = readreq i1 @_ssdm_op_ReadReq.m_axi.i32P1A, i64 %gmem1_addr_2, i64 1" [../HLS/src/spmv_csc.cpp:65]   --->   Operation 91 'readreq' 'next_1_req' <Predicate = true> <Delay = 4.00> <CoreInst = "m_axi">   --->   Core 119 'm_axi' <Latency = 6> <II = 1> <Delay = 1.00> <Adapter> <Opcode : 'read' 'write' 'readreq' 'writereq' 'writeresp'>

State 16 <SV = 15> <Delay = 4.00>
ST_16 : Operation 92 [4/8] (4.00ns)   --->   "%next_1_req = readreq i1 @_ssdm_op_ReadReq.m_axi.i32P1A, i64 %gmem1_addr_2, i64 1" [../HLS/src/spmv_csc.cpp:65]   --->   Operation 92 'readreq' 'next_1_req' <Predicate = true> <Delay = 4.00> <CoreInst = "m_axi">   --->   Core 119 'm_axi' <Latency = 6> <II = 1> <Delay = 1.00> <Adapter> <Opcode : 'read' 'write' 'readreq' 'writereq' 'writeresp'>

State 17 <SV = 16> <Delay = 4.00>
ST_17 : Operation 93 [3/8] (4.00ns)   --->   "%next_1_req = readreq i1 @_ssdm_op_ReadReq.m_axi.i32P1A, i64 %gmem1_addr_2, i64 1" [../HLS/src/spmv_csc.cpp:65]   --->   Operation 93 'readreq' 'next_1_req' <Predicate = true> <Delay = 4.00> <CoreInst = "m_axi">   --->   Core 119 'm_axi' <Latency = 6> <II = 1> <Delay = 1.00> <Adapter> <Opcode : 'read' 'write' 'readreq' 'writereq' 'writeresp'>

State 18 <SV = 17> <Delay = 4.00>
ST_18 : Operation 94 [2/8] (4.00ns)   --->   "%next_1_req = readreq i1 @_ssdm_op_ReadReq.m_axi.i32P1A, i64 %gmem1_addr_2, i64 1" [../HLS/src/spmv_csc.cpp:65]   --->   Operation 94 'readreq' 'next_1_req' <Predicate = true> <Delay = 4.00> <CoreInst = "m_axi">   --->   Core 119 'm_axi' <Latency = 6> <II = 1> <Delay = 1.00> <Adapter> <Opcode : 'read' 'write' 'readreq' 'writereq' 'writeresp'>

State 19 <SV = 18> <Delay = 4.00>
ST_19 : Operation 95 [1/8] (4.00ns)   --->   "%next_1_req = readreq i1 @_ssdm_op_ReadReq.m_axi.i32P1A, i64 %gmem1_addr_2, i64 1" [../HLS/src/spmv_csc.cpp:65]   --->   Operation 95 'readreq' 'next_1_req' <Predicate = true> <Delay = 4.00> <CoreInst = "m_axi">   --->   Core 119 'm_axi' <Latency = 6> <II = 1> <Delay = 1.00> <Adapter> <Opcode : 'read' 'write' 'readreq' 'writereq' 'writeresp'>

State 20 <SV = 19> <Delay = 4.00>
ST_20 : Operation 96 [1/1] (4.00ns)   --->   "%next = read i32 @_ssdm_op_Read.m_axi.i32P1A, i64 %gmem1_addr_2" [../HLS/src/spmv_csc.cpp:65]   --->   Operation 96 'read' 'next' <Predicate = true> <Delay = 4.00> <CoreInst = "m_axi">   --->   Core 119 'm_axi' <Latency = 3> <II = 1> <Delay = 1.00> <Adapter> <Opcode : 'read' 'write' 'readreq' 'writereq' 'writeresp'>

State 21 <SV = 20> <Delay = 3.58>
ST_21 : Operation 97 [1/1] (0.00ns)   --->   "%specinterface_ln0 = specinterface void @_ssdm_op_SpecInterface, i64 %col_info_stream, void @empty_16, i32 0, i32 0, void @empty_25, i32 0, i32 0, void @empty_25, void @empty_25, void @empty_25, i32 0, i32 0, i32 0, i32 0, void @empty_25, void @empty_25, i32 4294967295, i32 0, i32 0"   --->   Operation 97 'specinterface' 'specinterface_ln0' <Predicate = true> <Delay = 0.00>
ST_21 : Operation 98 [1/1] (0.00ns)   --->   "%specinterface_ln0 = specinterface void @_ssdm_op_SpecInterface, i32 %gmem1, void @empty_24, i32 0, i32 0, void @empty_25, i32 0, i32 1025, void @empty_26, void @empty_0, void @empty_25, i32 16, i32 16, i32 16, i32 16, void @empty_25, void @empty_25, i32 4294967295, i32 0, i32 0"   --->   Operation 98 'specinterface' 'specinterface_ln0' <Predicate = true> <Delay = 0.00>
ST_21 : Operation 99 [1/1] (0.00ns)   --->   "%specinterface_ln0 = specinterface void @_ssdm_op_SpecInterface, i32 %gmem3, void @empty_24, i32 0, i32 0, void @empty_25, i32 0, i32 1024, void @empty_10, void @empty_0, void @empty_25, i32 16, i32 16, i32 16, i32 16, void @empty_25, void @empty_25, i32 4294967295, i32 0, i32 0"   --->   Operation 99 'specinterface' 'specinterface_ln0' <Predicate = true> <Delay = 0.00>
ST_21 : Operation 100 [1/1] (0.00ns)   --->   "%p_loc_load = load i32 %p_loc"   --->   Operation 100 'load' 'p_loc_load' <Predicate = true> <Delay = 0.00>
ST_21 : Operation 101 [1/1] (0.00ns)   --->   "%prev_1_loc_load = load i32 %prev_1_loc"   --->   Operation 101 'load' 'prev_1_loc_load' <Predicate = true> <Delay = 0.00>
ST_21 : Operation 102 [1/1] (1.01ns)   --->   "%col_nnz = sub i32 %next, i32 %prev_1_loc_load" [../HLS/src/spmv_csc.cpp:66]   --->   Operation 102 'sub' 'col_nnz' <Predicate = true> <Delay = 1.01> <CoreInst = "Adder">   --->   Core 1 'Adder' <Latency = 0> <II = 1> <Delay = 1.01> <FuncUnit> <Opcode : 'add' 'sub'> <InPorts = 2> <OutPorts = 1>
ST_21 : Operation 103 [1/1] (1.01ns)   --->   "%icmp_ln67 = icmp_sgt  i32 %col_nnz, i32 0" [../HLS/src/spmv_csc.cpp:67]   --->   Operation 103 'icmp' 'icmp_ln67' <Predicate = true> <Delay = 1.01> <CoreInst = "Cmp">   --->   Core 9 'Cmp' <Latency = 0> <II = 1> <Delay = 1.01> <FuncUnit> <Opcode : 'seteq' 'setne' 'setle' 'setge' 'setlt' 'setgt'> <InPorts = 2> <OutPorts = 1>
ST_21 : Operation 104 [1/1] (0.00ns)   --->   "%br_ln67 = br i1 %icmp_ln67, void %if.end18, void %if.then14" [../HLS/src/spmv_csc.cpp:67]   --->   Operation 104 'br' 'br_ln67' <Predicate = true> <Delay = 0.00>
ST_21 : Operation 105 [1/1] (0.00ns)   --->   "%p_0 = bitconcatenate i64 @_ssdm_op_BitConcatenate.i64.i32.i32, i32 %p_loc_load, i32 %col_nnz" [../HLS/src/spmv_csc.cpp:72]   --->   Operation 105 'bitconcatenate' 'p_0' <Predicate = (icmp_ln67)> <Delay = 0.00>
ST_21 : Operation 106 [1/1] ( I:1.55ns O:1.55ns )   --->   "%write_ln72 = write void @_ssdm_op_Write.ap_fifo.volatile.i64P0A, i64 %col_info_stream, i64 %p_0" [../HLS/src/spmv_csc.cpp:72]   --->   Operation 106 'write' 'write_ln72' <Predicate = (icmp_ln67)> <Delay = 1.55> <CoreInst = "FIFO">   --->   Core 77 'FIFO' <Latency = 0> <II = 1> <Delay = 1.55> <Storage> <Opcode : 'read' 'write' 'nbread' 'nbwrite'> <Ports = 0> <Width = 64> <Depth = 64> <FIFO>
ST_21 : Operation 107 [1/1] (0.00ns)   --->   "%br_ln73 = br void %if.end18" [../HLS/src/spmv_csc.cpp:73]   --->   Operation 107 'br' 'br_ln73' <Predicate = (icmp_ln67)> <Delay = 0.00>
ST_21 : Operation 108 [1/1] (0.00ns)   --->   "%ret_ln74 = ret" [../HLS/src/spmv_csc.cpp:74]   --->   Operation 108 'ret' 'ret_ln74' <Predicate = true> <Delay = 0.00>


============================================================
+ Verbose Summary: Binding
============================================================
STG Binding: 
---------------- STG Properties BEGIN ----------------
- Is combinational: 0
- Is one-state seq: 0
- Is datapath-only: 0
- Is pipelined: 0
- Is top level: 0
Port [ Return ] is wired: 1; IO mode=ap_ctrl_hs:ce=0
Port [ num_cols]:  wired=1; compound=0; hidden=0; nouse=0; global=0; static=0; extern=0; dir=0; type=0; pingpong=0; private_global=0; IO mode=ap_none:ce=0
Port [ gmem1]:  wired=1; compound=1; hidden=0; nouse=0; global=0; static=0; extern=0; dir=0; type=4; pingpong=0; private_global=0; IO mode=m_axi:ce=0
Port [ A_col_ptr]:  wired=1; compound=0; hidden=0; nouse=0; global=0; static=0; extern=0; dir=0; type=0; pingpong=0; private_global=0; IO mode=ap_none:ce=0
Port [ gmem3]:  wired=1; compound=1; hidden=0; nouse=0; global=0; static=0; extern=0; dir=0; type=4; pingpong=0; private_global=0; IO mode=m_axi:ce=0
Port [ x_in]:  wired=1; compound=0; hidden=0; nouse=0; global=0; static=0; extern=0; dir=0; type=0; pingpong=0; private_global=0; IO mode=ap_none:ce=0
Port [ col_info_stream]:  wired=1; compound=1; hidden=0; nouse=0; global=0; static=0; extern=0; dir=1; type=3; pingpong=0; private_global=0; IO mode=ap_fifo:ce=0
---------------- STG Properties END ------------------

---------------- Datapath Model BEGIN ----------------

<LifeTime>
<method=bitvector/>
x_in_read         (read          ) [ 0000000000000000000000]
A_col_ptr_read    (read          ) [ 0000000000000000000000]
num_cols_read     (read          ) [ 0000000000000000000000]
prev_1_loc        (alloca        ) [ 0011111111111111111111]
p_loc             (alloca        ) [ 0011111111111111111111]
trunc_ln          (partselect    ) [ 0000000000000000000000]
sext_ln42         (sext          ) [ 0000000000000000000000]
gmem1_addr        (getelementptr ) [ 0011111111000000000000]
trunc_ln4         (partselect    ) [ 0000000000000000000000]
sext_ln44         (sext          ) [ 0000000000000000000000]
gmem3_addr        (getelementptr ) [ 0011111111000000000000]
sub               (add           ) [ 0011111111110000000000]
icmp_ln46         (icmp          ) [ 0000000000000000000000]
trunc_ln46        (trunc         ) [ 0000000000000000000000]
add_ln46          (add           ) [ 0000000000000000000000]
trunc_ln5         (partselect    ) [ 0011111111110000000000]
empty             (select        ) [ 0010000000000000000000]
add_ln46_1        (add           ) [ 0000000000000000000000]
trunc_ln46_1      (partselect    ) [ 0011111111110000000000]
shl_ln            (bitconcatenate) [ 0000000000000000000000]
sext_ln65         (sext          ) [ 0000000000000000000000]
add_ln65          (add           ) [ 0000000000000000000000]
trunc_ln6         (partselect    ) [ 0000000000000000000000]
sext_ln65_1       (sext          ) [ 0000000000000000000000]
gmem1_addr_2      (getelementptr ) [ 0011111111111111111110]
sext_ln46         (sext          ) [ 0000000000000000000000]
gmem1_addr_1      (getelementptr ) [ 0001111111000000000000]
zext_ln46         (zext          ) [ 0001111111000000000000]
sext_ln46_1       (sext          ) [ 0000000000000000000000]
gmem3_addr_1      (getelementptr ) [ 0001111111000000000000]
prev_req          (readreq       ) [ 0000000000000000000000]
x_element_req     (readreq       ) [ 0000000000000000000000]
prev              (read          ) [ 0000000000110000000000]
x_element         (read          ) [ 0000000000110000000000]
empty_86          (readreq       ) [ 0000000000000000000000]
empty_87          (readreq       ) [ 0000000000000000000000]
call_ln44         (call          ) [ 0000000000000000000000]
next_1_req        (readreq       ) [ 0000000000000000000000]
next              (read          ) [ 0000000000000000000001]
specinterface_ln0 (specinterface ) [ 0000000000000000000000]
specinterface_ln0 (specinterface ) [ 0000000000000000000000]
specinterface_ln0 (specinterface ) [ 0000000000000000000000]
p_loc_load        (load          ) [ 0000000000000000000000]
prev_1_loc_load   (load          ) [ 0000000000000000000000]
col_nnz           (sub           ) [ 0000000000000000000000]
icmp_ln67         (icmp          ) [ 0000000000000000000001]
br_ln67           (br            ) [ 0000000000000000000000]
p_0               (bitconcatenate) [ 0000000000000000000000]
write_ln72        (write         ) [ 0000000000000000000000]
br_ln73           (br            ) [ 0000000000000000000000]
ret_ln74          (ret           ) [ 0000000000000000000000]
</LifeTime>

<model>

<comp_list>
<comp id="0" class="1000" name="num_cols">
<pin_list>
<pin id="1" dir="1" index="0" bw="1" slack="0"/>
</pin_list>
<bind>
<StgValue><ssdm name="num_cols"/></StgValue>
</bind>
</comp>

<comp id="2" class="1000" name="gmem1">
<pin_list>
<pin id="3" dir="1" index="0" bw="1" slack="0"/>
</pin_list>
<bind>
<StgValue><ssdm name="gmem1"/><MemPortTyVec>0 </MemPortTyVec>
</StgValue>
</bind>
</comp>

<comp id="4" class="1000" name="A_col_ptr">
<pin_list>
<pin id="5" dir="1" index="0" bw="1" slack="0"/>
</pin_list>
<bind>
<StgValue><ssdm name="A_col_ptr"/></StgValue>
</bind>
</comp>

<comp id="6" class="1000" name="gmem3">
<pin_list>
<pin id="7" dir="1" index="0" bw="1" slack="0"/>
</pin_list>
<bind>
<StgValue><ssdm name="gmem3"/><MemPortTyVec>0 </MemPortTyVec>
</StgValue>
</bind>
</comp>

<comp id="8" class="1000" name="x_in">
<pin_list>
<pin id="9" dir="1" index="0" bw="1" slack="0"/>
</pin_list>
<bind>
<StgValue><ssdm name="x_in"/></StgValue>
</bind>
</comp>

<comp id="10" class="1000" name="col_info_stream">
<pin_list>
<pin id="11" dir="1" index="0" bw="1" slack="0"/>
</pin_list>
<bind>
<StgValue><ssdm name="col_info_stream"/></StgValue>
</bind>
</comp>

<comp id="12" class="1001" name="const_12">
<pin_list>
<pin id="13" dir="1" index="0" bw="1" slack="0"/>
</pin_list>
<bind>
<StgValue><ssdm name="_ssdm_op_Read.ap_auto.i64"/></StgValue>
</bind>
</comp>

<comp id="14" class="1001" name="const_14">
<pin_list>
<pin id="15" dir="1" index="0" bw="1" slack="0"/>
</pin_list>
<bind>
<StgValue><ssdm name="_ssdm_op_Read.ap_auto.i32"/></StgValue>
</bind>
</comp>

<comp id="16" class="1001" name="const_16">
<pin_list>
<pin id="17" dir="1" index="0" bw="1" slack="0"/>
</pin_list>
<bind>
<StgValue><ssdm name=""/></StgValue>
</bind>
</comp>

<comp id="18" class="1001" name="const_18">
<pin_list>
<pin id="19" dir="1" index="0" bw="1" slack="0"/>
</pin_list>
<bind>
<StgValue><ssdm name="_ssdm_op_PartSelect.i62.i64.i32.i32"/></StgValue>
</bind>
</comp>

<comp id="20" class="1001" name="const_20">
<pin_list>
<pin id="21" dir="1" index="0" bw="1" slack="0"/>
</pin_list>
<bind>
<StgValue><ssdm name=""/></StgValue>
</bind>
</comp>

<comp id="22" class="1001" name="const_22">
<pin_list>
<pin id="23" dir="1" index="0" bw="1" slack="0"/>
</pin_list>
<bind>
<StgValue><ssdm name=""/></StgValue>
</bind>
</comp>

<comp id="24" class="1001" name="const_24">
<pin_list>
<pin id="25" dir="1" index="0" bw="1" slack="0"/>
</pin_list>
<bind>
<StgValue><ssdm name="_ssdm_op_ReadReq.m_axi.i32P1A"/></StgValue>
</bind>
</comp>

<comp id="26" class="1001" name="const_26">
<pin_list>
<pin id="27" dir="1" index="0" bw="1" slack="0"/>
</pin_list>
<bind>
<StgValue><ssdm name=""/></StgValue>
</bind>
</comp>

<comp id="28" class="1001" name="const_28">
<pin_list>
<pin id="29" dir="1" index="0" bw="1" slack="0"/>
</pin_list>
<bind>
<StgValue><ssdm name=""/></StgValue>
</bind>
</comp>

<comp id="30" class="1001" name="const_30">
<pin_list>
<pin id="31" dir="1" index="0" bw="1" slack="0"/>
</pin_list>
<bind>
<StgValue><ssdm name=""/></StgValue>
</bind>
</comp>

<comp id="32" class="1001" name="const_32">
<pin_list>
<pin id="33" dir="1" index="0" bw="1" slack="0"/>
</pin_list>
<bind>
<StgValue><ssdm name=""/></StgValue>
</bind>
</comp>

<comp id="34" class="1001" name="const_34">
<pin_list>
<pin id="35" dir="1" index="0" bw="1" slack="0"/>
</pin_list>
<bind>
<StgValue><ssdm name="_ssdm_op_BitConcatenate.i34.i32.i2"/></StgValue>
</bind>
</comp>

<comp id="36" class="1001" name="const_36">
<pin_list>
<pin id="37" dir="1" index="0" bw="1" slack="0"/>
</pin_list>
<bind>
<StgValue><ssdm name=""/></StgValue>
</bind>
</comp>

<comp id="38" class="1001" name="const_38">
<pin_list>
<pin id="39" dir="1" index="0" bw="1" slack="0"/>
</pin_list>
<bind>
<StgValue><ssdm name="_ssdm_op_ReadReq.m_axi.p1i32"/></StgValue>
</bind>
</comp>

<comp id="40" class="1001" name="const_40">
<pin_list>
<pin id="41" dir="1" index="0" bw="1" slack="0"/>
</pin_list>
<bind>
<StgValue><ssdm name="_ssdm_op_Read.m_axi.i32P1A"/></StgValue>
</bind>
</comp>

<comp id="42" class="1001" name="const_42">
<pin_list>
<pin id="43" dir="1" index="0" bw="1" slack="0"/>
</pin_list>
<bind>
<StgValue><ssdm name="read_col_info_Pipeline_VITIS_LOOP_46_1"/></StgValue>
</bind>
</comp>

<comp id="44" class="1001" name="const_44">
<pin_list>
<pin id="45" dir="1" index="0" bw="1" slack="2147483647"/>
</pin_list>
<bind>
<StgValue><ssdm name="_ssdm_op_SpecInterface"/></StgValue>
</bind>
</comp>

<comp id="46" class="1001" name="const_46">
<pin_list>
<pin id="47" dir="1" index="0" bw="1" slack="2147483647"/>
</pin_list>
<bind>
<StgValue><ssdm name="empty_16"/></StgValue>
</bind>
</comp>

<comp id="48" class="1001" name="const_48">
<pin_list>
<pin id="49" dir="1" index="0" bw="1" slack="2147483647"/>
</pin_list>
<bind>
<StgValue><ssdm name="empty_25"/></StgValue>
</bind>
</comp>

<comp id="50" class="1001" name="const_50">
<pin_list>
<pin id="51" dir="1" index="0" bw="1" slack="2147483647"/>
</pin_list>
<bind>
<StgValue><ssdm name="empty_24"/></StgValue>
</bind>
</comp>

<comp id="52" class="1001" name="const_52">
<pin_list>
<pin id="53" dir="1" index="0" bw="1" slack="2147483647"/>
</pin_list>
<bind>
<StgValue><ssdm name=""/></StgValue>
</bind>
</comp>

<comp id="54" class="1001" name="const_54">
<pin_list>
<pin id="55" dir="1" index="0" bw="1" slack="2147483647"/>
</pin_list>
<bind>
<StgValue><ssdm name="empty_26"/></StgValue>
</bind>
</comp>

<comp id="56" class="1001" name="const_56">
<pin_list>
<pin id="57" dir="1" index="0" bw="1" slack="2147483647"/>
</pin_list>
<bind>
<StgValue><ssdm name="empty_0"/></StgValue>
</bind>
</comp>

<comp id="58" class="1001" name="const_58">
<pin_list>
<pin id="59" dir="1" index="0" bw="1" slack="2147483647"/>
</pin_list>
<bind>
<StgValue><ssdm name=""/></StgValue>
</bind>
</comp>

<comp id="60" class="1001" name="const_60">
<pin_list>
<pin id="61" dir="1" index="0" bw="1" slack="2147483647"/>
</pin_list>
<bind>
<StgValue><ssdm name=""/></StgValue>
</bind>
</comp>

<comp id="62" class="1001" name="const_62">
<pin_list>
<pin id="63" dir="1" index="0" bw="1" slack="2147483647"/>
</pin_list>
<bind>
<StgValue><ssdm name="empty_10"/></StgValue>
</bind>
</comp>

<comp id="64" class="1001" name="const_64">
<pin_list>
<pin id="65" dir="1" index="0" bw="1" slack="0"/>
</pin_list>
<bind>
<StgValue><ssdm name="_ssdm_op_BitConcatenate.i64.i32.i32"/></StgValue>
</bind>
</comp>

<comp id="66" class="1001" name="const_66">
<pin_list>
<pin id="67" dir="1" index="0" bw="1" slack="0"/>
</pin_list>
<bind>
<StgValue><ssdm name="_ssdm_op_Write.ap_fifo.volatile.i64P0A"/></StgValue>
</bind>
</comp>

<comp id="68" class="1004" name="prev_1_loc_fu_68">
<pin_list>
<pin id="69" dir="0" index="0" bw="1" slack="0"/>
<pin id="70" dir="1" index="1" bw="32" slack="9"/>
</pin_list>
<bind>
<opcode="alloca(26) " fcode="alloca"/>
<opset="prev_1_loc/1 "/>
</bind>
</comp>

<comp id="72" class="1004" name="p_loc_fu_72">
<pin_list>
<pin id="73" dir="0" index="0" bw="1" slack="0"/>
<pin id="74" dir="1" index="1" bw="32" slack="9"/>
</pin_list>
<bind>
<opcode="alloca(26) " fcode="alloca"/>
<opset="p_loc/1 "/>
</bind>
</comp>

<comp id="76" class="1004" name="x_in_read_read_fu_76">
<pin_list>
<pin id="77" dir="0" index="0" bw="64" slack="0"/>
<pin id="78" dir="0" index="1" bw="64" slack="0"/>
<pin id="79" dir="1" index="2" bw="64" slack="0"/>
</pin_list>
<bind>
<opcode="read(1150) " fcode="read"/>
<opset="x_in_read/1 "/>
</bind>
</comp>

<comp id="82" class="1004" name="A_col_ptr_read_read_fu_82">
<pin_list>
<pin id="83" dir="0" index="0" bw="64" slack="0"/>
<pin id="84" dir="0" index="1" bw="64" slack="0"/>
<pin id="85" dir="1" index="2" bw="64" slack="0"/>
</pin_list>
<bind>
<opcode="read(1150) " fcode="read"/>
<opset="A_col_ptr_read/1 "/>
</bind>
</comp>

<comp id="88" class="1004" name="num_cols_read_read_fu_88">
<pin_list>
<pin id="89" dir="0" index="0" bw="32" slack="0"/>
<pin id="90" dir="0" index="1" bw="32" slack="0"/>
<pin id="91" dir="1" index="2" bw="32" slack="0"/>
</pin_list>
<bind>
<opcode="read(1150) " fcode="read"/>
<opset="num_cols_read/1 "/>
</bind>
</comp>

<comp id="94" class="1004" name="grp_readreq_fu_94">
<pin_list>
<pin id="95" dir="0" index="0" bw="1" slack="0"/>
<pin id="96" dir="0" index="1" bw="32" slack="0"/>
<pin id="97" dir="0" index="2" bw="1" slack="0"/>
<pin id="98" dir="1" index="3" bw="1" slack="2147483647"/>
</pin_list>
<bind>
<opcode="readreq(1154) " fcode="readreq"/>
<opset="prev_req/1 "/>
</bind>
</comp>

<comp id="101" class="1004" name="grp_readreq_fu_101">
<pin_list>
<pin id="102" dir="0" index="0" bw="1" slack="0"/>
<pin id="103" dir="0" index="1" bw="32" slack="0"/>
<pin id="104" dir="0" index="2" bw="1" slack="0"/>
<pin id="105" dir="1" index="3" bw="1" slack="2147483647"/>
</pin_list>
<bind>
<opcode="readreq(1154) " fcode="readreq"/>
<opset="x_element_req/1 "/>
</bind>
</comp>

<comp id="108" class="1004" name="grp_readreq_fu_108">
<pin_list>
<pin id="109" dir="0" index="0" bw="1" slack="0"/>
<pin id="110" dir="0" index="1" bw="32" slack="0"/>
<pin id="111" dir="0" index="2" bw="31" slack="0"/>
<pin id="112" dir="1" index="3" bw="1" slack="2147483647"/>
</pin_list>
<bind>
<opcode="readreq(1154) " fcode="readreq"/>
<opset="empty_86/2 "/>
</bind>
</comp>

<comp id="114" class="1004" name="grp_readreq_fu_114">
<pin_list>
<pin id="115" dir="0" index="0" bw="1" slack="0"/>
<pin id="116" dir="0" index="1" bw="32" slack="0"/>
<pin id="117" dir="0" index="2" bw="31" slack="0"/>
<pin id="118" dir="1" index="3" bw="1" slack="2147483647"/>
</pin_list>
<bind>
<opcode="readreq(1154) " fcode="readreq"/>
<opset="empty_87/2 "/>
</bind>
</comp>

<comp id="120" class="1004" name="prev_read_fu_120">
<pin_list>
<pin id="121" dir="0" index="0" bw="32" slack="0"/>
<pin id="122" dir="0" index="1" bw="32" slack="8"/>
<pin id="123" dir="1" index="2" bw="32" slack="1"/>
</pin_list>
<bind>
<opcode="read(1150) " fcode="read"/>
<opset="prev/9 "/>
</bind>
</comp>

<comp id="125" class="1004" name="x_element_read_fu_125">
<pin_list>
<pin id="126" dir="0" index="0" bw="32" slack="0"/>
<pin id="127" dir="0" index="1" bw="32" slack="8"/>
<pin id="128" dir="1" index="2" bw="32" slack="1"/>
</pin_list>
<bind>
<opcode="read(1150) " fcode="read"/>
<opset="x_element/9 "/>
</bind>
</comp>

<comp id="130" class="1004" name="grp_readreq_fu_130">
<pin_list>
<pin id="131" dir="0" index="0" bw="1" slack="0"/>
<pin id="132" dir="0" index="1" bw="32" slack="11"/>
<pin id="133" dir="0" index="2" bw="1" slack="0"/>
<pin id="134" dir="1" index="3" bw="1" slack="2147483647"/>
</pin_list>
<bind>
<opcode="readreq(1154) " fcode="readreq"/>
<opset="next_1_req/12 "/>
</bind>
</comp>

<comp id="137" class="1004" name="next_read_fu_137">
<pin_list>
<pin id="138" dir="0" index="0" bw="32" slack="0"/>
<pin id="139" dir="0" index="1" bw="32" slack="19"/>
<pin id="140" dir="1" index="2" bw="32" slack="1"/>
</pin_list>
<bind>
<opcode="read(1150) " fcode="read"/>
<opset="next/20 "/>
</bind>
</comp>

<comp id="142" class="1004" name="write_ln72_write_fu_142">
<pin_list>
<pin id="143" dir="0" index="0" bw="0" slack="0"/>
<pin id="144" dir="0" index="1" bw="64" slack="0"/>
<pin id="145" dir="0" index="2" bw="64" slack="0"/>
<pin id="146" dir="1" index="3" bw="0" slack="2147483647"/>
</pin_list>
<bind>
<opcode="write(1151) " fcode="write"/>
<opset="write_ln72/21 "/>
</bind>
</comp>

<comp id="149" class="1004" name="grp_read_col_info_Pipeline_VITIS_LOOP_46_1_fu_149">
<pin_list>
<pin id="150" dir="0" index="0" bw="0" slack="0"/>
<pin id="151" dir="0" index="1" bw="32" slack="1"/>
<pin id="152" dir="0" index="2" bw="32" slack="1"/>
<pin id="153" dir="0" index="3" bw="32" slack="9"/>
<pin id="154" dir="0" index="4" bw="32" slack="0"/>
<pin id="155" dir="0" index="5" bw="62" slack="9"/>
<pin id="156" dir="0" index="6" bw="32" slack="0"/>
<pin id="157" dir="0" index="7" bw="62" slack="9"/>
<pin id="158" dir="0" index="8" bw="64" slack="0"/>
<pin id="159" dir="0" index="9" bw="32" slack="9"/>
<pin id="160" dir="0" index="10" bw="32" slack="9"/>
<pin id="161" dir="1" index="11" bw="0" slack="2147483647"/>
</pin_list>
<bind>
<opcode="call(48) " fcode="call"/>
<opset="call_ln44/10 "/>
</bind>
</comp>

<comp id="166" class="1004" name="trunc_ln_fu_166">
<pin_list>
<pin id="167" dir="0" index="0" bw="62" slack="0"/>
<pin id="168" dir="0" index="1" bw="64" slack="0"/>
<pin id="169" dir="0" index="2" bw="3" slack="0"/>
<pin id="170" dir="0" index="3" bw="7" slack="0"/>
<pin id="171" dir="1" index="4" bw="62" slack="0"/>
</pin_list>
<bind>
<opcode="partselect(1002) " fcode="partselect"/>
<opset="trunc_ln/1 "/>
</bind>
</comp>

<comp id="176" class="1004" name="sext_ln42_fu_176">
<pin_list>
<pin id="177" dir="0" index="0" bw="62" slack="0"/>
<pin id="178" dir="1" index="1" bw="64" slack="0"/>
</pin_list>
<bind>
<opcode="sext(35) " fcode="sext"/>
<opset="sext_ln42/1 "/>
</bind>
</comp>

<comp id="180" class="1004" name="gmem1_addr_fu_180">
<pin_list>
<pin id="181" dir="0" index="0" bw="64" slack="0"/>
<pin id="182" dir="0" index="1" bw="64" slack="0"/>
<pin id="183" dir="1" index="2" bw="64" slack="0"/>
</pin_list>
<bind>
<opcode="getelementptr(29) " fcode="getelementptr"/>
<opset="gmem1_addr/1 "/>
</bind>
</comp>

<comp id="187" class="1004" name="trunc_ln4_fu_187">
<pin_list>
<pin id="188" dir="0" index="0" bw="62" slack="0"/>
<pin id="189" dir="0" index="1" bw="64" slack="0"/>
<pin id="190" dir="0" index="2" bw="3" slack="0"/>
<pin id="191" dir="0" index="3" bw="7" slack="0"/>
<pin id="192" dir="1" index="4" bw="62" slack="0"/>
</pin_list>
<bind>
<opcode="partselect(1002) " fcode="partselect"/>
<opset="trunc_ln4/1 "/>
</bind>
</comp>

<comp id="197" class="1004" name="sext_ln44_fu_197">
<pin_list>
<pin id="198" dir="0" index="0" bw="62" slack="0"/>
<pin id="199" dir="1" index="1" bw="64" slack="0"/>
</pin_list>
<bind>
<opcode="sext(35) " fcode="sext"/>
<opset="sext_ln44/1 "/>
</bind>
</comp>

<comp id="201" class="1004" name="gmem3_addr_fu_201">
<pin_list>
<pin id="202" dir="0" index="0" bw="64" slack="0"/>
<pin id="203" dir="0" index="1" bw="64" slack="0"/>
<pin id="204" dir="1" index="2" bw="64" slack="0"/>
</pin_list>
<bind>
<opcode="getelementptr(29) " fcode="getelementptr"/>
<opset="gmem3_addr/1 "/>
</bind>
</comp>

<comp id="208" class="1004" name="sub_fu_208">
<pin_list>
<pin id="209" dir="0" index="0" bw="32" slack="0"/>
<pin id="210" dir="0" index="1" bw="1" slack="0"/>
<pin id="211" dir="1" index="2" bw="32" slack="0"/>
</pin_list>
<bind>
<opcode="add(8) " fcode="add"/>
<opset="sub/1 "/>
</bind>
</comp>

<comp id="214" class="1004" name="icmp_ln46_fu_214">
<pin_list>
<pin id="215" dir="0" index="0" bw="32" slack="0"/>
<pin id="216" dir="0" index="1" bw="32" slack="0"/>
<pin id="217" dir="1" index="2" bw="1" slack="0"/>
</pin_list>
<bind>
<opcode="icmp(45) " fcode="icmp"/>
<opset="icmp_ln46/1 "/>
</bind>
</comp>

<comp id="220" class="1004" name="trunc_ln46_fu_220">
<pin_list>
<pin id="221" dir="0" index="0" bw="32" slack="0"/>
<pin id="222" dir="1" index="1" bw="31" slack="0"/>
</pin_list>
<bind>
<opcode="trunc(33) " fcode="trunc"/>
<opset="trunc_ln46/1 "/>
</bind>
</comp>

<comp id="224" class="1004" name="add_ln46_fu_224">
<pin_list>
<pin id="225" dir="0" index="0" bw="64" slack="0"/>
<pin id="226" dir="0" index="1" bw="4" slack="0"/>
<pin id="227" dir="1" index="2" bw="64" slack="0"/>
</pin_list>
<bind>
<opcode="add(8) " fcode="add"/>
<opset="add_ln46/1 "/>
</bind>
</comp>

<comp id="230" class="1004" name="trunc_ln5_fu_230">
<pin_list>
<pin id="231" dir="0" index="0" bw="62" slack="0"/>
<pin id="232" dir="0" index="1" bw="64" slack="0"/>
<pin id="233" dir="0" index="2" bw="3" slack="0"/>
<pin id="234" dir="0" index="3" bw="7" slack="0"/>
<pin id="235" dir="1" index="4" bw="62" slack="1"/>
</pin_list>
<bind>
<opcode="partselect(1002) " fcode="partselect"/>
<opset="trunc_ln5/1 "/>
</bind>
</comp>

<comp id="240" class="1004" name="empty_fu_240">
<pin_list>
<pin id="241" dir="0" index="0" bw="1" slack="0"/>
<pin id="242" dir="0" index="1" bw="31" slack="0"/>
<pin id="243" dir="0" index="2" bw="31" slack="0"/>
<pin id="244" dir="1" index="3" bw="31" slack="1"/>
</pin_list>
<bind>
<opcode="select(49) " fcode="select"/>
<opset="empty/1 "/>
</bind>
</comp>

<comp id="248" class="1004" name="add_ln46_1_fu_248">
<pin_list>
<pin id="249" dir="0" index="0" bw="64" slack="0"/>
<pin id="250" dir="0" index="1" bw="4" slack="0"/>
<pin id="251" dir="1" index="2" bw="64" slack="0"/>
</pin_list>
<bind>
<opcode="add(8) " fcode="add"/>
<opset="add_ln46_1/1 "/>
</bind>
</comp>

<comp id="254" class="1004" name="trunc_ln46_1_fu_254">
<pin_list>
<pin id="255" dir="0" index="0" bw="62" slack="0"/>
<pin id="256" dir="0" index="1" bw="64" slack="0"/>
<pin id="257" dir="0" index="2" bw="3" slack="0"/>
<pin id="258" dir="0" index="3" bw="7" slack="0"/>
<pin id="259" dir="1" index="4" bw="62" slack="1"/>
</pin_list>
<bind>
<opcode="partselect(1002) " fcode="partselect"/>
<opset="trunc_ln46_1/1 "/>
</bind>
</comp>

<comp id="264" class="1004" name="shl_ln_fu_264">
<pin_list>
<pin id="265" dir="0" index="0" bw="34" slack="0"/>
<pin id="266" dir="0" index="1" bw="32" slack="0"/>
<pin id="267" dir="0" index="2" bw="1" slack="0"/>
<pin id="268" dir="1" index="3" bw="34" slack="0"/>
</pin_list>
<bind>
<opcode="bitconcatenate(1004) " fcode="bitconcatenate"/>
<opset="shl_ln/1 "/>
</bind>
</comp>

<comp id="272" class="1004" name="sext_ln65_fu_272">
<pin_list>
<pin id="273" dir="0" index="0" bw="34" slack="0"/>
<pin id="274" dir="1" index="1" bw="64" slack="0"/>
</pin_list>
<bind>
<opcode="sext(35) " fcode="sext"/>
<opset="sext_ln65/1 "/>
</bind>
</comp>

<comp id="276" class="1004" name="add_ln65_fu_276">
<pin_list>
<pin id="277" dir="0" index="0" bw="34" slack="0"/>
<pin id="278" dir="0" index="1" bw="64" slack="0"/>
<pin id="279" dir="1" index="2" bw="64" slack="0"/>
</pin_list>
<bind>
<opcode="add(8) " fcode="add"/>
<opset="add_ln65/1 "/>
</bind>
</comp>

<comp id="282" class="1004" name="trunc_ln6_fu_282">
<pin_list>
<pin id="283" dir="0" index="0" bw="62" slack="0"/>
<pin id="284" dir="0" index="1" bw="64" slack="0"/>
<pin id="285" dir="0" index="2" bw="3" slack="0"/>
<pin id="286" dir="0" index="3" bw="7" slack="0"/>
<pin id="287" dir="1" index="4" bw="62" slack="0"/>
</pin_list>
<bind>
<opcode="partselect(1002) " fcode="partselect"/>
<opset="trunc_ln6/1 "/>
</bind>
</comp>

<comp id="292" class="1004" name="sext_ln65_1_fu_292">
<pin_list>
<pin id="293" dir="0" index="0" bw="62" slack="0"/>
<pin id="294" dir="1" index="1" bw="64" slack="0"/>
</pin_list>
<bind>
<opcode="sext(35) " fcode="sext"/>
<opset="sext_ln65_1/1 "/>
</bind>
</comp>

<comp id="296" class="1004" name="gmem1_addr_2_fu_296">
<pin_list>
<pin id="297" dir="0" index="0" bw="64" slack="0"/>
<pin id="298" dir="0" index="1" bw="64" slack="0"/>
<pin id="299" dir="1" index="2" bw="64" slack="11"/>
</pin_list>
<bind>
<opcode="getelementptr(29) " fcode="getelementptr"/>
<opset="gmem1_addr_2/1 "/>
</bind>
</comp>

<comp id="302" class="1004" name="sext_ln46_fu_302">
<pin_list>
<pin id="303" dir="0" index="0" bw="62" slack="1"/>
<pin id="304" dir="1" index="1" bw="64" slack="0"/>
</pin_list>
<bind>
<opcode="sext(35) " fcode="sext"/>
<opset="sext_ln46/2 "/>
</bind>
</comp>

<comp id="305" class="1004" name="gmem1_addr_1_fu_305">
<pin_list>
<pin id="306" dir="0" index="0" bw="64" slack="0"/>
<pin id="307" dir="0" index="1" bw="64" slack="0"/>
<pin id="308" dir="1" index="2" bw="64" slack="0"/>
</pin_list>
<bind>
<opcode="getelementptr(29) " fcode="getelementptr"/>
<opset="gmem1_addr_1/2 "/>
</bind>
</comp>

<comp id="312" class="1004" name="zext_ln46_fu_312">
<pin_list>
<pin id="313" dir="0" index="0" bw="31" slack="1"/>
<pin id="314" dir="1" index="1" bw="64" slack="0"/>
</pin_list>
<bind>
<opcode="zext(34) " fcode="zext"/>
<opset="zext_ln46/2 "/>
</bind>
</comp>

<comp id="317" class="1004" name="sext_ln46_1_fu_317">
<pin_list>
<pin id="318" dir="0" index="0" bw="62" slack="1"/>
<pin id="319" dir="1" index="1" bw="64" slack="0"/>
</pin_list>
<bind>
<opcode="sext(35) " fcode="sext"/>
<opset="sext_ln46_1/2 "/>
</bind>
</comp>

<comp id="320" class="1004" name="gmem3_addr_1_fu_320">
<pin_list>
<pin id="321" dir="0" index="0" bw="64" slack="0"/>
<pin id="322" dir="0" index="1" bw="64" slack="0"/>
<pin id="323" dir="1" index="2" bw="64" slack="0"/>
</pin_list>
<bind>
<opcode="getelementptr(29) " fcode="getelementptr"/>
<opset="gmem3_addr_1/2 "/>
</bind>
</comp>

<comp id="327" class="1004" name="p_loc_load_load_fu_327">
<pin_list>
<pin id="328" dir="0" index="0" bw="32" slack="20"/>
<pin id="329" dir="1" index="1" bw="32" slack="0"/>
</pin_list>
<bind>
<opcode="load(27) " fcode="load"/>
<opset="p_loc_load/21 "/>
</bind>
</comp>

<comp id="330" class="1004" name="prev_1_loc_load_load_fu_330">
<pin_list>
<pin id="331" dir="0" index="0" bw="32" slack="20"/>
<pin id="332" dir="1" index="1" bw="32" slack="0"/>
</pin_list>
<bind>
<opcode="load(27) " fcode="load"/>
<opset="prev_1_loc_load/21 "/>
</bind>
</comp>

<comp id="333" class="1004" name="col_nnz_fu_333">
<pin_list>
<pin id="334" dir="0" index="0" bw="32" slack="1"/>
<pin id="335" dir="0" index="1" bw="32" slack="0"/>
<pin id="336" dir="1" index="2" bw="32" slack="0"/>
</pin_list>
<bind>
<opcode="sub(10) " fcode="sub"/>
<opset="col_nnz/21 "/>
</bind>
</comp>

<comp id="338" class="1004" name="icmp_ln67_fu_338">
<pin_list>
<pin id="339" dir="0" index="0" bw="32" slack="0"/>
<pin id="340" dir="0" index="1" bw="32" slack="0"/>
<pin id="341" dir="1" index="2" bw="1" slack="2147483647"/>
</pin_list>
<bind>
<opcode="icmp(45) " fcode="icmp"/>
<opset="icmp_ln67/21 "/>
</bind>
</comp>

<comp id="344" class="1004" name="p_0_fu_344">
<pin_list>
<pin id="345" dir="0" index="0" bw="64" slack="0"/>
<pin id="346" dir="0" index="1" bw="32" slack="0"/>
<pin id="347" dir="0" index="2" bw="32" slack="0"/>
<pin id="348" dir="1" index="3" bw="64" slack="0"/>
</pin_list>
<bind>
<opcode="bitconcatenate(1004) " fcode="bitconcatenate"/>
<opset="p_0/21 "/>
</bind>
</comp>

<comp id="353" class="1005" name="prev_1_loc_reg_353">
<pin_list>
<pin id="354" dir="0" index="0" bw="32" slack="9"/>
<pin id="355" dir="1" index="1" bw="32" slack="9"/>
</pin_list>
<bind>
<opset="prev_1_loc "/>
</bind>
</comp>

<comp id="359" class="1005" name="p_loc_reg_359">
<pin_list>
<pin id="360" dir="0" index="0" bw="32" slack="9"/>
<pin id="361" dir="1" index="1" bw="32" slack="9"/>
</pin_list>
<bind>
<opset="p_loc "/>
</bind>
</comp>

<comp id="365" class="1005" name="gmem1_addr_reg_365">
<pin_list>
<pin id="366" dir="0" index="0" bw="32" slack="1"/>
<pin id="367" dir="1" index="1" bw="32" slack="1"/>
</pin_list>
<bind>
<opset="gmem1_addr "/>
</bind>
</comp>

<comp id="371" class="1005" name="gmem3_addr_reg_371">
<pin_list>
<pin id="372" dir="0" index="0" bw="32" slack="1"/>
<pin id="373" dir="1" index="1" bw="32" slack="1"/>
</pin_list>
<bind>
<opset="gmem3_addr "/>
</bind>
</comp>

<comp id="377" class="1005" name="sub_reg_377">
<pin_list>
<pin id="378" dir="0" index="0" bw="32" slack="9"/>
<pin id="379" dir="1" index="1" bw="32" slack="9"/>
</pin_list>
<bind>
<opset="sub "/>
</bind>
</comp>

<comp id="382" class="1005" name="trunc_ln5_reg_382">
<pin_list>
<pin id="383" dir="0" index="0" bw="62" slack="1"/>
<pin id="384" dir="1" index="1" bw="62" slack="1"/>
</pin_list>
<bind>
<opset="trunc_ln5 "/>
</bind>
</comp>

<comp id="388" class="1005" name="empty_reg_388">
<pin_list>
<pin id="389" dir="0" index="0" bw="31" slack="1"/>
<pin id="390" dir="1" index="1" bw="31" slack="1"/>
</pin_list>
<bind>
<opset="empty "/>
</bind>
</comp>

<comp id="393" class="1005" name="trunc_ln46_1_reg_393">
<pin_list>
<pin id="394" dir="0" index="0" bw="62" slack="1"/>
<pin id="395" dir="1" index="1" bw="62" slack="1"/>
</pin_list>
<bind>
<opset="trunc_ln46_1 "/>
</bind>
</comp>

<comp id="399" class="1005" name="gmem1_addr_2_reg_399">
<pin_list>
<pin id="400" dir="0" index="0" bw="32" slack="11"/>
<pin id="401" dir="1" index="1" bw="32" slack="11"/>
</pin_list>
<bind>
<opset="gmem1_addr_2 "/>
</bind>
</comp>

<comp id="405" class="1005" name="gmem1_addr_1_reg_405">
<pin_list>
<pin id="406" dir="0" index="0" bw="32" slack="1"/>
<pin id="407" dir="1" index="1" bw="32" slack="1"/>
</pin_list>
<bind>
<opset="gmem1_addr_1 "/>
</bind>
</comp>

<comp id="410" class="1005" name="zext_ln46_reg_410">
<pin_list>
<pin id="411" dir="0" index="0" bw="64" slack="1"/>
<pin id="412" dir="1" index="1" bw="64" slack="1"/>
</pin_list>
<bind>
<opset="zext_ln46 "/>
</bind>
</comp>

<comp id="416" class="1005" name="gmem3_addr_1_reg_416">
<pin_list>
<pin id="417" dir="0" index="0" bw="32" slack="1"/>
<pin id="418" dir="1" index="1" bw="32" slack="1"/>
</pin_list>
<bind>
<opset="gmem3_addr_1 "/>
</bind>
</comp>

<comp id="421" class="1005" name="prev_reg_421">
<pin_list>
<pin id="422" dir="0" index="0" bw="32" slack="1"/>
<pin id="423" dir="1" index="1" bw="32" slack="1"/>
</pin_list>
<bind>
<opset="prev "/>
</bind>
</comp>

<comp id="426" class="1005" name="x_element_reg_426">
<pin_list>
<pin id="427" dir="0" index="0" bw="32" slack="1"/>
<pin id="428" dir="1" index="1" bw="32" slack="1"/>
</pin_list>
<bind>
<opset="x_element "/>
</bind>
</comp>

<comp id="431" class="1005" name="next_reg_431">
<pin_list>
<pin id="432" dir="0" index="0" bw="32" slack="1"/>
<pin id="433" dir="1" index="1" bw="32" slack="1"/>
</pin_list>
<bind>
<opset="next "/>
</bind>
</comp>

</comp_list>

<net_list>
<net id="71"><net_src comp="16" pin="0"/><net_sink comp="68" pin=0"/></net>

<net id="75"><net_src comp="16" pin="0"/><net_sink comp="72" pin=0"/></net>

<net id="80"><net_src comp="12" pin="0"/><net_sink comp="76" pin=0"/></net>

<net id="81"><net_src comp="8" pin="0"/><net_sink comp="76" pin=1"/></net>

<net id="86"><net_src comp="12" pin="0"/><net_sink comp="82" pin=0"/></net>

<net id="87"><net_src comp="4" pin="0"/><net_sink comp="82" pin=1"/></net>

<net id="92"><net_src comp="14" pin="0"/><net_sink comp="88" pin=0"/></net>

<net id="93"><net_src comp="0" pin="0"/><net_sink comp="88" pin=1"/></net>

<net id="99"><net_src comp="24" pin="0"/><net_sink comp="94" pin=0"/></net>

<net id="100"><net_src comp="16" pin="0"/><net_sink comp="94" pin=2"/></net>

<net id="106"><net_src comp="24" pin="0"/><net_sink comp="101" pin=0"/></net>

<net id="107"><net_src comp="16" pin="0"/><net_sink comp="101" pin=2"/></net>

<net id="113"><net_src comp="38" pin="0"/><net_sink comp="108" pin=0"/></net>

<net id="119"><net_src comp="38" pin="0"/><net_sink comp="114" pin=0"/></net>

<net id="124"><net_src comp="40" pin="0"/><net_sink comp="120" pin=0"/></net>

<net id="129"><net_src comp="40" pin="0"/><net_sink comp="125" pin=0"/></net>

<net id="135"><net_src comp="24" pin="0"/><net_sink comp="130" pin=0"/></net>

<net id="136"><net_src comp="16" pin="0"/><net_sink comp="130" pin=2"/></net>

<net id="141"><net_src comp="40" pin="0"/><net_sink comp="137" pin=0"/></net>

<net id="147"><net_src comp="66" pin="0"/><net_sink comp="142" pin=0"/></net>

<net id="148"><net_src comp="10" pin="0"/><net_sink comp="142" pin=1"/></net>

<net id="162"><net_src comp="42" pin="0"/><net_sink comp="149" pin=0"/></net>

<net id="163"><net_src comp="6" pin="0"/><net_sink comp="149" pin=4"/></net>

<net id="164"><net_src comp="2" pin="0"/><net_sink comp="149" pin=6"/></net>

<net id="165"><net_src comp="10" pin="0"/><net_sink comp="149" pin=8"/></net>

<net id="172"><net_src comp="18" pin="0"/><net_sink comp="166" pin=0"/></net>

<net id="173"><net_src comp="82" pin="2"/><net_sink comp="166" pin=1"/></net>

<net id="174"><net_src comp="20" pin="0"/><net_sink comp="166" pin=2"/></net>

<net id="175"><net_src comp="22" pin="0"/><net_sink comp="166" pin=3"/></net>

<net id="179"><net_src comp="166" pin="4"/><net_sink comp="176" pin=0"/></net>

<net id="184"><net_src comp="2" pin="0"/><net_sink comp="180" pin=0"/></net>

<net id="185"><net_src comp="176" pin="1"/><net_sink comp="180" pin=1"/></net>

<net id="186"><net_src comp="180" pin="2"/><net_sink comp="94" pin=1"/></net>

<net id="193"><net_src comp="18" pin="0"/><net_sink comp="187" pin=0"/></net>

<net id="194"><net_src comp="76" pin="2"/><net_sink comp="187" pin=1"/></net>

<net id="195"><net_src comp="20" pin="0"/><net_sink comp="187" pin=2"/></net>

<net id="196"><net_src comp="22" pin="0"/><net_sink comp="187" pin=3"/></net>

<net id="200"><net_src comp="187" pin="4"/><net_sink comp="197" pin=0"/></net>

<net id="205"><net_src comp="6" pin="0"/><net_sink comp="201" pin=0"/></net>

<net id="206"><net_src comp="197" pin="1"/><net_sink comp="201" pin=1"/></net>

<net id="207"><net_src comp="201" pin="2"/><net_sink comp="101" pin=1"/></net>

<net id="212"><net_src comp="88" pin="2"/><net_sink comp="208" pin=0"/></net>

<net id="213"><net_src comp="26" pin="0"/><net_sink comp="208" pin=1"/></net>

<net id="218"><net_src comp="208" pin="2"/><net_sink comp="214" pin=0"/></net>

<net id="219"><net_src comp="28" pin="0"/><net_sink comp="214" pin=1"/></net>

<net id="223"><net_src comp="208" pin="2"/><net_sink comp="220" pin=0"/></net>

<net id="228"><net_src comp="82" pin="2"/><net_sink comp="224" pin=0"/></net>

<net id="229"><net_src comp="30" pin="0"/><net_sink comp="224" pin=1"/></net>

<net id="236"><net_src comp="18" pin="0"/><net_sink comp="230" pin=0"/></net>

<net id="237"><net_src comp="224" pin="2"/><net_sink comp="230" pin=1"/></net>

<net id="238"><net_src comp="20" pin="0"/><net_sink comp="230" pin=2"/></net>

<net id="239"><net_src comp="22" pin="0"/><net_sink comp="230" pin=3"/></net>

<net id="245"><net_src comp="214" pin="2"/><net_sink comp="240" pin=0"/></net>

<net id="246"><net_src comp="220" pin="1"/><net_sink comp="240" pin=1"/></net>

<net id="247"><net_src comp="32" pin="0"/><net_sink comp="240" pin=2"/></net>

<net id="252"><net_src comp="76" pin="2"/><net_sink comp="248" pin=0"/></net>

<net id="253"><net_src comp="30" pin="0"/><net_sink comp="248" pin=1"/></net>

<net id="260"><net_src comp="18" pin="0"/><net_sink comp="254" pin=0"/></net>

<net id="261"><net_src comp="248" pin="2"/><net_sink comp="254" pin=1"/></net>

<net id="262"><net_src comp="20" pin="0"/><net_sink comp="254" pin=2"/></net>

<net id="263"><net_src comp="22" pin="0"/><net_sink comp="254" pin=3"/></net>

<net id="269"><net_src comp="34" pin="0"/><net_sink comp="264" pin=0"/></net>

<net id="270"><net_src comp="88" pin="2"/><net_sink comp="264" pin=1"/></net>

<net id="271"><net_src comp="36" pin="0"/><net_sink comp="264" pin=2"/></net>

<net id="275"><net_src comp="264" pin="3"/><net_sink comp="272" pin=0"/></net>

<net id="280"><net_src comp="272" pin="1"/><net_sink comp="276" pin=0"/></net>

<net id="281"><net_src comp="82" pin="2"/><net_sink comp="276" pin=1"/></net>

<net id="288"><net_src comp="18" pin="0"/><net_sink comp="282" pin=0"/></net>

<net id="289"><net_src comp="276" pin="2"/><net_sink comp="282" pin=1"/></net>

<net id="290"><net_src comp="20" pin="0"/><net_sink comp="282" pin=2"/></net>

<net id="291"><net_src comp="22" pin="0"/><net_sink comp="282" pin=3"/></net>

<net id="295"><net_src comp="282" pin="4"/><net_sink comp="292" pin=0"/></net>

<net id="300"><net_src comp="2" pin="0"/><net_sink comp="296" pin=0"/></net>

<net id="301"><net_src comp="292" pin="1"/><net_sink comp="296" pin=1"/></net>

<net id="309"><net_src comp="2" pin="0"/><net_sink comp="305" pin=0"/></net>

<net id="310"><net_src comp="302" pin="1"/><net_sink comp="305" pin=1"/></net>

<net id="311"><net_src comp="305" pin="2"/><net_sink comp="108" pin=1"/></net>

<net id="315"><net_src comp="312" pin="1"/><net_sink comp="108" pin=2"/></net>

<net id="316"><net_src comp="312" pin="1"/><net_sink comp="114" pin=2"/></net>

<net id="324"><net_src comp="6" pin="0"/><net_sink comp="320" pin=0"/></net>

<net id="325"><net_src comp="317" pin="1"/><net_sink comp="320" pin=1"/></net>

<net id="326"><net_src comp="320" pin="2"/><net_sink comp="114" pin=1"/></net>

<net id="337"><net_src comp="330" pin="1"/><net_sink comp="333" pin=1"/></net>

<net id="342"><net_src comp="333" pin="2"/><net_sink comp="338" pin=0"/></net>

<net id="343"><net_src comp="28" pin="0"/><net_sink comp="338" pin=1"/></net>

<net id="349"><net_src comp="64" pin="0"/><net_sink comp="344" pin=0"/></net>

<net id="350"><net_src comp="327" pin="1"/><net_sink comp="344" pin=1"/></net>

<net id="351"><net_src comp="333" pin="2"/><net_sink comp="344" pin=2"/></net>

<net id="352"><net_src comp="344" pin="3"/><net_sink comp="142" pin=2"/></net>

<net id="356"><net_src comp="68" pin="1"/><net_sink comp="353" pin=0"/></net>

<net id="357"><net_src comp="353" pin="1"/><net_sink comp="149" pin=10"/></net>

<net id="358"><net_src comp="353" pin="1"/><net_sink comp="330" pin=0"/></net>

<net id="362"><net_src comp="72" pin="1"/><net_sink comp="359" pin=0"/></net>

<net id="363"><net_src comp="359" pin="1"/><net_sink comp="149" pin=9"/></net>

<net id="364"><net_src comp="359" pin="1"/><net_sink comp="327" pin=0"/></net>

<net id="368"><net_src comp="180" pin="2"/><net_sink comp="365" pin=0"/></net>

<net id="369"><net_src comp="365" pin="1"/><net_sink comp="94" pin=1"/></net>

<net id="370"><net_src comp="365" pin="1"/><net_sink comp="120" pin=1"/></net>

<net id="374"><net_src comp="201" pin="2"/><net_sink comp="371" pin=0"/></net>

<net id="375"><net_src comp="371" pin="1"/><net_sink comp="101" pin=1"/></net>

<net id="376"><net_src comp="371" pin="1"/><net_sink comp="125" pin=1"/></net>

<net id="380"><net_src comp="208" pin="2"/><net_sink comp="377" pin=0"/></net>

<net id="381"><net_src comp="377" pin="1"/><net_sink comp="149" pin=3"/></net>

<net id="385"><net_src comp="230" pin="4"/><net_sink comp="382" pin=0"/></net>

<net id="386"><net_src comp="382" pin="1"/><net_sink comp="302" pin=0"/></net>

<net id="387"><net_src comp="382" pin="1"/><net_sink comp="149" pin=7"/></net>

<net id="391"><net_src comp="240" pin="3"/><net_sink comp="388" pin=0"/></net>

<net id="392"><net_src comp="388" pin="1"/><net_sink comp="312" pin=0"/></net>

<net id="396"><net_src comp="254" pin="4"/><net_sink comp="393" pin=0"/></net>

<net id="397"><net_src comp="393" pin="1"/><net_sink comp="317" pin=0"/></net>

<net id="398"><net_src comp="393" pin="1"/><net_sink comp="149" pin=5"/></net>

<net id="402"><net_src comp="296" pin="2"/><net_sink comp="399" pin=0"/></net>

<net id="403"><net_src comp="399" pin="1"/><net_sink comp="130" pin=1"/></net>

<net id="404"><net_src comp="399" pin="1"/><net_sink comp="137" pin=1"/></net>

<net id="408"><net_src comp="305" pin="2"/><net_sink comp="405" pin=0"/></net>

<net id="409"><net_src comp="405" pin="1"/><net_sink comp="108" pin=1"/></net>

<net id="413"><net_src comp="312" pin="1"/><net_sink comp="410" pin=0"/></net>

<net id="414"><net_src comp="410" pin="1"/><net_sink comp="108" pin=2"/></net>

<net id="415"><net_src comp="410" pin="1"/><net_sink comp="114" pin=2"/></net>

<net id="419"><net_src comp="320" pin="2"/><net_sink comp="416" pin=0"/></net>

<net id="420"><net_src comp="416" pin="1"/><net_sink comp="114" pin=1"/></net>

<net id="424"><net_src comp="120" pin="2"/><net_sink comp="421" pin=0"/></net>

<net id="425"><net_src comp="421" pin="1"/><net_sink comp="149" pin=2"/></net>

<net id="429"><net_src comp="125" pin="2"/><net_sink comp="426" pin=0"/></net>

<net id="430"><net_src comp="426" pin="1"/><net_sink comp="149" pin=1"/></net>

<net id="434"><net_src comp="137" pin="2"/><net_sink comp="431" pin=0"/></net>

<net id="435"><net_src comp="431" pin="1"/><net_sink comp="333" pin=0"/></net>

</net_list>

</model> 
---------------- Datapath Model END ------------------

* FSMD analyzer results:
  - Output states:
	Port: gmem1 | {}
	Port: gmem3 | {}
	Port: col_info_stream | {10 11 21 }
 - Input state : 
	Port: read_col_info : num_cols | {1 }
	Port: read_col_info : gmem1 | {1 2 3 4 5 6 7 8 9 10 11 12 13 14 15 16 17 18 19 20 }
	Port: read_col_info : A_col_ptr | {1 }
	Port: read_col_info : gmem3 | {1 2 3 4 5 6 7 8 9 10 11 }
	Port: read_col_info : x_in | {1 }
  - Chain level:
	State 1
		sext_ln42 : 1
		gmem1_addr : 2
		prev_req : 3
		sext_ln44 : 1
		gmem3_addr : 2
		x_element_req : 3
		icmp_ln46 : 1
		trunc_ln46 : 1
		trunc_ln5 : 1
		empty : 2
		trunc_ln46_1 : 1
		sext_ln65 : 1
		add_ln65 : 2
		trunc_ln6 : 3
		sext_ln65_1 : 4
		gmem1_addr_2 : 5
	State 2
		gmem1_addr_1 : 1
		empty_86 : 2
		gmem3_addr_1 : 1
		empty_87 : 2
	State 3
	State 4
	State 5
	State 6
	State 7
	State 8
	State 9
	State 10
	State 11
	State 12
	State 13
	State 14
	State 15
	State 16
	State 17
	State 18
	State 19
	State 20
	State 21
		col_nnz : 1
		icmp_ln67 : 2
		br_ln67 : 3
		p_0 : 2
		write_ln72 : 3


============================================================
+ Verbose Summary: Datapath Resource usage 
============================================================

* Functional unit list:
|----------|---------------------------------------------------|---------|---------|
| Operation|                  Functional Unit                  |    FF   |   LUT   |
|----------|---------------------------------------------------|---------|---------|
|   call   | grp_read_col_info_Pipeline_VITIS_LOOP_46_1_fu_149 |   321   |   155   |
|----------|---------------------------------------------------|---------|---------|
|          |                     sub_fu_208                    |    0    |    39   |
|    add   |                  add_ln46_fu_224                  |    0    |    71   |
|          |                 add_ln46_1_fu_248                 |    0    |    71   |
|          |                  add_ln65_fu_276                  |    0    |    71   |
|----------|---------------------------------------------------|---------|---------|
|   icmp   |                  icmp_ln46_fu_214                 |    0    |    39   |
|          |                  icmp_ln67_fu_338                 |    0    |    39   |
|----------|---------------------------------------------------|---------|---------|
|    sub   |                   col_nnz_fu_333                  |    0    |    39   |
|----------|---------------------------------------------------|---------|---------|
|  select  |                    empty_fu_240                   |    0    |    31   |
|----------|---------------------------------------------------|---------|---------|
|          |                x_in_read_read_fu_76               |    0    |    0    |
|          |             A_col_ptr_read_read_fu_82             |    0    |    0    |
|   read   |              num_cols_read_read_fu_88             |    0    |    0    |
|          |                  prev_read_fu_120                 |    0    |    0    |
|          |               x_element_read_fu_125               |    0    |    0    |
|          |                  next_read_fu_137                 |    0    |    0    |
|----------|---------------------------------------------------|---------|---------|
|          |                 grp_readreq_fu_94                 |    0    |    0    |
|          |                 grp_readreq_fu_101                |    0    |    0    |
|  readreq |                 grp_readreq_fu_108                |    0    |    0    |
|          |                 grp_readreq_fu_114                |    0    |    0    |
|          |                 grp_readreq_fu_130                |    0    |    0    |
|----------|---------------------------------------------------|---------|---------|
|   write  |              write_ln72_write_fu_142              |    0    |    0    |
|----------|---------------------------------------------------|---------|---------|
|          |                  trunc_ln_fu_166                  |    0    |    0    |
|          |                  trunc_ln4_fu_187                 |    0    |    0    |
|partselect|                  trunc_ln5_fu_230                 |    0    |    0    |
|          |                trunc_ln46_1_fu_254                |    0    |    0    |
|          |                  trunc_ln6_fu_282                 |    0    |    0    |
|----------|---------------------------------------------------|---------|---------|
|          |                  sext_ln42_fu_176                 |    0    |    0    |
|          |                  sext_ln44_fu_197                 |    0    |    0    |
|   sext   |                  sext_ln65_fu_272                 |    0    |    0    |
|          |                 sext_ln65_1_fu_292                |    0    |    0    |
|          |                  sext_ln46_fu_302                 |    0    |    0    |
|          |                 sext_ln46_1_fu_317                |    0    |    0    |
|----------|---------------------------------------------------|---------|---------|
|   trunc  |                 trunc_ln46_fu_220                 |    0    |    0    |
|----------|---------------------------------------------------|---------|---------|
|bitconcatenate|                   shl_ln_fu_264                   |    0    |    0    |
|          |                     p_0_fu_344                    |    0    |    0    |
|----------|---------------------------------------------------|---------|---------|
|   zext   |                  zext_ln46_fu_312                 |    0    |    0    |
|----------|---------------------------------------------------|---------|---------|
|   Total  |                                                   |   321   |   555   |
|----------|---------------------------------------------------|---------|---------|

Memories:
N/A

* Register list:
+--------------------+--------+
|                    |   FF   |
+--------------------+--------+
|    empty_reg_388   |   31   |
|gmem1_addr_1_reg_405|   32   |
|gmem1_addr_2_reg_399|   32   |
| gmem1_addr_reg_365 |   32   |
|gmem3_addr_1_reg_416|   32   |
| gmem3_addr_reg_371 |   32   |
|    next_reg_431    |   32   |
|    p_loc_reg_359   |   32   |
| prev_1_loc_reg_353 |   32   |
|    prev_reg_421    |   32   |
|     sub_reg_377    |   32   |
|trunc_ln46_1_reg_393|   62   |
|  trunc_ln5_reg_382 |   62   |
|  x_element_reg_426 |   32   |
|  zext_ln46_reg_410 |   64   |
+--------------------+--------+
|        Total       |   571  |
+--------------------+--------+

* Multiplexer (MUX) list: 
|--------------------|------|------|------|--------||---------||---------||---------|
|        Comp        |  Pin | Size |  BW  | S x BW ||  Delay  ||    FF   ||   LUT   |
|--------------------|------|------|------|--------||---------||---------||---------|
|  grp_readreq_fu_94 |  p1  |   2  |  32  |   64   ||    0    ||    9    |
| grp_readreq_fu_101 |  p1  |   2  |  32  |   64   ||    0    ||    9    |
| grp_readreq_fu_108 |  p1  |   2  |  32  |   64   ||    0    ||    9    |
| grp_readreq_fu_108 |  p2  |   2  |  31  |   62   ||    0    ||    9    |
| grp_readreq_fu_114 |  p1  |   2  |  32  |   64   ||    0    ||    9    |
| grp_readreq_fu_114 |  p2  |   2  |  31  |   62   ||    0    ||    9    |
|--------------------|------|------|------|--------||---------||---------||---------|
|        Total       |      |      |      |   380  ||  2.562  ||    0    ||    54   |
|--------------------|------|------|------|--------||---------||---------||---------|



* Summary:
+-----------+--------+--------+--------+
|           |  Delay |   FF   |   LUT  |
+-----------+--------+--------+--------+
|  Function |    -   |   321  |   555  |
|   Memory  |    -   |    -   |    -   |
|Multiplexer|    2   |    0   |   54   |
|  Register |    -   |   571  |    -   |
+-----------+--------+--------+--------+
|   Total   |    2   |   892  |   609  |
+-----------+--------+--------+--------+
