

================================================================
== Vitis HLS Report for 'read_nnz_packed'
================================================================
* Date:           Thu Apr 23 17:41:58 2026

* Version:        2024.2 (Build 5238294 on Nov  8 2024)
* Project:        spmv_csc
* Solution:       hls (Vivado IP Flow Target)
* Product family: zynquplus
* Target device:  xczu7ev-ffvc1156-2-e


================================================================
== Performance Estimates
================================================================
+ Timing: 
    * Summary: 
    +--------+---------+----------+------------+
    |  Clock |  Target | Estimated| Uncertainty|
    +--------+---------+----------+------------+
    |ap_clk  |  5.00 ns|  4.000 ns|     1.00 ns|
    +--------+---------+----------+------------+

+ Latency: 
    * Summary: 
    +---------+-----------+-----------+-----------+-----+-----------+---------+
    |   Latency (cycles)  |   Latency (absolute)  |     Interval    | Pipeline|
    |   min   |    max    |    min    |    max    | min |    max    |   Type  |
    +---------+-----------+-----------+-----------+-----+-----------+---------+
    |       13|  134217740|  65.000 ns|  0.671 sec|   13|  134217740|       no|
    +---------+-----------+-----------+-----------+-----+-----------+---------+

    + Detail: 
        * Instance: 
        N/A

        * Loop: 
        N/A

============================================================
+ Verbose Summary: Synthesis Manager
============================================================
InlineROM: 1
ExposeGlobal: 0
============================================================
+ Verbose Summary: CDFG Model
============================================================
IsTopModel: 0
ResetActiveHigh: 1
IsCombinational: 2
IsDatapathOnly: 0
HasWiredReturn: 1
HasMFsm: 0
HasVarLatency: 1
IsPipeline: 0
IsRtlPipelined: 0
IsInstanceOverlapped: 0
IsDontTouch: 0
HasImplIP: 0
IsGatedGlobalClock: 0


============================================================
+ Verbose Summary: Schedule
============================================================
* Number of FSM states : 11
* Pipeline : 0
* Dataflow Pipeline: 0

* FSM state transitions: 
1 --> 2 
2 --> 3 
3 --> 4 
4 --> 5 
5 --> 6 
6 --> 7 
7 --> 8 
8 --> 9 
9 --> 10 
10 --> 11 
11 --> 

* FSM state operations: 

State 1 <SV = 0> <Delay = 2.70>
ST_1 : Operation 12 [1/1] (0.00ns)   --->   "%nnz_read = read i32 @_ssdm_op_Read.ap_auto.i32, i32 %nnz"   --->   Operation 12 'read' 'nnz_read' <Predicate = true> <Delay = 0.00>
ST_1 : Operation 13 [1/1] ( I:1.83ns O:1.83ns )   --->   "%write_ln0 = write void @_ssdm_op_Write.ap_fifo.i32P0A, i32 %nnz_c, i32 %nnz_read"   --->   Operation 13 'write' 'write_ln0' <Predicate = true> <Delay = 1.83> <CoreInst = "FIFO_SRL">   --->   Core 80 'FIFO_SRL' <Latency = 0> <II = 1> <Delay = 1.83> <Storage> <Opcode : 'read' 'write' 'nbread' 'nbwrite'> <Ports = 0> <Width = 32> <Depth = 2> <FIFO>
ST_1 : Operation 14 [1/1] (1.01ns)   --->   "%add_ln86 = add i32 %nnz_read, i32 15" [../HLS/src/spmv_csc.cpp:86]   --->   Operation 14 'add' 'add_ln86' <Predicate = true> <Delay = 1.01> <CoreInst = "Adder">   --->   Core 1 'Adder' <Latency = 0> <II = 1> <Delay = 1.01> <FuncUnit> <Opcode : 'add' 'sub'> <InPorts = 2> <OutPorts = 1>
ST_1 : Operation 15 [1/1] (0.00ns)   --->   "%tmp_7 = bitselect i1 @_ssdm_op_BitSelect.i1.i32.i32, i32 %add_ln86, i32 31" [../HLS/src/spmv_csc.cpp:86]   --->   Operation 15 'bitselect' 'tmp_7' <Predicate = true> <Delay = 0.00>
ST_1 : Operation 16 [1/1] (1.01ns)   --->   "%sub_ln86 = sub i32 4294967281, i32 %nnz_read" [../HLS/src/spmv_csc.cpp:86]   --->   Operation 16 'sub' 'sub_ln86' <Predicate = true> <Delay = 1.01> <CoreInst = "Adder">   --->   Core 1 'Adder' <Latency = 0> <II = 1> <Delay = 1.01> <FuncUnit> <Opcode : 'add' 'sub'> <InPorts = 2> <OutPorts = 1>
ST_1 : Operation 17 [1/1] (0.00ns)   --->   "%tmp = partselect i28 @_ssdm_op_PartSelect.i28.i32.i32.i32, i32 %sub_ln86, i32 4, i32 31" [../HLS/src/spmv_csc.cpp:86]   --->   Operation 17 'partselect' 'tmp' <Predicate = true> <Delay = 0.00>
ST_1 : Operation 18 [1/1] (0.00ns)   --->   "%zext_ln86 = zext i28 %tmp" [../HLS/src/spmv_csc.cpp:86]   --->   Operation 18 'zext' 'zext_ln86' <Predicate = true> <Delay = 0.00>
ST_1 : Operation 19 [1/1] (0.97ns)   --->   "%sub_ln86_1 = sub i29 0, i29 %zext_ln86" [../HLS/src/spmv_csc.cpp:86]   --->   Operation 19 'sub' 'sub_ln86_1' <Predicate = true> <Delay = 0.97> <CoreInst = "Adder">   --->   Core 1 'Adder' <Latency = 0> <II = 1> <Delay = 0.97> <FuncUnit> <Opcode : 'add' 'sub'> <InPorts = 2> <OutPorts = 1>
ST_1 : Operation 20 [1/1] (0.00ns)   --->   "%tmp_5 = partselect i28 @_ssdm_op_PartSelect.i28.i32.i32.i32, i32 %add_ln86, i32 4, i32 31" [../HLS/src/spmv_csc.cpp:86]   --->   Operation 20 'partselect' 'tmp_5' <Predicate = true> <Delay = 0.00>
ST_1 : Operation 21 [1/1] (0.00ns)   --->   "%zext_ln86_1 = zext i28 %tmp_5" [../HLS/src/spmv_csc.cpp:86]   --->   Operation 21 'zext' 'zext_ln86_1' <Predicate = true> <Delay = 0.00>
ST_1 : Operation 22 [1/1] (0.35ns)   --->   "%words = select i1 %tmp_7, i29 %sub_ln86_1, i29 %zext_ln86_1" [../HLS/src/spmv_csc.cpp:86]   --->   Operation 22 'select' 'words' <Predicate = true> <Delay = 0.35> <CoreInst = "Sel">   --->   Core 73 'Sel' <Latency = 0> <II = 1> <Delay = 0.35> <FuncUnit> <Opcode : 'select'> <InPorts = 3> <OutPorts = 1>
ST_1 : Operation 23 [1/1] (1.01ns)   --->   "%icmp_ln89 = icmp_sgt  i32 %nnz_read, i32 0" [../HLS/src/spmv_csc.cpp:89]   --->   Operation 23 'icmp' 'icmp_ln89' <Predicate = true> <Delay = 1.01> <CoreInst = "Cmp">   --->   Core 9 'Cmp' <Latency = 0> <II = 1> <Delay = 1.01> <FuncUnit> <Opcode : 'seteq' 'setne' 'setle' 'setge' 'setlt' 'setgt'> <InPorts = 2> <OutPorts = 1>
ST_1 : Operation 24 [1/1] (0.35ns)   --->   "%empty = select i1 %icmp_ln89, i29 %words, i29 0" [../HLS/src/spmv_csc.cpp:89]   --->   Operation 24 'select' 'empty' <Predicate = true> <Delay = 0.35> <CoreInst = "Sel">   --->   Core 73 'Sel' <Latency = 0> <II = 1> <Delay = 0.35> <FuncUnit> <Opcode : 'select'> <InPorts = 3> <OutPorts = 1>

State 2 <SV = 1> <Delay = 4.00>
ST_2 : Operation 25 [1/1] (0.00ns)   --->   "%val_in_read = read i64 @_ssdm_op_Read.ap_auto.i64, i64 %val_in"   --->   Operation 25 'read' 'val_in_read' <Predicate = true> <Delay = 0.00>
ST_2 : Operation 26 [1/1] (0.00ns)   --->   "%row_in_read = read i64 @_ssdm_op_Read.ap_auto.i64, i64 %row_in"   --->   Operation 26 'read' 'row_in_read' <Predicate = true> <Delay = 0.00>
ST_2 : Operation 27 [1/1] (0.00ns)   --->   "%trunc_ln2 = partselect i58 @_ssdm_op_PartSelect.i58.i64.i32.i32, i64 %row_in_read, i32 6, i32 63" [../HLS/src/spmv_csc.cpp:89]   --->   Operation 27 'partselect' 'trunc_ln2' <Predicate = true> <Delay = 0.00>
ST_2 : Operation 28 [1/1] (0.00ns)   --->   "%sext_ln89 = sext i58 %trunc_ln2" [../HLS/src/spmv_csc.cpp:89]   --->   Operation 28 'sext' 'sext_ln89' <Predicate = true> <Delay = 0.00>
ST_2 : Operation 29 [1/1] (0.00ns)   --->   "%gmem0_addr = getelementptr i512 %gmem0, i64 %sext_ln89" [../HLS/src/spmv_csc.cpp:89]   --->   Operation 29 'getelementptr' 'gmem0_addr' <Predicate = true> <Delay = 0.00>
ST_2 : Operation 30 [1/1] (0.00ns)   --->   "%sext_ln89_1 = sext i29 %empty" [../HLS/src/spmv_csc.cpp:89]   --->   Operation 30 'sext' 'sext_ln89_1' <Predicate = true> <Delay = 0.00>
ST_2 : Operation 31 [1/1] (0.00ns)   --->   "%zext_ln89 = zext i32 %sext_ln89_1" [../HLS/src/spmv_csc.cpp:89]   --->   Operation 31 'zext' 'zext_ln89' <Predicate = true> <Delay = 0.00>
ST_2 : Operation 32 [8/8] (4.00ns)   --->   "%empty_84 = readreq i1 @_ssdm_op_ReadReq.m_axi.p1i512, i512 %gmem0_addr, i64 %zext_ln89" [../HLS/src/spmv_csc.cpp:89]   --->   Operation 32 'readreq' 'empty_84' <Predicate = true> <Delay = 4.00> <CoreInst = "m_axi">   --->   Core 119 'm_axi' <Latency = 6> <II = 1> <Delay = 1.00> <Adapter> <Opcode : 'read' 'write' 'readreq' 'writereq' 'writeresp'>
ST_2 : Operation 33 [1/1] (0.00ns)   --->   "%trunc_ln89_1 = partselect i58 @_ssdm_op_PartSelect.i58.i64.i32.i32, i64 %val_in_read, i32 6, i32 63" [../HLS/src/spmv_csc.cpp:89]   --->   Operation 33 'partselect' 'trunc_ln89_1' <Predicate = true> <Delay = 0.00>
ST_2 : Operation 34 [1/1] (0.00ns)   --->   "%sext_ln89_2 = sext i58 %trunc_ln89_1" [../HLS/src/spmv_csc.cpp:89]   --->   Operation 34 'sext' 'sext_ln89_2' <Predicate = true> <Delay = 0.00>
ST_2 : Operation 35 [1/1] (0.00ns)   --->   "%gmem2_addr = getelementptr i512 %gmem2, i64 %sext_ln89_2" [../HLS/src/spmv_csc.cpp:89]   --->   Operation 35 'getelementptr' 'gmem2_addr' <Predicate = true> <Delay = 0.00>
ST_2 : Operation 36 [8/8] (4.00ns)   --->   "%empty_85 = readreq i1 @_ssdm_op_ReadReq.m_axi.p1i512, i512 %gmem2_addr, i64 %zext_ln89" [../HLS/src/spmv_csc.cpp:89]   --->   Operation 36 'readreq' 'empty_85' <Predicate = true> <Delay = 4.00> <CoreInst = "m_axi">   --->   Core 119 'm_axi' <Latency = 6> <II = 1> <Delay = 1.00> <Adapter> <Opcode : 'read' 'write' 'readreq' 'writereq' 'writeresp'>
ST_2 : Operation 37 [1/1] (0.00ns)   --->   "%fence_ln89 = fence void @_ssdm_op_Fence, i32 %nnz_c, i32 4294967295, i1032 %nnz_stream" [../HLS/src/spmv_csc.cpp:89]   --->   Operation 37 'fence' 'fence_ln89' <Predicate = true> <Delay = 0.00>

State 3 <SV = 2> <Delay = 4.00>
ST_3 : Operation 38 [7/8] (4.00ns)   --->   "%empty_84 = readreq i1 @_ssdm_op_ReadReq.m_axi.p1i512, i512 %gmem0_addr, i64 %zext_ln89" [../HLS/src/spmv_csc.cpp:89]   --->   Operation 38 'readreq' 'empty_84' <Predicate = true> <Delay = 4.00> <CoreInst = "m_axi">   --->   Core 119 'm_axi' <Latency = 6> <II = 1> <Delay = 1.00> <Adapter> <Opcode : 'read' 'write' 'readreq' 'writereq' 'writeresp'>
ST_3 : Operation 39 [7/8] (4.00ns)   --->   "%empty_85 = readreq i1 @_ssdm_op_ReadReq.m_axi.p1i512, i512 %gmem2_addr, i64 %zext_ln89" [../HLS/src/spmv_csc.cpp:89]   --->   Operation 39 'readreq' 'empty_85' <Predicate = true> <Delay = 4.00> <CoreInst = "m_axi">   --->   Core 119 'm_axi' <Latency = 6> <II = 1> <Delay = 1.00> <Adapter> <Opcode : 'read' 'write' 'readreq' 'writereq' 'writeresp'>

State 4 <SV = 3> <Delay = 4.00>
ST_4 : Operation 40 [6/8] (4.00ns)   --->   "%empty_84 = readreq i1 @_ssdm_op_ReadReq.m_axi.p1i512, i512 %gmem0_addr, i64 %zext_ln89" [../HLS/src/spmv_csc.cpp:89]   --->   Operation 40 'readreq' 'empty_84' <Predicate = true> <Delay = 4.00> <CoreInst = "m_axi">   --->   Core 119 'm_axi' <Latency = 6> <II = 1> <Delay = 1.00> <Adapter> <Opcode : 'read' 'write' 'readreq' 'writereq' 'writeresp'>
ST_4 : Operation 41 [6/8] (4.00ns)   --->   "%empty_85 = readreq i1 @_ssdm_op_ReadReq.m_axi.p1i512, i512 %gmem2_addr, i64 %zext_ln89" [../HLS/src/spmv_csc.cpp:89]   --->   Operation 41 'readreq' 'empty_85' <Predicate = true> <Delay = 4.00> <CoreInst = "m_axi">   --->   Core 119 'm_axi' <Latency = 6> <II = 1> <Delay = 1.00> <Adapter> <Opcode : 'read' 'write' 'readreq' 'writereq' 'writeresp'>

State 5 <SV = 4> <Delay = 4.00>
ST_5 : Operation 42 [5/8] (4.00ns)   --->   "%empty_84 = readreq i1 @_ssdm_op_ReadReq.m_axi.p1i512, i512 %gmem0_addr, i64 %zext_ln89" [../HLS/src/spmv_csc.cpp:89]   --->   Operation 42 'readreq' 'empty_84' <Predicate = true> <Delay = 4.00> <CoreInst = "m_axi">   --->   Core 119 'm_axi' <Latency = 6> <II = 1> <Delay = 1.00> <Adapter> <Opcode : 'read' 'write' 'readreq' 'writereq' 'writeresp'>
ST_5 : Operation 43 [5/8] (4.00ns)   --->   "%empty_85 = readreq i1 @_ssdm_op_ReadReq.m_axi.p1i512, i512 %gmem2_addr, i64 %zext_ln89" [../HLS/src/spmv_csc.cpp:89]   --->   Operation 43 'readreq' 'empty_85' <Predicate = true> <Delay = 4.00> <CoreInst = "m_axi">   --->   Core 119 'm_axi' <Latency = 6> <II = 1> <Delay = 1.00> <Adapter> <Opcode : 'read' 'write' 'readreq' 'writereq' 'writeresp'>

State 6 <SV = 5> <Delay = 4.00>
ST_6 : Operation 44 [4/8] (4.00ns)   --->   "%empty_84 = readreq i1 @_ssdm_op_ReadReq.m_axi.p1i512, i512 %gmem0_addr, i64 %zext_ln89" [../HLS/src/spmv_csc.cpp:89]   --->   Operation 44 'readreq' 'empty_84' <Predicate = true> <Delay = 4.00> <CoreInst = "m_axi">   --->   Core 119 'm_axi' <Latency = 6> <II = 1> <Delay = 1.00> <Adapter> <Opcode : 'read' 'write' 'readreq' 'writereq' 'writeresp'>
ST_6 : Operation 45 [4/8] (4.00ns)   --->   "%empty_85 = readreq i1 @_ssdm_op_ReadReq.m_axi.p1i512, i512 %gmem2_addr, i64 %zext_ln89" [../HLS/src/spmv_csc.cpp:89]   --->   Operation 45 'readreq' 'empty_85' <Predicate = true> <Delay = 4.00> <CoreInst = "m_axi">   --->   Core 119 'm_axi' <Latency = 6> <II = 1> <Delay = 1.00> <Adapter> <Opcode : 'read' 'write' 'readreq' 'writereq' 'writeresp'>

State 7 <SV = 6> <Delay = 4.00>
ST_7 : Operation 46 [3/8] (4.00ns)   --->   "%empty_84 = readreq i1 @_ssdm_op_ReadReq.m_axi.p1i512, i512 %gmem0_addr, i64 %zext_ln89" [../HLS/src/spmv_csc.cpp:89]   --->   Operation 46 'readreq' 'empty_84' <Predicate = true> <Delay = 4.00> <CoreInst = "m_axi">   --->   Core 119 'm_axi' <Latency = 6> <II = 1> <Delay = 1.00> <Adapter> <Opcode : 'read' 'write' 'readreq' 'writereq' 'writeresp'>
ST_7 : Operation 47 [3/8] (4.00ns)   --->   "%empty_85 = readreq i1 @_ssdm_op_ReadReq.m_axi.p1i512, i512 %gmem2_addr, i64 %zext_ln89" [../HLS/src/spmv_csc.cpp:89]   --->   Operation 47 'readreq' 'empty_85' <Predicate = true> <Delay = 4.00> <CoreInst = "m_axi">   --->   Core 119 'm_axi' <Latency = 6> <II = 1> <Delay = 1.00> <Adapter> <Opcode : 'read' 'write' 'readreq' 'writereq' 'writeresp'>

State 8 <SV = 7> <Delay = 4.00>
ST_8 : Operation 48 [2/8] (4.00ns)   --->   "%empty_84 = readreq i1 @_ssdm_op_ReadReq.m_axi.p1i512, i512 %gmem0_addr, i64 %zext_ln89" [../HLS/src/spmv_csc.cpp:89]   --->   Operation 48 'readreq' 'empty_84' <Predicate = true> <Delay = 4.00> <CoreInst = "m_axi">   --->   Core 119 'm_axi' <Latency = 6> <II = 1> <Delay = 1.00> <Adapter> <Opcode : 'read' 'write' 'readreq' 'writereq' 'writeresp'>
ST_8 : Operation 49 [2/8] (4.00ns)   --->   "%empty_85 = readreq i1 @_ssdm_op_ReadReq.m_axi.p1i512, i512 %gmem2_addr, i64 %zext_ln89" [../HLS/src/spmv_csc.cpp:89]   --->   Operation 49 'readreq' 'empty_85' <Predicate = true> <Delay = 4.00> <CoreInst = "m_axi">   --->   Core 119 'm_axi' <Latency = 6> <II = 1> <Delay = 1.00> <Adapter> <Opcode : 'read' 'write' 'readreq' 'writereq' 'writeresp'>

State 9 <SV = 8> <Delay = 4.00>
ST_9 : Operation 50 [1/8] (4.00ns)   --->   "%empty_84 = readreq i1 @_ssdm_op_ReadReq.m_axi.p1i512, i512 %gmem0_addr, i64 %zext_ln89" [../HLS/src/spmv_csc.cpp:89]   --->   Operation 50 'readreq' 'empty_84' <Predicate = true> <Delay = 4.00> <CoreInst = "m_axi">   --->   Core 119 'm_axi' <Latency = 6> <II = 1> <Delay = 1.00> <Adapter> <Opcode : 'read' 'write' 'readreq' 'writereq' 'writeresp'>
ST_9 : Operation 51 [1/8] (4.00ns)   --->   "%empty_85 = readreq i1 @_ssdm_op_ReadReq.m_axi.p1i512, i512 %gmem2_addr, i64 %zext_ln89" [../HLS/src/spmv_csc.cpp:89]   --->   Operation 51 'readreq' 'empty_85' <Predicate = true> <Delay = 4.00> <CoreInst = "m_axi">   --->   Core 119 'm_axi' <Latency = 6> <II = 1> <Delay = 1.00> <Adapter> <Opcode : 'read' 'write' 'readreq' 'writereq' 'writeresp'>

State 10 <SV = 9> <Delay = 1.41>
ST_10 : Operation 52 [2/2] (1.41ns)   --->   "%call_ln86 = call void @read_nnz_packed_Pipeline_VITIS_LOOP_89_1, i29 %words, i512 %gmem0, i58 %trunc_ln2, i512 %gmem2, i58 %trunc_ln89_1, i32 %nnz_read, i1032 %nnz_stream" [../HLS/src/spmv_csc.cpp:86]   --->   Operation 52 'call' 'call_ln86' <Predicate = true> <Delay = 1.41> <CoreType = "Generic">   --->   Generic Core

State 11 <SV = 10> <Delay = 0.00>
ST_11 : Operation 53 [1/1] (0.00ns)   --->   "%specinterface_ln0 = specinterface void @_ssdm_op_SpecInterface, i32 %nnz_c, void @ap_fifo_str, i32 0, i32 0, void @p_str, i32 0, i32 0, void @p_str, void @p_str, void @p_str, i32 2, i32 2, i32 16, i32 16, void @p_str, void @ScalarProp_str, i32 4294967295, i32 0, i32 0"   --->   Operation 53 'specinterface' 'specinterface_ln0' <Predicate = true> <Delay = 0.00>
ST_11 : Operation 54 [1/1] (0.00ns)   --->   "%specinterface_ln0 = specinterface void @_ssdm_op_SpecInterface, i1032 %nnz_stream, void @empty_16, i32 0, i32 0, void @empty_25, i32 0, i32 0, void @empty_25, void @empty_25, void @empty_25, i32 0, i32 0, i32 0, i32 0, void @empty_25, void @empty_25, i32 4294967295, i32 0, i32 0"   --->   Operation 54 'specinterface' 'specinterface_ln0' <Predicate = true> <Delay = 0.00>
ST_11 : Operation 55 [1/1] (0.00ns)   --->   "%specinterface_ln0 = specinterface void @_ssdm_op_SpecInterface, i512 %gmem0, void @empty_24, i32 0, i32 0, void @empty_25, i32 0, i32 12500, void @empty_13, void @empty_0, void @empty_25, i32 16, i32 16, i32 16, i32 16, void @empty_25, void @empty_25, i32 4294967295, i32 0, i32 0"   --->   Operation 55 'specinterface' 'specinterface_ln0' <Predicate = true> <Delay = 0.00>
ST_11 : Operation 56 [1/1] (0.00ns)   --->   "%specinterface_ln0 = specinterface void @_ssdm_op_SpecInterface, i512 %gmem2, void @empty_24, i32 0, i32 0, void @empty_25, i32 0, i32 12500, void @empty_27, void @empty_0, void @empty_25, i32 16, i32 16, i32 16, i32 16, void @empty_25, void @empty_25, i32 4294967295, i32 0, i32 0"   --->   Operation 56 'specinterface' 'specinterface_ln0' <Predicate = true> <Delay = 0.00>
ST_11 : Operation 57 [1/2] (0.00ns)   --->   "%call_ln86 = call void @read_nnz_packed_Pipeline_VITIS_LOOP_89_1, i29 %words, i512 %gmem0, i58 %trunc_ln2, i512 %gmem2, i58 %trunc_ln89_1, i32 %nnz_read, i1032 %nnz_stream" [../HLS/src/spmv_csc.cpp:86]   --->   Operation 57 'call' 'call_ln86' <Predicate = true> <Delay = 0.00> <CoreType = "Generic">   --->   Generic Core
ST_11 : Operation 58 [1/1] (0.00ns)   --->   "%ret_ln134 = ret" [../HLS/src/spmv_csc.cpp:134]   --->   Operation 58 'ret' 'ret_ln134' <Predicate = true> <Delay = 0.00>


============================================================
+ Verbose Summary: Timing violations
============================================================
Target clock period: 5.000ns, clock uncertainty: 1.000ns.

 <State 1>: 2.703ns
The critical path consists of the following:
	wire read operation ('nnz_read') on port 'nnz' [11]  (0.000 ns)
	'sub' operation 32 bit ('sub_ln86', ../HLS/src/spmv_csc.cpp:86) [18]  (1.016 ns)
	'sub' operation 29 bit ('sub_ln86_1', ../HLS/src/spmv_csc.cpp:86) [21]  (0.975 ns)
	'select' operation 29 bit ('words', ../HLS/src/spmv_csc.cpp:86) [24]  (0.356 ns)
	'select' operation 29 bit ('empty', ../HLS/src/spmv_csc.cpp:89) [29]  (0.356 ns)

 <State 2>: 4.000ns
The critical path consists of the following:
	wire read operation ('row_in_read') on port 'row_in' [10]  (0.000 ns)
	'getelementptr' operation 512 bit ('gmem0_addr', ../HLS/src/spmv_csc.cpp:89) [28]  (0.000 ns)
	bus request operation ('empty_84', ../HLS/src/spmv_csc.cpp:89) on port 'gmem0' (../HLS/src/spmv_csc.cpp:89) [32]  (4.000 ns)

 <State 3>: 4.000ns
The critical path consists of the following:
	bus request operation ('empty_84', ../HLS/src/spmv_csc.cpp:89) on port 'gmem0' (../HLS/src/spmv_csc.cpp:89) [32]  (4.000 ns)

 <State 4>: 4.000ns
The critical path consists of the following:
	bus request operation ('empty_84', ../HLS/src/spmv_csc.cpp:89) on port 'gmem0' (../HLS/src/spmv_csc.cpp:89) [32]  (4.000 ns)

 <State 5>: 4.000ns
The critical path consists of the following:
	bus request operation ('empty_84', ../HLS/src/spmv_csc.cpp:89) on port 'gmem0' (../HLS/src/spmv_csc.cpp:89) [32]  (4.000 ns)

 <State 6>: 4.000ns
The critical path consists of the following:
	bus request operation ('empty_84', ../HLS/src/spmv_csc.cpp:89) on port 'gmem0' (../HLS/src/spmv_csc.cpp:89) [32]  (4.000 ns)

 <State 7>: 4.000ns
The critical path consists of the following:
	bus request operation ('empty_84', ../HLS/src/spmv_csc.cpp:89) on port 'gmem0' (../HLS/src/spmv_csc.cpp:89) [32]  (4.000 ns)

 <State 8>: 4.000ns
The critical path consists of the following:
	bus request operation ('empty_84', ../HLS/src/spmv_csc.cpp:89) on port 'gmem0' (../HLS/src/spmv_csc.cpp:89) [32]  (4.000 ns)

 <State 9>: 4.000ns
The critical path consists of the following:
	bus request operation ('empty_84', ../HLS/src/spmv_csc.cpp:89) on port 'gmem0' (../HLS/src/spmv_csc.cpp:89) [32]  (4.000 ns)

 <State 10>: 1.412ns
The critical path consists of the following:
	'call' operation 0 bit ('call_ln86', ../HLS/src/spmv_csc.cpp:86) to 'read_nnz_packed_Pipeline_VITIS_LOOP_89_1' [38]  (1.412 ns)

 <State 11>: 0.000ns
The critical path consists of the following:


============================================================
+ Verbose Summary: Binding
============================================================
N/A
* FSMD analyzer results:
  - Output states:
 - Input state : 
  - Chain level:
	State 1
	State 2
	State 3
	State 4
	State 5
	State 6
	State 7
	State 8
	State 9
	State 10
	State 11


============================================================
+ Verbose Summary: Datapath Resource usage 
============================================================
N/A
