

================================================================
== Vitis HLS Report for 'read_col_info'
================================================================
* Date:           Thu Apr 23 17:41:58 2026

* Version:        2024.2 (Build 5238294 on Nov  8 2024)
* Project:        spmv_csc
* Solution:       hls (Vivado IP Flow Target)
* Product family: zynquplus
* Target device:  xczu7ev-ffvc1156-2-e


================================================================
== Performance Estimates
================================================================
+ Timing: 
    * Summary: 
    +--------+---------+----------+------------+
    |  Clock |  Target | Estimated| Uncertainty|
    +--------+---------+----------+------------+
    |ap_clk  |  5.00 ns|  4.000 ns|     1.00 ns|
    +--------+---------+----------+------------+

+ Latency: 
    * Summary: 
    +---------+---------+----------+----------+-----+-----+---------+
    |  Latency (cycles) |  Latency (absolute) |  Interval | Pipeline|
    |   min   |   max   |    min   |    max   | min | max |   Type  |
    +---------+---------+----------+----------+-----+-----+---------+
    |        ?|        ?|         ?|         ?|    ?|    ?|       no|
    +---------+---------+----------+----------+-----+-----+---------+

    + Detail: 
        * Instance: 
        N/A

        * Loop: 
        N/A

============================================================
+ Verbose Summary: Synthesis Manager
============================================================
InlineROM: 1
ExposeGlobal: 0
============================================================
+ Verbose Summary: CDFG Model
============================================================
IsTopModel: 0
ResetActiveHigh: 1
IsCombinational: 2
IsDatapathOnly: 0
HasWiredReturn: 1
HasMFsm: 0
HasVarLatency: 1
IsPipeline: 0
IsRtlPipelined: 0
IsInstanceOverlapped: 0
IsDontTouch: 0
HasImplIP: 0
IsGatedGlobalClock: 0


============================================================
+ Verbose Summary: Schedule
============================================================
* Number of FSM states : 21
* Pipeline : 0
* Dataflow Pipeline: 0

* FSM state transitions: 
1 --> 2 
2 --> 3 
3 --> 4 
4 --> 5 
5 --> 6 
6 --> 7 
7 --> 8 
8 --> 9 
9 --> 10 
10 --> 11 
11 --> 12 
12 --> 13 
13 --> 14 
14 --> 15 
15 --> 16 
16 --> 17 
17 --> 18 
18 --> 19 
19 --> 20 
20 --> 21 
21 --> 

* FSM state operations: 

State 1 <SV = 0> <Delay = 4.00>
ST_1 : Operation 22 [1/1] (0.00ns)   --->   "%x_in_read = read i64 @_ssdm_op_Read.ap_auto.i64, i64 %x_in"   --->   Operation 22 'read' 'x_in_read' <Predicate = true> <Delay = 0.00>
ST_1 : Operation 23 [1/1] (0.00ns)   --->   "%A_col_ptr_read = read i64 @_ssdm_op_Read.ap_auto.i64, i64 %A_col_ptr"   --->   Operation 23 'read' 'A_col_ptr_read' <Predicate = true> <Delay = 0.00>
ST_1 : Operation 24 [1/1] (0.00ns)   --->   "%num_cols_read = read i32 @_ssdm_op_Read.ap_auto.i32, i32 %num_cols"   --->   Operation 24 'read' 'num_cols_read' <Predicate = true> <Delay = 0.00>
ST_1 : Operation 25 [1/1] (0.00ns)   --->   "%prev_1_loc = alloca i64 1"   --->   Operation 25 'alloca' 'prev_1_loc' <Predicate = true> <Delay = 0.00>
ST_1 : Operation 26 [1/1] (0.00ns)   --->   "%p_loc = alloca i64 1"   --->   Operation 26 'alloca' 'p_loc' <Predicate = true> <Delay = 0.00>
ST_1 : Operation 27 [1/1] (0.00ns)   --->   "%trunc_ln = partselect i62 @_ssdm_op_PartSelect.i62.i64.i32.i32, i64 %A_col_ptr_read, i32 2, i32 63" [../HLS/src/spmv_csc.cpp:42]   --->   Operation 27 'partselect' 'trunc_ln' <Predicate = true> <Delay = 0.00>
ST_1 : Operation 28 [1/1] (0.00ns)   --->   "%sext_ln42 = sext i62 %trunc_ln" [../HLS/src/spmv_csc.cpp:42]   --->   Operation 28 'sext' 'sext_ln42' <Predicate = true> <Delay = 0.00>
ST_1 : Operation 29 [1/1] (0.00ns)   --->   "%gmem1_addr = getelementptr i32 %gmem1, i64 %sext_ln42" [../HLS/src/spmv_csc.cpp:42]   --->   Operation 29 'getelementptr' 'gmem1_addr' <Predicate = true> <Delay = 0.00>
ST_1 : Operation 30 [8/8] (4.00ns)   --->   "%prev_req = readreq i1 @_ssdm_op_ReadReq.m_axi.i32P1A, i32 %gmem1_addr, i64 1" [../HLS/src/spmv_csc.cpp:42]   --->   Operation 30 'readreq' 'prev_req' <Predicate = true> <Delay = 4.00> <CoreInst = "m_axi">   --->   Core 119 'm_axi' <Latency = 6> <II = 1> <Delay = 1.00> <Adapter> <Opcode : 'read' 'write' 'readreq' 'writereq' 'writeresp'>
ST_1 : Operation 31 [1/1] (0.00ns)   --->   "%trunc_ln4 = partselect i62 @_ssdm_op_PartSelect.i62.i64.i32.i32, i64 %x_in_read, i32 2, i32 63" [../HLS/src/spmv_csc.cpp:44]   --->   Operation 31 'partselect' 'trunc_ln4' <Predicate = true> <Delay = 0.00>
ST_1 : Operation 32 [1/1] (0.00ns)   --->   "%sext_ln44 = sext i62 %trunc_ln4" [../HLS/src/spmv_csc.cpp:44]   --->   Operation 32 'sext' 'sext_ln44' <Predicate = true> <Delay = 0.00>
ST_1 : Operation 33 [1/1] (0.00ns)   --->   "%gmem3_addr = getelementptr i32 %gmem3, i64 %sext_ln44" [../HLS/src/spmv_csc.cpp:44]   --->   Operation 33 'getelementptr' 'gmem3_addr' <Predicate = true> <Delay = 0.00>
ST_1 : Operation 34 [8/8] (4.00ns)   --->   "%x_element_req = readreq i1 @_ssdm_op_ReadReq.m_axi.i32P1A, i32 %gmem3_addr, i64 1" [../HLS/src/spmv_csc.cpp:44]   --->   Operation 34 'readreq' 'x_element_req' <Predicate = true> <Delay = 4.00> <CoreInst = "m_axi">   --->   Core 119 'm_axi' <Latency = 6> <II = 1> <Delay = 1.00> <Adapter> <Opcode : 'read' 'write' 'readreq' 'writereq' 'writeresp'>
ST_1 : Operation 35 [1/1] (1.01ns)   --->   "%sub = add i32 %num_cols_read, i32 4294967295"   --->   Operation 35 'add' 'sub' <Predicate = true> <Delay = 1.01> <CoreInst = "Adder">   --->   Core 1 'Adder' <Latency = 0> <II = 1> <Delay = 1.01> <FuncUnit> <Opcode : 'add' 'sub'> <InPorts = 2> <OutPorts = 1>
ST_1 : Operation 36 [1/1] (1.01ns)   --->   "%icmp_ln46 = icmp_sgt  i32 %sub, i32 0" [../HLS/src/spmv_csc.cpp:46]   --->   Operation 36 'icmp' 'icmp_ln46' <Predicate = true> <Delay = 1.01> <CoreInst = "Cmp">   --->   Core 9 'Cmp' <Latency = 0> <II = 1> <Delay = 1.01> <FuncUnit> <Opcode : 'seteq' 'setne' 'setle' 'setge' 'setlt' 'setgt'> <InPorts = 2> <OutPorts = 1>
ST_1 : Operation 37 [1/1] (0.00ns)   --->   "%trunc_ln46 = trunc i32 %sub" [../HLS/src/spmv_csc.cpp:46]   --->   Operation 37 'trunc' 'trunc_ln46' <Predicate = true> <Delay = 0.00>
ST_1 : Operation 38 [1/1] (1.08ns)   --->   "%add_ln46 = add i64 %A_col_ptr_read, i64 4" [../HLS/src/spmv_csc.cpp:46]   --->   Operation 38 'add' 'add_ln46' <Predicate = true> <Delay = 1.08> <CoreInst = "Adder">   --->   Core 1 'Adder' <Latency = 0> <II = 1> <Delay = 1.08> <FuncUnit> <Opcode : 'add' 'sub'> <InPorts = 2> <OutPorts = 1>
ST_1 : Operation 39 [1/1] (0.00ns)   --->   "%trunc_ln5 = partselect i62 @_ssdm_op_PartSelect.i62.i64.i32.i32, i64 %add_ln46, i32 2, i32 63" [../HLS/src/spmv_csc.cpp:46]   --->   Operation 39 'partselect' 'trunc_ln5' <Predicate = true> <Delay = 0.00>
ST_1 : Operation 40 [1/1] (0.41ns)   --->   "%empty = select i1 %icmp_ln46, i31 %trunc_ln46, i31 0" [../HLS/src/spmv_csc.cpp:46]   --->   Operation 40 'select' 'empty' <Predicate = true> <Delay = 0.41> <CoreInst = "Sel">   --->   Core 73 'Sel' <Latency = 0> <II = 1> <Delay = 0.41> <FuncUnit> <Opcode : 'select'> <InPorts = 3> <OutPorts = 1>
ST_1 : Operation 41 [1/1] (1.08ns)   --->   "%add_ln46_1 = add i64 %x_in_read, i64 4" [../HLS/src/spmv_csc.cpp:46]   --->   Operation 41 'add' 'add_ln46_1' <Predicate = true> <Delay = 1.08> <CoreInst = "Adder">   --->   Core 1 'Adder' <Latency = 0> <II = 1> <Delay = 1.08> <FuncUnit> <Opcode : 'add' 'sub'> <InPorts = 2> <OutPorts = 1>
ST_1 : Operation 42 [1/1] (0.00ns)   --->   "%trunc_ln46_1 = partselect i62 @_ssdm_op_PartSelect.i62.i64.i32.i32, i64 %add_ln46_1, i32 2, i32 63" [../HLS/src/spmv_csc.cpp:46]   --->   Operation 42 'partselect' 'trunc_ln46_1' <Predicate = true> <Delay = 0.00>
ST_1 : Operation 43 [1/1] (0.00ns)   --->   "%shl_ln = bitconcatenate i34 @_ssdm_op_BitConcatenate.i34.i32.i2, i32 %num_cols_read, i2 0" [../HLS/src/spmv_csc.cpp:65]   --->   Operation 43 'bitconcatenate' 'shl_ln' <Predicate = true> <Delay = 0.00>
ST_1 : Operation 44 [1/1] (0.00ns)   --->   "%sext_ln65 = sext i34 %shl_ln" [../HLS/src/spmv_csc.cpp:65]   --->   Operation 44 'sext' 'sext_ln65' <Predicate = true> <Delay = 0.00>
ST_1 : Operation 45 [1/1] (1.08ns)   --->   "%add_ln65 = add i64 %sext_ln65, i64 %A_col_ptr_read" [../HLS/src/spmv_csc.cpp:65]   --->   Operation 45 'add' 'add_ln65' <Predicate = true> <Delay = 1.08> <CoreInst = "Adder">   --->   Core 1 'Adder' <Latency = 0> <II = 1> <Delay = 1.08> <FuncUnit> <Opcode : 'add' 'sub'> <InPorts = 2> <OutPorts = 1>
ST_1 : Operation 46 [1/1] (0.00ns)   --->   "%trunc_ln6 = partselect i62 @_ssdm_op_PartSelect.i62.i64.i32.i32, i64 %add_ln65, i32 2, i32 63" [../HLS/src/spmv_csc.cpp:65]   --->   Operation 46 'partselect' 'trunc_ln6' <Predicate = true> <Delay = 0.00>
ST_1 : Operation 47 [1/1] (0.00ns)   --->   "%sext_ln65_1 = sext i62 %trunc_ln6" [../HLS/src/spmv_csc.cpp:65]   --->   Operation 47 'sext' 'sext_ln65_1' <Predicate = true> <Delay = 0.00>
ST_1 : Operation 48 [1/1] (0.00ns)   --->   "%gmem1_addr_2 = getelementptr i32 %gmem1, i64 %sext_ln65_1" [../HLS/src/spmv_csc.cpp:65]   --->   Operation 48 'getelementptr' 'gmem1_addr_2' <Predicate = true> <Delay = 0.00>

State 2 <SV = 1> <Delay = 4.00>
ST_2 : Operation 49 [7/8] (4.00ns)   --->   "%prev_req = readreq i1 @_ssdm_op_ReadReq.m_axi.i32P1A, i32 %gmem1_addr, i64 1" [../HLS/src/spmv_csc.cpp:42]   --->   Operation 49 'readreq' 'prev_req' <Predicate = true> <Delay = 4.00> <CoreInst = "m_axi">   --->   Core 119 'm_axi' <Latency = 6> <II = 1> <Delay = 1.00> <Adapter> <Opcode : 'read' 'write' 'readreq' 'writereq' 'writeresp'>
ST_2 : Operation 50 [7/8] (4.00ns)   --->   "%x_element_req = readreq i1 @_ssdm_op_ReadReq.m_axi.i32P1A, i32 %gmem3_addr, i64 1" [../HLS/src/spmv_csc.cpp:44]   --->   Operation 50 'readreq' 'x_element_req' <Predicate = true> <Delay = 4.00> <CoreInst = "m_axi">   --->   Core 119 'm_axi' <Latency = 6> <II = 1> <Delay = 1.00> <Adapter> <Opcode : 'read' 'write' 'readreq' 'writereq' 'writeresp'>
ST_2 : Operation 51 [1/1] (0.00ns)   --->   "%sext_ln46 = sext i62 %trunc_ln5" [../HLS/src/spmv_csc.cpp:46]   --->   Operation 51 'sext' 'sext_ln46' <Predicate = true> <Delay = 0.00>
ST_2 : Operation 52 [1/1] (0.00ns)   --->   "%gmem1_addr_1 = getelementptr i32 %gmem1, i64 %sext_ln46" [../HLS/src/spmv_csc.cpp:46]   --->   Operation 52 'getelementptr' 'gmem1_addr_1' <Predicate = true> <Delay = 0.00>
ST_2 : Operation 53 [1/1] (0.00ns)   --->   "%zext_ln46 = zext i31 %empty" [../HLS/src/spmv_csc.cpp:46]   --->   Operation 53 'zext' 'zext_ln46' <Predicate = true> <Delay = 0.00>
ST_2 : Operation 54 [8/8] (4.00ns)   --->   "%empty_86 = readreq i1 @_ssdm_op_ReadReq.m_axi.p1i32, i32 %gmem1_addr_1, i64 %zext_ln46" [../HLS/src/spmv_csc.cpp:46]   --->   Operation 54 'readreq' 'empty_86' <Predicate = true> <Delay = 4.00> <CoreInst = "m_axi">   --->   Core 119 'm_axi' <Latency = 6> <II = 1> <Delay = 1.00> <Adapter> <Opcode : 'read' 'write' 'readreq' 'writereq' 'writeresp'>
ST_2 : Operation 55 [1/1] (0.00ns)   --->   "%sext_ln46_1 = sext i62 %trunc_ln46_1" [../HLS/src/spmv_csc.cpp:46]   --->   Operation 55 'sext' 'sext_ln46_1' <Predicate = true> <Delay = 0.00>
ST_2 : Operation 56 [1/1] (0.00ns)   --->   "%gmem3_addr_1 = getelementptr i32 %gmem3, i64 %sext_ln46_1" [../HLS/src/spmv_csc.cpp:46]   --->   Operation 56 'getelementptr' 'gmem3_addr_1' <Predicate = true> <Delay = 0.00>
ST_2 : Operation 57 [8/8] (4.00ns)   --->   "%empty_87 = readreq i1 @_ssdm_op_ReadReq.m_axi.p1i32, i32 %gmem3_addr_1, i64 %zext_ln46" [../HLS/src/spmv_csc.cpp:46]   --->   Operation 57 'readreq' 'empty_87' <Predicate = true> <Delay = 4.00> <CoreInst = "m_axi">   --->   Core 119 'm_axi' <Latency = 6> <II = 1> <Delay = 1.00> <Adapter> <Opcode : 'read' 'write' 'readreq' 'writereq' 'writeresp'>

State 3 <SV = 2> <Delay = 4.00>
ST_3 : Operation 58 [6/8] (4.00ns)   --->   "%prev_req = readreq i1 @_ssdm_op_ReadReq.m_axi.i32P1A, i32 %gmem1_addr, i64 1" [../HLS/src/spmv_csc.cpp:42]   --->   Operation 58 'readreq' 'prev_req' <Predicate = true> <Delay = 4.00> <CoreInst = "m_axi">   --->   Core 119 'm_axi' <Latency = 6> <II = 1> <Delay = 1.00> <Adapter> <Opcode : 'read' 'write' 'readreq' 'writereq' 'writeresp'>
ST_3 : Operation 59 [6/8] (4.00ns)   --->   "%x_element_req = readreq i1 @_ssdm_op_ReadReq.m_axi.i32P1A, i32 %gmem3_addr, i64 1" [../HLS/src/spmv_csc.cpp:44]   --->   Operation 59 'readreq' 'x_element_req' <Predicate = true> <Delay = 4.00> <CoreInst = "m_axi">   --->   Core 119 'm_axi' <Latency = 6> <II = 1> <Delay = 1.00> <Adapter> <Opcode : 'read' 'write' 'readreq' 'writereq' 'writeresp'>
ST_3 : Operation 60 [7/8] (4.00ns)   --->   "%empty_86 = readreq i1 @_ssdm_op_ReadReq.m_axi.p1i32, i32 %gmem1_addr_1, i64 %zext_ln46" [../HLS/src/spmv_csc.cpp:46]   --->   Operation 60 'readreq' 'empty_86' <Predicate = true> <Delay = 4.00> <CoreInst = "m_axi">   --->   Core 119 'm_axi' <Latency = 6> <II = 1> <Delay = 1.00> <Adapter> <Opcode : 'read' 'write' 'readreq' 'writereq' 'writeresp'>
ST_3 : Operation 61 [7/8] (4.00ns)   --->   "%empty_87 = readreq i1 @_ssdm_op_ReadReq.m_axi.p1i32, i32 %gmem3_addr_1, i64 %zext_ln46" [../HLS/src/spmv_csc.cpp:46]   --->   Operation 61 'readreq' 'empty_87' <Predicate = true> <Delay = 4.00> <CoreInst = "m_axi">   --->   Core 119 'm_axi' <Latency = 6> <II = 1> <Delay = 1.00> <Adapter> <Opcode : 'read' 'write' 'readreq' 'writereq' 'writeresp'>

State 4 <SV = 3> <Delay = 4.00>
ST_4 : Operation 62 [5/8] (4.00ns)   --->   "%prev_req = readreq i1 @_ssdm_op_ReadReq.m_axi.i32P1A, i32 %gmem1_addr, i64 1" [../HLS/src/spmv_csc.cpp:42]   --->   Operation 62 'readreq' 'prev_req' <Predicate = true> <Delay = 4.00> <CoreInst = "m_axi">   --->   Core 119 'm_axi' <Latency = 6> <II = 1> <Delay = 1.00> <Adapter> <Opcode : 'read' 'write' 'readreq' 'writereq' 'writeresp'>
ST_4 : Operation 63 [5/8] (4.00ns)   --->   "%x_element_req = readreq i1 @_ssdm_op_ReadReq.m_axi.i32P1A, i32 %gmem3_addr, i64 1" [../HLS/src/spmv_csc.cpp:44]   --->   Operation 63 'readreq' 'x_element_req' <Predicate = true> <Delay = 4.00> <CoreInst = "m_axi">   --->   Core 119 'm_axi' <Latency = 6> <II = 1> <Delay = 1.00> <Adapter> <Opcode : 'read' 'write' 'readreq' 'writereq' 'writeresp'>
ST_4 : Operation 64 [6/8] (4.00ns)   --->   "%empty_86 = readreq i1 @_ssdm_op_ReadReq.m_axi.p1i32, i32 %gmem1_addr_1, i64 %zext_ln46" [../HLS/src/spmv_csc.cpp:46]   --->   Operation 64 'readreq' 'empty_86' <Predicate = true> <Delay = 4.00> <CoreInst = "m_axi">   --->   Core 119 'm_axi' <Latency = 6> <II = 1> <Delay = 1.00> <Adapter> <Opcode : 'read' 'write' 'readreq' 'writereq' 'writeresp'>
ST_4 : Operation 65 [6/8] (4.00ns)   --->   "%empty_87 = readreq i1 @_ssdm_op_ReadReq.m_axi.p1i32, i32 %gmem3_addr_1, i64 %zext_ln46" [../HLS/src/spmv_csc.cpp:46]   --->   Operation 65 'readreq' 'empty_87' <Predicate = true> <Delay = 4.00> <CoreInst = "m_axi">   --->   Core 119 'm_axi' <Latency = 6> <II = 1> <Delay = 1.00> <Adapter> <Opcode : 'read' 'write' 'readreq' 'writereq' 'writeresp'>

State 5 <SV = 4> <Delay = 4.00>
ST_5 : Operation 66 [4/8] (4.00ns)   --->   "%prev_req = readreq i1 @_ssdm_op_ReadReq.m_axi.i32P1A, i32 %gmem1_addr, i64 1" [../HLS/src/spmv_csc.cpp:42]   --->   Operation 66 'readreq' 'prev_req' <Predicate = true> <Delay = 4.00> <CoreInst = "m_axi">   --->   Core 119 'm_axi' <Latency = 6> <II = 1> <Delay = 1.00> <Adapter> <Opcode : 'read' 'write' 'readreq' 'writereq' 'writeresp'>
ST_5 : Operation 67 [4/8] (4.00ns)   --->   "%x_element_req = readreq i1 @_ssdm_op_ReadReq.m_axi.i32P1A, i32 %gmem3_addr, i64 1" [../HLS/src/spmv_csc.cpp:44]   --->   Operation 67 'readreq' 'x_element_req' <Predicate = true> <Delay = 4.00> <CoreInst = "m_axi">   --->   Core 119 'm_axi' <Latency = 6> <II = 1> <Delay = 1.00> <Adapter> <Opcode : 'read' 'write' 'readreq' 'writereq' 'writeresp'>
ST_5 : Operation 68 [5/8] (4.00ns)   --->   "%empty_86 = readreq i1 @_ssdm_op_ReadReq.m_axi.p1i32, i32 %gmem1_addr_1, i64 %zext_ln46" [../HLS/src/spmv_csc.cpp:46]   --->   Operation 68 'readreq' 'empty_86' <Predicate = true> <Delay = 4.00> <CoreInst = "m_axi">   --->   Core 119 'm_axi' <Latency = 6> <II = 1> <Delay = 1.00> <Adapter> <Opcode : 'read' 'write' 'readreq' 'writereq' 'writeresp'>
ST_5 : Operation 69 [5/8] (4.00ns)   --->   "%empty_87 = readreq i1 @_ssdm_op_ReadReq.m_axi.p1i32, i32 %gmem3_addr_1, i64 %zext_ln46" [../HLS/src/spmv_csc.cpp:46]   --->   Operation 69 'readreq' 'empty_87' <Predicate = true> <Delay = 4.00> <CoreInst = "m_axi">   --->   Core 119 'm_axi' <Latency = 6> <II = 1> <Delay = 1.00> <Adapter> <Opcode : 'read' 'write' 'readreq' 'writereq' 'writeresp'>

State 6 <SV = 5> <Delay = 4.00>
ST_6 : Operation 70 [3/8] (4.00ns)   --->   "%prev_req = readreq i1 @_ssdm_op_ReadReq.m_axi.i32P1A, i32 %gmem1_addr, i64 1" [../HLS/src/spmv_csc.cpp:42]   --->   Operation 70 'readreq' 'prev_req' <Predicate = true> <Delay = 4.00> <CoreInst = "m_axi">   --->   Core 119 'm_axi' <Latency = 6> <II = 1> <Delay = 1.00> <Adapter> <Opcode : 'read' 'write' 'readreq' 'writereq' 'writeresp'>
ST_6 : Operation 71 [3/8] (4.00ns)   --->   "%x_element_req = readreq i1 @_ssdm_op_ReadReq.m_axi.i32P1A, i32 %gmem3_addr, i64 1" [../HLS/src/spmv_csc.cpp:44]   --->   Operation 71 'readreq' 'x_element_req' <Predicate = true> <Delay = 4.00> <CoreInst = "m_axi">   --->   Core 119 'm_axi' <Latency = 6> <II = 1> <Delay = 1.00> <Adapter> <Opcode : 'read' 'write' 'readreq' 'writereq' 'writeresp'>
ST_6 : Operation 72 [4/8] (4.00ns)   --->   "%empty_86 = readreq i1 @_ssdm_op_ReadReq.m_axi.p1i32, i32 %gmem1_addr_1, i64 %zext_ln46" [../HLS/src/spmv_csc.cpp:46]   --->   Operation 72 'readreq' 'empty_86' <Predicate = true> <Delay = 4.00> <CoreInst = "m_axi">   --->   Core 119 'm_axi' <Latency = 6> <II = 1> <Delay = 1.00> <Adapter> <Opcode : 'read' 'write' 'readreq' 'writereq' 'writeresp'>
ST_6 : Operation 73 [4/8] (4.00ns)   --->   "%empty_87 = readreq i1 @_ssdm_op_ReadReq.m_axi.p1i32, i32 %gmem3_addr_1, i64 %zext_ln46" [../HLS/src/spmv_csc.cpp:46]   --->   Operation 73 'readreq' 'empty_87' <Predicate = true> <Delay = 4.00> <CoreInst = "m_axi">   --->   Core 119 'm_axi' <Latency = 6> <II = 1> <Delay = 1.00> <Adapter> <Opcode : 'read' 'write' 'readreq' 'writereq' 'writeresp'>

State 7 <SV = 6> <Delay = 4.00>
ST_7 : Operation 74 [2/8] (4.00ns)   --->   "%prev_req = readreq i1 @_ssdm_op_ReadReq.m_axi.i32P1A, i32 %gmem1_addr, i64 1" [../HLS/src/spmv_csc.cpp:42]   --->   Operation 74 'readreq' 'prev_req' <Predicate = true> <Delay = 4.00> <CoreInst = "m_axi">   --->   Core 119 'm_axi' <Latency = 6> <II = 1> <Delay = 1.00> <Adapter> <Opcode : 'read' 'write' 'readreq' 'writereq' 'writeresp'>
ST_7 : Operation 75 [2/8] (4.00ns)   --->   "%x_element_req = readreq i1 @_ssdm_op_ReadReq.m_axi.i32P1A, i32 %gmem3_addr, i64 1" [../HLS/src/spmv_csc.cpp:44]   --->   Operation 75 'readreq' 'x_element_req' <Predicate = true> <Delay = 4.00> <CoreInst = "m_axi">   --->   Core 119 'm_axi' <Latency = 6> <II = 1> <Delay = 1.00> <Adapter> <Opcode : 'read' 'write' 'readreq' 'writereq' 'writeresp'>
ST_7 : Operation 76 [3/8] (4.00ns)   --->   "%empty_86 = readreq i1 @_ssdm_op_ReadReq.m_axi.p1i32, i32 %gmem1_addr_1, i64 %zext_ln46" [../HLS/src/spmv_csc.cpp:46]   --->   Operation 76 'readreq' 'empty_86' <Predicate = true> <Delay = 4.00> <CoreInst = "m_axi">   --->   Core 119 'm_axi' <Latency = 6> <II = 1> <Delay = 1.00> <Adapter> <Opcode : 'read' 'write' 'readreq' 'writereq' 'writeresp'>
ST_7 : Operation 77 [3/8] (4.00ns)   --->   "%empty_87 = readreq i1 @_ssdm_op_ReadReq.m_axi.p1i32, i32 %gmem3_addr_1, i64 %zext_ln46" [../HLS/src/spmv_csc.cpp:46]   --->   Operation 77 'readreq' 'empty_87' <Predicate = true> <Delay = 4.00> <CoreInst = "m_axi">   --->   Core 119 'm_axi' <Latency = 6> <II = 1> <Delay = 1.00> <Adapter> <Opcode : 'read' 'write' 'readreq' 'writereq' 'writeresp'>

State 8 <SV = 7> <Delay = 4.00>
ST_8 : Operation 78 [1/8] (4.00ns)   --->   "%prev_req = readreq i1 @_ssdm_op_ReadReq.m_axi.i32P1A, i32 %gmem1_addr, i64 1" [../HLS/src/spmv_csc.cpp:42]   --->   Operation 78 'readreq' 'prev_req' <Predicate = true> <Delay = 4.00> <CoreInst = "m_axi">   --->   Core 119 'm_axi' <Latency = 6> <II = 1> <Delay = 1.00> <Adapter> <Opcode : 'read' 'write' 'readreq' 'writereq' 'writeresp'>
ST_8 : Operation 79 [1/8] (4.00ns)   --->   "%x_element_req = readreq i1 @_ssdm_op_ReadReq.m_axi.i32P1A, i32 %gmem3_addr, i64 1" [../HLS/src/spmv_csc.cpp:44]   --->   Operation 79 'readreq' 'x_element_req' <Predicate = true> <Delay = 4.00> <CoreInst = "m_axi">   --->   Core 119 'm_axi' <Latency = 6> <II = 1> <Delay = 1.00> <Adapter> <Opcode : 'read' 'write' 'readreq' 'writereq' 'writeresp'>
ST_8 : Operation 80 [2/8] (4.00ns)   --->   "%empty_86 = readreq i1 @_ssdm_op_ReadReq.m_axi.p1i32, i32 %gmem1_addr_1, i64 %zext_ln46" [../HLS/src/spmv_csc.cpp:46]   --->   Operation 80 'readreq' 'empty_86' <Predicate = true> <Delay = 4.00> <CoreInst = "m_axi">   --->   Core 119 'm_axi' <Latency = 6> <II = 1> <Delay = 1.00> <Adapter> <Opcode : 'read' 'write' 'readreq' 'writereq' 'writeresp'>
ST_8 : Operation 81 [2/8] (4.00ns)   --->   "%empty_87 = readreq i1 @_ssdm_op_ReadReq.m_axi.p1i32, i32 %gmem3_addr_1, i64 %zext_ln46" [../HLS/src/spmv_csc.cpp:46]   --->   Operation 81 'readreq' 'empty_87' <Predicate = true> <Delay = 4.00> <CoreInst = "m_axi">   --->   Core 119 'm_axi' <Latency = 6> <II = 1> <Delay = 1.00> <Adapter> <Opcode : 'read' 'write' 'readreq' 'writereq' 'writeresp'>

State 9 <SV = 8> <Delay = 4.00>
ST_9 : Operation 82 [1/1] (4.00ns)   --->   "%prev = read i32 @_ssdm_op_Read.m_axi.i32P1A, i32 %gmem1_addr" [../HLS/src/spmv_csc.cpp:42]   --->   Operation 82 'read' 'prev' <Predicate = true> <Delay = 4.00> <CoreInst = "m_axi">   --->   Core 119 'm_axi' <Latency = 3> <II = 1> <Delay = 1.00> <Adapter> <Opcode : 'read' 'write' 'readreq' 'writereq' 'writeresp'>
ST_9 : Operation 83 [1/1] (4.00ns)   --->   "%x_element = read i32 @_ssdm_op_Read.m_axi.i32P1A, i32 %gmem3_addr" [../HLS/src/spmv_csc.cpp:44]   --->   Operation 83 'read' 'x_element' <Predicate = true> <Delay = 4.00> <CoreInst = "m_axi">   --->   Core 119 'm_axi' <Latency = 3> <II = 1> <Delay = 1.00> <Adapter> <Opcode : 'read' 'write' 'readreq' 'writereq' 'writeresp'>
ST_9 : Operation 84 [1/8] (4.00ns)   --->   "%empty_86 = readreq i1 @_ssdm_op_ReadReq.m_axi.p1i32, i32 %gmem1_addr_1, i64 %zext_ln46" [../HLS/src/spmv_csc.cpp:46]   --->   Operation 84 'readreq' 'empty_86' <Predicate = true> <Delay = 4.00> <CoreInst = "m_axi">   --->   Core 119 'm_axi' <Latency = 6> <II = 1> <Delay = 1.00> <Adapter> <Opcode : 'read' 'write' 'readreq' 'writereq' 'writeresp'>
ST_9 : Operation 85 [1/8] (4.00ns)   --->   "%empty_87 = readreq i1 @_ssdm_op_ReadReq.m_axi.p1i32, i32 %gmem3_addr_1, i64 %zext_ln46" [../HLS/src/spmv_csc.cpp:46]   --->   Operation 85 'readreq' 'empty_87' <Predicate = true> <Delay = 4.00> <CoreInst = "m_axi">   --->   Core 119 'm_axi' <Latency = 6> <II = 1> <Delay = 1.00> <Adapter> <Opcode : 'read' 'write' 'readreq' 'writereq' 'writeresp'>

State 10 <SV = 9> <Delay = 1.44>
ST_10 : Operation 86 [2/2] (1.44ns)   --->   "%call_ln44 = call void @read_col_info_Pipeline_VITIS_LOOP_46_1, i32 %x_element, i32 %prev, i32 %sub, i32 %gmem3, i62 %trunc_ln46_1, i32 %gmem1, i62 %trunc_ln5, i64 %col_info_stream, i32 %p_loc, i32 %prev_1_loc" [../HLS/src/spmv_csc.cpp:44]   --->   Operation 86 'call' 'call_ln44' <Predicate = true> <Delay = 1.44> <CoreType = "Generic">   --->   Generic Core

State 11 <SV = 10> <Delay = 0.00>
ST_11 : Operation 87 [1/2] (0.00ns)   --->   "%call_ln44 = call void @read_col_info_Pipeline_VITIS_LOOP_46_1, i32 %x_element, i32 %prev, i32 %sub, i32 %gmem3, i62 %trunc_ln46_1, i32 %gmem1, i62 %trunc_ln5, i64 %col_info_stream, i32 %p_loc, i32 %prev_1_loc" [../HLS/src/spmv_csc.cpp:44]   --->   Operation 87 'call' 'call_ln44' <Predicate = true> <Delay = 0.00> <CoreType = "Generic">   --->   Generic Core

State 12 <SV = 11> <Delay = 4.00>
ST_12 : Operation 88 [8/8] (4.00ns)   --->   "%next_1_req = readreq i1 @_ssdm_op_ReadReq.m_axi.i32P1A, i32 %gmem1_addr_2, i64 1" [../HLS/src/spmv_csc.cpp:65]   --->   Operation 88 'readreq' 'next_1_req' <Predicate = true> <Delay = 4.00> <CoreInst = "m_axi">   --->   Core 119 'm_axi' <Latency = 6> <II = 1> <Delay = 1.00> <Adapter> <Opcode : 'read' 'write' 'readreq' 'writereq' 'writeresp'>

State 13 <SV = 12> <Delay = 4.00>
ST_13 : Operation 89 [7/8] (4.00ns)   --->   "%next_1_req = readreq i1 @_ssdm_op_ReadReq.m_axi.i32P1A, i32 %gmem1_addr_2, i64 1" [../HLS/src/spmv_csc.cpp:65]   --->   Operation 89 'readreq' 'next_1_req' <Predicate = true> <Delay = 4.00> <CoreInst = "m_axi">   --->   Core 119 'm_axi' <Latency = 6> <II = 1> <Delay = 1.00> <Adapter> <Opcode : 'read' 'write' 'readreq' 'writereq' 'writeresp'>

State 14 <SV = 13> <Delay = 4.00>
ST_14 : Operation 90 [6/8] (4.00ns)   --->   "%next_1_req = readreq i1 @_ssdm_op_ReadReq.m_axi.i32P1A, i32 %gmem1_addr_2, i64 1" [../HLS/src/spmv_csc.cpp:65]   --->   Operation 90 'readreq' 'next_1_req' <Predicate = true> <Delay = 4.00> <CoreInst = "m_axi">   --->   Core 119 'm_axi' <Latency = 6> <II = 1> <Delay = 1.00> <Adapter> <Opcode : 'read' 'write' 'readreq' 'writereq' 'writeresp'>

State 15 <SV = 14> <Delay = 4.00>
ST_15 : Operation 91 [5/8] (4.00ns)   --->   "%next_1_req = readreq i1 @_ssdm_op_ReadReq.m_axi.i32P1A, i32 %gmem1_addr_2, i64 1" [../HLS/src/spmv_csc.cpp:65]   --->   Operation 91 'readreq' 'next_1_req' <Predicate = true> <Delay = 4.00> <CoreInst = "m_axi">   --->   Core 119 'm_axi' <Latency = 6> <II = 1> <Delay = 1.00> <Adapter> <Opcode : 'read' 'write' 'readreq' 'writereq' 'writeresp'>

State 16 <SV = 15> <Delay = 4.00>
ST_16 : Operation 92 [4/8] (4.00ns)   --->   "%next_1_req = readreq i1 @_ssdm_op_ReadReq.m_axi.i32P1A, i32 %gmem1_addr_2, i64 1" [../HLS/src/spmv_csc.cpp:65]   --->   Operation 92 'readreq' 'next_1_req' <Predicate = true> <Delay = 4.00> <CoreInst = "m_axi">   --->   Core 119 'm_axi' <Latency = 6> <II = 1> <Delay = 1.00> <Adapter> <Opcode : 'read' 'write' 'readreq' 'writereq' 'writeresp'>

State 17 <SV = 16> <Delay = 4.00>
ST_17 : Operation 93 [3/8] (4.00ns)   --->   "%next_1_req = readreq i1 @_ssdm_op_ReadReq.m_axi.i32P1A, i32 %gmem1_addr_2, i64 1" [../HLS/src/spmv_csc.cpp:65]   --->   Operation 93 'readreq' 'next_1_req' <Predicate = true> <Delay = 4.00> <CoreInst = "m_axi">   --->   Core 119 'm_axi' <Latency = 6> <II = 1> <Delay = 1.00> <Adapter> <Opcode : 'read' 'write' 'readreq' 'writereq' 'writeresp'>

State 18 <SV = 17> <Delay = 4.00>
ST_18 : Operation 94 [2/8] (4.00ns)   --->   "%next_1_req = readreq i1 @_ssdm_op_ReadReq.m_axi.i32P1A, i32 %gmem1_addr_2, i64 1" [../HLS/src/spmv_csc.cpp:65]   --->   Operation 94 'readreq' 'next_1_req' <Predicate = true> <Delay = 4.00> <CoreInst = "m_axi">   --->   Core 119 'm_axi' <Latency = 6> <II = 1> <Delay = 1.00> <Adapter> <Opcode : 'read' 'write' 'readreq' 'writereq' 'writeresp'>

State 19 <SV = 18> <Delay = 4.00>
ST_19 : Operation 95 [1/8] (4.00ns)   --->   "%next_1_req = readreq i1 @_ssdm_op_ReadReq.m_axi.i32P1A, i32 %gmem1_addr_2, i64 1" [../HLS/src/spmv_csc.cpp:65]   --->   Operation 95 'readreq' 'next_1_req' <Predicate = true> <Delay = 4.00> <CoreInst = "m_axi">   --->   Core 119 'm_axi' <Latency = 6> <II = 1> <Delay = 1.00> <Adapter> <Opcode : 'read' 'write' 'readreq' 'writereq' 'writeresp'>

State 20 <SV = 19> <Delay = 4.00>
ST_20 : Operation 96 [1/1] (4.00ns)   --->   "%next = read i32 @_ssdm_op_Read.m_axi.i32P1A, i32 %gmem1_addr_2" [../HLS/src/spmv_csc.cpp:65]   --->   Operation 96 'read' 'next' <Predicate = true> <Delay = 4.00> <CoreInst = "m_axi">   --->   Core 119 'm_axi' <Latency = 3> <II = 1> <Delay = 1.00> <Adapter> <Opcode : 'read' 'write' 'readreq' 'writereq' 'writeresp'>

State 21 <SV = 20> <Delay = 3.58>
ST_21 : Operation 97 [1/1] (0.00ns)   --->   "%specinterface_ln0 = specinterface void @_ssdm_op_SpecInterface, i64 %col_info_stream, void @empty_16, i32 0, i32 0, void @empty_25, i32 0, i32 0, void @empty_25, void @empty_25, void @empty_25, i32 0, i32 0, i32 0, i32 0, void @empty_25, void @empty_25, i32 4294967295, i32 0, i32 0"   --->   Operation 97 'specinterface' 'specinterface_ln0' <Predicate = true> <Delay = 0.00>
ST_21 : Operation 98 [1/1] (0.00ns)   --->   "%specinterface_ln0 = specinterface void @_ssdm_op_SpecInterface, i32 %gmem1, void @empty_24, i32 0, i32 0, void @empty_25, i32 0, i32 1025, void @empty_26, void @empty_0, void @empty_25, i32 16, i32 16, i32 16, i32 16, void @empty_25, void @empty_25, i32 4294967295, i32 0, i32 0"   --->   Operation 98 'specinterface' 'specinterface_ln0' <Predicate = true> <Delay = 0.00>
ST_21 : Operation 99 [1/1] (0.00ns)   --->   "%specinterface_ln0 = specinterface void @_ssdm_op_SpecInterface, i32 %gmem3, void @empty_24, i32 0, i32 0, void @empty_25, i32 0, i32 1024, void @empty_10, void @empty_0, void @empty_25, i32 16, i32 16, i32 16, i32 16, void @empty_25, void @empty_25, i32 4294967295, i32 0, i32 0"   --->   Operation 99 'specinterface' 'specinterface_ln0' <Predicate = true> <Delay = 0.00>
ST_21 : Operation 100 [1/1] (0.00ns)   --->   "%p_loc_load = load i32 %p_loc"   --->   Operation 100 'load' 'p_loc_load' <Predicate = true> <Delay = 0.00>
ST_21 : Operation 101 [1/1] (0.00ns)   --->   "%prev_1_loc_load = load i32 %prev_1_loc"   --->   Operation 101 'load' 'prev_1_loc_load' <Predicate = true> <Delay = 0.00>
ST_21 : Operation 102 [1/1] (1.01ns)   --->   "%col_nnz = sub i32 %next, i32 %prev_1_loc_load" [../HLS/src/spmv_csc.cpp:66]   --->   Operation 102 'sub' 'col_nnz' <Predicate = true> <Delay = 1.01> <CoreInst = "Adder">   --->   Core 1 'Adder' <Latency = 0> <II = 1> <Delay = 1.01> <FuncUnit> <Opcode : 'add' 'sub'> <InPorts = 2> <OutPorts = 1>
ST_21 : Operation 103 [1/1] (1.01ns)   --->   "%icmp_ln67 = icmp_sgt  i32 %col_nnz, i32 0" [../HLS/src/spmv_csc.cpp:67]   --->   Operation 103 'icmp' 'icmp_ln67' <Predicate = true> <Delay = 1.01> <CoreInst = "Cmp">   --->   Core 9 'Cmp' <Latency = 0> <II = 1> <Delay = 1.01> <FuncUnit> <Opcode : 'seteq' 'setne' 'setle' 'setge' 'setlt' 'setgt'> <InPorts = 2> <OutPorts = 1>
ST_21 : Operation 104 [1/1] (0.00ns)   --->   "%br_ln67 = br i1 %icmp_ln67, void %if.end18, void %if.then14" [../HLS/src/spmv_csc.cpp:67]   --->   Operation 104 'br' 'br_ln67' <Predicate = true> <Delay = 0.00>
ST_21 : Operation 105 [1/1] (0.00ns)   --->   "%p_0 = bitconcatenate i64 @_ssdm_op_BitConcatenate.i64.i32.i32, i32 %p_loc_load, i32 %col_nnz" [../HLS/src/spmv_csc.cpp:72]   --->   Operation 105 'bitconcatenate' 'p_0' <Predicate = (icmp_ln67)> <Delay = 0.00>
ST_21 : Operation 106 [1/1] ( I:1.55ns O:1.55ns )   --->   "%write_ln72 = write void @_ssdm_op_Write.ap_fifo.volatile.i64P0A, i64 %col_info_stream, i64 %p_0" [../HLS/src/spmv_csc.cpp:72]   --->   Operation 106 'write' 'write_ln72' <Predicate = (icmp_ln67)> <Delay = 1.55> <CoreInst = "FIFO">   --->   Core 77 'FIFO' <Latency = 0> <II = 1> <Delay = 1.55> <Storage> <Opcode : 'read' 'write' 'nbread' 'nbwrite'> <Ports = 0> <Width = 64> <Depth = 64> <FIFO>
ST_21 : Operation 107 [1/1] (0.00ns)   --->   "%br_ln73 = br void %if.end18" [../HLS/src/spmv_csc.cpp:73]   --->   Operation 107 'br' 'br_ln73' <Predicate = (icmp_ln67)> <Delay = 0.00>
ST_21 : Operation 108 [1/1] (0.00ns)   --->   "%ret_ln74 = ret" [../HLS/src/spmv_csc.cpp:74]   --->   Operation 108 'ret' 'ret_ln74' <Predicate = true> <Delay = 0.00>


============================================================
+ Verbose Summary: Timing violations
============================================================
Target clock period: 5.000ns, clock uncertainty: 1.000ns.

 <State 1>: 4.000ns
The critical path consists of the following:
	wire read operation ('A_col_ptr_read') on port 'A_col_ptr' [8]  (0.000 ns)
	'getelementptr' operation 32 bit ('gmem1_addr', ../HLS/src/spmv_csc.cpp:42) [17]  (0.000 ns)
	bus request operation ('prev_req', ../HLS/src/spmv_csc.cpp:42) on port 'gmem1' (../HLS/src/spmv_csc.cpp:42) [18]  (4.000 ns)

 <State 2>: 4.000ns
The critical path consists of the following:
	bus request operation ('prev_req', ../HLS/src/spmv_csc.cpp:42) on port 'gmem1' (../HLS/src/spmv_csc.cpp:42) [18]  (4.000 ns)

 <State 3>: 4.000ns
The critical path consists of the following:
	bus request operation ('prev_req', ../HLS/src/spmv_csc.cpp:42) on port 'gmem1' (../HLS/src/spmv_csc.cpp:42) [18]  (4.000 ns)

 <State 4>: 4.000ns
The critical path consists of the following:
	bus request operation ('prev_req', ../HLS/src/spmv_csc.cpp:42) on port 'gmem1' (../HLS/src/spmv_csc.cpp:42) [18]  (4.000 ns)

 <State 5>: 4.000ns
The critical path consists of the following:
	bus request operation ('prev_req', ../HLS/src/spmv_csc.cpp:42) on port 'gmem1' (../HLS/src/spmv_csc.cpp:42) [18]  (4.000 ns)

 <State 6>: 4.000ns
The critical path consists of the following:
	bus request operation ('prev_req', ../HLS/src/spmv_csc.cpp:42) on port 'gmem1' (../HLS/src/spmv_csc.cpp:42) [18]  (4.000 ns)

 <State 7>: 4.000ns
The critical path consists of the following:
	bus request operation ('prev_req', ../HLS/src/spmv_csc.cpp:42) on port 'gmem1' (../HLS/src/spmv_csc.cpp:42) [18]  (4.000 ns)

 <State 8>: 4.000ns
The critical path consists of the following:
	bus request operation ('prev_req', ../HLS/src/spmv_csc.cpp:42) on port 'gmem1' (../HLS/src/spmv_csc.cpp:42) [18]  (4.000 ns)

 <State 9>: 4.000ns
The critical path consists of the following:
	bus read operation ('prev', ../HLS/src/spmv_csc.cpp:42) on port 'gmem1' (../HLS/src/spmv_csc.cpp:42) [19]  (4.000 ns)

 <State 10>: 1.443ns
The critical path consists of the following:
	'call' operation 0 bit ('call_ln44', ../HLS/src/spmv_csc.cpp:44) to 'read_col_info_Pipeline_VITIS_LOOP_46_1' [40]  (1.443 ns)

 <State 11>: 0.000ns
The critical path consists of the following:

 <State 12>: 4.000ns
The critical path consists of the following:
	bus request operation ('next_1_req', ../HLS/src/spmv_csc.cpp:65) on port 'gmem1' (../HLS/src/spmv_csc.cpp:65) [49]  (4.000 ns)

 <State 13>: 4.000ns
The critical path consists of the following:
	bus request operation ('next_1_req', ../HLS/src/spmv_csc.cpp:65) on port 'gmem1' (../HLS/src/spmv_csc.cpp:65) [49]  (4.000 ns)

 <State 14>: 4.000ns
The critical path consists of the following:
	bus request operation ('next_1_req', ../HLS/src/spmv_csc.cpp:65) on port 'gmem1' (../HLS/src/spmv_csc.cpp:65) [49]  (4.000 ns)

 <State 15>: 4.000ns
The critical path consists of the following:
	bus request operation ('next_1_req', ../HLS/src/spmv_csc.cpp:65) on port 'gmem1' (../HLS/src/spmv_csc.cpp:65) [49]  (4.000 ns)

 <State 16>: 4.000ns
The critical path consists of the following:
	bus request operation ('next_1_req', ../HLS/src/spmv_csc.cpp:65) on port 'gmem1' (../HLS/src/spmv_csc.cpp:65) [49]  (4.000 ns)

 <State 17>: 4.000ns
The critical path consists of the following:
	bus request operation ('next_1_req', ../HLS/src/spmv_csc.cpp:65) on port 'gmem1' (../HLS/src/spmv_csc.cpp:65) [49]  (4.000 ns)

 <State 18>: 4.000ns
The critical path consists of the following:
	bus request operation ('next_1_req', ../HLS/src/spmv_csc.cpp:65) on port 'gmem1' (../HLS/src/spmv_csc.cpp:65) [49]  (4.000 ns)

 <State 19>: 4.000ns
The critical path consists of the following:
	bus request operation ('next_1_req', ../HLS/src/spmv_csc.cpp:65) on port 'gmem1' (../HLS/src/spmv_csc.cpp:65) [49]  (4.000 ns)

 <State 20>: 4.000ns
The critical path consists of the following:
	bus read operation ('next', ../HLS/src/spmv_csc.cpp:65) on port 'gmem1' (../HLS/src/spmv_csc.cpp:65) [50]  (4.000 ns)

 <State 21>: 3.589ns
The critical path consists of the following:
	'load' operation 32 bit ('prev_1_loc_load') on local variable 'prev_1_loc' [42]  (0.000 ns)
	'sub' operation 32 bit ('col_nnz', ../HLS/src/spmv_csc.cpp:66) [51]  (1.016 ns)
	'icmp' operation 1 bit ('icmp_ln67', ../HLS/src/spmv_csc.cpp:67) [52]  (1.016 ns)
	fifo write operation ('write_ln72', ../HLS/src/spmv_csc.cpp:72) on port 'col_info_stream' (../HLS/src/spmv_csc.cpp:72) [56]  (1.557 ns)


============================================================
+ Verbose Summary: Binding
============================================================
N/A
* FSMD analyzer results:
  - Output states:
 - Input state : 
  - Chain level:
	State 1
	State 2
	State 3
	State 4
	State 5
	State 6
	State 7
	State 8
	State 9
	State 10
	State 11
	State 12
	State 13
	State 14
	State 15
	State 16
	State 17
	State 18
	State 19
	State 20
	State 21


============================================================
+ Verbose Summary: Datapath Resource usage 
============================================================
N/A
