

================================================================
== Vitis HLS Report for 'read_nnz_packed_Pipeline_VITIS_LOOP_89_1'
================================================================
* Date:           Thu Apr 23 17:41:58 2026

* Version:        2024.2 (Build 5238294 on Nov  8 2024)
* Project:        spmv_csc
* Solution:       hls (Vivado IP Flow Target)
* Product family: zynquplus
* Target device:  xczu7ev-ffvc1156-2-e


================================================================
== Performance Estimates
================================================================
+ Timing: 
    * Summary: 
    +--------+---------+----------+------------+
    |  Clock |  Target | Estimated| Uncertainty|
    +--------+---------+----------+------------+
    |ap_clk  |  5.00 ns|  4.000 ns|     1.00 ns|
    +--------+---------+----------+------------+

+ Latency: 
    * Summary: 
    +---------+-----------+-----------+-----------+-----+-----------+------------------------------------------------+
    |   Latency (cycles)  |   Latency (absolute)  |     Interval    |                    Pipeline                    |
    |   min   |    max    |    min    |    max    | min |    max    |                      Type                      |
    +---------+-----------+-----------+-----------+-----+-----------+------------------------------------------------+
    |        3|  134217730|  15.000 ns|  0.671 sec|    1|  134217728|  loop auto-rewind stp (delay=0 clock cycles(s))|
    +---------+-----------+-----------+-----------+-----+-----------+------------------------------------------------+

    + Detail: 
        * Instance: 
        N/A

        * Loop: 
        +-------------------+---------+-----------+----------+-----------+-----------+---------------+----------+
        |                   |   Latency (cycles)  | Iteration|  Initiation Interval  |      Trip     |          |
        |     Loop Name     |   min   |    max    |  Latency |  achieved |   target  |     Count     | Pipelined|
        +-------------------+---------+-----------+----------+-----------+-----------+---------------+----------+
        |- VITIS_LOOP_89_1  |        1|  134217728|         3|          1|          1|  0 ~ 134217727|       yes|
        +-------------------+---------+-----------+----------+-----------+-----------+---------------+----------+

============================================================
+ Verbose Summary: Synthesis Manager
============================================================
InlineROM: 1
ExposeGlobal: 0
============================================================
+ Verbose Summary: CDFG Model
============================================================
IsTopModel: 0
ResetActiveHigh: 1
IsCombinational: 0
IsDatapathOnly: 0
HasWiredReturn: 1
HasMFsm: 2
HasVarLatency: 1
IsPipeline: 0
IsRtlPipelined: 0
IsInstanceOverlapped: 0
IsDontTouch: 0
HasImplIP: 0
IsGatedGlobalClock: 0

+ Individual pipeline summary: 
  * Pipeline-0: initiation interval (II) = 1, depth = 3


============================================================
+ Verbose Summary: Schedule
============================================================
* Number of FSM states : 3
* Pipeline : 1
  Pipeline-0 : II = 1, D = 3, States = { 1 2 3 }
* Dataflow Pipeline: 0

* FSM state transitions: 
1 --> 2 
2 --> 3 
3 --> 

* FSM state operations: 

State 1 <SV = 0> <Delay = 1.83>
ST_1 : Operation 6 [1/1] (0.00ns)   --->   "%w = alloca i32 1"   --->   Operation 6 'alloca' 'w' <Predicate = true> <Delay = 0.00>
ST_1 : Operation 7 [1/1] (0.00ns)   --->   "%idx = alloca i32 1" [../HLS/src/spmv_csc.cpp:87]   --->   Operation 7 'alloca' 'idx' <Predicate = true> <Delay = 0.00>
ST_1 : Operation 8 [1/1] (0.00ns)   --->   "%nnz_read = read i32 @_ssdm_op_Read.ap_auto.i32, i32 %nnz"   --->   Operation 8 'read' 'nnz_read' <Predicate = true> <Delay = 0.00>
ST_1 : Operation 9 [1/1] (0.00ns)   --->   "%sext_ln89_2_read = read i58 @_ssdm_op_Read.ap_auto.i58, i58 %sext_ln89_2"   --->   Operation 9 'read' 'sext_ln89_2_read' <Predicate = true> <Delay = 0.00>
ST_1 : Operation 10 [1/1] (0.00ns)   --->   "%sext_ln89_read = read i58 @_ssdm_op_Read.ap_auto.i58, i58 %sext_ln89"   --->   Operation 10 'read' 'sext_ln89_read' <Predicate = true> <Delay = 0.00>
ST_1 : Operation 11 [1/1] (0.00ns)   --->   "%words_read = read i29 @_ssdm_op_Read.ap_auto.i29, i29 %words"   --->   Operation 11 'read' 'words_read' <Predicate = true> <Delay = 0.00>
ST_1 : Operation 12 [1/1] (0.00ns)   --->   "%sext_ln89_2_cast = sext i58 %sext_ln89_2_read"   --->   Operation 12 'sext' 'sext_ln89_2_cast' <Predicate = true> <Delay = 0.00>
ST_1 : Operation 13 [1/1] (0.00ns)   --->   "%sext_ln89_cast = sext i58 %sext_ln89_read"   --->   Operation 13 'sext' 'sext_ln89_cast' <Predicate = true> <Delay = 0.00>
ST_1 : Operation 14 [1/1] (0.00ns)   --->   "%specinterface_ln0 = specinterface void @_ssdm_op_SpecInterface, i512 %gmem2, void @empty_24, i32 0, i32 0, void @empty_25, i32 0, i32 12500, void @empty_27, void @empty_0, void @empty_25, i32 16, i32 16, i32 16, i32 16, void @empty_25, void @empty_25, i32 4294967295, i32 0, i32 0"   --->   Operation 14 'specinterface' 'specinterface_ln0' <Predicate = true> <Delay = 0.00>
ST_1 : Operation 15 [1/1] (0.00ns)   --->   "%specinterface_ln0 = specinterface void @_ssdm_op_SpecInterface, i512 %gmem0, void @empty_24, i32 0, i32 0, void @empty_25, i32 0, i32 12500, void @empty_13, void @empty_0, void @empty_25, i32 16, i32 16, i32 16, i32 16, void @empty_25, void @empty_25, i32 4294967295, i32 0, i32 0"   --->   Operation 15 'specinterface' 'specinterface_ln0' <Predicate = true> <Delay = 0.00>
ST_1 : Operation 16 [1/1] (0.00ns)   --->   "%specinterface_ln0 = specinterface void @_ssdm_op_SpecInterface, i1032 %nnz_stream, void @empty_16, i32 0, i32 0, void @empty_25, i32 0, i32 0, void @empty_25, void @empty_25, void @empty_25, i32 0, i32 0, i32 0, i32 0, void @empty_25, void @empty_25, i32 4294967295, i32 0, i32 0"   --->   Operation 16 'specinterface' 'specinterface_ln0' <Predicate = true> <Delay = 0.00>
ST_1 : Operation 17 [1/1] (0.42ns)   --->   "%store_ln87 = store i32 0, i32 %idx" [../HLS/src/spmv_csc.cpp:87]   --->   Operation 17 'store' 'store_ln87' <Predicate = true> <Delay = 0.42>
ST_1 : Operation 18 [1/1] (0.42ns)   --->   "%store_ln0 = store i27 0, i27 %w"   --->   Operation 18 'store' 'store_ln0' <Predicate = true> <Delay = 0.42>
ST_1 : Operation 19 [1/1] (0.00ns)   --->   "%br_ln0 = br void %VITIS_LOOP_94_2"   --->   Operation 19 'br' 'br_ln0' <Predicate = true> <Delay = 0.00>
ST_1 : Operation 20 [1/1] (0.00ns)   --->   "%w_load = load i27 %w" [../HLS/src/spmv_csc.cpp:89]   --->   Operation 20 'load' 'w_load' <Predicate = true> <Delay = 0.00>
ST_1 : Operation 21 [1/1] (0.00ns)   --->   "%zext_ln89 = zext i27 %w_load" [../HLS/src/spmv_csc.cpp:89]   --->   Operation 21 'zext' 'zext_ln89' <Predicate = true> <Delay = 0.00>
ST_1 : Operation 22 [1/1] (0.98ns)   --->   "%icmp_ln89 = icmp_slt  i29 %zext_ln89, i29 %words_read" [../HLS/src/spmv_csc.cpp:89]   --->   Operation 22 'icmp' 'icmp_ln89' <Predicate = true> <Delay = 0.98> <CoreInst = "Cmp">   --->   Core 9 'Cmp' <Latency = 0> <II = 1> <Delay = 0.98> <FuncUnit> <Opcode : 'seteq' 'setne' 'setle' 'setge' 'setlt' 'setgt'> <InPorts = 2> <OutPorts = 1>
ST_1 : Operation 23 [1/1] (0.96ns)   --->   "%add_ln89 = add i27 %w_load, i27 1" [../HLS/src/spmv_csc.cpp:89]   --->   Operation 23 'add' 'add_ln89' <Predicate = true> <Delay = 0.96> <CoreInst = "Adder">   --->   Core 1 'Adder' <Latency = 0> <II = 1> <Delay = 0.96> <FuncUnit> <Opcode : 'add' 'sub'> <InPorts = 2> <OutPorts = 1>
ST_1 : Operation 24 [1/1] (0.00ns)   --->   "%br_ln89 = br i1 %icmp_ln89, void %for.end41.loopexit.exitStub, void %VITIS_LOOP_94_2.split" [../HLS/src/spmv_csc.cpp:89]   --->   Operation 24 'br' 'br_ln89' <Predicate = true> <Delay = 0.00>
ST_1 : Operation 25 [1/1] (0.42ns)   --->   "%store_ln89 = store i27 %add_ln89, i27 %w" [../HLS/src/spmv_csc.cpp:89]   --->   Operation 25 'store' 'store_ln89' <Predicate = (icmp_ln89)> <Delay = 0.42>
ST_1 : Operation 26 [1/1] (0.00ns)   --->   "%br_ln89 = br void %VITIS_LOOP_94_2" [../HLS/src/spmv_csc.cpp:89]   --->   Operation 26 'br' 'br_ln89' <Predicate = (icmp_ln89)> <Delay = 0.00>

State 2 <SV = 1> <Delay = 4.00>
ST_2 : Operation 27 [1/1] (0.00ns)   --->   "%idx_2 = load i32 %idx" [../HLS/src/spmv_csc.cpp:131]   --->   Operation 27 'load' 'idx_2' <Predicate = true> <Delay = 0.00>
ST_2 : Operation 28 [1/1] (0.00ns)   --->   "%gmem0_addr = getelementptr i512 %gmem0, i64 %sext_ln89_cast" [../HLS/src/spmv_csc.cpp:89]   --->   Operation 28 'getelementptr' 'gmem0_addr' <Predicate = (icmp_ln89)> <Delay = 0.00>
ST_2 : Operation 29 [1/1] (0.00ns)   --->   "%gmem2_addr = getelementptr i512 %gmem2, i64 %sext_ln89_2_cast" [../HLS/src/spmv_csc.cpp:89]   --->   Operation 29 'getelementptr' 'gmem2_addr' <Predicate = (icmp_ln89)> <Delay = 0.00>
ST_2 : Operation 30 [1/1] (0.00ns)   --->   "%specpipeline_ln87 = specpipeline void @_ssdm_op_SpecPipeline, i32 4294967295, i32 0, i32 0, i32 0, void @empty_25" [../HLS/src/spmv_csc.cpp:87]   --->   Operation 30 'specpipeline' 'specpipeline_ln87' <Predicate = (icmp_ln89)> <Delay = 0.00>
ST_2 : Operation 31 [1/1] (0.00ns)   --->   "%speclooptripcount_ln87 = speclooptripcount void @_ssdm_op_SpecLoopTripCount, i64 0, i64 134217727, i64 67108863" [../HLS/src/spmv_csc.cpp:87]   --->   Operation 31 'speclooptripcount' 'speclooptripcount_ln87' <Predicate = (icmp_ln89)> <Delay = 0.00>
ST_2 : Operation 32 [1/1] (0.00ns)   --->   "%specloopname_ln89 = specloopname void @_ssdm_op_SpecLoopName, void @empty_5" [../HLS/src/spmv_csc.cpp:89]   --->   Operation 32 'specloopname' 'specloopname_ln89' <Predicate = (icmp_ln89)> <Delay = 0.00>
ST_2 : Operation 33 [1/1] (4.00ns)   --->   "%gmem0_addr_read = read i512 @_ssdm_op_Read.m_axi.p1i512, i512 %gmem0_addr" [../HLS/src/spmv_csc.cpp:91]   --->   Operation 33 'read' 'gmem0_addr_read' <Predicate = (icmp_ln89)> <Delay = 4.00> <CoreInst = "m_axi">   --->   Core 119 'm_axi' <Latency = 3> <II = 1> <Delay = 1.00> <Adapter> <Opcode : 'read' 'write' 'readreq' 'writereq' 'writeresp'>
ST_2 : Operation 34 [1/1] (0.00ns)   --->   "%trunc_ln91 = trunc i512 %gmem0_addr_read" [../HLS/src/spmv_csc.cpp:91]   --->   Operation 34 'trunc' 'trunc_ln91' <Predicate = (icmp_ln89)> <Delay = 0.00>
ST_2 : Operation 35 [1/1] (0.00ns)   --->   "%trunc_ln91_1 = partselect i32 @_ssdm_op_PartSelect.i32.i512.i32.i32, i512 %gmem0_addr_read, i32 32, i32 63" [../HLS/src/spmv_csc.cpp:91]   --->   Operation 35 'partselect' 'trunc_ln91_1' <Predicate = (icmp_ln89)> <Delay = 0.00>
ST_2 : Operation 36 [1/1] (0.00ns)   --->   "%trunc_ln91_2 = partselect i32 @_ssdm_op_PartSelect.i32.i512.i32.i32, i512 %gmem0_addr_read, i32 64, i32 95" [../HLS/src/spmv_csc.cpp:91]   --->   Operation 36 'partselect' 'trunc_ln91_2' <Predicate = (icmp_ln89)> <Delay = 0.00>
ST_2 : Operation 37 [1/1] (0.00ns)   --->   "%trunc_ln91_3 = partselect i32 @_ssdm_op_PartSelect.i32.i512.i32.i32, i512 %gmem0_addr_read, i32 96, i32 127" [../HLS/src/spmv_csc.cpp:91]   --->   Operation 37 'partselect' 'trunc_ln91_3' <Predicate = (icmp_ln89)> <Delay = 0.00>
ST_2 : Operation 38 [1/1] (0.00ns)   --->   "%trunc_ln91_4 = partselect i32 @_ssdm_op_PartSelect.i32.i512.i32.i32, i512 %gmem0_addr_read, i32 128, i32 159" [../HLS/src/spmv_csc.cpp:91]   --->   Operation 38 'partselect' 'trunc_ln91_4' <Predicate = (icmp_ln89)> <Delay = 0.00>
ST_2 : Operation 39 [1/1] (0.00ns)   --->   "%trunc_ln91_5 = partselect i32 @_ssdm_op_PartSelect.i32.i512.i32.i32, i512 %gmem0_addr_read, i32 160, i32 191" [../HLS/src/spmv_csc.cpp:91]   --->   Operation 39 'partselect' 'trunc_ln91_5' <Predicate = (icmp_ln89)> <Delay = 0.00>
ST_2 : Operation 40 [1/1] (0.00ns)   --->   "%trunc_ln91_6 = partselect i32 @_ssdm_op_PartSelect.i32.i512.i32.i32, i512 %gmem0_addr_read, i32 192, i32 223" [../HLS/src/spmv_csc.cpp:91]   --->   Operation 40 'partselect' 'trunc_ln91_6' <Predicate = (icmp_ln89)> <Delay = 0.00>
ST_2 : Operation 41 [1/1] (0.00ns)   --->   "%trunc_ln91_7 = partselect i32 @_ssdm_op_PartSelect.i32.i512.i32.i32, i512 %gmem0_addr_read, i32 224, i32 255" [../HLS/src/spmv_csc.cpp:91]   --->   Operation 41 'partselect' 'trunc_ln91_7' <Predicate = (icmp_ln89)> <Delay = 0.00>
ST_2 : Operation 42 [1/1] (0.00ns)   --->   "%trunc_ln91_8 = partselect i32 @_ssdm_op_PartSelect.i32.i512.i32.i32, i512 %gmem0_addr_read, i32 256, i32 287" [../HLS/src/spmv_csc.cpp:91]   --->   Operation 42 'partselect' 'trunc_ln91_8' <Predicate = (icmp_ln89)> <Delay = 0.00>
ST_2 : Operation 43 [1/1] (0.00ns)   --->   "%trunc_ln91_9 = partselect i32 @_ssdm_op_PartSelect.i32.i512.i32.i32, i512 %gmem0_addr_read, i32 288, i32 319" [../HLS/src/spmv_csc.cpp:91]   --->   Operation 43 'partselect' 'trunc_ln91_9' <Predicate = (icmp_ln89)> <Delay = 0.00>
ST_2 : Operation 44 [1/1] (0.00ns)   --->   "%trunc_ln91_s = partselect i32 @_ssdm_op_PartSelect.i32.i512.i32.i32, i512 %gmem0_addr_read, i32 320, i32 351" [../HLS/src/spmv_csc.cpp:91]   --->   Operation 44 'partselect' 'trunc_ln91_s' <Predicate = (icmp_ln89)> <Delay = 0.00>
ST_2 : Operation 45 [1/1] (0.00ns)   --->   "%trunc_ln91_10 = partselect i32 @_ssdm_op_PartSelect.i32.i512.i32.i32, i512 %gmem0_addr_read, i32 352, i32 383" [../HLS/src/spmv_csc.cpp:91]   --->   Operation 45 'partselect' 'trunc_ln91_10' <Predicate = (icmp_ln89)> <Delay = 0.00>
ST_2 : Operation 46 [1/1] (0.00ns)   --->   "%trunc_ln91_11 = partselect i32 @_ssdm_op_PartSelect.i32.i512.i32.i32, i512 %gmem0_addr_read, i32 384, i32 415" [../HLS/src/spmv_csc.cpp:91]   --->   Operation 46 'partselect' 'trunc_ln91_11' <Predicate = (icmp_ln89)> <Delay = 0.00>
ST_2 : Operation 47 [1/1] (0.00ns)   --->   "%trunc_ln91_12 = partselect i32 @_ssdm_op_PartSelect.i32.i512.i32.i32, i512 %gmem0_addr_read, i32 416, i32 447" [../HLS/src/spmv_csc.cpp:91]   --->   Operation 47 'partselect' 'trunc_ln91_12' <Predicate = (icmp_ln89)> <Delay = 0.00>
ST_2 : Operation 48 [1/1] (0.00ns)   --->   "%trunc_ln91_13 = partselect i32 @_ssdm_op_PartSelect.i32.i512.i32.i32, i512 %gmem0_addr_read, i32 448, i32 479" [../HLS/src/spmv_csc.cpp:91]   --->   Operation 48 'partselect' 'trunc_ln91_13' <Predicate = (icmp_ln89)> <Delay = 0.00>
ST_2 : Operation 49 [1/1] (0.00ns)   --->   "%trunc_ln91_14 = partselect i32 @_ssdm_op_PartSelect.i32.i512.i32.i32, i512 %gmem0_addr_read, i32 480, i32 511" [../HLS/src/spmv_csc.cpp:91]   --->   Operation 49 'partselect' 'trunc_ln91_14' <Predicate = (icmp_ln89)> <Delay = 0.00>
ST_2 : Operation 50 [1/1] (4.00ns)   --->   "%gmem2_addr_read = read i512 @_ssdm_op_Read.m_axi.p1i512, i512 %gmem2_addr" [../HLS/src/spmv_csc.cpp:92]   --->   Operation 50 'read' 'gmem2_addr_read' <Predicate = (icmp_ln89)> <Delay = 4.00> <CoreInst = "m_axi">   --->   Core 119 'm_axi' <Latency = 3> <II = 1> <Delay = 1.00> <Adapter> <Opcode : 'read' 'write' 'readreq' 'writereq' 'writeresp'>
ST_2 : Operation 51 [1/1] (0.00ns)   --->   "%pack_val = trunc i512 %gmem2_addr_read" [../HLS/src/spmv_csc.cpp:92]   --->   Operation 51 'trunc' 'pack_val' <Predicate = (icmp_ln89)> <Delay = 0.00>
ST_2 : Operation 52 [1/1] (0.00ns)   --->   "%pack_val_1 = partselect i32 @_ssdm_op_PartSelect.i32.i512.i32.i32, i512 %gmem2_addr_read, i32 32, i32 63" [../HLS/src/spmv_csc.cpp:92]   --->   Operation 52 'partselect' 'pack_val_1' <Predicate = (icmp_ln89)> <Delay = 0.00>
ST_2 : Operation 53 [1/1] (0.00ns)   --->   "%trunc_ln92_2 = partselect i32 @_ssdm_op_PartSelect.i32.i512.i32.i32, i512 %gmem2_addr_read, i32 64, i32 95" [../HLS/src/spmv_csc.cpp:92]   --->   Operation 53 'partselect' 'trunc_ln92_2' <Predicate = (icmp_ln89)> <Delay = 0.00>
ST_2 : Operation 54 [1/1] (0.00ns)   --->   "%trunc_ln92_3 = partselect i32 @_ssdm_op_PartSelect.i32.i512.i32.i32, i512 %gmem2_addr_read, i32 96, i32 127" [../HLS/src/spmv_csc.cpp:92]   --->   Operation 54 'partselect' 'trunc_ln92_3' <Predicate = (icmp_ln89)> <Delay = 0.00>
ST_2 : Operation 55 [1/1] (0.00ns)   --->   "%trunc_ln92_4 = partselect i32 @_ssdm_op_PartSelect.i32.i512.i32.i32, i512 %gmem2_addr_read, i32 128, i32 159" [../HLS/src/spmv_csc.cpp:92]   --->   Operation 55 'partselect' 'trunc_ln92_4' <Predicate = (icmp_ln89)> <Delay = 0.00>
ST_2 : Operation 56 [1/1] (0.00ns)   --->   "%trunc_ln92_5 = partselect i32 @_ssdm_op_PartSelect.i32.i512.i32.i32, i512 %gmem2_addr_read, i32 160, i32 191" [../HLS/src/spmv_csc.cpp:92]   --->   Operation 56 'partselect' 'trunc_ln92_5' <Predicate = (icmp_ln89)> <Delay = 0.00>
ST_2 : Operation 57 [1/1] (0.00ns)   --->   "%trunc_ln92_6 = partselect i32 @_ssdm_op_PartSelect.i32.i512.i32.i32, i512 %gmem2_addr_read, i32 192, i32 223" [../HLS/src/spmv_csc.cpp:92]   --->   Operation 57 'partselect' 'trunc_ln92_6' <Predicate = (icmp_ln89)> <Delay = 0.00>
ST_2 : Operation 58 [1/1] (0.00ns)   --->   "%trunc_ln92_7 = partselect i32 @_ssdm_op_PartSelect.i32.i512.i32.i32, i512 %gmem2_addr_read, i32 224, i32 255" [../HLS/src/spmv_csc.cpp:92]   --->   Operation 58 'partselect' 'trunc_ln92_7' <Predicate = (icmp_ln89)> <Delay = 0.00>
ST_2 : Operation 59 [1/1] (0.00ns)   --->   "%trunc_ln92_8 = partselect i32 @_ssdm_op_PartSelect.i32.i512.i32.i32, i512 %gmem2_addr_read, i32 256, i32 287" [../HLS/src/spmv_csc.cpp:92]   --->   Operation 59 'partselect' 'trunc_ln92_8' <Predicate = (icmp_ln89)> <Delay = 0.00>
ST_2 : Operation 60 [1/1] (0.00ns)   --->   "%trunc_ln92_9 = partselect i32 @_ssdm_op_PartSelect.i32.i512.i32.i32, i512 %gmem2_addr_read, i32 288, i32 319" [../HLS/src/spmv_csc.cpp:92]   --->   Operation 60 'partselect' 'trunc_ln92_9' <Predicate = (icmp_ln89)> <Delay = 0.00>
ST_2 : Operation 61 [1/1] (0.00ns)   --->   "%trunc_ln92_s = partselect i32 @_ssdm_op_PartSelect.i32.i512.i32.i32, i512 %gmem2_addr_read, i32 320, i32 351" [../HLS/src/spmv_csc.cpp:92]   --->   Operation 61 'partselect' 'trunc_ln92_s' <Predicate = (icmp_ln89)> <Delay = 0.00>
ST_2 : Operation 62 [1/1] (0.00ns)   --->   "%trunc_ln92_1 = partselect i32 @_ssdm_op_PartSelect.i32.i512.i32.i32, i512 %gmem2_addr_read, i32 352, i32 383" [../HLS/src/spmv_csc.cpp:92]   --->   Operation 62 'partselect' 'trunc_ln92_1' <Predicate = (icmp_ln89)> <Delay = 0.00>
ST_2 : Operation 63 [1/1] (0.00ns)   --->   "%trunc_ln92_10 = partselect i32 @_ssdm_op_PartSelect.i32.i512.i32.i32, i512 %gmem2_addr_read, i32 384, i32 415" [../HLS/src/spmv_csc.cpp:92]   --->   Operation 63 'partselect' 'trunc_ln92_10' <Predicate = (icmp_ln89)> <Delay = 0.00>
ST_2 : Operation 64 [1/1] (0.00ns)   --->   "%trunc_ln92_11 = partselect i32 @_ssdm_op_PartSelect.i32.i512.i32.i32, i512 %gmem2_addr_read, i32 416, i32 447" [../HLS/src/spmv_csc.cpp:92]   --->   Operation 64 'partselect' 'trunc_ln92_11' <Predicate = (icmp_ln89)> <Delay = 0.00>
ST_2 : Operation 65 [1/1] (0.00ns)   --->   "%trunc_ln92_12 = partselect i32 @_ssdm_op_PartSelect.i32.i512.i32.i32, i512 %gmem2_addr_read, i32 448, i32 479" [../HLS/src/spmv_csc.cpp:92]   --->   Operation 65 'partselect' 'trunc_ln92_12' <Predicate = (icmp_ln89)> <Delay = 0.00>
ST_2 : Operation 66 [1/1] (0.00ns)   --->   "%trunc_ln92_13 = partselect i32 @_ssdm_op_PartSelect.i32.i512.i32.i32, i512 %gmem2_addr_read, i32 480, i32 511" [../HLS/src/spmv_csc.cpp:92]   --->   Operation 66 'partselect' 'trunc_ln92_13' <Predicate = (icmp_ln89)> <Delay = 0.00>
ST_2 : Operation 67 [1/1] (1.01ns)   --->   "%icmp_ln97 = icmp_slt  i32 %idx_2, i32 %nnz_read" [../HLS/src/spmv_csc.cpp:97]   --->   Operation 67 'icmp' 'icmp_ln97' <Predicate = (icmp_ln89)> <Delay = 1.01> <CoreInst = "Cmp">   --->   Core 9 'Cmp' <Latency = 0> <II = 1> <Delay = 1.01> <FuncUnit> <Opcode : 'seteq' 'setne' 'setle' 'setge' 'setlt' 'setgt'> <InPorts = 2> <OutPorts = 1>
ST_2 : Operation 68 [1/1] (0.00ns)   --->   "%br_ln97 = br i1 %icmp_ln97, void %for.inc39, void %if.end" [../HLS/src/spmv_csc.cpp:97]   --->   Operation 68 'br' 'br_ln97' <Predicate = (icmp_ln89)> <Delay = 0.00>
ST_2 : Operation 69 [1/1] (1.01ns)   --->   "%count = sub i32 %nnz_read, i32 %idx_2" [../HLS/src/spmv_csc.cpp:101]   --->   Operation 69 'sub' 'count' <Predicate = (icmp_ln89 & icmp_ln97)> <Delay = 1.01> <CoreInst = "Adder">   --->   Core 1 'Adder' <Latency = 0> <II = 1> <Delay = 1.01> <FuncUnit> <Opcode : 'add' 'sub'> <InPorts = 2> <OutPorts = 1>
ST_2 : Operation 70 [1/1] (1.01ns)   --->   "%icmp_ln106 = icmp_sgt  i32 %count, i32 16" [../HLS/src/spmv_csc.cpp:106]   --->   Operation 70 'icmp' 'icmp_ln106' <Predicate = (icmp_ln89 & icmp_ln97)> <Delay = 1.01> <CoreInst = "Cmp">   --->   Core 9 'Cmp' <Latency = 0> <II = 1> <Delay = 1.01> <FuncUnit> <Opcode : 'seteq' 'setne' 'setle' 'setge' 'setlt' 'setgt'> <InPorts = 2> <OutPorts = 1>
ST_2 : Operation 71 [1/1] (0.44ns)   --->   "%count_1 = select i1 %icmp_ln106, i32 16, i32 %count" [../HLS/src/spmv_csc.cpp:106]   --->   Operation 71 'select' 'count_1' <Predicate = (icmp_ln89 & icmp_ln97)> <Delay = 0.44> <CoreInst = "Sel">   --->   Core 73 'Sel' <Latency = 0> <II = 1> <Delay = 0.44> <FuncUnit> <Opcode : 'select'> <InPorts = 3> <OutPorts = 1>
ST_2 : Operation 72 [1/1] (0.00ns)   --->   "%pack_n = trunc i32 %count_1" [../HLS/src/spmv_csc.cpp:112]   --->   Operation 72 'trunc' 'pack_n' <Predicate = (icmp_ln89 & icmp_ln97)> <Delay = 0.00>
ST_2 : Operation 73 [1/1] (1.01ns)   --->   "%valid_lane = icmp_sgt  i32 %count_1, i32 0" [../HLS/src/spmv_csc.cpp:117]   --->   Operation 73 'icmp' 'valid_lane' <Predicate = (icmp_ln89 & icmp_ln97)> <Delay = 1.01> <CoreInst = "Cmp">   --->   Core 9 'Cmp' <Latency = 0> <II = 1> <Delay = 1.01> <FuncUnit> <Opcode : 'seteq' 'setne' 'setle' 'setge' 'setlt' 'setgt'> <InPorts = 2> <OutPorts = 1>
ST_2 : Operation 74 [1/1] (0.00ns)   --->   "%tmp = partselect i31 @_ssdm_op_PartSelect.i31.i32.i32.i32, i32 %count_1, i32 1, i32 31" [../HLS/src/spmv_csc.cpp:117]   --->   Operation 74 'partselect' 'tmp' <Predicate = (icmp_ln89 & icmp_ln97)> <Delay = 0.00>
ST_2 : Operation 75 [1/1] (1.00ns)   --->   "%valid_lane_1 = icmp_sgt  i31 %tmp, i31 0" [../HLS/src/spmv_csc.cpp:117]   --->   Operation 75 'icmp' 'valid_lane_1' <Predicate = (icmp_ln89 & icmp_ln97)> <Delay = 1.00> <CoreInst = "Cmp">   --->   Core 9 'Cmp' <Latency = 0> <II = 1> <Delay = 1.00> <FuncUnit> <Opcode : 'seteq' 'setne' 'setle' 'setge' 'setlt' 'setgt'> <InPorts = 2> <OutPorts = 1>
ST_2 : Operation 76 [1/1] (1.01ns)   --->   "%valid_lane_2 = icmp_sgt  i32 %count_1, i32 2" [../HLS/src/spmv_csc.cpp:117]   --->   Operation 76 'icmp' 'valid_lane_2' <Predicate = (icmp_ln89 & icmp_ln97)> <Delay = 1.01> <CoreInst = "Cmp">   --->   Core 9 'Cmp' <Latency = 0> <II = 1> <Delay = 1.01> <FuncUnit> <Opcode : 'seteq' 'setne' 'setle' 'setge' 'setlt' 'setgt'> <InPorts = 2> <OutPorts = 1>
ST_2 : Operation 77 [1/1] (0.00ns)   --->   "%tmp_4 = partselect i30 @_ssdm_op_PartSelect.i30.i32.i32.i32, i32 %count_1, i32 2, i32 31" [../HLS/src/spmv_csc.cpp:117]   --->   Operation 77 'partselect' 'tmp_4' <Predicate = (icmp_ln89 & icmp_ln97)> <Delay = 0.00>
ST_2 : Operation 78 [1/1] (0.99ns)   --->   "%valid_lane_3 = icmp_sgt  i30 %tmp_4, i30 0" [../HLS/src/spmv_csc.cpp:117]   --->   Operation 78 'icmp' 'valid_lane_3' <Predicate = (icmp_ln89 & icmp_ln97)> <Delay = 0.99> <CoreInst = "Cmp">   --->   Core 9 'Cmp' <Latency = 0> <II = 1> <Delay = 0.99> <FuncUnit> <Opcode : 'seteq' 'setne' 'setle' 'setge' 'setlt' 'setgt'> <InPorts = 2> <OutPorts = 1>
ST_2 : Operation 79 [1/1] (1.01ns)   --->   "%valid_lane_4 = icmp_sgt  i32 %count_1, i32 4" [../HLS/src/spmv_csc.cpp:117]   --->   Operation 79 'icmp' 'valid_lane_4' <Predicate = (icmp_ln89 & icmp_ln97)> <Delay = 1.01> <CoreInst = "Cmp">   --->   Core 9 'Cmp' <Latency = 0> <II = 1> <Delay = 1.01> <FuncUnit> <Opcode : 'seteq' 'setne' 'setle' 'setge' 'setlt' 'setgt'> <InPorts = 2> <OutPorts = 1>
ST_2 : Operation 80 [1/1] (1.01ns)   --->   "%valid_lane_5 = icmp_sgt  i32 %count_1, i32 5" [../HLS/src/spmv_csc.cpp:117]   --->   Operation 80 'icmp' 'valid_lane_5' <Predicate = (icmp_ln89 & icmp_ln97)> <Delay = 1.01> <CoreInst = "Cmp">   --->   Core 9 'Cmp' <Latency = 0> <II = 1> <Delay = 1.01> <FuncUnit> <Opcode : 'seteq' 'setne' 'setle' 'setge' 'setlt' 'setgt'> <InPorts = 2> <OutPorts = 1>
ST_2 : Operation 81 [1/1] (1.01ns)   --->   "%valid_lane_6 = icmp_sgt  i32 %count_1, i32 6" [../HLS/src/spmv_csc.cpp:117]   --->   Operation 81 'icmp' 'valid_lane_6' <Predicate = (icmp_ln89 & icmp_ln97)> <Delay = 1.01> <CoreInst = "Cmp">   --->   Core 9 'Cmp' <Latency = 0> <II = 1> <Delay = 1.01> <FuncUnit> <Opcode : 'seteq' 'setne' 'setle' 'setge' 'setlt' 'setgt'> <InPorts = 2> <OutPorts = 1>
ST_2 : Operation 82 [1/1] (0.00ns)   --->   "%tmp_5 = partselect i29 @_ssdm_op_PartSelect.i29.i32.i32.i32, i32 %count_1, i32 3, i32 31" [../HLS/src/spmv_csc.cpp:117]   --->   Operation 82 'partselect' 'tmp_5' <Predicate = (icmp_ln89 & icmp_ln97)> <Delay = 0.00>
ST_2 : Operation 83 [1/1] (0.98ns)   --->   "%valid_lane_7 = icmp_sgt  i29 %tmp_5, i29 0" [../HLS/src/spmv_csc.cpp:117]   --->   Operation 83 'icmp' 'valid_lane_7' <Predicate = (icmp_ln89 & icmp_ln97)> <Delay = 0.98> <CoreInst = "Cmp">   --->   Core 9 'Cmp' <Latency = 0> <II = 1> <Delay = 0.98> <FuncUnit> <Opcode : 'seteq' 'setne' 'setle' 'setge' 'setlt' 'setgt'> <InPorts = 2> <OutPorts = 1>
ST_2 : Operation 84 [1/1] (1.01ns)   --->   "%valid_lane_8 = icmp_sgt  i32 %count_1, i32 8" [../HLS/src/spmv_csc.cpp:117]   --->   Operation 84 'icmp' 'valid_lane_8' <Predicate = (icmp_ln89 & icmp_ln97)> <Delay = 1.01> <CoreInst = "Cmp">   --->   Core 9 'Cmp' <Latency = 0> <II = 1> <Delay = 1.01> <FuncUnit> <Opcode : 'seteq' 'setne' 'setle' 'setge' 'setlt' 'setgt'> <InPorts = 2> <OutPorts = 1>
ST_2 : Operation 85 [1/1] (1.01ns)   --->   "%valid_lane_9 = icmp_sgt  i32 %count_1, i32 9" [../HLS/src/spmv_csc.cpp:117]   --->   Operation 85 'icmp' 'valid_lane_9' <Predicate = (icmp_ln89 & icmp_ln97)> <Delay = 1.01> <CoreInst = "Cmp">   --->   Core 9 'Cmp' <Latency = 0> <II = 1> <Delay = 1.01> <FuncUnit> <Opcode : 'seteq' 'setne' 'setle' 'setge' 'setlt' 'setgt'> <InPorts = 2> <OutPorts = 1>
ST_2 : Operation 86 [1/1] (1.01ns)   --->   "%valid_lane_10 = icmp_sgt  i32 %count_1, i32 10" [../HLS/src/spmv_csc.cpp:117]   --->   Operation 86 'icmp' 'valid_lane_10' <Predicate = (icmp_ln89 & icmp_ln97)> <Delay = 1.01> <CoreInst = "Cmp">   --->   Core 9 'Cmp' <Latency = 0> <II = 1> <Delay = 1.01> <FuncUnit> <Opcode : 'seteq' 'setne' 'setle' 'setge' 'setlt' 'setgt'> <InPorts = 2> <OutPorts = 1>
ST_2 : Operation 87 [1/1] (1.01ns)   --->   "%valid_lane_11 = icmp_sgt  i32 %count_1, i32 11" [../HLS/src/spmv_csc.cpp:117]   --->   Operation 87 'icmp' 'valid_lane_11' <Predicate = (icmp_ln89 & icmp_ln97)> <Delay = 1.01> <CoreInst = "Cmp">   --->   Core 9 'Cmp' <Latency = 0> <II = 1> <Delay = 1.01> <FuncUnit> <Opcode : 'seteq' 'setne' 'setle' 'setge' 'setlt' 'setgt'> <InPorts = 2> <OutPorts = 1>
ST_2 : Operation 88 [1/1] (1.01ns)   --->   "%valid_lane_12 = icmp_sgt  i32 %count_1, i32 12" [../HLS/src/spmv_csc.cpp:117]   --->   Operation 88 'icmp' 'valid_lane_12' <Predicate = (icmp_ln89 & icmp_ln97)> <Delay = 1.01> <CoreInst = "Cmp">   --->   Core 9 'Cmp' <Latency = 0> <II = 1> <Delay = 1.01> <FuncUnit> <Opcode : 'seteq' 'setne' 'setle' 'setge' 'setlt' 'setgt'> <InPorts = 2> <OutPorts = 1>
ST_2 : Operation 89 [1/1] (1.01ns)   --->   "%valid_lane_13 = icmp_sgt  i32 %count_1, i32 13" [../HLS/src/spmv_csc.cpp:117]   --->   Operation 89 'icmp' 'valid_lane_13' <Predicate = (icmp_ln89 & icmp_ln97)> <Delay = 1.01> <CoreInst = "Cmp">   --->   Core 9 'Cmp' <Latency = 0> <II = 1> <Delay = 1.01> <FuncUnit> <Opcode : 'seteq' 'setne' 'setle' 'setge' 'setlt' 'setgt'> <InPorts = 2> <OutPorts = 1>
ST_2 : Operation 90 [1/1] (1.01ns)   --->   "%valid_lane_14 = icmp_sgt  i32 %count_1, i32 14" [../HLS/src/spmv_csc.cpp:117]   --->   Operation 90 'icmp' 'valid_lane_14' <Predicate = (icmp_ln89 & icmp_ln97)> <Delay = 1.01> <CoreInst = "Cmp">   --->   Core 9 'Cmp' <Latency = 0> <II = 1> <Delay = 1.01> <FuncUnit> <Opcode : 'seteq' 'setne' 'setle' 'setge' 'setlt' 'setgt'> <InPorts = 2> <OutPorts = 1>
ST_2 : Operation 91 [1/1] (0.00ns)   --->   "%tmp_6 = partselect i28 @_ssdm_op_PartSelect.i28.i32.i32.i32, i32 %count_1, i32 4, i32 31" [../HLS/src/spmv_csc.cpp:117]   --->   Operation 91 'partselect' 'tmp_6' <Predicate = (icmp_ln89 & icmp_ln97)> <Delay = 0.00>
ST_2 : Operation 92 [1/1] (0.97ns)   --->   "%valid_lane_15 = icmp_sgt  i28 %tmp_6, i28 0" [../HLS/src/spmv_csc.cpp:117]   --->   Operation 92 'icmp' 'valid_lane_15' <Predicate = (icmp_ln89 & icmp_ln97)> <Delay = 0.97> <CoreInst = "Cmp">   --->   Core 9 'Cmp' <Latency = 0> <II = 1> <Delay = 0.97> <FuncUnit> <Opcode : 'seteq' 'setne' 'setle' 'setge' 'setlt' 'setgt'> <InPorts = 2> <OutPorts = 1>
ST_2 : Operation 93 [1/1] (1.01ns)   --->   "%idx_3 = add i32 %count_1, i32 %idx_2" [../HLS/src/spmv_csc.cpp:131]   --->   Operation 93 'add' 'idx_3' <Predicate = (icmp_ln89 & icmp_ln97)> <Delay = 1.01> <CoreInst = "Adder">   --->   Core 1 'Adder' <Latency = 0> <II = 1> <Delay = 1.01> <FuncUnit> <Opcode : 'add' 'sub'> <InPorts = 2> <OutPorts = 1>
ST_2 : Operation 94 [1/1] (0.42ns)   --->   "%store_ln87 = store i32 %idx_3, i32 %idx" [../HLS/src/spmv_csc.cpp:87]   --->   Operation 94 'store' 'store_ln87' <Predicate = (icmp_ln89 & icmp_ln97)> <Delay = 0.42>
ST_2 : Operation 130 [1/1] (0.42ns)   --->   "%ret_ln0 = ret"   --->   Operation 130 'ret' 'ret_ln0' <Predicate = (!icmp_ln89)> <Delay = 0.42>

State 3 <SV = 2> <Delay = 2.10>
ST_3 : Operation 95 [1/1] (0.44ns)   --->   "%pack_row = select i1 %valid_lane, i32 %trunc_ln91, i32 0" [../HLS/src/spmv_csc.cpp:118]   --->   Operation 95 'select' 'pack_row' <Predicate = (icmp_ln97)> <Delay = 0.44> <CoreInst = "Sel">   --->   Core 73 'Sel' <Latency = 0> <II = 1> <Delay = 0.44> <FuncUnit> <Opcode : 'select'> <InPorts = 3> <OutPorts = 1>
ST_3 : Operation 96 [1/1] (0.44ns)   --->   "%pack_row_1 = select i1 %valid_lane_1, i32 %trunc_ln91_1, i32 0" [../HLS/src/spmv_csc.cpp:118]   --->   Operation 96 'select' 'pack_row_1' <Predicate = (icmp_ln97)> <Delay = 0.44> <CoreInst = "Sel">   --->   Core 73 'Sel' <Latency = 0> <II = 1> <Delay = 0.44> <FuncUnit> <Opcode : 'select'> <InPorts = 3> <OutPorts = 1>
ST_3 : Operation 97 [1/1] (0.44ns)   --->   "%pack_row_2 = select i1 %valid_lane_2, i32 %trunc_ln91_2, i32 0" [../HLS/src/spmv_csc.cpp:118]   --->   Operation 97 'select' 'pack_row_2' <Predicate = (icmp_ln97)> <Delay = 0.44> <CoreInst = "Sel">   --->   Core 73 'Sel' <Latency = 0> <II = 1> <Delay = 0.44> <FuncUnit> <Opcode : 'select'> <InPorts = 3> <OutPorts = 1>
ST_3 : Operation 98 [1/1] (0.44ns)   --->   "%pack_row_3 = select i1 %valid_lane_3, i32 %trunc_ln91_3, i32 0" [../HLS/src/spmv_csc.cpp:118]   --->   Operation 98 'select' 'pack_row_3' <Predicate = (icmp_ln97)> <Delay = 0.44> <CoreInst = "Sel">   --->   Core 73 'Sel' <Latency = 0> <II = 1> <Delay = 0.44> <FuncUnit> <Opcode : 'select'> <InPorts = 3> <OutPorts = 1>
ST_3 : Operation 99 [1/1] (0.44ns)   --->   "%pack_row_4 = select i1 %valid_lane_4, i32 %trunc_ln91_4, i32 0" [../HLS/src/spmv_csc.cpp:118]   --->   Operation 99 'select' 'pack_row_4' <Predicate = (icmp_ln97)> <Delay = 0.44> <CoreInst = "Sel">   --->   Core 73 'Sel' <Latency = 0> <II = 1> <Delay = 0.44> <FuncUnit> <Opcode : 'select'> <InPorts = 3> <OutPorts = 1>
ST_3 : Operation 100 [1/1] (0.44ns)   --->   "%pack_row_5 = select i1 %valid_lane_5, i32 %trunc_ln91_5, i32 0" [../HLS/src/spmv_csc.cpp:118]   --->   Operation 100 'select' 'pack_row_5' <Predicate = (icmp_ln97)> <Delay = 0.44> <CoreInst = "Sel">   --->   Core 73 'Sel' <Latency = 0> <II = 1> <Delay = 0.44> <FuncUnit> <Opcode : 'select'> <InPorts = 3> <OutPorts = 1>
ST_3 : Operation 101 [1/1] (0.44ns)   --->   "%pack_row_6 = select i1 %valid_lane_6, i32 %trunc_ln91_6, i32 0" [../HLS/src/spmv_csc.cpp:118]   --->   Operation 101 'select' 'pack_row_6' <Predicate = (icmp_ln97)> <Delay = 0.44> <CoreInst = "Sel">   --->   Core 73 'Sel' <Latency = 0> <II = 1> <Delay = 0.44> <FuncUnit> <Opcode : 'select'> <InPorts = 3> <OutPorts = 1>
ST_3 : Operation 102 [1/1] (0.44ns)   --->   "%pack_row_7 = select i1 %valid_lane_7, i32 %trunc_ln91_7, i32 0" [../HLS/src/spmv_csc.cpp:118]   --->   Operation 102 'select' 'pack_row_7' <Predicate = (icmp_ln97)> <Delay = 0.44> <CoreInst = "Sel">   --->   Core 73 'Sel' <Latency = 0> <II = 1> <Delay = 0.44> <FuncUnit> <Opcode : 'select'> <InPorts = 3> <OutPorts = 1>
ST_3 : Operation 103 [1/1] (0.44ns)   --->   "%pack_row_8 = select i1 %valid_lane_8, i32 %trunc_ln91_8, i32 0" [../HLS/src/spmv_csc.cpp:118]   --->   Operation 103 'select' 'pack_row_8' <Predicate = (icmp_ln97)> <Delay = 0.44> <CoreInst = "Sel">   --->   Core 73 'Sel' <Latency = 0> <II = 1> <Delay = 0.44> <FuncUnit> <Opcode : 'select'> <InPorts = 3> <OutPorts = 1>
ST_3 : Operation 104 [1/1] (0.44ns)   --->   "%pack_row_9 = select i1 %valid_lane_9, i32 %trunc_ln91_9, i32 0" [../HLS/src/spmv_csc.cpp:118]   --->   Operation 104 'select' 'pack_row_9' <Predicate = (icmp_ln97)> <Delay = 0.44> <CoreInst = "Sel">   --->   Core 73 'Sel' <Latency = 0> <II = 1> <Delay = 0.44> <FuncUnit> <Opcode : 'select'> <InPorts = 3> <OutPorts = 1>
ST_3 : Operation 105 [1/1] (0.44ns)   --->   "%pack_row_10 = select i1 %valid_lane_10, i32 %trunc_ln91_s, i32 0" [../HLS/src/spmv_csc.cpp:118]   --->   Operation 105 'select' 'pack_row_10' <Predicate = (icmp_ln97)> <Delay = 0.44> <CoreInst = "Sel">   --->   Core 73 'Sel' <Latency = 0> <II = 1> <Delay = 0.44> <FuncUnit> <Opcode : 'select'> <InPorts = 3> <OutPorts = 1>
ST_3 : Operation 106 [1/1] (0.44ns)   --->   "%pack_row_11 = select i1 %valid_lane_11, i32 %trunc_ln91_10, i32 0" [../HLS/src/spmv_csc.cpp:118]   --->   Operation 106 'select' 'pack_row_11' <Predicate = (icmp_ln97)> <Delay = 0.44> <CoreInst = "Sel">   --->   Core 73 'Sel' <Latency = 0> <II = 1> <Delay = 0.44> <FuncUnit> <Opcode : 'select'> <InPorts = 3> <OutPorts = 1>
ST_3 : Operation 107 [1/1] (0.44ns)   --->   "%pack_row_12 = select i1 %valid_lane_12, i32 %trunc_ln91_11, i32 0" [../HLS/src/spmv_csc.cpp:118]   --->   Operation 107 'select' 'pack_row_12' <Predicate = (icmp_ln97)> <Delay = 0.44> <CoreInst = "Sel">   --->   Core 73 'Sel' <Latency = 0> <II = 1> <Delay = 0.44> <FuncUnit> <Opcode : 'select'> <InPorts = 3> <OutPorts = 1>
ST_3 : Operation 108 [1/1] (0.44ns)   --->   "%pack_row_13 = select i1 %valid_lane_13, i32 %trunc_ln91_12, i32 0" [../HLS/src/spmv_csc.cpp:118]   --->   Operation 108 'select' 'pack_row_13' <Predicate = (icmp_ln97)> <Delay = 0.44> <CoreInst = "Sel">   --->   Core 73 'Sel' <Latency = 0> <II = 1> <Delay = 0.44> <FuncUnit> <Opcode : 'select'> <InPorts = 3> <OutPorts = 1>
ST_3 : Operation 109 [1/1] (0.44ns)   --->   "%pack_row_14 = select i1 %valid_lane_14, i32 %trunc_ln91_13, i32 0" [../HLS/src/spmv_csc.cpp:118]   --->   Operation 109 'select' 'pack_row_14' <Predicate = (icmp_ln97)> <Delay = 0.44> <CoreInst = "Sel">   --->   Core 73 'Sel' <Latency = 0> <II = 1> <Delay = 0.44> <FuncUnit> <Opcode : 'select'> <InPorts = 3> <OutPorts = 1>
ST_3 : Operation 110 [1/1] (0.44ns)   --->   "%pack_row_15 = select i1 %valid_lane_15, i32 %trunc_ln91_14, i32 0" [../HLS/src/spmv_csc.cpp:118]   --->   Operation 110 'select' 'pack_row_15' <Predicate = (icmp_ln97)> <Delay = 0.44> <CoreInst = "Sel">   --->   Core 73 'Sel' <Latency = 0> <II = 1> <Delay = 0.44> <FuncUnit> <Opcode : 'select'> <InPorts = 3> <OutPorts = 1>
ST_3 : Operation 111 [1/1] (0.44ns)   --->   "%select_ln130 = select i1 %valid_lane, i32 %pack_val, i32 0" [../HLS/src/spmv_csc.cpp:130]   --->   Operation 111 'select' 'select_ln130' <Predicate = (icmp_ln97)> <Delay = 0.44> <CoreInst = "Sel">   --->   Core 73 'Sel' <Latency = 0> <II = 1> <Delay = 0.44> <FuncUnit> <Opcode : 'select'> <InPorts = 3> <OutPorts = 1>
ST_3 : Operation 112 [1/1] (0.44ns)   --->   "%select_ln130_1 = select i1 %valid_lane_1, i32 %pack_val_1, i32 0" [../HLS/src/spmv_csc.cpp:130]   --->   Operation 112 'select' 'select_ln130_1' <Predicate = (icmp_ln97)> <Delay = 0.44> <CoreInst = "Sel">   --->   Core 73 'Sel' <Latency = 0> <II = 1> <Delay = 0.44> <FuncUnit> <Opcode : 'select'> <InPorts = 3> <OutPorts = 1>
ST_3 : Operation 113 [1/1] (0.44ns)   --->   "%select_ln130_2 = select i1 %valid_lane_2, i32 %trunc_ln92_2, i32 0" [../HLS/src/spmv_csc.cpp:130]   --->   Operation 113 'select' 'select_ln130_2' <Predicate = (icmp_ln97)> <Delay = 0.44> <CoreInst = "Sel">   --->   Core 73 'Sel' <Latency = 0> <II = 1> <Delay = 0.44> <FuncUnit> <Opcode : 'select'> <InPorts = 3> <OutPorts = 1>
ST_3 : Operation 114 [1/1] (0.44ns)   --->   "%select_ln130_3 = select i1 %valid_lane_3, i32 %trunc_ln92_3, i32 0" [../HLS/src/spmv_csc.cpp:130]   --->   Operation 114 'select' 'select_ln130_3' <Predicate = (icmp_ln97)> <Delay = 0.44> <CoreInst = "Sel">   --->   Core 73 'Sel' <Latency = 0> <II = 1> <Delay = 0.44> <FuncUnit> <Opcode : 'select'> <InPorts = 3> <OutPorts = 1>
ST_3 : Operation 115 [1/1] (0.44ns)   --->   "%select_ln130_4 = select i1 %valid_lane_4, i32 %trunc_ln92_4, i32 0" [../HLS/src/spmv_csc.cpp:130]   --->   Operation 115 'select' 'select_ln130_4' <Predicate = (icmp_ln97)> <Delay = 0.44> <CoreInst = "Sel">   --->   Core 73 'Sel' <Latency = 0> <II = 1> <Delay = 0.44> <FuncUnit> <Opcode : 'select'> <InPorts = 3> <OutPorts = 1>
ST_3 : Operation 116 [1/1] (0.44ns)   --->   "%select_ln130_5 = select i1 %valid_lane_5, i32 %trunc_ln92_5, i32 0" [../HLS/src/spmv_csc.cpp:130]   --->   Operation 116 'select' 'select_ln130_5' <Predicate = (icmp_ln97)> <Delay = 0.44> <CoreInst = "Sel">   --->   Core 73 'Sel' <Latency = 0> <II = 1> <Delay = 0.44> <FuncUnit> <Opcode : 'select'> <InPorts = 3> <OutPorts = 1>
ST_3 : Operation 117 [1/1] (0.44ns)   --->   "%select_ln130_6 = select i1 %valid_lane_6, i32 %trunc_ln92_6, i32 0" [../HLS/src/spmv_csc.cpp:130]   --->   Operation 117 'select' 'select_ln130_6' <Predicate = (icmp_ln97)> <Delay = 0.44> <CoreInst = "Sel">   --->   Core 73 'Sel' <Latency = 0> <II = 1> <Delay = 0.44> <FuncUnit> <Opcode : 'select'> <InPorts = 3> <OutPorts = 1>
ST_3 : Operation 118 [1/1] (0.44ns)   --->   "%select_ln130_7 = select i1 %valid_lane_7, i32 %trunc_ln92_7, i32 0" [../HLS/src/spmv_csc.cpp:130]   --->   Operation 118 'select' 'select_ln130_7' <Predicate = (icmp_ln97)> <Delay = 0.44> <CoreInst = "Sel">   --->   Core 73 'Sel' <Latency = 0> <II = 1> <Delay = 0.44> <FuncUnit> <Opcode : 'select'> <InPorts = 3> <OutPorts = 1>
ST_3 : Operation 119 [1/1] (0.44ns)   --->   "%select_ln130_8 = select i1 %valid_lane_8, i32 %trunc_ln92_8, i32 0" [../HLS/src/spmv_csc.cpp:130]   --->   Operation 119 'select' 'select_ln130_8' <Predicate = (icmp_ln97)> <Delay = 0.44> <CoreInst = "Sel">   --->   Core 73 'Sel' <Latency = 0> <II = 1> <Delay = 0.44> <FuncUnit> <Opcode : 'select'> <InPorts = 3> <OutPorts = 1>
ST_3 : Operation 120 [1/1] (0.44ns)   --->   "%select_ln130_9 = select i1 %valid_lane_9, i32 %trunc_ln92_9, i32 0" [../HLS/src/spmv_csc.cpp:130]   --->   Operation 120 'select' 'select_ln130_9' <Predicate = (icmp_ln97)> <Delay = 0.44> <CoreInst = "Sel">   --->   Core 73 'Sel' <Latency = 0> <II = 1> <Delay = 0.44> <FuncUnit> <Opcode : 'select'> <InPorts = 3> <OutPorts = 1>
ST_3 : Operation 121 [1/1] (0.44ns)   --->   "%select_ln130_10 = select i1 %valid_lane_10, i32 %trunc_ln92_s, i32 0" [../HLS/src/spmv_csc.cpp:130]   --->   Operation 121 'select' 'select_ln130_10' <Predicate = (icmp_ln97)> <Delay = 0.44> <CoreInst = "Sel">   --->   Core 73 'Sel' <Latency = 0> <II = 1> <Delay = 0.44> <FuncUnit> <Opcode : 'select'> <InPorts = 3> <OutPorts = 1>
ST_3 : Operation 122 [1/1] (0.44ns)   --->   "%select_ln130_11 = select i1 %valid_lane_11, i32 %trunc_ln92_1, i32 0" [../HLS/src/spmv_csc.cpp:130]   --->   Operation 122 'select' 'select_ln130_11' <Predicate = (icmp_ln97)> <Delay = 0.44> <CoreInst = "Sel">   --->   Core 73 'Sel' <Latency = 0> <II = 1> <Delay = 0.44> <FuncUnit> <Opcode : 'select'> <InPorts = 3> <OutPorts = 1>
ST_3 : Operation 123 [1/1] (0.44ns)   --->   "%select_ln130_12 = select i1 %valid_lane_12, i32 %trunc_ln92_10, i32 0" [../HLS/src/spmv_csc.cpp:130]   --->   Operation 123 'select' 'select_ln130_12' <Predicate = (icmp_ln97)> <Delay = 0.44> <CoreInst = "Sel">   --->   Core 73 'Sel' <Latency = 0> <II = 1> <Delay = 0.44> <FuncUnit> <Opcode : 'select'> <InPorts = 3> <OutPorts = 1>
ST_3 : Operation 124 [1/1] (0.44ns)   --->   "%select_ln130_13 = select i1 %valid_lane_13, i32 %trunc_ln92_11, i32 0" [../HLS/src/spmv_csc.cpp:130]   --->   Operation 124 'select' 'select_ln130_13' <Predicate = (icmp_ln97)> <Delay = 0.44> <CoreInst = "Sel">   --->   Core 73 'Sel' <Latency = 0> <II = 1> <Delay = 0.44> <FuncUnit> <Opcode : 'select'> <InPorts = 3> <OutPorts = 1>
ST_3 : Operation 125 [1/1] (0.44ns)   --->   "%select_ln130_14 = select i1 %valid_lane_14, i32 %trunc_ln92_12, i32 0" [../HLS/src/spmv_csc.cpp:130]   --->   Operation 125 'select' 'select_ln130_14' <Predicate = (icmp_ln97)> <Delay = 0.44> <CoreInst = "Sel">   --->   Core 73 'Sel' <Latency = 0> <II = 1> <Delay = 0.44> <FuncUnit> <Opcode : 'select'> <InPorts = 3> <OutPorts = 1>
ST_3 : Operation 126 [1/1] (0.44ns)   --->   "%select_ln130_15 = select i1 %valid_lane_15, i32 %trunc_ln92_13, i32 0" [../HLS/src/spmv_csc.cpp:130]   --->   Operation 126 'select' 'select_ln130_15' <Predicate = (icmp_ln97)> <Delay = 0.44> <CoreInst = "Sel">   --->   Core 73 'Sel' <Latency = 0> <II = 1> <Delay = 0.44> <FuncUnit> <Opcode : 'select'> <InPorts = 3> <OutPorts = 1>
ST_3 : Operation 127 [1/1] (0.00ns)   --->   "%p_0 = bitconcatenate i1032 @_ssdm_op_BitConcatenate.i1032.i8.i32.i32.i32.i32.i32.i32.i32.i32.i32.i32.i32.i32.i32.i32.i32.i32.i32.i32.i32.i32.i32.i32.i32.i32.i32.i32.i32.i32.i32.i32.i32.i32, i8 %pack_n, i32 %select_ln130_15, i32 %select_ln130_14, i32 %select_ln130_13, i32 %select_ln130_12, i32 %select_ln130_11, i32 %select_ln130_10, i32 %select_ln130_9, i32 %select_ln130_8, i32 %select_ln130_7, i32 %select_ln130_6, i32 %select_ln130_5, i32 %select_ln130_4, i32 %select_ln130_3, i32 %select_ln130_2, i32 %select_ln130_1, i32 %select_ln130, i32 %pack_row_15, i32 %pack_row_14, i32 %pack_row_13, i32 %pack_row_12, i32 %pack_row_11, i32 %pack_row_10, i32 %pack_row_9, i32 %pack_row_8, i32 %pack_row_7, i32 %pack_row_6, i32 %pack_row_5, i32 %pack_row_4, i32 %pack_row_3, i32 %pack_row_2, i32 %pack_row_1, i32 %pack_row" [../HLS/src/spmv_csc.cpp:130]   --->   Operation 127 'bitconcatenate' 'p_0' <Predicate = (icmp_ln97)> <Delay = 0.00>
ST_3 : Operation 128 [1/1] ( I:1.65ns O:1.65ns )   --->   "%write_ln130 = write void @_ssdm_op_Write.ap_fifo.volatile.i1032P0A, i1032 %nnz_stream, i1032 %p_0" [../HLS/src/spmv_csc.cpp:130]   --->   Operation 128 'write' 'write_ln130' <Predicate = (icmp_ln97)> <Delay = 1.65> <CoreInst = "FIFO">   --->   Core 77 'FIFO' <Latency = 0> <II = 1> <Delay = 1.65> <Storage> <Opcode : 'read' 'write' 'nbread' 'nbwrite'> <Ports = 0> <Width = 1032> <Depth = 256> <FIFO>
ST_3 : Operation 129 [1/1] (0.00ns)   --->   "%br_ln132 = br void %for.inc39" [../HLS/src/spmv_csc.cpp:132]   --->   Operation 129 'br' 'br_ln132' <Predicate = (icmp_ln97)> <Delay = 0.00>


============================================================
+ Verbose Summary: Timing violations
============================================================
Target clock period: 5.000ns, clock uncertainty: 1.000ns.

 <State 1>: 1.839ns
The critical path consists of the following:
	'store' operation 0 bit ('store_ln0') of constant 0 on local variable 'w' [20]  (0.427 ns)
	'load' operation 27 bit ('w_load', ../HLS/src/spmv_csc.cpp:89) on local variable 'w' [23]  (0.000 ns)
	'icmp' operation 1 bit ('icmp_ln89', ../HLS/src/spmv_csc.cpp:89) [26]  (0.985 ns)
	'store' operation 0 bit ('store_ln89', ../HLS/src/spmv_csc.cpp:89) of variable 'add_ln89', ../HLS/src/spmv_csc.cpp:89 on local variable 'w' [134]  (0.427 ns)

 <State 2>: 4.000ns
The critical path consists of the following:
	'getelementptr' operation 512 bit ('gmem0_addr', ../HLS/src/spmv_csc.cpp:89) [30]  (0.000 ns)
	bus read operation ('gmem0_addr_read', ../HLS/src/spmv_csc.cpp:91) on port 'gmem0' (../HLS/src/spmv_csc.cpp:91) [35]  (4.000 ns)

 <State 3>: 2.104ns
The critical path consists of the following:
	'select' operation 32 bit ('pack.row', ../HLS/src/spmv_csc.cpp:118) [77]  (0.449 ns)
	fifo write operation ('write_ln130', ../HLS/src/spmv_csc.cpp:130) on port 'nnz_stream' (../HLS/src/spmv_csc.cpp:130) [129]  (1.655 ns)


============================================================
+ Verbose Summary: Binding
============================================================
N/A
* FSMD analyzer results:
  - Output states:
 - Input state : 
  - Chain level:
	State 1
	State 2
	State 3


============================================================
+ Verbose Summary: Datapath Resource usage 
============================================================
N/A
