

================================================================
== Vitis HLS Report for 'reduce_and_write_packed'
================================================================
* Date:           Thu Apr 23 17:42:05 2026

* Version:        2024.2 (Build 5238294 on Nov  8 2024)
* Project:        spmv_csc
* Solution:       hls (Vivado IP Flow Target)
* Product family: zynquplus
* Target device:  xczu7ev-ffvc1156-2-e


================================================================
== Performance Estimates
================================================================
+ Timing: 
    * Summary: 
    +--------+---------+----------+------------+
    |  Clock |  Target | Estimated| Uncertainty|
    +--------+---------+----------+------------+
    |ap_clk  |  5.00 ns|  4.000 ns|     1.00 ns|
    +--------+---------+----------+------------+

+ Latency: 
    * Summary: 
    +---------+------------+-----------+------------+-----+------------+---------+
    |   Latency (cycles)   |   Latency (absolute)   |     Interval     | Pipeline|
    |   min   |     max    |    min    |     max    | min |     max    |   Type  |
    +---------+------------+-----------+------------+-----+------------+---------+
    |       10|  2147483772|  50.000 ns|  10.737 sec|   10|  2147483772|       no|
    +---------+------------+-----------+------------+-----+------------+---------+

    + Detail: 
        * Instance: 
        +-------------------------------------------------------------------------------+--------------------------------------------------------------------+---------+------------+-----------+------------+-----+------------+------------------------------------------------+
        |                                                                               |                                                                    |   Latency (cycles)   |   Latency (absolute)   |     Interval     |                    Pipeline                    |
        |                                    Instance                                   |                               Module                               |   min   |     max    |    min    |     max    | min |     max    |                      Type                      |
        +-------------------------------------------------------------------------------+--------------------------------------------------------------------+---------+------------+-----------+------------+-----+------------+------------------------------------------------+
        |grp_reduce_and_write_packed_Pipeline_VITIS_LOOP_273_1_VITIS_LOOP_277_2_fu_121  |reduce_and_write_packed_Pipeline_VITIS_LOOP_273_1_VITIS_LOOP_277_2  |        2|  2147483764|  10.000 ns|  10.737 sec|    1|  2147483633|  loop auto-rewind stp (delay=0 clock cycles(s))|
        +-------------------------------------------------------------------------------+--------------------------------------------------------------------+---------+------------+-----------+------------+-----+------------+------------------------------------------------+

        * Loop: 
        N/A

============================================================
+ Verbose Summary: Synthesis Manager
============================================================
InlineROM: 1
ExposeGlobal: 0
============================================================
+ Verbose Summary: CDFG Model
============================================================
IsTopModel: 0
ResetActiveHigh: 1
IsCombinational: 0
IsDatapathOnly: 0
HasWiredReturn: 1
HasMFsm: 0
HasVarLatency: 1
IsPipeline: 0
IsRtlPipelined: 0
IsInstanceOverlapped: 0
IsDontTouch: 0
HasImplIP: 0
IsGatedGlobalClock: 0


============================================================
+ Verbose Summary: Schedule
============================================================
* Number of FSM states : 9
* Pipeline : 0
* Dataflow Pipeline: 0

* FSM state transitions: 
1 --> 2 
2 --> 3 
3 --> 4 
4 --> 5 
5 --> 6 
6 --> 7 
7 --> 8 
8 --> 9 
9 --> 

* FSM state operations: 

State 1 <SV = 0> <Delay = 3.69>
ST_1 : Operation 10 [1/1] (0.00ns)   --->   "%num_rows_read = read i32 @_ssdm_op_Read.ap_auto.i32, i32 %num_rows"   --->   Operation 10 'read' 'num_rows_read' <Predicate = true> <Delay = 0.00>
ST_1 : Operation 11 [1/1] (1.01ns)   --->   "%add_ln271 = add i32 %num_rows_read, i32 15" [../HLS/src/spmv_csc.cpp:271]   --->   Operation 11 'add' 'add_ln271' <Predicate = true> <Delay = 1.01> <CoreInst = "Adder">   --->   Core 1 'Adder' <Latency = 0> <II = 1> <Delay = 1.01> <FuncUnit> <Opcode : 'add' 'sub'> <InPorts = 2> <OutPorts = 1>
ST_1 : Operation 12 [1/1] (0.00ns)   --->   "%tmp_3 = bitselect i1 @_ssdm_op_BitSelect.i1.i32.i32, i32 %add_ln271, i32 31" [../HLS/src/spmv_csc.cpp:271]   --->   Operation 12 'bitselect' 'tmp_3' <Predicate = true> <Delay = 0.00>
ST_1 : Operation 13 [1/1] (1.01ns)   --->   "%sub_ln271 = sub i32 4294967281, i32 %num_rows_read" [../HLS/src/spmv_csc.cpp:271]   --->   Operation 13 'sub' 'sub_ln271' <Predicate = true> <Delay = 1.01> <CoreInst = "Adder">   --->   Core 1 'Adder' <Latency = 0> <II = 1> <Delay = 1.01> <FuncUnit> <Opcode : 'add' 'sub'> <InPorts = 2> <OutPorts = 1>
ST_1 : Operation 14 [1/1] (0.00ns)   --->   "%tmp = partselect i28 @_ssdm_op_PartSelect.i28.i32.i32.i32, i32 %sub_ln271, i32 4, i32 31" [../HLS/src/spmv_csc.cpp:271]   --->   Operation 14 'partselect' 'tmp' <Predicate = true> <Delay = 0.00>
ST_1 : Operation 15 [1/1] (0.00ns)   --->   "%zext_ln271 = zext i28 %tmp" [../HLS/src/spmv_csc.cpp:271]   --->   Operation 15 'zext' 'zext_ln271' <Predicate = true> <Delay = 0.00>
ST_1 : Operation 16 [1/1] (0.97ns)   --->   "%sub_ln271_1 = sub i29 0, i29 %zext_ln271" [../HLS/src/spmv_csc.cpp:271]   --->   Operation 16 'sub' 'sub_ln271_1' <Predicate = true> <Delay = 0.97> <CoreInst = "Adder">   --->   Core 1 'Adder' <Latency = 0> <II = 1> <Delay = 0.97> <FuncUnit> <Opcode : 'add' 'sub'> <InPorts = 2> <OutPorts = 1>
ST_1 : Operation 17 [1/1] (0.00ns)   --->   "%tmp_1 = partselect i28 @_ssdm_op_PartSelect.i28.i32.i32.i32, i32 %add_ln271, i32 4, i32 31" [../HLS/src/spmv_csc.cpp:271]   --->   Operation 17 'partselect' 'tmp_1' <Predicate = true> <Delay = 0.00>
ST_1 : Operation 18 [1/1] (0.00ns)   --->   "%zext_ln271_1 = zext i28 %tmp_1" [../HLS/src/spmv_csc.cpp:271]   --->   Operation 18 'zext' 'zext_ln271_1' <Predicate = true> <Delay = 0.00>
ST_1 : Operation 19 [1/1] (0.35ns)   --->   "%words = select i1 %tmp_3, i29 %sub_ln271_1, i29 %zext_ln271_1" [../HLS/src/spmv_csc.cpp:271]   --->   Operation 19 'select' 'words' <Predicate = true> <Delay = 0.35> <CoreInst = "Sel">   --->   Core 73 'Sel' <Latency = 0> <II = 1> <Delay = 0.35> <FuncUnit> <Opcode : 'select'> <InPorts = 3> <OutPorts = 1>
ST_1 : Operation 20 [1/1] (0.00ns)   --->   "%trunc_ln271 = trunc i29 %words" [../HLS/src/spmv_csc.cpp:271]   --->   Operation 20 'trunc' 'trunc_ln271' <Predicate = true> <Delay = 0.00>
ST_1 : Operation 21 [1/1] (1.01ns)   --->   "%icmp_ln273 = icmp_sgt  i32 %num_rows_read, i32 0" [../HLS/src/spmv_csc.cpp:273]   --->   Operation 21 'icmp' 'icmp_ln273' <Predicate = true> <Delay = 1.01> <CoreInst = "Cmp">   --->   Core 9 'Cmp' <Latency = 0> <II = 1> <Delay = 1.01> <FuncUnit> <Opcode : 'seteq' 'setne' 'setle' 'setge' 'setlt' 'setgt'> <InPorts = 2> <OutPorts = 1>
ST_1 : Operation 22 [1/1] (0.00ns)   --->   "%empty = trunc i29 %words" [../HLS/src/spmv_csc.cpp:271]   --->   Operation 22 'trunc' 'empty' <Predicate = true> <Delay = 0.00>
ST_1 : Operation 23 [1/1] (0.32ns)   --->   "%empty_79 = select i1 %icmp_ln273, i28 %empty, i28 0" [../HLS/src/spmv_csc.cpp:273]   --->   Operation 23 'select' 'empty_79' <Predicate = true> <Delay = 0.32> <CoreInst = "Sel">   --->   Core 73 'Sel' <Latency = 0> <II = 1> <Delay = 0.32> <FuncUnit> <Opcode : 'select'> <InPorts = 3> <OutPorts = 1>
ST_1 : Operation 24 [1/1] (0.98ns)   --->   "%empty_81 = icmp_sgt  i29 %words, i29 0" [../HLS/src/spmv_csc.cpp:271]   --->   Operation 24 'icmp' 'empty_81' <Predicate = true> <Delay = 0.98> <CoreInst = "Cmp">   --->   Core 9 'Cmp' <Latency = 0> <II = 1> <Delay = 0.98> <FuncUnit> <Opcode : 'seteq' 'setne' 'setle' 'setge' 'setlt' 'setgt'> <InPorts = 2> <OutPorts = 1>
ST_1 : Operation 25 [1/1] (0.36ns)   --->   "%empty_82 = select i1 %empty_81, i7 %trunc_ln271, i7 0" [../HLS/src/spmv_csc.cpp:271]   --->   Operation 25 'select' 'empty_82' <Predicate = true> <Delay = 0.36> <CoreInst = "Sel">   --->   Core 73 'Sel' <Latency = 0> <II = 1> <Delay = 0.36> <FuncUnit> <Opcode : 'select'> <InPorts = 3> <OutPorts = 1>

State 2 <SV = 1> <Delay = 4.00>
ST_2 : Operation 26 [1/1] (0.00ns)   --->   "%y_out_read = read i64 @_ssdm_op_Read.ap_auto.i64, i64 %y_out"   --->   Operation 26 'read' 'y_out_read' <Predicate = true> <Delay = 0.00>
ST_2 : Operation 27 [1/1] (0.00ns)   --->   "%trunc_ln1 = partselect i58 @_ssdm_op_PartSelect.i58.i64.i32.i32, i64 %y_out_read, i32 6, i32 63" [../HLS/src/spmv_csc.cpp:273]   --->   Operation 27 'partselect' 'trunc_ln1' <Predicate = true> <Delay = 0.00>
ST_2 : Operation 28 [1/1] (0.00ns)   --->   "%sext_ln273 = sext i58 %trunc_ln1" [../HLS/src/spmv_csc.cpp:273]   --->   Operation 28 'sext' 'sext_ln273' <Predicate = true> <Delay = 0.00>
ST_2 : Operation 29 [1/1] (0.00ns)   --->   "%gmem4_addr = getelementptr i512 %gmem4, i64 %sext_ln273" [../HLS/src/spmv_csc.cpp:273]   --->   Operation 29 'getelementptr' 'gmem4_addr' <Predicate = true> <Delay = 0.00>
ST_2 : Operation 30 [1/1] (0.00ns)   --->   "%zext_ln273 = zext i28 %empty_79" [../HLS/src/spmv_csc.cpp:273]   --->   Operation 30 'zext' 'zext_ln273' <Predicate = true> <Delay = 0.00>
ST_2 : Operation 31 [1/1] (4.00ns)   --->   "%empty_80 = writereq i1 @_ssdm_op_WriteReq.m_axi.p1i512, i512 %gmem4_addr, i64 %zext_ln273" [../HLS/src/spmv_csc.cpp:273]   --->   Operation 31 'writereq' 'empty_80' <Predicate = true> <Delay = 4.00> <CoreInst = "m_axi">   --->   Core 119 'm_axi' <Latency = 9> <II = 1> <Delay = 1.00> <Adapter> <Opcode : 'read' 'write' 'readreq' 'writereq' 'writeresp'>

State 3 <SV = 2> <Delay = 0.00>
ST_3 : Operation 32 [1/1] (0.00ns)   --->   "%tmp_2 = bitconcatenate i11 @_ssdm_op_BitConcatenate.i11.i7.i4, i7 %empty_82, i4 0" [../HLS/src/spmv_csc.cpp:271]   --->   Operation 32 'bitconcatenate' 'tmp_2' <Predicate = true> <Delay = 0.00>
ST_3 : Operation 33 [2/2] (0.00ns)   --->   "%call_ln271 = call void @reduce_and_write_packed_Pipeline_VITIS_LOOP_273_1_VITIS_LOOP_277_2, i11 %tmp_2, i512 %gmem4, i58 %trunc_ln1, i32 %num_rows_read, i32 %y_partial_0, i32 %y_partial_1, i32 %y_partial_2, i32 %y_partial_3, i32 %y_partial_4, i32 %y_partial_5, i32 %y_partial_6, i32 %y_partial_7, i32 %y_partial_8, i32 %y_partial_9, i32 %y_partial_10, i32 %y_partial_11, i32 %y_partial_12, i32 %y_partial_13, i32 %y_partial_14, i32 %y_partial_15" [../HLS/src/spmv_csc.cpp:271]   --->   Operation 33 'call' 'call_ln271' <Predicate = true> <Delay = 0.00> <CoreType = "Generic">   --->   Generic Core

State 4 <SV = 3> <Delay = 0.00>
ST_4 : Operation 34 [1/2] (0.00ns)   --->   "%call_ln271 = call void @reduce_and_write_packed_Pipeline_VITIS_LOOP_273_1_VITIS_LOOP_277_2, i11 %tmp_2, i512 %gmem4, i58 %trunc_ln1, i32 %num_rows_read, i32 %y_partial_0, i32 %y_partial_1, i32 %y_partial_2, i32 %y_partial_3, i32 %y_partial_4, i32 %y_partial_5, i32 %y_partial_6, i32 %y_partial_7, i32 %y_partial_8, i32 %y_partial_9, i32 %y_partial_10, i32 %y_partial_11, i32 %y_partial_12, i32 %y_partial_13, i32 %y_partial_14, i32 %y_partial_15" [../HLS/src/spmv_csc.cpp:271]   --->   Operation 34 'call' 'call_ln271' <Predicate = true> <Delay = 0.00> <CoreType = "Generic">   --->   Generic Core

State 5 <SV = 4> <Delay = 4.00>
ST_5 : Operation 35 [5/5] (4.00ns)   --->   "%empty_83 = writeresp i1 @_ssdm_op_WriteResp.m_axi.p1i512, i512 %gmem4_addr" [../HLS/src/spmv_csc.cpp:297]   --->   Operation 35 'writeresp' 'empty_83' <Predicate = true> <Delay = 4.00> <CoreInst = "m_axi">   --->   Core 119 'm_axi' <Latency = 3> <II = 1> <Delay = 1.00> <Adapter> <Opcode : 'read' 'write' 'readreq' 'writereq' 'writeresp'>

State 6 <SV = 5> <Delay = 4.00>
ST_6 : Operation 36 [4/5] (4.00ns)   --->   "%empty_83 = writeresp i1 @_ssdm_op_WriteResp.m_axi.p1i512, i512 %gmem4_addr" [../HLS/src/spmv_csc.cpp:297]   --->   Operation 36 'writeresp' 'empty_83' <Predicate = true> <Delay = 4.00> <CoreInst = "m_axi">   --->   Core 119 'm_axi' <Latency = 3> <II = 1> <Delay = 1.00> <Adapter> <Opcode : 'read' 'write' 'readreq' 'writereq' 'writeresp'>

State 7 <SV = 6> <Delay = 4.00>
ST_7 : Operation 37 [3/5] (4.00ns)   --->   "%empty_83 = writeresp i1 @_ssdm_op_WriteResp.m_axi.p1i512, i512 %gmem4_addr" [../HLS/src/spmv_csc.cpp:297]   --->   Operation 37 'writeresp' 'empty_83' <Predicate = true> <Delay = 4.00> <CoreInst = "m_axi">   --->   Core 119 'm_axi' <Latency = 3> <II = 1> <Delay = 1.00> <Adapter> <Opcode : 'read' 'write' 'readreq' 'writereq' 'writeresp'>

State 8 <SV = 7> <Delay = 4.00>
ST_8 : Operation 38 [2/5] (4.00ns)   --->   "%empty_83 = writeresp i1 @_ssdm_op_WriteResp.m_axi.p1i512, i512 %gmem4_addr" [../HLS/src/spmv_csc.cpp:297]   --->   Operation 38 'writeresp' 'empty_83' <Predicate = true> <Delay = 4.00> <CoreInst = "m_axi">   --->   Core 119 'm_axi' <Latency = 3> <II = 1> <Delay = 1.00> <Adapter> <Opcode : 'read' 'write' 'readreq' 'writereq' 'writeresp'>

State 9 <SV = 8> <Delay = 4.00>
ST_9 : Operation 39 [1/1] (0.00ns)   --->   "%specmemcore_ln0 = specmemcore void @_ssdm_op_SpecMemCore, i32 %y_partial_0, i64 666, i64 31, i64 18446744073709551615"   --->   Operation 39 'specmemcore' 'specmemcore_ln0' <Predicate = true> <Delay = 0.00>
ST_9 : Operation 40 [1/1] (0.00ns)   --->   "%specmemcore_ln0 = specmemcore void @_ssdm_op_SpecMemCore, i32 %y_partial_1, i64 666, i64 31, i64 18446744073709551615"   --->   Operation 40 'specmemcore' 'specmemcore_ln0' <Predicate = true> <Delay = 0.00>
ST_9 : Operation 41 [1/1] (0.00ns)   --->   "%specmemcore_ln0 = specmemcore void @_ssdm_op_SpecMemCore, i32 %y_partial_2, i64 666, i64 31, i64 18446744073709551615"   --->   Operation 41 'specmemcore' 'specmemcore_ln0' <Predicate = true> <Delay = 0.00>
ST_9 : Operation 42 [1/1] (0.00ns)   --->   "%specmemcore_ln0 = specmemcore void @_ssdm_op_SpecMemCore, i32 %y_partial_3, i64 666, i64 31, i64 18446744073709551615"   --->   Operation 42 'specmemcore' 'specmemcore_ln0' <Predicate = true> <Delay = 0.00>
ST_9 : Operation 43 [1/1] (0.00ns)   --->   "%specmemcore_ln0 = specmemcore void @_ssdm_op_SpecMemCore, i32 %y_partial_4, i64 666, i64 31, i64 18446744073709551615"   --->   Operation 43 'specmemcore' 'specmemcore_ln0' <Predicate = true> <Delay = 0.00>
ST_9 : Operation 44 [1/1] (0.00ns)   --->   "%specmemcore_ln0 = specmemcore void @_ssdm_op_SpecMemCore, i32 %y_partial_5, i64 666, i64 31, i64 18446744073709551615"   --->   Operation 44 'specmemcore' 'specmemcore_ln0' <Predicate = true> <Delay = 0.00>
ST_9 : Operation 45 [1/1] (0.00ns)   --->   "%specmemcore_ln0 = specmemcore void @_ssdm_op_SpecMemCore, i32 %y_partial_6, i64 666, i64 31, i64 18446744073709551615"   --->   Operation 45 'specmemcore' 'specmemcore_ln0' <Predicate = true> <Delay = 0.00>
ST_9 : Operation 46 [1/1] (0.00ns)   --->   "%specmemcore_ln0 = specmemcore void @_ssdm_op_SpecMemCore, i32 %y_partial_7, i64 666, i64 31, i64 18446744073709551615"   --->   Operation 46 'specmemcore' 'specmemcore_ln0' <Predicate = true> <Delay = 0.00>
ST_9 : Operation 47 [1/1] (0.00ns)   --->   "%specmemcore_ln0 = specmemcore void @_ssdm_op_SpecMemCore, i32 %y_partial_8, i64 666, i64 31, i64 18446744073709551615"   --->   Operation 47 'specmemcore' 'specmemcore_ln0' <Predicate = true> <Delay = 0.00>
ST_9 : Operation 48 [1/1] (0.00ns)   --->   "%specmemcore_ln0 = specmemcore void @_ssdm_op_SpecMemCore, i32 %y_partial_9, i64 666, i64 31, i64 18446744073709551615"   --->   Operation 48 'specmemcore' 'specmemcore_ln0' <Predicate = true> <Delay = 0.00>
ST_9 : Operation 49 [1/1] (0.00ns)   --->   "%specmemcore_ln0 = specmemcore void @_ssdm_op_SpecMemCore, i32 %y_partial_10, i64 666, i64 31, i64 18446744073709551615"   --->   Operation 49 'specmemcore' 'specmemcore_ln0' <Predicate = true> <Delay = 0.00>
ST_9 : Operation 50 [1/1] (0.00ns)   --->   "%specmemcore_ln0 = specmemcore void @_ssdm_op_SpecMemCore, i32 %y_partial_11, i64 666, i64 31, i64 18446744073709551615"   --->   Operation 50 'specmemcore' 'specmemcore_ln0' <Predicate = true> <Delay = 0.00>
ST_9 : Operation 51 [1/1] (0.00ns)   --->   "%specmemcore_ln0 = specmemcore void @_ssdm_op_SpecMemCore, i32 %y_partial_12, i64 666, i64 31, i64 18446744073709551615"   --->   Operation 51 'specmemcore' 'specmemcore_ln0' <Predicate = true> <Delay = 0.00>
ST_9 : Operation 52 [1/1] (0.00ns)   --->   "%specmemcore_ln0 = specmemcore void @_ssdm_op_SpecMemCore, i32 %y_partial_13, i64 666, i64 31, i64 18446744073709551615"   --->   Operation 52 'specmemcore' 'specmemcore_ln0' <Predicate = true> <Delay = 0.00>
ST_9 : Operation 53 [1/1] (0.00ns)   --->   "%specmemcore_ln0 = specmemcore void @_ssdm_op_SpecMemCore, i32 %y_partial_14, i64 666, i64 31, i64 18446744073709551615"   --->   Operation 53 'specmemcore' 'specmemcore_ln0' <Predicate = true> <Delay = 0.00>
ST_9 : Operation 54 [1/1] (0.00ns)   --->   "%specmemcore_ln0 = specmemcore void @_ssdm_op_SpecMemCore, i32 %y_partial_15, i64 666, i64 31, i64 18446744073709551615"   --->   Operation 54 'specmemcore' 'specmemcore_ln0' <Predicate = true> <Delay = 0.00>
ST_9 : Operation 55 [1/1] (0.00ns)   --->   "%specinterface_ln0 = specinterface void @_ssdm_op_SpecInterface, i512 %gmem4, void @empty_24, i32 0, i32 0, void @empty_25, i32 0, i32 64, void @empty_15, void @empty_0, void @empty_25, i32 16, i32 16, i32 16, i32 16, void @empty_25, void @empty_25, i32 4294967295, i32 0, i32 0"   --->   Operation 55 'specinterface' 'specinterface_ln0' <Predicate = true> <Delay = 0.00>
ST_9 : Operation 56 [1/5] (4.00ns)   --->   "%empty_83 = writeresp i1 @_ssdm_op_WriteResp.m_axi.p1i512, i512 %gmem4_addr" [../HLS/src/spmv_csc.cpp:297]   --->   Operation 56 'writeresp' 'empty_83' <Predicate = true> <Delay = 4.00> <CoreInst = "m_axi">   --->   Core 119 'm_axi' <Latency = 3> <II = 1> <Delay = 1.00> <Adapter> <Opcode : 'read' 'write' 'readreq' 'writereq' 'writeresp'>
ST_9 : Operation 57 [1/1] (0.00ns)   --->   "%ret_ln297 = ret" [../HLS/src/spmv_csc.cpp:297]   --->   Operation 57 'ret' 'ret_ln297' <Predicate = true> <Delay = 0.00>


============================================================
+ Verbose Summary: Binding
============================================================
STG Binding: 
---------------- STG Properties BEGIN ----------------
- Is combinational: 0
- Is one-state seq: 0
- Is datapath-only: 0
- Is pipelined: 0
- Is top level: 0
Port [ Return ] is wired: 1; IO mode=ap_ctrl_hs:ce=0
Port [ num_rows]:  wired=1; compound=0; hidden=0; nouse=0; global=0; static=0; extern=0; dir=0; type=0; pingpong=0; private_global=0; IO mode=ap_none:ce=0
Port [ y_partial_0]:  wired=1; compound=1; hidden=0; nouse=0; global=0; static=0; extern=0; dir=0; type=1; pingpong=0; private_global=0; MemPort=[13]; IO mode=ap_memory:ce=0
Port [ y_partial_1]:  wired=1; compound=1; hidden=0; nouse=0; global=0; static=0; extern=0; dir=0; type=1; pingpong=0; private_global=0; MemPort=[13]; IO mode=ap_memory:ce=0
Port [ y_partial_2]:  wired=1; compound=1; hidden=0; nouse=0; global=0; static=0; extern=0; dir=0; type=1; pingpong=0; private_global=0; MemPort=[13]; IO mode=ap_memory:ce=0
Port [ y_partial_3]:  wired=1; compound=1; hidden=0; nouse=0; global=0; static=0; extern=0; dir=0; type=1; pingpong=0; private_global=0; MemPort=[13]; IO mode=ap_memory:ce=0
Port [ y_partial_4]:  wired=1; compound=1; hidden=0; nouse=0; global=0; static=0; extern=0; dir=0; type=1; pingpong=0; private_global=0; MemPort=[13]; IO mode=ap_memory:ce=0
Port [ y_partial_5]:  wired=1; compound=1; hidden=0; nouse=0; global=0; static=0; extern=0; dir=0; type=1; pingpong=0; private_global=0; MemPort=[13]; IO mode=ap_memory:ce=0
Port [ y_partial_6]:  wired=1; compound=1; hidden=0; nouse=0; global=0; static=0; extern=0; dir=0; type=1; pingpong=0; private_global=0; MemPort=[13]; IO mode=ap_memory:ce=0
Port [ y_partial_7]:  wired=1; compound=1; hidden=0; nouse=0; global=0; static=0; extern=0; dir=0; type=1; pingpong=0; private_global=0; MemPort=[13]; IO mode=ap_memory:ce=0
Port [ y_partial_8]:  wired=1; compound=1; hidden=0; nouse=0; global=0; static=0; extern=0; dir=0; type=1; pingpong=0; private_global=0; MemPort=[13]; IO mode=ap_memory:ce=0
Port [ y_partial_9]:  wired=1; compound=1; hidden=0; nouse=0; global=0; static=0; extern=0; dir=0; type=1; pingpong=0; private_global=0; MemPort=[13]; IO mode=ap_memory:ce=0
Port [ y_partial_10]:  wired=1; compound=1; hidden=0; nouse=0; global=0; static=0; extern=0; dir=0; type=1; pingpong=0; private_global=0; MemPort=[13]; IO mode=ap_memory:ce=0
Port [ y_partial_11]:  wired=1; compound=1; hidden=0; nouse=0; global=0; static=0; extern=0; dir=0; type=1; pingpong=0; private_global=0; MemPort=[13]; IO mode=ap_memory:ce=0
Port [ y_partial_12]:  wired=1; compound=1; hidden=0; nouse=0; global=0; static=0; extern=0; dir=0; type=1; pingpong=0; private_global=0; MemPort=[13]; IO mode=ap_memory:ce=0
Port [ y_partial_13]:  wired=1; compound=1; hidden=0; nouse=0; global=0; static=0; extern=0; dir=0; type=1; pingpong=0; private_global=0; MemPort=[13]; IO mode=ap_memory:ce=0
Port [ y_partial_14]:  wired=1; compound=1; hidden=0; nouse=0; global=0; static=0; extern=0; dir=0; type=1; pingpong=0; private_global=0; MemPort=[13]; IO mode=ap_memory:ce=0
Port [ y_partial_15]:  wired=1; compound=1; hidden=0; nouse=0; global=0; static=0; extern=0; dir=0; type=1; pingpong=0; private_global=0; MemPort=[13]; IO mode=ap_memory:ce=0
Port [ gmem4]:  wired=1; compound=1; hidden=0; nouse=0; global=0; static=0; extern=0; dir=1; type=4; pingpong=0; private_global=0; IO mode=m_axi:ce=0
Port [ y_out]:  wired=1; compound=0; hidden=0; nouse=0; global=0; static=0; extern=0; dir=0; type=0; pingpong=0; private_global=0; IO mode=ap_none:ce=0
---------------- STG Properties END ------------------

---------------- Datapath Model BEGIN ----------------

<LifeTime>
<method=bitvector/>
num_rows_read     (read          ) [ 0011100000]
add_ln271         (add           ) [ 0000000000]
tmp_3             (bitselect     ) [ 0000000000]
sub_ln271         (sub           ) [ 0000000000]
tmp               (partselect    ) [ 0000000000]
zext_ln271        (zext          ) [ 0000000000]
sub_ln271_1       (sub           ) [ 0000000000]
tmp_1             (partselect    ) [ 0000000000]
zext_ln271_1      (zext          ) [ 0000000000]
words             (select        ) [ 0000000000]
trunc_ln271       (trunc         ) [ 0000000000]
icmp_ln273        (icmp          ) [ 0000000000]
empty             (trunc         ) [ 0000000000]
empty_79          (select        ) [ 0010000000]
empty_81          (icmp          ) [ 0000000000]
empty_82          (select        ) [ 0011000000]
y_out_read        (read          ) [ 0000000000]
trunc_ln1         (partselect    ) [ 0001100000]
sext_ln273        (sext          ) [ 0000000000]
gmem4_addr        (getelementptr ) [ 0001111111]
zext_ln273        (zext          ) [ 0000000000]
empty_80          (writereq      ) [ 0000000000]
tmp_2             (bitconcatenate) [ 0000100000]
call_ln271        (call          ) [ 0000000000]
specmemcore_ln0   (specmemcore   ) [ 0000000000]
specmemcore_ln0   (specmemcore   ) [ 0000000000]
specmemcore_ln0   (specmemcore   ) [ 0000000000]
specmemcore_ln0   (specmemcore   ) [ 0000000000]
specmemcore_ln0   (specmemcore   ) [ 0000000000]
specmemcore_ln0   (specmemcore   ) [ 0000000000]
specmemcore_ln0   (specmemcore   ) [ 0000000000]
specmemcore_ln0   (specmemcore   ) [ 0000000000]
specmemcore_ln0   (specmemcore   ) [ 0000000000]
specmemcore_ln0   (specmemcore   ) [ 0000000000]
specmemcore_ln0   (specmemcore   ) [ 0000000000]
specmemcore_ln0   (specmemcore   ) [ 0000000000]
specmemcore_ln0   (specmemcore   ) [ 0000000000]
specmemcore_ln0   (specmemcore   ) [ 0000000000]
specmemcore_ln0   (specmemcore   ) [ 0000000000]
specmemcore_ln0   (specmemcore   ) [ 0000000000]
specinterface_ln0 (specinterface ) [ 0000000000]
empty_83          (writeresp     ) [ 0000000000]
ret_ln297         (ret           ) [ 0000000000]
</LifeTime>

<model>

<comp_list>
<comp id="0" class="1000" name="num_rows">
<pin_list>
<pin id="1" dir="1" index="0" bw="1" slack="0"/>
</pin_list>
<bind>
<StgValue><ssdm name="num_rows"/></StgValue>
</bind>
</comp>

<comp id="2" class="1000" name="y_partial_0">
<pin_list>
<pin id="3" dir="1" index="0" bw="1" slack="0"/>
</pin_list>
<bind>
<StgValue><ssdm name="y_partial_0"/><MemPortTyVec>1 3 </MemPortTyVec>
</StgValue>
</bind>
</comp>

<comp id="4" class="1000" name="y_partial_1">
<pin_list>
<pin id="5" dir="1" index="0" bw="1" slack="0"/>
</pin_list>
<bind>
<StgValue><ssdm name="y_partial_1"/><MemPortTyVec>1 3 </MemPortTyVec>
</StgValue>
</bind>
</comp>

<comp id="6" class="1000" name="y_partial_2">
<pin_list>
<pin id="7" dir="1" index="0" bw="1" slack="0"/>
</pin_list>
<bind>
<StgValue><ssdm name="y_partial_2"/><MemPortTyVec>1 3 </MemPortTyVec>
</StgValue>
</bind>
</comp>

<comp id="8" class="1000" name="y_partial_3">
<pin_list>
<pin id="9" dir="1" index="0" bw="1" slack="0"/>
</pin_list>
<bind>
<StgValue><ssdm name="y_partial_3"/><MemPortTyVec>1 3 </MemPortTyVec>
</StgValue>
</bind>
</comp>

<comp id="10" class="1000" name="y_partial_4">
<pin_list>
<pin id="11" dir="1" index="0" bw="1" slack="0"/>
</pin_list>
<bind>
<StgValue><ssdm name="y_partial_4"/><MemPortTyVec>1 3 </MemPortTyVec>
</StgValue>
</bind>
</comp>

<comp id="12" class="1000" name="y_partial_5">
<pin_list>
<pin id="13" dir="1" index="0" bw="1" slack="0"/>
</pin_list>
<bind>
<StgValue><ssdm name="y_partial_5"/><MemPortTyVec>1 3 </MemPortTyVec>
</StgValue>
</bind>
</comp>

<comp id="14" class="1000" name="y_partial_6">
<pin_list>
<pin id="15" dir="1" index="0" bw="1" slack="0"/>
</pin_list>
<bind>
<StgValue><ssdm name="y_partial_6"/><MemPortTyVec>1 3 </MemPortTyVec>
</StgValue>
</bind>
</comp>

<comp id="16" class="1000" name="y_partial_7">
<pin_list>
<pin id="17" dir="1" index="0" bw="1" slack="0"/>
</pin_list>
<bind>
<StgValue><ssdm name="y_partial_7"/><MemPortTyVec>1 3 </MemPortTyVec>
</StgValue>
</bind>
</comp>

<comp id="18" class="1000" name="y_partial_8">
<pin_list>
<pin id="19" dir="1" index="0" bw="1" slack="0"/>
</pin_list>
<bind>
<StgValue><ssdm name="y_partial_8"/><MemPortTyVec>1 3 </MemPortTyVec>
</StgValue>
</bind>
</comp>

<comp id="20" class="1000" name="y_partial_9">
<pin_list>
<pin id="21" dir="1" index="0" bw="1" slack="0"/>
</pin_list>
<bind>
<StgValue><ssdm name="y_partial_9"/><MemPortTyVec>1 3 </MemPortTyVec>
</StgValue>
</bind>
</comp>

<comp id="22" class="1000" name="y_partial_10">
<pin_list>
<pin id="23" dir="1" index="0" bw="1" slack="0"/>
</pin_list>
<bind>
<StgValue><ssdm name="y_partial_10"/><MemPortTyVec>1 3 </MemPortTyVec>
</StgValue>
</bind>
</comp>

<comp id="24" class="1000" name="y_partial_11">
<pin_list>
<pin id="25" dir="1" index="0" bw="1" slack="0"/>
</pin_list>
<bind>
<StgValue><ssdm name="y_partial_11"/><MemPortTyVec>1 3 </MemPortTyVec>
</StgValue>
</bind>
</comp>

<comp id="26" class="1000" name="y_partial_12">
<pin_list>
<pin id="27" dir="1" index="0" bw="1" slack="0"/>
</pin_list>
<bind>
<StgValue><ssdm name="y_partial_12"/><MemPortTyVec>1 3 </MemPortTyVec>
</StgValue>
</bind>
</comp>

<comp id="28" class="1000" name="y_partial_13">
<pin_list>
<pin id="29" dir="1" index="0" bw="1" slack="0"/>
</pin_list>
<bind>
<StgValue><ssdm name="y_partial_13"/><MemPortTyVec>1 3 </MemPortTyVec>
</StgValue>
</bind>
</comp>

<comp id="30" class="1000" name="y_partial_14">
<pin_list>
<pin id="31" dir="1" index="0" bw="1" slack="0"/>
</pin_list>
<bind>
<StgValue><ssdm name="y_partial_14"/><MemPortTyVec>1 3 </MemPortTyVec>
</StgValue>
</bind>
</comp>

<comp id="32" class="1000" name="y_partial_15">
<pin_list>
<pin id="33" dir="1" index="0" bw="1" slack="0"/>
</pin_list>
<bind>
<StgValue><ssdm name="y_partial_15"/><MemPortTyVec>1 3 </MemPortTyVec>
</StgValue>
</bind>
</comp>

<comp id="34" class="1000" name="gmem4">
<pin_list>
<pin id="35" dir="1" index="0" bw="1" slack="0"/>
</pin_list>
<bind>
<StgValue><ssdm name="gmem4"/><MemPortTyVec>1 </MemPortTyVec>
</StgValue>
</bind>
</comp>

<comp id="36" class="1000" name="y_out">
<pin_list>
<pin id="37" dir="1" index="0" bw="1" slack="0"/>
</pin_list>
<bind>
<StgValue><ssdm name="y_out"/></StgValue>
</bind>
</comp>

<comp id="38" class="1001" name="const_38">
<pin_list>
<pin id="39" dir="1" index="0" bw="1" slack="0"/>
</pin_list>
<bind>
<StgValue><ssdm name="_ssdm_op_Read.ap_auto.i32"/></StgValue>
</bind>
</comp>

<comp id="40" class="1001" name="const_40">
<pin_list>
<pin id="41" dir="1" index="0" bw="1" slack="0"/>
</pin_list>
<bind>
<StgValue><ssdm name=""/></StgValue>
</bind>
</comp>

<comp id="42" class="1001" name="const_42">
<pin_list>
<pin id="43" dir="1" index="0" bw="1" slack="0"/>
</pin_list>
<bind>
<StgValue><ssdm name="_ssdm_op_BitSelect.i1.i32.i32"/></StgValue>
</bind>
</comp>

<comp id="44" class="1001" name="const_44">
<pin_list>
<pin id="45" dir="1" index="0" bw="1" slack="0"/>
</pin_list>
<bind>
<StgValue><ssdm name=""/></StgValue>
</bind>
</comp>

<comp id="46" class="1001" name="const_46">
<pin_list>
<pin id="47" dir="1" index="0" bw="1" slack="0"/>
</pin_list>
<bind>
<StgValue><ssdm name=""/></StgValue>
</bind>
</comp>

<comp id="48" class="1001" name="const_48">
<pin_list>
<pin id="49" dir="1" index="0" bw="1" slack="0"/>
</pin_list>
<bind>
<StgValue><ssdm name="_ssdm_op_PartSelect.i28.i32.i32.i32"/></StgValue>
</bind>
</comp>

<comp id="50" class="1001" name="const_50">
<pin_list>
<pin id="51" dir="1" index="0" bw="1" slack="0"/>
</pin_list>
<bind>
<StgValue><ssdm name=""/></StgValue>
</bind>
</comp>

<comp id="52" class="1001" name="const_52">
<pin_list>
<pin id="53" dir="1" index="0" bw="1" slack="0"/>
</pin_list>
<bind>
<StgValue><ssdm name=""/></StgValue>
</bind>
</comp>

<comp id="54" class="1001" name="const_54">
<pin_list>
<pin id="55" dir="1" index="0" bw="1" slack="0"/>
</pin_list>
<bind>
<StgValue><ssdm name=""/></StgValue>
</bind>
</comp>

<comp id="56" class="1001" name="const_56">
<pin_list>
<pin id="57" dir="1" index="0" bw="1" slack="0"/>
</pin_list>
<bind>
<StgValue><ssdm name=""/></StgValue>
</bind>
</comp>

<comp id="58" class="1001" name="const_58">
<pin_list>
<pin id="59" dir="1" index="0" bw="1" slack="0"/>
</pin_list>
<bind>
<StgValue><ssdm name=""/></StgValue>
</bind>
</comp>

<comp id="60" class="1001" name="const_60">
<pin_list>
<pin id="61" dir="1" index="0" bw="1" slack="0"/>
</pin_list>
<bind>
<StgValue><ssdm name="_ssdm_op_Read.ap_auto.i64"/></StgValue>
</bind>
</comp>

<comp id="62" class="1001" name="const_62">
<pin_list>
<pin id="63" dir="1" index="0" bw="1" slack="0"/>
</pin_list>
<bind>
<StgValue><ssdm name="_ssdm_op_PartSelect.i58.i64.i32.i32"/></StgValue>
</bind>
</comp>

<comp id="64" class="1001" name="const_64">
<pin_list>
<pin id="65" dir="1" index="0" bw="1" slack="0"/>
</pin_list>
<bind>
<StgValue><ssdm name=""/></StgValue>
</bind>
</comp>

<comp id="66" class="1001" name="const_66">
<pin_list>
<pin id="67" dir="1" index="0" bw="1" slack="0"/>
</pin_list>
<bind>
<StgValue><ssdm name=""/></StgValue>
</bind>
</comp>

<comp id="68" class="1001" name="const_68">
<pin_list>
<pin id="69" dir="1" index="0" bw="1" slack="0"/>
</pin_list>
<bind>
<StgValue><ssdm name="_ssdm_op_WriteReq.m_axi.p1i512"/></StgValue>
</bind>
</comp>

<comp id="70" class="1001" name="const_70">
<pin_list>
<pin id="71" dir="1" index="0" bw="1" slack="0"/>
</pin_list>
<bind>
<StgValue><ssdm name="_ssdm_op_BitConcatenate.i11.i7.i4"/></StgValue>
</bind>
</comp>

<comp id="72" class="1001" name="const_72">
<pin_list>
<pin id="73" dir="1" index="0" bw="1" slack="0"/>
</pin_list>
<bind>
<StgValue><ssdm name=""/></StgValue>
</bind>
</comp>

<comp id="74" class="1001" name="const_74">
<pin_list>
<pin id="75" dir="1" index="0" bw="1" slack="0"/>
</pin_list>
<bind>
<StgValue><ssdm name="reduce_and_write_packed_Pipeline_VITIS_LOOP_273_1_VITIS_LOOP_277_2"/></StgValue>
</bind>
</comp>

<comp id="76" class="1001" name="const_76">
<pin_list>
<pin id="77" dir="1" index="0" bw="1" slack="0"/>
</pin_list>
<bind>
<StgValue><ssdm name="_ssdm_op_WriteResp.m_axi.p1i512"/></StgValue>
</bind>
</comp>

<comp id="78" class="1001" name="const_78">
<pin_list>
<pin id="79" dir="1" index="0" bw="1" slack="2147483647"/>
</pin_list>
<bind>
<StgValue><ssdm name="_ssdm_op_SpecMemCore"/></StgValue>
</bind>
</comp>

<comp id="80" class="1001" name="const_80">
<pin_list>
<pin id="81" dir="1" index="0" bw="1" slack="2147483647"/>
</pin_list>
<bind>
<StgValue><ssdm name=""/></StgValue>
</bind>
</comp>

<comp id="82" class="1001" name="const_82">
<pin_list>
<pin id="83" dir="1" index="0" bw="1" slack="2147483647"/>
</pin_list>
<bind>
<StgValue><ssdm name=""/></StgValue>
</bind>
</comp>

<comp id="84" class="1001" name="const_84">
<pin_list>
<pin id="85" dir="1" index="0" bw="1" slack="2147483647"/>
</pin_list>
<bind>
<StgValue><ssdm name=""/></StgValue>
</bind>
</comp>

<comp id="86" class="1001" name="const_86">
<pin_list>
<pin id="87" dir="1" index="0" bw="1" slack="2147483647"/>
</pin_list>
<bind>
<StgValue><ssdm name="_ssdm_op_SpecInterface"/></StgValue>
</bind>
</comp>

<comp id="88" class="1001" name="const_88">
<pin_list>
<pin id="89" dir="1" index="0" bw="1" slack="2147483647"/>
</pin_list>
<bind>
<StgValue><ssdm name="empty_24"/></StgValue>
</bind>
</comp>

<comp id="90" class="1001" name="const_90">
<pin_list>
<pin id="91" dir="1" index="0" bw="1" slack="2147483647"/>
</pin_list>
<bind>
<StgValue><ssdm name="empty_25"/></StgValue>
</bind>
</comp>

<comp id="92" class="1001" name="const_92">
<pin_list>
<pin id="93" dir="1" index="0" bw="1" slack="2147483647"/>
</pin_list>
<bind>
<StgValue><ssdm name=""/></StgValue>
</bind>
</comp>

<comp id="94" class="1001" name="const_94">
<pin_list>
<pin id="95" dir="1" index="0" bw="1" slack="2147483647"/>
</pin_list>
<bind>
<StgValue><ssdm name="empty_15"/></StgValue>
</bind>
</comp>

<comp id="96" class="1001" name="const_96">
<pin_list>
<pin id="97" dir="1" index="0" bw="1" slack="2147483647"/>
</pin_list>
<bind>
<StgValue><ssdm name="empty_0"/></StgValue>
</bind>
</comp>

<comp id="98" class="1001" name="const_98">
<pin_list>
<pin id="99" dir="1" index="0" bw="1" slack="2147483647"/>
</pin_list>
<bind>
<StgValue><ssdm name=""/></StgValue>
</bind>
</comp>

<comp id="100" class="1001" name="const_100">
<pin_list>
<pin id="101" dir="1" index="0" bw="1" slack="2147483647"/>
</pin_list>
<bind>
<StgValue><ssdm name=""/></StgValue>
</bind>
</comp>

<comp id="102" class="1004" name="num_rows_read_read_fu_102">
<pin_list>
<pin id="103" dir="0" index="0" bw="32" slack="0"/>
<pin id="104" dir="0" index="1" bw="32" slack="0"/>
<pin id="105" dir="1" index="2" bw="32" slack="0"/>
</pin_list>
<bind>
<opcode="read(1150) " fcode="read"/>
<opset="num_rows_read/1 "/>
</bind>
</comp>

<comp id="108" class="1004" name="y_out_read_read_fu_108">
<pin_list>
<pin id="109" dir="0" index="0" bw="64" slack="0"/>
<pin id="110" dir="0" index="1" bw="64" slack="0"/>
<pin id="111" dir="1" index="2" bw="64" slack="0"/>
</pin_list>
<bind>
<opcode="read(1150) " fcode="read"/>
<opset="y_out_read/2 "/>
</bind>
</comp>

<comp id="114" class="1004" name="grp_writeresp_fu_114">
<pin_list>
<pin id="115" dir="0" index="0" bw="1" slack="0"/>
<pin id="116" dir="0" index="1" bw="512" slack="0"/>
<pin id="117" dir="0" index="2" bw="28" slack="0"/>
<pin id="118" dir="1" index="3" bw="1" slack="2147483647"/>
</pin_list>
<bind>
<opcode="writereq(1155) writeresp(1158) " fcode="writeresp"/>
<opset="empty_80/2 empty_83/5 "/>
</bind>
</comp>

<comp id="121" class="1004" name="grp_reduce_and_write_packed_Pipeline_VITIS_LOOP_273_1_VITIS_LOOP_277_2_fu_121">
<pin_list>
<pin id="122" dir="0" index="0" bw="0" slack="0"/>
<pin id="123" dir="0" index="1" bw="11" slack="0"/>
<pin id="124" dir="0" index="2" bw="512" slack="0"/>
<pin id="125" dir="0" index="3" bw="58" slack="1"/>
<pin id="126" dir="0" index="4" bw="32" slack="2"/>
<pin id="127" dir="0" index="5" bw="32" slack="0"/>
<pin id="128" dir="0" index="6" bw="32" slack="0"/>
<pin id="129" dir="0" index="7" bw="32" slack="0"/>
<pin id="130" dir="0" index="8" bw="32" slack="0"/>
<pin id="131" dir="0" index="9" bw="32" slack="0"/>
<pin id="132" dir="0" index="10" bw="32" slack="0"/>
<pin id="133" dir="0" index="11" bw="32" slack="0"/>
<pin id="134" dir="0" index="12" bw="32" slack="0"/>
<pin id="135" dir="0" index="13" bw="32" slack="0"/>
<pin id="136" dir="0" index="14" bw="32" slack="0"/>
<pin id="137" dir="0" index="15" bw="32" slack="0"/>
<pin id="138" dir="0" index="16" bw="32" slack="0"/>
<pin id="139" dir="0" index="17" bw="32" slack="0"/>
<pin id="140" dir="0" index="18" bw="32" slack="0"/>
<pin id="141" dir="0" index="19" bw="32" slack="0"/>
<pin id="142" dir="0" index="20" bw="32" slack="0"/>
<pin id="143" dir="1" index="21" bw="0" slack="2147483647"/>
</pin_list>
<bind>
<opcode="call(48) " fcode="call"/>
<opset="call_ln271/3 "/>
</bind>
</comp>

<comp id="162" class="1004" name="add_ln271_fu_162">
<pin_list>
<pin id="163" dir="0" index="0" bw="32" slack="0"/>
<pin id="164" dir="0" index="1" bw="5" slack="0"/>
<pin id="165" dir="1" index="2" bw="32" slack="0"/>
</pin_list>
<bind>
<opcode="add(8) " fcode="add"/>
<opset="add_ln271/1 "/>
</bind>
</comp>

<comp id="168" class="1004" name="tmp_3_fu_168">
<pin_list>
<pin id="169" dir="0" index="0" bw="1" slack="0"/>
<pin id="170" dir="0" index="1" bw="32" slack="0"/>
<pin id="171" dir="0" index="2" bw="6" slack="0"/>
<pin id="172" dir="1" index="3" bw="1" slack="0"/>
</pin_list>
<bind>
<opcode="bitselect(1000) " fcode="bitselect"/>
<opset="tmp_3/1 "/>
</bind>
</comp>

<comp id="176" class="1004" name="sub_ln271_fu_176">
<pin_list>
<pin id="177" dir="0" index="0" bw="5" slack="0"/>
<pin id="178" dir="0" index="1" bw="32" slack="0"/>
<pin id="179" dir="1" index="2" bw="32" slack="0"/>
</pin_list>
<bind>
<opcode="sub(10) " fcode="sub"/>
<opset="sub_ln271/1 "/>
</bind>
</comp>

<comp id="182" class="1004" name="tmp_fu_182">
<pin_list>
<pin id="183" dir="0" index="0" bw="28" slack="0"/>
<pin id="184" dir="0" index="1" bw="32" slack="0"/>
<pin id="185" dir="0" index="2" bw="4" slack="0"/>
<pin id="186" dir="0" index="3" bw="6" slack="0"/>
<pin id="187" dir="1" index="4" bw="28" slack="0"/>
</pin_list>
<bind>
<opcode="partselect(1002) " fcode="partselect"/>
<opset="tmp/1 "/>
</bind>
</comp>

<comp id="192" class="1004" name="zext_ln271_fu_192">
<pin_list>
<pin id="193" dir="0" index="0" bw="28" slack="0"/>
<pin id="194" dir="1" index="1" bw="29" slack="0"/>
</pin_list>
<bind>
<opcode="zext(34) " fcode="zext"/>
<opset="zext_ln271/1 "/>
</bind>
</comp>

<comp id="196" class="1004" name="sub_ln271_1_fu_196">
<pin_list>
<pin id="197" dir="0" index="0" bw="1" slack="0"/>
<pin id="198" dir="0" index="1" bw="28" slack="0"/>
<pin id="199" dir="1" index="2" bw="29" slack="0"/>
</pin_list>
<bind>
<opcode="sub(10) " fcode="sub"/>
<opset="sub_ln271_1/1 "/>
</bind>
</comp>

<comp id="202" class="1004" name="tmp_1_fu_202">
<pin_list>
<pin id="203" dir="0" index="0" bw="28" slack="0"/>
<pin id="204" dir="0" index="1" bw="32" slack="0"/>
<pin id="205" dir="0" index="2" bw="4" slack="0"/>
<pin id="206" dir="0" index="3" bw="6" slack="0"/>
<pin id="207" dir="1" index="4" bw="28" slack="0"/>
</pin_list>
<bind>
<opcode="partselect(1002) " fcode="partselect"/>
<opset="tmp_1/1 "/>
</bind>
</comp>

<comp id="212" class="1004" name="zext_ln271_1_fu_212">
<pin_list>
<pin id="213" dir="0" index="0" bw="28" slack="0"/>
<pin id="214" dir="1" index="1" bw="29" slack="0"/>
</pin_list>
<bind>
<opcode="zext(34) " fcode="zext"/>
<opset="zext_ln271_1/1 "/>
</bind>
</comp>

<comp id="216" class="1004" name="words_fu_216">
<pin_list>
<pin id="217" dir="0" index="0" bw="1" slack="0"/>
<pin id="218" dir="0" index="1" bw="29" slack="0"/>
<pin id="219" dir="0" index="2" bw="28" slack="0"/>
<pin id="220" dir="1" index="3" bw="29" slack="0"/>
</pin_list>
<bind>
<opcode="select(49) " fcode="select"/>
<opset="words/1 "/>
</bind>
</comp>

<comp id="224" class="1004" name="trunc_ln271_fu_224">
<pin_list>
<pin id="225" dir="0" index="0" bw="29" slack="0"/>
<pin id="226" dir="1" index="1" bw="7" slack="0"/>
</pin_list>
<bind>
<opcode="trunc(33) " fcode="trunc"/>
<opset="trunc_ln271/1 "/>
</bind>
</comp>

<comp id="228" class="1004" name="icmp_ln273_fu_228">
<pin_list>
<pin id="229" dir="0" index="0" bw="32" slack="0"/>
<pin id="230" dir="0" index="1" bw="1" slack="0"/>
<pin id="231" dir="1" index="2" bw="1" slack="0"/>
</pin_list>
<bind>
<opcode="icmp(45) " fcode="icmp"/>
<opset="icmp_ln273/1 "/>
</bind>
</comp>

<comp id="234" class="1004" name="empty_fu_234">
<pin_list>
<pin id="235" dir="0" index="0" bw="29" slack="0"/>
<pin id="236" dir="1" index="1" bw="28" slack="0"/>
</pin_list>
<bind>
<opcode="trunc(33) " fcode="trunc"/>
<opset="empty/1 "/>
</bind>
</comp>

<comp id="238" class="1004" name="empty_79_fu_238">
<pin_list>
<pin id="239" dir="0" index="0" bw="1" slack="0"/>
<pin id="240" dir="0" index="1" bw="28" slack="0"/>
<pin id="241" dir="0" index="2" bw="1" slack="0"/>
<pin id="242" dir="1" index="3" bw="28" slack="1"/>
</pin_list>
<bind>
<opcode="select(49) " fcode="select"/>
<opset="empty_79/1 "/>
</bind>
</comp>

<comp id="246" class="1004" name="empty_81_fu_246">
<pin_list>
<pin id="247" dir="0" index="0" bw="29" slack="0"/>
<pin id="248" dir="0" index="1" bw="1" slack="0"/>
<pin id="249" dir="1" index="2" bw="1" slack="0"/>
</pin_list>
<bind>
<opcode="icmp(45) " fcode="icmp"/>
<opset="empty_81/1 "/>
</bind>
</comp>

<comp id="252" class="1004" name="empty_82_fu_252">
<pin_list>
<pin id="253" dir="0" index="0" bw="1" slack="0"/>
<pin id="254" dir="0" index="1" bw="7" slack="0"/>
<pin id="255" dir="0" index="2" bw="1" slack="0"/>
<pin id="256" dir="1" index="3" bw="7" slack="2"/>
</pin_list>
<bind>
<opcode="select(49) " fcode="select"/>
<opset="empty_82/1 "/>
</bind>
</comp>

<comp id="260" class="1004" name="trunc_ln1_fu_260">
<pin_list>
<pin id="261" dir="0" index="0" bw="58" slack="0"/>
<pin id="262" dir="0" index="1" bw="64" slack="0"/>
<pin id="263" dir="0" index="2" bw="4" slack="0"/>
<pin id="264" dir="0" index="3" bw="7" slack="0"/>
<pin id="265" dir="1" index="4" bw="58" slack="0"/>
</pin_list>
<bind>
<opcode="partselect(1002) " fcode="partselect"/>
<opset="trunc_ln1/2 "/>
</bind>
</comp>

<comp id="270" class="1004" name="sext_ln273_fu_270">
<pin_list>
<pin id="271" dir="0" index="0" bw="58" slack="0"/>
<pin id="272" dir="1" index="1" bw="64" slack="0"/>
</pin_list>
<bind>
<opcode="sext(35) " fcode="sext"/>
<opset="sext_ln273/2 "/>
</bind>
</comp>

<comp id="274" class="1004" name="gmem4_addr_fu_274">
<pin_list>
<pin id="275" dir="0" index="0" bw="512" slack="0"/>
<pin id="276" dir="0" index="1" bw="58" slack="0"/>
<pin id="277" dir="1" index="2" bw="512" slack="0"/>
</pin_list>
<bind>
<opcode="getelementptr(29) " fcode="getelementptr"/>
<opset="gmem4_addr/2 "/>
</bind>
</comp>

<comp id="281" class="1004" name="zext_ln273_fu_281">
<pin_list>
<pin id="282" dir="0" index="0" bw="28" slack="1"/>
<pin id="283" dir="1" index="1" bw="64" slack="0"/>
</pin_list>
<bind>
<opcode="zext(34) " fcode="zext"/>
<opset="zext_ln273/2 "/>
</bind>
</comp>

<comp id="285" class="1004" name="tmp_2_fu_285">
<pin_list>
<pin id="286" dir="0" index="0" bw="11" slack="0"/>
<pin id="287" dir="0" index="1" bw="7" slack="2"/>
<pin id="288" dir="0" index="2" bw="1" slack="0"/>
<pin id="289" dir="1" index="3" bw="11" slack="0"/>
</pin_list>
<bind>
<opcode="bitconcatenate(1004) " fcode="bitconcatenate"/>
<opset="tmp_2/3 "/>
</bind>
</comp>

<comp id="293" class="1005" name="num_rows_read_reg_293">
<pin_list>
<pin id="294" dir="0" index="0" bw="32" slack="2"/>
<pin id="295" dir="1" index="1" bw="32" slack="2"/>
</pin_list>
<bind>
<opset="num_rows_read "/>
</bind>
</comp>

<comp id="298" class="1005" name="empty_79_reg_298">
<pin_list>
<pin id="299" dir="0" index="0" bw="28" slack="1"/>
<pin id="300" dir="1" index="1" bw="28" slack="1"/>
</pin_list>
<bind>
<opset="empty_79 "/>
</bind>
</comp>

<comp id="303" class="1005" name="empty_82_reg_303">
<pin_list>
<pin id="304" dir="0" index="0" bw="7" slack="2"/>
<pin id="305" dir="1" index="1" bw="7" slack="2"/>
</pin_list>
<bind>
<opset="empty_82 "/>
</bind>
</comp>

<comp id="308" class="1005" name="trunc_ln1_reg_308">
<pin_list>
<pin id="309" dir="0" index="0" bw="58" slack="1"/>
<pin id="310" dir="1" index="1" bw="58" slack="1"/>
</pin_list>
<bind>
<opset="trunc_ln1 "/>
</bind>
</comp>

<comp id="313" class="1005" name="gmem4_addr_reg_313">
<pin_list>
<pin id="314" dir="0" index="0" bw="512" slack="3"/>
<pin id="315" dir="1" index="1" bw="512" slack="3"/>
</pin_list>
<bind>
<opset="gmem4_addr "/>
</bind>
</comp>

<comp id="318" class="1005" name="tmp_2_reg_318">
<pin_list>
<pin id="319" dir="0" index="0" bw="11" slack="1"/>
<pin id="320" dir="1" index="1" bw="11" slack="1"/>
</pin_list>
<bind>
<opset="tmp_2 "/>
</bind>
</comp>

</comp_list>

<net_list>
<net id="106"><net_src comp="38" pin="0"/><net_sink comp="102" pin=0"/></net>

<net id="107"><net_src comp="0" pin="0"/><net_sink comp="102" pin=1"/></net>

<net id="112"><net_src comp="60" pin="0"/><net_sink comp="108" pin=0"/></net>

<net id="113"><net_src comp="36" pin="0"/><net_sink comp="108" pin=1"/></net>

<net id="119"><net_src comp="68" pin="0"/><net_sink comp="114" pin=0"/></net>

<net id="120"><net_src comp="76" pin="0"/><net_sink comp="114" pin=0"/></net>

<net id="144"><net_src comp="74" pin="0"/><net_sink comp="121" pin=0"/></net>

<net id="145"><net_src comp="34" pin="0"/><net_sink comp="121" pin=2"/></net>

<net id="146"><net_src comp="2" pin="0"/><net_sink comp="121" pin=5"/></net>

<net id="147"><net_src comp="4" pin="0"/><net_sink comp="121" pin=6"/></net>

<net id="148"><net_src comp="6" pin="0"/><net_sink comp="121" pin=7"/></net>

<net id="149"><net_src comp="8" pin="0"/><net_sink comp="121" pin=8"/></net>

<net id="150"><net_src comp="10" pin="0"/><net_sink comp="121" pin=9"/></net>

<net id="151"><net_src comp="12" pin="0"/><net_sink comp="121" pin=10"/></net>

<net id="152"><net_src comp="14" pin="0"/><net_sink comp="121" pin=11"/></net>

<net id="153"><net_src comp="16" pin="0"/><net_sink comp="121" pin=12"/></net>

<net id="154"><net_src comp="18" pin="0"/><net_sink comp="121" pin=13"/></net>

<net id="155"><net_src comp="20" pin="0"/><net_sink comp="121" pin=14"/></net>

<net id="156"><net_src comp="22" pin="0"/><net_sink comp="121" pin=15"/></net>

<net id="157"><net_src comp="24" pin="0"/><net_sink comp="121" pin=16"/></net>

<net id="158"><net_src comp="26" pin="0"/><net_sink comp="121" pin=17"/></net>

<net id="159"><net_src comp="28" pin="0"/><net_sink comp="121" pin=18"/></net>

<net id="160"><net_src comp="30" pin="0"/><net_sink comp="121" pin=19"/></net>

<net id="161"><net_src comp="32" pin="0"/><net_sink comp="121" pin=20"/></net>

<net id="166"><net_src comp="102" pin="2"/><net_sink comp="162" pin=0"/></net>

<net id="167"><net_src comp="40" pin="0"/><net_sink comp="162" pin=1"/></net>

<net id="173"><net_src comp="42" pin="0"/><net_sink comp="168" pin=0"/></net>

<net id="174"><net_src comp="162" pin="2"/><net_sink comp="168" pin=1"/></net>

<net id="175"><net_src comp="44" pin="0"/><net_sink comp="168" pin=2"/></net>

<net id="180"><net_src comp="46" pin="0"/><net_sink comp="176" pin=0"/></net>

<net id="181"><net_src comp="102" pin="2"/><net_sink comp="176" pin=1"/></net>

<net id="188"><net_src comp="48" pin="0"/><net_sink comp="182" pin=0"/></net>

<net id="189"><net_src comp="176" pin="2"/><net_sink comp="182" pin=1"/></net>

<net id="190"><net_src comp="50" pin="0"/><net_sink comp="182" pin=2"/></net>

<net id="191"><net_src comp="44" pin="0"/><net_sink comp="182" pin=3"/></net>

<net id="195"><net_src comp="182" pin="4"/><net_sink comp="192" pin=0"/></net>

<net id="200"><net_src comp="52" pin="0"/><net_sink comp="196" pin=0"/></net>

<net id="201"><net_src comp="192" pin="1"/><net_sink comp="196" pin=1"/></net>

<net id="208"><net_src comp="48" pin="0"/><net_sink comp="202" pin=0"/></net>

<net id="209"><net_src comp="162" pin="2"/><net_sink comp="202" pin=1"/></net>

<net id="210"><net_src comp="50" pin="0"/><net_sink comp="202" pin=2"/></net>

<net id="211"><net_src comp="44" pin="0"/><net_sink comp="202" pin=3"/></net>

<net id="215"><net_src comp="202" pin="4"/><net_sink comp="212" pin=0"/></net>

<net id="221"><net_src comp="168" pin="3"/><net_sink comp="216" pin=0"/></net>

<net id="222"><net_src comp="196" pin="2"/><net_sink comp="216" pin=1"/></net>

<net id="223"><net_src comp="212" pin="1"/><net_sink comp="216" pin=2"/></net>

<net id="227"><net_src comp="216" pin="3"/><net_sink comp="224" pin=0"/></net>

<net id="232"><net_src comp="102" pin="2"/><net_sink comp="228" pin=0"/></net>

<net id="233"><net_src comp="54" pin="0"/><net_sink comp="228" pin=1"/></net>

<net id="237"><net_src comp="216" pin="3"/><net_sink comp="234" pin=0"/></net>

<net id="243"><net_src comp="228" pin="2"/><net_sink comp="238" pin=0"/></net>

<net id="244"><net_src comp="234" pin="1"/><net_sink comp="238" pin=1"/></net>

<net id="245"><net_src comp="56" pin="0"/><net_sink comp="238" pin=2"/></net>

<net id="250"><net_src comp="216" pin="3"/><net_sink comp="246" pin=0"/></net>

<net id="251"><net_src comp="52" pin="0"/><net_sink comp="246" pin=1"/></net>

<net id="257"><net_src comp="246" pin="2"/><net_sink comp="252" pin=0"/></net>

<net id="258"><net_src comp="224" pin="1"/><net_sink comp="252" pin=1"/></net>

<net id="259"><net_src comp="58" pin="0"/><net_sink comp="252" pin=2"/></net>

<net id="266"><net_src comp="62" pin="0"/><net_sink comp="260" pin=0"/></net>

<net id="267"><net_src comp="108" pin="2"/><net_sink comp="260" pin=1"/></net>

<net id="268"><net_src comp="64" pin="0"/><net_sink comp="260" pin=2"/></net>

<net id="269"><net_src comp="66" pin="0"/><net_sink comp="260" pin=3"/></net>

<net id="273"><net_src comp="260" pin="4"/><net_sink comp="270" pin=0"/></net>

<net id="278"><net_src comp="34" pin="0"/><net_sink comp="274" pin=0"/></net>

<net id="279"><net_src comp="270" pin="1"/><net_sink comp="274" pin=1"/></net>

<net id="280"><net_src comp="274" pin="2"/><net_sink comp="114" pin=1"/></net>

<net id="284"><net_src comp="281" pin="1"/><net_sink comp="114" pin=2"/></net>

<net id="290"><net_src comp="70" pin="0"/><net_sink comp="285" pin=0"/></net>

<net id="291"><net_src comp="72" pin="0"/><net_sink comp="285" pin=2"/></net>

<net id="292"><net_src comp="285" pin="3"/><net_sink comp="121" pin=1"/></net>

<net id="296"><net_src comp="102" pin="2"/><net_sink comp="293" pin=0"/></net>

<net id="297"><net_src comp="293" pin="1"/><net_sink comp="121" pin=4"/></net>

<net id="301"><net_src comp="238" pin="3"/><net_sink comp="298" pin=0"/></net>

<net id="302"><net_src comp="298" pin="1"/><net_sink comp="281" pin=0"/></net>

<net id="306"><net_src comp="252" pin="3"/><net_sink comp="303" pin=0"/></net>

<net id="307"><net_src comp="303" pin="1"/><net_sink comp="285" pin=1"/></net>

<net id="311"><net_src comp="260" pin="4"/><net_sink comp="308" pin=0"/></net>

<net id="312"><net_src comp="308" pin="1"/><net_sink comp="121" pin=3"/></net>

<net id="316"><net_src comp="274" pin="2"/><net_sink comp="313" pin=0"/></net>

<net id="317"><net_src comp="313" pin="1"/><net_sink comp="114" pin=1"/></net>

<net id="321"><net_src comp="285" pin="3"/><net_sink comp="318" pin=0"/></net>

<net id="322"><net_src comp="318" pin="1"/><net_sink comp="121" pin=1"/></net>

</net_list>

</model> 
---------------- Datapath Model END ------------------

* FSMD analyzer results:
  - Output states:
	Port: gmem4 | {2 3 4 5 6 7 8 9 }
 - Input state : 
	Port: reduce_and_write_packed : num_rows | {1 }
	Port: reduce_and_write_packed : y_partial_0 | {3 4 }
	Port: reduce_and_write_packed : y_partial_1 | {3 4 }
	Port: reduce_and_write_packed : y_partial_2 | {3 4 }
	Port: reduce_and_write_packed : y_partial_3 | {3 4 }
	Port: reduce_and_write_packed : y_partial_4 | {3 4 }
	Port: reduce_and_write_packed : y_partial_5 | {3 4 }
	Port: reduce_and_write_packed : y_partial_6 | {3 4 }
	Port: reduce_and_write_packed : y_partial_7 | {3 4 }
	Port: reduce_and_write_packed : y_partial_8 | {3 4 }
	Port: reduce_and_write_packed : y_partial_9 | {3 4 }
	Port: reduce_and_write_packed : y_partial_10 | {3 4 }
	Port: reduce_and_write_packed : y_partial_11 | {3 4 }
	Port: reduce_and_write_packed : y_partial_12 | {3 4 }
	Port: reduce_and_write_packed : y_partial_13 | {3 4 }
	Port: reduce_and_write_packed : y_partial_14 | {3 4 }
	Port: reduce_and_write_packed : y_partial_15 | {3 4 }
	Port: reduce_and_write_packed : y_out | {2 }
  - Chain level:
	State 1
		tmp_3 : 1
		tmp : 1
		zext_ln271 : 2
		sub_ln271_1 : 3
		tmp_1 : 1
		zext_ln271_1 : 2
		words : 4
		trunc_ln271 : 5
		empty : 5
		empty_79 : 6
		empty_81 : 5
		empty_82 : 6
	State 2
		sext_ln273 : 1
		gmem4_addr : 2
		empty_80 : 3
	State 3
		call_ln271 : 1
	State 4
	State 5
	State 6
	State 7
	State 8
	State 9


============================================================
+ Verbose Summary: Datapath Resource usage 
============================================================

* Functional unit list:
|----------|-------------------------------------------------------------------------------|---------|---------|---------|---------|
| Operation|                                Functional Unit                                |   DSP   |  Delay  |    FF   |   LUT   |
|----------|-------------------------------------------------------------------------------|---------|---------|---------|---------|
|   call   | grp_reduce_and_write_packed_Pipeline_VITIS_LOOP_273_1_VITIS_LOOP_277_2_fu_121 |    32   |  6.832  |   7167  |   5956  |
|----------|-------------------------------------------------------------------------------|---------|---------|---------|---------|
|   icmp   |                               icmp_ln273_fu_228                               |    0    |    0    |    0    |    39   |
|          |                                empty_81_fu_246                                |    0    |    0    |    0    |    36   |
|----------|-------------------------------------------------------------------------------|---------|---------|---------|---------|
|    sub   |                                sub_ln271_fu_176                               |    0    |    0    |    0    |    39   |
|          |                               sub_ln271_1_fu_196                              |    0    |    0    |    0    |    35   |
|----------|-------------------------------------------------------------------------------|---------|---------|---------|---------|
|          |                                  words_fu_216                                 |    0    |    0    |    0    |    29   |
|  select  |                                empty_79_fu_238                                |    0    |    0    |    0    |    28   |
|          |                                empty_82_fu_252                                |    0    |    0    |    0    |    7    |
|----------|-------------------------------------------------------------------------------|---------|---------|---------|---------|
|    add   |                                add_ln271_fu_162                               |    0    |    0    |    0    |    39   |
|----------|-------------------------------------------------------------------------------|---------|---------|---------|---------|
|   read   |                           num_rows_read_read_fu_102                           |    0    |    0    |    0    |    0    |
|          |                             y_out_read_read_fu_108                            |    0    |    0    |    0    |    0    |
|----------|-------------------------------------------------------------------------------|---------|---------|---------|---------|
| writeresp|                              grp_writeresp_fu_114                             |    0    |    0    |    0    |    0    |
|----------|-------------------------------------------------------------------------------|---------|---------|---------|---------|
| bitselect|                                  tmp_3_fu_168                                 |    0    |    0    |    0    |    0    |
|----------|-------------------------------------------------------------------------------|---------|---------|---------|---------|
|          |                                   tmp_fu_182                                  |    0    |    0    |    0    |    0    |
|partselect|                                  tmp_1_fu_202                                 |    0    |    0    |    0    |    0    |
|          |                                trunc_ln1_fu_260                               |    0    |    0    |    0    |    0    |
|----------|-------------------------------------------------------------------------------|---------|---------|---------|---------|
|          |                               zext_ln271_fu_192                               |    0    |    0    |    0    |    0    |
|   zext   |                              zext_ln271_1_fu_212                              |    0    |    0    |    0    |    0    |
|          |                               zext_ln273_fu_281                               |    0    |    0    |    0    |    0    |
|----------|-------------------------------------------------------------------------------|---------|---------|---------|---------|
|   trunc  |                               trunc_ln271_fu_224                              |    0    |    0    |    0    |    0    |
|          |                                  empty_fu_234                                 |    0    |    0    |    0    |    0    |
|----------|-------------------------------------------------------------------------------|---------|---------|---------|---------|
|   sext   |                               sext_ln273_fu_270                               |    0    |    0    |    0    |    0    |
|----------|-------------------------------------------------------------------------------|---------|---------|---------|---------|
|bitconcatenate|                                  tmp_2_fu_285                                 |    0    |    0    |    0    |    0    |
|----------|-------------------------------------------------------------------------------|---------|---------|---------|---------|
|   Total  |                                                                               |    32   |  6.832  |   7167  |   6208  |
|----------|-------------------------------------------------------------------------------|---------|---------|---------|---------|

Memories:
N/A

* Register list:
+---------------------+--------+
|                     |   FF   |
+---------------------+--------+
|   empty_79_reg_298  |   28   |
|   empty_82_reg_303  |    7   |
|  gmem4_addr_reg_313 |   512  |
|num_rows_read_reg_293|   32   |
|    tmp_2_reg_318    |   11   |
|  trunc_ln1_reg_308  |   58   |
+---------------------+--------+
|        Total        |   648  |
+---------------------+--------+

* Multiplexer (MUX) list: 
|-------------------------------------------------------------------------------|------|------|------|--------||---------||---------||---------|
|                                      Comp                                     |  Pin | Size |  BW  | S x BW ||  Delay  ||    FF   ||   LUT   |
|-------------------------------------------------------------------------------|------|------|------|--------||---------||---------||---------|
|                              grp_writeresp_fu_114                             |  p0  |   2  |   1  |    2   |
|                              grp_writeresp_fu_114                             |  p1  |   2  |  512 |  1024  ||    0    ||    9    |
| grp_reduce_and_write_packed_Pipeline_VITIS_LOOP_273_1_VITIS_LOOP_277_2_fu_121 |  p1  |   2  |  11  |   22   ||    0    ||    9    |
|-------------------------------------------------------------------------------|------|------|------|--------||---------||---------||---------|
|                                     Total                                     |      |      |      |  1048  ||  1.281  ||    0    ||    18   |
|-------------------------------------------------------------------------------|------|------|------|--------||---------||---------||---------|



* Summary:
+-----------+--------+--------+--------+--------+
|           |   DSP  |  Delay |   FF   |   LUT  |
+-----------+--------+--------+--------+--------+
|  Function |   32   |    6   |  7167  |  6208  |
|   Memory  |    -   |    -   |    -   |    -   |
|Multiplexer|    -   |    1   |    0   |   18   |
|  Register |    -   |    -   |   648  |    -   |
+-----------+--------+--------+--------+--------+
|   Total   |   32   |    8   |  7815  |  6226  |
+-----------+--------+--------+--------+--------+
