

================================================================
== Vitis HLS Report for 'reduce_and_write_packed'
================================================================
* Date:           Thu Apr 23 17:42:05 2026

* Version:        2024.2 (Build 5238294 on Nov  8 2024)
* Project:        spmv_csc
* Solution:       hls (Vivado IP Flow Target)
* Product family: zynquplus
* Target device:  xczu7ev-ffvc1156-2-e


================================================================
== Performance Estimates
================================================================
+ Timing: 
    * Summary: 
    +--------+---------+----------+------------+
    |  Clock |  Target | Estimated| Uncertainty|
    +--------+---------+----------+------------+
    |ap_clk  |  5.00 ns|  4.000 ns|     1.00 ns|
    +--------+---------+----------+------------+

+ Latency: 
    * Summary: 
    +---------+------------+-----------+------------+-----+------------+---------+
    |   Latency (cycles)   |   Latency (absolute)   |     Interval     | Pipeline|
    |   min   |     max    |    min    |     max    | min |     max    |   Type  |
    +---------+------------+-----------+------------+-----+------------+---------+
    |       10|  2147483772|  50.000 ns|  10.737 sec|   10|  2147483772|       no|
    +---------+------------+-----------+------------+-----+------------+---------+

    + Detail: 
        * Instance: 
        N/A

        * Loop: 
        N/A

============================================================
+ Verbose Summary: Synthesis Manager
============================================================
InlineROM: 1
ExposeGlobal: 0
============================================================
+ Verbose Summary: CDFG Model
============================================================
IsTopModel: 0
ResetActiveHigh: 1
IsCombinational: 0
IsDatapathOnly: 0
HasWiredReturn: 1
HasMFsm: 0
HasVarLatency: 1
IsPipeline: 0
IsRtlPipelined: 0
IsInstanceOverlapped: 0
IsDontTouch: 0
HasImplIP: 0
IsGatedGlobalClock: 0


============================================================
+ Verbose Summary: Schedule
============================================================
* Number of FSM states : 9
* Pipeline : 0
* Dataflow Pipeline: 0

* FSM state transitions: 
1 --> 2 
2 --> 3 
3 --> 4 
4 --> 5 
5 --> 6 
6 --> 7 
7 --> 8 
8 --> 9 
9 --> 

* FSM state operations: 

State 1 <SV = 0> <Delay = 3.69>
ST_1 : Operation 10 [1/1] (0.00ns)   --->   "%num_rows_read = read i32 @_ssdm_op_Read.ap_auto.i32, i32 %num_rows"   --->   Operation 10 'read' 'num_rows_read' <Predicate = true> <Delay = 0.00>
ST_1 : Operation 11 [1/1] (1.01ns)   --->   "%add_ln271 = add i32 %num_rows_read, i32 15" [../HLS/src/spmv_csc.cpp:271]   --->   Operation 11 'add' 'add_ln271' <Predicate = true> <Delay = 1.01> <CoreInst = "Adder">   --->   Core 1 'Adder' <Latency = 0> <II = 1> <Delay = 1.01> <FuncUnit> <Opcode : 'add' 'sub'> <InPorts = 2> <OutPorts = 1>
ST_1 : Operation 12 [1/1] (0.00ns)   --->   "%tmp_3 = bitselect i1 @_ssdm_op_BitSelect.i1.i32.i32, i32 %add_ln271, i32 31" [../HLS/src/spmv_csc.cpp:271]   --->   Operation 12 'bitselect' 'tmp_3' <Predicate = true> <Delay = 0.00>
ST_1 : Operation 13 [1/1] (1.01ns)   --->   "%sub_ln271 = sub i32 4294967281, i32 %num_rows_read" [../HLS/src/spmv_csc.cpp:271]   --->   Operation 13 'sub' 'sub_ln271' <Predicate = true> <Delay = 1.01> <CoreInst = "Adder">   --->   Core 1 'Adder' <Latency = 0> <II = 1> <Delay = 1.01> <FuncUnit> <Opcode : 'add' 'sub'> <InPorts = 2> <OutPorts = 1>
ST_1 : Operation 14 [1/1] (0.00ns)   --->   "%tmp = partselect i28 @_ssdm_op_PartSelect.i28.i32.i32.i32, i32 %sub_ln271, i32 4, i32 31" [../HLS/src/spmv_csc.cpp:271]   --->   Operation 14 'partselect' 'tmp' <Predicate = true> <Delay = 0.00>
ST_1 : Operation 15 [1/1] (0.00ns)   --->   "%zext_ln271 = zext i28 %tmp" [../HLS/src/spmv_csc.cpp:271]   --->   Operation 15 'zext' 'zext_ln271' <Predicate = true> <Delay = 0.00>
ST_1 : Operation 16 [1/1] (0.97ns)   --->   "%sub_ln271_1 = sub i29 0, i29 %zext_ln271" [../HLS/src/spmv_csc.cpp:271]   --->   Operation 16 'sub' 'sub_ln271_1' <Predicate = true> <Delay = 0.97> <CoreInst = "Adder">   --->   Core 1 'Adder' <Latency = 0> <II = 1> <Delay = 0.97> <FuncUnit> <Opcode : 'add' 'sub'> <InPorts = 2> <OutPorts = 1>
ST_1 : Operation 17 [1/1] (0.00ns)   --->   "%tmp_1 = partselect i28 @_ssdm_op_PartSelect.i28.i32.i32.i32, i32 %add_ln271, i32 4, i32 31" [../HLS/src/spmv_csc.cpp:271]   --->   Operation 17 'partselect' 'tmp_1' <Predicate = true> <Delay = 0.00>
ST_1 : Operation 18 [1/1] (0.00ns)   --->   "%zext_ln271_1 = zext i28 %tmp_1" [../HLS/src/spmv_csc.cpp:271]   --->   Operation 18 'zext' 'zext_ln271_1' <Predicate = true> <Delay = 0.00>
ST_1 : Operation 19 [1/1] (0.35ns)   --->   "%words = select i1 %tmp_3, i29 %sub_ln271_1, i29 %zext_ln271_1" [../HLS/src/spmv_csc.cpp:271]   --->   Operation 19 'select' 'words' <Predicate = true> <Delay = 0.35> <CoreInst = "Sel">   --->   Core 73 'Sel' <Latency = 0> <II = 1> <Delay = 0.35> <FuncUnit> <Opcode : 'select'> <InPorts = 3> <OutPorts = 1>
ST_1 : Operation 20 [1/1] (0.00ns)   --->   "%trunc_ln271 = trunc i29 %words" [../HLS/src/spmv_csc.cpp:271]   --->   Operation 20 'trunc' 'trunc_ln271' <Predicate = true> <Delay = 0.00>
ST_1 : Operation 21 [1/1] (1.01ns)   --->   "%icmp_ln273 = icmp_sgt  i32 %num_rows_read, i32 0" [../HLS/src/spmv_csc.cpp:273]   --->   Operation 21 'icmp' 'icmp_ln273' <Predicate = true> <Delay = 1.01> <CoreInst = "Cmp">   --->   Core 9 'Cmp' <Latency = 0> <II = 1> <Delay = 1.01> <FuncUnit> <Opcode : 'seteq' 'setne' 'setle' 'setge' 'setlt' 'setgt'> <InPorts = 2> <OutPorts = 1>
ST_1 : Operation 22 [1/1] (0.00ns)   --->   "%empty = trunc i29 %words" [../HLS/src/spmv_csc.cpp:271]   --->   Operation 22 'trunc' 'empty' <Predicate = true> <Delay = 0.00>
ST_1 : Operation 23 [1/1] (0.32ns)   --->   "%empty_79 = select i1 %icmp_ln273, i28 %empty, i28 0" [../HLS/src/spmv_csc.cpp:273]   --->   Operation 23 'select' 'empty_79' <Predicate = true> <Delay = 0.32> <CoreInst = "Sel">   --->   Core 73 'Sel' <Latency = 0> <II = 1> <Delay = 0.32> <FuncUnit> <Opcode : 'select'> <InPorts = 3> <OutPorts = 1>
ST_1 : Operation 24 [1/1] (0.98ns)   --->   "%empty_81 = icmp_sgt  i29 %words, i29 0" [../HLS/src/spmv_csc.cpp:271]   --->   Operation 24 'icmp' 'empty_81' <Predicate = true> <Delay = 0.98> <CoreInst = "Cmp">   --->   Core 9 'Cmp' <Latency = 0> <II = 1> <Delay = 0.98> <FuncUnit> <Opcode : 'seteq' 'setne' 'setle' 'setge' 'setlt' 'setgt'> <InPorts = 2> <OutPorts = 1>
ST_1 : Operation 25 [1/1] (0.36ns)   --->   "%empty_82 = select i1 %empty_81, i7 %trunc_ln271, i7 0" [../HLS/src/spmv_csc.cpp:271]   --->   Operation 25 'select' 'empty_82' <Predicate = true> <Delay = 0.36> <CoreInst = "Sel">   --->   Core 73 'Sel' <Latency = 0> <II = 1> <Delay = 0.36> <FuncUnit> <Opcode : 'select'> <InPorts = 3> <OutPorts = 1>

State 2 <SV = 1> <Delay = 4.00>
ST_2 : Operation 26 [1/1] (0.00ns)   --->   "%y_out_read = read i64 @_ssdm_op_Read.ap_auto.i64, i64 %y_out"   --->   Operation 26 'read' 'y_out_read' <Predicate = true> <Delay = 0.00>
ST_2 : Operation 27 [1/1] (0.00ns)   --->   "%trunc_ln1 = partselect i58 @_ssdm_op_PartSelect.i58.i64.i32.i32, i64 %y_out_read, i32 6, i32 63" [../HLS/src/spmv_csc.cpp:273]   --->   Operation 27 'partselect' 'trunc_ln1' <Predicate = true> <Delay = 0.00>
ST_2 : Operation 28 [1/1] (0.00ns)   --->   "%sext_ln273 = sext i58 %trunc_ln1" [../HLS/src/spmv_csc.cpp:273]   --->   Operation 28 'sext' 'sext_ln273' <Predicate = true> <Delay = 0.00>
ST_2 : Operation 29 [1/1] (0.00ns)   --->   "%gmem4_addr = getelementptr i512 %gmem4, i64 %sext_ln273" [../HLS/src/spmv_csc.cpp:273]   --->   Operation 29 'getelementptr' 'gmem4_addr' <Predicate = true> <Delay = 0.00>
ST_2 : Operation 30 [1/1] (0.00ns)   --->   "%zext_ln273 = zext i28 %empty_79" [../HLS/src/spmv_csc.cpp:273]   --->   Operation 30 'zext' 'zext_ln273' <Predicate = true> <Delay = 0.00>
ST_2 : Operation 31 [1/1] (4.00ns)   --->   "%empty_80 = writereq i1 @_ssdm_op_WriteReq.m_axi.p1i512, i512 %gmem4_addr, i64 %zext_ln273" [../HLS/src/spmv_csc.cpp:273]   --->   Operation 31 'writereq' 'empty_80' <Predicate = true> <Delay = 4.00> <CoreInst = "m_axi">   --->   Core 119 'm_axi' <Latency = 9> <II = 1> <Delay = 1.00> <Adapter> <Opcode : 'read' 'write' 'readreq' 'writereq' 'writeresp'>

State 3 <SV = 2> <Delay = 0.00>
ST_3 : Operation 32 [1/1] (0.00ns)   --->   "%tmp_2 = bitconcatenate i11 @_ssdm_op_BitConcatenate.i11.i7.i4, i7 %empty_82, i4 0" [../HLS/src/spmv_csc.cpp:271]   --->   Operation 32 'bitconcatenate' 'tmp_2' <Predicate = true> <Delay = 0.00>
ST_3 : Operation 33 [2/2] (0.00ns)   --->   "%call_ln271 = call void @reduce_and_write_packed_Pipeline_VITIS_LOOP_273_1_VITIS_LOOP_277_2, i11 %tmp_2, i512 %gmem4, i58 %trunc_ln1, i32 %num_rows_read, i32 %y_partial_0, i32 %y_partial_1, i32 %y_partial_2, i32 %y_partial_3, i32 %y_partial_4, i32 %y_partial_5, i32 %y_partial_6, i32 %y_partial_7, i32 %y_partial_8, i32 %y_partial_9, i32 %y_partial_10, i32 %y_partial_11, i32 %y_partial_12, i32 %y_partial_13, i32 %y_partial_14, i32 %y_partial_15" [../HLS/src/spmv_csc.cpp:271]   --->   Operation 33 'call' 'call_ln271' <Predicate = true> <Delay = 0.00> <CoreType = "Generic">   --->   Generic Core

State 4 <SV = 3> <Delay = 0.00>
ST_4 : Operation 34 [1/2] (0.00ns)   --->   "%call_ln271 = call void @reduce_and_write_packed_Pipeline_VITIS_LOOP_273_1_VITIS_LOOP_277_2, i11 %tmp_2, i512 %gmem4, i58 %trunc_ln1, i32 %num_rows_read, i32 %y_partial_0, i32 %y_partial_1, i32 %y_partial_2, i32 %y_partial_3, i32 %y_partial_4, i32 %y_partial_5, i32 %y_partial_6, i32 %y_partial_7, i32 %y_partial_8, i32 %y_partial_9, i32 %y_partial_10, i32 %y_partial_11, i32 %y_partial_12, i32 %y_partial_13, i32 %y_partial_14, i32 %y_partial_15" [../HLS/src/spmv_csc.cpp:271]   --->   Operation 34 'call' 'call_ln271' <Predicate = true> <Delay = 0.00> <CoreType = "Generic">   --->   Generic Core

State 5 <SV = 4> <Delay = 4.00>
ST_5 : Operation 35 [5/5] (4.00ns)   --->   "%empty_83 = writeresp i1 @_ssdm_op_WriteResp.m_axi.p1i512, i512 %gmem4_addr" [../HLS/src/spmv_csc.cpp:297]   --->   Operation 35 'writeresp' 'empty_83' <Predicate = true> <Delay = 4.00> <CoreInst = "m_axi">   --->   Core 119 'm_axi' <Latency = 3> <II = 1> <Delay = 1.00> <Adapter> <Opcode : 'read' 'write' 'readreq' 'writereq' 'writeresp'>

State 6 <SV = 5> <Delay = 4.00>
ST_6 : Operation 36 [4/5] (4.00ns)   --->   "%empty_83 = writeresp i1 @_ssdm_op_WriteResp.m_axi.p1i512, i512 %gmem4_addr" [../HLS/src/spmv_csc.cpp:297]   --->   Operation 36 'writeresp' 'empty_83' <Predicate = true> <Delay = 4.00> <CoreInst = "m_axi">   --->   Core 119 'm_axi' <Latency = 3> <II = 1> <Delay = 1.00> <Adapter> <Opcode : 'read' 'write' 'readreq' 'writereq' 'writeresp'>

State 7 <SV = 6> <Delay = 4.00>
ST_7 : Operation 37 [3/5] (4.00ns)   --->   "%empty_83 = writeresp i1 @_ssdm_op_WriteResp.m_axi.p1i512, i512 %gmem4_addr" [../HLS/src/spmv_csc.cpp:297]   --->   Operation 37 'writeresp' 'empty_83' <Predicate = true> <Delay = 4.00> <CoreInst = "m_axi">   --->   Core 119 'm_axi' <Latency = 3> <II = 1> <Delay = 1.00> <Adapter> <Opcode : 'read' 'write' 'readreq' 'writereq' 'writeresp'>

State 8 <SV = 7> <Delay = 4.00>
ST_8 : Operation 38 [2/5] (4.00ns)   --->   "%empty_83 = writeresp i1 @_ssdm_op_WriteResp.m_axi.p1i512, i512 %gmem4_addr" [../HLS/src/spmv_csc.cpp:297]   --->   Operation 38 'writeresp' 'empty_83' <Predicate = true> <Delay = 4.00> <CoreInst = "m_axi">   --->   Core 119 'm_axi' <Latency = 3> <II = 1> <Delay = 1.00> <Adapter> <Opcode : 'read' 'write' 'readreq' 'writereq' 'writeresp'>

State 9 <SV = 8> <Delay = 4.00>
ST_9 : Operation 39 [1/1] (0.00ns)   --->   "%specmemcore_ln0 = specmemcore void @_ssdm_op_SpecMemCore, i32 %y_partial_0, i64 666, i64 31, i64 18446744073709551615"   --->   Operation 39 'specmemcore' 'specmemcore_ln0' <Predicate = true> <Delay = 0.00>
ST_9 : Operation 40 [1/1] (0.00ns)   --->   "%specmemcore_ln0 = specmemcore void @_ssdm_op_SpecMemCore, i32 %y_partial_1, i64 666, i64 31, i64 18446744073709551615"   --->   Operation 40 'specmemcore' 'specmemcore_ln0' <Predicate = true> <Delay = 0.00>
ST_9 : Operation 41 [1/1] (0.00ns)   --->   "%specmemcore_ln0 = specmemcore void @_ssdm_op_SpecMemCore, i32 %y_partial_2, i64 666, i64 31, i64 18446744073709551615"   --->   Operation 41 'specmemcore' 'specmemcore_ln0' <Predicate = true> <Delay = 0.00>
ST_9 : Operation 42 [1/1] (0.00ns)   --->   "%specmemcore_ln0 = specmemcore void @_ssdm_op_SpecMemCore, i32 %y_partial_3, i64 666, i64 31, i64 18446744073709551615"   --->   Operation 42 'specmemcore' 'specmemcore_ln0' <Predicate = true> <Delay = 0.00>
ST_9 : Operation 43 [1/1] (0.00ns)   --->   "%specmemcore_ln0 = specmemcore void @_ssdm_op_SpecMemCore, i32 %y_partial_4, i64 666, i64 31, i64 18446744073709551615"   --->   Operation 43 'specmemcore' 'specmemcore_ln0' <Predicate = true> <Delay = 0.00>
ST_9 : Operation 44 [1/1] (0.00ns)   --->   "%specmemcore_ln0 = specmemcore void @_ssdm_op_SpecMemCore, i32 %y_partial_5, i64 666, i64 31, i64 18446744073709551615"   --->   Operation 44 'specmemcore' 'specmemcore_ln0' <Predicate = true> <Delay = 0.00>
ST_9 : Operation 45 [1/1] (0.00ns)   --->   "%specmemcore_ln0 = specmemcore void @_ssdm_op_SpecMemCore, i32 %y_partial_6, i64 666, i64 31, i64 18446744073709551615"   --->   Operation 45 'specmemcore' 'specmemcore_ln0' <Predicate = true> <Delay = 0.00>
ST_9 : Operation 46 [1/1] (0.00ns)   --->   "%specmemcore_ln0 = specmemcore void @_ssdm_op_SpecMemCore, i32 %y_partial_7, i64 666, i64 31, i64 18446744073709551615"   --->   Operation 46 'specmemcore' 'specmemcore_ln0' <Predicate = true> <Delay = 0.00>
ST_9 : Operation 47 [1/1] (0.00ns)   --->   "%specmemcore_ln0 = specmemcore void @_ssdm_op_SpecMemCore, i32 %y_partial_8, i64 666, i64 31, i64 18446744073709551615"   --->   Operation 47 'specmemcore' 'specmemcore_ln0' <Predicate = true> <Delay = 0.00>
ST_9 : Operation 48 [1/1] (0.00ns)   --->   "%specmemcore_ln0 = specmemcore void @_ssdm_op_SpecMemCore, i32 %y_partial_9, i64 666, i64 31, i64 18446744073709551615"   --->   Operation 48 'specmemcore' 'specmemcore_ln0' <Predicate = true> <Delay = 0.00>
ST_9 : Operation 49 [1/1] (0.00ns)   --->   "%specmemcore_ln0 = specmemcore void @_ssdm_op_SpecMemCore, i32 %y_partial_10, i64 666, i64 31, i64 18446744073709551615"   --->   Operation 49 'specmemcore' 'specmemcore_ln0' <Predicate = true> <Delay = 0.00>
ST_9 : Operation 50 [1/1] (0.00ns)   --->   "%specmemcore_ln0 = specmemcore void @_ssdm_op_SpecMemCore, i32 %y_partial_11, i64 666, i64 31, i64 18446744073709551615"   --->   Operation 50 'specmemcore' 'specmemcore_ln0' <Predicate = true> <Delay = 0.00>
ST_9 : Operation 51 [1/1] (0.00ns)   --->   "%specmemcore_ln0 = specmemcore void @_ssdm_op_SpecMemCore, i32 %y_partial_12, i64 666, i64 31, i64 18446744073709551615"   --->   Operation 51 'specmemcore' 'specmemcore_ln0' <Predicate = true> <Delay = 0.00>
ST_9 : Operation 52 [1/1] (0.00ns)   --->   "%specmemcore_ln0 = specmemcore void @_ssdm_op_SpecMemCore, i32 %y_partial_13, i64 666, i64 31, i64 18446744073709551615"   --->   Operation 52 'specmemcore' 'specmemcore_ln0' <Predicate = true> <Delay = 0.00>
ST_9 : Operation 53 [1/1] (0.00ns)   --->   "%specmemcore_ln0 = specmemcore void @_ssdm_op_SpecMemCore, i32 %y_partial_14, i64 666, i64 31, i64 18446744073709551615"   --->   Operation 53 'specmemcore' 'specmemcore_ln0' <Predicate = true> <Delay = 0.00>
ST_9 : Operation 54 [1/1] (0.00ns)   --->   "%specmemcore_ln0 = specmemcore void @_ssdm_op_SpecMemCore, i32 %y_partial_15, i64 666, i64 31, i64 18446744073709551615"   --->   Operation 54 'specmemcore' 'specmemcore_ln0' <Predicate = true> <Delay = 0.00>
ST_9 : Operation 55 [1/1] (0.00ns)   --->   "%specinterface_ln0 = specinterface void @_ssdm_op_SpecInterface, i512 %gmem4, void @empty_24, i32 0, i32 0, void @empty_25, i32 0, i32 64, void @empty_15, void @empty_0, void @empty_25, i32 16, i32 16, i32 16, i32 16, void @empty_25, void @empty_25, i32 4294967295, i32 0, i32 0"   --->   Operation 55 'specinterface' 'specinterface_ln0' <Predicate = true> <Delay = 0.00>
ST_9 : Operation 56 [1/5] (4.00ns)   --->   "%empty_83 = writeresp i1 @_ssdm_op_WriteResp.m_axi.p1i512, i512 %gmem4_addr" [../HLS/src/spmv_csc.cpp:297]   --->   Operation 56 'writeresp' 'empty_83' <Predicate = true> <Delay = 4.00> <CoreInst = "m_axi">   --->   Core 119 'm_axi' <Latency = 3> <II = 1> <Delay = 1.00> <Adapter> <Opcode : 'read' 'write' 'readreq' 'writereq' 'writeresp'>
ST_9 : Operation 57 [1/1] (0.00ns)   --->   "%ret_ln297 = ret" [../HLS/src/spmv_csc.cpp:297]   --->   Operation 57 'ret' 'ret_ln297' <Predicate = true> <Delay = 0.00>


============================================================
+ Verbose Summary: Timing violations
============================================================
Target clock period: 5.000ns, clock uncertainty: 1.000ns.

 <State 1>: 3.693ns
The critical path consists of the following:
	wire read operation ('num_rows_read') on port 'num_rows' [21]  (0.000 ns)
	'sub' operation 32 bit ('sub_ln271', ../HLS/src/spmv_csc.cpp:271) [41]  (1.016 ns)
	'sub' operation 29 bit ('sub_ln271_1', ../HLS/src/spmv_csc.cpp:271) [44]  (0.975 ns)
	'select' operation 29 bit ('words', ../HLS/src/spmv_csc.cpp:271) [47]  (0.356 ns)
	'icmp' operation 1 bit ('empty_81', ../HLS/src/spmv_csc.cpp:271) [57]  (0.985 ns)
	'select' operation 7 bit ('empty_82', ../HLS/src/spmv_csc.cpp:271) [58]  (0.360 ns)

 <State 2>: 4.000ns
The critical path consists of the following:
	wire read operation ('y_out_read') on port 'y_out' [20]  (0.000 ns)
	'getelementptr' operation 512 bit ('gmem4_addr', ../HLS/src/spmv_csc.cpp:273) [53]  (0.000 ns)
	bus request operation ('empty_80', ../HLS/src/spmv_csc.cpp:273) on port 'gmem4' (../HLS/src/spmv_csc.cpp:273) [56]  (4.000 ns)

 <State 3>: 0.000ns
The critical path consists of the following:

 <State 4>: 0.000ns
The critical path consists of the following:

 <State 5>: 4.000ns
The critical path consists of the following:
	bus response operation ('empty_83', ../HLS/src/spmv_csc.cpp:297) on port 'gmem4' (../HLS/src/spmv_csc.cpp:297) [61]  (4.000 ns)

 <State 6>: 4.000ns
The critical path consists of the following:
	bus response operation ('empty_83', ../HLS/src/spmv_csc.cpp:297) on port 'gmem4' (../HLS/src/spmv_csc.cpp:297) [61]  (4.000 ns)

 <State 7>: 4.000ns
The critical path consists of the following:
	bus response operation ('empty_83', ../HLS/src/spmv_csc.cpp:297) on port 'gmem4' (../HLS/src/spmv_csc.cpp:297) [61]  (4.000 ns)

 <State 8>: 4.000ns
The critical path consists of the following:
	bus response operation ('empty_83', ../HLS/src/spmv_csc.cpp:297) on port 'gmem4' (../HLS/src/spmv_csc.cpp:297) [61]  (4.000 ns)

 <State 9>: 4.000ns
The critical path consists of the following:
	bus response operation ('empty_83', ../HLS/src/spmv_csc.cpp:297) on port 'gmem4' (../HLS/src/spmv_csc.cpp:297) [61]  (4.000 ns)


============================================================
+ Verbose Summary: Binding
============================================================
N/A
* FSMD analyzer results:
  - Output states:
 - Input state : 
  - Chain level:
	State 1
	State 2
	State 3
	State 4
	State 5
	State 6
	State 7
	State 8
	State 9


============================================================
+ Verbose Summary: Datapath Resource usage 
============================================================
N/A
