

================================================================
== Vitis HLS Report for 'spmv_csc'
================================================================
* Date:           Thu Apr 23 17:42:05 2026

* Version:        2024.2 (Build 5238294 on Nov  8 2024)
* Project:        spmv_csc
* Solution:       hls (Vivado IP Flow Target)
* Product family: zynquplus
* Target device:  xczu7ev-ffvc1156-2-e


================================================================
== Performance Estimates
================================================================
+ Timing: 
    * Summary: 
    +--------+---------+----------+------------+
    |  Clock |  Target | Estimated| Uncertainty|
    +--------+---------+----------+------------+
    |ap_clk  |  5.00 ns|  7.520 ns|     1.00 ns|
    +--------+---------+----------+------------+

+ Latency: 
    * Summary: 
    +---------+---------+----------+----------+-----+-----+---------+
    |  Latency (cycles) |  Latency (absolute) |  Interval | Pipeline|
    |   min   |   max   |    min   |    max   | min | max |   Type  |
    +---------+---------+----------+----------+-----+-----+---------+
    |        ?|        ?|         ?|         ?|    ?|    ?|       no|
    +---------+---------+----------+----------+-----+-----+---------+

    + Detail: 
        * Instance: 
        N/A

        * Loop: 
        N/A

============================================================
+ Verbose Summary: Synthesis Manager
============================================================
InlineROM: 1
ExposeGlobal: 0
============================================================
+ Verbose Summary: CDFG Model
============================================================
IsTopModel: 1
ResetActiveHigh: 1
IsCombinational: 0
IsDatapathOnly: 0
HasWiredReturn: 1
HasMFsm: 0
HasVarLatency: 1
IsPipeline: 0
IsRtlPipelined: 0
IsInstanceOverlapped: 0
IsDontTouch: 0
HasImplIP: 0
IsGatedGlobalClock: 0


============================================================
+ Verbose Summary: Schedule
============================================================
* Number of FSM states : 5
* Pipeline : 0
* Dataflow Pipeline: 0

* FSM state transitions: 
1 --> 2 5 
2 --> 3 
3 --> 4 
4 --> 5 
5 --> 

* FSM state operations: 

State 1 <SV = 0> <Delay = 2.30>
ST_1 : Operation 6 [1/1] (0.00ns)   --->   "%spectopmodule_ln330 = spectopmodule void @_ssdm_op_SpecTopModule, void @empty_11" [../HLS/src/spmv_csc.cpp:330]   --->   Operation 6 'spectopmodule' 'spectopmodule_ln330' <Predicate = true> <Delay = 0.00>
ST_1 : Operation 7 [1/1] (0.00ns)   --->   "%specinterface_ln0 = specinterface void @_ssdm_op_SpecInterface, i512 %gmem0, void @empty_24, i32 0, i32 0, void @empty_25, i32 0, i32 12500, void @empty_13, void @empty_0, void @empty_25, i32 16, i32 16, i32 16, i32 16, void @empty_25, void @empty_25, i32 4294967295, i32 0, i32 0"   --->   Operation 7 'specinterface' 'specinterface_ln0' <Predicate = true> <Delay = 0.00>
ST_1 : Operation 8 [1/1] (0.00ns)   --->   "%specbitsmap_ln0 = specbitsmap void @_ssdm_op_SpecBitsMap, i512 %gmem0"   --->   Operation 8 'specbitsmap' 'specbitsmap_ln0' <Predicate = true> <Delay = 0.00>
ST_1 : Operation 9 [1/1] (0.00ns)   --->   "%specinterface_ln0 = specinterface void @_ssdm_op_SpecInterface, i32 %gmem1, void @empty_24, i32 0, i32 0, void @empty_25, i32 0, i32 1025, void @empty_26, void @empty_0, void @empty_25, i32 16, i32 16, i32 16, i32 16, void @empty_25, void @empty_25, i32 4294967295, i32 0, i32 0"   --->   Operation 9 'specinterface' 'specinterface_ln0' <Predicate = true> <Delay = 0.00>
ST_1 : Operation 10 [1/1] (0.00ns)   --->   "%specbitsmap_ln0 = specbitsmap void @_ssdm_op_SpecBitsMap, i32 %gmem1"   --->   Operation 10 'specbitsmap' 'specbitsmap_ln0' <Predicate = true> <Delay = 0.00>
ST_1 : Operation 11 [1/1] (0.00ns)   --->   "%specinterface_ln0 = specinterface void @_ssdm_op_SpecInterface, i512 %gmem2, void @empty_24, i32 0, i32 0, void @empty_25, i32 0, i32 12500, void @empty_27, void @empty_0, void @empty_25, i32 16, i32 16, i32 16, i32 16, void @empty_25, void @empty_25, i32 4294967295, i32 0, i32 0"   --->   Operation 11 'specinterface' 'specinterface_ln0' <Predicate = true> <Delay = 0.00>
ST_1 : Operation 12 [1/1] (0.00ns)   --->   "%specbitsmap_ln0 = specbitsmap void @_ssdm_op_SpecBitsMap, i512 %gmem2"   --->   Operation 12 'specbitsmap' 'specbitsmap_ln0' <Predicate = true> <Delay = 0.00>
ST_1 : Operation 13 [1/1] (0.00ns)   --->   "%specinterface_ln0 = specinterface void @_ssdm_op_SpecInterface, i32 %gmem3, void @empty_24, i32 0, i32 0, void @empty_25, i32 0, i32 1024, void @empty_10, void @empty_0, void @empty_25, i32 16, i32 16, i32 16, i32 16, void @empty_25, void @empty_25, i32 4294967295, i32 0, i32 0"   --->   Operation 13 'specinterface' 'specinterface_ln0' <Predicate = true> <Delay = 0.00>
ST_1 : Operation 14 [1/1] (0.00ns)   --->   "%specbitsmap_ln0 = specbitsmap void @_ssdm_op_SpecBitsMap, i32 %gmem3"   --->   Operation 14 'specbitsmap' 'specbitsmap_ln0' <Predicate = true> <Delay = 0.00>
ST_1 : Operation 15 [1/1] (0.00ns)   --->   "%specinterface_ln0 = specinterface void @_ssdm_op_SpecInterface, i512 %gmem4, void @empty_24, i32 0, i32 0, void @empty_25, i32 0, i32 64, void @empty_15, void @empty_0, void @empty_25, i32 16, i32 16, i32 16, i32 16, void @empty_25, void @empty_25, i32 4294967295, i32 0, i32 0"   --->   Operation 15 'specinterface' 'specinterface_ln0' <Predicate = true> <Delay = 0.00>
ST_1 : Operation 16 [1/1] (0.00ns)   --->   "%specbitsmap_ln0 = specbitsmap void @_ssdm_op_SpecBitsMap, i512 %gmem4"   --->   Operation 16 'specbitsmap' 'specbitsmap_ln0' <Predicate = true> <Delay = 0.00>
ST_1 : Operation 17 [1/1] (0.00ns)   --->   "%specbitsmap_ln0 = specbitsmap void @_ssdm_op_SpecBitsMap, i32 %num_rows"   --->   Operation 17 'specbitsmap' 'specbitsmap_ln0' <Predicate = true> <Delay = 0.00>
ST_1 : Operation 18 [1/1] (0.00ns)   --->   "%specinterface_ln0 = specinterface void @_ssdm_op_SpecInterface, i32 %num_rows, void @empty, i32 4294967295, i32 4294967295, void @empty_17, i32 0, i32 0, void @empty_18, void @empty_19, void @empty_25, i32 0, i32 0, i32 0, i32 0, void @empty_25, void @empty_25, i32 4294967295, i32 0, i32 0"   --->   Operation 18 'specinterface' 'specinterface_ln0' <Predicate = true> <Delay = 0.00>
ST_1 : Operation 19 [1/1] (0.00ns)   --->   "%specinterface_ln0 = specinterface void @_ssdm_op_SpecInterface, i32 %num_rows, void @empty_20, i32 4294967295, i32 4294967295, void @empty_25, i32 0, i32 0, void @empty_25, void @empty_25, void @empty_25, i32 0, i32 0, i32 0, i32 0, void @empty_25, void @empty_25, i32 4294967295, i32 0, i32 0"   --->   Operation 19 'specinterface' 'specinterface_ln0' <Predicate = true> <Delay = 0.00>
ST_1 : Operation 20 [1/1] (0.00ns)   --->   "%specbitsmap_ln0 = specbitsmap void @_ssdm_op_SpecBitsMap, i32 %num_cols"   --->   Operation 20 'specbitsmap' 'specbitsmap_ln0' <Predicate = true> <Delay = 0.00>
ST_1 : Operation 21 [1/1] (0.00ns)   --->   "%specinterface_ln0 = specinterface void @_ssdm_op_SpecInterface, i32 %num_cols, void @empty, i32 4294967295, i32 4294967295, void @empty_17, i32 0, i32 0, void @empty_18, void @empty_21, void @empty_25, i32 0, i32 0, i32 0, i32 0, void @empty_25, void @empty_25, i32 4294967295, i32 0, i32 0"   --->   Operation 21 'specinterface' 'specinterface_ln0' <Predicate = true> <Delay = 0.00>
ST_1 : Operation 22 [1/1] (0.00ns)   --->   "%specinterface_ln0 = specinterface void @_ssdm_op_SpecInterface, i32 %num_cols, void @empty_20, i32 4294967295, i32 4294967295, void @empty_25, i32 0, i32 0, void @empty_25, void @empty_25, void @empty_25, i32 0, i32 0, i32 0, i32 0, void @empty_25, void @empty_25, i32 4294967295, i32 0, i32 0"   --->   Operation 22 'specinterface' 'specinterface_ln0' <Predicate = true> <Delay = 0.00>
ST_1 : Operation 23 [1/1] (0.00ns)   --->   "%specbitsmap_ln0 = specbitsmap void @_ssdm_op_SpecBitsMap, i32 %nnz"   --->   Operation 23 'specbitsmap' 'specbitsmap_ln0' <Predicate = true> <Delay = 0.00>
ST_1 : Operation 24 [1/1] (0.00ns)   --->   "%specinterface_ln0 = specinterface void @_ssdm_op_SpecInterface, i32 %nnz, void @empty, i32 4294967295, i32 4294967295, void @empty_17, i32 0, i32 0, void @empty_18, void @empty_22, void @empty_25, i32 0, i32 0, i32 0, i32 0, void @empty_25, void @empty_25, i32 4294967295, i32 0, i32 0"   --->   Operation 24 'specinterface' 'specinterface_ln0' <Predicate = true> <Delay = 0.00>
ST_1 : Operation 25 [1/1] (0.00ns)   --->   "%specinterface_ln0 = specinterface void @_ssdm_op_SpecInterface, i32 %nnz, void @empty_20, i32 4294967295, i32 4294967295, void @empty_25, i32 0, i32 0, void @empty_25, void @empty_25, void @empty_25, i32 0, i32 0, i32 0, i32 0, void @empty_25, void @empty_25, i32 4294967295, i32 0, i32 0"   --->   Operation 25 'specinterface' 'specinterface_ln0' <Predicate = true> <Delay = 0.00>
ST_1 : Operation 26 [1/1] (0.00ns)   --->   "%specinterface_ln0 = specinterface void @_ssdm_op_SpecInterface, i64 %A_row_idx, void @empty, i32 4294967295, i32 4294967295, void @empty_17, i32 0, i32 0, void @empty_18, void @empty_23, void @empty_25, i32 0, i32 0, i32 0, i32 0, void @empty_25, void @empty_4, i32 4294967295, i32 0, i32 0"   --->   Operation 26 'specinterface' 'specinterface_ln0' <Predicate = true> <Delay = 0.00>
ST_1 : Operation 27 [1/1] (0.00ns)   --->   "%specinterface_ln0 = specinterface void @_ssdm_op_SpecInterface, i64 %A_row_idx, void @empty_20, i32 4294967295, i32 4294967295, void @empty_25, i32 0, i32 0, void @empty_25, void @empty_25, void @empty_25, i32 0, i32 0, i32 0, i32 0, void @empty_25, void @empty_4, i32 4294967295, i32 0, i32 0"   --->   Operation 27 'specinterface' 'specinterface_ln0' <Predicate = true> <Delay = 0.00>
ST_1 : Operation 28 [1/1] (0.00ns)   --->   "%specinterface_ln0 = specinterface void @_ssdm_op_SpecInterface, i64 %A_col_ptr, void @empty, i32 4294967295, i32 4294967295, void @empty_17, i32 0, i32 0, void @empty_18, void @empty_3, void @empty_25, i32 0, i32 0, i32 0, i32 0, void @empty_25, void @empty_4, i32 4294967295, i32 0, i32 0"   --->   Operation 28 'specinterface' 'specinterface_ln0' <Predicate = true> <Delay = 0.00>
ST_1 : Operation 29 [1/1] (0.00ns)   --->   "%specinterface_ln0 = specinterface void @_ssdm_op_SpecInterface, i64 %A_col_ptr, void @empty_20, i32 4294967295, i32 4294967295, void @empty_25, i32 0, i32 0, void @empty_25, void @empty_25, void @empty_25, i32 0, i32 0, i32 0, i32 0, void @empty_25, void @empty_4, i32 4294967295, i32 0, i32 0"   --->   Operation 29 'specinterface' 'specinterface_ln0' <Predicate = true> <Delay = 0.00>
ST_1 : Operation 30 [1/1] (0.00ns)   --->   "%specinterface_ln0 = specinterface void @_ssdm_op_SpecInterface, i64 %A_values, void @empty, i32 4294967295, i32 4294967295, void @empty_17, i32 0, i32 0, void @empty_18, void @empty_2, void @empty_25, i32 0, i32 0, i32 0, i32 0, void @empty_25, void @empty_4, i32 4294967295, i32 0, i32 0"   --->   Operation 30 'specinterface' 'specinterface_ln0' <Predicate = true> <Delay = 0.00>
ST_1 : Operation 31 [1/1] (0.00ns)   --->   "%specinterface_ln0 = specinterface void @_ssdm_op_SpecInterface, i64 %A_values, void @empty_20, i32 4294967295, i32 4294967295, void @empty_25, i32 0, i32 0, void @empty_25, void @empty_25, void @empty_25, i32 0, i32 0, i32 0, i32 0, void @empty_25, void @empty_4, i32 4294967295, i32 0, i32 0"   --->   Operation 31 'specinterface' 'specinterface_ln0' <Predicate = true> <Delay = 0.00>
ST_1 : Operation 32 [1/1] (0.00ns)   --->   "%specinterface_ln0 = specinterface void @_ssdm_op_SpecInterface, i64 %x, void @empty, i32 4294967295, i32 4294967295, void @empty_17, i32 0, i32 0, void @empty_18, void @empty_1, void @empty_25, i32 0, i32 0, i32 0, i32 0, void @empty_25, void @empty_4, i32 4294967295, i32 0, i32 0"   --->   Operation 32 'specinterface' 'specinterface_ln0' <Predicate = true> <Delay = 0.00>
ST_1 : Operation 33 [1/1] (0.00ns)   --->   "%specinterface_ln0 = specinterface void @_ssdm_op_SpecInterface, i64 %x, void @empty_20, i32 4294967295, i32 4294967295, void @empty_25, i32 0, i32 0, void @empty_25, void @empty_25, void @empty_25, i32 0, i32 0, i32 0, i32 0, void @empty_25, void @empty_4, i32 4294967295, i32 0, i32 0"   --->   Operation 33 'specinterface' 'specinterface_ln0' <Predicate = true> <Delay = 0.00>
ST_1 : Operation 34 [1/1] (0.00ns)   --->   "%specinterface_ln0 = specinterface void @_ssdm_op_SpecInterface, i64 %y, void @empty, i32 4294967295, i32 4294967295, void @empty_17, i32 0, i32 0, void @empty_18, void @empty_12, void @empty_25, i32 0, i32 0, i32 0, i32 0, void @empty_25, void @empty_4, i32 4294967295, i32 0, i32 0"   --->   Operation 34 'specinterface' 'specinterface_ln0' <Predicate = true> <Delay = 0.00>
ST_1 : Operation 35 [1/1] (0.00ns)   --->   "%specinterface_ln0 = specinterface void @_ssdm_op_SpecInterface, i64 %y, void @empty_20, i32 4294967295, i32 4294967295, void @empty_25, i32 0, i32 0, void @empty_25, void @empty_25, void @empty_25, i32 0, i32 0, i32 0, i32 0, void @empty_25, void @empty_4, i32 4294967295, i32 0, i32 0"   --->   Operation 35 'specinterface' 'specinterface_ln0' <Predicate = true> <Delay = 0.00>
ST_1 : Operation 36 [1/1] (0.00ns)   --->   "%specinterface_ln0 = specinterface void @_ssdm_op_SpecInterface, i32 0, void @empty, i32 0, i32 0, void @empty_25, i32 0, i32 0, void @empty_18, void @empty_25, void @empty_25, i32 0, i32 0, i32 0, i32 0, void @empty_25, void @empty_25, i32 4294967295, i32 0, i32 0"   --->   Operation 36 'specinterface' 'specinterface_ln0' <Predicate = true> <Delay = 0.00>
ST_1 : Operation 37 [1/1] (1.00ns)   --->   "%y_read = read i64 @_ssdm_op_Read.s_axilite.i64, i64 %y"   --->   Operation 37 'read' 'y_read' <Predicate = true> <Delay = 1.00> <CoreInst = "s_axilite">   --->   Core 120 's_axilite' <Latency = 0> <II = 1> <Delay = 1.00> <Adapter> <Opcode : 'read' 'write'>
ST_1 : Operation 38 [1/1] (1.00ns)   --->   "%x_read = read i64 @_ssdm_op_Read.s_axilite.i64, i64 %x"   --->   Operation 38 'read' 'x_read' <Predicate = true> <Delay = 1.00> <CoreInst = "s_axilite">   --->   Core 120 's_axilite' <Latency = 0> <II = 1> <Delay = 1.00> <Adapter> <Opcode : 'read' 'write'>
ST_1 : Operation 39 [1/1] (1.00ns)   --->   "%A_values_read = read i64 @_ssdm_op_Read.s_axilite.i64, i64 %A_values"   --->   Operation 39 'read' 'A_values_read' <Predicate = true> <Delay = 1.00> <CoreInst = "s_axilite">   --->   Core 120 's_axilite' <Latency = 0> <II = 1> <Delay = 1.00> <Adapter> <Opcode : 'read' 'write'>
ST_1 : Operation 40 [1/1] (1.00ns)   --->   "%A_col_ptr_read = read i64 @_ssdm_op_Read.s_axilite.i64, i64 %A_col_ptr"   --->   Operation 40 'read' 'A_col_ptr_read' <Predicate = true> <Delay = 1.00> <CoreInst = "s_axilite">   --->   Core 120 's_axilite' <Latency = 0> <II = 1> <Delay = 1.00> <Adapter> <Opcode : 'read' 'write'>
ST_1 : Operation 41 [1/1] (1.00ns)   --->   "%A_row_idx_read = read i64 @_ssdm_op_Read.s_axilite.i64, i64 %A_row_idx"   --->   Operation 41 'read' 'A_row_idx_read' <Predicate = true> <Delay = 1.00> <CoreInst = "s_axilite">   --->   Core 120 's_axilite' <Latency = 0> <II = 1> <Delay = 1.00> <Adapter> <Opcode : 'read' 'write'>
ST_1 : Operation 42 [1/1] (1.00ns)   --->   "%nnz_read = read i32 @_ssdm_op_Read.s_axilite.i32, i32 %nnz"   --->   Operation 42 'read' 'nnz_read' <Predicate = true> <Delay = 1.00> <CoreInst = "s_axilite">   --->   Core 120 's_axilite' <Latency = 0> <II = 1> <Delay = 1.00> <Adapter> <Opcode : 'read' 'write'>
ST_1 : Operation 43 [1/1] (1.00ns)   --->   "%num_cols_read = read i32 @_ssdm_op_Read.s_axilite.i32, i32 %num_cols"   --->   Operation 43 'read' 'num_cols_read' <Predicate = true> <Delay = 1.00> <CoreInst = "s_axilite">   --->   Core 120 's_axilite' <Latency = 0> <II = 1> <Delay = 1.00> <Adapter> <Opcode : 'read' 'write'>
ST_1 : Operation 44 [1/1] (1.00ns)   --->   "%num_rows_read = read i32 @_ssdm_op_Read.s_axilite.i32, i32 %num_rows"   --->   Operation 44 'read' 'num_rows_read' <Predicate = true> <Delay = 1.00> <CoreInst = "s_axilite">   --->   Core 120 's_axilite' <Latency = 0> <II = 1> <Delay = 1.00> <Adapter> <Opcode : 'read' 'write'>
ST_1 : Operation 45 [1/1] (0.00ns)   --->   "%y_partial = alloca i64 1" [../HLS/src/spmv_csc.cpp:360]   --->   Operation 45 'alloca' 'y_partial' <Predicate = true> <Delay = 0.00> <CoreInst = "RAM_T2P_URAM">   --->   Core 99 'RAM_T2P_URAM' <Latency = 1> <II = 1> <Delay = 1.23> <Storage> <Opcode : 'load' 'store'> <Ports = 2> <Width = 32> <Depth = 1024> <RAM>
ST_1 : Operation 46 [1/1] (0.00ns)   --->   "%y_partial_1 = alloca i64 1" [../HLS/src/spmv_csc.cpp:360]   --->   Operation 46 'alloca' 'y_partial_1' <Predicate = true> <Delay = 0.00> <CoreInst = "RAM_T2P_URAM">   --->   Core 99 'RAM_T2P_URAM' <Latency = 1> <II = 1> <Delay = 1.23> <Storage> <Opcode : 'load' 'store'> <Ports = 2> <Width = 32> <Depth = 1024> <RAM>
ST_1 : Operation 47 [1/1] (0.00ns)   --->   "%y_partial_2 = alloca i64 1" [../HLS/src/spmv_csc.cpp:360]   --->   Operation 47 'alloca' 'y_partial_2' <Predicate = true> <Delay = 0.00> <CoreInst = "RAM_T2P_URAM">   --->   Core 99 'RAM_T2P_URAM' <Latency = 1> <II = 1> <Delay = 1.23> <Storage> <Opcode : 'load' 'store'> <Ports = 2> <Width = 32> <Depth = 1024> <RAM>
ST_1 : Operation 48 [1/1] (0.00ns)   --->   "%y_partial_3 = alloca i64 1" [../HLS/src/spmv_csc.cpp:360]   --->   Operation 48 'alloca' 'y_partial_3' <Predicate = true> <Delay = 0.00> <CoreInst = "RAM_T2P_URAM">   --->   Core 99 'RAM_T2P_URAM' <Latency = 1> <II = 1> <Delay = 1.23> <Storage> <Opcode : 'load' 'store'> <Ports = 2> <Width = 32> <Depth = 1024> <RAM>
ST_1 : Operation 49 [1/1] (0.00ns)   --->   "%y_partial_4 = alloca i64 1" [../HLS/src/spmv_csc.cpp:360]   --->   Operation 49 'alloca' 'y_partial_4' <Predicate = true> <Delay = 0.00> <CoreInst = "RAM_T2P_URAM">   --->   Core 99 'RAM_T2P_URAM' <Latency = 1> <II = 1> <Delay = 1.23> <Storage> <Opcode : 'load' 'store'> <Ports = 2> <Width = 32> <Depth = 1024> <RAM>
ST_1 : Operation 50 [1/1] (0.00ns)   --->   "%y_partial_5 = alloca i64 1" [../HLS/src/spmv_csc.cpp:360]   --->   Operation 50 'alloca' 'y_partial_5' <Predicate = true> <Delay = 0.00> <CoreInst = "RAM_T2P_URAM">   --->   Core 99 'RAM_T2P_URAM' <Latency = 1> <II = 1> <Delay = 1.23> <Storage> <Opcode : 'load' 'store'> <Ports = 2> <Width = 32> <Depth = 1024> <RAM>
ST_1 : Operation 51 [1/1] (0.00ns)   --->   "%y_partial_6 = alloca i64 1" [../HLS/src/spmv_csc.cpp:360]   --->   Operation 51 'alloca' 'y_partial_6' <Predicate = true> <Delay = 0.00> <CoreInst = "RAM_T2P_URAM">   --->   Core 99 'RAM_T2P_URAM' <Latency = 1> <II = 1> <Delay = 1.23> <Storage> <Opcode : 'load' 'store'> <Ports = 2> <Width = 32> <Depth = 1024> <RAM>
ST_1 : Operation 52 [1/1] (0.00ns)   --->   "%y_partial_7 = alloca i64 1" [../HLS/src/spmv_csc.cpp:360]   --->   Operation 52 'alloca' 'y_partial_7' <Predicate = true> <Delay = 0.00> <CoreInst = "RAM_T2P_URAM">   --->   Core 99 'RAM_T2P_URAM' <Latency = 1> <II = 1> <Delay = 1.23> <Storage> <Opcode : 'load' 'store'> <Ports = 2> <Width = 32> <Depth = 1024> <RAM>
ST_1 : Operation 53 [1/1] (0.00ns)   --->   "%y_partial_8 = alloca i64 1" [../HLS/src/spmv_csc.cpp:360]   --->   Operation 53 'alloca' 'y_partial_8' <Predicate = true> <Delay = 0.00> <CoreInst = "RAM_T2P_URAM">   --->   Core 99 'RAM_T2P_URAM' <Latency = 1> <II = 1> <Delay = 1.23> <Storage> <Opcode : 'load' 'store'> <Ports = 2> <Width = 32> <Depth = 1024> <RAM>
ST_1 : Operation 54 [1/1] (0.00ns)   --->   "%y_partial_9 = alloca i64 1" [../HLS/src/spmv_csc.cpp:360]   --->   Operation 54 'alloca' 'y_partial_9' <Predicate = true> <Delay = 0.00> <CoreInst = "RAM_T2P_URAM">   --->   Core 99 'RAM_T2P_URAM' <Latency = 1> <II = 1> <Delay = 1.23> <Storage> <Opcode : 'load' 'store'> <Ports = 2> <Width = 32> <Depth = 1024> <RAM>
ST_1 : Operation 55 [1/1] (0.00ns)   --->   "%y_partial_10 = alloca i64 1" [../HLS/src/spmv_csc.cpp:360]   --->   Operation 55 'alloca' 'y_partial_10' <Predicate = true> <Delay = 0.00> <CoreInst = "RAM_T2P_URAM">   --->   Core 99 'RAM_T2P_URAM' <Latency = 1> <II = 1> <Delay = 1.23> <Storage> <Opcode : 'load' 'store'> <Ports = 2> <Width = 32> <Depth = 1024> <RAM>
ST_1 : Operation 56 [1/1] (0.00ns)   --->   "%y_partial_11 = alloca i64 1" [../HLS/src/spmv_csc.cpp:360]   --->   Operation 56 'alloca' 'y_partial_11' <Predicate = true> <Delay = 0.00> <CoreInst = "RAM_T2P_URAM">   --->   Core 99 'RAM_T2P_URAM' <Latency = 1> <II = 1> <Delay = 1.23> <Storage> <Opcode : 'load' 'store'> <Ports = 2> <Width = 32> <Depth = 1024> <RAM>
ST_1 : Operation 57 [1/1] (0.00ns)   --->   "%y_partial_12 = alloca i64 1" [../HLS/src/spmv_csc.cpp:360]   --->   Operation 57 'alloca' 'y_partial_12' <Predicate = true> <Delay = 0.00> <CoreInst = "RAM_T2P_URAM">   --->   Core 99 'RAM_T2P_URAM' <Latency = 1> <II = 1> <Delay = 1.23> <Storage> <Opcode : 'load' 'store'> <Ports = 2> <Width = 32> <Depth = 1024> <RAM>
ST_1 : Operation 58 [1/1] (0.00ns)   --->   "%y_partial_13 = alloca i64 1" [../HLS/src/spmv_csc.cpp:360]   --->   Operation 58 'alloca' 'y_partial_13' <Predicate = true> <Delay = 0.00> <CoreInst = "RAM_T2P_URAM">   --->   Core 99 'RAM_T2P_URAM' <Latency = 1> <II = 1> <Delay = 1.23> <Storage> <Opcode : 'load' 'store'> <Ports = 2> <Width = 32> <Depth = 1024> <RAM>
ST_1 : Operation 59 [1/1] (0.00ns)   --->   "%y_partial_14 = alloca i64 1" [../HLS/src/spmv_csc.cpp:360]   --->   Operation 59 'alloca' 'y_partial_14' <Predicate = true> <Delay = 0.00> <CoreInst = "RAM_T2P_URAM">   --->   Core 99 'RAM_T2P_URAM' <Latency = 1> <II = 1> <Delay = 1.23> <Storage> <Opcode : 'load' 'store'> <Ports = 2> <Width = 32> <Depth = 1024> <RAM>
ST_1 : Operation 60 [1/1] (0.00ns)   --->   "%y_partial_15 = alloca i64 1" [../HLS/src/spmv_csc.cpp:360]   --->   Operation 60 'alloca' 'y_partial_15' <Predicate = true> <Delay = 0.00> <CoreInst = "RAM_T2P_URAM">   --->   Core 99 'RAM_T2P_URAM' <Latency = 1> <II = 1> <Delay = 1.23> <Storage> <Opcode : 'load' 'store'> <Ports = 2> <Width = 32> <Depth = 1024> <RAM>
ST_1 : Operation 61 [1/1] (1.01ns)   --->   "%icmp_ln355 = icmp_sgt  i32 %num_rows_read, i32 1024" [../HLS/src/spmv_csc.cpp:355]   --->   Operation 61 'icmp' 'icmp_ln355' <Predicate = true> <Delay = 1.01> <CoreInst = "Cmp">   --->   Core 9 'Cmp' <Latency = 0> <II = 1> <Delay = 1.01> <FuncUnit> <Opcode : 'seteq' 'setne' 'setle' 'setge' 'setlt' 'setgt'> <InPorts = 2> <OutPorts = 1>
ST_1 : Operation 62 [1/1] (1.01ns)   --->   "%icmp_ln355_1 = icmp_sgt  i32 %num_cols_read, i32 1024" [../HLS/src/spmv_csc.cpp:355]   --->   Operation 62 'icmp' 'icmp_ln355_1' <Predicate = true> <Delay = 1.01> <CoreInst = "Cmp">   --->   Core 9 'Cmp' <Latency = 0> <II = 1> <Delay = 1.01> <FuncUnit> <Opcode : 'seteq' 'setne' 'setle' 'setge' 'setlt' 'setgt'> <InPorts = 2> <OutPorts = 1>
ST_1 : Operation 63 [1/1] (0.28ns)   --->   "%or_ln355 = or i1 %icmp_ln355, i1 %icmp_ln355_1" [../HLS/src/spmv_csc.cpp:355]   --->   Operation 63 'or' 'or_ln355' <Predicate = true> <Delay = 0.28> <CoreInst = "LogicGate">   --->   Core 74 'LogicGate' <Latency = 0> <II = 1> <Delay = 0.28> <FuncUnit> <Opcode : 'and' 'or' 'xor'> <InPorts = 2> <OutPorts = 1>
ST_1 : Operation 64 [1/1] (0.00ns)   --->   "%br_ln355 = br i1 %or_ln355, void %if.end, void %return" [../HLS/src/spmv_csc.cpp:355]   --->   Operation 64 'br' 'br_ln355' <Predicate = true> <Delay = 0.00>

State 2 <SV = 1> <Delay = 4.00>
ST_2 : Operation 65 [2/2] (4.00ns)   --->   "%call_ln364 = call void @spmv_csc_dataflow, i32 %num_rows_read, i32 %num_cols_read, i32 %nnz_read, i512 %gmem0, i64 %A_row_idx_read, i32 %gmem1, i64 %A_col_ptr_read, i512 %gmem2, i64 %A_values_read, i32 %gmem3, i64 %x_read, i32 %y_partial, i32 %y_partial_1, i32 %y_partial_2, i32 %y_partial_3, i32 %y_partial_4, i32 %y_partial_5, i32 %y_partial_6, i32 %y_partial_7, i32 %y_partial_8, i32 %y_partial_9, i32 %y_partial_10, i32 %y_partial_11, i32 %y_partial_12, i32 %y_partial_13, i32 %y_partial_14, i32 %y_partial_15" [../HLS/src/spmv_csc.cpp:364]   --->   Operation 65 'call' 'call_ln364' <Predicate = true> <Delay = 4.00> <CoreType = "Generic">   --->   Generic Core

State 3 <SV = 2> <Delay = 0.00>
ST_3 : Operation 66 [1/2] (0.00ns)   --->   "%call_ln364 = call void @spmv_csc_dataflow, i32 %num_rows_read, i32 %num_cols_read, i32 %nnz_read, i512 %gmem0, i64 %A_row_idx_read, i32 %gmem1, i64 %A_col_ptr_read, i512 %gmem2, i64 %A_values_read, i32 %gmem3, i64 %x_read, i32 %y_partial, i32 %y_partial_1, i32 %y_partial_2, i32 %y_partial_3, i32 %y_partial_4, i32 %y_partial_5, i32 %y_partial_6, i32 %y_partial_7, i32 %y_partial_8, i32 %y_partial_9, i32 %y_partial_10, i32 %y_partial_11, i32 %y_partial_12, i32 %y_partial_13, i32 %y_partial_14, i32 %y_partial_15" [../HLS/src/spmv_csc.cpp:364]   --->   Operation 66 'call' 'call_ln364' <Predicate = true> <Delay = 0.00> <CoreType = "Generic">   --->   Generic Core

State 4 <SV = 3> <Delay = 4.00>
ST_4 : Operation 67 [2/2] (4.00ns)   --->   "%call_ln366 = call void @reduce_and_write_packed, i32 %num_rows_read, i32 %y_partial, i32 %y_partial_1, i32 %y_partial_2, i32 %y_partial_3, i32 %y_partial_4, i32 %y_partial_5, i32 %y_partial_6, i32 %y_partial_7, i32 %y_partial_8, i32 %y_partial_9, i32 %y_partial_10, i32 %y_partial_11, i32 %y_partial_12, i32 %y_partial_13, i32 %y_partial_14, i32 %y_partial_15, i512 %gmem4, i64 %y_read" [../HLS/src/spmv_csc.cpp:366]   --->   Operation 67 'call' 'call_ln366' <Predicate = true> <Delay = 4.00> <CoreType = "Generic">   --->   Generic Core

State 5 <SV = 4> <Delay = 0.00>
ST_5 : Operation 68 [1/1] (0.00ns)   --->   "%specmemcore_ln362 = specmemcore void @_ssdm_op_SpecMemCore, i32 %y_partial_15, i64 666, i64 31, i64 18446744073709551615" [../HLS/src/spmv_csc.cpp:362]   --->   Operation 68 'specmemcore' 'specmemcore_ln362' <Predicate = (!or_ln355)> <Delay = 0.00>
ST_5 : Operation 69 [1/1] (0.00ns)   --->   "%specmemcore_ln362 = specmemcore void @_ssdm_op_SpecMemCore, i32 %y_partial_14, i64 666, i64 31, i64 18446744073709551615" [../HLS/src/spmv_csc.cpp:362]   --->   Operation 69 'specmemcore' 'specmemcore_ln362' <Predicate = (!or_ln355)> <Delay = 0.00>
ST_5 : Operation 70 [1/1] (0.00ns)   --->   "%specmemcore_ln362 = specmemcore void @_ssdm_op_SpecMemCore, i32 %y_partial_13, i64 666, i64 31, i64 18446744073709551615" [../HLS/src/spmv_csc.cpp:362]   --->   Operation 70 'specmemcore' 'specmemcore_ln362' <Predicate = (!or_ln355)> <Delay = 0.00>
ST_5 : Operation 71 [1/1] (0.00ns)   --->   "%specmemcore_ln362 = specmemcore void @_ssdm_op_SpecMemCore, i32 %y_partial_12, i64 666, i64 31, i64 18446744073709551615" [../HLS/src/spmv_csc.cpp:362]   --->   Operation 71 'specmemcore' 'specmemcore_ln362' <Predicate = (!or_ln355)> <Delay = 0.00>
ST_5 : Operation 72 [1/1] (0.00ns)   --->   "%specmemcore_ln362 = specmemcore void @_ssdm_op_SpecMemCore, i32 %y_partial_11, i64 666, i64 31, i64 18446744073709551615" [../HLS/src/spmv_csc.cpp:362]   --->   Operation 72 'specmemcore' 'specmemcore_ln362' <Predicate = (!or_ln355)> <Delay = 0.00>
ST_5 : Operation 73 [1/1] (0.00ns)   --->   "%specmemcore_ln362 = specmemcore void @_ssdm_op_SpecMemCore, i32 %y_partial_10, i64 666, i64 31, i64 18446744073709551615" [../HLS/src/spmv_csc.cpp:362]   --->   Operation 73 'specmemcore' 'specmemcore_ln362' <Predicate = (!or_ln355)> <Delay = 0.00>
ST_5 : Operation 74 [1/1] (0.00ns)   --->   "%specmemcore_ln362 = specmemcore void @_ssdm_op_SpecMemCore, i32 %y_partial_9, i64 666, i64 31, i64 18446744073709551615" [../HLS/src/spmv_csc.cpp:362]   --->   Operation 74 'specmemcore' 'specmemcore_ln362' <Predicate = (!or_ln355)> <Delay = 0.00>
ST_5 : Operation 75 [1/1] (0.00ns)   --->   "%specmemcore_ln362 = specmemcore void @_ssdm_op_SpecMemCore, i32 %y_partial_8, i64 666, i64 31, i64 18446744073709551615" [../HLS/src/spmv_csc.cpp:362]   --->   Operation 75 'specmemcore' 'specmemcore_ln362' <Predicate = (!or_ln355)> <Delay = 0.00>
ST_5 : Operation 76 [1/1] (0.00ns)   --->   "%specmemcore_ln362 = specmemcore void @_ssdm_op_SpecMemCore, i32 %y_partial_7, i64 666, i64 31, i64 18446744073709551615" [../HLS/src/spmv_csc.cpp:362]   --->   Operation 76 'specmemcore' 'specmemcore_ln362' <Predicate = (!or_ln355)> <Delay = 0.00>
ST_5 : Operation 77 [1/1] (0.00ns)   --->   "%specmemcore_ln362 = specmemcore void @_ssdm_op_SpecMemCore, i32 %y_partial_6, i64 666, i64 31, i64 18446744073709551615" [../HLS/src/spmv_csc.cpp:362]   --->   Operation 77 'specmemcore' 'specmemcore_ln362' <Predicate = (!or_ln355)> <Delay = 0.00>
ST_5 : Operation 78 [1/1] (0.00ns)   --->   "%specmemcore_ln362 = specmemcore void @_ssdm_op_SpecMemCore, i32 %y_partial_5, i64 666, i64 31, i64 18446744073709551615" [../HLS/src/spmv_csc.cpp:362]   --->   Operation 78 'specmemcore' 'specmemcore_ln362' <Predicate = (!or_ln355)> <Delay = 0.00>
ST_5 : Operation 79 [1/1] (0.00ns)   --->   "%specmemcore_ln362 = specmemcore void @_ssdm_op_SpecMemCore, i32 %y_partial_4, i64 666, i64 31, i64 18446744073709551615" [../HLS/src/spmv_csc.cpp:362]   --->   Operation 79 'specmemcore' 'specmemcore_ln362' <Predicate = (!or_ln355)> <Delay = 0.00>
ST_5 : Operation 80 [1/1] (0.00ns)   --->   "%specmemcore_ln362 = specmemcore void @_ssdm_op_SpecMemCore, i32 %y_partial_3, i64 666, i64 31, i64 18446744073709551615" [../HLS/src/spmv_csc.cpp:362]   --->   Operation 80 'specmemcore' 'specmemcore_ln362' <Predicate = (!or_ln355)> <Delay = 0.00>
ST_5 : Operation 81 [1/1] (0.00ns)   --->   "%specmemcore_ln362 = specmemcore void @_ssdm_op_SpecMemCore, i32 %y_partial_2, i64 666, i64 31, i64 18446744073709551615" [../HLS/src/spmv_csc.cpp:362]   --->   Operation 81 'specmemcore' 'specmemcore_ln362' <Predicate = (!or_ln355)> <Delay = 0.00>
ST_5 : Operation 82 [1/1] (0.00ns)   --->   "%specmemcore_ln362 = specmemcore void @_ssdm_op_SpecMemCore, i32 %y_partial_1, i64 666, i64 31, i64 18446744073709551615" [../HLS/src/spmv_csc.cpp:362]   --->   Operation 82 'specmemcore' 'specmemcore_ln362' <Predicate = (!or_ln355)> <Delay = 0.00>
ST_5 : Operation 83 [1/1] (0.00ns)   --->   "%specmemcore_ln362 = specmemcore void @_ssdm_op_SpecMemCore, i32 %y_partial, i64 666, i64 31, i64 18446744073709551615" [../HLS/src/spmv_csc.cpp:362]   --->   Operation 83 'specmemcore' 'specmemcore_ln362' <Predicate = (!or_ln355)> <Delay = 0.00>
ST_5 : Operation 84 [1/2] (0.00ns)   --->   "%call_ln366 = call void @reduce_and_write_packed, i32 %num_rows_read, i32 %y_partial, i32 %y_partial_1, i32 %y_partial_2, i32 %y_partial_3, i32 %y_partial_4, i32 %y_partial_5, i32 %y_partial_6, i32 %y_partial_7, i32 %y_partial_8, i32 %y_partial_9, i32 %y_partial_10, i32 %y_partial_11, i32 %y_partial_12, i32 %y_partial_13, i32 %y_partial_14, i32 %y_partial_15, i512 %gmem4, i64 %y_read" [../HLS/src/spmv_csc.cpp:366]   --->   Operation 84 'call' 'call_ln366' <Predicate = (!or_ln355)> <Delay = 0.00> <CoreType = "Generic">   --->   Generic Core
ST_5 : Operation 85 [1/1] (0.00ns)   --->   "%br_ln367 = br void %return" [../HLS/src/spmv_csc.cpp:367]   --->   Operation 85 'br' 'br_ln367' <Predicate = (!or_ln355)> <Delay = 0.00>
ST_5 : Operation 86 [1/1] (0.00ns)   --->   "%ret_ln367 = ret" [../HLS/src/spmv_csc.cpp:367]   --->   Operation 86 'ret' 'ret_ln367' <Predicate = true> <Delay = 0.00>


============================================================
+ Verbose Summary: Timing violations
============================================================
Target clock period: 5.000ns, clock uncertainty: 1.000ns.

 <State 1>: 2.303ns
The critical path consists of the following:
	s_axi read operation ('num_cols_read') on port 'num_cols' [51]  (1.000 ns)
	'icmp' operation 1 bit ('icmp_ln355_1', ../HLS/src/spmv_csc.cpp:355) [70]  (1.016 ns)
	'or' operation 1 bit ('or_ln355', ../HLS/src/spmv_csc.cpp:355) [71]  (0.287 ns)

 <State 2>: 4.000ns
The critical path consists of the following:
	'call' operation 0 bit ('call_ln364', ../HLS/src/spmv_csc.cpp:364) to 'spmv_csc_dataflow' [90]  (4.000 ns)

 <State 3>: 0.000ns
The critical path consists of the following:

 <State 4>: 4.000ns
The critical path consists of the following:
	'call' operation 0 bit ('call_ln366', ../HLS/src/spmv_csc.cpp:366) to 'reduce_and_write_packed' [91]  (4.000 ns)

 <State 5>: 0.000ns
The critical path consists of the following:


============================================================
+ Verbose Summary: Binding
============================================================
N/A
* FSMD analyzer results:
  - Output states:
 - Input state : 
  - Chain level:
	State 1
	State 2
	State 3
	State 4
	State 5


============================================================
+ Verbose Summary: Datapath Resource usage 
============================================================
N/A
