

================================================================
== Vitis HLS Report for 'spmv_csc_dataflow'
================================================================
* Date:           Thu Apr 23 17:42:04 2026

* Version:        2024.2 (Build 5238294 on Nov  8 2024)
* Project:        spmv_csc
* Solution:       hls (Vivado IP Flow Target)
* Product family: zynquplus
* Target device:  xczu7ev-ffvc1156-2-e


================================================================
== Performance Estimates
================================================================
+ Timing: 
    * Summary: 
    +--------+---------+----------+------------+
    |  Clock |  Target | Estimated| Uncertainty|
    +--------+---------+----------+------------+
    |ap_clk  |  5.00 ns|  7.520 ns|     1.00 ns|
    +--------+---------+----------+------------+

+ Latency: 
    * Summary: 
    +---------+---------+----------+----------+-----+-----+----------+
    |  Latency (cycles) |  Latency (absolute) |  Interval | Pipeline |
    |   min   |   max   |    min   |    max   | min | max |   Type   |
    +---------+---------+----------+----------+-----+-----+----------+
    |        ?|        ?|         ?|         ?|    ?|    ?|  dataflow|
    +---------+---------+----------+----------+-----+-----+----------+

    + Detail: 
        * Instance: 
        N/A

        * Loop: 
        N/A

============================================================
+ Verbose Summary: Synthesis Manager
============================================================
InlineROM: 1
ExposeGlobal: 0
============================================================
+ Verbose Summary: CDFG Model
============================================================
IsTopModel: 0
ResetActiveHigh: 1
IsCombinational: 2
IsDatapathOnly: 0
HasWiredReturn: 1
HasMFsm: 0
HasVarLatency: 1
IsPipeline: 0
IsRtlPipelined: 0
IsInstanceOverlapped: 0
IsDontTouch: 0
HasImplIP: 0
IsGatedGlobalClock: 0


============================================================
+ Verbose Summary: Schedule
============================================================
* Number of FSM states : 6
* Pipeline : 0
* Dataflow Pipeline: 1
  DF-Pipeline-0: Size = 6, States = { 1 2 3 4 5 6 }

* FSM state transitions: 
1 --> 2 
2 --> 3 
3 --> 4 
4 --> 5 
5 --> 6 
6 --> 

* FSM state operations: 

State 1 <SV = 0> <Delay = 4.00>
ST_1 : Operation 7 [1/1] (0.00ns)   --->   "%x_read = read i64 @_ssdm_op_Read.ap_auto.i64, i64 %x" [../HLS/src/spmv_csc.cpp:318]   --->   Operation 7 'read' 'x_read' <Predicate = true> <Delay = 0.00>
ST_1 : Operation 8 [1/1] (0.00ns)   --->   "%A_values_read = read i64 @_ssdm_op_Read.ap_auto.i64, i64 %A_values" [../HLS/src/spmv_csc.cpp:318]   --->   Operation 8 'read' 'A_values_read' <Predicate = true> <Delay = 0.00>
ST_1 : Operation 9 [1/1] (0.00ns)   --->   "%A_col_ptr_read = read i64 @_ssdm_op_Read.ap_auto.i64, i64 %A_col_ptr" [../HLS/src/spmv_csc.cpp:318]   --->   Operation 9 'read' 'A_col_ptr_read' <Predicate = true> <Delay = 0.00>
ST_1 : Operation 10 [1/1] (0.00ns)   --->   "%A_row_idx_read = read i64 @_ssdm_op_Read.ap_auto.i64, i64 %A_row_idx" [../HLS/src/spmv_csc.cpp:318]   --->   Operation 10 'read' 'A_row_idx_read' <Predicate = true> <Delay = 0.00>
ST_1 : Operation 11 [1/1] (0.00ns)   --->   "%nnz_read = read i32 @_ssdm_op_Read.ap_auto.i32, i32 %nnz" [../HLS/src/spmv_csc.cpp:318]   --->   Operation 11 'read' 'nnz_read' <Predicate = true> <Delay = 0.00>
ST_1 : Operation 12 [1/1] (0.00ns)   --->   "%num_cols_read = read i32 @_ssdm_op_Read.ap_auto.i32, i32 %num_cols" [../HLS/src/spmv_csc.cpp:318]   --->   Operation 12 'read' 'num_cols_read' <Predicate = true> <Delay = 0.00>
ST_1 : Operation 13 [1/1] (0.00ns)   --->   "%nnz_c = alloca i64 1" [../HLS/src/spmv_csc.cpp:318]   --->   Operation 13 'alloca' 'nnz_c' <Predicate = true> <Delay = 0.00> <CoreInst = "FIFO_SRL">   --->   Core 80 'FIFO_SRL' <Latency = 0> <II = 1> <Delay = 1.83> <Storage> <Opcode : 'read' 'write' 'nbread' 'nbwrite'> <Ports = 0> <Width = 32> <Depth = 2> <FIFO>
ST_1 : Operation 14 [1/1] (0.00ns)   --->   "%num_rows_c16 = alloca i64 1" [../HLS/src/spmv_csc.cpp:318]   --->   Operation 14 'alloca' 'num_rows_c16' <Predicate = true> <Delay = 0.00> <CoreInst = "FIFO_SRL">   --->   Core 80 'FIFO_SRL' <Latency = 0> <II = 1> <Delay = 1.83> <Storage> <Opcode : 'read' 'write' 'nbread' 'nbwrite'> <Ports = 0> <Width = 32> <Depth = 4> <FIFO>
ST_1 : Operation 15 [1/1] (0.00ns)   --->   "%num_rows_c15 = alloca i64 1" [../HLS/src/spmv_csc.cpp:318]   --->   Operation 15 'alloca' 'num_rows_c15' <Predicate = true> <Delay = 0.00> <CoreInst = "FIFO_SRL">   --->   Core 80 'FIFO_SRL' <Latency = 0> <II = 1> <Delay = 1.83> <Storage> <Opcode : 'read' 'write' 'nbread' 'nbwrite'> <Ports = 0> <Width = 32> <Depth = 4> <FIFO>
ST_1 : Operation 16 [1/1] (0.00ns)   --->   "%num_rows_c14 = alloca i64 1" [../HLS/src/spmv_csc.cpp:318]   --->   Operation 16 'alloca' 'num_rows_c14' <Predicate = true> <Delay = 0.00> <CoreInst = "FIFO_SRL">   --->   Core 80 'FIFO_SRL' <Latency = 0> <II = 1> <Delay = 1.83> <Storage> <Opcode : 'read' 'write' 'nbread' 'nbwrite'> <Ports = 0> <Width = 32> <Depth = 4> <FIFO>
ST_1 : Operation 17 [1/1] (0.00ns)   --->   "%num_rows_c13 = alloca i64 1" [../HLS/src/spmv_csc.cpp:318]   --->   Operation 17 'alloca' 'num_rows_c13' <Predicate = true> <Delay = 0.00> <CoreInst = "FIFO_SRL">   --->   Core 80 'FIFO_SRL' <Latency = 0> <II = 1> <Delay = 1.83> <Storage> <Opcode : 'read' 'write' 'nbread' 'nbwrite'> <Ports = 0> <Width = 32> <Depth = 4> <FIFO>
ST_1 : Operation 18 [1/1] (0.00ns)   --->   "%num_rows_c12 = alloca i64 1" [../HLS/src/spmv_csc.cpp:318]   --->   Operation 18 'alloca' 'num_rows_c12' <Predicate = true> <Delay = 0.00> <CoreInst = "FIFO_SRL">   --->   Core 80 'FIFO_SRL' <Latency = 0> <II = 1> <Delay = 1.83> <Storage> <Opcode : 'read' 'write' 'nbread' 'nbwrite'> <Ports = 0> <Width = 32> <Depth = 4> <FIFO>
ST_1 : Operation 19 [1/1] (0.00ns)   --->   "%num_rows_c11 = alloca i64 1" [../HLS/src/spmv_csc.cpp:318]   --->   Operation 19 'alloca' 'num_rows_c11' <Predicate = true> <Delay = 0.00> <CoreInst = "FIFO_SRL">   --->   Core 80 'FIFO_SRL' <Latency = 0> <II = 1> <Delay = 1.83> <Storage> <Opcode : 'read' 'write' 'nbread' 'nbwrite'> <Ports = 0> <Width = 32> <Depth = 4> <FIFO>
ST_1 : Operation 20 [1/1] (0.00ns)   --->   "%num_rows_c10 = alloca i64 1" [../HLS/src/spmv_csc.cpp:318]   --->   Operation 20 'alloca' 'num_rows_c10' <Predicate = true> <Delay = 0.00> <CoreInst = "FIFO_SRL">   --->   Core 80 'FIFO_SRL' <Latency = 0> <II = 1> <Delay = 1.83> <Storage> <Opcode : 'read' 'write' 'nbread' 'nbwrite'> <Ports = 0> <Width = 32> <Depth = 4> <FIFO>
ST_1 : Operation 21 [1/1] (0.00ns)   --->   "%num_rows_c9 = alloca i64 1" [../HLS/src/spmv_csc.cpp:318]   --->   Operation 21 'alloca' 'num_rows_c9' <Predicate = true> <Delay = 0.00> <CoreInst = "FIFO_SRL">   --->   Core 80 'FIFO_SRL' <Latency = 0> <II = 1> <Delay = 1.83> <Storage> <Opcode : 'read' 'write' 'nbread' 'nbwrite'> <Ports = 0> <Width = 32> <Depth = 4> <FIFO>
ST_1 : Operation 22 [1/1] (0.00ns)   --->   "%num_rows_c8 = alloca i64 1" [../HLS/src/spmv_csc.cpp:318]   --->   Operation 22 'alloca' 'num_rows_c8' <Predicate = true> <Delay = 0.00> <CoreInst = "FIFO_SRL">   --->   Core 80 'FIFO_SRL' <Latency = 0> <II = 1> <Delay = 1.83> <Storage> <Opcode : 'read' 'write' 'nbread' 'nbwrite'> <Ports = 0> <Width = 32> <Depth = 4> <FIFO>
ST_1 : Operation 23 [1/1] (0.00ns)   --->   "%num_rows_c7 = alloca i64 1" [../HLS/src/spmv_csc.cpp:318]   --->   Operation 23 'alloca' 'num_rows_c7' <Predicate = true> <Delay = 0.00> <CoreInst = "FIFO_SRL">   --->   Core 80 'FIFO_SRL' <Latency = 0> <II = 1> <Delay = 1.83> <Storage> <Opcode : 'read' 'write' 'nbread' 'nbwrite'> <Ports = 0> <Width = 32> <Depth = 4> <FIFO>
ST_1 : Operation 24 [1/1] (0.00ns)   --->   "%num_rows_c6 = alloca i64 1" [../HLS/src/spmv_csc.cpp:318]   --->   Operation 24 'alloca' 'num_rows_c6' <Predicate = true> <Delay = 0.00> <CoreInst = "FIFO_SRL">   --->   Core 80 'FIFO_SRL' <Latency = 0> <II = 1> <Delay = 1.83> <Storage> <Opcode : 'read' 'write' 'nbread' 'nbwrite'> <Ports = 0> <Width = 32> <Depth = 4> <FIFO>
ST_1 : Operation 25 [1/1] (0.00ns)   --->   "%num_rows_c5 = alloca i64 1" [../HLS/src/spmv_csc.cpp:318]   --->   Operation 25 'alloca' 'num_rows_c5' <Predicate = true> <Delay = 0.00> <CoreInst = "FIFO_SRL">   --->   Core 80 'FIFO_SRL' <Latency = 0> <II = 1> <Delay = 1.83> <Storage> <Opcode : 'read' 'write' 'nbread' 'nbwrite'> <Ports = 0> <Width = 32> <Depth = 4> <FIFO>
ST_1 : Operation 26 [1/1] (0.00ns)   --->   "%num_rows_c4 = alloca i64 1" [../HLS/src/spmv_csc.cpp:318]   --->   Operation 26 'alloca' 'num_rows_c4' <Predicate = true> <Delay = 0.00> <CoreInst = "FIFO_SRL">   --->   Core 80 'FIFO_SRL' <Latency = 0> <II = 1> <Delay = 1.83> <Storage> <Opcode : 'read' 'write' 'nbread' 'nbwrite'> <Ports = 0> <Width = 32> <Depth = 4> <FIFO>
ST_1 : Operation 27 [1/1] (0.00ns)   --->   "%num_rows_c3 = alloca i64 1" [../HLS/src/spmv_csc.cpp:318]   --->   Operation 27 'alloca' 'num_rows_c3' <Predicate = true> <Delay = 0.00> <CoreInst = "FIFO_SRL">   --->   Core 80 'FIFO_SRL' <Latency = 0> <II = 1> <Delay = 1.83> <Storage> <Opcode : 'read' 'write' 'nbread' 'nbwrite'> <Ports = 0> <Width = 32> <Depth = 4> <FIFO>
ST_1 : Operation 28 [1/1] (0.00ns)   --->   "%num_rows_c2 = alloca i64 1" [../HLS/src/spmv_csc.cpp:318]   --->   Operation 28 'alloca' 'num_rows_c2' <Predicate = true> <Delay = 0.00> <CoreInst = "FIFO_SRL">   --->   Core 80 'FIFO_SRL' <Latency = 0> <II = 1> <Delay = 1.83> <Storage> <Opcode : 'read' 'write' 'nbread' 'nbwrite'> <Ports = 0> <Width = 32> <Depth = 4> <FIFO>
ST_1 : Operation 29 [1/1] (0.00ns)   --->   "%num_rows_c = alloca i64 1" [../HLS/src/spmv_csc.cpp:318]   --->   Operation 29 'alloca' 'num_rows_c' <Predicate = true> <Delay = 0.00> <CoreInst = "FIFO_SRL">   --->   Core 80 'FIFO_SRL' <Latency = 0> <II = 1> <Delay = 1.83> <Storage> <Opcode : 'read' 'write' 'nbread' 'nbwrite'> <Ports = 0> <Width = 32> <Depth = 4> <FIFO>
ST_1 : Operation 30 [1/1] (0.00ns)   --->   "%col_info_stream = alloca i64 1"   --->   Operation 30 'alloca' 'col_info_stream' <Predicate = true> <Delay = 0.00> <CoreInst = "FIFO">   --->   Core 77 'FIFO' <Latency = 0> <II = 1> <Delay = 1.55> <Storage> <Opcode : 'read' 'write' 'nbread' 'nbwrite'> <Ports = 0> <Width = 64> <Depth = 64> <FIFO>
ST_1 : Operation 31 [1/1] (0.00ns)   --->   "%nnz_stream = alloca i64 1"   --->   Operation 31 'alloca' 'nnz_stream' <Predicate = true> <Delay = 0.00> <CoreInst = "FIFO">   --->   Core 77 'FIFO' <Latency = 0> <II = 1> <Delay = 1.65> <Storage> <Opcode : 'read' 'write' 'nbread' 'nbwrite'> <Ports = 0> <Width = 1032> <Depth = 256> <FIFO>
ST_1 : Operation 32 [1/1] (0.00ns)   --->   "%pe_streams_0 = alloca i64 1"   --->   Operation 32 'alloca' 'pe_streams_0' <Predicate = true> <Delay = 0.00> <CoreInst = "FIFO">   --->   Core 77 'FIFO' <Latency = 0> <II = 1> <Delay = 1.65> <Storage> <Opcode : 'read' 'write' 'nbread' 'nbwrite'> <Ports = 0> <Width = 97> <Depth = 256> <FIFO>
ST_1 : Operation 33 [1/1] (0.00ns)   --->   "%pe_streams_1 = alloca i64 1"   --->   Operation 33 'alloca' 'pe_streams_1' <Predicate = true> <Delay = 0.00> <CoreInst = "FIFO">   --->   Core 77 'FIFO' <Latency = 0> <II = 1> <Delay = 1.65> <Storage> <Opcode : 'read' 'write' 'nbread' 'nbwrite'> <Ports = 0> <Width = 97> <Depth = 256> <FIFO>
ST_1 : Operation 34 [1/1] (0.00ns)   --->   "%pe_streams_2 = alloca i64 1"   --->   Operation 34 'alloca' 'pe_streams_2' <Predicate = true> <Delay = 0.00> <CoreInst = "FIFO">   --->   Core 77 'FIFO' <Latency = 0> <II = 1> <Delay = 1.65> <Storage> <Opcode : 'read' 'write' 'nbread' 'nbwrite'> <Ports = 0> <Width = 97> <Depth = 256> <FIFO>
ST_1 : Operation 35 [1/1] (0.00ns)   --->   "%pe_streams_3 = alloca i64 1"   --->   Operation 35 'alloca' 'pe_streams_3' <Predicate = true> <Delay = 0.00> <CoreInst = "FIFO">   --->   Core 77 'FIFO' <Latency = 0> <II = 1> <Delay = 1.65> <Storage> <Opcode : 'read' 'write' 'nbread' 'nbwrite'> <Ports = 0> <Width = 97> <Depth = 256> <FIFO>
ST_1 : Operation 36 [1/1] (0.00ns)   --->   "%pe_streams_4 = alloca i64 1"   --->   Operation 36 'alloca' 'pe_streams_4' <Predicate = true> <Delay = 0.00> <CoreInst = "FIFO">   --->   Core 77 'FIFO' <Latency = 0> <II = 1> <Delay = 1.65> <Storage> <Opcode : 'read' 'write' 'nbread' 'nbwrite'> <Ports = 0> <Width = 97> <Depth = 256> <FIFO>
ST_1 : Operation 37 [1/1] (0.00ns)   --->   "%pe_streams_5 = alloca i64 1"   --->   Operation 37 'alloca' 'pe_streams_5' <Predicate = true> <Delay = 0.00> <CoreInst = "FIFO">   --->   Core 77 'FIFO' <Latency = 0> <II = 1> <Delay = 1.65> <Storage> <Opcode : 'read' 'write' 'nbread' 'nbwrite'> <Ports = 0> <Width = 97> <Depth = 256> <FIFO>
ST_1 : Operation 38 [1/1] (0.00ns)   --->   "%pe_streams_6 = alloca i64 1"   --->   Operation 38 'alloca' 'pe_streams_6' <Predicate = true> <Delay = 0.00> <CoreInst = "FIFO">   --->   Core 77 'FIFO' <Latency = 0> <II = 1> <Delay = 1.65> <Storage> <Opcode : 'read' 'write' 'nbread' 'nbwrite'> <Ports = 0> <Width = 97> <Depth = 256> <FIFO>
ST_1 : Operation 39 [1/1] (0.00ns)   --->   "%pe_streams_7 = alloca i64 1"   --->   Operation 39 'alloca' 'pe_streams_7' <Predicate = true> <Delay = 0.00> <CoreInst = "FIFO">   --->   Core 77 'FIFO' <Latency = 0> <II = 1> <Delay = 1.65> <Storage> <Opcode : 'read' 'write' 'nbread' 'nbwrite'> <Ports = 0> <Width = 97> <Depth = 256> <FIFO>
ST_1 : Operation 40 [1/1] (0.00ns)   --->   "%pe_streams_8 = alloca i64 1"   --->   Operation 40 'alloca' 'pe_streams_8' <Predicate = true> <Delay = 0.00> <CoreInst = "FIFO">   --->   Core 77 'FIFO' <Latency = 0> <II = 1> <Delay = 1.65> <Storage> <Opcode : 'read' 'write' 'nbread' 'nbwrite'> <Ports = 0> <Width = 97> <Depth = 256> <FIFO>
ST_1 : Operation 41 [1/1] (0.00ns)   --->   "%pe_streams_9 = alloca i64 1"   --->   Operation 41 'alloca' 'pe_streams_9' <Predicate = true> <Delay = 0.00> <CoreInst = "FIFO">   --->   Core 77 'FIFO' <Latency = 0> <II = 1> <Delay = 1.65> <Storage> <Opcode : 'read' 'write' 'nbread' 'nbwrite'> <Ports = 0> <Width = 97> <Depth = 256> <FIFO>
ST_1 : Operation 42 [1/1] (0.00ns)   --->   "%pe_streams_10 = alloca i64 1"   --->   Operation 42 'alloca' 'pe_streams_10' <Predicate = true> <Delay = 0.00> <CoreInst = "FIFO">   --->   Core 77 'FIFO' <Latency = 0> <II = 1> <Delay = 1.65> <Storage> <Opcode : 'read' 'write' 'nbread' 'nbwrite'> <Ports = 0> <Width = 97> <Depth = 256> <FIFO>
ST_1 : Operation 43 [1/1] (0.00ns)   --->   "%pe_streams_11 = alloca i64 1"   --->   Operation 43 'alloca' 'pe_streams_11' <Predicate = true> <Delay = 0.00> <CoreInst = "FIFO">   --->   Core 77 'FIFO' <Latency = 0> <II = 1> <Delay = 1.65> <Storage> <Opcode : 'read' 'write' 'nbread' 'nbwrite'> <Ports = 0> <Width = 97> <Depth = 256> <FIFO>
ST_1 : Operation 44 [1/1] (0.00ns)   --->   "%pe_streams_12 = alloca i64 1"   --->   Operation 44 'alloca' 'pe_streams_12' <Predicate = true> <Delay = 0.00> <CoreInst = "FIFO">   --->   Core 77 'FIFO' <Latency = 0> <II = 1> <Delay = 1.65> <Storage> <Opcode : 'read' 'write' 'nbread' 'nbwrite'> <Ports = 0> <Width = 97> <Depth = 256> <FIFO>
ST_1 : Operation 45 [1/1] (0.00ns)   --->   "%pe_streams_13 = alloca i64 1"   --->   Operation 45 'alloca' 'pe_streams_13' <Predicate = true> <Delay = 0.00> <CoreInst = "FIFO">   --->   Core 77 'FIFO' <Latency = 0> <II = 1> <Delay = 1.65> <Storage> <Opcode : 'read' 'write' 'nbread' 'nbwrite'> <Ports = 0> <Width = 97> <Depth = 256> <FIFO>
ST_1 : Operation 46 [1/1] (0.00ns)   --->   "%pe_streams_14 = alloca i64 1"   --->   Operation 46 'alloca' 'pe_streams_14' <Predicate = true> <Delay = 0.00> <CoreInst = "FIFO">   --->   Core 77 'FIFO' <Latency = 0> <II = 1> <Delay = 1.65> <Storage> <Opcode : 'read' 'write' 'nbread' 'nbwrite'> <Ports = 0> <Width = 97> <Depth = 256> <FIFO>
ST_1 : Operation 47 [1/1] (0.00ns)   --->   "%pe_streams_15 = alloca i64 1"   --->   Operation 47 'alloca' 'pe_streams_15' <Predicate = true> <Delay = 0.00> <CoreInst = "FIFO">   --->   Core 77 'FIFO' <Latency = 0> <II = 1> <Delay = 1.65> <Storage> <Opcode : 'read' 'write' 'nbread' 'nbwrite'> <Ports = 0> <Width = 97> <Depth = 256> <FIFO>
ST_1 : Operation 48 [2/2] (4.00ns)   --->   "%call_ln319 = call void @read_col_info, i32 %num_cols_read, i32 %gmem1, i64 %A_col_ptr_read, i32 %gmem3, i64 %x_read, i64 %col_info_stream" [../HLS/src/spmv_csc.cpp:319]   --->   Operation 48 'call' 'call_ln319' <Predicate = true> <Delay = 4.00> <CoreType = "Generic">   --->   Generic Core
ST_1 : Operation 49 [2/2] (4.00ns)   --->   "%call_ln320 = call void @read_nnz_packed, i32 %nnz_read, i512 %gmem0, i64 %A_row_idx_read, i512 %gmem2, i64 %A_values_read, i1032 %nnz_stream, i32 %nnz_c" [../HLS/src/spmv_csc.cpp:320]   --->   Operation 49 'call' 'call_ln320' <Predicate = true> <Delay = 4.00> <CoreType = "Generic">   --->   Generic Core

State 2 <SV = 1> <Delay = 0.00>
ST_2 : Operation 50 [1/2] (0.00ns)   --->   "%call_ln319 = call void @read_col_info, i32 %num_cols_read, i32 %gmem1, i64 %A_col_ptr_read, i32 %gmem3, i64 %x_read, i64 %col_info_stream" [../HLS/src/spmv_csc.cpp:319]   --->   Operation 50 'call' 'call_ln319' <Predicate = true> <Delay = 0.00> <CoreType = "Generic">   --->   Generic Core
ST_2 : Operation 51 [1/2] (0.00ns)   --->   "%call_ln320 = call void @read_nnz_packed, i32 %nnz_read, i512 %gmem0, i64 %A_row_idx_read, i512 %gmem2, i64 %A_values_read, i1032 %nnz_stream, i32 %nnz_c" [../HLS/src/spmv_csc.cpp:320]   --->   Operation 51 'call' 'call_ln320' <Predicate = true> <Delay = 0.00> <CoreType = "Generic">   --->   Generic Core

State 3 <SV = 2> <Delay = 0.00>
ST_3 : Operation 52 [2/2] (0.00ns)   --->   "%call_ln321 = call void @distribute_to_pe, i32 %nnz_c, i64 %col_info_stream, i1032 %nnz_stream, i97 %pe_streams_0, i97 %pe_streams_1, i97 %pe_streams_2, i97 %pe_streams_3, i97 %pe_streams_4, i97 %pe_streams_5, i97 %pe_streams_6, i97 %pe_streams_7, i97 %pe_streams_8, i97 %pe_streams_9, i97 %pe_streams_10, i97 %pe_streams_11, i97 %pe_streams_12, i97 %pe_streams_13, i97 %pe_streams_14, i97 %pe_streams_15" [../HLS/src/spmv_csc.cpp:321]   --->   Operation 52 'call' 'call_ln321' <Predicate = true> <Delay = 0.00> <CoreType = "Generic">   --->   Generic Core

State 4 <SV = 3> <Delay = 1.83>
ST_4 : Operation 53 [1/1] (0.00ns)   --->   "%num_rows_read = read i32 @_ssdm_op_Read.ap_auto.i32, i32 %num_rows" [../HLS/src/spmv_csc.cpp:318]   --->   Operation 53 'read' 'num_rows_read' <Predicate = true> <Delay = 0.00>
ST_4 : Operation 54 [1/1] (1.83ns)   --->   "%call_ln318 = call void @entry_proc, i32 %num_rows_read, i32 %num_rows_c, i32 %num_rows_c2, i32 %num_rows_c3, i32 %num_rows_c4, i32 %num_rows_c5, i32 %num_rows_c6, i32 %num_rows_c7, i32 %num_rows_c8, i32 %num_rows_c9, i32 %num_rows_c10, i32 %num_rows_c11, i32 %num_rows_c12, i32 %num_rows_c13, i32 %num_rows_c14, i32 %num_rows_c15, i32 %num_rows_c16" [../HLS/src/spmv_csc.cpp:318]   --->   Operation 54 'call' 'call_ln318' <Predicate = true> <Delay = 1.83> <CoreType = "Generic">   --->   Generic Core
ST_4 : Operation 55 [1/2] (0.00ns)   --->   "%call_ln321 = call void @distribute_to_pe, i32 %nnz_c, i64 %col_info_stream, i1032 %nnz_stream, i97 %pe_streams_0, i97 %pe_streams_1, i97 %pe_streams_2, i97 %pe_streams_3, i97 %pe_streams_4, i97 %pe_streams_5, i97 %pe_streams_6, i97 %pe_streams_7, i97 %pe_streams_8, i97 %pe_streams_9, i97 %pe_streams_10, i97 %pe_streams_11, i97 %pe_streams_12, i97 %pe_streams_13, i97 %pe_streams_14, i97 %pe_streams_15" [../HLS/src/spmv_csc.cpp:321]   --->   Operation 55 'call' 'call_ln321' <Predicate = true> <Delay = 0.00> <CoreType = "Generic">   --->   Generic Core

State 5 <SV = 4> <Delay = 0.00>
ST_5 : Operation 56 [2/2] (0.00ns)   --->   "%call_ln326 = call void @compute_pe, i32 %num_rows_c16, i97 %pe_streams_0, i32 %y_partial_0" [../HLS/src/spmv_csc.cpp:326]   --->   Operation 56 'call' 'call_ln326' <Predicate = true> <Delay = 0.00> <CoreType = "Generic">   --->   Generic Core
ST_5 : Operation 57 [2/2] (0.00ns)   --->   "%call_ln326 = call void @compute_pe.1, i32 %num_rows_c15, i97 %pe_streams_1, i32 %y_partial_1" [../HLS/src/spmv_csc.cpp:326]   --->   Operation 57 'call' 'call_ln326' <Predicate = true> <Delay = 0.00> <CoreType = "Generic">   --->   Generic Core
ST_5 : Operation 58 [2/2] (0.00ns)   --->   "%call_ln326 = call void @compute_pe.2, i32 %num_rows_c14, i97 %pe_streams_2, i32 %y_partial_2" [../HLS/src/spmv_csc.cpp:326]   --->   Operation 58 'call' 'call_ln326' <Predicate = true> <Delay = 0.00> <CoreType = "Generic">   --->   Generic Core
ST_5 : Operation 59 [2/2] (0.00ns)   --->   "%call_ln326 = call void @compute_pe.3, i32 %num_rows_c13, i97 %pe_streams_3, i32 %y_partial_3" [../HLS/src/spmv_csc.cpp:326]   --->   Operation 59 'call' 'call_ln326' <Predicate = true> <Delay = 0.00> <CoreType = "Generic">   --->   Generic Core
ST_5 : Operation 60 [2/2] (0.00ns)   --->   "%call_ln326 = call void @compute_pe.4, i32 %num_rows_c12, i97 %pe_streams_4, i32 %y_partial_4" [../HLS/src/spmv_csc.cpp:326]   --->   Operation 60 'call' 'call_ln326' <Predicate = true> <Delay = 0.00> <CoreType = "Generic">   --->   Generic Core
ST_5 : Operation 61 [2/2] (0.00ns)   --->   "%call_ln326 = call void @compute_pe.5, i32 %num_rows_c11, i97 %pe_streams_5, i32 %y_partial_5" [../HLS/src/spmv_csc.cpp:326]   --->   Operation 61 'call' 'call_ln326' <Predicate = true> <Delay = 0.00> <CoreType = "Generic">   --->   Generic Core
ST_5 : Operation 62 [2/2] (0.00ns)   --->   "%call_ln326 = call void @compute_pe.6, i32 %num_rows_c10, i97 %pe_streams_6, i32 %y_partial_6" [../HLS/src/spmv_csc.cpp:326]   --->   Operation 62 'call' 'call_ln326' <Predicate = true> <Delay = 0.00> <CoreType = "Generic">   --->   Generic Core
ST_5 : Operation 63 [2/2] (0.00ns)   --->   "%call_ln326 = call void @compute_pe.7, i32 %num_rows_c9, i97 %pe_streams_7, i32 %y_partial_7" [../HLS/src/spmv_csc.cpp:326]   --->   Operation 63 'call' 'call_ln326' <Predicate = true> <Delay = 0.00> <CoreType = "Generic">   --->   Generic Core
ST_5 : Operation 64 [2/2] (0.00ns)   --->   "%call_ln326 = call void @compute_pe.8, i32 %num_rows_c8, i97 %pe_streams_8, i32 %y_partial_8" [../HLS/src/spmv_csc.cpp:326]   --->   Operation 64 'call' 'call_ln326' <Predicate = true> <Delay = 0.00> <CoreType = "Generic">   --->   Generic Core
ST_5 : Operation 65 [2/2] (0.00ns)   --->   "%call_ln326 = call void @compute_pe.9, i32 %num_rows_c7, i97 %pe_streams_9, i32 %y_partial_9" [../HLS/src/spmv_csc.cpp:326]   --->   Operation 65 'call' 'call_ln326' <Predicate = true> <Delay = 0.00> <CoreType = "Generic">   --->   Generic Core
ST_5 : Operation 66 [2/2] (0.00ns)   --->   "%call_ln326 = call void @compute_pe.10, i32 %num_rows_c6, i97 %pe_streams_10, i32 %y_partial_10" [../HLS/src/spmv_csc.cpp:326]   --->   Operation 66 'call' 'call_ln326' <Predicate = true> <Delay = 0.00> <CoreType = "Generic">   --->   Generic Core
ST_5 : Operation 67 [2/2] (0.00ns)   --->   "%call_ln326 = call void @compute_pe.11, i32 %num_rows_c5, i97 %pe_streams_11, i32 %y_partial_11" [../HLS/src/spmv_csc.cpp:326]   --->   Operation 67 'call' 'call_ln326' <Predicate = true> <Delay = 0.00> <CoreType = "Generic">   --->   Generic Core
ST_5 : Operation 68 [2/2] (0.00ns)   --->   "%call_ln326 = call void @compute_pe.12, i32 %num_rows_c4, i97 %pe_streams_12, i32 %y_partial_12" [../HLS/src/spmv_csc.cpp:326]   --->   Operation 68 'call' 'call_ln326' <Predicate = true> <Delay = 0.00> <CoreType = "Generic">   --->   Generic Core
ST_5 : Operation 69 [2/2] (0.00ns)   --->   "%call_ln326 = call void @compute_pe.13, i32 %num_rows_c3, i97 %pe_streams_13, i32 %y_partial_13" [../HLS/src/spmv_csc.cpp:326]   --->   Operation 69 'call' 'call_ln326' <Predicate = true> <Delay = 0.00> <CoreType = "Generic">   --->   Generic Core
ST_5 : Operation 70 [2/2] (0.00ns)   --->   "%call_ln326 = call void @compute_pe.14, i32 %num_rows_c2, i97 %pe_streams_14, i32 %y_partial_14" [../HLS/src/spmv_csc.cpp:326]   --->   Operation 70 'call' 'call_ln326' <Predicate = true> <Delay = 0.00> <CoreType = "Generic">   --->   Generic Core
ST_5 : Operation 71 [2/2] (0.00ns)   --->   "%call_ln326 = call void @compute_pe.15, i32 %num_rows_c, i97 %pe_streams_15, i32 %y_partial_15" [../HLS/src/spmv_csc.cpp:326]   --->   Operation 71 'call' 'call_ln326' <Predicate = true> <Delay = 0.00> <CoreType = "Generic">   --->   Generic Core

State 6 <SV = 5> <Delay = 0.00>
ST_6 : Operation 72 [1/1] (0.00ns)   --->   "%empty = specchannel i32 @_ssdm_op_SpecChannel, void @nnz_c_str, i32 1, void @p_str, void @p_str, i32 2, i32 0, i32 %nnz_c, i32 %nnz_c" [../HLS/src/spmv_csc.cpp:318]   --->   Operation 72 'specchannel' 'empty' <Predicate = true> <Delay = 0.00>
ST_6 : Operation 73 [1/1] (0.00ns)   --->   "%specinterface_ln318 = specinterface void @_ssdm_op_SpecInterface, i32 %nnz_c, void @ap_fifo_str, i32 0, i32 0, void @p_str, i32 0, i32 0, void @p_str, void @p_str, void @p_str, i32 2, i32 2, i32 16, i32 16, void @p_str, void @p_str, i32 4294967295, i32 0, i32 0" [../HLS/src/spmv_csc.cpp:318]   --->   Operation 73 'specinterface' 'specinterface_ln318' <Predicate = true> <Delay = 0.00>
ST_6 : Operation 74 [1/1] (0.00ns)   --->   "%empty_45 = specchannel i32 @_ssdm_op_SpecChannel, void @num_rows_c16_str, i32 1, void @p_str, void @p_str, i32 4, i32 0, i32 %num_rows_c16, i32 %num_rows_c16" [../HLS/src/spmv_csc.cpp:318]   --->   Operation 74 'specchannel' 'empty_45' <Predicate = true> <Delay = 0.00>
ST_6 : Operation 75 [1/1] (0.00ns)   --->   "%specinterface_ln318 = specinterface void @_ssdm_op_SpecInterface, i32 %num_rows_c16, void @ap_fifo_str, i32 0, i32 0, void @p_str, i32 0, i32 0, void @p_str, void @p_str, void @p_str, i32 2, i32 2, i32 16, i32 16, void @p_str, void @p_str, i32 4294967295, i32 0, i32 0" [../HLS/src/spmv_csc.cpp:318]   --->   Operation 75 'specinterface' 'specinterface_ln318' <Predicate = true> <Delay = 0.00>
ST_6 : Operation 76 [1/1] (0.00ns)   --->   "%empty_46 = specchannel i32 @_ssdm_op_SpecChannel, void @num_rows_c15_str, i32 1, void @p_str, void @p_str, i32 4, i32 0, i32 %num_rows_c15, i32 %num_rows_c15" [../HLS/src/spmv_csc.cpp:318]   --->   Operation 76 'specchannel' 'empty_46' <Predicate = true> <Delay = 0.00>
ST_6 : Operation 77 [1/1] (0.00ns)   --->   "%specinterface_ln318 = specinterface void @_ssdm_op_SpecInterface, i32 %num_rows_c15, void @ap_fifo_str, i32 0, i32 0, void @p_str, i32 0, i32 0, void @p_str, void @p_str, void @p_str, i32 2, i32 2, i32 16, i32 16, void @p_str, void @p_str, i32 4294967295, i32 0, i32 0" [../HLS/src/spmv_csc.cpp:318]   --->   Operation 77 'specinterface' 'specinterface_ln318' <Predicate = true> <Delay = 0.00>
ST_6 : Operation 78 [1/1] (0.00ns)   --->   "%empty_47 = specchannel i32 @_ssdm_op_SpecChannel, void @num_rows_c14_str, i32 1, void @p_str, void @p_str, i32 4, i32 0, i32 %num_rows_c14, i32 %num_rows_c14" [../HLS/src/spmv_csc.cpp:318]   --->   Operation 78 'specchannel' 'empty_47' <Predicate = true> <Delay = 0.00>
ST_6 : Operation 79 [1/1] (0.00ns)   --->   "%specinterface_ln318 = specinterface void @_ssdm_op_SpecInterface, i32 %num_rows_c14, void @ap_fifo_str, i32 0, i32 0, void @p_str, i32 0, i32 0, void @p_str, void @p_str, void @p_str, i32 2, i32 2, i32 16, i32 16, void @p_str, void @p_str, i32 4294967295, i32 0, i32 0" [../HLS/src/spmv_csc.cpp:318]   --->   Operation 79 'specinterface' 'specinterface_ln318' <Predicate = true> <Delay = 0.00>
ST_6 : Operation 80 [1/1] (0.00ns)   --->   "%empty_48 = specchannel i32 @_ssdm_op_SpecChannel, void @num_rows_c13_str, i32 1, void @p_str, void @p_str, i32 4, i32 0, i32 %num_rows_c13, i32 %num_rows_c13" [../HLS/src/spmv_csc.cpp:318]   --->   Operation 80 'specchannel' 'empty_48' <Predicate = true> <Delay = 0.00>
ST_6 : Operation 81 [1/1] (0.00ns)   --->   "%specinterface_ln318 = specinterface void @_ssdm_op_SpecInterface, i32 %num_rows_c13, void @ap_fifo_str, i32 0, i32 0, void @p_str, i32 0, i32 0, void @p_str, void @p_str, void @p_str, i32 2, i32 2, i32 16, i32 16, void @p_str, void @p_str, i32 4294967295, i32 0, i32 0" [../HLS/src/spmv_csc.cpp:318]   --->   Operation 81 'specinterface' 'specinterface_ln318' <Predicate = true> <Delay = 0.00>
ST_6 : Operation 82 [1/1] (0.00ns)   --->   "%empty_49 = specchannel i32 @_ssdm_op_SpecChannel, void @num_rows_c12_str, i32 1, void @p_str, void @p_str, i32 4, i32 0, i32 %num_rows_c12, i32 %num_rows_c12" [../HLS/src/spmv_csc.cpp:318]   --->   Operation 82 'specchannel' 'empty_49' <Predicate = true> <Delay = 0.00>
ST_6 : Operation 83 [1/1] (0.00ns)   --->   "%specinterface_ln318 = specinterface void @_ssdm_op_SpecInterface, i32 %num_rows_c12, void @ap_fifo_str, i32 0, i32 0, void @p_str, i32 0, i32 0, void @p_str, void @p_str, void @p_str, i32 2, i32 2, i32 16, i32 16, void @p_str, void @p_str, i32 4294967295, i32 0, i32 0" [../HLS/src/spmv_csc.cpp:318]   --->   Operation 83 'specinterface' 'specinterface_ln318' <Predicate = true> <Delay = 0.00>
ST_6 : Operation 84 [1/1] (0.00ns)   --->   "%empty_50 = specchannel i32 @_ssdm_op_SpecChannel, void @num_rows_c11_str, i32 1, void @p_str, void @p_str, i32 4, i32 0, i32 %num_rows_c11, i32 %num_rows_c11" [../HLS/src/spmv_csc.cpp:318]   --->   Operation 84 'specchannel' 'empty_50' <Predicate = true> <Delay = 0.00>
ST_6 : Operation 85 [1/1] (0.00ns)   --->   "%specinterface_ln318 = specinterface void @_ssdm_op_SpecInterface, i32 %num_rows_c11, void @ap_fifo_str, i32 0, i32 0, void @p_str, i32 0, i32 0, void @p_str, void @p_str, void @p_str, i32 2, i32 2, i32 16, i32 16, void @p_str, void @p_str, i32 4294967295, i32 0, i32 0" [../HLS/src/spmv_csc.cpp:318]   --->   Operation 85 'specinterface' 'specinterface_ln318' <Predicate = true> <Delay = 0.00>
ST_6 : Operation 86 [1/1] (0.00ns)   --->   "%empty_51 = specchannel i32 @_ssdm_op_SpecChannel, void @num_rows_c10_str, i32 1, void @p_str, void @p_str, i32 4, i32 0, i32 %num_rows_c10, i32 %num_rows_c10" [../HLS/src/spmv_csc.cpp:318]   --->   Operation 86 'specchannel' 'empty_51' <Predicate = true> <Delay = 0.00>
ST_6 : Operation 87 [1/1] (0.00ns)   --->   "%specinterface_ln318 = specinterface void @_ssdm_op_SpecInterface, i32 %num_rows_c10, void @ap_fifo_str, i32 0, i32 0, void @p_str, i32 0, i32 0, void @p_str, void @p_str, void @p_str, i32 2, i32 2, i32 16, i32 16, void @p_str, void @p_str, i32 4294967295, i32 0, i32 0" [../HLS/src/spmv_csc.cpp:318]   --->   Operation 87 'specinterface' 'specinterface_ln318' <Predicate = true> <Delay = 0.00>
ST_6 : Operation 88 [1/1] (0.00ns)   --->   "%empty_52 = specchannel i32 @_ssdm_op_SpecChannel, void @num_rows_c9_str, i32 1, void @p_str, void @p_str, i32 4, i32 0, i32 %num_rows_c9, i32 %num_rows_c9" [../HLS/src/spmv_csc.cpp:318]   --->   Operation 88 'specchannel' 'empty_52' <Predicate = true> <Delay = 0.00>
ST_6 : Operation 89 [1/1] (0.00ns)   --->   "%specinterface_ln318 = specinterface void @_ssdm_op_SpecInterface, i32 %num_rows_c9, void @ap_fifo_str, i32 0, i32 0, void @p_str, i32 0, i32 0, void @p_str, void @p_str, void @p_str, i32 2, i32 2, i32 16, i32 16, void @p_str, void @p_str, i32 4294967295, i32 0, i32 0" [../HLS/src/spmv_csc.cpp:318]   --->   Operation 89 'specinterface' 'specinterface_ln318' <Predicate = true> <Delay = 0.00>
ST_6 : Operation 90 [1/1] (0.00ns)   --->   "%empty_53 = specchannel i32 @_ssdm_op_SpecChannel, void @num_rows_c8_str, i32 1, void @p_str, void @p_str, i32 4, i32 0, i32 %num_rows_c8, i32 %num_rows_c8" [../HLS/src/spmv_csc.cpp:318]   --->   Operation 90 'specchannel' 'empty_53' <Predicate = true> <Delay = 0.00>
ST_6 : Operation 91 [1/1] (0.00ns)   --->   "%specinterface_ln318 = specinterface void @_ssdm_op_SpecInterface, i32 %num_rows_c8, void @ap_fifo_str, i32 0, i32 0, void @p_str, i32 0, i32 0, void @p_str, void @p_str, void @p_str, i32 2, i32 2, i32 16, i32 16, void @p_str, void @p_str, i32 4294967295, i32 0, i32 0" [../HLS/src/spmv_csc.cpp:318]   --->   Operation 91 'specinterface' 'specinterface_ln318' <Predicate = true> <Delay = 0.00>
ST_6 : Operation 92 [1/1] (0.00ns)   --->   "%empty_54 = specchannel i32 @_ssdm_op_SpecChannel, void @num_rows_c7_str, i32 1, void @p_str, void @p_str, i32 4, i32 0, i32 %num_rows_c7, i32 %num_rows_c7" [../HLS/src/spmv_csc.cpp:318]   --->   Operation 92 'specchannel' 'empty_54' <Predicate = true> <Delay = 0.00>
ST_6 : Operation 93 [1/1] (0.00ns)   --->   "%specinterface_ln318 = specinterface void @_ssdm_op_SpecInterface, i32 %num_rows_c7, void @ap_fifo_str, i32 0, i32 0, void @p_str, i32 0, i32 0, void @p_str, void @p_str, void @p_str, i32 2, i32 2, i32 16, i32 16, void @p_str, void @p_str, i32 4294967295, i32 0, i32 0" [../HLS/src/spmv_csc.cpp:318]   --->   Operation 93 'specinterface' 'specinterface_ln318' <Predicate = true> <Delay = 0.00>
ST_6 : Operation 94 [1/1] (0.00ns)   --->   "%empty_55 = specchannel i32 @_ssdm_op_SpecChannel, void @num_rows_c6_str, i32 1, void @p_str, void @p_str, i32 4, i32 0, i32 %num_rows_c6, i32 %num_rows_c6" [../HLS/src/spmv_csc.cpp:318]   --->   Operation 94 'specchannel' 'empty_55' <Predicate = true> <Delay = 0.00>
ST_6 : Operation 95 [1/1] (0.00ns)   --->   "%specinterface_ln318 = specinterface void @_ssdm_op_SpecInterface, i32 %num_rows_c6, void @ap_fifo_str, i32 0, i32 0, void @p_str, i32 0, i32 0, void @p_str, void @p_str, void @p_str, i32 2, i32 2, i32 16, i32 16, void @p_str, void @p_str, i32 4294967295, i32 0, i32 0" [../HLS/src/spmv_csc.cpp:318]   --->   Operation 95 'specinterface' 'specinterface_ln318' <Predicate = true> <Delay = 0.00>
ST_6 : Operation 96 [1/1] (0.00ns)   --->   "%empty_56 = specchannel i32 @_ssdm_op_SpecChannel, void @num_rows_c5_str, i32 1, void @p_str, void @p_str, i32 4, i32 0, i32 %num_rows_c5, i32 %num_rows_c5" [../HLS/src/spmv_csc.cpp:318]   --->   Operation 96 'specchannel' 'empty_56' <Predicate = true> <Delay = 0.00>
ST_6 : Operation 97 [1/1] (0.00ns)   --->   "%specinterface_ln318 = specinterface void @_ssdm_op_SpecInterface, i32 %num_rows_c5, void @ap_fifo_str, i32 0, i32 0, void @p_str, i32 0, i32 0, void @p_str, void @p_str, void @p_str, i32 2, i32 2, i32 16, i32 16, void @p_str, void @p_str, i32 4294967295, i32 0, i32 0" [../HLS/src/spmv_csc.cpp:318]   --->   Operation 97 'specinterface' 'specinterface_ln318' <Predicate = true> <Delay = 0.00>
ST_6 : Operation 98 [1/1] (0.00ns)   --->   "%empty_57 = specchannel i32 @_ssdm_op_SpecChannel, void @num_rows_c4_str, i32 1, void @p_str, void @p_str, i32 4, i32 0, i32 %num_rows_c4, i32 %num_rows_c4" [../HLS/src/spmv_csc.cpp:318]   --->   Operation 98 'specchannel' 'empty_57' <Predicate = true> <Delay = 0.00>
ST_6 : Operation 99 [1/1] (0.00ns)   --->   "%specinterface_ln318 = specinterface void @_ssdm_op_SpecInterface, i32 %num_rows_c4, void @ap_fifo_str, i32 0, i32 0, void @p_str, i32 0, i32 0, void @p_str, void @p_str, void @p_str, i32 2, i32 2, i32 16, i32 16, void @p_str, void @p_str, i32 4294967295, i32 0, i32 0" [../HLS/src/spmv_csc.cpp:318]   --->   Operation 99 'specinterface' 'specinterface_ln318' <Predicate = true> <Delay = 0.00>
ST_6 : Operation 100 [1/1] (0.00ns)   --->   "%empty_58 = specchannel i32 @_ssdm_op_SpecChannel, void @num_rows_c3_str, i32 1, void @p_str, void @p_str, i32 4, i32 0, i32 %num_rows_c3, i32 %num_rows_c3" [../HLS/src/spmv_csc.cpp:318]   --->   Operation 100 'specchannel' 'empty_58' <Predicate = true> <Delay = 0.00>
ST_6 : Operation 101 [1/1] (0.00ns)   --->   "%specinterface_ln318 = specinterface void @_ssdm_op_SpecInterface, i32 %num_rows_c3, void @ap_fifo_str, i32 0, i32 0, void @p_str, i32 0, i32 0, void @p_str, void @p_str, void @p_str, i32 2, i32 2, i32 16, i32 16, void @p_str, void @p_str, i32 4294967295, i32 0, i32 0" [../HLS/src/spmv_csc.cpp:318]   --->   Operation 101 'specinterface' 'specinterface_ln318' <Predicate = true> <Delay = 0.00>
ST_6 : Operation 102 [1/1] (0.00ns)   --->   "%empty_59 = specchannel i32 @_ssdm_op_SpecChannel, void @num_rows_c2_str, i32 1, void @p_str, void @p_str, i32 4, i32 0, i32 %num_rows_c2, i32 %num_rows_c2" [../HLS/src/spmv_csc.cpp:318]   --->   Operation 102 'specchannel' 'empty_59' <Predicate = true> <Delay = 0.00>
ST_6 : Operation 103 [1/1] (0.00ns)   --->   "%specinterface_ln318 = specinterface void @_ssdm_op_SpecInterface, i32 %num_rows_c2, void @ap_fifo_str, i32 0, i32 0, void @p_str, i32 0, i32 0, void @p_str, void @p_str, void @p_str, i32 2, i32 2, i32 16, i32 16, void @p_str, void @p_str, i32 4294967295, i32 0, i32 0" [../HLS/src/spmv_csc.cpp:318]   --->   Operation 103 'specinterface' 'specinterface_ln318' <Predicate = true> <Delay = 0.00>
ST_6 : Operation 104 [1/1] (0.00ns)   --->   "%empty_60 = specchannel i32 @_ssdm_op_SpecChannel, void @num_rows_c_str, i32 1, void @p_str, void @p_str, i32 4, i32 0, i32 %num_rows_c, i32 %num_rows_c" [../HLS/src/spmv_csc.cpp:318]   --->   Operation 104 'specchannel' 'empty_60' <Predicate = true> <Delay = 0.00>
ST_6 : Operation 105 [1/1] (0.00ns)   --->   "%specinterface_ln318 = specinterface void @_ssdm_op_SpecInterface, i32 %num_rows_c, void @ap_fifo_str, i32 0, i32 0, void @p_str, i32 0, i32 0, void @p_str, void @p_str, void @p_str, i32 2, i32 2, i32 16, i32 16, void @p_str, void @p_str, i32 4294967295, i32 0, i32 0" [../HLS/src/spmv_csc.cpp:318]   --->   Operation 105 'specinterface' 'specinterface_ln318' <Predicate = true> <Delay = 0.00>
ST_6 : Operation 106 [1/1] (0.00ns)   --->   "%specdataflowpipeline_ln318 = specdataflowpipeline void @_ssdm_op_SpecDataflowPipeline, i32 4294967295, i32 0, void @empty_25" [../HLS/src/spmv_csc.cpp:318]   --->   Operation 106 'specdataflowpipeline' 'specdataflowpipeline_ln318' <Predicate = true> <Delay = 0.00>
ST_6 : Operation 107 [1/1] (0.00ns)   --->   "%specmemcore_ln0 = specmemcore void @_ssdm_op_SpecMemCore, i32 %y_partial_0, i64 666, i64 31, i64 18446744073709551615"   --->   Operation 107 'specmemcore' 'specmemcore_ln0' <Predicate = true> <Delay = 0.00>
ST_6 : Operation 108 [1/1] (0.00ns)   --->   "%specmemcore_ln0 = specmemcore void @_ssdm_op_SpecMemCore, i32 %y_partial_1, i64 666, i64 31, i64 18446744073709551615"   --->   Operation 108 'specmemcore' 'specmemcore_ln0' <Predicate = true> <Delay = 0.00>
ST_6 : Operation 109 [1/1] (0.00ns)   --->   "%specmemcore_ln0 = specmemcore void @_ssdm_op_SpecMemCore, i32 %y_partial_2, i64 666, i64 31, i64 18446744073709551615"   --->   Operation 109 'specmemcore' 'specmemcore_ln0' <Predicate = true> <Delay = 0.00>
ST_6 : Operation 110 [1/1] (0.00ns)   --->   "%specmemcore_ln0 = specmemcore void @_ssdm_op_SpecMemCore, i32 %y_partial_3, i64 666, i64 31, i64 18446744073709551615"   --->   Operation 110 'specmemcore' 'specmemcore_ln0' <Predicate = true> <Delay = 0.00>
ST_6 : Operation 111 [1/1] (0.00ns)   --->   "%specmemcore_ln0 = specmemcore void @_ssdm_op_SpecMemCore, i32 %y_partial_4, i64 666, i64 31, i64 18446744073709551615"   --->   Operation 111 'specmemcore' 'specmemcore_ln0' <Predicate = true> <Delay = 0.00>
ST_6 : Operation 112 [1/1] (0.00ns)   --->   "%specmemcore_ln0 = specmemcore void @_ssdm_op_SpecMemCore, i32 %y_partial_5, i64 666, i64 31, i64 18446744073709551615"   --->   Operation 112 'specmemcore' 'specmemcore_ln0' <Predicate = true> <Delay = 0.00>
ST_6 : Operation 113 [1/1] (0.00ns)   --->   "%specmemcore_ln0 = specmemcore void @_ssdm_op_SpecMemCore, i32 %y_partial_6, i64 666, i64 31, i64 18446744073709551615"   --->   Operation 113 'specmemcore' 'specmemcore_ln0' <Predicate = true> <Delay = 0.00>
ST_6 : Operation 114 [1/1] (0.00ns)   --->   "%specmemcore_ln0 = specmemcore void @_ssdm_op_SpecMemCore, i32 %y_partial_7, i64 666, i64 31, i64 18446744073709551615"   --->   Operation 114 'specmemcore' 'specmemcore_ln0' <Predicate = true> <Delay = 0.00>
ST_6 : Operation 115 [1/1] (0.00ns)   --->   "%specmemcore_ln0 = specmemcore void @_ssdm_op_SpecMemCore, i32 %y_partial_8, i64 666, i64 31, i64 18446744073709551615"   --->   Operation 115 'specmemcore' 'specmemcore_ln0' <Predicate = true> <Delay = 0.00>
ST_6 : Operation 116 [1/1] (0.00ns)   --->   "%specmemcore_ln0 = specmemcore void @_ssdm_op_SpecMemCore, i32 %y_partial_9, i64 666, i64 31, i64 18446744073709551615"   --->   Operation 116 'specmemcore' 'specmemcore_ln0' <Predicate = true> <Delay = 0.00>
ST_6 : Operation 117 [1/1] (0.00ns)   --->   "%specmemcore_ln0 = specmemcore void @_ssdm_op_SpecMemCore, i32 %y_partial_10, i64 666, i64 31, i64 18446744073709551615"   --->   Operation 117 'specmemcore' 'specmemcore_ln0' <Predicate = true> <Delay = 0.00>
ST_6 : Operation 118 [1/1] (0.00ns)   --->   "%specmemcore_ln0 = specmemcore void @_ssdm_op_SpecMemCore, i32 %y_partial_11, i64 666, i64 31, i64 18446744073709551615"   --->   Operation 118 'specmemcore' 'specmemcore_ln0' <Predicate = true> <Delay = 0.00>
ST_6 : Operation 119 [1/1] (0.00ns)   --->   "%specmemcore_ln0 = specmemcore void @_ssdm_op_SpecMemCore, i32 %y_partial_12, i64 666, i64 31, i64 18446744073709551615"   --->   Operation 119 'specmemcore' 'specmemcore_ln0' <Predicate = true> <Delay = 0.00>
ST_6 : Operation 120 [1/1] (0.00ns)   --->   "%specmemcore_ln0 = specmemcore void @_ssdm_op_SpecMemCore, i32 %y_partial_13, i64 666, i64 31, i64 18446744073709551615"   --->   Operation 120 'specmemcore' 'specmemcore_ln0' <Predicate = true> <Delay = 0.00>
ST_6 : Operation 121 [1/1] (0.00ns)   --->   "%specmemcore_ln0 = specmemcore void @_ssdm_op_SpecMemCore, i32 %y_partial_14, i64 666, i64 31, i64 18446744073709551615"   --->   Operation 121 'specmemcore' 'specmemcore_ln0' <Predicate = true> <Delay = 0.00>
ST_6 : Operation 122 [1/1] (0.00ns)   --->   "%specmemcore_ln0 = specmemcore void @_ssdm_op_SpecMemCore, i32 %y_partial_15, i64 666, i64 31, i64 18446744073709551615"   --->   Operation 122 'specmemcore' 'specmemcore_ln0' <Predicate = true> <Delay = 0.00>
ST_6 : Operation 123 [1/1] (0.00ns)   --->   "%specinterface_ln0 = specinterface void @_ssdm_op_SpecInterface, i32 %gmem3, void @empty_24, i32 0, i32 0, void @empty_25, i32 0, i32 1024, void @empty_10, void @empty_0, void @empty_25, i32 16, i32 16, i32 16, i32 16, void @empty_25, void @empty_25, i32 4294967295, i32 0, i32 0"   --->   Operation 123 'specinterface' 'specinterface_ln0' <Predicate = true> <Delay = 0.00>
ST_6 : Operation 124 [1/1] (0.00ns)   --->   "%specinterface_ln0 = specinterface void @_ssdm_op_SpecInterface, i512 %gmem2, void @empty_24, i32 0, i32 0, void @empty_25, i32 0, i32 12500, void @empty_27, void @empty_0, void @empty_25, i32 16, i32 16, i32 16, i32 16, void @empty_25, void @empty_25, i32 4294967295, i32 0, i32 0"   --->   Operation 124 'specinterface' 'specinterface_ln0' <Predicate = true> <Delay = 0.00>
ST_6 : Operation 125 [1/1] (0.00ns)   --->   "%specinterface_ln0 = specinterface void @_ssdm_op_SpecInterface, i32 %gmem1, void @empty_24, i32 0, i32 0, void @empty_25, i32 0, i32 1025, void @empty_26, void @empty_0, void @empty_25, i32 16, i32 16, i32 16, i32 16, void @empty_25, void @empty_25, i32 4294967295, i32 0, i32 0"   --->   Operation 125 'specinterface' 'specinterface_ln0' <Predicate = true> <Delay = 0.00>
ST_6 : Operation 126 [1/1] (0.00ns)   --->   "%specinterface_ln0 = specinterface void @_ssdm_op_SpecInterface, i512 %gmem0, void @empty_24, i32 0, i32 0, void @empty_25, i32 0, i32 12500, void @empty_13, void @empty_0, void @empty_25, i32 16, i32 16, i32 16, i32 16, void @empty_25, void @empty_25, i32 4294967295, i32 0, i32 0"   --->   Operation 126 'specinterface' 'specinterface_ln0' <Predicate = true> <Delay = 0.00>
ST_6 : Operation 127 [1/1] (0.00ns)   --->   "%empty_61 = specchannel i32 @_ssdm_op_SpecChannel, void @col_info_stream_str, i32 1, void @p_str, void @p_str, i32 64, i32 64, i64 %col_info_stream, i64 %col_info_stream"   --->   Operation 127 'specchannel' 'empty_61' <Predicate = true> <Delay = 0.00>
ST_6 : Operation 128 [1/1] (0.00ns)   --->   "%specinterface_ln0 = specinterface void @_ssdm_op_SpecInterface, i64 %col_info_stream, void @empty_16, i32 0, i32 0, void @empty_25, i32 0, i32 0, void @empty_25, void @empty_25, void @empty_25, i32 0, i32 0, i32 0, i32 0, void @empty_25, void @empty_25, i32 4294967295, i32 0, i32 0"   --->   Operation 128 'specinterface' 'specinterface_ln0' <Predicate = true> <Delay = 0.00>
ST_6 : Operation 129 [1/1] (0.00ns)   --->   "%empty_62 = specchannel i32 @_ssdm_op_SpecChannel, void @nnz_stream_str, i32 1, void @p_str, void @p_str, i32 256, i32 256, i1032 %nnz_stream, i1032 %nnz_stream"   --->   Operation 129 'specchannel' 'empty_62' <Predicate = true> <Delay = 0.00>
ST_6 : Operation 130 [1/1] (0.00ns)   --->   "%specinterface_ln0 = specinterface void @_ssdm_op_SpecInterface, i1032 %nnz_stream, void @empty_16, i32 0, i32 0, void @empty_25, i32 0, i32 0, void @empty_25, void @empty_25, void @empty_25, i32 0, i32 0, i32 0, i32 0, void @empty_25, void @empty_25, i32 4294967295, i32 0, i32 0"   --->   Operation 130 'specinterface' 'specinterface_ln0' <Predicate = true> <Delay = 0.00>
ST_6 : Operation 131 [1/1] (0.00ns)   --->   "%empty_63 = specchannel i32 @_ssdm_op_SpecChannel, void @pe_streams_0_str, i32 1, void @p_str, void @p_str, i32 256, i32 256, i97 %pe_streams_0, i97 %pe_streams_0"   --->   Operation 131 'specchannel' 'empty_63' <Predicate = true> <Delay = 0.00>
ST_6 : Operation 132 [1/1] (0.00ns)   --->   "%specinterface_ln0 = specinterface void @_ssdm_op_SpecInterface, i97 %pe_streams_0, void @empty_16, i32 0, i32 0, void @empty_25, i32 0, i32 0, void @empty_25, void @empty_25, void @empty_25, i32 0, i32 0, i32 0, i32 0, void @empty_25, void @empty_25, i32 4294967295, i32 0, i32 0"   --->   Operation 132 'specinterface' 'specinterface_ln0' <Predicate = true> <Delay = 0.00>
ST_6 : Operation 133 [1/1] (0.00ns)   --->   "%empty_64 = specchannel i32 @_ssdm_op_SpecChannel, void @pe_streams_1_str, i32 1, void @p_str, void @p_str, i32 256, i32 256, i97 %pe_streams_1, i97 %pe_streams_1"   --->   Operation 133 'specchannel' 'empty_64' <Predicate = true> <Delay = 0.00>
ST_6 : Operation 134 [1/1] (0.00ns)   --->   "%specinterface_ln0 = specinterface void @_ssdm_op_SpecInterface, i97 %pe_streams_1, void @empty_16, i32 0, i32 0, void @empty_25, i32 0, i32 0, void @empty_25, void @empty_25, void @empty_25, i32 0, i32 0, i32 0, i32 0, void @empty_25, void @empty_25, i32 4294967295, i32 0, i32 0"   --->   Operation 134 'specinterface' 'specinterface_ln0' <Predicate = true> <Delay = 0.00>
ST_6 : Operation 135 [1/1] (0.00ns)   --->   "%empty_65 = specchannel i32 @_ssdm_op_SpecChannel, void @pe_streams_2_str, i32 1, void @p_str, void @p_str, i32 256, i32 256, i97 %pe_streams_2, i97 %pe_streams_2"   --->   Operation 135 'specchannel' 'empty_65' <Predicate = true> <Delay = 0.00>
ST_6 : Operation 136 [1/1] (0.00ns)   --->   "%specinterface_ln0 = specinterface void @_ssdm_op_SpecInterface, i97 %pe_streams_2, void @empty_16, i32 0, i32 0, void @empty_25, i32 0, i32 0, void @empty_25, void @empty_25, void @empty_25, i32 0, i32 0, i32 0, i32 0, void @empty_25, void @empty_25, i32 4294967295, i32 0, i32 0"   --->   Operation 136 'specinterface' 'specinterface_ln0' <Predicate = true> <Delay = 0.00>
ST_6 : Operation 137 [1/1] (0.00ns)   --->   "%empty_66 = specchannel i32 @_ssdm_op_SpecChannel, void @pe_streams_3_str, i32 1, void @p_str, void @p_str, i32 256, i32 256, i97 %pe_streams_3, i97 %pe_streams_3"   --->   Operation 137 'specchannel' 'empty_66' <Predicate = true> <Delay = 0.00>
ST_6 : Operation 138 [1/1] (0.00ns)   --->   "%specinterface_ln0 = specinterface void @_ssdm_op_SpecInterface, i97 %pe_streams_3, void @empty_16, i32 0, i32 0, void @empty_25, i32 0, i32 0, void @empty_25, void @empty_25, void @empty_25, i32 0, i32 0, i32 0, i32 0, void @empty_25, void @empty_25, i32 4294967295, i32 0, i32 0"   --->   Operation 138 'specinterface' 'specinterface_ln0' <Predicate = true> <Delay = 0.00>
ST_6 : Operation 139 [1/1] (0.00ns)   --->   "%empty_67 = specchannel i32 @_ssdm_op_SpecChannel, void @pe_streams_4_str, i32 1, void @p_str, void @p_str, i32 256, i32 256, i97 %pe_streams_4, i97 %pe_streams_4"   --->   Operation 139 'specchannel' 'empty_67' <Predicate = true> <Delay = 0.00>
ST_6 : Operation 140 [1/1] (0.00ns)   --->   "%specinterface_ln0 = specinterface void @_ssdm_op_SpecInterface, i97 %pe_streams_4, void @empty_16, i32 0, i32 0, void @empty_25, i32 0, i32 0, void @empty_25, void @empty_25, void @empty_25, i32 0, i32 0, i32 0, i32 0, void @empty_25, void @empty_25, i32 4294967295, i32 0, i32 0"   --->   Operation 140 'specinterface' 'specinterface_ln0' <Predicate = true> <Delay = 0.00>
ST_6 : Operation 141 [1/1] (0.00ns)   --->   "%empty_68 = specchannel i32 @_ssdm_op_SpecChannel, void @pe_streams_5_str, i32 1, void @p_str, void @p_str, i32 256, i32 256, i97 %pe_streams_5, i97 %pe_streams_5"   --->   Operation 141 'specchannel' 'empty_68' <Predicate = true> <Delay = 0.00>
ST_6 : Operation 142 [1/1] (0.00ns)   --->   "%specinterface_ln0 = specinterface void @_ssdm_op_SpecInterface, i97 %pe_streams_5, void @empty_16, i32 0, i32 0, void @empty_25, i32 0, i32 0, void @empty_25, void @empty_25, void @empty_25, i32 0, i32 0, i32 0, i32 0, void @empty_25, void @empty_25, i32 4294967295, i32 0, i32 0"   --->   Operation 142 'specinterface' 'specinterface_ln0' <Predicate = true> <Delay = 0.00>
ST_6 : Operation 143 [1/1] (0.00ns)   --->   "%empty_69 = specchannel i32 @_ssdm_op_SpecChannel, void @pe_streams_6_str, i32 1, void @p_str, void @p_str, i32 256, i32 256, i97 %pe_streams_6, i97 %pe_streams_6"   --->   Operation 143 'specchannel' 'empty_69' <Predicate = true> <Delay = 0.00>
ST_6 : Operation 144 [1/1] (0.00ns)   --->   "%specinterface_ln0 = specinterface void @_ssdm_op_SpecInterface, i97 %pe_streams_6, void @empty_16, i32 0, i32 0, void @empty_25, i32 0, i32 0, void @empty_25, void @empty_25, void @empty_25, i32 0, i32 0, i32 0, i32 0, void @empty_25, void @empty_25, i32 4294967295, i32 0, i32 0"   --->   Operation 144 'specinterface' 'specinterface_ln0' <Predicate = true> <Delay = 0.00>
ST_6 : Operation 145 [1/1] (0.00ns)   --->   "%empty_70 = specchannel i32 @_ssdm_op_SpecChannel, void @pe_streams_7_str, i32 1, void @p_str, void @p_str, i32 256, i32 256, i97 %pe_streams_7, i97 %pe_streams_7"   --->   Operation 145 'specchannel' 'empty_70' <Predicate = true> <Delay = 0.00>
ST_6 : Operation 146 [1/1] (0.00ns)   --->   "%specinterface_ln0 = specinterface void @_ssdm_op_SpecInterface, i97 %pe_streams_7, void @empty_16, i32 0, i32 0, void @empty_25, i32 0, i32 0, void @empty_25, void @empty_25, void @empty_25, i32 0, i32 0, i32 0, i32 0, void @empty_25, void @empty_25, i32 4294967295, i32 0, i32 0"   --->   Operation 146 'specinterface' 'specinterface_ln0' <Predicate = true> <Delay = 0.00>
ST_6 : Operation 147 [1/1] (0.00ns)   --->   "%empty_71 = specchannel i32 @_ssdm_op_SpecChannel, void @pe_streams_8_str, i32 1, void @p_str, void @p_str, i32 256, i32 256, i97 %pe_streams_8, i97 %pe_streams_8"   --->   Operation 147 'specchannel' 'empty_71' <Predicate = true> <Delay = 0.00>
ST_6 : Operation 148 [1/1] (0.00ns)   --->   "%specinterface_ln0 = specinterface void @_ssdm_op_SpecInterface, i97 %pe_streams_8, void @empty_16, i32 0, i32 0, void @empty_25, i32 0, i32 0, void @empty_25, void @empty_25, void @empty_25, i32 0, i32 0, i32 0, i32 0, void @empty_25, void @empty_25, i32 4294967295, i32 0, i32 0"   --->   Operation 148 'specinterface' 'specinterface_ln0' <Predicate = true> <Delay = 0.00>
ST_6 : Operation 149 [1/1] (0.00ns)   --->   "%empty_72 = specchannel i32 @_ssdm_op_SpecChannel, void @pe_streams_9_str, i32 1, void @p_str, void @p_str, i32 256, i32 256, i97 %pe_streams_9, i97 %pe_streams_9"   --->   Operation 149 'specchannel' 'empty_72' <Predicate = true> <Delay = 0.00>
ST_6 : Operation 150 [1/1] (0.00ns)   --->   "%specinterface_ln0 = specinterface void @_ssdm_op_SpecInterface, i97 %pe_streams_9, void @empty_16, i32 0, i32 0, void @empty_25, i32 0, i32 0, void @empty_25, void @empty_25, void @empty_25, i32 0, i32 0, i32 0, i32 0, void @empty_25, void @empty_25, i32 4294967295, i32 0, i32 0"   --->   Operation 150 'specinterface' 'specinterface_ln0' <Predicate = true> <Delay = 0.00>
ST_6 : Operation 151 [1/1] (0.00ns)   --->   "%empty_73 = specchannel i32 @_ssdm_op_SpecChannel, void @pe_streams_10_str, i32 1, void @p_str, void @p_str, i32 256, i32 256, i97 %pe_streams_10, i97 %pe_streams_10"   --->   Operation 151 'specchannel' 'empty_73' <Predicate = true> <Delay = 0.00>
ST_6 : Operation 152 [1/1] (0.00ns)   --->   "%specinterface_ln0 = specinterface void @_ssdm_op_SpecInterface, i97 %pe_streams_10, void @empty_16, i32 0, i32 0, void @empty_25, i32 0, i32 0, void @empty_25, void @empty_25, void @empty_25, i32 0, i32 0, i32 0, i32 0, void @empty_25, void @empty_25, i32 4294967295, i32 0, i32 0"   --->   Operation 152 'specinterface' 'specinterface_ln0' <Predicate = true> <Delay = 0.00>
ST_6 : Operation 153 [1/1] (0.00ns)   --->   "%empty_74 = specchannel i32 @_ssdm_op_SpecChannel, void @pe_streams_11_str, i32 1, void @p_str, void @p_str, i32 256, i32 256, i97 %pe_streams_11, i97 %pe_streams_11"   --->   Operation 153 'specchannel' 'empty_74' <Predicate = true> <Delay = 0.00>
ST_6 : Operation 154 [1/1] (0.00ns)   --->   "%specinterface_ln0 = specinterface void @_ssdm_op_SpecInterface, i97 %pe_streams_11, void @empty_16, i32 0, i32 0, void @empty_25, i32 0, i32 0, void @empty_25, void @empty_25, void @empty_25, i32 0, i32 0, i32 0, i32 0, void @empty_25, void @empty_25, i32 4294967295, i32 0, i32 0"   --->   Operation 154 'specinterface' 'specinterface_ln0' <Predicate = true> <Delay = 0.00>
ST_6 : Operation 155 [1/1] (0.00ns)   --->   "%empty_75 = specchannel i32 @_ssdm_op_SpecChannel, void @pe_streams_12_str, i32 1, void @p_str, void @p_str, i32 256, i32 256, i97 %pe_streams_12, i97 %pe_streams_12"   --->   Operation 155 'specchannel' 'empty_75' <Predicate = true> <Delay = 0.00>
ST_6 : Operation 156 [1/1] (0.00ns)   --->   "%specinterface_ln0 = specinterface void @_ssdm_op_SpecInterface, i97 %pe_streams_12, void @empty_16, i32 0, i32 0, void @empty_25, i32 0, i32 0, void @empty_25, void @empty_25, void @empty_25, i32 0, i32 0, i32 0, i32 0, void @empty_25, void @empty_25, i32 4294967295, i32 0, i32 0"   --->   Operation 156 'specinterface' 'specinterface_ln0' <Predicate = true> <Delay = 0.00>
ST_6 : Operation 157 [1/1] (0.00ns)   --->   "%empty_76 = specchannel i32 @_ssdm_op_SpecChannel, void @pe_streams_13_str, i32 1, void @p_str, void @p_str, i32 256, i32 256, i97 %pe_streams_13, i97 %pe_streams_13"   --->   Operation 157 'specchannel' 'empty_76' <Predicate = true> <Delay = 0.00>
ST_6 : Operation 158 [1/1] (0.00ns)   --->   "%specinterface_ln0 = specinterface void @_ssdm_op_SpecInterface, i97 %pe_streams_13, void @empty_16, i32 0, i32 0, void @empty_25, i32 0, i32 0, void @empty_25, void @empty_25, void @empty_25, i32 0, i32 0, i32 0, i32 0, void @empty_25, void @empty_25, i32 4294967295, i32 0, i32 0"   --->   Operation 158 'specinterface' 'specinterface_ln0' <Predicate = true> <Delay = 0.00>
ST_6 : Operation 159 [1/1] (0.00ns)   --->   "%empty_77 = specchannel i32 @_ssdm_op_SpecChannel, void @pe_streams_14_str, i32 1, void @p_str, void @p_str, i32 256, i32 256, i97 %pe_streams_14, i97 %pe_streams_14"   --->   Operation 159 'specchannel' 'empty_77' <Predicate = true> <Delay = 0.00>
ST_6 : Operation 160 [1/1] (0.00ns)   --->   "%specinterface_ln0 = specinterface void @_ssdm_op_SpecInterface, i97 %pe_streams_14, void @empty_16, i32 0, i32 0, void @empty_25, i32 0, i32 0, void @empty_25, void @empty_25, void @empty_25, i32 0, i32 0, i32 0, i32 0, void @empty_25, void @empty_25, i32 4294967295, i32 0, i32 0"   --->   Operation 160 'specinterface' 'specinterface_ln0' <Predicate = true> <Delay = 0.00>
ST_6 : Operation 161 [1/1] (0.00ns)   --->   "%empty_78 = specchannel i32 @_ssdm_op_SpecChannel, void @pe_streams_15_str, i32 1, void @p_str, void @p_str, i32 256, i32 256, i97 %pe_streams_15, i97 %pe_streams_15"   --->   Operation 161 'specchannel' 'empty_78' <Predicate = true> <Delay = 0.00>
ST_6 : Operation 162 [1/1] (0.00ns)   --->   "%specinterface_ln0 = specinterface void @_ssdm_op_SpecInterface, i97 %pe_streams_15, void @empty_16, i32 0, i32 0, void @empty_25, i32 0, i32 0, void @empty_25, void @empty_25, void @empty_25, i32 0, i32 0, i32 0, i32 0, void @empty_25, void @empty_25, i32 4294967295, i32 0, i32 0"   --->   Operation 162 'specinterface' 'specinterface_ln0' <Predicate = true> <Delay = 0.00>
ST_6 : Operation 163 [1/2] (0.00ns)   --->   "%call_ln326 = call void @compute_pe, i32 %num_rows_c16, i97 %pe_streams_0, i32 %y_partial_0" [../HLS/src/spmv_csc.cpp:326]   --->   Operation 163 'call' 'call_ln326' <Predicate = true> <Delay = 0.00> <CoreType = "Generic">   --->   Generic Core
ST_6 : Operation 164 [1/2] (0.00ns)   --->   "%call_ln326 = call void @compute_pe.1, i32 %num_rows_c15, i97 %pe_streams_1, i32 %y_partial_1" [../HLS/src/spmv_csc.cpp:326]   --->   Operation 164 'call' 'call_ln326' <Predicate = true> <Delay = 0.00> <CoreType = "Generic">   --->   Generic Core
ST_6 : Operation 165 [1/2] (0.00ns)   --->   "%call_ln326 = call void @compute_pe.2, i32 %num_rows_c14, i97 %pe_streams_2, i32 %y_partial_2" [../HLS/src/spmv_csc.cpp:326]   --->   Operation 165 'call' 'call_ln326' <Predicate = true> <Delay = 0.00> <CoreType = "Generic">   --->   Generic Core
ST_6 : Operation 166 [1/2] (0.00ns)   --->   "%call_ln326 = call void @compute_pe.3, i32 %num_rows_c13, i97 %pe_streams_3, i32 %y_partial_3" [../HLS/src/spmv_csc.cpp:326]   --->   Operation 166 'call' 'call_ln326' <Predicate = true> <Delay = 0.00> <CoreType = "Generic">   --->   Generic Core
ST_6 : Operation 167 [1/2] (0.00ns)   --->   "%call_ln326 = call void @compute_pe.4, i32 %num_rows_c12, i97 %pe_streams_4, i32 %y_partial_4" [../HLS/src/spmv_csc.cpp:326]   --->   Operation 167 'call' 'call_ln326' <Predicate = true> <Delay = 0.00> <CoreType = "Generic">   --->   Generic Core
ST_6 : Operation 168 [1/2] (0.00ns)   --->   "%call_ln326 = call void @compute_pe.5, i32 %num_rows_c11, i97 %pe_streams_5, i32 %y_partial_5" [../HLS/src/spmv_csc.cpp:326]   --->   Operation 168 'call' 'call_ln326' <Predicate = true> <Delay = 0.00> <CoreType = "Generic">   --->   Generic Core
ST_6 : Operation 169 [1/2] (0.00ns)   --->   "%call_ln326 = call void @compute_pe.6, i32 %num_rows_c10, i97 %pe_streams_6, i32 %y_partial_6" [../HLS/src/spmv_csc.cpp:326]   --->   Operation 169 'call' 'call_ln326' <Predicate = true> <Delay = 0.00> <CoreType = "Generic">   --->   Generic Core
ST_6 : Operation 170 [1/2] (0.00ns)   --->   "%call_ln326 = call void @compute_pe.7, i32 %num_rows_c9, i97 %pe_streams_7, i32 %y_partial_7" [../HLS/src/spmv_csc.cpp:326]   --->   Operation 170 'call' 'call_ln326' <Predicate = true> <Delay = 0.00> <CoreType = "Generic">   --->   Generic Core
ST_6 : Operation 171 [1/2] (0.00ns)   --->   "%call_ln326 = call void @compute_pe.8, i32 %num_rows_c8, i97 %pe_streams_8, i32 %y_partial_8" [../HLS/src/spmv_csc.cpp:326]   --->   Operation 171 'call' 'call_ln326' <Predicate = true> <Delay = 0.00> <CoreType = "Generic">   --->   Generic Core
ST_6 : Operation 172 [1/2] (0.00ns)   --->   "%call_ln326 = call void @compute_pe.9, i32 %num_rows_c7, i97 %pe_streams_9, i32 %y_partial_9" [../HLS/src/spmv_csc.cpp:326]   --->   Operation 172 'call' 'call_ln326' <Predicate = true> <Delay = 0.00> <CoreType = "Generic">   --->   Generic Core
ST_6 : Operation 173 [1/2] (0.00ns)   --->   "%call_ln326 = call void @compute_pe.10, i32 %num_rows_c6, i97 %pe_streams_10, i32 %y_partial_10" [../HLS/src/spmv_csc.cpp:326]   --->   Operation 173 'call' 'call_ln326' <Predicate = true> <Delay = 0.00> <CoreType = "Generic">   --->   Generic Core
ST_6 : Operation 174 [1/2] (0.00ns)   --->   "%call_ln326 = call void @compute_pe.11, i32 %num_rows_c5, i97 %pe_streams_11, i32 %y_partial_11" [../HLS/src/spmv_csc.cpp:326]   --->   Operation 174 'call' 'call_ln326' <Predicate = true> <Delay = 0.00> <CoreType = "Generic">   --->   Generic Core
ST_6 : Operation 175 [1/2] (0.00ns)   --->   "%call_ln326 = call void @compute_pe.12, i32 %num_rows_c4, i97 %pe_streams_12, i32 %y_partial_12" [../HLS/src/spmv_csc.cpp:326]   --->   Operation 175 'call' 'call_ln326' <Predicate = true> <Delay = 0.00> <CoreType = "Generic">   --->   Generic Core
ST_6 : Operation 176 [1/2] (0.00ns)   --->   "%call_ln326 = call void @compute_pe.13, i32 %num_rows_c3, i97 %pe_streams_13, i32 %y_partial_13" [../HLS/src/spmv_csc.cpp:326]   --->   Operation 176 'call' 'call_ln326' <Predicate = true> <Delay = 0.00> <CoreType = "Generic">   --->   Generic Core
ST_6 : Operation 177 [1/2] (0.00ns)   --->   "%call_ln326 = call void @compute_pe.14, i32 %num_rows_c2, i97 %pe_streams_14, i32 %y_partial_14" [../HLS/src/spmv_csc.cpp:326]   --->   Operation 177 'call' 'call_ln326' <Predicate = true> <Delay = 0.00> <CoreType = "Generic">   --->   Generic Core
ST_6 : Operation 178 [1/2] (0.00ns)   --->   "%call_ln326 = call void @compute_pe.15, i32 %num_rows_c, i97 %pe_streams_15, i32 %y_partial_15" [../HLS/src/spmv_csc.cpp:326]   --->   Operation 178 'call' 'call_ln326' <Predicate = true> <Delay = 0.00> <CoreType = "Generic">   --->   Generic Core
ST_6 : Operation 179 [1/1] (0.00ns)   --->   "%ret_ln328 = ret" [../HLS/src/spmv_csc.cpp:328]   --->   Operation 179 'ret' 'ret_ln328' <Predicate = true> <Delay = 0.00>


============================================================
+ Verbose Summary: Timing violations
============================================================
Target clock period: 5.000ns, clock uncertainty: 1.000ns.

 <State 1>: 4.000ns
The critical path consists of the following:
	wire read operation ('x_read', ../HLS/src/spmv_csc.cpp:318) on port 'x' (../HLS/src/spmv_csc.cpp:318) [28]  (0.000 ns)
	'call' operation 0 bit ('call_ln319', ../HLS/src/spmv_csc.cpp:319) to 'read_col_info' [162]  (4.000 ns)

 <State 2>: 0.000ns
The critical path consists of the following:

 <State 3>: 0.000ns
The critical path consists of the following:

 <State 4>: 1.838ns
The critical path consists of the following:
	wire read operation ('num_rows_read', ../HLS/src/spmv_csc.cpp:318) on port 'num_rows' (../HLS/src/spmv_csc.cpp:318) [34]  (0.000 ns)
	'call' operation 0 bit ('call_ln318', ../HLS/src/spmv_csc.cpp:318) to 'entry_proc' [161]  (1.838 ns)

 <State 5>: 0.000ns
The critical path consists of the following:

 <State 6>: 0.000ns
The critical path consists of the following:


============================================================
+ Verbose Summary: Binding
============================================================
N/A
* FSMD analyzer results:
  - Output states:
 - Input state : 
  - Chain level:
	State 1
	State 2
	State 3
	State 4
	State 5
	State 6


============================================================
+ Verbose Summary: Datapath Resource usage 
============================================================
N/A
