

================================================================
== Vitis HLS Report for 'spmv_csc'
================================================================
* Date:           Thu Apr 23 14:47:03 2026

* Version:        2024.2 (Build 5238294 on Nov  8 2024)
* Project:        spmv_csc_HW_HLS
* Solution:       solution1 (Vivado IP Flow Target)
* Product family: zynquplus
* Target device:  xczu7ev-ffvc1156-2-e


================================================================
== Performance Estimates
================================================================
+ Timing: 
    * Summary: 
    +--------+----------+----------+------------+
    |  Clock |  Target  | Estimated| Uncertainty|
    +--------+----------+----------+------------+
    |ap_clk  |  10.00 ns|  9.000 ns|     1.00 ns|
    +--------+----------+----------+------------+

+ Latency: 
    * Summary: 
    +---------+---------+----------+----------+-----+-----+---------+
    |  Latency (cycles) |  Latency (absolute) |  Interval | Pipeline|
    |   min   |   max   |    min   |    max   | min | max |   Type  |
    +---------+---------+----------+----------+-----+-----+---------+
    |        ?|        ?|         ?|         ?|    ?|    ?|       no|
    +---------+---------+----------+----------+-----+-----+---------+

    + Detail: 
        * Instance: 
        +------------------------------------+-------------------------+---------+------------+----------+------------+-----+------------+----------+
        |                                    |                         |   Latency (cycles)   |   Latency (absolute)  |     Interval     | Pipeline |
        |              Instance              |          Module         |   min   |     max    |    min   |     max    | min |     max    |   Type   |
        +------------------------------------+-------------------------+---------+------------+----------+------------+-----+------------+----------+
        |grp_spmv_csc_dataflow_fu_188        |spmv_csc_dataflow        |        ?|           ?|         ?|           ?|    ?|           ?|  dataflow|
        |grp_reduce_and_write_packed_fu_215  |reduce_and_write_packed  |       10|  2147483674|  0.100 us|  21.475 sec|   10|  2147483674|        no|
        +------------------------------------+-------------------------+---------+------------+----------+------------+-----+------------+----------+

        * Loop: 
        N/A



================================================================
== Utilization Estimates
================================================================
* Summary: 
+-----------------+---------+------+--------+--------+-----+
|       Name      | BRAM_18K|  DSP |   FF   |   LUT  | URAM|
+-----------------+---------+------+--------+--------+-----+
|DSP              |        -|     -|       -|       -|    -|
|Expression       |        -|     -|       0|      84|    -|
|FIFO             |        -|     -|       -|       -|    -|
|Instance         |      172|    56|   19883|   57693|    0|
|Memory           |        -|     -|       0|       0|    8|
|Multiplexer      |        -|     -|       0|     426|    -|
|Register         |        -|     -|     426|       -|    -|
+-----------------+---------+------+--------+--------+-----+
|Total            |      172|    56|   20309|   58203|    8|
+-----------------+---------+------+--------+--------+-----+
|Available        |      624|  1728|  460800|  230400|   96|
+-----------------+---------+------+--------+--------+-----+
|Utilization (%)  |       27|     3|       4|      25|    8|
+-----------------+---------+------+--------+--------+-----+

+ Detail: 
    * Instance: 
    +------------------------------------+-------------------------+---------+----+------+-------+-----+
    |              Instance              |          Module         | BRAM_18K| DSP|  FF  |  LUT  | URAM|
    +------------------------------------+-------------------------+---------+----+------+-------+-----+
    |control_s_axi_U                     |control_s_axi            |        0|   0|   500|    872|    0|
    |gmem0_m_axi_U                       |gmem0_m_axi              |       29|   0|  1574|   1642|    0|
    |gmem1_m_axi_U                       |gmem1_m_axi              |        2|   0|   671|    637|    0|
    |gmem2_m_axi_U                       |gmem2_m_axi              |       29|   0|  1574|   1642|    0|
    |gmem3_m_axi_U                       |gmem3_m_axi              |        2|   0|   671|    637|    0|
    |gmem4_m_axi_U                       |gmem4_m_axi              |       29|   0|  1568|   1630|    0|
    |grp_reduce_and_write_packed_fu_215  |reduce_and_write_packed  |        0|  16|  3613|   8511|    0|
    |grp_spmv_csc_dataflow_fu_188        |spmv_csc_dataflow        |       81|  40|  9712|  42122|    0|
    +------------------------------------+-------------------------+---------+----+------+-------+-----+
    |Total                               |                         |      172|  56| 19883|  57693|    0|
    +------------------------------------+-------------------------+---------+----+------+-------+-----+

    * DSP: 
    N/A

    * Memory: 
    +---------------+-----------------------------+---------+---+----+-----+------+-----+------+-------------+
    |     Memory    |            Module           | BRAM_18K| FF| LUT| URAM| Words| Bits| Banks| W*Bits*Banks|
    +---------------+-----------------------------+---------+---+----+-----+------+-----+------+-------------+
    |y_partial_U    |y_partial_RAM_T2P_URAM_1R1W  |        0|  0|   0|    1|  1024|   32|     1|        32768|
    |y_partial_1_U  |y_partial_RAM_T2P_URAM_1R1W  |        0|  0|   0|    1|  1024|   32|     1|        32768|
    |y_partial_2_U  |y_partial_RAM_T2P_URAM_1R1W  |        0|  0|   0|    1|  1024|   32|     1|        32768|
    |y_partial_3_U  |y_partial_RAM_T2P_URAM_1R1W  |        0|  0|   0|    1|  1024|   32|     1|        32768|
    |y_partial_4_U  |y_partial_RAM_T2P_URAM_1R1W  |        0|  0|   0|    1|  1024|   32|     1|        32768|
    |y_partial_5_U  |y_partial_RAM_T2P_URAM_1R1W  |        0|  0|   0|    1|  1024|   32|     1|        32768|
    |y_partial_6_U  |y_partial_RAM_T2P_URAM_1R1W  |        0|  0|   0|    1|  1024|   32|     1|        32768|
    |y_partial_7_U  |y_partial_RAM_T2P_URAM_1R1W  |        0|  0|   0|    1|  1024|   32|     1|        32768|
    +---------------+-----------------------------+---------+---+----+-----+------+-----+------+-------------+
    |Total          |                             |        0|  0|   0|    8|  8192|  256|     8|       262144|
    +---------------+-----------------------------+---------+---+----+-----+------+-----+------+-------------+

    * FIFO: 
    N/A

    * Expression: 
    +-----------------------------------------------+----------+----+---+----+------------+------------+
    |                 Variable Name                 | Operation| DSP| FF| LUT| Bitwidth P0| Bitwidth P1|
    +-----------------------------------------------+----------+----+---+----+------------+------------+
    |ap_block_state5_on_subcall_done                |       and|   0|  0|   2|           1|           1|
    |icmp_ln355_1_fu_237_p2                         |      icmp|   0|  0|  39|          32|          11|
    |icmp_ln355_fu_231_p2                           |      icmp|   0|  0|  39|          32|          11|
    |ap_sync_grp_spmv_csc_dataflow_fu_188_ap_ready  |        or|   0|  0|   2|           1|           1|
    |or_ln355_fu_243_p2                             |        or|   0|  0|   2|           1|           1|
    +-----------------------------------------------+----------+----+---+----+------------+------------+
    |Total                                          |          |   0|  0|  84|          67|          25|
    +-----------------------------------------------+----------+----+---+----+------------+------------+

    * Multiplexer: 
    +----------------------+----+-----------+-----+-----------+
    |         Name         | LUT| Input Size| Bits| Total Bits|
    +----------------------+----+-----------+-----+-----------+
    |ap_NS_fsm             |  31|          6|    1|          6|
    |gmem0_0_ARVALID       |   9|          2|    1|          2|
    |gmem0_0_RREADY        |   9|          2|    1|          2|
    |gmem1_0_ARVALID       |   9|          2|    1|          2|
    |gmem1_0_RREADY        |   9|          2|    1|          2|
    |gmem2_0_ARVALID       |   9|          2|    1|          2|
    |gmem2_0_RREADY        |   9|          2|    1|          2|
    |gmem3_0_ARVALID       |   9|          2|    1|          2|
    |gmem3_0_RREADY        |   9|          2|    1|          2|
    |gmem4_0_AWVALID       |   9|          2|    1|          2|
    |gmem4_0_BREADY        |   9|          2|    1|          2|
    |gmem4_0_WVALID        |   9|          2|    1|          2|
    |y_partial_1_address0  |  14|          3|   10|         30|
    |y_partial_1_ce0       |  14|          3|    1|          3|
    |y_partial_1_we0       |   9|          2|    1|          2|
    |y_partial_2_address0  |  14|          3|   10|         30|
    |y_partial_2_ce0       |  14|          3|    1|          3|
    |y_partial_2_we0       |   9|          2|    1|          2|
    |y_partial_3_address0  |  14|          3|   10|         30|
    |y_partial_3_ce0       |  14|          3|    1|          3|
    |y_partial_3_we0       |   9|          2|    1|          2|
    |y_partial_4_address0  |  14|          3|   10|         30|
    |y_partial_4_ce0       |  14|          3|    1|          3|
    |y_partial_4_we0       |   9|          2|    1|          2|
    |y_partial_5_address0  |  14|          3|   10|         30|
    |y_partial_5_ce0       |  14|          3|    1|          3|
    |y_partial_5_we0       |   9|          2|    1|          2|
    |y_partial_6_address0  |  14|          3|   10|         30|
    |y_partial_6_ce0       |  14|          3|    1|          3|
    |y_partial_6_we0       |   9|          2|    1|          2|
    |y_partial_7_address0  |  14|          3|   10|         30|
    |y_partial_7_ce0       |  14|          3|    1|          3|
    |y_partial_7_we0       |   9|          2|    1|          2|
    |y_partial_address0    |  14|          3|   10|         30|
    |y_partial_ce0         |  14|          3|    1|          3|
    |y_partial_we0         |   9|          2|    1|          2|
    +----------------------+----+-----------+-----+-----------+
    |Total                 | 426|         92|  108|        308|
    +----------------------+----+-----------+-----+-----------+

    * Register: 
    +---------------------------------------------------+----+----+-----+-----------+
    |                        Name                       | FF | LUT| Bits| Const Bits|
    +---------------------------------------------------+----+----+-----+-----------+
    |A_col_ptr_read_reg_264                             |  64|   0|   64|          0|
    |A_row_idx_read_reg_269                             |  64|   0|   64|          0|
    |A_values_read_reg_259                              |  64|   0|   64|          0|
    |ap_CS_fsm                                          |   5|   0|    5|          0|
    |ap_sync_reg_grp_spmv_csc_dataflow_fu_188_ap_done   |   1|   0|    1|          0|
    |ap_sync_reg_grp_spmv_csc_dataflow_fu_188_ap_ready  |   1|   0|    1|          0|
    |grp_reduce_and_write_packed_fu_215_ap_start_reg    |   1|   0|    1|          0|
    |grp_spmv_csc_dataflow_fu_188_ap_start_reg          |   1|   0|    1|          0|
    |nnz_read_reg_274                                   |  32|   0|   32|          0|
    |num_cols_read_reg_279                              |  32|   0|   32|          0|
    |num_rows_read_reg_284                              |  32|   0|   32|          0|
    |or_ln355_reg_290                                   |   1|   0|    1|          0|
    |x_read_reg_254                                     |  64|   0|   64|          0|
    |y_read_reg_249                                     |  64|   0|   64|          0|
    +---------------------------------------------------+----+----+-----+-----------+
    |Total                                              | 426|   0|  426|          0|
    +---------------------------------------------------+----+----+-----+-----------+



================================================================
== Interface
================================================================
* Summary: 
+-----------------------+-----+-----+------------+--------------+--------------+
|       RTL Ports       | Dir | Bits|  Protocol  | Source Object|    C Type    |
+-----------------------+-----+-----+------------+--------------+--------------+
|s_axi_control_AWVALID  |   in|    1|       s_axi|       control|        scalar|
|s_axi_control_AWREADY  |  out|    1|       s_axi|       control|        scalar|
|s_axi_control_AWADDR   |   in|    7|       s_axi|       control|        scalar|
|s_axi_control_WVALID   |   in|    1|       s_axi|       control|        scalar|
|s_axi_control_WREADY   |  out|    1|       s_axi|       control|        scalar|
|s_axi_control_WDATA    |   in|   32|       s_axi|       control|        scalar|
|s_axi_control_WSTRB    |   in|    4|       s_axi|       control|        scalar|
|s_axi_control_ARVALID  |   in|    1|       s_axi|       control|        scalar|
|s_axi_control_ARREADY  |  out|    1|       s_axi|       control|        scalar|
|s_axi_control_ARADDR   |   in|    7|       s_axi|       control|        scalar|
|s_axi_control_RVALID   |  out|    1|       s_axi|       control|        scalar|
|s_axi_control_RREADY   |   in|    1|       s_axi|       control|        scalar|
|s_axi_control_RDATA    |  out|   32|       s_axi|       control|        scalar|
|s_axi_control_RRESP    |  out|    2|       s_axi|       control|        scalar|
|s_axi_control_BVALID   |  out|    1|       s_axi|       control|        scalar|
|s_axi_control_BREADY   |   in|    1|       s_axi|       control|        scalar|
|s_axi_control_BRESP    |  out|    2|       s_axi|       control|        scalar|
|ap_clk                 |   in|    1|  ap_ctrl_hs|      spmv_csc|  return value|
|ap_rst_n               |   in|    1|  ap_ctrl_hs|      spmv_csc|  return value|
|interrupt              |  out|    1|  ap_ctrl_hs|      spmv_csc|  return value|
|m_axi_gmem0_AWVALID    |  out|    1|       m_axi|         gmem0|       pointer|
|m_axi_gmem0_AWREADY    |   in|    1|       m_axi|         gmem0|       pointer|
|m_axi_gmem0_AWADDR     |  out|   64|       m_axi|         gmem0|       pointer|
|m_axi_gmem0_AWID       |  out|    1|       m_axi|         gmem0|       pointer|
|m_axi_gmem0_AWLEN      |  out|    8|       m_axi|         gmem0|       pointer|
|m_axi_gmem0_AWSIZE     |  out|    3|       m_axi|         gmem0|       pointer|
|m_axi_gmem0_AWBURST    |  out|    2|       m_axi|         gmem0|       pointer|
|m_axi_gmem0_AWLOCK     |  out|    2|       m_axi|         gmem0|       pointer|
|m_axi_gmem0_AWCACHE    |  out|    4|       m_axi|         gmem0|       pointer|
|m_axi_gmem0_AWPROT     |  out|    3|       m_axi|         gmem0|       pointer|
|m_axi_gmem0_AWQOS      |  out|    4|       m_axi|         gmem0|       pointer|
|m_axi_gmem0_AWREGION   |  out|    4|       m_axi|         gmem0|       pointer|
|m_axi_gmem0_AWUSER     |  out|    1|       m_axi|         gmem0|       pointer|
|m_axi_gmem0_WVALID     |  out|    1|       m_axi|         gmem0|       pointer|
|m_axi_gmem0_WREADY     |   in|    1|       m_axi|         gmem0|       pointer|
|m_axi_gmem0_WDATA      |  out|  512|       m_axi|         gmem0|       pointer|
|m_axi_gmem0_WSTRB      |  out|   64|       m_axi|         gmem0|       pointer|
|m_axi_gmem0_WLAST      |  out|    1|       m_axi|         gmem0|       pointer|
|m_axi_gmem0_WID        |  out|    1|       m_axi|         gmem0|       pointer|
|m_axi_gmem0_WUSER      |  out|    1|       m_axi|         gmem0|       pointer|
|m_axi_gmem0_ARVALID    |  out|    1|       m_axi|         gmem0|       pointer|
|m_axi_gmem0_ARREADY    |   in|    1|       m_axi|         gmem0|       pointer|
|m_axi_gmem0_ARADDR     |  out|   64|       m_axi|         gmem0|       pointer|
|m_axi_gmem0_ARID       |  out|    1|       m_axi|         gmem0|       pointer|
|m_axi_gmem0_ARLEN      |  out|    8|       m_axi|         gmem0|       pointer|
|m_axi_gmem0_ARSIZE     |  out|    3|       m_axi|         gmem0|       pointer|
|m_axi_gmem0_ARBURST    |  out|    2|       m_axi|         gmem0|       pointer|
|m_axi_gmem0_ARLOCK     |  out|    2|       m_axi|         gmem0|       pointer|
|m_axi_gmem0_ARCACHE    |  out|    4|       m_axi|         gmem0|       pointer|
|m_axi_gmem0_ARPROT     |  out|    3|       m_axi|         gmem0|       pointer|
|m_axi_gmem0_ARQOS      |  out|    4|       m_axi|         gmem0|       pointer|
|m_axi_gmem0_ARREGION   |  out|    4|       m_axi|         gmem0|       pointer|
|m_axi_gmem0_ARUSER     |  out|    1|       m_axi|         gmem0|       pointer|
|m_axi_gmem0_RVALID     |   in|    1|       m_axi|         gmem0|       pointer|
|m_axi_gmem0_RREADY     |  out|    1|       m_axi|         gmem0|       pointer|
|m_axi_gmem0_RDATA      |   in|  512|       m_axi|         gmem0|       pointer|
|m_axi_gmem0_RLAST      |   in|    1|       m_axi|         gmem0|       pointer|
|m_axi_gmem0_RID        |   in|    1|       m_axi|         gmem0|       pointer|
|m_axi_gmem0_RUSER      |   in|    1|       m_axi|         gmem0|       pointer|
|m_axi_gmem0_RRESP      |   in|    2|       m_axi|         gmem0|       pointer|
|m_axi_gmem0_BVALID     |   in|    1|       m_axi|         gmem0|       pointer|
|m_axi_gmem0_BREADY     |  out|    1|       m_axi|         gmem0|       pointer|
|m_axi_gmem0_BRESP      |   in|    2|       m_axi|         gmem0|       pointer|
|m_axi_gmem0_BID        |   in|    1|       m_axi|         gmem0|       pointer|
|m_axi_gmem0_BUSER      |   in|    1|       m_axi|         gmem0|       pointer|
|m_axi_gmem1_AWVALID    |  out|    1|       m_axi|         gmem1|       pointer|
|m_axi_gmem1_AWREADY    |   in|    1|       m_axi|         gmem1|       pointer|
|m_axi_gmem1_AWADDR     |  out|   64|       m_axi|         gmem1|       pointer|
|m_axi_gmem1_AWID       |  out|    1|       m_axi|         gmem1|       pointer|
|m_axi_gmem1_AWLEN      |  out|    8|       m_axi|         gmem1|       pointer|
|m_axi_gmem1_AWSIZE     |  out|    3|       m_axi|         gmem1|       pointer|
|m_axi_gmem1_AWBURST    |  out|    2|       m_axi|         gmem1|       pointer|
|m_axi_gmem1_AWLOCK     |  out|    2|       m_axi|         gmem1|       pointer|
|m_axi_gmem1_AWCACHE    |  out|    4|       m_axi|         gmem1|       pointer|
|m_axi_gmem1_AWPROT     |  out|    3|       m_axi|         gmem1|       pointer|
|m_axi_gmem1_AWQOS      |  out|    4|       m_axi|         gmem1|       pointer|
|m_axi_gmem1_AWREGION   |  out|    4|       m_axi|         gmem1|       pointer|
|m_axi_gmem1_AWUSER     |  out|    1|       m_axi|         gmem1|       pointer|
|m_axi_gmem1_WVALID     |  out|    1|       m_axi|         gmem1|       pointer|
|m_axi_gmem1_WREADY     |   in|    1|       m_axi|         gmem1|       pointer|
|m_axi_gmem1_WDATA      |  out|   32|       m_axi|         gmem1|       pointer|
|m_axi_gmem1_WSTRB      |  out|    4|       m_axi|         gmem1|       pointer|
|m_axi_gmem1_WLAST      |  out|    1|       m_axi|         gmem1|       pointer|
|m_axi_gmem1_WID        |  out|    1|       m_axi|         gmem1|       pointer|
|m_axi_gmem1_WUSER      |  out|    1|       m_axi|         gmem1|       pointer|
|m_axi_gmem1_ARVALID    |  out|    1|       m_axi|         gmem1|       pointer|
|m_axi_gmem1_ARREADY    |   in|    1|       m_axi|         gmem1|       pointer|
|m_axi_gmem1_ARADDR     |  out|   64|       m_axi|         gmem1|       pointer|
|m_axi_gmem1_ARID       |  out|    1|       m_axi|         gmem1|       pointer|
|m_axi_gmem1_ARLEN      |  out|    8|       m_axi|         gmem1|       pointer|
|m_axi_gmem1_ARSIZE     |  out|    3|       m_axi|         gmem1|       pointer|
|m_axi_gmem1_ARBURST    |  out|    2|       m_axi|         gmem1|       pointer|
|m_axi_gmem1_ARLOCK     |  out|    2|       m_axi|         gmem1|       pointer|
|m_axi_gmem1_ARCACHE    |  out|    4|       m_axi|         gmem1|       pointer|
|m_axi_gmem1_ARPROT     |  out|    3|       m_axi|         gmem1|       pointer|
|m_axi_gmem1_ARQOS      |  out|    4|       m_axi|         gmem1|       pointer|
|m_axi_gmem1_ARREGION   |  out|    4|       m_axi|         gmem1|       pointer|
|m_axi_gmem1_ARUSER     |  out|    1|       m_axi|         gmem1|       pointer|
|m_axi_gmem1_RVALID     |   in|    1|       m_axi|         gmem1|       pointer|
|m_axi_gmem1_RREADY     |  out|    1|       m_axi|         gmem1|       pointer|
|m_axi_gmem1_RDATA      |   in|   32|       m_axi|         gmem1|       pointer|
|m_axi_gmem1_RLAST      |   in|    1|       m_axi|         gmem1|       pointer|
|m_axi_gmem1_RID        |   in|    1|       m_axi|         gmem1|       pointer|
|m_axi_gmem1_RUSER      |   in|    1|       m_axi|         gmem1|       pointer|
|m_axi_gmem1_RRESP      |   in|    2|       m_axi|         gmem1|       pointer|
|m_axi_gmem1_BVALID     |   in|    1|       m_axi|         gmem1|       pointer|
|m_axi_gmem1_BREADY     |  out|    1|       m_axi|         gmem1|       pointer|
|m_axi_gmem1_BRESP      |   in|    2|       m_axi|         gmem1|       pointer|
|m_axi_gmem1_BID        |   in|    1|       m_axi|         gmem1|       pointer|
|m_axi_gmem1_BUSER      |   in|    1|       m_axi|         gmem1|       pointer|
|m_axi_gmem2_AWVALID    |  out|    1|       m_axi|         gmem2|       pointer|
|m_axi_gmem2_AWREADY    |   in|    1|       m_axi|         gmem2|       pointer|
|m_axi_gmem2_AWADDR     |  out|   64|       m_axi|         gmem2|       pointer|
|m_axi_gmem2_AWID       |  out|    1|       m_axi|         gmem2|       pointer|
|m_axi_gmem2_AWLEN      |  out|    8|       m_axi|         gmem2|       pointer|
|m_axi_gmem2_AWSIZE     |  out|    3|       m_axi|         gmem2|       pointer|
|m_axi_gmem2_AWBURST    |  out|    2|       m_axi|         gmem2|       pointer|
|m_axi_gmem2_AWLOCK     |  out|    2|       m_axi|         gmem2|       pointer|
|m_axi_gmem2_AWCACHE    |  out|    4|       m_axi|         gmem2|       pointer|
|m_axi_gmem2_AWPROT     |  out|    3|       m_axi|         gmem2|       pointer|
|m_axi_gmem2_AWQOS      |  out|    4|       m_axi|         gmem2|       pointer|
|m_axi_gmem2_AWREGION   |  out|    4|       m_axi|         gmem2|       pointer|
|m_axi_gmem2_AWUSER     |  out|    1|       m_axi|         gmem2|       pointer|
|m_axi_gmem2_WVALID     |  out|    1|       m_axi|         gmem2|       pointer|
|m_axi_gmem2_WREADY     |   in|    1|       m_axi|         gmem2|       pointer|
|m_axi_gmem2_WDATA      |  out|  512|       m_axi|         gmem2|       pointer|
|m_axi_gmem2_WSTRB      |  out|   64|       m_axi|         gmem2|       pointer|
|m_axi_gmem2_WLAST      |  out|    1|       m_axi|         gmem2|       pointer|
|m_axi_gmem2_WID        |  out|    1|       m_axi|         gmem2|       pointer|
|m_axi_gmem2_WUSER      |  out|    1|       m_axi|         gmem2|       pointer|
|m_axi_gmem2_ARVALID    |  out|    1|       m_axi|         gmem2|       pointer|
|m_axi_gmem2_ARREADY    |   in|    1|       m_axi|         gmem2|       pointer|
|m_axi_gmem2_ARADDR     |  out|   64|       m_axi|         gmem2|       pointer|
|m_axi_gmem2_ARID       |  out|    1|       m_axi|         gmem2|       pointer|
|m_axi_gmem2_ARLEN      |  out|    8|       m_axi|         gmem2|       pointer|
|m_axi_gmem2_ARSIZE     |  out|    3|       m_axi|         gmem2|       pointer|
|m_axi_gmem2_ARBURST    |  out|    2|       m_axi|         gmem2|       pointer|
|m_axi_gmem2_ARLOCK     |  out|    2|       m_axi|         gmem2|       pointer|
|m_axi_gmem2_ARCACHE    |  out|    4|       m_axi|         gmem2|       pointer|
|m_axi_gmem2_ARPROT     |  out|    3|       m_axi|         gmem2|       pointer|
|m_axi_gmem2_ARQOS      |  out|    4|       m_axi|         gmem2|       pointer|
|m_axi_gmem2_ARREGION   |  out|    4|       m_axi|         gmem2|       pointer|
|m_axi_gmem2_ARUSER     |  out|    1|       m_axi|         gmem2|       pointer|
|m_axi_gmem2_RVALID     |   in|    1|       m_axi|         gmem2|       pointer|
|m_axi_gmem2_RREADY     |  out|    1|       m_axi|         gmem2|       pointer|
|m_axi_gmem2_RDATA      |   in|  512|       m_axi|         gmem2|       pointer|
|m_axi_gmem2_RLAST      |   in|    1|       m_axi|         gmem2|       pointer|
|m_axi_gmem2_RID        |   in|    1|       m_axi|         gmem2|       pointer|
|m_axi_gmem2_RUSER      |   in|    1|       m_axi|         gmem2|       pointer|
|m_axi_gmem2_RRESP      |   in|    2|       m_axi|         gmem2|       pointer|
|m_axi_gmem2_BVALID     |   in|    1|       m_axi|         gmem2|       pointer|
|m_axi_gmem2_BREADY     |  out|    1|       m_axi|         gmem2|       pointer|
|m_axi_gmem2_BRESP      |   in|    2|       m_axi|         gmem2|       pointer|
|m_axi_gmem2_BID        |   in|    1|       m_axi|         gmem2|       pointer|
|m_axi_gmem2_BUSER      |   in|    1|       m_axi|         gmem2|       pointer|
|m_axi_gmem3_AWVALID    |  out|    1|       m_axi|         gmem3|       pointer|
|m_axi_gmem3_AWREADY    |   in|    1|       m_axi|         gmem3|       pointer|
|m_axi_gmem3_AWADDR     |  out|   64|       m_axi|         gmem3|       pointer|
|m_axi_gmem3_AWID       |  out|    1|       m_axi|         gmem3|       pointer|
|m_axi_gmem3_AWLEN      |  out|    8|       m_axi|         gmem3|       pointer|
|m_axi_gmem3_AWSIZE     |  out|    3|       m_axi|         gmem3|       pointer|
|m_axi_gmem3_AWBURST    |  out|    2|       m_axi|         gmem3|       pointer|
|m_axi_gmem3_AWLOCK     |  out|    2|       m_axi|         gmem3|       pointer|
|m_axi_gmem3_AWCACHE    |  out|    4|       m_axi|         gmem3|       pointer|
|m_axi_gmem3_AWPROT     |  out|    3|       m_axi|         gmem3|       pointer|
|m_axi_gmem3_AWQOS      |  out|    4|       m_axi|         gmem3|       pointer|
|m_axi_gmem3_AWREGION   |  out|    4|       m_axi|         gmem3|       pointer|
|m_axi_gmem3_AWUSER     |  out|    1|       m_axi|         gmem3|       pointer|
|m_axi_gmem3_WVALID     |  out|    1|       m_axi|         gmem3|       pointer|
|m_axi_gmem3_WREADY     |   in|    1|       m_axi|         gmem3|       pointer|
|m_axi_gmem3_WDATA      |  out|   32|       m_axi|         gmem3|       pointer|
|m_axi_gmem3_WSTRB      |  out|    4|       m_axi|         gmem3|       pointer|
|m_axi_gmem3_WLAST      |  out|    1|       m_axi|         gmem3|       pointer|
|m_axi_gmem3_WID        |  out|    1|       m_axi|         gmem3|       pointer|
|m_axi_gmem3_WUSER      |  out|    1|       m_axi|         gmem3|       pointer|
|m_axi_gmem3_ARVALID    |  out|    1|       m_axi|         gmem3|       pointer|
|m_axi_gmem3_ARREADY    |   in|    1|       m_axi|         gmem3|       pointer|
|m_axi_gmem3_ARADDR     |  out|   64|       m_axi|         gmem3|       pointer|
|m_axi_gmem3_ARID       |  out|    1|       m_axi|         gmem3|       pointer|
|m_axi_gmem3_ARLEN      |  out|    8|       m_axi|         gmem3|       pointer|
|m_axi_gmem3_ARSIZE     |  out|    3|       m_axi|         gmem3|       pointer|
|m_axi_gmem3_ARBURST    |  out|    2|       m_axi|         gmem3|       pointer|
|m_axi_gmem3_ARLOCK     |  out|    2|       m_axi|         gmem3|       pointer|
|m_axi_gmem3_ARCACHE    |  out|    4|       m_axi|         gmem3|       pointer|
|m_axi_gmem3_ARPROT     |  out|    3|       m_axi|         gmem3|       pointer|
|m_axi_gmem3_ARQOS      |  out|    4|       m_axi|         gmem3|       pointer|
|m_axi_gmem3_ARREGION   |  out|    4|       m_axi|         gmem3|       pointer|
|m_axi_gmem3_ARUSER     |  out|    1|       m_axi|         gmem3|       pointer|
|m_axi_gmem3_RVALID     |   in|    1|       m_axi|         gmem3|       pointer|
|m_axi_gmem3_RREADY     |  out|    1|       m_axi|         gmem3|       pointer|
|m_axi_gmem3_RDATA      |   in|   32|       m_axi|         gmem3|       pointer|
|m_axi_gmem3_RLAST      |   in|    1|       m_axi|         gmem3|       pointer|
|m_axi_gmem3_RID        |   in|    1|       m_axi|         gmem3|       pointer|
|m_axi_gmem3_RUSER      |   in|    1|       m_axi|         gmem3|       pointer|
|m_axi_gmem3_RRESP      |   in|    2|       m_axi|         gmem3|       pointer|
|m_axi_gmem3_BVALID     |   in|    1|       m_axi|         gmem3|       pointer|
|m_axi_gmem3_BREADY     |  out|    1|       m_axi|         gmem3|       pointer|
|m_axi_gmem3_BRESP      |   in|    2|       m_axi|         gmem3|       pointer|
|m_axi_gmem3_BID        |   in|    1|       m_axi|         gmem3|       pointer|
|m_axi_gmem3_BUSER      |   in|    1|       m_axi|         gmem3|       pointer|
|m_axi_gmem4_AWVALID    |  out|    1|       m_axi|         gmem4|       pointer|
|m_axi_gmem4_AWREADY    |   in|    1|       m_axi|         gmem4|       pointer|
|m_axi_gmem4_AWADDR     |  out|   64|       m_axi|         gmem4|       pointer|
|m_axi_gmem4_AWID       |  out|    1|       m_axi|         gmem4|       pointer|
|m_axi_gmem4_AWLEN      |  out|    8|       m_axi|         gmem4|       pointer|
|m_axi_gmem4_AWSIZE     |  out|    3|       m_axi|         gmem4|       pointer|
|m_axi_gmem4_AWBURST    |  out|    2|       m_axi|         gmem4|       pointer|
|m_axi_gmem4_AWLOCK     |  out|    2|       m_axi|         gmem4|       pointer|
|m_axi_gmem4_AWCACHE    |  out|    4|       m_axi|         gmem4|       pointer|
|m_axi_gmem4_AWPROT     |  out|    3|       m_axi|         gmem4|       pointer|
|m_axi_gmem4_AWQOS      |  out|    4|       m_axi|         gmem4|       pointer|
|m_axi_gmem4_AWREGION   |  out|    4|       m_axi|         gmem4|       pointer|
|m_axi_gmem4_AWUSER     |  out|    1|       m_axi|         gmem4|       pointer|
|m_axi_gmem4_WVALID     |  out|    1|       m_axi|         gmem4|       pointer|
|m_axi_gmem4_WREADY     |   in|    1|       m_axi|         gmem4|       pointer|
|m_axi_gmem4_WDATA      |  out|  512|       m_axi|         gmem4|       pointer|
|m_axi_gmem4_WSTRB      |  out|   64|       m_axi|         gmem4|       pointer|
|m_axi_gmem4_WLAST      |  out|    1|       m_axi|         gmem4|       pointer|
|m_axi_gmem4_WID        |  out|    1|       m_axi|         gmem4|       pointer|
|m_axi_gmem4_WUSER      |  out|    1|       m_axi|         gmem4|       pointer|
|m_axi_gmem4_ARVALID    |  out|    1|       m_axi|         gmem4|       pointer|
|m_axi_gmem4_ARREADY    |   in|    1|       m_axi|         gmem4|       pointer|
|m_axi_gmem4_ARADDR     |  out|   64|       m_axi|         gmem4|       pointer|
|m_axi_gmem4_ARID       |  out|    1|       m_axi|         gmem4|       pointer|
|m_axi_gmem4_ARLEN      |  out|    8|       m_axi|         gmem4|       pointer|
|m_axi_gmem4_ARSIZE     |  out|    3|       m_axi|         gmem4|       pointer|
|m_axi_gmem4_ARBURST    |  out|    2|       m_axi|         gmem4|       pointer|
|m_axi_gmem4_ARLOCK     |  out|    2|       m_axi|         gmem4|       pointer|
|m_axi_gmem4_ARCACHE    |  out|    4|       m_axi|         gmem4|       pointer|
|m_axi_gmem4_ARPROT     |  out|    3|       m_axi|         gmem4|       pointer|
|m_axi_gmem4_ARQOS      |  out|    4|       m_axi|         gmem4|       pointer|
|m_axi_gmem4_ARREGION   |  out|    4|       m_axi|         gmem4|       pointer|
|m_axi_gmem4_ARUSER     |  out|    1|       m_axi|         gmem4|       pointer|
|m_axi_gmem4_RVALID     |   in|    1|       m_axi|         gmem4|       pointer|
|m_axi_gmem4_RREADY     |  out|    1|       m_axi|         gmem4|       pointer|
|m_axi_gmem4_RDATA      |   in|  512|       m_axi|         gmem4|       pointer|
|m_axi_gmem4_RLAST      |   in|    1|       m_axi|         gmem4|       pointer|
|m_axi_gmem4_RID        |   in|    1|       m_axi|         gmem4|       pointer|
|m_axi_gmem4_RUSER      |   in|    1|       m_axi|         gmem4|       pointer|
|m_axi_gmem4_RRESP      |   in|    2|       m_axi|         gmem4|       pointer|
|m_axi_gmem4_BVALID     |   in|    1|       m_axi|         gmem4|       pointer|
|m_axi_gmem4_BREADY     |  out|    1|       m_axi|         gmem4|       pointer|
|m_axi_gmem4_BRESP      |   in|    2|       m_axi|         gmem4|       pointer|
|m_axi_gmem4_BID        |   in|    1|       m_axi|         gmem4|       pointer|
|m_axi_gmem4_BUSER      |   in|    1|       m_axi|         gmem4|       pointer|
+-----------------------+-----+-----+------------+--------------+--------------+

