

================================================================
== Vitis HLS Report for 'spmv_csr_Pipeline_READ_X'
================================================================
* Date:           Thu Apr  9 10:56:51 2026

* Version:        2024.2 (Build 5238294 on Nov  8 2024)
* Project:        spmv_csr
* Solution:       hls (Vivado IP Flow Target)
* Product family: zynquplus
* Target device:  xczu7ev-ffvc1156-2-e


================================================================
== Performance Estimates
================================================================
+ Timing: 
    * Summary: 
    +--------+----------+----------+------------+
    |  Clock |  Target  | Estimated| Uncertainty|
    +--------+----------+----------+------------+
    |ap_clk  |  10.00 ns|  7.300 ns|     2.70 ns|
    +--------+----------+----------+------------+

+ Latency: 
    * Summary: 
    +---------+---------+----------+----------+-----+-----+------------------------------------------------+
    |  Latency (cycles) |  Latency (absolute) |  Interval |                    Pipeline                    |
    |   min   |   max   |    min   |    max   | min | max |                      Type                      |
    +---------+---------+----------+----------+-----+-----+------------------------------------------------+
    |        ?|        ?|         ?|         ?|    0|    0|  loop auto-rewind stp (delay=0 clock cycles(s))|
    +---------+---------+----------+----------+-----+-----+------------------------------------------------+

    + Detail: 
        * Instance: 
        N/A

        * Loop: 
        +----------+---------+---------+----------+-----------+-----------+------+----------+
        |          |  Latency (cycles) | Iteration|  Initiation Interval  | Trip |          |
        | Loop Name|   min   |   max   |  Latency |  achieved |   target  | Count| Pipelined|
        +----------+---------+---------+----------+-----------+-----------+------+----------+
        |- READ_X  |        ?|        ?|         3|          1|          1|     ?|       yes|
        +----------+---------+---------+----------+-----------+-----------+------+----------+



================================================================
== Utilization Estimates
================================================================
* Summary: 
+-----------------+---------+------+--------+--------+-----+
|       Name      | BRAM_18K|  DSP |   FF   |   LUT  | URAM|
+-----------------+---------+------+--------+--------+-----+
|DSP              |        -|     -|       -|       -|    -|
|Expression       |        -|     -|       0|      61|    -|
|FIFO             |        -|     -|       -|       -|    -|
|Instance         |        -|     -|       -|       -|    -|
|Memory           |        -|     -|       -|       -|    -|
|Multiplexer      |        -|     -|       0|      45|    -|
|Register         |        -|     -|      71|       -|    -|
+-----------------+---------+------+--------+--------+-----+
|Total            |        0|     0|      71|     106|    0|
+-----------------+---------+------+--------+--------+-----+
|Available        |      624|  1728|  460800|  230400|   96|
+-----------------+---------+------+--------+--------+-----+
|Utilization (%)  |        0|     0|      ~0|      ~0|    0|
+-----------------+---------+------+--------+--------+-----+

+ Detail: 
    * Instance: 
    N/A

    * DSP: 
    N/A

    * Memory: 
    N/A

    * FIFO: 
    N/A

    * Expression: 
    +---------------------------+----------+----+---+----+------------+------------+
    |       Variable Name       | Operation| DSP| FF| LUT| Bitwidth P0| Bitwidth P1|
    +---------------------------+----------+----+---+----+------------+------------+
    |add_ln23_fu_102_p2         |         +|   0|  0|  18|          11|           1|
    |ap_block_pp0_stage0_11001  |       and|   0|  0|   2|           1|           1|
    |icmp_ln23_fu_96_p2         |      icmp|   0|  0|  39|          32|          32|
    |ap_enable_pp0              |       xor|   0|  0|   2|           1|           2|
    +---------------------------+----------+----+---+----+------------+------------+
    |Total                      |          |   0|  0|  61|          45|          36|
    +---------------------------+----------+----+---+----+------------+------------+

    * Multiplexer: 
    +-------------------------+----+-----------+-----+-----------+
    |           Name          | LUT| Input Size| Bits| Total Bits|
    +-------------------------+----+-----------+-----+-----------+
    |ap_done_int              |   9|          2|    1|          2|
    |ap_enable_reg_pp0_iter1  |   9|          2|    1|          2|
    |ap_sig_allocacmp_i_1     |   9|          2|   11|         22|
    |gmem3_blk_n_R            |   9|          2|    1|          2|
    |i_fu_46                  |   9|          2|   11|         22|
    +-------------------------+----+-----------+-----+-----------+
    |Total                    |  45|         10|   25|         50|
    +-------------------------+----+-----------+-----+-----------+

    * Register: 
    +-------------------------------------------+----+----+-----+-----------+
    |                    Name                   | FF | LUT| Bits| Const Bits|
    +-------------------------------------------+----+----+-----+-----------+
    |ap_CS_fsm                                  |   1|   0|    1|          0|
    |ap_block_pp0_stage0_subdone_grp0_done_reg  |   1|   0|    1|          0|
    |ap_done_reg                                |   1|   0|    1|          0|
    |ap_enable_reg_pp0_iter1                    |   1|   0|    1|          0|
    |ap_enable_reg_pp0_iter2                    |   1|   0|    1|          0|
    |ap_loop_exit_ready_pp0_iter1_reg           |   1|   0|    1|          0|
    |gmem3_addr_read_reg_148                    |  32|   0|   32|          0|
    |i_1_reg_139                                |  11|   0|   11|          0|
    |i_1_reg_139_pp0_iter1_reg                  |  11|   0|   11|          0|
    |i_fu_46                                    |  11|   0|   11|          0|
    +-------------------------------------------+----+----+-----+-----------+
    |Total                                      |  71|   0|   71|          0|
    +-------------------------------------------+----+----+-----+-----------+



================================================================
== Interface
================================================================
* Summary: 
+------------------------+-----+-----+------------+--------------------------+--------------+
|        RTL Ports       | Dir | Bits|  Protocol  |       Source Object      |    C Type    |
+------------------------+-----+-----+------------+--------------------------+--------------+
|ap_clk                  |   in|    1|  ap_ctrl_hs|  spmv_csr_Pipeline_READ_X|  return value|
|ap_rst                  |   in|    1|  ap_ctrl_hs|  spmv_csr_Pipeline_READ_X|  return value|
|ap_start                |   in|    1|  ap_ctrl_hs|  spmv_csr_Pipeline_READ_X|  return value|
|ap_done                 |  out|    1|  ap_ctrl_hs|  spmv_csr_Pipeline_READ_X|  return value|
|ap_idle                 |  out|    1|  ap_ctrl_hs|  spmv_csr_Pipeline_READ_X|  return value|
|ap_ready                |  out|    1|  ap_ctrl_hs|  spmv_csr_Pipeline_READ_X|  return value|
|m_axi_gmem3_0_AWVALID   |  out|    1|       m_axi|                     gmem3|       pointer|
|m_axi_gmem3_0_AWREADY   |   in|    1|       m_axi|                     gmem3|       pointer|
|m_axi_gmem3_0_AWADDR    |  out|   64|       m_axi|                     gmem3|       pointer|
|m_axi_gmem3_0_AWID      |  out|    1|       m_axi|                     gmem3|       pointer|
|m_axi_gmem3_0_AWLEN     |  out|   32|       m_axi|                     gmem3|       pointer|
|m_axi_gmem3_0_AWSIZE    |  out|    3|       m_axi|                     gmem3|       pointer|
|m_axi_gmem3_0_AWBURST   |  out|    2|       m_axi|                     gmem3|       pointer|
|m_axi_gmem3_0_AWLOCK    |  out|    2|       m_axi|                     gmem3|       pointer|
|m_axi_gmem3_0_AWCACHE   |  out|    4|       m_axi|                     gmem3|       pointer|
|m_axi_gmem3_0_AWPROT    |  out|    3|       m_axi|                     gmem3|       pointer|
|m_axi_gmem3_0_AWQOS     |  out|    4|       m_axi|                     gmem3|       pointer|
|m_axi_gmem3_0_AWREGION  |  out|    4|       m_axi|                     gmem3|       pointer|
|m_axi_gmem3_0_AWUSER    |  out|    1|       m_axi|                     gmem3|       pointer|
|m_axi_gmem3_0_WVALID    |  out|    1|       m_axi|                     gmem3|       pointer|
|m_axi_gmem3_0_WREADY    |   in|    1|       m_axi|                     gmem3|       pointer|
|m_axi_gmem3_0_WDATA     |  out|   32|       m_axi|                     gmem3|       pointer|
|m_axi_gmem3_0_WSTRB     |  out|    4|       m_axi|                     gmem3|       pointer|
|m_axi_gmem3_0_WLAST     |  out|    1|       m_axi|                     gmem3|       pointer|
|m_axi_gmem3_0_WID       |  out|    1|       m_axi|                     gmem3|       pointer|
|m_axi_gmem3_0_WUSER     |  out|    1|       m_axi|                     gmem3|       pointer|
|m_axi_gmem3_0_ARVALID   |  out|    1|       m_axi|                     gmem3|       pointer|
|m_axi_gmem3_0_ARREADY   |   in|    1|       m_axi|                     gmem3|       pointer|
|m_axi_gmem3_0_ARADDR    |  out|   64|       m_axi|                     gmem3|       pointer|
|m_axi_gmem3_0_ARID      |  out|    1|       m_axi|                     gmem3|       pointer|
|m_axi_gmem3_0_ARLEN     |  out|   32|       m_axi|                     gmem3|       pointer|
|m_axi_gmem3_0_ARSIZE    |  out|    3|       m_axi|                     gmem3|       pointer|
|m_axi_gmem3_0_ARBURST   |  out|    2|       m_axi|                     gmem3|       pointer|
|m_axi_gmem3_0_ARLOCK    |  out|    2|       m_axi|                     gmem3|       pointer|
|m_axi_gmem3_0_ARCACHE   |  out|    4|       m_axi|                     gmem3|       pointer|
|m_axi_gmem3_0_ARPROT    |  out|    3|       m_axi|                     gmem3|       pointer|
|m_axi_gmem3_0_ARQOS     |  out|    4|       m_axi|                     gmem3|       pointer|
|m_axi_gmem3_0_ARREGION  |  out|    4|       m_axi|                     gmem3|       pointer|
|m_axi_gmem3_0_ARUSER    |  out|    1|       m_axi|                     gmem3|       pointer|
|m_axi_gmem3_0_RVALID    |   in|    1|       m_axi|                     gmem3|       pointer|
|m_axi_gmem3_0_RREADY    |  out|    1|       m_axi|                     gmem3|       pointer|
|m_axi_gmem3_0_RDATA     |   in|   32|       m_axi|                     gmem3|       pointer|
|m_axi_gmem3_0_RLAST     |   in|    1|       m_axi|                     gmem3|       pointer|
|m_axi_gmem3_0_RID       |   in|    1|       m_axi|                     gmem3|       pointer|
|m_axi_gmem3_0_RFIFONUM  |   in|    9|       m_axi|                     gmem3|       pointer|
|m_axi_gmem3_0_RUSER     |   in|    1|       m_axi|                     gmem3|       pointer|
|m_axi_gmem3_0_RRESP     |   in|    2|       m_axi|                     gmem3|       pointer|
|m_axi_gmem3_0_BVALID    |   in|    1|       m_axi|                     gmem3|       pointer|
|m_axi_gmem3_0_BREADY    |  out|    1|       m_axi|                     gmem3|       pointer|
|m_axi_gmem3_0_BRESP     |   in|    2|       m_axi|                     gmem3|       pointer|
|m_axi_gmem3_0_BID       |   in|    1|       m_axi|                     gmem3|       pointer|
|m_axi_gmem3_0_BUSER     |   in|    1|       m_axi|                     gmem3|       pointer|
|num_cols                |   in|   32|     ap_none|                  num_cols|        scalar|
|sext_ln23               |   in|   62|     ap_none|                 sext_ln23|        scalar|
|x_buf_address0          |  out|   10|   ap_memory|                     x_buf|         array|
|x_buf_ce0               |  out|    1|   ap_memory|                     x_buf|         array|
|x_buf_we0               |  out|    1|   ap_memory|                     x_buf|         array|
|x_buf_d0                |  out|   32|   ap_memory|                     x_buf|         array|
+------------------------+-----+-----+------------+--------------------------+--------------+

