

================================================================
== Vitis HLS Report for 'pcg'
================================================================
* Date:           Sun May 10 18:48:29 2026

* Version:        2024.2 (Build 5238294 on Nov  8 2024)
* Project:        pcg_HW_HLS
* Solution:       solution1 (Vivado IP Flow Target)
* Product family: zynquplus
* Target device:  xczu7ev-ffvc1156-2-e


================================================================
== Performance Estimates
================================================================
+ Timing: 
    * Summary: 
    +--------+----------+----------+------------+
    |  Clock |  Target  | Estimated| Uncertainty|
    +--------+----------+----------+------------+
    |ap_clk  |  10.00 ns|  9.000 ns|     1.00 ns|
    +--------+----------+----------+------------+

+ Latency: 
    * Summary: 
    +---------+---------+----------+----------+-----+-----+---------+
    |  Latency (cycles) |  Latency (absolute) |  Interval | Pipeline|
    |   min   |   max   |    min   |    max   | min | max |   Type  |
    +---------+---------+----------+----------+-----+-----+---------+
    |        ?|        ?|         ?|         ?|    ?|    ?|       no|
    +---------+---------+----------+----------+-----+-----+---------+

    + Detail: 
        * Instance: 
        +-------------------------------------------+--------------------------------+---------+------------+----------+------------+-----+------------+------------------------------------------------+
        |                                           |                                |   Latency (cycles)   |   Latency (absolute)  |     Interval     |                    Pipeline                    |
        |                  Instance                 |             Module             |   min   |     max    |    min   |     max    | min |     max    |                      Type                      |
        +-------------------------------------------+--------------------------------+---------+------------+----------+------------+-----+------------+------------------------------------------------+
        |grp_pcg_Pipeline_VITIS_LOOP_134_1_fu_363   |pcg_Pipeline_VITIS_LOOP_134_1   |        ?|           ?|         ?|           ?|    0|           0|  loop auto-rewind stp (delay=0 clock cycles(s))|
        |grp_dot_prod_fu_388                        |dot_prod                        |        ?|           ?|         ?|           ?|    ?|           ?|                                              no|
        |grp_dot_prod_1_fu_395                      |dot_prod_1                      |        ?|           ?|         ?|           ?|    ?|           ?|                                              no|
        |grp_spmv_csc_fu_401                        |spmv_csc                        |        ?|           ?|         ?|           ?|    ?|           ?|                                              no|
        |grp_pcg_Pipeline_VITIS_LOOP_176_3_fu_419   |pcg_Pipeline_VITIS_LOOP_176_3   |       18|   536870929|  0.180 us|   5.369 sec|    2|   536870913|  loop auto-rewind stp (delay=0 clock cycles(s))|
        |grp_pcg_Pipeline_VITIS_LOOP_194_5_fu_427   |pcg_Pipeline_VITIS_LOOP_194_5   |       61|   536870972|  0.610 us|   5.369 sec|    2|   536870913|  loop auto-rewind stp (delay=0 clock cycles(s))|
        |grp_pcg_Pipeline_VITIS_LOOP_212_7_fu_437   |pcg_Pipeline_VITIS_LOOP_212_7   |       55|  4294967343|  0.550 us|  42.950 sec|   16|  4294967304|  loop auto-rewind stp (delay=0 clock cycles(s))|
        |grp_pcg_Pipeline_VITIS_LOOP_241_9_fu_450   |pcg_Pipeline_VITIS_LOOP_241_9   |       45|   536870956|  0.450 us|   5.369 sec|    2|   536870913|  loop auto-rewind stp (delay=0 clock cycles(s))|
        |grp_pcg_Pipeline_VITIS_LOOP_259_11_fu_459  |pcg_Pipeline_VITIS_LOOP_259_11  |        ?|           ?|         ?|           ?|    0|           0|  loop auto-rewind stp (delay=0 clock cycles(s))|
        +-------------------------------------------+--------------------------------+---------+------------+----------+------------+-----+------------+------------------------------------------------+

        * Loop: 
        +--------------------+---------+---------+----------+-----------+-----------+------+----------+
        |                    |  Latency (cycles) | Iteration|  Initiation Interval  | Trip |          |
        |      Loop Name     |   min   |   max   |  Latency |  achieved |   target  | Count| Pipelined|
        +--------------------+---------+---------+----------+-----------+-----------+------+----------+
        |- VITIS_LOOP_160_2  |        ?|        ?|         ?|          -|          -|     ?|        no|
        +--------------------+---------+---------+----------+-----------+-----------+------+----------+



================================================================
== Utilization Estimates
================================================================
* Summary: 
+-----------------+---------+------+--------+--------+-----+
|       Name      | BRAM_18K|  DSP |   FF   |   LUT  | URAM|
+-----------------+---------+------+--------+--------+-----+
|DSP              |        -|     -|       -|       -|    -|
|Expression       |        -|     -|       0|     200|    -|
|FIFO             |        -|     -|       -|       -|    -|
|Instance         |      209|   162|   53235|   62427|    0|
|Memory           |        -|     -|       0|       0|   64|
|Multiplexer      |        -|     -|       0|    2282|    -|
|Register         |        -|     -|    1416|       -|    -|
+-----------------+---------+------+--------+--------+-----+
|Total            |      209|   162|   54651|   64909|   64|
+-----------------+---------+------+--------+--------+-----+
|Available        |      624|  1728|  460800|  230400|   96|
+-----------------+---------+------+--------+--------+-----+
|Utilization (%)  |       33|     9|      11|      28|   66|
+-----------------+---------+------+--------+--------+-----+

+ Detail: 
    * Instance: 
    +-------------------------------------------+------------------------------------+---------+----+-------+-------+-----+
    |                  Instance                 |               Module               | BRAM_18K| DSP|   FF  |  LUT  | URAM|
    +-------------------------------------------+------------------------------------+---------+----+-------+-------+-----+
    |control_r_s_axi_U                          |control_r_s_axi                     |        0|   0|    940|   1704|    0|
    |control_s_axi_U                            |control_s_axi                       |        0|   0|    264|    424|    0|
    |grp_dot_prod_fu_388                        |dot_prod                            |        0|  20|   2333|   2306|    0|
    |grp_dot_prod_1_fu_395                      |dot_prod_1                          |        0|  20|   2205|   2034|    0|
    |fadd_32ns_32ns_32_4_full_dsp_1_U697        |fadd_32ns_32ns_32_4_full_dsp_1      |        0|   2|    227|    214|    0|
    |fadd_32ns_32ns_32_4_full_dsp_1_U698        |fadd_32ns_32ns_32_4_full_dsp_1      |        0|   2|    227|    214|    0|
    |fadd_32ns_32ns_32_4_full_dsp_1_U699        |fadd_32ns_32ns_32_4_full_dsp_1      |        0|   2|    227|    214|    0|
    |fadd_32ns_32ns_32_4_full_dsp_1_U700        |fadd_32ns_32ns_32_4_full_dsp_1      |        0|   2|    227|    214|    0|
    |fadd_32ns_32ns_32_4_full_dsp_1_U701        |fadd_32ns_32ns_32_4_full_dsp_1      |        0|   2|    227|    214|    0|
    |fadd_32ns_32ns_32_4_full_dsp_1_U702        |fadd_32ns_32ns_32_4_full_dsp_1      |        0|   2|    227|    214|    0|
    |faddfsub_32ns_32ns_32_4_full_dsp_1_U695    |faddfsub_32ns_32ns_32_4_full_dsp_1  |        0|   2|    227|    214|    0|
    |faddfsub_32ns_32ns_32_4_full_dsp_1_U696    |faddfsub_32ns_32ns_32_4_full_dsp_1  |        0|   2|    227|    214|    0|
    |fcmp_32ns_32ns_1_2_no_dsp_1_U687           |fcmp_32ns_32ns_1_2_no_dsp_1         |        0|   0|      0|      0|    0|
    |fdiv_32ns_32ns_32_8_no_dsp_1_U686          |fdiv_32ns_32ns_32_8_no_dsp_1        |        0|   0|      0|      0|    0|
    |fmul_32ns_32ns_32_2_max_dsp_1_U685         |fmul_32ns_32ns_32_2_max_dsp_1       |        0|   3|    128|    135|    0|
    |fmul_32ns_32ns_32_2_max_dsp_1_U688         |fmul_32ns_32ns_32_2_max_dsp_1       |        0|   3|    128|    135|    0|
    |fmul_32ns_32ns_32_2_max_dsp_1_U689         |fmul_32ns_32ns_32_2_max_dsp_1       |        0|   3|    128|    135|    0|
    |fmul_32ns_32ns_32_2_max_dsp_1_U690         |fmul_32ns_32ns_32_2_max_dsp_1       |        0|   3|    128|    135|    0|
    |fmul_32ns_32ns_32_2_max_dsp_1_U691         |fmul_32ns_32ns_32_2_max_dsp_1       |        0|   3|    128|    135|    0|
    |fmul_32ns_32ns_32_2_max_dsp_1_U692         |fmul_32ns_32ns_32_2_max_dsp_1       |        0|   3|    128|    135|    0|
    |fmul_32ns_32ns_32_2_max_dsp_1_U693         |fmul_32ns_32ns_32_2_max_dsp_1       |        0|   3|    128|    135|    0|
    |fmul_32ns_32ns_32_2_max_dsp_1_U694         |fmul_32ns_32ns_32_2_max_dsp_1       |        0|   3|    128|    135|    0|
    |gmem0_m_axi_U                              |gmem0_m_axi                         |       29|   0|   1574|   1642|    0|
    |gmem1_m_axi_U                              |gmem1_m_axi                         |        2|   0|    671|    637|    0|
    |gmem2_m_axi_U                              |gmem2_m_axi                         |       29|   0|   1574|   1642|    0|
    |gmem3_m_axi_U                              |gmem3_m_axi                         |        4|   0|    824|    682|    0|
    |grp_pcg_Pipeline_VITIS_LOOP_134_1_fu_363   |pcg_Pipeline_VITIS_LOOP_134_1       |        0|   0|    677|   2175|    0|
    |grp_pcg_Pipeline_VITIS_LOOP_176_3_fu_419   |pcg_Pipeline_VITIS_LOOP_176_3       |        0|   0|   5333|   4607|    0|
    |grp_pcg_Pipeline_VITIS_LOOP_194_5_fu_427   |pcg_Pipeline_VITIS_LOOP_194_5       |        0|  16|   6736|   6767|    0|
    |grp_pcg_Pipeline_VITIS_LOOP_212_7_fu_437   |pcg_Pipeline_VITIS_LOOP_212_7       |        0|   0|   4837|   3030|    0|
    |grp_pcg_Pipeline_VITIS_LOOP_241_9_fu_450   |pcg_Pipeline_VITIS_LOOP_241_9       |        0|   0|   4056|   4863|    0|
    |grp_pcg_Pipeline_VITIS_LOOP_259_11_fu_459  |pcg_Pipeline_VITIS_LOOP_259_11      |        0|   0|     71|    194|    0|
    |grp_spmv_csc_fu_401                        |spmv_csc                            |      145|  66|  18300|  26928|    0|
    +-------------------------------------------+------------------------------------+---------+----+-------+-------+-----+
    |Total                                      |                                    |      209| 162|  53235|  62427|    0|
    +-------------------------------------------+------------------------------------+---------+----+-------+-------+-----+

    * DSP: 
    N/A

    * Memory: 
    +------------+----------------------------+---------+---+----+-----+------+-----+------+-------------+
    |   Memory   |           Module           | BRAM_18K| FF| LUT| URAM| Words| Bits| Banks| W*Bits*Banks|
    +------------+----------------------------+---------+---+----+-----+------+-----+------+-------------+
    |M_inv_U     |M_inv_RAM_T2P_URAM_1R1W     |        0|  0|   0|    8|  8192|  256|     1|      2097152|
    |rho_U       |M_inv_RAM_T2P_URAM_1R1W     |        0|  0|   0|    8|  8192|  256|     1|      2097152|
    |p_U         |p_RAM_T2P_URAM_1R1W         |        0|  0|   0|    8|  8192|  256|     1|      2097152|
    |scratch2_U  |scratch2_RAM_T2P_URAM_1R1W  |        0|  0|   0|    8|  8192|  256|     1|      2097152|
    |x_local_U   |x_local_RAM_T2P_URAM_1R1W   |        0|  0|   0|    8|  8192|  256|     1|      2097152|
    |r_U         |x_local_RAM_T2P_URAM_1R1W   |        0|  0|   0|    8|  8192|  256|     1|      2097152|
    |K_p_U       |x_local_RAM_T2P_URAM_1R1W   |        0|  0|   0|    8|  8192|  256|     1|      2097152|
    |scratch1_U  |x_local_RAM_T2P_URAM_1R1W   |        0|  0|   0|    8|  8192|  256|     1|      2097152|
    +------------+----------------------------+---------+---+----+-----+------+-----+------+-------------+
    |Total       |                            |        0|  0|   0|   64| 65536| 2048|     8|     16777216|
    +------------+----------------------------+---------+---+----+-----+------+-----+------+-------------+

    * FIFO: 
    N/A

    * Expression: 
    +----------------------------------+----------+----+---+----+------------+------------+
    |           Variable Name          | Operation| DSP| FF| LUT| Bitwidth P0| Bitwidth P1|
    +----------------------------------+----------+----+---+----+------------+------------+
    |k_2_fu_652_p2                     |         +|   0|  0|  24|          17|           1|
    |and_ln160_1_fu_635_p2             |       and|   0|  0|   2|           1|           1|
    |and_ln160_2_fu_640_p2             |       and|   0|  0|   2|           1|           1|
    |and_ln160_fu_646_p2               |       and|   0|  0|   2|           1|           1|
    |icmp_ln134_fu_540_p2              |      icmp|   0|  0|  39|          32|           1|
    |icmp_ln160_1_fu_602_p2            |      icmp|   0|  0|  15|           8|           2|
    |icmp_ln160_2_fu_608_p2            |      icmp|   0|  0|  30|          23|           1|
    |icmp_ln160_3_fu_568_p2            |      icmp|   0|  0|  30|          23|           1|
    |icmp_ln160_fu_562_p2              |      icmp|   0|  0|  15|           8|           2|
    |ap_block_state43_on_subcall_done  |        or|   0|  0|   2|           1|           1|
    |ap_block_state4_on_subcall_done   |        or|   0|  0|   2|           1|           1|
    |or_ln160_1_fu_574_p2              |        or|   0|  0|   2|           1|           1|
    |or_ln160_fu_631_p2                |        or|   0|  0|   2|           1|           1|
    |empty_fu_675_p3                   |    select|   0|  0|  31|           1|          31|
    |xor_ln160_fu_625_p2               |       xor|   0|  0|   2|           1|           2|
    +----------------------------------+----------+----+---+----+------------+------------+
    |Total                             |          |   0|  0| 200|         120|          48|
    +----------------------------------+----------+----+---+----+------------+------------+

    * Multiplexer: 
    +-------------------------------+-----+-----------+-----+-----------+
    |              Name             | LUT | Input Size| Bits| Total Bits|
    +-------------------------------+-----+-----------+-----+-----------+
    |K_p_address0                   |   26|          5|   13|         65|
    |K_p_address1                   |   14|          3|   13|         39|
    |K_p_ce0                        |   26|          5|    1|          5|
    |K_p_ce1                        |   14|          3|    1|          3|
    |K_p_d0                         |   14|          3|  256|        768|
    |K_p_we0                        |   14|          3|   32|         96|
    |K_p_we1                        |    9|          2|   32|         64|
    |M_inv_address0                 |   14|          3|   13|         39|
    |M_inv_ce0                      |   14|          3|    1|          3|
    |M_inv_we0                      |    9|          2|   32|         64|
    |ap_NS_fsm                      |  232|         52|    1|         52|
    |gmem0_0_ARVALID                |    9|          2|    1|          2|
    |gmem0_0_RREADY                 |    9|          2|    1|          2|
    |gmem1_0_ARVALID                |    9|          2|    1|          2|
    |gmem1_0_RREADY                 |    9|          2|    1|          2|
    |gmem2_0_ARVALID                |    9|          2|    1|          2|
    |gmem2_0_RREADY                 |    9|          2|    1|          2|
    |gmem3_0_ARVALID                |    9|          2|    1|          2|
    |gmem3_0_AWADDR                 |   14|          3|   64|        192|
    |gmem3_0_AWLEN                  |   14|          3|   32|         96|
    |gmem3_0_AWVALID                |   14|          3|    1|          3|
    |gmem3_0_BREADY                 |   14|          3|    1|          3|
    |gmem3_0_RREADY                 |    9|          2|    1|          2|
    |gmem3_0_WVALID                 |    9|          2|    1|          2|
    |gmem3_blk_n_AW                 |    9|          2|    1|          2|
    |gmem3_blk_n_B                  |    9|          2|    1|          2|
    |grp_dot_prod_1_fu_395_y_q0     |   14|          3|  256|        768|
    |grp_dot_prod_fu_388_x_q0       |   14|          3|  256|        768|
    |grp_dot_prod_fu_388_y_q0       |   14|          3|  256|        768|
    |grp_fu_468_ce                  |   37|          7|    1|          7|
    |grp_fu_468_p0                  |   37|          7|   32|        224|
    |grp_fu_468_p1                  |   37|          7|   32|        224|
    |grp_fu_472_p0                  |   14|          3|   32|         96|
    |grp_fu_472_p1                  |   14|          3|   32|         96|
    |grp_fu_898_ce                  |   26|          5|    1|          5|
    |grp_fu_898_p0                  |   26|          5|   32|        160|
    |grp_fu_898_p1                  |   26|          5|   32|        160|
    |grp_fu_902_ce                  |   26|          5|    1|          5|
    |grp_fu_902_p0                  |   26|          5|   32|        160|
    |grp_fu_902_p1                  |   26|          5|   32|        160|
    |grp_fu_906_ce                  |   20|          4|    1|          4|
    |grp_fu_906_p0                  |   20|          4|   32|        128|
    |grp_fu_906_p1                  |   20|          4|   32|        128|
    |grp_fu_910_ce                  |   20|          4|    1|          4|
    |grp_fu_910_p0                  |   20|          4|   32|        128|
    |grp_fu_910_p1                  |   20|          4|   32|        128|
    |grp_fu_914_ce                  |   20|          4|    1|          4|
    |grp_fu_914_p0                  |   20|          4|   32|        128|
    |grp_fu_914_p1                  |   20|          4|   32|        128|
    |grp_fu_918_ce                  |   20|          4|    1|          4|
    |grp_fu_918_p0                  |   20|          4|   32|        128|
    |grp_fu_918_p1                  |   20|          4|   32|        128|
    |grp_fu_922_ce                  |   20|          4|    1|          4|
    |grp_fu_922_p0                  |   20|          4|   32|        128|
    |grp_fu_922_p1                  |   20|          4|   32|        128|
    |grp_fu_926_ce                  |   20|          4|    1|          4|
    |grp_fu_926_opcode              |   20|          4|    2|          8|
    |grp_fu_926_p0                  |   20|          4|   32|        128|
    |grp_fu_926_p1                  |   20|          4|   32|        128|
    |grp_fu_930_ce                  |   20|          4|    1|          4|
    |grp_fu_930_opcode              |   20|          4|    2|          8|
    |grp_fu_930_p0                  |   20|          4|   32|        128|
    |grp_fu_930_p1                  |   20|          4|   32|        128|
    |grp_fu_934_ce                  |   14|          3|    1|          3|
    |grp_fu_934_p0                  |   14|          3|   32|         96|
    |grp_fu_934_p1                  |   14|          3|   32|         96|
    |grp_fu_938_ce                  |   14|          3|    1|          3|
    |grp_fu_938_p0                  |   14|          3|   32|         96|
    |grp_fu_938_p1                  |   14|          3|   32|         96|
    |grp_fu_942_ce                  |   14|          3|    1|          3|
    |grp_fu_942_p0                  |   14|          3|   32|         96|
    |grp_fu_942_p1                  |   14|          3|   32|         96|
    |grp_fu_946_ce                  |   14|          3|    1|          3|
    |grp_fu_946_p0                  |   14|          3|   32|         96|
    |grp_fu_946_p1                  |   14|          3|   32|         96|
    |grp_fu_950_ce                  |   14|          3|    1|          3|
    |grp_fu_950_p0                  |   14|          3|   32|         96|
    |grp_fu_950_p1                  |   14|          3|   32|         96|
    |grp_fu_954_ce                  |   14|          3|    1|          3|
    |grp_fu_954_p0                  |   14|          3|   32|         96|
    |grp_fu_954_p1                  |   14|          3|   32|         96|
    |grp_spmv_csc_fu_401_A_col_ptr  |   20|          4|   64|        256|
    |grp_spmv_csc_fu_401_A_row_idx  |   20|          4|   64|        256|
    |grp_spmv_csc_fu_401_A_values   |   20|          4|   64|        256|
    |grp_spmv_csc_fu_401_nnz        |   14|          3|   32|         96|
    |grp_spmv_csc_fu_401_x_q0       |   14|          3|  256|        768|
    |grp_spmv_csc_fu_401_y_q1       |   14|          3|  256|        768|
    |k_fu_198                       |    9|          2|   17|         34|
    |p_address0                     |   37|          7|   13|         91|
    |p_ce0                          |   37|          7|    1|          7|
    |p_ce1                          |    9|          2|    1|          2|
    |p_d0                           |   14|          3|  256|        768|
    |p_we0                          |   14|          3|   32|         96|
    |r_address0                     |   26|          5|   13|         65|
    |r_ce0                          |   26|          5|    1|          5|
    |r_ce1                          |    9|          2|    1|          2|
    |r_d0                           |   14|          3|  256|        768|
    |r_we0                          |   14|          3|   32|         96|
    |r_we1                          |    9|          2|   32|         64|
    |rho_address0                   |   14|          3|   13|         39|
    |rho_ce0                        |   14|          3|    1|          3|
    |rho_we0                        |    9|          2|   32|         64|
    |scratch1_address0              |   37|          7|   13|         91|
    |scratch1_address1              |   14|          3|   13|         39|
    |scratch1_ce0                   |   37|          7|    1|          7|
    |scratch1_ce1                   |   14|          3|    1|          3|
    |scratch1_d0                    |   20|          4|  256|       1024|
    |scratch1_we0                   |   20|          4|   32|        128|
    |scratch1_we1                   |    9|          2|   32|         64|
    |scratch2_address0              |   26|          5|   13|         65|
    |scratch2_ce0                   |   26|          5|    1|          5|
    |scratch2_ce1                   |    9|          2|    1|          2|
    |scratch2_d0                    |   14|          3|  256|        768|
    |scratch2_we0                   |   14|          3|   32|         96|
    |scratch2_we1                   |    9|          2|   32|         64|
    |x_local_address0               |   20|          4|   13|         52|
    |x_local_ce0                    |   20|          4|    1|          4|
    |x_local_ce1                    |    9|          2|    1|          2|
    |x_local_d0                     |   14|          3|  256|        768|
    |x_local_we0                    |   14|          3|   32|         96|
    |x_local_we1                    |    9|          2|   32|         64|
    +-------------------------------+-----+-----------+-----+-----------+
    |Total                          | 2282|        471| 4835|      15967|
    +-------------------------------+-----+-----------+-----+-----------+

    * Register: 
    +--------------------------------------------------------+----+----+-----+-----------+
    |                          Name                          | FF | LUT| Bits| Const Bits|
    +--------------------------------------------------------+----+----+-----+-----------+
    |AT_col_ptr_read_reg_771                                 |  64|   0|   64|          0|
    |AT_row_idx_read_reg_776                                 |  64|   0|   64|          0|
    |AT_values_read_reg_766                                  |  64|   0|   64|          0|
    |A_col_ptr_read_reg_791                                  |  64|   0|   64|          0|
    |A_nnz_read_reg_781                                      |  32|   0|   32|          0|
    |A_row_idx_read_reg_796                                  |  64|   0|   64|          0|
    |A_values_read_reg_786                                   |  64|   0|   64|          0|
    |P_col_ptr_read_reg_756                                  |  64|   0|   64|          0|
    |P_nnz_read_reg_746                                      |  32|   0|   32|          0|
    |P_row_idx_read_reg_761                                  |  64|   0|   64|          0|
    |P_values_read_reg_751                                   |  64|   0|   64|          0|
    |ap_CS_fsm                                               |  51|   0|   51|          0|
    |empty_reg_883                                           |  31|   0|   31|          0|
    |epsilon_sq_read_reg_736                                 |  32|   0|   32|          0|
    |grp_dot_prod_1_fu_395_ap_start_reg                      |   1|   0|    1|          0|
    |grp_dot_prod_fu_388_ap_start_reg                        |   1|   0|    1|          0|
    |grp_pcg_Pipeline_VITIS_LOOP_134_1_fu_363_ap_start_reg   |   1|   0|    1|          0|
    |grp_pcg_Pipeline_VITIS_LOOP_176_3_fu_419_ap_start_reg   |   1|   0|    1|          0|
    |grp_pcg_Pipeline_VITIS_LOOP_194_5_fu_427_ap_start_reg   |   1|   0|    1|          0|
    |grp_pcg_Pipeline_VITIS_LOOP_212_7_fu_437_ap_start_reg   |   1|   0|    1|          0|
    |grp_pcg_Pipeline_VITIS_LOOP_241_9_fu_450_ap_start_reg   |   1|   0|    1|          0|
    |grp_pcg_Pipeline_VITIS_LOOP_259_11_fu_459_ap_start_reg  |   1|   0|    1|          0|
    |grp_spmv_csc_fu_401_ap_start_reg                        |   1|   0|    1|          0|
    |icmp_ln134_reg_851                                      |   1|   0|    1|          0|
    |icmp_ln160_1_reg_864                                    |   1|   0|    1|          0|
    |icmp_ln160_2_reg_869                                    |   1|   0|    1|          0|
    |k_fu_198                                                |  17|   0|   17|          0|
    |norm_b_sq_reg_840                                       |  32|   0|   32|          0|
    |num_cols_read_reg_801                                   |  32|   0|   32|          0|
    |num_rows_read_reg_820                                   |  32|   0|   32|          0|
    |or_ln160_1_reg_856                                      |   1|   0|    1|          0|
    |rT_r_1_fu_202                                           |  32|   0|   32|          0|
    |rT_y_1_fu_206                                           |  32|   0|   32|          0|
    |rT_y_1_load_reg_888                                     |  32|   0|   32|          0|
    |reg_480                                                 |  32|   0|   32|          0|
    |reg_486                                                 |  32|   0|   32|          0|
    |sigma_read_reg_741                                      |  32|   0|   32|          0|
    |threshold_reg_845                                       |  32|   0|   32|          0|
    |trunc_ln134_1_reg_830                                   |  62|   0|   62|          0|
    |trunc_ln134_2_reg_835                                   |  62|   0|   62|          0|
    |trunc_ln7_reg_877                                       |  62|   0|   62|          0|
    |trunc_ln_reg_825                                        |  62|   0|   62|          0|
    |x_read_reg_731                                          |  64|   0|   64|          0|
    +--------------------------------------------------------+----+----+-----+-----------+
    |Total                                                   |1416|   0| 1416|          0|
    +--------------------------------------------------------+----+----+-----+-----------+



================================================================
== Interface
================================================================
* Summary: 
+-------------------------+-----+-----+------------+--------------+--------------+
|        RTL Ports        | Dir | Bits|  Protocol  | Source Object|    C Type    |
+-------------------------+-----+-----+------------+--------------+--------------+
|s_axi_control_AWVALID    |   in|    1|       s_axi|       control|        scalar|
|s_axi_control_AWREADY    |  out|    1|       s_axi|       control|        scalar|
|s_axi_control_AWADDR     |   in|    6|       s_axi|       control|        scalar|
|s_axi_control_WVALID     |   in|    1|       s_axi|       control|        scalar|
|s_axi_control_WREADY     |  out|    1|       s_axi|       control|        scalar|
|s_axi_control_WDATA      |   in|   32|       s_axi|       control|        scalar|
|s_axi_control_WSTRB      |   in|    4|       s_axi|       control|        scalar|
|s_axi_control_ARVALID    |   in|    1|       s_axi|       control|        scalar|
|s_axi_control_ARREADY    |  out|    1|       s_axi|       control|        scalar|
|s_axi_control_ARADDR     |   in|    6|       s_axi|       control|        scalar|
|s_axi_control_RVALID     |  out|    1|       s_axi|       control|        scalar|
|s_axi_control_RREADY     |   in|    1|       s_axi|       control|        scalar|
|s_axi_control_RDATA      |  out|   32|       s_axi|       control|        scalar|
|s_axi_control_RRESP      |  out|    2|       s_axi|       control|        scalar|
|s_axi_control_BVALID     |  out|    1|       s_axi|       control|        scalar|
|s_axi_control_BREADY     |   in|    1|       s_axi|       control|        scalar|
|s_axi_control_BRESP      |  out|    2|       s_axi|       control|        scalar|
|s_axi_control_r_AWVALID  |   in|    1|       s_axi|     control_r|        scalar|
|s_axi_control_r_AWREADY  |  out|    1|       s_axi|     control_r|        scalar|
|s_axi_control_r_AWADDR   |   in|    8|       s_axi|     control_r|        scalar|
|s_axi_control_r_WVALID   |   in|    1|       s_axi|     control_r|        scalar|
|s_axi_control_r_WREADY   |  out|    1|       s_axi|     control_r|        scalar|
|s_axi_control_r_WDATA    |   in|   32|       s_axi|     control_r|        scalar|
|s_axi_control_r_WSTRB    |   in|    4|       s_axi|     control_r|        scalar|
|s_axi_control_r_ARVALID  |   in|    1|       s_axi|     control_r|        scalar|
|s_axi_control_r_ARREADY  |  out|    1|       s_axi|     control_r|        scalar|
|s_axi_control_r_ARADDR   |   in|    8|       s_axi|     control_r|        scalar|
|s_axi_control_r_RVALID   |  out|    1|       s_axi|     control_r|        scalar|
|s_axi_control_r_RREADY   |   in|    1|       s_axi|     control_r|        scalar|
|s_axi_control_r_RDATA    |  out|   32|       s_axi|     control_r|        scalar|
|s_axi_control_r_RRESP    |  out|    2|       s_axi|     control_r|        scalar|
|s_axi_control_r_BVALID   |  out|    1|       s_axi|     control_r|        scalar|
|s_axi_control_r_BREADY   |   in|    1|       s_axi|     control_r|        scalar|
|s_axi_control_r_BRESP    |  out|    2|       s_axi|     control_r|        scalar|
|ap_clk                   |   in|    1|  ap_ctrl_hs|           pcg|  return value|
|ap_rst_n                 |   in|    1|  ap_ctrl_hs|           pcg|  return value|
|interrupt                |  out|    1|  ap_ctrl_hs|           pcg|  return value|
|m_axi_gmem0_AWVALID      |  out|    1|       m_axi|         gmem0|       pointer|
|m_axi_gmem0_AWREADY      |   in|    1|       m_axi|         gmem0|       pointer|
|m_axi_gmem0_AWADDR       |  out|   64|       m_axi|         gmem0|       pointer|
|m_axi_gmem0_AWID         |  out|    1|       m_axi|         gmem0|       pointer|
|m_axi_gmem0_AWLEN        |  out|    8|       m_axi|         gmem0|       pointer|
|m_axi_gmem0_AWSIZE       |  out|    3|       m_axi|         gmem0|       pointer|
|m_axi_gmem0_AWBURST      |  out|    2|       m_axi|         gmem0|       pointer|
|m_axi_gmem0_AWLOCK       |  out|    2|       m_axi|         gmem0|       pointer|
|m_axi_gmem0_AWCACHE      |  out|    4|       m_axi|         gmem0|       pointer|
|m_axi_gmem0_AWPROT       |  out|    3|       m_axi|         gmem0|       pointer|
|m_axi_gmem0_AWQOS        |  out|    4|       m_axi|         gmem0|       pointer|
|m_axi_gmem0_AWREGION     |  out|    4|       m_axi|         gmem0|       pointer|
|m_axi_gmem0_AWUSER       |  out|    1|       m_axi|         gmem0|       pointer|
|m_axi_gmem0_WVALID       |  out|    1|       m_axi|         gmem0|       pointer|
|m_axi_gmem0_WREADY       |   in|    1|       m_axi|         gmem0|       pointer|
|m_axi_gmem0_WDATA        |  out|  512|       m_axi|         gmem0|       pointer|
|m_axi_gmem0_WSTRB        |  out|   64|       m_axi|         gmem0|       pointer|
|m_axi_gmem0_WLAST        |  out|    1|       m_axi|         gmem0|       pointer|
|m_axi_gmem0_WID          |  out|    1|       m_axi|         gmem0|       pointer|
|m_axi_gmem0_WUSER        |  out|    1|       m_axi|         gmem0|       pointer|
|m_axi_gmem0_ARVALID      |  out|    1|       m_axi|         gmem0|       pointer|
|m_axi_gmem0_ARREADY      |   in|    1|       m_axi|         gmem0|       pointer|
|m_axi_gmem0_ARADDR       |  out|   64|       m_axi|         gmem0|       pointer|
|m_axi_gmem0_ARID         |  out|    1|       m_axi|         gmem0|       pointer|
|m_axi_gmem0_ARLEN        |  out|    8|       m_axi|         gmem0|       pointer|
|m_axi_gmem0_ARSIZE       |  out|    3|       m_axi|         gmem0|       pointer|
|m_axi_gmem0_ARBURST      |  out|    2|       m_axi|         gmem0|       pointer|
|m_axi_gmem0_ARLOCK       |  out|    2|       m_axi|         gmem0|       pointer|
|m_axi_gmem0_ARCACHE      |  out|    4|       m_axi|         gmem0|       pointer|
|m_axi_gmem0_ARPROT       |  out|    3|       m_axi|         gmem0|       pointer|
|m_axi_gmem0_ARQOS        |  out|    4|       m_axi|         gmem0|       pointer|
|m_axi_gmem0_ARREGION     |  out|    4|       m_axi|         gmem0|       pointer|
|m_axi_gmem0_ARUSER       |  out|    1|       m_axi|         gmem0|       pointer|
|m_axi_gmem0_RVALID       |   in|    1|       m_axi|         gmem0|       pointer|
|m_axi_gmem0_RREADY       |  out|    1|       m_axi|         gmem0|       pointer|
|m_axi_gmem0_RDATA        |   in|  512|       m_axi|         gmem0|       pointer|
|m_axi_gmem0_RLAST        |   in|    1|       m_axi|         gmem0|       pointer|
|m_axi_gmem0_RID          |   in|    1|       m_axi|         gmem0|       pointer|
|m_axi_gmem0_RUSER        |   in|    1|       m_axi|         gmem0|       pointer|
|m_axi_gmem0_RRESP        |   in|    2|       m_axi|         gmem0|       pointer|
|m_axi_gmem0_BVALID       |   in|    1|       m_axi|         gmem0|       pointer|
|m_axi_gmem0_BREADY       |  out|    1|       m_axi|         gmem0|       pointer|
|m_axi_gmem0_BRESP        |   in|    2|       m_axi|         gmem0|       pointer|
|m_axi_gmem0_BID          |   in|    1|       m_axi|         gmem0|       pointer|
|m_axi_gmem0_BUSER        |   in|    1|       m_axi|         gmem0|       pointer|
|m_axi_gmem1_AWVALID      |  out|    1|       m_axi|         gmem1|       pointer|
|m_axi_gmem1_AWREADY      |   in|    1|       m_axi|         gmem1|       pointer|
|m_axi_gmem1_AWADDR       |  out|   64|       m_axi|         gmem1|       pointer|
|m_axi_gmem1_AWID         |  out|    1|       m_axi|         gmem1|       pointer|
|m_axi_gmem1_AWLEN        |  out|    8|       m_axi|         gmem1|       pointer|
|m_axi_gmem1_AWSIZE       |  out|    3|       m_axi|         gmem1|       pointer|
|m_axi_gmem1_AWBURST      |  out|    2|       m_axi|         gmem1|       pointer|
|m_axi_gmem1_AWLOCK       |  out|    2|       m_axi|         gmem1|       pointer|
|m_axi_gmem1_AWCACHE      |  out|    4|       m_axi|         gmem1|       pointer|
|m_axi_gmem1_AWPROT       |  out|    3|       m_axi|         gmem1|       pointer|
|m_axi_gmem1_AWQOS        |  out|    4|       m_axi|         gmem1|       pointer|
|m_axi_gmem1_AWREGION     |  out|    4|       m_axi|         gmem1|       pointer|
|m_axi_gmem1_AWUSER       |  out|    1|       m_axi|         gmem1|       pointer|
|m_axi_gmem1_WVALID       |  out|    1|       m_axi|         gmem1|       pointer|
|m_axi_gmem1_WREADY       |   in|    1|       m_axi|         gmem1|       pointer|
|m_axi_gmem1_WDATA        |  out|   32|       m_axi|         gmem1|       pointer|
|m_axi_gmem1_WSTRB        |  out|    4|       m_axi|         gmem1|       pointer|
|m_axi_gmem1_WLAST        |  out|    1|       m_axi|         gmem1|       pointer|
|m_axi_gmem1_WID          |  out|    1|       m_axi|         gmem1|       pointer|
|m_axi_gmem1_WUSER        |  out|    1|       m_axi|         gmem1|       pointer|
|m_axi_gmem1_ARVALID      |  out|    1|       m_axi|         gmem1|       pointer|
|m_axi_gmem1_ARREADY      |   in|    1|       m_axi|         gmem1|       pointer|
|m_axi_gmem1_ARADDR       |  out|   64|       m_axi|         gmem1|       pointer|
|m_axi_gmem1_ARID         |  out|    1|       m_axi|         gmem1|       pointer|
|m_axi_gmem1_ARLEN        |  out|    8|       m_axi|         gmem1|       pointer|
|m_axi_gmem1_ARSIZE       |  out|    3|       m_axi|         gmem1|       pointer|
|m_axi_gmem1_ARBURST      |  out|    2|       m_axi|         gmem1|       pointer|
|m_axi_gmem1_ARLOCK       |  out|    2|       m_axi|         gmem1|       pointer|
|m_axi_gmem1_ARCACHE      |  out|    4|       m_axi|         gmem1|       pointer|
|m_axi_gmem1_ARPROT       |  out|    3|       m_axi|         gmem1|       pointer|
|m_axi_gmem1_ARQOS        |  out|    4|       m_axi|         gmem1|       pointer|
|m_axi_gmem1_ARREGION     |  out|    4|       m_axi|         gmem1|       pointer|
|m_axi_gmem1_ARUSER       |  out|    1|       m_axi|         gmem1|       pointer|
|m_axi_gmem1_RVALID       |   in|    1|       m_axi|         gmem1|       pointer|
|m_axi_gmem1_RREADY       |  out|    1|       m_axi|         gmem1|       pointer|
|m_axi_gmem1_RDATA        |   in|   32|       m_axi|         gmem1|       pointer|
|m_axi_gmem1_RLAST        |   in|    1|       m_axi|         gmem1|       pointer|
|m_axi_gmem1_RID          |   in|    1|       m_axi|         gmem1|       pointer|
|m_axi_gmem1_RUSER        |   in|    1|       m_axi|         gmem1|       pointer|
|m_axi_gmem1_RRESP        |   in|    2|       m_axi|         gmem1|       pointer|
|m_axi_gmem1_BVALID       |   in|    1|       m_axi|         gmem1|       pointer|
|m_axi_gmem1_BREADY       |  out|    1|       m_axi|         gmem1|       pointer|
|m_axi_gmem1_BRESP        |   in|    2|       m_axi|         gmem1|       pointer|
|m_axi_gmem1_BID          |   in|    1|       m_axi|         gmem1|       pointer|
|m_axi_gmem1_BUSER        |   in|    1|       m_axi|         gmem1|       pointer|
|m_axi_gmem2_AWVALID      |  out|    1|       m_axi|         gmem2|       pointer|
|m_axi_gmem2_AWREADY      |   in|    1|       m_axi|         gmem2|       pointer|
|m_axi_gmem2_AWADDR       |  out|   64|       m_axi|         gmem2|       pointer|
|m_axi_gmem2_AWID         |  out|    1|       m_axi|         gmem2|       pointer|
|m_axi_gmem2_AWLEN        |  out|    8|       m_axi|         gmem2|       pointer|
|m_axi_gmem2_AWSIZE       |  out|    3|       m_axi|         gmem2|       pointer|
|m_axi_gmem2_AWBURST      |  out|    2|       m_axi|         gmem2|       pointer|
|m_axi_gmem2_AWLOCK       |  out|    2|       m_axi|         gmem2|       pointer|
|m_axi_gmem2_AWCACHE      |  out|    4|       m_axi|         gmem2|       pointer|
|m_axi_gmem2_AWPROT       |  out|    3|       m_axi|         gmem2|       pointer|
|m_axi_gmem2_AWQOS        |  out|    4|       m_axi|         gmem2|       pointer|
|m_axi_gmem2_AWREGION     |  out|    4|       m_axi|         gmem2|       pointer|
|m_axi_gmem2_AWUSER       |  out|    1|       m_axi|         gmem2|       pointer|
|m_axi_gmem2_WVALID       |  out|    1|       m_axi|         gmem2|       pointer|
|m_axi_gmem2_WREADY       |   in|    1|       m_axi|         gmem2|       pointer|
|m_axi_gmem2_WDATA        |  out|  512|       m_axi|         gmem2|       pointer|
|m_axi_gmem2_WSTRB        |  out|   64|       m_axi|         gmem2|       pointer|
|m_axi_gmem2_WLAST        |  out|    1|       m_axi|         gmem2|       pointer|
|m_axi_gmem2_WID          |  out|    1|       m_axi|         gmem2|       pointer|
|m_axi_gmem2_WUSER        |  out|    1|       m_axi|         gmem2|       pointer|
|m_axi_gmem2_ARVALID      |  out|    1|       m_axi|         gmem2|       pointer|
|m_axi_gmem2_ARREADY      |   in|    1|       m_axi|         gmem2|       pointer|
|m_axi_gmem2_ARADDR       |  out|   64|       m_axi|         gmem2|       pointer|
|m_axi_gmem2_ARID         |  out|    1|       m_axi|         gmem2|       pointer|
|m_axi_gmem2_ARLEN        |  out|    8|       m_axi|         gmem2|       pointer|
|m_axi_gmem2_ARSIZE       |  out|    3|       m_axi|         gmem2|       pointer|
|m_axi_gmem2_ARBURST      |  out|    2|       m_axi|         gmem2|       pointer|
|m_axi_gmem2_ARLOCK       |  out|    2|       m_axi|         gmem2|       pointer|
|m_axi_gmem2_ARCACHE      |  out|    4|       m_axi|         gmem2|       pointer|
|m_axi_gmem2_ARPROT       |  out|    3|       m_axi|         gmem2|       pointer|
|m_axi_gmem2_ARQOS        |  out|    4|       m_axi|         gmem2|       pointer|
|m_axi_gmem2_ARREGION     |  out|    4|       m_axi|         gmem2|       pointer|
|m_axi_gmem2_ARUSER       |  out|    1|       m_axi|         gmem2|       pointer|
|m_axi_gmem2_RVALID       |   in|    1|       m_axi|         gmem2|       pointer|
|m_axi_gmem2_RREADY       |  out|    1|       m_axi|         gmem2|       pointer|
|m_axi_gmem2_RDATA        |   in|  512|       m_axi|         gmem2|       pointer|
|m_axi_gmem2_RLAST        |   in|    1|       m_axi|         gmem2|       pointer|
|m_axi_gmem2_RID          |   in|    1|       m_axi|         gmem2|       pointer|
|m_axi_gmem2_RUSER        |   in|    1|       m_axi|         gmem2|       pointer|
|m_axi_gmem2_RRESP        |   in|    2|       m_axi|         gmem2|       pointer|
|m_axi_gmem2_BVALID       |   in|    1|       m_axi|         gmem2|       pointer|
|m_axi_gmem2_BREADY       |  out|    1|       m_axi|         gmem2|       pointer|
|m_axi_gmem2_BRESP        |   in|    2|       m_axi|         gmem2|       pointer|
|m_axi_gmem2_BID          |   in|    1|       m_axi|         gmem2|       pointer|
|m_axi_gmem2_BUSER        |   in|    1|       m_axi|         gmem2|       pointer|
|m_axi_gmem3_AWVALID      |  out|    1|       m_axi|         gmem3|       pointer|
|m_axi_gmem3_AWREADY      |   in|    1|       m_axi|         gmem3|       pointer|
|m_axi_gmem3_AWADDR       |  out|   64|       m_axi|         gmem3|       pointer|
|m_axi_gmem3_AWID         |  out|    1|       m_axi|         gmem3|       pointer|
|m_axi_gmem3_AWLEN        |  out|    8|       m_axi|         gmem3|       pointer|
|m_axi_gmem3_AWSIZE       |  out|    3|       m_axi|         gmem3|       pointer|
|m_axi_gmem3_AWBURST      |  out|    2|       m_axi|         gmem3|       pointer|
|m_axi_gmem3_AWLOCK       |  out|    2|       m_axi|         gmem3|       pointer|
|m_axi_gmem3_AWCACHE      |  out|    4|       m_axi|         gmem3|       pointer|
|m_axi_gmem3_AWPROT       |  out|    3|       m_axi|         gmem3|       pointer|
|m_axi_gmem3_AWQOS        |  out|    4|       m_axi|         gmem3|       pointer|
|m_axi_gmem3_AWREGION     |  out|    4|       m_axi|         gmem3|       pointer|
|m_axi_gmem3_AWUSER       |  out|    1|       m_axi|         gmem3|       pointer|
|m_axi_gmem3_WVALID       |  out|    1|       m_axi|         gmem3|       pointer|
|m_axi_gmem3_WREADY       |   in|    1|       m_axi|         gmem3|       pointer|
|m_axi_gmem3_WDATA        |  out|   32|       m_axi|         gmem3|       pointer|
|m_axi_gmem3_WSTRB        |  out|    4|       m_axi|         gmem3|       pointer|
|m_axi_gmem3_WLAST        |  out|    1|       m_axi|         gmem3|       pointer|
|m_axi_gmem3_WID          |  out|    1|       m_axi|         gmem3|       pointer|
|m_axi_gmem3_WUSER        |  out|    1|       m_axi|         gmem3|       pointer|
|m_axi_gmem3_ARVALID      |  out|    1|       m_axi|         gmem3|       pointer|
|m_axi_gmem3_ARREADY      |   in|    1|       m_axi|         gmem3|       pointer|
|m_axi_gmem3_ARADDR       |  out|   64|       m_axi|         gmem3|       pointer|
|m_axi_gmem3_ARID         |  out|    1|       m_axi|         gmem3|       pointer|
|m_axi_gmem3_ARLEN        |  out|    8|       m_axi|         gmem3|       pointer|
|m_axi_gmem3_ARSIZE       |  out|    3|       m_axi|         gmem3|       pointer|
|m_axi_gmem3_ARBURST      |  out|    2|       m_axi|         gmem3|       pointer|
|m_axi_gmem3_ARLOCK       |  out|    2|       m_axi|         gmem3|       pointer|
|m_axi_gmem3_ARCACHE      |  out|    4|       m_axi|         gmem3|       pointer|
|m_axi_gmem3_ARPROT       |  out|    3|       m_axi|         gmem3|       pointer|
|m_axi_gmem3_ARQOS        |  out|    4|       m_axi|         gmem3|       pointer|
|m_axi_gmem3_ARREGION     |  out|    4|       m_axi|         gmem3|       pointer|
|m_axi_gmem3_ARUSER       |  out|    1|       m_axi|         gmem3|       pointer|
|m_axi_gmem3_RVALID       |   in|    1|       m_axi|         gmem3|       pointer|
|m_axi_gmem3_RREADY       |  out|    1|       m_axi|         gmem3|       pointer|
|m_axi_gmem3_RDATA        |   in|   32|       m_axi|         gmem3|       pointer|
|m_axi_gmem3_RLAST        |   in|    1|       m_axi|         gmem3|       pointer|
|m_axi_gmem3_RID          |   in|    1|       m_axi|         gmem3|       pointer|
|m_axi_gmem3_RUSER        |   in|    1|       m_axi|         gmem3|       pointer|
|m_axi_gmem3_RRESP        |   in|    2|       m_axi|         gmem3|       pointer|
|m_axi_gmem3_BVALID       |   in|    1|       m_axi|         gmem3|       pointer|
|m_axi_gmem3_BREADY       |  out|    1|       m_axi|         gmem3|       pointer|
|m_axi_gmem3_BRESP        |   in|    2|       m_axi|         gmem3|       pointer|
|m_axi_gmem3_BID          |   in|    1|       m_axi|         gmem3|       pointer|
|m_axi_gmem3_BUSER        |   in|    1|       m_axi|         gmem3|       pointer|
+-------------------------+-----+-----+------------+--------------+--------------+

