

================================================================
== Vitis HLS Report for 'compute_pe_10'
================================================================
* Date:           Thu Apr 23 17:42:09 2026

* Version:        2024.2 (Build 5238294 on Nov  8 2024)
* Project:        spmv_csc
* Solution:       hls (Vivado IP Flow Target)
* Product family: zynquplus
* Target device:  xczu7ev-ffvc1156-2-e


================================================================
== Performance Estimates
================================================================
+ Timing: 
    * Summary: 
    +--------+---------+----------+------------+
    |  Clock |  Target | Estimated| Uncertainty|
    +--------+---------+----------+------------+
    |ap_clk  |  5.00 ns|  4.965 ns|     1.00 ns|
    +--------+---------+----------+------------+

+ Latency: 
    * Summary: 
    +---------+---------+----------+----------+-----+-----+---------+
    |  Latency (cycles) |  Latency (absolute) |  Interval | Pipeline|
    |   min   |   max   |    min   |    max   | min | max |   Type  |
    +---------+---------+----------+----------+-----+-----+---------+
    |        ?|        ?|         ?|         ?|    ?|    ?|       no|
    +---------+---------+----------+----------+-----+-----+---------+

    + Detail: 
        * Instance: 
        +---------------------------------------------------+-----------------------------------------+---------+---------+----------+----------+-----+-----+------------------------------------------------+
        |                                                   |                                         |  Latency (cycles) |  Latency (absolute) |  Interval |                    Pipeline                    |
        |                      Instance                     |                  Module                 |   min   |   max   |    min   |    max   | min | max |                      Type                      |
        +---------------------------------------------------+-----------------------------------------+---------+---------+----------+----------+-----+-----+------------------------------------------------+
        |grp_compute_pe_10_Pipeline_VITIS_LOOP_245_1_fu_48  |compute_pe_10_Pipeline_VITIS_LOOP_245_1  |        ?|        ?|         ?|         ?|    0|    0|  loop auto-rewind stp (delay=0 clock cycles(s))|
        |grp_compute_pe_10_Pipeline_VITIS_LOOP_251_2_fu_55  |compute_pe_10_Pipeline_VITIS_LOOP_251_2  |        ?|        ?|         ?|         ?|    0|    0|  loop auto-rewind stp (delay=0 clock cycles(s))|
        +---------------------------------------------------+-----------------------------------------+---------+---------+----------+----------+-----+-----+------------------------------------------------+

        * Loop: 
        N/A



================================================================
== Utilization Estimates
================================================================
* Summary: 
+-----------------+---------+------+--------+--------+-----+
|       Name      | BRAM_18K|  DSP |   FF   |   LUT  | URAM|
+-----------------+---------+------+--------+--------+-----+
|DSP              |        -|     -|       -|       -|    -|
|Expression       |        -|     -|       0|       2|    -|
|FIFO             |        -|     -|       -|       -|    -|
|Instance         |        -|     3|     518|     768|    -|
|Memory           |        -|     -|       -|       -|    -|
|Multiplexer      |        -|     -|       0|     105|    -|
|Register         |        -|     -|      40|       -|    -|
+-----------------+---------+------+--------+--------+-----+
|Total            |        0|     3|     558|     875|    0|
+-----------------+---------+------+--------+--------+-----+
|Available        |      624|  1728|  460800|  230400|   96|
+-----------------+---------+------+--------+--------+-----+
|Utilization (%)  |        0|    ~0|      ~0|      ~0|    0|
+-----------------+---------+------+--------+--------+-----+

+ Detail: 
    * Instance: 
    +---------------------------------------------------+-----------------------------------------+---------+----+-----+-----+-----+
    |                      Instance                     |                  Module                 | BRAM_18K| DSP|  FF | LUT | URAM|
    +---------------------------------------------------+-----------------------------------------+---------+----+-----+-----+-----+
    |grp_compute_pe_10_Pipeline_VITIS_LOOP_245_1_fu_48  |compute_pe_10_Pipeline_VITIS_LOOP_245_1  |        0|   0|   13|   84|    0|
    |grp_compute_pe_10_Pipeline_VITIS_LOOP_251_2_fu_55  |compute_pe_10_Pipeline_VITIS_LOOP_251_2  |        0|   3|  505|  684|    0|
    +---------------------------------------------------+-----------------------------------------+---------+----+-----+-----+-----+
    |Total                                              |                                         |        0|   3|  518|  768|    0|
    +---------------------------------------------------+-----------------------------------------+---------+----+-----+-----+-----+

    * DSP: 
    N/A

    * Memory: 
    N/A

    * FIFO: 
    N/A

    * Expression: 
    +-----------------+----------+----+---+----+------------+------------+
    |  Variable Name  | Operation| DSP| FF| LUT| Bitwidth P0| Bitwidth P1|
    +-----------------+----------+----+---+----+------------+------------+
    |ap_block_state1  |        or|   0|  0|   2|           1|           1|
    +-----------------+----------+----+---+----+------------+------------+
    |Total            |          |   0|  0|   2|           1|           1|
    +-----------------+----------+----+---+----+------------+------------+

    * Multiplexer: 
    +--------------------+----+-----------+-----+-----------+
    |        Name        | LUT| Input Size| Bits| Total Bits|
    +--------------------+----+-----------+-----+-----------+
    |ap_NS_fsm           |  31|          6|    1|          6|
    |ap_done             |   9|          2|    1|          2|
    |num_rows_blk_n      |   9|          2|    1|          2|
    |y_partial_address0  |  14|          3|   10|         30|
    |y_partial_ce0       |  14|          3|    1|          3|
    |y_partial_d0        |  14|          3|   32|         96|
    |y_partial_we0       |  14|          3|    1|          3|
    +--------------------+----+-----------+-----+-----------+
    |Total               | 105|         22|   47|        142|
    +--------------------+----+-----------+-----+-----------+

    * Register: 
    +----------------------------------------------------------------+----+----+-----+-----------+
    |                              Name                              | FF | LUT| Bits| Const Bits|
    +----------------------------------------------------------------+----+----+-----+-----------+
    |ap_CS_fsm                                                       |   5|   0|    5|          0|
    |ap_done_reg                                                     |   1|   0|    1|          0|
    |grp_compute_pe_10_Pipeline_VITIS_LOOP_245_1_fu_48_ap_start_reg  |   1|   0|    1|          0|
    |grp_compute_pe_10_Pipeline_VITIS_LOOP_251_2_fu_55_ap_start_reg  |   1|   0|    1|          0|
    |num_rows_14_reg_84                                              |  32|   0|   32|          0|
    +----------------------------------------------------------------+----+----+-----+-----------+
    |Total                                                           |  40|   0|   40|          0|
    +----------------------------------------------------------------+----+----+-----+-----------+



================================================================
== Interface
================================================================
* Summary: 
+------------------------------+-----+-----+------------+---------------+--------------+
|           RTL Ports          | Dir | Bits|  Protocol  | Source Object |    C Type    |
+------------------------------+-----+-----+------------+---------------+--------------+
|ap_clk                        |   in|    1|  ap_ctrl_hs|  compute_pe.10|  return value|
|ap_rst                        |   in|    1|  ap_ctrl_hs|  compute_pe.10|  return value|
|ap_start                      |   in|    1|  ap_ctrl_hs|  compute_pe.10|  return value|
|ap_done                       |  out|    1|  ap_ctrl_hs|  compute_pe.10|  return value|
|ap_continue                   |   in|    1|  ap_ctrl_hs|  compute_pe.10|  return value|
|ap_idle                       |  out|    1|  ap_ctrl_hs|  compute_pe.10|  return value|
|ap_ready                      |  out|    1|  ap_ctrl_hs|  compute_pe.10|  return value|
|num_rows_dout                 |   in|   32|     ap_fifo|       num_rows|       pointer|
|num_rows_empty_n              |   in|    1|     ap_fifo|       num_rows|       pointer|
|num_rows_read                 |  out|    1|     ap_fifo|       num_rows|       pointer|
|num_rows_num_data_valid       |   in|    3|     ap_fifo|       num_rows|       pointer|
|num_rows_fifo_cap             |   in|    3|     ap_fifo|       num_rows|       pointer|
|pe_streams_10_dout            |   in|   97|     ap_fifo|  pe_streams_10|       pointer|
|pe_streams_10_empty_n         |   in|    1|     ap_fifo|  pe_streams_10|       pointer|
|pe_streams_10_read            |  out|    1|     ap_fifo|  pe_streams_10|       pointer|
|pe_streams_10_num_data_valid  |   in|    9|     ap_fifo|  pe_streams_10|       pointer|
|pe_streams_10_fifo_cap        |   in|    9|     ap_fifo|  pe_streams_10|       pointer|
|y_partial_address0            |  out|   10|   ap_memory|      y_partial|         array|
|y_partial_ce0                 |  out|    1|   ap_memory|      y_partial|         array|
|y_partial_we0                 |  out|    1|   ap_memory|      y_partial|         array|
|y_partial_d0                  |  out|   32|   ap_memory|      y_partial|         array|
|y_partial_q0                  |   in|   32|   ap_memory|      y_partial|         array|
+------------------------------+-----+-----+------------+---------------+--------------+

