

================================================================
== Vitis HLS Report for 'distribute_to_pe_Pipeline_VITIS_LOOP_172_1'
================================================================
* Date:           Thu Apr 23 17:42:06 2026

* Version:        2024.2 (Build 5238294 on Nov  8 2024)
* Project:        spmv_csc
* Solution:       hls (Vivado IP Flow Target)
* Product family: zynquplus
* Target device:  xczu7ev-ffvc1156-2-e


================================================================
== Performance Estimates
================================================================
+ Timing: 
    * Summary: 
    +--------+---------+----------+------------+
    |  Clock |  Target | Estimated| Uncertainty|
    +--------+---------+----------+------------+
    |ap_clk  |  5.00 ns|  7.520 ns|     1.00 ns|
    +--------+---------+----------+------------+

+ Latency: 
    * Summary: 
    +---------+---------+----------+----------+-----+-----+------------------------------------------------+
    |  Latency (cycles) |  Latency (absolute) |  Interval |                    Pipeline                    |
    |   min   |   max   |    min   |    max   | min | max |                      Type                      |
    +---------+---------+----------+----------+-----+-----+------------------------------------------------+
    |        ?|        ?|         ?|         ?|    0|    0|  loop auto-rewind stp (delay=0 clock cycles(s))|
    +---------+---------+----------+----------+-----+-----+------------------------------------------------+

    + Detail: 
        * Instance: 
        N/A

        * Loop: 
        +--------------------+---------+---------+----------+-----------+-----------+------+----------+
        |                    |  Latency (cycles) | Iteration|  Initiation Interval  | Trip |          |
        |      Loop Name     |   min   |   max   |  Latency |  achieved |   target  | Count| Pipelined|
        +--------------------+---------+---------+----------+-----------+-----------+------+----------+
        |- VITIS_LOOP_172_1  |        ?|        ?|         3|          1|          1|     ?|       yes|
        +--------------------+---------+---------+----------+-----------+-----------+------+----------+



================================================================
== Utilization Estimates
================================================================
* Summary: 
+-----------------+---------+------+--------+--------+-----+
|       Name      | BRAM_18K|  DSP |   FF   |   LUT  | URAM|
+-----------------+---------+------+--------+--------+-----+
|DSP              |        -|     -|       -|       -|    -|
|Expression       |        -|     -|       0|    3127|    -|
|FIFO             |        -|     -|       -|       -|    -|
|Instance         |        -|     -|       0|    2080|    -|
|Memory           |        -|     -|       -|       -|    -|
|Multiplexer      |        -|     -|       0|     410|    -|
|Register         |        -|     -|    2788|       -|    -|
+-----------------+---------+------+--------+--------+-----+
|Total            |        0|     0|    2788|    5617|    0|
+-----------------+---------+------+--------+--------+-----+
|Available        |      624|  1728|  460800|  230400|   96|
+-----------------+---------+------+--------+--------+-----+
|Utilization (%)  |        0|     0|      ~0|       2|    0|
+-----------------+---------+------+--------+--------+-----+

+ Detail: 
    * Instance: 
    +---------------------------+-----------------------+---------+----+---+----+-----+
    |          Instance         |         Module        | BRAM_18K| DSP| FF| LUT| URAM|
    +---------------------------+-----------------------+---------+----+---+----+-----+
    |sparsemux_33_4_32_1_1_U48  |sparsemux_33_4_32_1_1  |        0|   0|  0|  65|    0|
    |sparsemux_33_4_32_1_1_U49  |sparsemux_33_4_32_1_1  |        0|   0|  0|  65|    0|
    |sparsemux_33_4_32_1_1_U50  |sparsemux_33_4_32_1_1  |        0|   0|  0|  65|    0|
    |sparsemux_33_4_32_1_1_U51  |sparsemux_33_4_32_1_1  |        0|   0|  0|  65|    0|
    |sparsemux_33_4_32_1_1_U52  |sparsemux_33_4_32_1_1  |        0|   0|  0|  65|    0|
    |sparsemux_33_4_32_1_1_U53  |sparsemux_33_4_32_1_1  |        0|   0|  0|  65|    0|
    |sparsemux_33_4_32_1_1_U54  |sparsemux_33_4_32_1_1  |        0|   0|  0|  65|    0|
    |sparsemux_33_4_32_1_1_U55  |sparsemux_33_4_32_1_1  |        0|   0|  0|  65|    0|
    |sparsemux_33_4_32_1_1_U56  |sparsemux_33_4_32_1_1  |        0|   0|  0|  65|    0|
    |sparsemux_33_4_32_1_1_U57  |sparsemux_33_4_32_1_1  |        0|   0|  0|  65|    0|
    |sparsemux_33_4_32_1_1_U58  |sparsemux_33_4_32_1_1  |        0|   0|  0|  65|    0|
    |sparsemux_33_4_32_1_1_U59  |sparsemux_33_4_32_1_1  |        0|   0|  0|  65|    0|
    |sparsemux_33_4_32_1_1_U60  |sparsemux_33_4_32_1_1  |        0|   0|  0|  65|    0|
    |sparsemux_33_4_32_1_1_U61  |sparsemux_33_4_32_1_1  |        0|   0|  0|  65|    0|
    |sparsemux_33_4_32_1_1_U62  |sparsemux_33_4_32_1_1  |        0|   0|  0|  65|    0|
    |sparsemux_33_4_32_1_1_U63  |sparsemux_33_4_32_1_1  |        0|   0|  0|  65|    0|
    |sparsemux_33_4_32_1_1_U64  |sparsemux_33_4_32_1_1  |        0|   0|  0|  65|    0|
    |sparsemux_33_4_32_1_1_U65  |sparsemux_33_4_32_1_1  |        0|   0|  0|  65|    0|
    |sparsemux_33_4_32_1_1_U66  |sparsemux_33_4_32_1_1  |        0|   0|  0|  65|    0|
    |sparsemux_33_4_32_1_1_U67  |sparsemux_33_4_32_1_1  |        0|   0|  0|  65|    0|
    |sparsemux_33_4_32_1_1_U68  |sparsemux_33_4_32_1_1  |        0|   0|  0|  65|    0|
    |sparsemux_33_4_32_1_1_U69  |sparsemux_33_4_32_1_1  |        0|   0|  0|  65|    0|
    |sparsemux_33_4_32_1_1_U70  |sparsemux_33_4_32_1_1  |        0|   0|  0|  65|    0|
    |sparsemux_33_4_32_1_1_U71  |sparsemux_33_4_32_1_1  |        0|   0|  0|  65|    0|
    |sparsemux_33_4_32_1_1_U72  |sparsemux_33_4_32_1_1  |        0|   0|  0|  65|    0|
    |sparsemux_33_4_32_1_1_U73  |sparsemux_33_4_32_1_1  |        0|   0|  0|  65|    0|
    |sparsemux_33_4_32_1_1_U74  |sparsemux_33_4_32_1_1  |        0|   0|  0|  65|    0|
    |sparsemux_33_4_32_1_1_U75  |sparsemux_33_4_32_1_1  |        0|   0|  0|  65|    0|
    |sparsemux_33_4_32_1_1_U76  |sparsemux_33_4_32_1_1  |        0|   0|  0|  65|    0|
    |sparsemux_33_4_32_1_1_U77  |sparsemux_33_4_32_1_1  |        0|   0|  0|  65|    0|
    |sparsemux_33_4_32_1_1_U78  |sparsemux_33_4_32_1_1  |        0|   0|  0|  65|    0|
    |sparsemux_33_4_32_1_1_U79  |sparsemux_33_4_32_1_1  |        0|   0|  0|  65|    0|
    +---------------------------+-----------------------+---------+----+---+----+-----+
    |Total                      |                       |        0|   0|  0|2080|    0|
    +---------------------------+-----------------------+---------+----+---+----+-----+

    * DSP: 
    N/A

    * Memory: 
    N/A

    * FIFO: 
    N/A

    * Expression: 
    +----------------------------------+----------+----+---+----+------------+------------+
    |           Variable Name          | Operation| DSP| FF| LUT| Bitwidth P0| Bitwidth P1|
    +----------------------------------+----------+----+---+----+------------+------------+
    |add_ln204_10_fu_4592_p2           |         +|   0|  0|  39|          32|           5|
    |add_ln204_11_fu_4874_p2           |         +|   0|  0|  39|          32|           5|
    |add_ln204_12_fu_5156_p2           |         +|   0|  0|  39|          32|           5|
    |add_ln204_13_fu_5438_p2           |         +|   0|  0|  39|          32|           5|
    |add_ln204_14_fu_5720_p2           |         +|   0|  0|  39|          32|           5|
    |add_ln204_1_fu_2054_p2            |         +|   0|  0|  39|          32|           5|
    |add_ln204_2_fu_2336_p2            |         +|   0|  0|  39|          32|           5|
    |add_ln204_3_fu_2618_p2            |         +|   0|  0|  39|          32|           5|
    |add_ln204_4_fu_2900_p2            |         +|   0|  0|  39|          32|           5|
    |add_ln204_5_fu_3182_p2            |         +|   0|  0|  39|          32|           5|
    |add_ln204_6_fu_3464_p2            |         +|   0|  0|  39|          32|           5|
    |add_ln204_7_fu_3746_p2            |         +|   0|  0|  39|          32|           5|
    |add_ln204_8_fu_4028_p2            |         +|   0|  0|  39|          32|           5|
    |add_ln204_9_fu_4310_p2            |         +|   0|  0|  39|          32|           5|
    |add_ln204_fu_1772_p2              |         +|   0|  0|  39|          32|           5|
    |add_ln209_10_fu_4429_p2           |         +|   0|  0|  12|           4|           4|
    |add_ln209_11_fu_4711_p2           |         +|   0|  0|  12|           4|           4|
    |add_ln209_12_fu_4993_p2           |         +|   0|  0|  12|           4|           4|
    |add_ln209_13_fu_5275_p2           |         +|   0|  0|  12|           4|           4|
    |add_ln209_14_fu_5557_p2           |         +|   0|  0|  12|           4|           4|
    |add_ln209_15_fu_5839_p2           |         +|   0|  0|  12|           4|           4|
    |add_ln209_1_fu_1891_p2            |         +|   0|  0|  12|           4|           4|
    |add_ln209_2_fu_2173_p2            |         +|   0|  0|  12|           4|           4|
    |add_ln209_3_fu_2455_p2            |         +|   0|  0|  12|           4|           4|
    |add_ln209_4_fu_2737_p2            |         +|   0|  0|  12|           4|           4|
    |add_ln209_5_fu_3019_p2            |         +|   0|  0|  12|           4|           4|
    |add_ln209_6_fu_3301_p2            |         +|   0|  0|  12|           4|           4|
    |add_ln209_7_fu_3583_p2            |         +|   0|  0|  12|           4|           4|
    |add_ln209_8_fu_3865_p2            |         +|   0|  0|  12|           4|           4|
    |add_ln209_9_fu_4147_p2            |         +|   0|  0|  12|           4|           4|
    |add_ln209_fu_1609_p2              |         +|   0|  0|  12|           4|           4|
    |add_ln220_fu_6009_p2              |         +|   0|  0|  39|          32|           6|
    |distributed_3_fu_1396_p2          |         +|   0|  0|  39|          32|          32|
    |pack_pos_2_fu_1384_p2             |         +|   0|  0|  39|          32|          32|
    |pe_4_fu_5988_p2                   |         +|   0|  0|  39|          32|          32|
    |available_fu_1350_p2              |         -|   0|  0|  39|          32|          32|
    |col_nnz_3_fu_1390_p2              |         -|   0|  0|  39|          32|          32|
    |rel_11_fu_3168_p2                 |         -|   0|  0|  39|           3|          32|
    |rel_13_fu_3450_p2                 |         -|   0|  0|  39|           3|          32|
    |rel_15_fu_3732_p2                 |         -|   0|  0|  39|           4|          32|
    |rel_17_fu_4014_p2                 |         -|   0|  0|  39|           4|          32|
    |rel_19_fu_4296_p2                 |         -|   0|  0|  39|           4|          32|
    |rel_1_fu_1758_p2                  |         -|   0|  0|  39|           1|          32|
    |rel_21_fu_4578_p2                 |         -|   0|  0|  39|           4|          32|
    |rel_23_fu_4860_p2                 |         -|   0|  0|  39|           4|          32|
    |rel_25_fu_5142_p2                 |         -|   0|  0|  39|           4|          32|
    |rel_27_fu_5424_p2                 |         -|   0|  0|  39|           4|          32|
    |rel_29_fu_5706_p2                 |         -|   0|  0|  39|           4|          32|
    |rel_3_fu_2040_p2                  |         -|   0|  0|  39|           2|          32|
    |rel_5_fu_2322_p2                  |         -|   0|  0|  39|           2|          32|
    |rel_7_fu_2604_p2                  |         -|   0|  0|  39|           3|          32|
    |rel_9_fu_2886_p2                  |         -|   0|  0|  39|           3|          32|
    |rel_fu_1498_p2                    |         -|   0|  0|  39|          32|          32|
    |ap_condition_3977                 |       and|   0|  0|   2|           1|           1|
    |ap_condition_3981                 |       and|   0|  0|   2|           1|           1|
    |ap_condition_3984                 |       and|   0|  0|   2|           1|           1|
    |ap_predicate_op108_read_state2    |       and|   0|  0|   2|           1|           1|
    |ap_predicate_op117_read_state2    |       and|   0|  0|   2|           1|           1|
    |icmp_ln172_fu_730_p2              |      icmp|   0|  0|  39|          32|          32|
    |icmp_ln177_fu_738_p2              |      icmp|   0|  0|  39|          32|           1|
    |icmp_ln184_fu_772_p2              |      icmp|   0|  0|  39|          32|          32|
    |icmp_ln193_fu_1356_p2             |      icmp|   0|  0|  39|          32|          32|
    |icmp_ln194_fu_1370_p2             |      icmp|   0|  0|  39|          32|           5|
    |icmp_ln203_fu_1484_p2             |      icmp|   0|  0|  39|          32|           1|
    |icmp_ln206_10_fu_4328_p2          |      icmp|   0|  0|  39|          32|          32|
    |icmp_ln206_11_fu_4610_p2          |      icmp|   0|  0|  39|          32|          32|
    |icmp_ln206_12_fu_4892_p2          |      icmp|   0|  0|  39|          32|          32|
    |icmp_ln206_13_fu_5174_p2          |      icmp|   0|  0|  39|          32|          32|
    |icmp_ln206_14_fu_5456_p2          |      icmp|   0|  0|  39|          32|          32|
    |icmp_ln206_15_fu_5738_p2          |      icmp|   0|  0|  39|          32|          32|
    |icmp_ln206_1_fu_1790_p2           |      icmp|   0|  0|  39|          32|          32|
    |icmp_ln206_2_fu_2072_p2           |      icmp|   0|  0|  39|          32|          32|
    |icmp_ln206_3_fu_2354_p2           |      icmp|   0|  0|  39|          32|          32|
    |icmp_ln206_4_fu_2636_p2           |      icmp|   0|  0|  39|          32|          32|
    |icmp_ln206_5_fu_2918_p2           |      icmp|   0|  0|  39|          32|          32|
    |icmp_ln206_6_fu_3200_p2           |      icmp|   0|  0|  39|          32|          32|
    |icmp_ln206_7_fu_3482_p2           |      icmp|   0|  0|  39|          32|          32|
    |icmp_ln206_8_fu_3764_p2           |      icmp|   0|  0|  39|          32|          32|
    |icmp_ln206_9_fu_4046_p2           |      icmp|   0|  0|  39|          32|          32|
    |icmp_ln206_fu_1508_p2             |      icmp|   0|  0|  39|          32|          32|
    |icmp_ln219_fu_6003_p2             |      icmp|   0|  0|  35|          28|           1|
    |ap_block_pp0_stage0_01001         |        or|   0|  0|   2|           1|           1|
    |ap_block_state2_pp0_stage0_iter1  |        or|   0|  0|   2|           1|           1|
    |ap_block_state4_pp0_stage0_iter3  |        or|   0|  0|   2|           1|           1|
    |pe_5_fu_6015_p3                   |    select|   0|  0|  32|           1|          32|
    |rel_10_fu_2906_p3                 |    select|   0|  0|  32|           1|          32|
    |rel_12_fu_3188_p3                 |    select|   0|  0|  32|           1|          32|
    |rel_14_fu_3470_p3                 |    select|   0|  0|  32|           1|          32|
    |rel_16_fu_3752_p3                 |    select|   0|  0|  32|           1|          32|
    |rel_18_fu_4034_p3                 |    select|   0|  0|  32|           1|          32|
    |rel_20_fu_4316_p3                 |    select|   0|  0|  32|           1|          32|
    |rel_22_fu_4598_p3                 |    select|   0|  0|  32|           1|          32|
    |rel_24_fu_4880_p3                 |    select|   0|  0|  32|           1|          32|
    |rel_26_fu_5162_p3                 |    select|   0|  0|  32|           1|          32|
    |rel_28_fu_5444_p3                 |    select|   0|  0|  32|           1|          32|
    |rel_2_fu_1778_p3                  |    select|   0|  0|  32|           1|          32|
    |rel_30_fu_5726_p3                 |    select|   0|  0|  32|           1|          32|
    |rel_4_fu_2060_p3                  |    select|   0|  0|  32|           1|          32|
    |rel_6_fu_2342_p3                  |    select|   0|  0|  32|           1|          32|
    |rel_8_fu_2624_p3                  |    select|   0|  0|  32|           1|          32|
    |select_ln203_fu_1490_p3           |    select|   0|  0|   5|           1|           5|
    |send_1_fu_1376_p3                 |    select|   0|  0|  32|           1|           5|
    |send_fu_1362_p3                   |    select|   0|  0|  32|           1|          32|
    |ap_enable_pp0                     |       xor|   0|  0|   2|           1|           2|
    +----------------------------------+----------+----+---+----+------------+------------+
    |Total                             |          |   0|  0|3127|        1577|        1997|
    +----------------------------------+----------+----+---+----+------------+------------+

    * Multiplexer: 
    +-----------------------------+----+-----------+-----+-----------+
    |             Name            | LUT| Input Size| Bits| Total Bits|
    +-----------------------------+----+-----------+-----+-----------+
    |ap_done_int                  |   9|          2|    1|          2|
    |ap_enable_reg_pp0_iter1      |   9|          2|    1|          2|
    |ap_enable_reg_pp0_iter3      |   9|          2|    1|          2|
    |ap_sig_allocacmp_col_nnz_2   |   9|          2|   32|         64|
    |ap_sig_allocacmp_pack_n_1    |   9|          2|    8|         16|
    |ap_sig_allocacmp_pack_pos_1  |   9|          2|   32|         64|
    |col_info_stream_blk_n        |   9|          2|    1|          2|
    |col_nnz_fu_296               |  14|          3|   32|         96|
    |distributed_fu_284           |   9|          2|   32|         64|
    |empty_100_fu_352             |   9|          2|   32|         64|
    |empty_101_fu_356             |   9|          2|   32|         64|
    |empty_102_fu_360             |   9|          2|   32|         64|
    |empty_88_fu_304              |   9|          2|   32|         64|
    |empty_89_fu_308              |   9|          2|   32|         64|
    |empty_90_fu_312              |   9|          2|   32|         64|
    |empty_91_fu_316              |   9|          2|   32|         64|
    |empty_92_fu_320              |   9|          2|   32|         64|
    |empty_93_fu_324              |   9|          2|   32|         64|
    |empty_94_fu_328              |   9|          2|   32|         64|
    |empty_95_fu_332              |   9|          2|   32|         64|
    |empty_96_fu_336              |   9|          2|   32|         64|
    |empty_97_fu_340              |   9|          2|   32|         64|
    |empty_98_fu_344              |   9|          2|   32|         64|
    |empty_99_fu_348              |   9|          2|   32|         64|
    |empty_fu_300                 |   9|          2|   32|         64|
    |nnz_stream_blk_n             |   9|          2|    1|          2|
    |pack_n_fu_292                |   9|          2|    8|         16|
    |pack_pos_fu_288              |   9|          2|   32|         64|
    |pe_fu_280                    |   9|          2|   32|         64|
    |pe_streams_0_blk_n           |   9|          2|    1|          2|
    |pe_streams_10_blk_n          |   9|          2|    1|          2|
    |pe_streams_11_blk_n          |   9|          2|    1|          2|
    |pe_streams_12_blk_n          |   9|          2|    1|          2|
    |pe_streams_13_blk_n          |   9|          2|    1|          2|
    |pe_streams_14_blk_n          |   9|          2|    1|          2|
    |pe_streams_15_blk_n          |   9|          2|    1|          2|
    |pe_streams_1_blk_n           |   9|          2|    1|          2|
    |pe_streams_2_blk_n           |   9|          2|    1|          2|
    |pe_streams_3_blk_n           |   9|          2|    1|          2|
    |pe_streams_4_blk_n           |   9|          2|    1|          2|
    |pe_streams_5_blk_n           |   9|          2|    1|          2|
    |pe_streams_6_blk_n           |   9|          2|    1|          2|
    |pe_streams_7_blk_n           |   9|          2|    1|          2|
    |pe_streams_8_blk_n           |   9|          2|    1|          2|
    |pe_streams_9_blk_n           |   9|          2|    1|          2|
    +-----------------------------+----+-----------+-----+-----------+
    |Total                        | 410|         91|  741|       1514|
    +-----------------------------+----+-----------+-----+-----------+

    * Register: 
    +----------------------------------+----+----+-----+-----------+
    |               Name               | FF | LUT| Bits| Const Bits|
    +----------------------------------+----+----+-----+-----------+
    |ap_CS_fsm                         |   1|   0|    1|          0|
    |ap_done_reg                       |   1|   0|    1|          0|
    |ap_enable_reg_pp0_iter1           |   1|   0|    1|          0|
    |ap_enable_reg_pp0_iter2           |   1|   0|    1|          0|
    |ap_enable_reg_pp0_iter3           |   1|   0|    1|          0|
    |ap_loop_exit_ready_pp0_iter2_reg  |   1|   0|    1|          0|
    |col_nnz_fu_296                    |  32|   0|   32|          0|
    |distributed_fu_284                |  32|   0|   32|          0|
    |empty_100_fu_352                  |  32|   0|   32|          0|
    |empty_101_fu_356                  |  32|   0|   32|          0|
    |empty_102_fu_360                  |  32|   0|   32|          0|
    |empty_88_fu_304                   |  32|   0|   32|          0|
    |empty_89_fu_308                   |  32|   0|   32|          0|
    |empty_90_fu_312                   |  32|   0|   32|          0|
    |empty_91_fu_316                   |  32|   0|   32|          0|
    |empty_92_fu_320                   |  32|   0|   32|          0|
    |empty_93_fu_324                   |  32|   0|   32|          0|
    |empty_94_fu_328                   |  32|   0|   32|          0|
    |empty_95_fu_332                   |  32|   0|   32|          0|
    |empty_96_fu_336                   |  32|   0|   32|          0|
    |empty_97_fu_340                   |  32|   0|   32|          0|
    |empty_98_fu_344                   |  32|   0|   32|          0|
    |empty_99_fu_348                   |  32|   0|   32|          0|
    |empty_fu_300                      |  32|   0|   32|          0|
    |icmp_ln172_reg_7177               |   1|   0|    1|          0|
    |icmp_ln177_reg_7181               |   1|   0|    1|          0|
    |icmp_ln206_10_reg_7389            |   1|   0|    1|          0|
    |icmp_ln206_11_reg_7403            |   1|   0|    1|          0|
    |icmp_ln206_12_reg_7417            |   1|   0|    1|          0|
    |icmp_ln206_13_reg_7431            |   1|   0|    1|          0|
    |icmp_ln206_14_reg_7445            |   1|   0|    1|          0|
    |icmp_ln206_15_reg_7459            |   1|   0|    1|          0|
    |icmp_ln206_1_reg_7263             |   1|   0|    1|          0|
    |icmp_ln206_2_reg_7277             |   1|   0|    1|          0|
    |icmp_ln206_3_reg_7291             |   1|   0|    1|          0|
    |icmp_ln206_4_reg_7305             |   1|   0|    1|          0|
    |icmp_ln206_5_reg_7319             |   1|   0|    1|          0|
    |icmp_ln206_6_reg_7333             |   1|   0|    1|          0|
    |icmp_ln206_7_reg_7347             |   1|   0|    1|          0|
    |icmp_ln206_8_reg_7361             |   1|   0|    1|          0|
    |icmp_ln206_9_reg_7375             |   1|   0|    1|          0|
    |icmp_ln206_reg_7249               |   1|   0|    1|          0|
    |mux_case_05021_fu_364             |  32|   0|   32|          0|
    |mux_case_10512181_fu_404          |  32|   0|   32|          0|
    |mux_case_11513199_fu_408          |  32|   0|   32|          0|
    |mux_case_12514217_fu_412          |  32|   0|   32|          0|
    |mux_case_13515235_fu_416          |  32|   0|   32|          0|
    |mux_case_14516253_fu_420          |  32|   0|   32|          0|
    |mux_case_150319_fu_368            |  32|   0|   32|          0|
    |mux_case_15517271_fu_424          |  32|   0|   32|          0|
    |mux_case_250437_fu_372            |  32|   0|   32|          0|
    |mux_case_350555_fu_376            |  32|   0|   32|          0|
    |mux_case_450673_fu_380            |  32|   0|   32|          0|
    |mux_case_550791_fu_384            |  32|   0|   32|          0|
    |mux_case_6508109_fu_388           |  32|   0|   32|          0|
    |mux_case_7509127_fu_392           |  32|   0|   32|          0|
    |mux_case_8510145_fu_396           |  32|   0|   32|          0|
    |mux_case_9511163_fu_400           |  32|   0|   32|          0|
    |pack_n_fu_292                     |   8|   0|   32|         24|
    |pack_pos_fu_288                   |  32|   0|   32|          0|
    |pack_row_16_fu_432                |  32|   0|   32|          0|
    |pack_row_17_fu_436                |  32|   0|   32|          0|
    |pack_row_18_fu_440                |  32|   0|   32|          0|
    |pack_row_19_fu_444                |  32|   0|   32|          0|
    |pack_row_20_fu_448                |  32|   0|   32|          0|
    |pack_row_21_fu_452                |  32|   0|   32|          0|
    |pack_row_22_fu_456                |  32|   0|   32|          0|
    |pack_row_23_fu_460                |  32|   0|   32|          0|
    |pack_row_24_fu_464                |  32|   0|   32|          0|
    |pack_row_25_fu_468                |  32|   0|   32|          0|
    |pack_row_26_fu_472                |  32|   0|   32|          0|
    |pack_row_27_fu_476                |  32|   0|   32|          0|
    |pack_row_28_fu_480                |  32|   0|   32|          0|
    |pack_row_29_fu_484                |  32|   0|   32|          0|
    |pack_row_30_fu_488                |  32|   0|   32|          0|
    |pack_row_fu_428                   |  32|   0|   32|          0|
    |pe_fu_280                         |  32|   0|   32|          0|
    |pkt_row_10_reg_7393               |  32|   0|   32|          0|
    |pkt_row_11_reg_7407               |  32|   0|   32|          0|
    |pkt_row_12_reg_7421               |  32|   0|   32|          0|
    |pkt_row_13_reg_7435               |  32|   0|   32|          0|
    |pkt_row_14_reg_7449               |  32|   0|   32|          0|
    |pkt_row_15_reg_7463               |  32|   0|   32|          0|
    |pkt_row_1_reg_7267                |  32|   0|   32|          0|
    |pkt_row_2_reg_7281                |  32|   0|   32|          0|
    |pkt_row_3_reg_7295                |  32|   0|   32|          0|
    |pkt_row_4_reg_7309                |  32|   0|   32|          0|
    |pkt_row_5_reg_7323                |  32|   0|   32|          0|
    |pkt_row_6_reg_7337                |  32|   0|   32|          0|
    |pkt_row_7_reg_7351                |  32|   0|   32|          0|
    |pkt_row_8_reg_7365                |  32|   0|   32|          0|
    |pkt_row_9_reg_7379                |  32|   0|   32|          0|
    |pkt_row_reg_7253                  |  32|   0|   32|          0|
    |pkt_val_10_reg_7398               |  32|   0|   32|          0|
    |pkt_val_11_reg_7412               |  32|   0|   32|          0|
    |pkt_val_12_reg_7426               |  32|   0|   32|          0|
    |pkt_val_13_reg_7440               |  32|   0|   32|          0|
    |pkt_val_14_reg_7454               |  32|   0|   32|          0|
    |pkt_val_15_reg_7468               |  32|   0|   32|          0|
    |pkt_val_1_reg_7272                |  32|   0|   32|          0|
    |pkt_val_2_reg_7286                |  32|   0|   32|          0|
    |pkt_val_3_reg_7300                |  32|   0|   32|          0|
    |pkt_val_4_reg_7314                |  32|   0|   32|          0|
    |pkt_val_5_reg_7328                |  32|   0|   32|          0|
    |pkt_val_6_reg_7342                |  32|   0|   32|          0|
    |pkt_val_7_reg_7356                |  32|   0|   32|          0|
    |pkt_val_8_reg_7370                |  32|   0|   32|          0|
    |pkt_val_9_reg_7384                |  32|   0|   32|          0|
    |pkt_val_reg_7258                  |  32|   0|   32|          0|
    |send_1_reg_7228                   |  32|   0|   32|          0|
    |trunc_ln157_reg_7208              |   4|   0|    4|          0|
    |trunc_ln179_1_reg_7185            |  32|   0|   32|          0|
    +----------------------------------+----+----+-----+-----------+
    |Total                             |2788|   0| 2812|         24|
    +----------------------------------+----+----+-----+-----------+



================================================================
== Interface
================================================================
* Summary: 
+--------------------------------+-----+------+------------+--------------------------------------------+--------------+
|            RTL Ports           | Dir | Bits |  Protocol  |                Source Object               |    C Type    |
+--------------------------------+-----+------+------------+--------------------------------------------+--------------+
|ap_clk                          |   in|     1|  ap_ctrl_hs|  distribute_to_pe_Pipeline_VITIS_LOOP_172_1|  return value|
|ap_rst                          |   in|     1|  ap_ctrl_hs|  distribute_to_pe_Pipeline_VITIS_LOOP_172_1|  return value|
|ap_start                        |   in|     1|  ap_ctrl_hs|  distribute_to_pe_Pipeline_VITIS_LOOP_172_1|  return value|
|ap_done                         |  out|     1|  ap_ctrl_hs|  distribute_to_pe_Pipeline_VITIS_LOOP_172_1|  return value|
|ap_idle                         |  out|     1|  ap_ctrl_hs|  distribute_to_pe_Pipeline_VITIS_LOOP_172_1|  return value|
|ap_ready                        |  out|     1|  ap_ctrl_hs|  distribute_to_pe_Pipeline_VITIS_LOOP_172_1|  return value|
|col_info_stream_dout            |   in|    64|     ap_fifo|                             col_info_stream|       pointer|
|col_info_stream_empty_n         |   in|     1|     ap_fifo|                             col_info_stream|       pointer|
|col_info_stream_read            |  out|     1|     ap_fifo|                             col_info_stream|       pointer|
|col_info_stream_num_data_valid  |   in|     7|     ap_fifo|                             col_info_stream|       pointer|
|col_info_stream_fifo_cap        |   in|     7|     ap_fifo|                             col_info_stream|       pointer|
|nnz_stream_dout                 |   in|  1032|     ap_fifo|                                  nnz_stream|       pointer|
|nnz_stream_empty_n              |   in|     1|     ap_fifo|                                  nnz_stream|       pointer|
|nnz_stream_read                 |  out|     1|     ap_fifo|                                  nnz_stream|       pointer|
|nnz_stream_num_data_valid       |   in|     9|     ap_fifo|                                  nnz_stream|       pointer|
|nnz_stream_fifo_cap             |   in|     9|     ap_fifo|                                  nnz_stream|       pointer|
|pe_streams_0_din                |  out|    97|     ap_fifo|                                pe_streams_0|       pointer|
|pe_streams_0_full_n             |   in|     1|     ap_fifo|                                pe_streams_0|       pointer|
|pe_streams_0_write              |  out|     1|     ap_fifo|                                pe_streams_0|       pointer|
|pe_streams_0_num_data_valid     |   in|     9|     ap_fifo|                                pe_streams_0|       pointer|
|pe_streams_0_fifo_cap           |   in|     9|     ap_fifo|                                pe_streams_0|       pointer|
|pe_streams_1_din                |  out|    97|     ap_fifo|                                pe_streams_1|       pointer|
|pe_streams_1_full_n             |   in|     1|     ap_fifo|                                pe_streams_1|       pointer|
|pe_streams_1_write              |  out|     1|     ap_fifo|                                pe_streams_1|       pointer|
|pe_streams_1_num_data_valid     |   in|     9|     ap_fifo|                                pe_streams_1|       pointer|
|pe_streams_1_fifo_cap           |   in|     9|     ap_fifo|                                pe_streams_1|       pointer|
|pe_streams_2_din                |  out|    97|     ap_fifo|                                pe_streams_2|       pointer|
|pe_streams_2_full_n             |   in|     1|     ap_fifo|                                pe_streams_2|       pointer|
|pe_streams_2_write              |  out|     1|     ap_fifo|                                pe_streams_2|       pointer|
|pe_streams_2_num_data_valid     |   in|     9|     ap_fifo|                                pe_streams_2|       pointer|
|pe_streams_2_fifo_cap           |   in|     9|     ap_fifo|                                pe_streams_2|       pointer|
|pe_streams_3_din                |  out|    97|     ap_fifo|                                pe_streams_3|       pointer|
|pe_streams_3_full_n             |   in|     1|     ap_fifo|                                pe_streams_3|       pointer|
|pe_streams_3_write              |  out|     1|     ap_fifo|                                pe_streams_3|       pointer|
|pe_streams_3_num_data_valid     |   in|     9|     ap_fifo|                                pe_streams_3|       pointer|
|pe_streams_3_fifo_cap           |   in|     9|     ap_fifo|                                pe_streams_3|       pointer|
|pe_streams_4_din                |  out|    97|     ap_fifo|                                pe_streams_4|       pointer|
|pe_streams_4_full_n             |   in|     1|     ap_fifo|                                pe_streams_4|       pointer|
|pe_streams_4_write              |  out|     1|     ap_fifo|                                pe_streams_4|       pointer|
|pe_streams_4_num_data_valid     |   in|     9|     ap_fifo|                                pe_streams_4|       pointer|
|pe_streams_4_fifo_cap           |   in|     9|     ap_fifo|                                pe_streams_4|       pointer|
|pe_streams_5_din                |  out|    97|     ap_fifo|                                pe_streams_5|       pointer|
|pe_streams_5_full_n             |   in|     1|     ap_fifo|                                pe_streams_5|       pointer|
|pe_streams_5_write              |  out|     1|     ap_fifo|                                pe_streams_5|       pointer|
|pe_streams_5_num_data_valid     |   in|     9|     ap_fifo|                                pe_streams_5|       pointer|
|pe_streams_5_fifo_cap           |   in|     9|     ap_fifo|                                pe_streams_5|       pointer|
|pe_streams_6_din                |  out|    97|     ap_fifo|                                pe_streams_6|       pointer|
|pe_streams_6_full_n             |   in|     1|     ap_fifo|                                pe_streams_6|       pointer|
|pe_streams_6_write              |  out|     1|     ap_fifo|                                pe_streams_6|       pointer|
|pe_streams_6_num_data_valid     |   in|     9|     ap_fifo|                                pe_streams_6|       pointer|
|pe_streams_6_fifo_cap           |   in|     9|     ap_fifo|                                pe_streams_6|       pointer|
|pe_streams_7_din                |  out|    97|     ap_fifo|                                pe_streams_7|       pointer|
|pe_streams_7_full_n             |   in|     1|     ap_fifo|                                pe_streams_7|       pointer|
|pe_streams_7_write              |  out|     1|     ap_fifo|                                pe_streams_7|       pointer|
|pe_streams_7_num_data_valid     |   in|     9|     ap_fifo|                                pe_streams_7|       pointer|
|pe_streams_7_fifo_cap           |   in|     9|     ap_fifo|                                pe_streams_7|       pointer|
|pe_streams_8_din                |  out|    97|     ap_fifo|                                pe_streams_8|       pointer|
|pe_streams_8_full_n             |   in|     1|     ap_fifo|                                pe_streams_8|       pointer|
|pe_streams_8_write              |  out|     1|     ap_fifo|                                pe_streams_8|       pointer|
|pe_streams_8_num_data_valid     |   in|     9|     ap_fifo|                                pe_streams_8|       pointer|
|pe_streams_8_fifo_cap           |   in|     9|     ap_fifo|                                pe_streams_8|       pointer|
|pe_streams_9_din                |  out|    97|     ap_fifo|                                pe_streams_9|       pointer|
|pe_streams_9_full_n             |   in|     1|     ap_fifo|                                pe_streams_9|       pointer|
|pe_streams_9_write              |  out|     1|     ap_fifo|                                pe_streams_9|       pointer|
|pe_streams_9_num_data_valid     |   in|     9|     ap_fifo|                                pe_streams_9|       pointer|
|pe_streams_9_fifo_cap           |   in|     9|     ap_fifo|                                pe_streams_9|       pointer|
|pe_streams_10_din               |  out|    97|     ap_fifo|                               pe_streams_10|       pointer|
|pe_streams_10_full_n            |   in|     1|     ap_fifo|                               pe_streams_10|       pointer|
|pe_streams_10_write             |  out|     1|     ap_fifo|                               pe_streams_10|       pointer|
|pe_streams_10_num_data_valid    |   in|     9|     ap_fifo|                               pe_streams_10|       pointer|
|pe_streams_10_fifo_cap          |   in|     9|     ap_fifo|                               pe_streams_10|       pointer|
|pe_streams_11_din               |  out|    97|     ap_fifo|                               pe_streams_11|       pointer|
|pe_streams_11_full_n            |   in|     1|     ap_fifo|                               pe_streams_11|       pointer|
|pe_streams_11_write             |  out|     1|     ap_fifo|                               pe_streams_11|       pointer|
|pe_streams_11_num_data_valid    |   in|     9|     ap_fifo|                               pe_streams_11|       pointer|
|pe_streams_11_fifo_cap          |   in|     9|     ap_fifo|                               pe_streams_11|       pointer|
|pe_streams_12_din               |  out|    97|     ap_fifo|                               pe_streams_12|       pointer|
|pe_streams_12_full_n            |   in|     1|     ap_fifo|                               pe_streams_12|       pointer|
|pe_streams_12_write             |  out|     1|     ap_fifo|                               pe_streams_12|       pointer|
|pe_streams_12_num_data_valid    |   in|     9|     ap_fifo|                               pe_streams_12|       pointer|
|pe_streams_12_fifo_cap          |   in|     9|     ap_fifo|                               pe_streams_12|       pointer|
|pe_streams_13_din               |  out|    97|     ap_fifo|                               pe_streams_13|       pointer|
|pe_streams_13_full_n            |   in|     1|     ap_fifo|                               pe_streams_13|       pointer|
|pe_streams_13_write             |  out|     1|     ap_fifo|                               pe_streams_13|       pointer|
|pe_streams_13_num_data_valid    |   in|     9|     ap_fifo|                               pe_streams_13|       pointer|
|pe_streams_13_fifo_cap          |   in|     9|     ap_fifo|                               pe_streams_13|       pointer|
|pe_streams_14_din               |  out|    97|     ap_fifo|                               pe_streams_14|       pointer|
|pe_streams_14_full_n            |   in|     1|     ap_fifo|                               pe_streams_14|       pointer|
|pe_streams_14_write             |  out|     1|     ap_fifo|                               pe_streams_14|       pointer|
|pe_streams_14_num_data_valid    |   in|     9|     ap_fifo|                               pe_streams_14|       pointer|
|pe_streams_14_fifo_cap          |   in|     9|     ap_fifo|                               pe_streams_14|       pointer|
|pe_streams_15_din               |  out|    97|     ap_fifo|                               pe_streams_15|       pointer|
|pe_streams_15_full_n            |   in|     1|     ap_fifo|                               pe_streams_15|       pointer|
|pe_streams_15_write             |  out|     1|     ap_fifo|                               pe_streams_15|       pointer|
|pe_streams_15_num_data_valid    |   in|     9|     ap_fifo|                               pe_streams_15|       pointer|
|pe_streams_15_fifo_cap          |   in|     9|     ap_fifo|                               pe_streams_15|       pointer|
|nnz_1                           |   in|    32|     ap_none|                                       nnz_1|        scalar|
+--------------------------------+-----+------+------------+--------------------------------------------+--------------+

