

================================================================
== Vitis HLS Report for 'distribute_to_pe'
================================================================
* Date:           Thu Apr 23 17:42:07 2026

* Version:        2024.2 (Build 5238294 on Nov  8 2024)
* Project:        spmv_csc
* Solution:       hls (Vivado IP Flow Target)
* Product family: zynquplus
* Target device:  xczu7ev-ffvc1156-2-e


================================================================
== Performance Estimates
================================================================
+ Timing: 
    * Summary: 
    +--------+---------+----------+------------+
    |  Clock |  Target | Estimated| Uncertainty|
    +--------+---------+----------+------------+
    |ap_clk  |  5.00 ns|  7.520 ns|     1.00 ns|
    +--------+---------+----------+------------+

+ Latency: 
    * Summary: 
    +---------+---------+----------+----------+-----+-----+---------+
    |  Latency (cycles) |  Latency (absolute) |  Interval | Pipeline|
    |   min   |   max   |    min   |    max   | min | max |   Type  |
    +---------+---------+----------+----------+-----+-----+---------+
    |        ?|        ?|         ?|         ?|    ?|    ?|       no|
    +---------+---------+----------+----------+-----+-----+---------+

    + Detail: 
        * Instance: 
        +-------------------------------------------------------+--------------------------------------------+---------+---------+-----------+-----------+-----+-----+------------------------------------------------+
        |                                                       |                                            |  Latency (cycles) |   Latency (absolute)  |  Interval |                    Pipeline                    |
        |                        Instance                       |                   Module                   |   min   |   max   |    min    |    max    | min | max |                      Type                      |
        +-------------------------------------------------------+--------------------------------------------+---------+---------+-----------+-----------+-----+-----+------------------------------------------------+
        |grp_distribute_to_pe_Pipeline_VITIS_LOOP_172_1_fu_72   |distribute_to_pe_Pipeline_VITIS_LOOP_172_1  |        ?|        ?|          ?|          ?|    0|    0|  loop auto-rewind stp (delay=0 clock cycles(s))|
        |grp_distribute_to_pe_Pipeline_VITIS_LOOP_230_3_fu_113  |distribute_to_pe_Pipeline_VITIS_LOOP_230_3  |       18|       18|  90.000 ns|  90.000 ns|   17|   17|  loop auto-rewind stp (delay=0 clock cycles(s))|
        +-------------------------------------------------------+--------------------------------------------+---------+---------+-----------+-----------+-----+-----+------------------------------------------------+

        * Loop: 
        N/A



================================================================
== Utilization Estimates
================================================================
* Summary: 
+-----------------+---------+------+--------+--------+-----+
|       Name      | BRAM_18K|  DSP |   FF   |   LUT  | URAM|
+-----------------+---------+------+--------+--------+-----+
|DSP              |        -|     -|       -|       -|    -|
|Expression       |        -|     -|       0|       2|    -|
|FIFO             |        -|     -|       -|       -|    -|
|Instance         |        -|     -|    2816|    5890|    -|
|Memory           |        -|     -|       -|       -|    -|
|Multiplexer      |        -|     -|       0|     417|    -|
|Register         |        -|     -|      40|       -|    -|
+-----------------+---------+------+--------+--------+-----+
|Total            |        0|     0|    2856|    6309|    0|
+-----------------+---------+------+--------+--------+-----+
|Available        |      624|  1728|  460800|  230400|   96|
+-----------------+---------+------+--------+--------+-----+
|Utilization (%)  |        0|     0|      ~0|       2|    0|
+-----------------+---------+------+--------+--------+-----+

+ Detail: 
    * Instance: 
    +-------------------------------------------------------+--------------------------------------------+---------+----+------+------+-----+
    |                        Instance                       |                   Module                   | BRAM_18K| DSP|  FF  |  LUT | URAM|
    +-------------------------------------------------------+--------------------------------------------+---------+----+------+------+-----+
    |grp_distribute_to_pe_Pipeline_VITIS_LOOP_172_1_fu_72   |distribute_to_pe_Pipeline_VITIS_LOOP_172_1  |        0|   0|  2788|  5617|    0|
    |grp_distribute_to_pe_Pipeline_VITIS_LOOP_230_3_fu_113  |distribute_to_pe_Pipeline_VITIS_LOOP_230_3  |        0|   0|    28|   273|    0|
    +-------------------------------------------------------+--------------------------------------------+---------+----+------+------+-----+
    |Total                                                  |                                            |        0|   0|  2816|  5890|    0|
    +-------------------------------------------------------+--------------------------------------------+---------+----+------+------+-----+

    * DSP: 
    N/A

    * Memory: 
    N/A

    * FIFO: 
    N/A

    * Expression: 
    +-----------------+----------+----+---+----+------------+------------+
    |  Variable Name  | Operation| DSP| FF| LUT| Bitwidth P0| Bitwidth P1|
    +-----------------+----------+----+---+----+------------+------------+
    |ap_block_state1  |        or|   0|  0|   2|           1|           1|
    +-----------------+----------+----+---+----+------------+------------+
    |Total            |          |   0|  0|   2|           1|           1|
    +-----------------+----------+----+---+----+------------+------------+

    * Multiplexer: 
    +---------------------+----+-----------+-----+-----------+
    |         Name        | LUT| Input Size| Bits| Total Bits|
    +---------------------+----+-----------+-----+-----------+
    |ap_NS_fsm            |  31|          6|    1|          6|
    |ap_done              |   9|          2|    1|          2|
    |nnz_blk_n            |   9|          2|    1|          2|
    |pe_streams_0_din     |   9|          2|   97|        194|
    |pe_streams_0_write   |  14|          3|    1|          3|
    |pe_streams_10_din    |   9|          2|   97|        194|
    |pe_streams_10_write  |  14|          3|    1|          3|
    |pe_streams_11_din    |   9|          2|   97|        194|
    |pe_streams_11_write  |  14|          3|    1|          3|
    |pe_streams_12_din    |   9|          2|   97|        194|
    |pe_streams_12_write  |  14|          3|    1|          3|
    |pe_streams_13_din    |   9|          2|   97|        194|
    |pe_streams_13_write  |  14|          3|    1|          3|
    |pe_streams_14_din    |   9|          2|   97|        194|
    |pe_streams_14_write  |  14|          3|    1|          3|
    |pe_streams_15_din    |   9|          2|   97|        194|
    |pe_streams_15_write  |  14|          3|    1|          3|
    |pe_streams_1_din     |   9|          2|   97|        194|
    |pe_streams_1_write   |  14|          3|    1|          3|
    |pe_streams_2_din     |   9|          2|   97|        194|
    |pe_streams_2_write   |  14|          3|    1|          3|
    |pe_streams_3_din     |   9|          2|   97|        194|
    |pe_streams_3_write   |  14|          3|    1|          3|
    |pe_streams_4_din     |   9|          2|   97|        194|
    |pe_streams_4_write   |  14|          3|    1|          3|
    |pe_streams_5_din     |   9|          2|   97|        194|
    |pe_streams_5_write   |  14|          3|    1|          3|
    |pe_streams_6_din     |   9|          2|   97|        194|
    |pe_streams_6_write   |  14|          3|    1|          3|
    |pe_streams_7_din     |   9|          2|   97|        194|
    |pe_streams_7_write   |  14|          3|    1|          3|
    |pe_streams_8_din     |   9|          2|   97|        194|
    |pe_streams_8_write   |  14|          3|    1|          3|
    |pe_streams_9_din     |   9|          2|   97|        194|
    |pe_streams_9_write   |  14|          3|    1|          3|
    +---------------------+----+-----------+-----+-----------+
    |Total                | 417|         90| 1571|       3162|
    +---------------------+----+-----------+-----+-----------+

    * Register: 
    +--------------------------------------------------------------------+----+----+-----+-----------+
    |                                Name                                | FF | LUT| Bits| Const Bits|
    +--------------------------------------------------------------------+----+----+-----+-----------+
    |ap_CS_fsm                                                           |   5|   0|    5|          0|
    |ap_done_reg                                                         |   1|   0|    1|          0|
    |grp_distribute_to_pe_Pipeline_VITIS_LOOP_172_1_fu_72_ap_start_reg   |   1|   0|    1|          0|
    |grp_distribute_to_pe_Pipeline_VITIS_LOOP_230_3_fu_113_ap_start_reg  |   1|   0|    1|          0|
    |nnz_1_reg_343                                                       |  32|   0|   32|          0|
    +--------------------------------------------------------------------+----+----+-----+-----------+
    |Total                                                               |  40|   0|   40|          0|
    +--------------------------------------------------------------------+----+----+-----+-----------+



================================================================
== Interface
================================================================
* Summary: 
+--------------------------------+-----+------+------------+------------------+--------------+
|            RTL Ports           | Dir | Bits |  Protocol  |   Source Object  |    C Type    |
+--------------------------------+-----+------+------------+------------------+--------------+
|ap_clk                          |   in|     1|  ap_ctrl_hs|  distribute_to_pe|  return value|
|ap_rst                          |   in|     1|  ap_ctrl_hs|  distribute_to_pe|  return value|
|ap_start                        |   in|     1|  ap_ctrl_hs|  distribute_to_pe|  return value|
|ap_done                         |  out|     1|  ap_ctrl_hs|  distribute_to_pe|  return value|
|ap_continue                     |   in|     1|  ap_ctrl_hs|  distribute_to_pe|  return value|
|ap_idle                         |  out|     1|  ap_ctrl_hs|  distribute_to_pe|  return value|
|ap_ready                        |  out|     1|  ap_ctrl_hs|  distribute_to_pe|  return value|
|nnz_dout                        |   in|    32|     ap_fifo|               nnz|       pointer|
|nnz_empty_n                     |   in|     1|     ap_fifo|               nnz|       pointer|
|nnz_read                        |  out|     1|     ap_fifo|               nnz|       pointer|
|nnz_num_data_valid              |   in|     3|     ap_fifo|               nnz|       pointer|
|nnz_fifo_cap                    |   in|     3|     ap_fifo|               nnz|       pointer|
|col_info_stream_dout            |   in|    64|     ap_fifo|   col_info_stream|       pointer|
|col_info_stream_empty_n         |   in|     1|     ap_fifo|   col_info_stream|       pointer|
|col_info_stream_read            |  out|     1|     ap_fifo|   col_info_stream|       pointer|
|col_info_stream_num_data_valid  |   in|     7|     ap_fifo|   col_info_stream|       pointer|
|col_info_stream_fifo_cap        |   in|     7|     ap_fifo|   col_info_stream|       pointer|
|nnz_stream_dout                 |   in|  1032|     ap_fifo|        nnz_stream|       pointer|
|nnz_stream_empty_n              |   in|     1|     ap_fifo|        nnz_stream|       pointer|
|nnz_stream_read                 |  out|     1|     ap_fifo|        nnz_stream|       pointer|
|nnz_stream_num_data_valid       |   in|     9|     ap_fifo|        nnz_stream|       pointer|
|nnz_stream_fifo_cap             |   in|     9|     ap_fifo|        nnz_stream|       pointer|
|pe_streams_0_din                |  out|    97|     ap_fifo|      pe_streams_0|       pointer|
|pe_streams_0_full_n             |   in|     1|     ap_fifo|      pe_streams_0|       pointer|
|pe_streams_0_write              |  out|     1|     ap_fifo|      pe_streams_0|       pointer|
|pe_streams_0_num_data_valid     |   in|    32|     ap_fifo|      pe_streams_0|       pointer|
|pe_streams_0_fifo_cap           |   in|    32|     ap_fifo|      pe_streams_0|       pointer|
|pe_streams_1_din                |  out|    97|     ap_fifo|      pe_streams_1|       pointer|
|pe_streams_1_full_n             |   in|     1|     ap_fifo|      pe_streams_1|       pointer|
|pe_streams_1_write              |  out|     1|     ap_fifo|      pe_streams_1|       pointer|
|pe_streams_1_num_data_valid     |   in|    32|     ap_fifo|      pe_streams_1|       pointer|
|pe_streams_1_fifo_cap           |   in|    32|     ap_fifo|      pe_streams_1|       pointer|
|pe_streams_2_din                |  out|    97|     ap_fifo|      pe_streams_2|       pointer|
|pe_streams_2_full_n             |   in|     1|     ap_fifo|      pe_streams_2|       pointer|
|pe_streams_2_write              |  out|     1|     ap_fifo|      pe_streams_2|       pointer|
|pe_streams_2_num_data_valid     |   in|    32|     ap_fifo|      pe_streams_2|       pointer|
|pe_streams_2_fifo_cap           |   in|    32|     ap_fifo|      pe_streams_2|       pointer|
|pe_streams_3_din                |  out|    97|     ap_fifo|      pe_streams_3|       pointer|
|pe_streams_3_full_n             |   in|     1|     ap_fifo|      pe_streams_3|       pointer|
|pe_streams_3_write              |  out|     1|     ap_fifo|      pe_streams_3|       pointer|
|pe_streams_3_num_data_valid     |   in|    32|     ap_fifo|      pe_streams_3|       pointer|
|pe_streams_3_fifo_cap           |   in|    32|     ap_fifo|      pe_streams_3|       pointer|
|pe_streams_4_din                |  out|    97|     ap_fifo|      pe_streams_4|       pointer|
|pe_streams_4_full_n             |   in|     1|     ap_fifo|      pe_streams_4|       pointer|
|pe_streams_4_write              |  out|     1|     ap_fifo|      pe_streams_4|       pointer|
|pe_streams_4_num_data_valid     |   in|    32|     ap_fifo|      pe_streams_4|       pointer|
|pe_streams_4_fifo_cap           |   in|    32|     ap_fifo|      pe_streams_4|       pointer|
|pe_streams_5_din                |  out|    97|     ap_fifo|      pe_streams_5|       pointer|
|pe_streams_5_full_n             |   in|     1|     ap_fifo|      pe_streams_5|       pointer|
|pe_streams_5_write              |  out|     1|     ap_fifo|      pe_streams_5|       pointer|
|pe_streams_5_num_data_valid     |   in|    32|     ap_fifo|      pe_streams_5|       pointer|
|pe_streams_5_fifo_cap           |   in|    32|     ap_fifo|      pe_streams_5|       pointer|
|pe_streams_6_din                |  out|    97|     ap_fifo|      pe_streams_6|       pointer|
|pe_streams_6_full_n             |   in|     1|     ap_fifo|      pe_streams_6|       pointer|
|pe_streams_6_write              |  out|     1|     ap_fifo|      pe_streams_6|       pointer|
|pe_streams_6_num_data_valid     |   in|    32|     ap_fifo|      pe_streams_6|       pointer|
|pe_streams_6_fifo_cap           |   in|    32|     ap_fifo|      pe_streams_6|       pointer|
|pe_streams_7_din                |  out|    97|     ap_fifo|      pe_streams_7|       pointer|
|pe_streams_7_full_n             |   in|     1|     ap_fifo|      pe_streams_7|       pointer|
|pe_streams_7_write              |  out|     1|     ap_fifo|      pe_streams_7|       pointer|
|pe_streams_7_num_data_valid     |   in|    32|     ap_fifo|      pe_streams_7|       pointer|
|pe_streams_7_fifo_cap           |   in|    32|     ap_fifo|      pe_streams_7|       pointer|
|pe_streams_8_din                |  out|    97|     ap_fifo|      pe_streams_8|       pointer|
|pe_streams_8_full_n             |   in|     1|     ap_fifo|      pe_streams_8|       pointer|
|pe_streams_8_write              |  out|     1|     ap_fifo|      pe_streams_8|       pointer|
|pe_streams_8_num_data_valid     |   in|    32|     ap_fifo|      pe_streams_8|       pointer|
|pe_streams_8_fifo_cap           |   in|    32|     ap_fifo|      pe_streams_8|       pointer|
|pe_streams_9_din                |  out|    97|     ap_fifo|      pe_streams_9|       pointer|
|pe_streams_9_full_n             |   in|     1|     ap_fifo|      pe_streams_9|       pointer|
|pe_streams_9_write              |  out|     1|     ap_fifo|      pe_streams_9|       pointer|
|pe_streams_9_num_data_valid     |   in|    32|     ap_fifo|      pe_streams_9|       pointer|
|pe_streams_9_fifo_cap           |   in|    32|     ap_fifo|      pe_streams_9|       pointer|
|pe_streams_10_din               |  out|    97|     ap_fifo|     pe_streams_10|       pointer|
|pe_streams_10_full_n            |   in|     1|     ap_fifo|     pe_streams_10|       pointer|
|pe_streams_10_write             |  out|     1|     ap_fifo|     pe_streams_10|       pointer|
|pe_streams_10_num_data_valid    |   in|    32|     ap_fifo|     pe_streams_10|       pointer|
|pe_streams_10_fifo_cap          |   in|    32|     ap_fifo|     pe_streams_10|       pointer|
|pe_streams_11_din               |  out|    97|     ap_fifo|     pe_streams_11|       pointer|
|pe_streams_11_full_n            |   in|     1|     ap_fifo|     pe_streams_11|       pointer|
|pe_streams_11_write             |  out|     1|     ap_fifo|     pe_streams_11|       pointer|
|pe_streams_11_num_data_valid    |   in|    32|     ap_fifo|     pe_streams_11|       pointer|
|pe_streams_11_fifo_cap          |   in|    32|     ap_fifo|     pe_streams_11|       pointer|
|pe_streams_12_din               |  out|    97|     ap_fifo|     pe_streams_12|       pointer|
|pe_streams_12_full_n            |   in|     1|     ap_fifo|     pe_streams_12|       pointer|
|pe_streams_12_write             |  out|     1|     ap_fifo|     pe_streams_12|       pointer|
|pe_streams_12_num_data_valid    |   in|    32|     ap_fifo|     pe_streams_12|       pointer|
|pe_streams_12_fifo_cap          |   in|    32|     ap_fifo|     pe_streams_12|       pointer|
|pe_streams_13_din               |  out|    97|     ap_fifo|     pe_streams_13|       pointer|
|pe_streams_13_full_n            |   in|     1|     ap_fifo|     pe_streams_13|       pointer|
|pe_streams_13_write             |  out|     1|     ap_fifo|     pe_streams_13|       pointer|
|pe_streams_13_num_data_valid    |   in|    32|     ap_fifo|     pe_streams_13|       pointer|
|pe_streams_13_fifo_cap          |   in|    32|     ap_fifo|     pe_streams_13|       pointer|
|pe_streams_14_din               |  out|    97|     ap_fifo|     pe_streams_14|       pointer|
|pe_streams_14_full_n            |   in|     1|     ap_fifo|     pe_streams_14|       pointer|
|pe_streams_14_write             |  out|     1|     ap_fifo|     pe_streams_14|       pointer|
|pe_streams_14_num_data_valid    |   in|    32|     ap_fifo|     pe_streams_14|       pointer|
|pe_streams_14_fifo_cap          |   in|    32|     ap_fifo|     pe_streams_14|       pointer|
|pe_streams_15_din               |  out|    97|     ap_fifo|     pe_streams_15|       pointer|
|pe_streams_15_full_n            |   in|     1|     ap_fifo|     pe_streams_15|       pointer|
|pe_streams_15_write             |  out|     1|     ap_fifo|     pe_streams_15|       pointer|
|pe_streams_15_num_data_valid    |   in|    32|     ap_fifo|     pe_streams_15|       pointer|
|pe_streams_15_fifo_cap          |   in|    32|     ap_fifo|     pe_streams_15|       pointer|
+--------------------------------+-----+------+------------+------------------+--------------+

