

================================================================
== Vitis HLS Report for 'entry_proc'
================================================================
* Date:           Thu Apr 23 17:42:05 2026

* Version:        2024.2 (Build 5238294 on Nov  8 2024)
* Project:        spmv_csc
* Solution:       hls (Vivado IP Flow Target)
* Product family: zynquplus
* Target device:  xczu7ev-ffvc1156-2-e


================================================================
== Performance Estimates
================================================================
+ Timing: 
    * Summary: 
    +--------+---------+----------+------------+
    |  Clock |  Target | Estimated| Uncertainty|
    +--------+---------+----------+------------+
    |ap_clk  |  5.00 ns|  1.838 ns|     1.00 ns|
    +--------+---------+----------+------------+

+ Latency: 
    * Summary: 
    +---------+---------+----------+----------+-----+-----+---------+
    |  Latency (cycles) |  Latency (absolute) |  Interval | Pipeline|
    |   min   |   max   |    min   |    max   | min | max |   Type  |
    +---------+---------+----------+----------+-----+-----+---------+
    |        0|        0|      0 ns|      0 ns|    0|    0|       no|
    +---------+---------+----------+----------+-----+-----+---------+

    + Detail: 
        * Instance: 
        N/A

        * Loop: 
        N/A



================================================================
== Utilization Estimates
================================================================
* Summary: 
+-----------------+---------+------+--------+--------+-----+
|       Name      | BRAM_18K|  DSP |   FF   |   LUT  | URAM|
+-----------------+---------+------+--------+--------+-----+
|DSP              |        -|     -|       -|       -|    -|
|Expression       |        -|     -|       0|       2|    -|
|FIFO             |        -|     -|       -|       -|    -|
|Instance         |        -|     -|       -|       -|    -|
|Memory           |        -|     -|       -|       -|    -|
|Multiplexer      |        -|     -|       0|     153|    -|
|Register         |        -|     -|       2|       -|    -|
+-----------------+---------+------+--------+--------+-----+
|Total            |        0|     0|       2|     155|    0|
+-----------------+---------+------+--------+--------+-----+
|Available        |      624|  1728|  460800|  230400|   96|
+-----------------+---------+------+--------+--------+-----+
|Utilization (%)  |        0|     0|      ~0|      ~0|    0|
+-----------------+---------+------+--------+--------+-----+

+ Detail: 
    * Instance: 
    N/A

    * DSP: 
    N/A

    * Memory: 
    N/A

    * FIFO: 
    N/A

    * Expression: 
    +-----------------+----------+----+---+----+------------+------------+
    |  Variable Name  | Operation| DSP| FF| LUT| Bitwidth P0| Bitwidth P1|
    +-----------------+----------+----+---+----+------------+------------+
    |ap_block_state1  |        or|   0|  0|   2|           1|           1|
    +-----------------+----------+----+---+----+------------+------------+
    |Total            |          |   0|  0|   2|           1|           1|
    +-----------------+----------+----+---+----+------------+------------+

    * Multiplexer: 
    +--------------------+----+-----------+-----+-----------+
    |        Name        | LUT| Input Size| Bits| Total Bits|
    +--------------------+----+-----------+-----+-----------+
    |ap_done             |   9|          2|    1|          2|
    |num_rows_c10_blk_n  |   9|          2|    1|          2|
    |num_rows_c11_blk_n  |   9|          2|    1|          2|
    |num_rows_c12_blk_n  |   9|          2|    1|          2|
    |num_rows_c13_blk_n  |   9|          2|    1|          2|
    |num_rows_c14_blk_n  |   9|          2|    1|          2|
    |num_rows_c15_blk_n  |   9|          2|    1|          2|
    |num_rows_c16_blk_n  |   9|          2|    1|          2|
    |num_rows_c2_blk_n   |   9|          2|    1|          2|
    |num_rows_c3_blk_n   |   9|          2|    1|          2|
    |num_rows_c4_blk_n   |   9|          2|    1|          2|
    |num_rows_c5_blk_n   |   9|          2|    1|          2|
    |num_rows_c6_blk_n   |   9|          2|    1|          2|
    |num_rows_c7_blk_n   |   9|          2|    1|          2|
    |num_rows_c8_blk_n   |   9|          2|    1|          2|
    |num_rows_c9_blk_n   |   9|          2|    1|          2|
    |num_rows_c_blk_n    |   9|          2|    1|          2|
    +--------------------+----+-----------+-----+-----------+
    |Total               | 153|         34|   17|         34|
    +--------------------+----+-----------+-----+-----------+

    * Register: 
    +-------------+---+----+-----+-----------+
    |     Name    | FF| LUT| Bits| Const Bits|
    +-------------+---+----+-----+-----------+
    |ap_CS_fsm    |  1|   0|    1|          0|
    |ap_done_reg  |  1|   0|    1|          0|
    +-------------+---+----+-----+-----------+
    |Total        |  2|   0|    2|          0|
    +-------------+---+----+-----+-----------+



================================================================
== Interface
================================================================
* Summary: 
+-----------------------------+-----+-----+------------+--------------+--------------+
|          RTL Ports          | Dir | Bits|  Protocol  | Source Object|    C Type    |
+-----------------------------+-----+-----+------------+--------------+--------------+
|ap_clk                       |   in|    1|  ap_ctrl_hs|    entry_proc|  return value|
|ap_rst                       |   in|    1|  ap_ctrl_hs|    entry_proc|  return value|
|ap_start                     |   in|    1|  ap_ctrl_hs|    entry_proc|  return value|
|ap_done                      |  out|    1|  ap_ctrl_hs|    entry_proc|  return value|
|ap_continue                  |   in|    1|  ap_ctrl_hs|    entry_proc|  return value|
|ap_idle                      |  out|    1|  ap_ctrl_hs|    entry_proc|  return value|
|ap_ready                     |  out|    1|  ap_ctrl_hs|    entry_proc|  return value|
|num_rows                     |   in|   32|     ap_none|      num_rows|        scalar|
|num_rows_c_din               |  out|   32|     ap_fifo|    num_rows_c|       pointer|
|num_rows_c_full_n            |   in|    1|     ap_fifo|    num_rows_c|       pointer|
|num_rows_c_write             |  out|    1|     ap_fifo|    num_rows_c|       pointer|
|num_rows_c_num_data_valid    |   in|    3|     ap_fifo|    num_rows_c|       pointer|
|num_rows_c_fifo_cap          |   in|    3|     ap_fifo|    num_rows_c|       pointer|
|num_rows_c2_din              |  out|   32|     ap_fifo|   num_rows_c2|       pointer|
|num_rows_c2_full_n           |   in|    1|     ap_fifo|   num_rows_c2|       pointer|
|num_rows_c2_write            |  out|    1|     ap_fifo|   num_rows_c2|       pointer|
|num_rows_c2_num_data_valid   |   in|    3|     ap_fifo|   num_rows_c2|       pointer|
|num_rows_c2_fifo_cap         |   in|    3|     ap_fifo|   num_rows_c2|       pointer|
|num_rows_c3_din              |  out|   32|     ap_fifo|   num_rows_c3|       pointer|
|num_rows_c3_full_n           |   in|    1|     ap_fifo|   num_rows_c3|       pointer|
|num_rows_c3_write            |  out|    1|     ap_fifo|   num_rows_c3|       pointer|
|num_rows_c3_num_data_valid   |   in|    3|     ap_fifo|   num_rows_c3|       pointer|
|num_rows_c3_fifo_cap         |   in|    3|     ap_fifo|   num_rows_c3|       pointer|
|num_rows_c4_din              |  out|   32|     ap_fifo|   num_rows_c4|       pointer|
|num_rows_c4_full_n           |   in|    1|     ap_fifo|   num_rows_c4|       pointer|
|num_rows_c4_write            |  out|    1|     ap_fifo|   num_rows_c4|       pointer|
|num_rows_c4_num_data_valid   |   in|    3|     ap_fifo|   num_rows_c4|       pointer|
|num_rows_c4_fifo_cap         |   in|    3|     ap_fifo|   num_rows_c4|       pointer|
|num_rows_c5_din              |  out|   32|     ap_fifo|   num_rows_c5|       pointer|
|num_rows_c5_full_n           |   in|    1|     ap_fifo|   num_rows_c5|       pointer|
|num_rows_c5_write            |  out|    1|     ap_fifo|   num_rows_c5|       pointer|
|num_rows_c5_num_data_valid   |   in|    3|     ap_fifo|   num_rows_c5|       pointer|
|num_rows_c5_fifo_cap         |   in|    3|     ap_fifo|   num_rows_c5|       pointer|
|num_rows_c6_din              |  out|   32|     ap_fifo|   num_rows_c6|       pointer|
|num_rows_c6_full_n           |   in|    1|     ap_fifo|   num_rows_c6|       pointer|
|num_rows_c6_write            |  out|    1|     ap_fifo|   num_rows_c6|       pointer|
|num_rows_c6_num_data_valid   |   in|    3|     ap_fifo|   num_rows_c6|       pointer|
|num_rows_c6_fifo_cap         |   in|    3|     ap_fifo|   num_rows_c6|       pointer|
|num_rows_c7_din              |  out|   32|     ap_fifo|   num_rows_c7|       pointer|
|num_rows_c7_full_n           |   in|    1|     ap_fifo|   num_rows_c7|       pointer|
|num_rows_c7_write            |  out|    1|     ap_fifo|   num_rows_c7|       pointer|
|num_rows_c7_num_data_valid   |   in|    3|     ap_fifo|   num_rows_c7|       pointer|
|num_rows_c7_fifo_cap         |   in|    3|     ap_fifo|   num_rows_c7|       pointer|
|num_rows_c8_din              |  out|   32|     ap_fifo|   num_rows_c8|       pointer|
|num_rows_c8_full_n           |   in|    1|     ap_fifo|   num_rows_c8|       pointer|
|num_rows_c8_write            |  out|    1|     ap_fifo|   num_rows_c8|       pointer|
|num_rows_c8_num_data_valid   |   in|    3|     ap_fifo|   num_rows_c8|       pointer|
|num_rows_c8_fifo_cap         |   in|    3|     ap_fifo|   num_rows_c8|       pointer|
|num_rows_c9_din              |  out|   32|     ap_fifo|   num_rows_c9|       pointer|
|num_rows_c9_full_n           |   in|    1|     ap_fifo|   num_rows_c9|       pointer|
|num_rows_c9_write            |  out|    1|     ap_fifo|   num_rows_c9|       pointer|
|num_rows_c9_num_data_valid   |   in|    3|     ap_fifo|   num_rows_c9|       pointer|
|num_rows_c9_fifo_cap         |   in|    3|     ap_fifo|   num_rows_c9|       pointer|
|num_rows_c10_din             |  out|   32|     ap_fifo|  num_rows_c10|       pointer|
|num_rows_c10_full_n          |   in|    1|     ap_fifo|  num_rows_c10|       pointer|
|num_rows_c10_write           |  out|    1|     ap_fifo|  num_rows_c10|       pointer|
|num_rows_c10_num_data_valid  |   in|    3|     ap_fifo|  num_rows_c10|       pointer|
|num_rows_c10_fifo_cap        |   in|    3|     ap_fifo|  num_rows_c10|       pointer|
|num_rows_c11_din             |  out|   32|     ap_fifo|  num_rows_c11|       pointer|
|num_rows_c11_full_n          |   in|    1|     ap_fifo|  num_rows_c11|       pointer|
|num_rows_c11_write           |  out|    1|     ap_fifo|  num_rows_c11|       pointer|
|num_rows_c11_num_data_valid  |   in|    3|     ap_fifo|  num_rows_c11|       pointer|
|num_rows_c11_fifo_cap        |   in|    3|     ap_fifo|  num_rows_c11|       pointer|
|num_rows_c12_din             |  out|   32|     ap_fifo|  num_rows_c12|       pointer|
|num_rows_c12_full_n          |   in|    1|     ap_fifo|  num_rows_c12|       pointer|
|num_rows_c12_write           |  out|    1|     ap_fifo|  num_rows_c12|       pointer|
|num_rows_c12_num_data_valid  |   in|    3|     ap_fifo|  num_rows_c12|       pointer|
|num_rows_c12_fifo_cap        |   in|    3|     ap_fifo|  num_rows_c12|       pointer|
|num_rows_c13_din             |  out|   32|     ap_fifo|  num_rows_c13|       pointer|
|num_rows_c13_full_n          |   in|    1|     ap_fifo|  num_rows_c13|       pointer|
|num_rows_c13_write           |  out|    1|     ap_fifo|  num_rows_c13|       pointer|
|num_rows_c13_num_data_valid  |   in|    3|     ap_fifo|  num_rows_c13|       pointer|
|num_rows_c13_fifo_cap        |   in|    3|     ap_fifo|  num_rows_c13|       pointer|
|num_rows_c14_din             |  out|   32|     ap_fifo|  num_rows_c14|       pointer|
|num_rows_c14_full_n          |   in|    1|     ap_fifo|  num_rows_c14|       pointer|
|num_rows_c14_write           |  out|    1|     ap_fifo|  num_rows_c14|       pointer|
|num_rows_c14_num_data_valid  |   in|    3|     ap_fifo|  num_rows_c14|       pointer|
|num_rows_c14_fifo_cap        |   in|    3|     ap_fifo|  num_rows_c14|       pointer|
|num_rows_c15_din             |  out|   32|     ap_fifo|  num_rows_c15|       pointer|
|num_rows_c15_full_n          |   in|    1|     ap_fifo|  num_rows_c15|       pointer|
|num_rows_c15_write           |  out|    1|     ap_fifo|  num_rows_c15|       pointer|
|num_rows_c15_num_data_valid  |   in|    3|     ap_fifo|  num_rows_c15|       pointer|
|num_rows_c15_fifo_cap        |   in|    3|     ap_fifo|  num_rows_c15|       pointer|
|num_rows_c16_din             |  out|   32|     ap_fifo|  num_rows_c16|       pointer|
|num_rows_c16_full_n          |   in|    1|     ap_fifo|  num_rows_c16|       pointer|
|num_rows_c16_write           |  out|    1|     ap_fifo|  num_rows_c16|       pointer|
|num_rows_c16_num_data_valid  |   in|    3|     ap_fifo|  num_rows_c16|       pointer|
|num_rows_c16_fifo_cap        |   in|    3|     ap_fifo|  num_rows_c16|       pointer|
+-----------------------------+-----+-----+------------+--------------+--------------+

