

================================================================
== Vitis HLS Report for 'read_col_info_Pipeline_VITIS_LOOP_46_1'
================================================================
* Date:           Thu Apr 23 17:42:05 2026

* Version:        2024.2 (Build 5238294 on Nov  8 2024)
* Project:        spmv_csc
* Solution:       hls (Vivado IP Flow Target)
* Product family: zynquplus
* Target device:  xczu7ev-ffvc1156-2-e


================================================================
== Performance Estimates
================================================================
+ Timing: 
    * Summary: 
    +--------+---------+----------+------------+
    |  Clock |  Target | Estimated| Uncertainty|
    +--------+---------+----------+------------+
    |ap_clk  |  5.00 ns|  4.000 ns|     1.00 ns|
    +--------+---------+----------+------------+

+ Latency: 
    * Summary: 
    +---------+---------+----------+----------+-----+-----+------------------------------------------------+
    |  Latency (cycles) |  Latency (absolute) |  Interval |                    Pipeline                    |
    |   min   |   max   |    min   |    max   | min | max |                      Type                      |
    +---------+---------+----------+----------+-----+-----+------------------------------------------------+
    |        ?|        ?|         ?|         ?|    0|    0|  loop auto-rewind stp (delay=0 clock cycles(s))|
    +---------+---------+----------+----------+-----+-----+------------------------------------------------+

    + Detail: 
        * Instance: 
        N/A

        * Loop: 
        +-------------------+---------+---------+----------+-----------+-----------+------+----------+
        |                   |  Latency (cycles) | Iteration|  Initiation Interval  | Trip |          |
        |     Loop Name     |   min   |   max   |  Latency |  achieved |   target  | Count| Pipelined|
        +-------------------+---------+---------+----------+-----------+-----------+------+----------+
        |- VITIS_LOOP_46_1  |        ?|        ?|         4|          1|          1|     ?|       yes|
        +-------------------+---------+---------+----------+-----------+-----------+------+----------+



================================================================
== Utilization Estimates
================================================================
* Summary: 
+-----------------+---------+------+--------+--------+-----+
|       Name      | BRAM_18K|  DSP |   FF   |   LUT  | URAM|
+-----------------+---------+------+--------+--------+-----+
|DSP              |        -|     -|       -|       -|    -|
|Expression       |        -|     -|       0|     161|    -|
|FIFO             |        -|     -|       -|       -|    -|
|Instance         |        -|     -|       -|       -|    -|
|Memory           |        -|     -|       -|       -|    -|
|Multiplexer      |        -|     -|       0|      81|    -|
|Register         |        -|     -|     201|       -|    -|
+-----------------+---------+------+--------+--------+-----+
|Total            |        0|     0|     201|     242|    0|
+-----------------+---------+------+--------+--------+-----+
|Available        |      624|  1728|  460800|  230400|   96|
+-----------------+---------+------+--------+--------+-----+
|Utilization (%)  |        0|     0|      ~0|      ~0|    0|
+-----------------+---------+------+--------+--------+-----+

+ Detail: 
    * Instance: 
    N/A

    * DSP: 
    N/A

    * Memory: 
    N/A

    * FIFO: 
    N/A

    * Expression: 
    +---------------------------------------+----------+----+---+----+------------+------------+
    |             Variable Name             | Operation| DSP| FF| LUT| Bitwidth P0| Bitwidth P1|
    +---------------------------------------+----------+----+---+----+------------+------------+
    |add_ln46_fu_177_p2                     |         +|   0|  0|  38|          31|           1|
    |col_nnz_fu_203_p2                      |         -|   0|  0|  39|          32|          32|
    |ap_block_state4_pp0_stage0_iter3_grp1  |       and|   0|  0|   2|           1|           1|
    |icmp_ln46_fu_171_p2                    |      icmp|   0|  0|  39|          32|          32|
    |icmp_ln53_fu_208_p2                    |      icmp|   0|  0|  39|          32|           1|
    |ap_block_pp0_stage0_01001_grp1         |        or|   0|  0|   2|           1|           1|
    |ap_enable_pp0                          |       xor|   0|  0|   2|           1|           2|
    +---------------------------------------+----------+----+---+----+------------+------------+
    |Total                                  |          |   0|  0| 161|         130|          70|
    +---------------------------------------+----------+----+---+----+------------+------------+

    * Multiplexer: 
    +---------------------------+----+-----------+-----+-----------+
    |            Name           | LUT| Input Size| Bits| Total Bits|
    +---------------------------+----+-----------+-----+-----------+
    |ap_done_int                |   9|          2|    1|          2|
    |ap_enable_reg_pp0_iter1    |   9|          2|    1|          2|
    |ap_sig_allocacmp_col_load  |   9|          2|   31|         62|
    |col_fu_76                  |   9|          2|   31|         62|
    |col_info_stream_blk_n      |   9|          2|    1|          2|
    |empty_fu_72                |   9|          2|   32|         64|
    |gmem1_blk_n_R              |   9|          2|    1|          2|
    |gmem3_blk_n_R              |   9|          2|    1|          2|
    |prev_1_fu_68               |   9|          2|   32|         64|
    +---------------------------+----+-----------+-----+-----------+
    |Total                      |  81|         18|  131|        262|
    +---------------------------+----+-----------+-----+-----------+

    * Register: 
    +----------------------------------+----+----+-----+-----------+
    |               Name               | FF | LUT| Bits| Const Bits|
    +----------------------------------+----+----+-----+-----------+
    |ap_CS_fsm                         |   1|   0|    1|          0|
    |ap_done_reg                       |   1|   0|    1|          0|
    |ap_enable_reg_pp0_iter1           |   1|   0|    1|          0|
    |ap_enable_reg_pp0_iter2           |   1|   0|    1|          0|
    |ap_enable_reg_pp0_iter3           |   1|   0|    1|          0|
    |ap_loop_exit_ready_pp0_iter1_reg  |   1|   0|    1|          0|
    |ap_loop_exit_ready_pp0_iter2_reg  |   1|   0|    1|          0|
    |col_fu_76                         |  31|   0|   31|          0|
    |col_nnz_reg_284                   |  32|   0|   32|          0|
    |empty_fu_72                       |  32|   0|   32|          0|
    |icmp_ln46_reg_274                 |   1|   0|    1|          0|
    |icmp_ln46_reg_274_pp0_iter1_reg   |   1|   0|    1|          0|
    |icmp_ln53_reg_289                 |   1|   0|    1|          0|
    |prev_1_fu_68                      |  32|   0|   32|          0|
    |prev_2_reg_278                    |  32|   0|   32|          0|
    |x_element_1_reg_293               |  32|   0|   32|          0|
    +----------------------------------+----+----+-----+-----------+
    |Total                             | 201|   0|  201|          0|
    +----------------------------------+----+----+-----+-----------+



================================================================
== Interface
================================================================
* Summary: 
+--------------------------------+-----+-----+------------+----------------------------------------+--------------+
|            RTL Ports           | Dir | Bits|  Protocol  |              Source Object             |    C Type    |
+--------------------------------+-----+-----+------------+----------------------------------------+--------------+
|ap_clk                          |   in|    1|  ap_ctrl_hs|  read_col_info_Pipeline_VITIS_LOOP_46_1|  return value|
|ap_rst                          |   in|    1|  ap_ctrl_hs|  read_col_info_Pipeline_VITIS_LOOP_46_1|  return value|
|ap_start                        |   in|    1|  ap_ctrl_hs|  read_col_info_Pipeline_VITIS_LOOP_46_1|  return value|
|ap_done                         |  out|    1|  ap_ctrl_hs|  read_col_info_Pipeline_VITIS_LOOP_46_1|  return value|
|ap_idle                         |  out|    1|  ap_ctrl_hs|  read_col_info_Pipeline_VITIS_LOOP_46_1|  return value|
|ap_ready                        |  out|    1|  ap_ctrl_hs|  read_col_info_Pipeline_VITIS_LOOP_46_1|  return value|
|m_axi_gmem1_0_AWVALID           |  out|    1|       m_axi|                                   gmem1|       pointer|
|m_axi_gmem1_0_AWREADY           |   in|    1|       m_axi|                                   gmem1|       pointer|
|m_axi_gmem1_0_AWADDR            |  out|   64|       m_axi|                                   gmem1|       pointer|
|m_axi_gmem1_0_AWID              |  out|    1|       m_axi|                                   gmem1|       pointer|
|m_axi_gmem1_0_AWLEN             |  out|   32|       m_axi|                                   gmem1|       pointer|
|m_axi_gmem1_0_AWSIZE            |  out|    3|       m_axi|                                   gmem1|       pointer|
|m_axi_gmem1_0_AWBURST           |  out|    2|       m_axi|                                   gmem1|       pointer|
|m_axi_gmem1_0_AWLOCK            |  out|    2|       m_axi|                                   gmem1|       pointer|
|m_axi_gmem1_0_AWCACHE           |  out|    4|       m_axi|                                   gmem1|       pointer|
|m_axi_gmem1_0_AWPROT            |  out|    3|       m_axi|                                   gmem1|       pointer|
|m_axi_gmem1_0_AWQOS             |  out|    4|       m_axi|                                   gmem1|       pointer|
|m_axi_gmem1_0_AWREGION          |  out|    4|       m_axi|                                   gmem1|       pointer|
|m_axi_gmem1_0_AWUSER            |  out|    1|       m_axi|                                   gmem1|       pointer|
|m_axi_gmem1_0_WVALID            |  out|    1|       m_axi|                                   gmem1|       pointer|
|m_axi_gmem1_0_WREADY            |   in|    1|       m_axi|                                   gmem1|       pointer|
|m_axi_gmem1_0_WDATA             |  out|   32|       m_axi|                                   gmem1|       pointer|
|m_axi_gmem1_0_WSTRB             |  out|    4|       m_axi|                                   gmem1|       pointer|
|m_axi_gmem1_0_WLAST             |  out|    1|       m_axi|                                   gmem1|       pointer|
|m_axi_gmem1_0_WID               |  out|    1|       m_axi|                                   gmem1|       pointer|
|m_axi_gmem1_0_WUSER             |  out|    1|       m_axi|                                   gmem1|       pointer|
|m_axi_gmem1_0_ARVALID           |  out|    1|       m_axi|                                   gmem1|       pointer|
|m_axi_gmem1_0_ARREADY           |   in|    1|       m_axi|                                   gmem1|       pointer|
|m_axi_gmem1_0_ARADDR            |  out|   64|       m_axi|                                   gmem1|       pointer|
|m_axi_gmem1_0_ARID              |  out|    1|       m_axi|                                   gmem1|       pointer|
|m_axi_gmem1_0_ARLEN             |  out|   32|       m_axi|                                   gmem1|       pointer|
|m_axi_gmem1_0_ARSIZE            |  out|    3|       m_axi|                                   gmem1|       pointer|
|m_axi_gmem1_0_ARBURST           |  out|    2|       m_axi|                                   gmem1|       pointer|
|m_axi_gmem1_0_ARLOCK            |  out|    2|       m_axi|                                   gmem1|       pointer|
|m_axi_gmem1_0_ARCACHE           |  out|    4|       m_axi|                                   gmem1|       pointer|
|m_axi_gmem1_0_ARPROT            |  out|    3|       m_axi|                                   gmem1|       pointer|
|m_axi_gmem1_0_ARQOS             |  out|    4|       m_axi|                                   gmem1|       pointer|
|m_axi_gmem1_0_ARREGION          |  out|    4|       m_axi|                                   gmem1|       pointer|
|m_axi_gmem1_0_ARUSER            |  out|    1|       m_axi|                                   gmem1|       pointer|
|m_axi_gmem1_0_RVALID            |   in|    1|       m_axi|                                   gmem1|       pointer|
|m_axi_gmem1_0_RREADY            |  out|    1|       m_axi|                                   gmem1|       pointer|
|m_axi_gmem1_0_RDATA             |   in|   32|       m_axi|                                   gmem1|       pointer|
|m_axi_gmem1_0_RLAST             |   in|    1|       m_axi|                                   gmem1|       pointer|
|m_axi_gmem1_0_RID               |   in|    1|       m_axi|                                   gmem1|       pointer|
|m_axi_gmem1_0_RFIFONUM          |   in|    9|       m_axi|                                   gmem1|       pointer|
|m_axi_gmem1_0_RUSER             |   in|    1|       m_axi|                                   gmem1|       pointer|
|m_axi_gmem1_0_RRESP             |   in|    2|       m_axi|                                   gmem1|       pointer|
|m_axi_gmem1_0_BVALID            |   in|    1|       m_axi|                                   gmem1|       pointer|
|m_axi_gmem1_0_BREADY            |  out|    1|       m_axi|                                   gmem1|       pointer|
|m_axi_gmem1_0_BRESP             |   in|    2|       m_axi|                                   gmem1|       pointer|
|m_axi_gmem1_0_BID               |   in|    1|       m_axi|                                   gmem1|       pointer|
|m_axi_gmem1_0_BUSER             |   in|    1|       m_axi|                                   gmem1|       pointer|
|m_axi_gmem3_0_AWVALID           |  out|    1|       m_axi|                                   gmem3|       pointer|
|m_axi_gmem3_0_AWREADY           |   in|    1|       m_axi|                                   gmem3|       pointer|
|m_axi_gmem3_0_AWADDR            |  out|   64|       m_axi|                                   gmem3|       pointer|
|m_axi_gmem3_0_AWID              |  out|    1|       m_axi|                                   gmem3|       pointer|
|m_axi_gmem3_0_AWLEN             |  out|   32|       m_axi|                                   gmem3|       pointer|
|m_axi_gmem3_0_AWSIZE            |  out|    3|       m_axi|                                   gmem3|       pointer|
|m_axi_gmem3_0_AWBURST           |  out|    2|       m_axi|                                   gmem3|       pointer|
|m_axi_gmem3_0_AWLOCK            |  out|    2|       m_axi|                                   gmem3|       pointer|
|m_axi_gmem3_0_AWCACHE           |  out|    4|       m_axi|                                   gmem3|       pointer|
|m_axi_gmem3_0_AWPROT            |  out|    3|       m_axi|                                   gmem3|       pointer|
|m_axi_gmem3_0_AWQOS             |  out|    4|       m_axi|                                   gmem3|       pointer|
|m_axi_gmem3_0_AWREGION          |  out|    4|       m_axi|                                   gmem3|       pointer|
|m_axi_gmem3_0_AWUSER            |  out|    1|       m_axi|                                   gmem3|       pointer|
|m_axi_gmem3_0_WVALID            |  out|    1|       m_axi|                                   gmem3|       pointer|
|m_axi_gmem3_0_WREADY            |   in|    1|       m_axi|                                   gmem3|       pointer|
|m_axi_gmem3_0_WDATA             |  out|   32|       m_axi|                                   gmem3|       pointer|
|m_axi_gmem3_0_WSTRB             |  out|    4|       m_axi|                                   gmem3|       pointer|
|m_axi_gmem3_0_WLAST             |  out|    1|       m_axi|                                   gmem3|       pointer|
|m_axi_gmem3_0_WID               |  out|    1|       m_axi|                                   gmem3|       pointer|
|m_axi_gmem3_0_WUSER             |  out|    1|       m_axi|                                   gmem3|       pointer|
|m_axi_gmem3_0_ARVALID           |  out|    1|       m_axi|                                   gmem3|       pointer|
|m_axi_gmem3_0_ARREADY           |   in|    1|       m_axi|                                   gmem3|       pointer|
|m_axi_gmem3_0_ARADDR            |  out|   64|       m_axi|                                   gmem3|       pointer|
|m_axi_gmem3_0_ARID              |  out|    1|       m_axi|                                   gmem3|       pointer|
|m_axi_gmem3_0_ARLEN             |  out|   32|       m_axi|                                   gmem3|       pointer|
|m_axi_gmem3_0_ARSIZE            |  out|    3|       m_axi|                                   gmem3|       pointer|
|m_axi_gmem3_0_ARBURST           |  out|    2|       m_axi|                                   gmem3|       pointer|
|m_axi_gmem3_0_ARLOCK            |  out|    2|       m_axi|                                   gmem3|       pointer|
|m_axi_gmem3_0_ARCACHE           |  out|    4|       m_axi|                                   gmem3|       pointer|
|m_axi_gmem3_0_ARPROT            |  out|    3|       m_axi|                                   gmem3|       pointer|
|m_axi_gmem3_0_ARQOS             |  out|    4|       m_axi|                                   gmem3|       pointer|
|m_axi_gmem3_0_ARREGION          |  out|    4|       m_axi|                                   gmem3|       pointer|
|m_axi_gmem3_0_ARUSER            |  out|    1|       m_axi|                                   gmem3|       pointer|
|m_axi_gmem3_0_RVALID            |   in|    1|       m_axi|                                   gmem3|       pointer|
|m_axi_gmem3_0_RREADY            |  out|    1|       m_axi|                                   gmem3|       pointer|
|m_axi_gmem3_0_RDATA             |   in|   32|       m_axi|                                   gmem3|       pointer|
|m_axi_gmem3_0_RLAST             |   in|    1|       m_axi|                                   gmem3|       pointer|
|m_axi_gmem3_0_RID               |   in|    1|       m_axi|                                   gmem3|       pointer|
|m_axi_gmem3_0_RFIFONUM          |   in|    9|       m_axi|                                   gmem3|       pointer|
|m_axi_gmem3_0_RUSER             |   in|    1|       m_axi|                                   gmem3|       pointer|
|m_axi_gmem3_0_RRESP             |   in|    2|       m_axi|                                   gmem3|       pointer|
|m_axi_gmem3_0_BVALID            |   in|    1|       m_axi|                                   gmem3|       pointer|
|m_axi_gmem3_0_BREADY            |  out|    1|       m_axi|                                   gmem3|       pointer|
|m_axi_gmem3_0_BRESP             |   in|    2|       m_axi|                                   gmem3|       pointer|
|m_axi_gmem3_0_BID               |   in|    1|       m_axi|                                   gmem3|       pointer|
|m_axi_gmem3_0_BUSER             |   in|    1|       m_axi|                                   gmem3|       pointer|
|col_info_stream_din             |  out|   64|     ap_fifo|                         col_info_stream|       pointer|
|col_info_stream_full_n          |   in|    1|     ap_fifo|                         col_info_stream|       pointer|
|col_info_stream_write           |  out|    1|     ap_fifo|                         col_info_stream|       pointer|
|col_info_stream_num_data_valid  |   in|    7|     ap_fifo|                         col_info_stream|       pointer|
|col_info_stream_fifo_cap        |   in|    7|     ap_fifo|                         col_info_stream|       pointer|
|x_element                       |   in|   32|     ap_none|                               x_element|        scalar|
|prev                            |   in|   32|     ap_none|                                    prev|        scalar|
|sub                             |   in|   32|     ap_none|                                     sub|        scalar|
|sext_ln46_1                     |   in|   62|     ap_none|                             sext_ln46_1|        scalar|
|sext_ln46                       |   in|   62|     ap_none|                               sext_ln46|        scalar|
|p_out                           |  out|   32|      ap_vld|                                   p_out|       pointer|
|p_out_ap_vld                    |  out|    1|      ap_vld|                                   p_out|       pointer|
|prev_1_out                      |  out|   32|      ap_vld|                              prev_1_out|       pointer|
|prev_1_out_ap_vld               |  out|    1|      ap_vld|                              prev_1_out|       pointer|
+--------------------------------+-----+-----+------------+----------------------------------------+--------------+

