

================================================================
== Vitis HLS Report for 'read_col_info'
================================================================
* Date:           Thu Apr 23 17:42:05 2026

* Version:        2024.2 (Build 5238294 on Nov  8 2024)
* Project:        spmv_csc
* Solution:       hls (Vivado IP Flow Target)
* Product family: zynquplus
* Target device:  xczu7ev-ffvc1156-2-e


================================================================
== Performance Estimates
================================================================
+ Timing: 
    * Summary: 
    +--------+---------+----------+------------+
    |  Clock |  Target | Estimated| Uncertainty|
    +--------+---------+----------+------------+
    |ap_clk  |  5.00 ns|  4.000 ns|     1.00 ns|
    +--------+---------+----------+------------+

+ Latency: 
    * Summary: 
    +---------+---------+----------+----------+-----+-----+---------+
    |  Latency (cycles) |  Latency (absolute) |  Interval | Pipeline|
    |   min   |   max   |    min   |    max   | min | max |   Type  |
    +---------+---------+----------+----------+-----+-----+---------+
    |        ?|        ?|         ?|         ?|    ?|    ?|       no|
    +---------+---------+----------+----------+-----+-----+---------+

    + Detail: 
        * Instance: 
        +---------------------------------------------------+----------------------------------------+---------+---------+----------+----------+-----+-----+------------------------------------------------+
        |                                                   |                                        |  Latency (cycles) |  Latency (absolute) |  Interval |                    Pipeline                    |
        |                      Instance                     |                 Module                 |   min   |   max   |    min   |    max   | min | max |                      Type                      |
        +---------------------------------------------------+----------------------------------------+---------+---------+----------+----------+-----+-----+------------------------------------------------+
        |grp_read_col_info_Pipeline_VITIS_LOOP_46_1_fu_149  |read_col_info_Pipeline_VITIS_LOOP_46_1  |        ?|        ?|         ?|         ?|    0|    0|  loop auto-rewind stp (delay=0 clock cycles(s))|
        +---------------------------------------------------+----------------------------------------+---------+---------+----------+----------+-----+-----+------------------------------------------------+

        * Loop: 
        N/A



================================================================
== Utilization Estimates
================================================================
* Summary: 
+-----------------+---------+------+--------+--------+-----+
|       Name      | BRAM_18K|  DSP |   FF   |   LUT  | URAM|
+-----------------+---------+------+--------+--------+-----+
|DSP              |        -|     -|       -|       -|    -|
|Expression       |        -|     -|       0|     408|    -|
|FIFO             |        -|     -|       -|       -|    -|
|Instance         |        -|     -|     201|     242|    -|
|Memory           |        -|     -|       -|       -|    -|
|Multiplexer      |        -|     -|       0|     501|    -|
|Register         |        -|     -|     371|       -|    -|
+-----------------+---------+------+--------+--------+-----+
|Total            |        0|     0|     572|    1151|    0|
+-----------------+---------+------+--------+--------+-----+
|Available        |      624|  1728|  460800|  230400|   96|
+-----------------+---------+------+--------+--------+-----+
|Utilization (%)  |        0|     0|      ~0|      ~0|    0|
+-----------------+---------+------+--------+--------+-----+

+ Detail: 
    * Instance: 
    +---------------------------------------------------+----------------------------------------+---------+----+-----+-----+-----+
    |                      Instance                     |                 Module                 | BRAM_18K| DSP|  FF | LUT | URAM|
    +---------------------------------------------------+----------------------------------------+---------+----+-----+-----+-----+
    |grp_read_col_info_Pipeline_VITIS_LOOP_46_1_fu_149  |read_col_info_Pipeline_VITIS_LOOP_46_1  |        0|   0|  201|  242|    0|
    +---------------------------------------------------+----------------------------------------+---------+----+-----+-----+-----+
    |Total                                              |                                        |        0|   0|  201|  242|    0|
    +---------------------------------------------------+----------------------------------------+---------+----+-----+-----+-----+

    * DSP: 
    N/A

    * Memory: 
    N/A

    * FIFO: 
    N/A

    * Expression: 
    +----------------------+----------+----+---+----+------------+------------+
    |     Variable Name    | Operation| DSP| FF| LUT| Bitwidth P0| Bitwidth P1|
    +----------------------+----------+----+---+----+------------+------------+
    |add_ln46_1_fu_248_p2  |         +|   0|  0|  71|          64|           3|
    |add_ln46_fu_224_p2    |         +|   0|  0|  71|          64|           3|
    |add_ln65_fu_276_p2    |         +|   0|  0|  71|          64|          64|
    |sub_fu_208_p2         |         +|   0|  0|  39|          32|           2|
    |col_nnz_fu_333_p2     |         -|   0|  0|  39|          32|          32|
    |ap_block_state21      |       and|   0|  0|   2|           1|           1|
    |icmp_ln46_fu_214_p2   |      icmp|   0|  0|  39|          32|           1|
    |icmp_ln67_fu_338_p2   |      icmp|   0|  0|  39|          32|           1|
    |ap_block_state1       |        or|   0|  0|   2|           1|           1|
    |ap_block_state1_io    |        or|   0|  0|   2|           1|           1|
    |ap_block_state9       |        or|   0|  0|   2|           1|           1|
    |empty_fu_240_p3       |    select|   0|  0|  31|           1|          31|
    +----------------------+----------+----+---+----+------------+------------+
    |Total                 |          |   0|  0| 408|         325|         141|
    +----------------------+----------+----+---+----+------------+------------+

    * Multiplexer: 
    +------------------------+-----+-----------+-----+-----------+
    |          Name          | LUT | Input Size| Bits| Total Bits|
    +------------------------+-----+-----------+-----+-----------+
    |ap_NS_fsm               |  111|         22|    1|         22|
    |ap_done                 |    9|          2|    1|          2|
    |col_info_stream_blk_n   |    9|          2|    1|          2|
    |col_info_stream_din     |    9|          2|   64|        128|
    |col_info_stream_write   |   14|          3|    1|          3|
    |gmem1_blk_n_AR          |    9|          2|    1|          2|
    |gmem1_blk_n_R           |    9|          2|    1|          2|
    |gmem3_blk_n_AR          |    9|          2|    1|          2|
    |gmem3_blk_n_R           |    9|          2|    1|          2|
    |m_axi_gmem1_0_ARADDR    |   26|          5|   64|        320|
    |m_axi_gmem1_0_ARBURST   |    9|          2|    2|          4|
    |m_axi_gmem1_0_ARCACHE   |    9|          2|    4|          8|
    |m_axi_gmem1_0_ARID      |    9|          2|    1|          2|
    |m_axi_gmem1_0_ARLEN     |   20|          4|   32|        128|
    |m_axi_gmem1_0_ARLOCK    |    9|          2|    2|          4|
    |m_axi_gmem1_0_ARPROT    |    9|          2|    3|          6|
    |m_axi_gmem1_0_ARQOS     |    9|          2|    4|          8|
    |m_axi_gmem1_0_ARREGION  |    9|          2|    4|          8|
    |m_axi_gmem1_0_ARSIZE    |    9|          2|    3|          6|
    |m_axi_gmem1_0_ARUSER    |    9|          2|    1|          2|
    |m_axi_gmem1_0_ARVALID   |   14|          3|    1|          3|
    |m_axi_gmem1_0_RREADY    |   14|          3|    1|          3|
    |m_axi_gmem3_0_ARADDR    |   20|          4|   64|        256|
    |m_axi_gmem3_0_ARBURST   |    9|          2|    2|          4|
    |m_axi_gmem3_0_ARCACHE   |    9|          2|    4|          8|
    |m_axi_gmem3_0_ARID      |    9|          2|    1|          2|
    |m_axi_gmem3_0_ARLEN     |   20|          4|   32|        128|
    |m_axi_gmem3_0_ARLOCK    |    9|          2|    2|          4|
    |m_axi_gmem3_0_ARPROT    |    9|          2|    3|          6|
    |m_axi_gmem3_0_ARQOS     |    9|          2|    4|          8|
    |m_axi_gmem3_0_ARREGION  |    9|          2|    4|          8|
    |m_axi_gmem3_0_ARSIZE    |    9|          2|    3|          6|
    |m_axi_gmem3_0_ARUSER    |    9|          2|    1|          2|
    |m_axi_gmem3_0_ARVALID   |   14|          3|    1|          3|
    |m_axi_gmem3_0_RREADY    |   14|          3|    1|          3|
    |real_start              |    9|          2|    1|          2|
    +------------------------+-----+-----------+-----+-----------+
    |Total                   |  501|        106|  317|       1107|
    +------------------------+-----+-----------+-----+-----------+

    * Register: 
    +----------------------------------------------------------------+----+----+-----+-----------+
    |                              Name                              | FF | LUT| Bits| Const Bits|
    +----------------------------------------------------------------+----+----+-----+-----------+
    |ap_CS_fsm                                                       |  21|   0|   21|          0|
    |ap_done_reg                                                     |   1|   0|    1|          0|
    |empty_reg_388                                                   |  31|   0|   31|          0|
    |gmem1_addr_2_reg_399                                            |  64|   0|   64|          0|
    |grp_read_col_info_Pipeline_VITIS_LOOP_46_1_fu_149_ap_start_reg  |   1|   0|    1|          0|
    |next_reg_431                                                    |  32|   0|   32|          0|
    |prev_reg_421                                                    |  32|   0|   32|          0|
    |start_once_reg                                                  |   1|   0|    1|          0|
    |sub_reg_377                                                     |  32|   0|   32|          0|
    |trunc_ln46_1_reg_393                                            |  62|   0|   62|          0|
    |trunc_ln5_reg_382                                               |  62|   0|   62|          0|
    |x_element_reg_426                                               |  32|   0|   32|          0|
    +----------------------------------------------------------------+----+----+-----+-----------+
    |Total                                                           | 371|   0|  371|          0|
    +----------------------------------------------------------------+----+----+-----+-----------+



================================================================
== Interface
================================================================
* Summary: 
+--------------------------------+-----+-----+------------+-----------------+--------------+
|            RTL Ports           | Dir | Bits|  Protocol  |  Source Object  |    C Type    |
+--------------------------------+-----+-----+------------+-----------------+--------------+
|ap_clk                          |   in|    1|  ap_ctrl_hs|    read_col_info|  return value|
|ap_rst                          |   in|    1|  ap_ctrl_hs|    read_col_info|  return value|
|ap_start                        |   in|    1|  ap_ctrl_hs|    read_col_info|  return value|
|start_full_n                    |   in|    1|  ap_ctrl_hs|    read_col_info|  return value|
|ap_done                         |  out|    1|  ap_ctrl_hs|    read_col_info|  return value|
|ap_continue                     |   in|    1|  ap_ctrl_hs|    read_col_info|  return value|
|ap_idle                         |  out|    1|  ap_ctrl_hs|    read_col_info|  return value|
|ap_ready                        |  out|    1|  ap_ctrl_hs|    read_col_info|  return value|
|start_out                       |  out|    1|  ap_ctrl_hs|    read_col_info|  return value|
|start_write                     |  out|    1|  ap_ctrl_hs|    read_col_info|  return value|
|num_cols                        |   in|   32|     ap_none|         num_cols|        scalar|
|m_axi_gmem1_0_AWVALID           |  out|    1|       m_axi|            gmem1|       pointer|
|m_axi_gmem1_0_AWREADY           |   in|    1|       m_axi|            gmem1|       pointer|
|m_axi_gmem1_0_AWADDR            |  out|   64|       m_axi|            gmem1|       pointer|
|m_axi_gmem1_0_AWID              |  out|    1|       m_axi|            gmem1|       pointer|
|m_axi_gmem1_0_AWLEN             |  out|   32|       m_axi|            gmem1|       pointer|
|m_axi_gmem1_0_AWSIZE            |  out|    3|       m_axi|            gmem1|       pointer|
|m_axi_gmem1_0_AWBURST           |  out|    2|       m_axi|            gmem1|       pointer|
|m_axi_gmem1_0_AWLOCK            |  out|    2|       m_axi|            gmem1|       pointer|
|m_axi_gmem1_0_AWCACHE           |  out|    4|       m_axi|            gmem1|       pointer|
|m_axi_gmem1_0_AWPROT            |  out|    3|       m_axi|            gmem1|       pointer|
|m_axi_gmem1_0_AWQOS             |  out|    4|       m_axi|            gmem1|       pointer|
|m_axi_gmem1_0_AWREGION          |  out|    4|       m_axi|            gmem1|       pointer|
|m_axi_gmem1_0_AWUSER            |  out|    1|       m_axi|            gmem1|       pointer|
|m_axi_gmem1_0_WVALID            |  out|    1|       m_axi|            gmem1|       pointer|
|m_axi_gmem1_0_WREADY            |   in|    1|       m_axi|            gmem1|       pointer|
|m_axi_gmem1_0_WDATA             |  out|   32|       m_axi|            gmem1|       pointer|
|m_axi_gmem1_0_WSTRB             |  out|    4|       m_axi|            gmem1|       pointer|
|m_axi_gmem1_0_WLAST             |  out|    1|       m_axi|            gmem1|       pointer|
|m_axi_gmem1_0_WID               |  out|    1|       m_axi|            gmem1|       pointer|
|m_axi_gmem1_0_WUSER             |  out|    1|       m_axi|            gmem1|       pointer|
|m_axi_gmem1_0_ARVALID           |  out|    1|       m_axi|            gmem1|       pointer|
|m_axi_gmem1_0_ARREADY           |   in|    1|       m_axi|            gmem1|       pointer|
|m_axi_gmem1_0_ARADDR            |  out|   64|       m_axi|            gmem1|       pointer|
|m_axi_gmem1_0_ARID              |  out|    1|       m_axi|            gmem1|       pointer|
|m_axi_gmem1_0_ARLEN             |  out|   32|       m_axi|            gmem1|       pointer|
|m_axi_gmem1_0_ARSIZE            |  out|    3|       m_axi|            gmem1|       pointer|
|m_axi_gmem1_0_ARBURST           |  out|    2|       m_axi|            gmem1|       pointer|
|m_axi_gmem1_0_ARLOCK            |  out|    2|       m_axi|            gmem1|       pointer|
|m_axi_gmem1_0_ARCACHE           |  out|    4|       m_axi|            gmem1|       pointer|
|m_axi_gmem1_0_ARPROT            |  out|    3|       m_axi|            gmem1|       pointer|
|m_axi_gmem1_0_ARQOS             |  out|    4|       m_axi|            gmem1|       pointer|
|m_axi_gmem1_0_ARREGION          |  out|    4|       m_axi|            gmem1|       pointer|
|m_axi_gmem1_0_ARUSER            |  out|    1|       m_axi|            gmem1|       pointer|
|m_axi_gmem1_0_RVALID            |   in|    1|       m_axi|            gmem1|       pointer|
|m_axi_gmem1_0_RREADY            |  out|    1|       m_axi|            gmem1|       pointer|
|m_axi_gmem1_0_RDATA             |   in|   32|       m_axi|            gmem1|       pointer|
|m_axi_gmem1_0_RLAST             |   in|    1|       m_axi|            gmem1|       pointer|
|m_axi_gmem1_0_RID               |   in|    1|       m_axi|            gmem1|       pointer|
|m_axi_gmem1_0_RFIFONUM          |   in|    9|       m_axi|            gmem1|       pointer|
|m_axi_gmem1_0_RUSER             |   in|    1|       m_axi|            gmem1|       pointer|
|m_axi_gmem1_0_RRESP             |   in|    2|       m_axi|            gmem1|       pointer|
|m_axi_gmem1_0_BVALID            |   in|    1|       m_axi|            gmem1|       pointer|
|m_axi_gmem1_0_BREADY            |  out|    1|       m_axi|            gmem1|       pointer|
|m_axi_gmem1_0_BRESP             |   in|    2|       m_axi|            gmem1|       pointer|
|m_axi_gmem1_0_BID               |   in|    1|       m_axi|            gmem1|       pointer|
|m_axi_gmem1_0_BUSER             |   in|    1|       m_axi|            gmem1|       pointer|
|A_col_ptr                       |   in|   64|     ap_none|        A_col_ptr|        scalar|
|m_axi_gmem3_0_AWVALID           |  out|    1|       m_axi|            gmem3|       pointer|
|m_axi_gmem3_0_AWREADY           |   in|    1|       m_axi|            gmem3|       pointer|
|m_axi_gmem3_0_AWADDR            |  out|   64|       m_axi|            gmem3|       pointer|
|m_axi_gmem3_0_AWID              |  out|    1|       m_axi|            gmem3|       pointer|
|m_axi_gmem3_0_AWLEN             |  out|   32|       m_axi|            gmem3|       pointer|
|m_axi_gmem3_0_AWSIZE            |  out|    3|       m_axi|            gmem3|       pointer|
|m_axi_gmem3_0_AWBURST           |  out|    2|       m_axi|            gmem3|       pointer|
|m_axi_gmem3_0_AWLOCK            |  out|    2|       m_axi|            gmem3|       pointer|
|m_axi_gmem3_0_AWCACHE           |  out|    4|       m_axi|            gmem3|       pointer|
|m_axi_gmem3_0_AWPROT            |  out|    3|       m_axi|            gmem3|       pointer|
|m_axi_gmem3_0_AWQOS             |  out|    4|       m_axi|            gmem3|       pointer|
|m_axi_gmem3_0_AWREGION          |  out|    4|       m_axi|            gmem3|       pointer|
|m_axi_gmem3_0_AWUSER            |  out|    1|       m_axi|            gmem3|       pointer|
|m_axi_gmem3_0_WVALID            |  out|    1|       m_axi|            gmem3|       pointer|
|m_axi_gmem3_0_WREADY            |   in|    1|       m_axi|            gmem3|       pointer|
|m_axi_gmem3_0_WDATA             |  out|   32|       m_axi|            gmem3|       pointer|
|m_axi_gmem3_0_WSTRB             |  out|    4|       m_axi|            gmem3|       pointer|
|m_axi_gmem3_0_WLAST             |  out|    1|       m_axi|            gmem3|       pointer|
|m_axi_gmem3_0_WID               |  out|    1|       m_axi|            gmem3|       pointer|
|m_axi_gmem3_0_WUSER             |  out|    1|       m_axi|            gmem3|       pointer|
|m_axi_gmem3_0_ARVALID           |  out|    1|       m_axi|            gmem3|       pointer|
|m_axi_gmem3_0_ARREADY           |   in|    1|       m_axi|            gmem3|       pointer|
|m_axi_gmem3_0_ARADDR            |  out|   64|       m_axi|            gmem3|       pointer|
|m_axi_gmem3_0_ARID              |  out|    1|       m_axi|            gmem3|       pointer|
|m_axi_gmem3_0_ARLEN             |  out|   32|       m_axi|            gmem3|       pointer|
|m_axi_gmem3_0_ARSIZE            |  out|    3|       m_axi|            gmem3|       pointer|
|m_axi_gmem3_0_ARBURST           |  out|    2|       m_axi|            gmem3|       pointer|
|m_axi_gmem3_0_ARLOCK            |  out|    2|       m_axi|            gmem3|       pointer|
|m_axi_gmem3_0_ARCACHE           |  out|    4|       m_axi|            gmem3|       pointer|
|m_axi_gmem3_0_ARPROT            |  out|    3|       m_axi|            gmem3|       pointer|
|m_axi_gmem3_0_ARQOS             |  out|    4|       m_axi|            gmem3|       pointer|
|m_axi_gmem3_0_ARREGION          |  out|    4|       m_axi|            gmem3|       pointer|
|m_axi_gmem3_0_ARUSER            |  out|    1|       m_axi|            gmem3|       pointer|
|m_axi_gmem3_0_RVALID            |   in|    1|       m_axi|            gmem3|       pointer|
|m_axi_gmem3_0_RREADY            |  out|    1|       m_axi|            gmem3|       pointer|
|m_axi_gmem3_0_RDATA             |   in|   32|       m_axi|            gmem3|       pointer|
|m_axi_gmem3_0_RLAST             |   in|    1|       m_axi|            gmem3|       pointer|
|m_axi_gmem3_0_RID               |   in|    1|       m_axi|            gmem3|       pointer|
|m_axi_gmem3_0_RFIFONUM          |   in|    9|       m_axi|            gmem3|       pointer|
|m_axi_gmem3_0_RUSER             |   in|    1|       m_axi|            gmem3|       pointer|
|m_axi_gmem3_0_RRESP             |   in|    2|       m_axi|            gmem3|       pointer|
|m_axi_gmem3_0_BVALID            |   in|    1|       m_axi|            gmem3|       pointer|
|m_axi_gmem3_0_BREADY            |  out|    1|       m_axi|            gmem3|       pointer|
|m_axi_gmem3_0_BRESP             |   in|    2|       m_axi|            gmem3|       pointer|
|m_axi_gmem3_0_BID               |   in|    1|       m_axi|            gmem3|       pointer|
|m_axi_gmem3_0_BUSER             |   in|    1|       m_axi|            gmem3|       pointer|
|x_in                            |   in|   64|     ap_none|             x_in|        scalar|
|col_info_stream_din             |  out|   64|     ap_fifo|  col_info_stream|       pointer|
|col_info_stream_full_n          |   in|    1|     ap_fifo|  col_info_stream|       pointer|
|col_info_stream_write           |  out|    1|     ap_fifo|  col_info_stream|       pointer|
|col_info_stream_num_data_valid  |   in|    7|     ap_fifo|  col_info_stream|       pointer|
|col_info_stream_fifo_cap        |   in|    7|     ap_fifo|  col_info_stream|       pointer|
+--------------------------------+-----+-----+------------+-----------------+--------------+

