

================================================================
== Vitis HLS Report for 'read_nnz_packed'
================================================================
* Date:           Thu Apr 23 17:42:06 2026

* Version:        2024.2 (Build 5238294 on Nov  8 2024)
* Project:        spmv_csc
* Solution:       hls (Vivado IP Flow Target)
* Product family: zynquplus
* Target device:  xczu7ev-ffvc1156-2-e


================================================================
== Performance Estimates
================================================================
+ Timing: 
    * Summary: 
    +--------+---------+----------+------------+
    |  Clock |  Target | Estimated| Uncertainty|
    +--------+---------+----------+------------+
    |ap_clk  |  5.00 ns|  4.000 ns|     1.00 ns|
    +--------+---------+----------+------------+

+ Latency: 
    * Summary: 
    +---------+-----------+-----------+-----------+-----+-----------+---------+
    |   Latency (cycles)  |   Latency (absolute)  |     Interval    | Pipeline|
    |   min   |    max    |    min    |    max    | min |    max    |   Type  |
    +---------+-----------+-----------+-----------+-----+-----------+---------+
    |       13|  134217740|  65.000 ns|  0.671 sec|   13|  134217740|       no|
    +---------+-----------+-----------+-----------+-----+-----------+---------+

    + Detail: 
        * Instance: 
        +-----------------------------------------------------+------------------------------------------+---------+-----------+-----------+-----------+-----+-----------+------------------------------------------------+
        |                                                     |                                          |   Latency (cycles)  |   Latency (absolute)  |     Interval    |                    Pipeline                    |
        |                       Instance                      |                  Module                  |   min   |    max    |    min    |    max    | min |    max    |                      Type                      |
        +-----------------------------------------------------+------------------------------------------+---------+-----------+-----------+-----------+-----+-----------+------------------------------------------------+
        |grp_read_nnz_packed_Pipeline_VITIS_LOOP_89_1_fu_114  |read_nnz_packed_Pipeline_VITIS_LOOP_89_1  |        3|  134217730|  15.000 ns|  0.671 sec|    1|  134217728|  loop auto-rewind stp (delay=0 clock cycles(s))|
        +-----------------------------------------------------+------------------------------------------+---------+-----------+-----------+-----------+-----+-----------+------------------------------------------------+

        * Loop: 
        N/A



================================================================
== Utilization Estimates
================================================================
* Summary: 
+-----------------+---------+------+--------+--------+-----+
|       Name      | BRAM_18K|  DSP |   FF   |   LUT  | URAM|
+-----------------+---------+------+--------+--------+-----+
|DSP              |        -|     -|       -|       -|    -|
|Expression       |        -|     -|       0|     215|    -|
|FIFO             |        -|     -|       -|       -|    -|
|Instance         |        -|     -|    1114|    1978|    -|
|Memory           |        -|     -|       -|       -|    -|
|Multiplexer      |        -|     -|       0|     365|    -|
|Register         |        -|     -|     219|       -|    -|
+-----------------+---------+------+--------+--------+-----+
|Total            |        0|     0|    1333|    2558|    0|
+-----------------+---------+------+--------+--------+-----+
|Available        |      624|  1728|  460800|  230400|   96|
+-----------------+---------+------+--------+--------+-----+
|Utilization (%)  |        0|     0|      ~0|       1|    0|
+-----------------+---------+------+--------+--------+-----+

+ Detail: 
    * Instance: 
    +-----------------------------------------------------+------------------------------------------+---------+----+------+------+-----+
    |                       Instance                      |                  Module                  | BRAM_18K| DSP|  FF  |  LUT | URAM|
    +-----------------------------------------------------+------------------------------------------+---------+----+------+------+-----+
    |grp_read_nnz_packed_Pipeline_VITIS_LOOP_89_1_fu_114  |read_nnz_packed_Pipeline_VITIS_LOOP_89_1  |        0|   0|  1114|  1978|    0|
    +-----------------------------------------------------+------------------------------------------+---------+----+------+------+-----+
    |Total                                                |                                          |        0|   0|  1114|  1978|    0|
    +-----------------------------------------------------+------------------------------------------+---------+----+------+------+-----+

    * DSP: 
    N/A

    * Memory: 
    N/A

    * FIFO: 
    N/A

    * Expression: 
    +----------------------+----------+----+---+----+------------+------------+
    |     Variable Name    | Operation| DSP| FF| LUT| Bitwidth P0| Bitwidth P1|
    +----------------------+----------+----+---+----+------------+------------+
    |add_ln86_fu_128_p2    |         +|   0|  0|  39|          32|           4|
    |sub_ln86_1_fu_162_p2  |         -|   0|  0|  36|           1|          29|
    |sub_ln86_fu_142_p2    |         -|   0|  0|  39|           5|          32|
    |icmp_ln89_fu_190_p2   |      icmp|   0|  0|  39|          32|           1|
    |ap_block_state1       |        or|   0|  0|   2|           1|           1|
    |ap_block_state2_io    |        or|   0|  0|   2|           1|           1|
    |empty_fu_196_p3       |    select|   0|  0|  29|           1|          29|
    |words_fu_182_p3       |    select|   0|  0|  29|           1|          29|
    +----------------------+----------+----+---+----+------------+------------+
    |Total                 |          |   0|  0| 215|          74|         126|
    +----------------------+----------+----+---+----+------------+------------+

    * Multiplexer: 
    +------------------------+----+-----------+-----+-----------+
    |          Name          | LUT| Input Size| Bits| Total Bits|
    +------------------------+----+-----------+-----+-----------+
    |ap_NS_fsm               |  65|         12|    1|         12|
    |ap_done                 |   9|          2|    1|          2|
    |gmem0_blk_n_AR          |   9|          2|    1|          2|
    |gmem2_blk_n_AR          |   9|          2|    1|          2|
    |m_axi_gmem0_0_ARADDR    |  14|          3|   64|        192|
    |m_axi_gmem0_0_ARBURST   |   9|          2|    2|          4|
    |m_axi_gmem0_0_ARCACHE   |   9|          2|    4|          8|
    |m_axi_gmem0_0_ARID      |   9|          2|    1|          2|
    |m_axi_gmem0_0_ARLEN     |  14|          3|   32|         96|
    |m_axi_gmem0_0_ARLOCK    |   9|          2|    2|          4|
    |m_axi_gmem0_0_ARPROT    |   9|          2|    3|          6|
    |m_axi_gmem0_0_ARQOS     |   9|          2|    4|          8|
    |m_axi_gmem0_0_ARREGION  |   9|          2|    4|          8|
    |m_axi_gmem0_0_ARSIZE    |   9|          2|    3|          6|
    |m_axi_gmem0_0_ARUSER    |   9|          2|    1|          2|
    |m_axi_gmem0_0_ARVALID   |  14|          3|    1|          3|
    |m_axi_gmem0_0_RREADY    |   9|          2|    1|          2|
    |m_axi_gmem2_0_ARADDR    |  14|          3|   64|        192|
    |m_axi_gmem2_0_ARBURST   |   9|          2|    2|          4|
    |m_axi_gmem2_0_ARCACHE   |   9|          2|    4|          8|
    |m_axi_gmem2_0_ARID      |   9|          2|    1|          2|
    |m_axi_gmem2_0_ARLEN     |  14|          3|   32|         96|
    |m_axi_gmem2_0_ARLOCK    |   9|          2|    2|          4|
    |m_axi_gmem2_0_ARPROT    |   9|          2|    3|          6|
    |m_axi_gmem2_0_ARQOS     |   9|          2|    4|          8|
    |m_axi_gmem2_0_ARREGION  |   9|          2|    4|          8|
    |m_axi_gmem2_0_ARSIZE    |   9|          2|    3|          6|
    |m_axi_gmem2_0_ARUSER    |   9|          2|    1|          2|
    |m_axi_gmem2_0_ARVALID   |  14|          3|    1|          3|
    |m_axi_gmem2_0_RREADY    |   9|          2|    1|          2|
    |nnz_c_blk_n             |   9|          2|    1|          2|
    +------------------------+----+-----------+-----+-----------+
    |Total                   | 365|         78|  249|        702|
    +------------------------+----+-----------+-----+-----------+

    * Register: 
    +------------------------------------------------------------------+----+----+-----+-----------+
    |                               Name                               | FF | LUT| Bits| Const Bits|
    +------------------------------------------------------------------+----+----+-----+-----------+
    |ap_CS_fsm                                                         |  11|   0|   11|          0|
    |ap_done_reg                                                       |   1|   0|    1|          0|
    |empty_reg_275                                                     |  29|   0|   29|          0|
    |grp_read_nnz_packed_Pipeline_VITIS_LOOP_89_1_fu_114_ap_start_reg  |   1|   0|    1|          0|
    |nnz_read_reg_265                                                  |  32|   0|   32|          0|
    |trunc_ln2_reg_280                                                 |  58|   0|   58|          0|
    |trunc_ln89_1_reg_296                                              |  58|   0|   58|          0|
    |words_reg_270                                                     |  29|   0|   29|          0|
    +------------------------------------------------------------------+----+----+-----+-----------+
    |Total                                                             | 219|   0|  219|          0|
    +------------------------------------------------------------------+----+----+-----+-----------+



================================================================
== Interface
================================================================
* Summary: 
+---------------------------+-----+------+------------+-----------------+--------------+
|         RTL Ports         | Dir | Bits |  Protocol  |  Source Object  |    C Type    |
+---------------------------+-----+------+------------+-----------------+--------------+
|ap_clk                     |   in|     1|  ap_ctrl_hs|  read_nnz_packed|  return value|
|ap_rst                     |   in|     1|  ap_ctrl_hs|  read_nnz_packed|  return value|
|ap_start                   |   in|     1|  ap_ctrl_hs|  read_nnz_packed|  return value|
|ap_done                    |  out|     1|  ap_ctrl_hs|  read_nnz_packed|  return value|
|ap_continue                |   in|     1|  ap_ctrl_hs|  read_nnz_packed|  return value|
|ap_idle                    |  out|     1|  ap_ctrl_hs|  read_nnz_packed|  return value|
|ap_ready                   |  out|     1|  ap_ctrl_hs|  read_nnz_packed|  return value|
|nnz                        |   in|    32|     ap_none|              nnz|        scalar|
|m_axi_gmem0_0_AWVALID      |  out|     1|       m_axi|            gmem0|       pointer|
|m_axi_gmem0_0_AWREADY      |   in|     1|       m_axi|            gmem0|       pointer|
|m_axi_gmem0_0_AWADDR       |  out|    64|       m_axi|            gmem0|       pointer|
|m_axi_gmem0_0_AWID         |  out|     1|       m_axi|            gmem0|       pointer|
|m_axi_gmem0_0_AWLEN        |  out|    32|       m_axi|            gmem0|       pointer|
|m_axi_gmem0_0_AWSIZE       |  out|     3|       m_axi|            gmem0|       pointer|
|m_axi_gmem0_0_AWBURST      |  out|     2|       m_axi|            gmem0|       pointer|
|m_axi_gmem0_0_AWLOCK       |  out|     2|       m_axi|            gmem0|       pointer|
|m_axi_gmem0_0_AWCACHE      |  out|     4|       m_axi|            gmem0|       pointer|
|m_axi_gmem0_0_AWPROT       |  out|     3|       m_axi|            gmem0|       pointer|
|m_axi_gmem0_0_AWQOS        |  out|     4|       m_axi|            gmem0|       pointer|
|m_axi_gmem0_0_AWREGION     |  out|     4|       m_axi|            gmem0|       pointer|
|m_axi_gmem0_0_AWUSER       |  out|     1|       m_axi|            gmem0|       pointer|
|m_axi_gmem0_0_WVALID       |  out|     1|       m_axi|            gmem0|       pointer|
|m_axi_gmem0_0_WREADY       |   in|     1|       m_axi|            gmem0|       pointer|
|m_axi_gmem0_0_WDATA        |  out|   512|       m_axi|            gmem0|       pointer|
|m_axi_gmem0_0_WSTRB        |  out|    64|       m_axi|            gmem0|       pointer|
|m_axi_gmem0_0_WLAST        |  out|     1|       m_axi|            gmem0|       pointer|
|m_axi_gmem0_0_WID          |  out|     1|       m_axi|            gmem0|       pointer|
|m_axi_gmem0_0_WUSER        |  out|     1|       m_axi|            gmem0|       pointer|
|m_axi_gmem0_0_ARVALID      |  out|     1|       m_axi|            gmem0|       pointer|
|m_axi_gmem0_0_ARREADY      |   in|     1|       m_axi|            gmem0|       pointer|
|m_axi_gmem0_0_ARADDR       |  out|    64|       m_axi|            gmem0|       pointer|
|m_axi_gmem0_0_ARID         |  out|     1|       m_axi|            gmem0|       pointer|
|m_axi_gmem0_0_ARLEN        |  out|    32|       m_axi|            gmem0|       pointer|
|m_axi_gmem0_0_ARSIZE       |  out|     3|       m_axi|            gmem0|       pointer|
|m_axi_gmem0_0_ARBURST      |  out|     2|       m_axi|            gmem0|       pointer|
|m_axi_gmem0_0_ARLOCK       |  out|     2|       m_axi|            gmem0|       pointer|
|m_axi_gmem0_0_ARCACHE      |  out|     4|       m_axi|            gmem0|       pointer|
|m_axi_gmem0_0_ARPROT       |  out|     3|       m_axi|            gmem0|       pointer|
|m_axi_gmem0_0_ARQOS        |  out|     4|       m_axi|            gmem0|       pointer|
|m_axi_gmem0_0_ARREGION     |  out|     4|       m_axi|            gmem0|       pointer|
|m_axi_gmem0_0_ARUSER       |  out|     1|       m_axi|            gmem0|       pointer|
|m_axi_gmem0_0_RVALID       |   in|     1|       m_axi|            gmem0|       pointer|
|m_axi_gmem0_0_RREADY       |  out|     1|       m_axi|            gmem0|       pointer|
|m_axi_gmem0_0_RDATA        |   in|   512|       m_axi|            gmem0|       pointer|
|m_axi_gmem0_0_RLAST        |   in|     1|       m_axi|            gmem0|       pointer|
|m_axi_gmem0_0_RID          |   in|     1|       m_axi|            gmem0|       pointer|
|m_axi_gmem0_0_RFIFONUM     |   in|     9|       m_axi|            gmem0|       pointer|
|m_axi_gmem0_0_RUSER        |   in|     1|       m_axi|            gmem0|       pointer|
|m_axi_gmem0_0_RRESP        |   in|     2|       m_axi|            gmem0|       pointer|
|m_axi_gmem0_0_BVALID       |   in|     1|       m_axi|            gmem0|       pointer|
|m_axi_gmem0_0_BREADY       |  out|     1|       m_axi|            gmem0|       pointer|
|m_axi_gmem0_0_BRESP        |   in|     2|       m_axi|            gmem0|       pointer|
|m_axi_gmem0_0_BID          |   in|     1|       m_axi|            gmem0|       pointer|
|m_axi_gmem0_0_BUSER        |   in|     1|       m_axi|            gmem0|       pointer|
|row_in                     |   in|    64|     ap_none|           row_in|        scalar|
|m_axi_gmem2_0_AWVALID      |  out|     1|       m_axi|            gmem2|       pointer|
|m_axi_gmem2_0_AWREADY      |   in|     1|       m_axi|            gmem2|       pointer|
|m_axi_gmem2_0_AWADDR       |  out|    64|       m_axi|            gmem2|       pointer|
|m_axi_gmem2_0_AWID         |  out|     1|       m_axi|            gmem2|       pointer|
|m_axi_gmem2_0_AWLEN        |  out|    32|       m_axi|            gmem2|       pointer|
|m_axi_gmem2_0_AWSIZE       |  out|     3|       m_axi|            gmem2|       pointer|
|m_axi_gmem2_0_AWBURST      |  out|     2|       m_axi|            gmem2|       pointer|
|m_axi_gmem2_0_AWLOCK       |  out|     2|       m_axi|            gmem2|       pointer|
|m_axi_gmem2_0_AWCACHE      |  out|     4|       m_axi|            gmem2|       pointer|
|m_axi_gmem2_0_AWPROT       |  out|     3|       m_axi|            gmem2|       pointer|
|m_axi_gmem2_0_AWQOS        |  out|     4|       m_axi|            gmem2|       pointer|
|m_axi_gmem2_0_AWREGION     |  out|     4|       m_axi|            gmem2|       pointer|
|m_axi_gmem2_0_AWUSER       |  out|     1|       m_axi|            gmem2|       pointer|
|m_axi_gmem2_0_WVALID       |  out|     1|       m_axi|            gmem2|       pointer|
|m_axi_gmem2_0_WREADY       |   in|     1|       m_axi|            gmem2|       pointer|
|m_axi_gmem2_0_WDATA        |  out|   512|       m_axi|            gmem2|       pointer|
|m_axi_gmem2_0_WSTRB        |  out|    64|       m_axi|            gmem2|       pointer|
|m_axi_gmem2_0_WLAST        |  out|     1|       m_axi|            gmem2|       pointer|
|m_axi_gmem2_0_WID          |  out|     1|       m_axi|            gmem2|       pointer|
|m_axi_gmem2_0_WUSER        |  out|     1|       m_axi|            gmem2|       pointer|
|m_axi_gmem2_0_ARVALID      |  out|     1|       m_axi|            gmem2|       pointer|
|m_axi_gmem2_0_ARREADY      |   in|     1|       m_axi|            gmem2|       pointer|
|m_axi_gmem2_0_ARADDR       |  out|    64|       m_axi|            gmem2|       pointer|
|m_axi_gmem2_0_ARID         |  out|     1|       m_axi|            gmem2|       pointer|
|m_axi_gmem2_0_ARLEN        |  out|    32|       m_axi|            gmem2|       pointer|
|m_axi_gmem2_0_ARSIZE       |  out|     3|       m_axi|            gmem2|       pointer|
|m_axi_gmem2_0_ARBURST      |  out|     2|       m_axi|            gmem2|       pointer|
|m_axi_gmem2_0_ARLOCK       |  out|     2|       m_axi|            gmem2|       pointer|
|m_axi_gmem2_0_ARCACHE      |  out|     4|       m_axi|            gmem2|       pointer|
|m_axi_gmem2_0_ARPROT       |  out|     3|       m_axi|            gmem2|       pointer|
|m_axi_gmem2_0_ARQOS        |  out|     4|       m_axi|            gmem2|       pointer|
|m_axi_gmem2_0_ARREGION     |  out|     4|       m_axi|            gmem2|       pointer|
|m_axi_gmem2_0_ARUSER       |  out|     1|       m_axi|            gmem2|       pointer|
|m_axi_gmem2_0_RVALID       |   in|     1|       m_axi|            gmem2|       pointer|
|m_axi_gmem2_0_RREADY       |  out|     1|       m_axi|            gmem2|       pointer|
|m_axi_gmem2_0_RDATA        |   in|   512|       m_axi|            gmem2|       pointer|
|m_axi_gmem2_0_RLAST        |   in|     1|       m_axi|            gmem2|       pointer|
|m_axi_gmem2_0_RID          |   in|     1|       m_axi|            gmem2|       pointer|
|m_axi_gmem2_0_RFIFONUM     |   in|     9|       m_axi|            gmem2|       pointer|
|m_axi_gmem2_0_RUSER        |   in|     1|       m_axi|            gmem2|       pointer|
|m_axi_gmem2_0_RRESP        |   in|     2|       m_axi|            gmem2|       pointer|
|m_axi_gmem2_0_BVALID       |   in|     1|       m_axi|            gmem2|       pointer|
|m_axi_gmem2_0_BREADY       |  out|     1|       m_axi|            gmem2|       pointer|
|m_axi_gmem2_0_BRESP        |   in|     2|       m_axi|            gmem2|       pointer|
|m_axi_gmem2_0_BID          |   in|     1|       m_axi|            gmem2|       pointer|
|m_axi_gmem2_0_BUSER        |   in|     1|       m_axi|            gmem2|       pointer|
|val_in                     |   in|    64|     ap_none|           val_in|        scalar|
|nnz_stream_din             |  out|  1032|     ap_fifo|       nnz_stream|       pointer|
|nnz_stream_full_n          |   in|     1|     ap_fifo|       nnz_stream|       pointer|
|nnz_stream_write           |  out|     1|     ap_fifo|       nnz_stream|       pointer|
|nnz_stream_num_data_valid  |   in|     9|     ap_fifo|       nnz_stream|       pointer|
|nnz_stream_fifo_cap        |   in|     9|     ap_fifo|       nnz_stream|       pointer|
|nnz_c_din                  |  out|    32|     ap_fifo|            nnz_c|       pointer|
|nnz_c_full_n               |   in|     1|     ap_fifo|            nnz_c|       pointer|
|nnz_c_write                |  out|     1|     ap_fifo|            nnz_c|       pointer|
|nnz_c_num_data_valid       |   in|     3|     ap_fifo|            nnz_c|       pointer|
|nnz_c_fifo_cap             |   in|     3|     ap_fifo|            nnz_c|       pointer|
+---------------------------+-----+------+------------+-----------------+--------------+

