

================================================================
== Vitis HLS Report for 'reduce_and_write_packed'
================================================================
* Date:           Thu Apr 23 17:42:13 2026

* Version:        2024.2 (Build 5238294 on Nov  8 2024)
* Project:        spmv_csc
* Solution:       hls (Vivado IP Flow Target)
* Product family: zynquplus
* Target device:  xczu7ev-ffvc1156-2-e


================================================================
== Performance Estimates
================================================================
+ Timing: 
    * Summary: 
    +--------+---------+----------+------------+
    |  Clock |  Target | Estimated| Uncertainty|
    +--------+---------+----------+------------+
    |ap_clk  |  5.00 ns|  4.000 ns|     1.00 ns|
    +--------+---------+----------+------------+

+ Latency: 
    * Summary: 
    +---------+------------+-----------+------------+-----+------------+---------+
    |   Latency (cycles)   |   Latency (absolute)   |     Interval     | Pipeline|
    |   min   |     max    |    min    |     max    | min |     max    |   Type  |
    +---------+------------+-----------+------------+-----+------------+---------+
    |       10|  2147483772|  50.000 ns|  10.737 sec|   10|  2147483772|       no|
    +---------+------------+-----------+------------+-----+------------+---------+

    + Detail: 
        * Instance: 
        +-------------------------------------------------------------------------------+--------------------------------------------------------------------+---------+------------+-----------+------------+-----+------------+------------------------------------------------+
        |                                                                               |                                                                    |   Latency (cycles)   |   Latency (absolute)   |     Interval     |                    Pipeline                    |
        |                                    Instance                                   |                               Module                               |   min   |     max    |    min    |     max    | min |     max    |                      Type                      |
        +-------------------------------------------------------------------------------+--------------------------------------------------------------------+---------+------------+-----------+------------+-----+------------+------------------------------------------------+
        |grp_reduce_and_write_packed_Pipeline_VITIS_LOOP_273_1_VITIS_LOOP_277_2_fu_121  |reduce_and_write_packed_Pipeline_VITIS_LOOP_273_1_VITIS_LOOP_277_2  |        2|  2147483764|  10.000 ns|  10.737 sec|    1|  2147483633|  loop auto-rewind stp (delay=0 clock cycles(s))|
        +-------------------------------------------------------------------------------+--------------------------------------------------------------------+---------+------------+-----------+------------+-----+------------+------------------------------------------------+

        * Loop: 
        N/A



================================================================
== Utilization Estimates
================================================================
* Summary: 
+-----------------+---------+------+--------+--------+-----+
|       Name      | BRAM_18K|  DSP |   FF   |   LUT  | URAM|
+-----------------+---------+------+--------+--------+-----+
|DSP              |        -|     -|       -|       -|    -|
|Expression       |        -|     -|       0|     253|    -|
|FIFO             |        -|     -|       -|       -|    -|
|Instance         |        -|    32|    7419|   10152|    -|
|Memory           |        -|     -|       -|       -|    -|
|Multiplexer      |        -|     -|       0|     218|    -|
|Register         |        -|     -|     110|       -|    -|
+-----------------+---------+------+--------+--------+-----+
|Total            |        0|    32|    7529|   10623|    0|
+-----------------+---------+------+--------+--------+-----+
|Available        |      624|  1728|  460800|  230400|   96|
+-----------------+---------+------+--------+--------+-----+
|Utilization (%)  |        0|     1|       1|       4|    0|
+-----------------+---------+------+--------+--------+-----+

+ Detail: 
    * Instance: 
    +-------------------------------------------------------------------------------+--------------------------------------------------------------------+---------+----+------+-------+-----+
    |                                    Instance                                   |                               Module                               | BRAM_18K| DSP|  FF  |  LUT  | URAM|
    +-------------------------------------------------------------------------------+--------------------------------------------------------------------+---------+----+------+-------+-----+
    |grp_reduce_and_write_packed_Pipeline_VITIS_LOOP_273_1_VITIS_LOOP_277_2_fu_121  |reduce_and_write_packed_Pipeline_VITIS_LOOP_273_1_VITIS_LOOP_277_2  |        0|  32|  7419|  10152|    0|
    +-------------------------------------------------------------------------------+--------------------------------------------------------------------+---------+----+------+-------+-----+
    |Total                                                                          |                                                                    |        0|  32|  7419|  10152|    0|
    +-------------------------------------------------------------------------------+--------------------------------------------------------------------+---------+----+------+-------+-----+

    * DSP: 
    N/A

    * Memory: 
    N/A

    * FIFO: 
    N/A

    * Expression: 
    +-----------------------+----------+----+---+----+------------+------------+
    |     Variable Name     | Operation| DSP| FF| LUT| Bitwidth P0| Bitwidth P1|
    +-----------------------+----------+----+---+----+------------+------------+
    |add_ln271_fu_162_p2    |         +|   0|  0|  39|          32|           4|
    |sub_ln271_1_fu_196_p2  |         -|   0|  0|  36|           1|          29|
    |sub_ln271_fu_176_p2    |         -|   0|  0|  39|           5|          32|
    |empty_81_fu_246_p2     |      icmp|   0|  0|  36|          29|           1|
    |icmp_ln273_fu_228_p2   |      icmp|   0|  0|  39|          32|           1|
    |empty_79_fu_238_p3     |    select|   0|  0|  28|           1|          28|
    |empty_82_fu_252_p3     |    select|   0|  0|   7|           1|           7|
    |words_fu_216_p3        |    select|   0|  0|  29|           1|          29|
    +-----------------------+----------+----+---+----+------------+------------+
    |Total                  |          |   0|  0| 253|         102|         131|
    +-----------------------+----------+----+---+----+------------+------------+

    * Multiplexer: 
    +------------------------+----+-----------+-----+-----------+
    |          Name          | LUT| Input Size| Bits| Total Bits|
    +------------------------+----+-----------+-----+-----------+
    |ap_NS_fsm               |  54|         10|    1|         10|
    |gmem4_blk_n_AW          |   9|          2|    1|          2|
    |gmem4_blk_n_B           |   9|          2|    1|          2|
    |m_axi_gmem4_0_AWADDR    |  14|          3|   64|        192|
    |m_axi_gmem4_0_AWBURST   |   9|          2|    2|          4|
    |m_axi_gmem4_0_AWCACHE   |   9|          2|    4|          8|
    |m_axi_gmem4_0_AWID      |   9|          2|    1|          2|
    |m_axi_gmem4_0_AWLEN     |  14|          3|   32|         96|
    |m_axi_gmem4_0_AWLOCK    |   9|          2|    2|          4|
    |m_axi_gmem4_0_AWPROT    |   9|          2|    3|          6|
    |m_axi_gmem4_0_AWQOS     |   9|          2|    4|          8|
    |m_axi_gmem4_0_AWREGION  |   9|          2|    4|          8|
    |m_axi_gmem4_0_AWSIZE    |   9|          2|    3|          6|
    |m_axi_gmem4_0_AWUSER    |   9|          2|    1|          2|
    |m_axi_gmem4_0_AWVALID   |  14|          3|    1|          3|
    |m_axi_gmem4_0_BREADY    |  14|          3|    1|          3|
    |m_axi_gmem4_0_WVALID    |   9|          2|    1|          2|
    +------------------------+----+-----------+-----+-----------+
    |Total                   | 218|         46|  126|        358|
    +------------------------+----+-----------+-----+-----------+

    * Register: 
    +--------------------------------------------------------------------------------------------+----+----+-----+-----------+
    |                                            Name                                            | FF | LUT| Bits| Const Bits|
    +--------------------------------------------------------------------------------------------+----+----+-----+-----------+
    |ap_CS_fsm                                                                                   |   9|   0|    9|          0|
    |empty_79_reg_298                                                                            |  28|   0|   28|          0|
    |empty_82_reg_303                                                                            |   7|   0|    7|          0|
    |grp_reduce_and_write_packed_Pipeline_VITIS_LOOP_273_1_VITIS_LOOP_277_2_fu_121_ap_start_reg  |   1|   0|    1|          0|
    |tmp_2_reg_318                                                                               |   7|   0|   11|          4|
    |trunc_ln1_reg_308                                                                           |  58|   0|   58|          0|
    +--------------------------------------------------------------------------------------------+----+----+-----+-----------+
    |Total                                                                                       | 110|   0|  114|          4|
    +--------------------------------------------------------------------------------------------+----+----+-----+-----------+



================================================================
== Interface
================================================================
* Summary: 
+------------------------+-----+-----+------------+-------------------------+--------------+
|        RTL Ports       | Dir | Bits|  Protocol  |      Source Object      |    C Type    |
+------------------------+-----+-----+------------+-------------------------+--------------+
|ap_clk                  |   in|    1|  ap_ctrl_hs|  reduce_and_write_packed|  return value|
|ap_rst                  |   in|    1|  ap_ctrl_hs|  reduce_and_write_packed|  return value|
|ap_start                |   in|    1|  ap_ctrl_hs|  reduce_and_write_packed|  return value|
|ap_done                 |  out|    1|  ap_ctrl_hs|  reduce_and_write_packed|  return value|
|ap_idle                 |  out|    1|  ap_ctrl_hs|  reduce_and_write_packed|  return value|
|ap_ready                |  out|    1|  ap_ctrl_hs|  reduce_and_write_packed|  return value|
|num_rows                |   in|   32|     ap_none|                 num_rows|        scalar|
|y_partial_0_address0    |  out|   10|   ap_memory|              y_partial_0|         array|
|y_partial_0_ce0         |  out|    1|   ap_memory|              y_partial_0|         array|
|y_partial_0_q0          |   in|   32|   ap_memory|              y_partial_0|         array|
|y_partial_1_address0    |  out|   10|   ap_memory|              y_partial_1|         array|
|y_partial_1_ce0         |  out|    1|   ap_memory|              y_partial_1|         array|
|y_partial_1_q0          |   in|   32|   ap_memory|              y_partial_1|         array|
|y_partial_2_address0    |  out|   10|   ap_memory|              y_partial_2|         array|
|y_partial_2_ce0         |  out|    1|   ap_memory|              y_partial_2|         array|
|y_partial_2_q0          |   in|   32|   ap_memory|              y_partial_2|         array|
|y_partial_3_address0    |  out|   10|   ap_memory|              y_partial_3|         array|
|y_partial_3_ce0         |  out|    1|   ap_memory|              y_partial_3|         array|
|y_partial_3_q0          |   in|   32|   ap_memory|              y_partial_3|         array|
|y_partial_4_address0    |  out|   10|   ap_memory|              y_partial_4|         array|
|y_partial_4_ce0         |  out|    1|   ap_memory|              y_partial_4|         array|
|y_partial_4_q0          |   in|   32|   ap_memory|              y_partial_4|         array|
|y_partial_5_address0    |  out|   10|   ap_memory|              y_partial_5|         array|
|y_partial_5_ce0         |  out|    1|   ap_memory|              y_partial_5|         array|
|y_partial_5_q0          |   in|   32|   ap_memory|              y_partial_5|         array|
|y_partial_6_address0    |  out|   10|   ap_memory|              y_partial_6|         array|
|y_partial_6_ce0         |  out|    1|   ap_memory|              y_partial_6|         array|
|y_partial_6_q0          |   in|   32|   ap_memory|              y_partial_6|         array|
|y_partial_7_address0    |  out|   10|   ap_memory|              y_partial_7|         array|
|y_partial_7_ce0         |  out|    1|   ap_memory|              y_partial_7|         array|
|y_partial_7_q0          |   in|   32|   ap_memory|              y_partial_7|         array|
|y_partial_8_address0    |  out|   10|   ap_memory|              y_partial_8|         array|
|y_partial_8_ce0         |  out|    1|   ap_memory|              y_partial_8|         array|
|y_partial_8_q0          |   in|   32|   ap_memory|              y_partial_8|         array|
|y_partial_9_address0    |  out|   10|   ap_memory|              y_partial_9|         array|
|y_partial_9_ce0         |  out|    1|   ap_memory|              y_partial_9|         array|
|y_partial_9_q0          |   in|   32|   ap_memory|              y_partial_9|         array|
|y_partial_10_address0   |  out|   10|   ap_memory|             y_partial_10|         array|
|y_partial_10_ce0        |  out|    1|   ap_memory|             y_partial_10|         array|
|y_partial_10_q0         |   in|   32|   ap_memory|             y_partial_10|         array|
|y_partial_11_address0   |  out|   10|   ap_memory|             y_partial_11|         array|
|y_partial_11_ce0        |  out|    1|   ap_memory|             y_partial_11|         array|
|y_partial_11_q0         |   in|   32|   ap_memory|             y_partial_11|         array|
|y_partial_12_address0   |  out|   10|   ap_memory|             y_partial_12|         array|
|y_partial_12_ce0        |  out|    1|   ap_memory|             y_partial_12|         array|
|y_partial_12_q0         |   in|   32|   ap_memory|             y_partial_12|         array|
|y_partial_13_address0   |  out|   10|   ap_memory|             y_partial_13|         array|
|y_partial_13_ce0        |  out|    1|   ap_memory|             y_partial_13|         array|
|y_partial_13_q0         |   in|   32|   ap_memory|             y_partial_13|         array|
|y_partial_14_address0   |  out|   10|   ap_memory|             y_partial_14|         array|
|y_partial_14_ce0        |  out|    1|   ap_memory|             y_partial_14|         array|
|y_partial_14_q0         |   in|   32|   ap_memory|             y_partial_14|         array|
|y_partial_15_address0   |  out|   10|   ap_memory|             y_partial_15|         array|
|y_partial_15_ce0        |  out|    1|   ap_memory|             y_partial_15|         array|
|y_partial_15_q0         |   in|   32|   ap_memory|             y_partial_15|         array|
|m_axi_gmem4_0_AWVALID   |  out|    1|       m_axi|                    gmem4|       pointer|
|m_axi_gmem4_0_AWREADY   |   in|    1|       m_axi|                    gmem4|       pointer|
|m_axi_gmem4_0_AWADDR    |  out|   64|       m_axi|                    gmem4|       pointer|
|m_axi_gmem4_0_AWID      |  out|    1|       m_axi|                    gmem4|       pointer|
|m_axi_gmem4_0_AWLEN     |  out|   32|       m_axi|                    gmem4|       pointer|
|m_axi_gmem4_0_AWSIZE    |  out|    3|       m_axi|                    gmem4|       pointer|
|m_axi_gmem4_0_AWBURST   |  out|    2|       m_axi|                    gmem4|       pointer|
|m_axi_gmem4_0_AWLOCK    |  out|    2|       m_axi|                    gmem4|       pointer|
|m_axi_gmem4_0_AWCACHE   |  out|    4|       m_axi|                    gmem4|       pointer|
|m_axi_gmem4_0_AWPROT    |  out|    3|       m_axi|                    gmem4|       pointer|
|m_axi_gmem4_0_AWQOS     |  out|    4|       m_axi|                    gmem4|       pointer|
|m_axi_gmem4_0_AWREGION  |  out|    4|       m_axi|                    gmem4|       pointer|
|m_axi_gmem4_0_AWUSER    |  out|    1|       m_axi|                    gmem4|       pointer|
|m_axi_gmem4_0_WVALID    |  out|    1|       m_axi|                    gmem4|       pointer|
|m_axi_gmem4_0_WREADY    |   in|    1|       m_axi|                    gmem4|       pointer|
|m_axi_gmem4_0_WDATA     |  out|  512|       m_axi|                    gmem4|       pointer|
|m_axi_gmem4_0_WSTRB     |  out|   64|       m_axi|                    gmem4|       pointer|
|m_axi_gmem4_0_WLAST     |  out|    1|       m_axi|                    gmem4|       pointer|
|m_axi_gmem4_0_WID       |  out|    1|       m_axi|                    gmem4|       pointer|
|m_axi_gmem4_0_WUSER     |  out|    1|       m_axi|                    gmem4|       pointer|
|m_axi_gmem4_0_ARVALID   |  out|    1|       m_axi|                    gmem4|       pointer|
|m_axi_gmem4_0_ARREADY   |   in|    1|       m_axi|                    gmem4|       pointer|
|m_axi_gmem4_0_ARADDR    |  out|   64|       m_axi|                    gmem4|       pointer|
|m_axi_gmem4_0_ARID      |  out|    1|       m_axi|                    gmem4|       pointer|
|m_axi_gmem4_0_ARLEN     |  out|   32|       m_axi|                    gmem4|       pointer|
|m_axi_gmem4_0_ARSIZE    |  out|    3|       m_axi|                    gmem4|       pointer|
|m_axi_gmem4_0_ARBURST   |  out|    2|       m_axi|                    gmem4|       pointer|
|m_axi_gmem4_0_ARLOCK    |  out|    2|       m_axi|                    gmem4|       pointer|
|m_axi_gmem4_0_ARCACHE   |  out|    4|       m_axi|                    gmem4|       pointer|
|m_axi_gmem4_0_ARPROT    |  out|    3|       m_axi|                    gmem4|       pointer|
|m_axi_gmem4_0_ARQOS     |  out|    4|       m_axi|                    gmem4|       pointer|
|m_axi_gmem4_0_ARREGION  |  out|    4|       m_axi|                    gmem4|       pointer|
|m_axi_gmem4_0_ARUSER    |  out|    1|       m_axi|                    gmem4|       pointer|
|m_axi_gmem4_0_RVALID    |   in|    1|       m_axi|                    gmem4|       pointer|
|m_axi_gmem4_0_RREADY    |  out|    1|       m_axi|                    gmem4|       pointer|
|m_axi_gmem4_0_RDATA     |   in|  512|       m_axi|                    gmem4|       pointer|
|m_axi_gmem4_0_RLAST     |   in|    1|       m_axi|                    gmem4|       pointer|
|m_axi_gmem4_0_RID       |   in|    1|       m_axi|                    gmem4|       pointer|
|m_axi_gmem4_0_RFIFONUM  |   in|    9|       m_axi|                    gmem4|       pointer|
|m_axi_gmem4_0_RUSER     |   in|    1|       m_axi|                    gmem4|       pointer|
|m_axi_gmem4_0_RRESP     |   in|    2|       m_axi|                    gmem4|       pointer|
|m_axi_gmem4_0_BVALID    |   in|    1|       m_axi|                    gmem4|       pointer|
|m_axi_gmem4_0_BREADY    |  out|    1|       m_axi|                    gmem4|       pointer|
|m_axi_gmem4_0_BRESP     |   in|    2|       m_axi|                    gmem4|       pointer|
|m_axi_gmem4_0_BID       |   in|    1|       m_axi|                    gmem4|       pointer|
|m_axi_gmem4_0_BUSER     |   in|    1|       m_axi|                    gmem4|       pointer|
|y_out                   |   in|   64|     ap_none|                    y_out|        scalar|
+------------------------+-----+-----+------------+-------------------------+--------------+

