

================================================================
== Vitis HLS Report for 'spmv_csc_dataflow'
================================================================
* Date:           Thu Apr 23 17:42:12 2026

* Version:        2024.2 (Build 5238294 on Nov  8 2024)
* Project:        spmv_csc
* Solution:       hls (Vivado IP Flow Target)
* Product family: zynquplus
* Target device:  xczu7ev-ffvc1156-2-e


================================================================
== Performance Estimates
================================================================
+ Timing: 
    * Summary: 
    +--------+---------+----------+------------+
    |  Clock |  Target | Estimated| Uncertainty|
    +--------+---------+----------+------------+
    |ap_clk  |  5.00 ns|  7.520 ns|     1.00 ns|
    +--------+---------+----------+------------+

+ Latency: 
    * Summary: 
    +---------+---------+----------+----------+-----+-----+----------+
    |  Latency (cycles) |  Latency (absolute) |  Interval | Pipeline |
    |   min   |   max   |    min   |    max   | min | max |   Type   |
    +---------+---------+----------+----------+-----+-----+----------+
    |        ?|        ?|         ?|         ?|    ?|    ?|  dataflow|
    +---------+---------+----------+----------+-----+-----+----------+

    + Detail: 
        * Instance: 
        +---------------------+------------------+---------+-----------+-----------+-----------+-----+-----------+---------+
        |                     |                  |   Latency (cycles)  |   Latency (absolute)  |     Interval    | Pipeline|
        |       Instance      |      Module      |   min   |    max    |    min    |    max    | min |    max    |   Type  |
        +---------------------+------------------+---------+-----------+-----------+-----------+-----+-----------+---------+
        |read_col_info_U0     |read_col_info     |        ?|          ?|          ?|          ?|    ?|          ?|       no|
        |read_nnz_packed_U0   |read_nnz_packed   |       13|  134217740|  65.000 ns|  0.671 sec|   13|  134217740|       no|
        |distribute_to_pe_U0  |distribute_to_pe  |        ?|          ?|          ?|          ?|    ?|          ?|       no|
        |entry_proc_U0        |entry_proc        |        0|          0|       0 ns|       0 ns|    0|          0|       no|
        |compute_pe_U0        |compute_pe        |        ?|          ?|          ?|          ?|    ?|          ?|       no|
        |compute_pe_1_U0      |compute_pe_1      |        ?|          ?|          ?|          ?|    ?|          ?|       no|
        |compute_pe_2_U0      |compute_pe_2      |        ?|          ?|          ?|          ?|    ?|          ?|       no|
        |compute_pe_3_U0      |compute_pe_3      |        ?|          ?|          ?|          ?|    ?|          ?|       no|
        |compute_pe_4_U0      |compute_pe_4      |        ?|          ?|          ?|          ?|    ?|          ?|       no|
        |compute_pe_5_U0      |compute_pe_5      |        ?|          ?|          ?|          ?|    ?|          ?|       no|
        |compute_pe_6_U0      |compute_pe_6      |        ?|          ?|          ?|          ?|    ?|          ?|       no|
        |compute_pe_7_U0      |compute_pe_7      |        ?|          ?|          ?|          ?|    ?|          ?|       no|
        |compute_pe_8_U0      |compute_pe_8      |        ?|          ?|          ?|          ?|    ?|          ?|       no|
        |compute_pe_9_U0      |compute_pe_9      |        ?|          ?|          ?|          ?|    ?|          ?|       no|
        |compute_pe_10_U0     |compute_pe_10     |        ?|          ?|          ?|          ?|    ?|          ?|       no|
        |compute_pe_11_U0     |compute_pe_11     |        ?|          ?|          ?|          ?|    ?|          ?|       no|
        |compute_pe_12_U0     |compute_pe_12     |        ?|          ?|          ?|          ?|    ?|          ?|       no|
        |compute_pe_13_U0     |compute_pe_13     |        ?|          ?|          ?|          ?|    ?|          ?|       no|
        |compute_pe_14_U0     |compute_pe_14     |        ?|          ?|          ?|          ?|    ?|          ?|       no|
        |compute_pe_15_U0     |compute_pe_15     |        ?|          ?|          ?|          ?|    ?|          ?|       no|
        +---------------------+------------------+---------+-----------+-----------+-----------+-----+-----------+---------+

        * Loop: 
        N/A



================================================================
== Utilization Estimates
================================================================
* Summary: 
+-----------------+---------+------+--------+--------+-----+
|       Name      | BRAM_18K|  DSP |   FF   |   LUT  | URAM|
+-----------------+---------+------+--------+--------+-----+
|DSP              |        -|     -|       -|       -|    -|
|Expression       |        -|     -|       0|      84|    -|
|FIFO             |      158|     -|    4541|    2157|    -|
|Instance         |        -|    48|   13691|   24173|    -|
|Memory           |        -|     -|       -|       -|    -|
|Multiplexer      |        -|     -|       0|     171|    -|
|Register         |        -|     -|      19|       -|    -|
+-----------------+---------+------+--------+--------+-----+
|Total            |      158|    48|   18251|   26585|    0|
+-----------------+---------+------+--------+--------+-----+
|Available        |      624|  1728|  460800|  230400|   96|
+-----------------+---------+------+--------+--------+-----+
|Utilization (%)  |       25|     2|       3|      11|    0|
+-----------------+---------+------+--------+--------+-----+

+ Detail: 
    * Instance: 
    +---------------------+------------------+---------+----+------+------+-----+
    |       Instance      |      Module      | BRAM_18K| DSP|  FF  |  LUT | URAM|
    +---------------------+------------------+---------+----+------+------+-----+
    |compute_pe_U0        |compute_pe        |        0|   3|   558|   875|    0|
    |compute_pe_1_U0      |compute_pe_1      |        0|   3|   558|   875|    0|
    |compute_pe_10_U0     |compute_pe_10     |        0|   3|   558|   875|    0|
    |compute_pe_11_U0     |compute_pe_11     |        0|   3|   558|   875|    0|
    |compute_pe_12_U0     |compute_pe_12     |        0|   3|   558|   875|    0|
    |compute_pe_13_U0     |compute_pe_13     |        0|   3|   558|   875|    0|
    |compute_pe_14_U0     |compute_pe_14     |        0|   3|   558|   875|    0|
    |compute_pe_15_U0     |compute_pe_15     |        0|   3|   558|   875|    0|
    |compute_pe_2_U0      |compute_pe_2      |        0|   3|   558|   875|    0|
    |compute_pe_3_U0      |compute_pe_3      |        0|   3|   558|   875|    0|
    |compute_pe_4_U0      |compute_pe_4      |        0|   3|   558|   875|    0|
    |compute_pe_5_U0      |compute_pe_5      |        0|   3|   558|   875|    0|
    |compute_pe_6_U0      |compute_pe_6      |        0|   3|   558|   875|    0|
    |compute_pe_7_U0      |compute_pe_7      |        0|   3|   558|   875|    0|
    |compute_pe_8_U0      |compute_pe_8      |        0|   3|   558|   875|    0|
    |compute_pe_9_U0      |compute_pe_9      |        0|   3|   558|   875|    0|
    |distribute_to_pe_U0  |distribute_to_pe  |        0|   0|  2856|  6309|    0|
    |entry_proc_U0        |entry_proc        |        0|   0|     2|   155|    0|
    |read_col_info_U0     |read_col_info     |        0|   0|   572|  1151|    0|
    |read_nnz_packed_U0   |read_nnz_packed   |        0|   0|  1333|  2558|    0|
    +---------------------+------------------+---------+----+------+------+-----+
    |Total                |                  |        0|  48| 13691| 24173|    0|
    +---------------------+------------------+---------+----+------+------+-----+

    * DSP: 
    N/A

    * Memory: 
    N/A

    * FIFO: 
    +-------------------+---------+-----+----+-----+------+------+---------+
    |        Name       | BRAM_18K|  FF | LUT| URAM| Depth| Bits | Size:D*B|
    +-------------------+---------+-----+----+-----+------+------+---------+
    |col_info_stream_U  |        4|  155|   0|    -|    64|    64|     4096|
    |nnz_c_U            |        0|   99|   0|    -|     2|    32|       64|
    |nnz_stream_U       |       58|  159|   0|    -|   256|  1032|   264192|
    |num_rows_c10_U     |        0|   99|   0|    -|     4|    32|      128|
    |num_rows_c11_U     |        0|   99|   0|    -|     4|    32|      128|
    |num_rows_c12_U     |        0|   99|   0|    -|     4|    32|      128|
    |num_rows_c13_U     |        0|   99|   0|    -|     4|    32|      128|
    |num_rows_c14_U     |        0|   99|   0|    -|     4|    32|      128|
    |num_rows_c15_U     |        0|   99|   0|    -|     4|    32|      128|
    |num_rows_c16_U     |        0|   99|   0|    -|     4|    32|      128|
    |num_rows_c2_U      |        0|   99|   0|    -|     4|    32|      128|
    |num_rows_c3_U      |        0|   99|   0|    -|     4|    32|      128|
    |num_rows_c4_U      |        0|   99|   0|    -|     4|    32|      128|
    |num_rows_c5_U      |        0|   99|   0|    -|     4|    32|      128|
    |num_rows_c6_U      |        0|   99|   0|    -|     4|    32|      128|
    |num_rows_c7_U      |        0|   99|   0|    -|     4|    32|      128|
    |num_rows_c8_U      |        0|   99|   0|    -|     4|    32|      128|
    |num_rows_c9_U      |        0|   99|   0|    -|     4|    32|      128|
    |num_rows_c_U       |        0|   99|   0|    -|     4|    32|      128|
    |pe_streams_0_U     |        6|  159|   0|    -|   256|    97|    24832|
    |pe_streams_10_U    |        6|  159|   0|    -|   256|    97|    24832|
    |pe_streams_11_U    |        6|  159|   0|    -|   256|    97|    24832|
    |pe_streams_12_U    |        6|  159|   0|    -|   256|    97|    24832|
    |pe_streams_13_U    |        6|  159|   0|    -|   256|    97|    24832|
    |pe_streams_14_U    |        6|  159|   0|    -|   256|    97|    24832|
    |pe_streams_15_U    |        6|  159|   0|    -|   256|    97|    24832|
    |pe_streams_1_U     |        6|  159|   0|    -|   256|    97|    24832|
    |pe_streams_2_U     |        6|  159|   0|    -|   256|    97|    24832|
    |pe_streams_3_U     |        6|  159|   0|    -|   256|    97|    24832|
    |pe_streams_4_U     |        6|  159|   0|    -|   256|    97|    24832|
    |pe_streams_5_U     |        6|  159|   0|    -|   256|    97|    24832|
    |pe_streams_6_U     |        6|  159|   0|    -|   256|    97|    24832|
    |pe_streams_7_U     |        6|  159|   0|    -|   256|    97|    24832|
    |pe_streams_8_U     |        6|  159|   0|    -|   256|    97|    24832|
    |pe_streams_9_U     |        6|  159|   0|    -|   256|    97|    24832|
    +-------------------+---------+-----+----+-----+------+------+---------+
    |Total              |      158| 4541|   0|    0|  4482|  3192|   667712|
    +-------------------+---------+-----+----+-----+------+------+---------+

    * Expression: 
    +-------------------------------------+----------+----+---+----+------------+------------+
    |            Variable Name            | Operation| DSP| FF| LUT| Bitwidth P0| Bitwidth P1|
    +-------------------------------------+----------+----+---+----+------------+------------+
    |ap_idle                              |       and|   0|  0|   2|           1|           1|
    |ap_sync_continue                     |       and|   0|  0|   2|           1|           1|
    |ap_sync_done                         |       and|   0|  0|   2|           1|           1|
    |ap_sync_ready                        |       and|   0|  0|   2|           1|           1|
    |compute_pe_10_U0_ap_start            |       and|   0|  0|   2|           1|           1|
    |compute_pe_11_U0_ap_start            |       and|   0|  0|   2|           1|           1|
    |compute_pe_12_U0_ap_start            |       and|   0|  0|   2|           1|           1|
    |compute_pe_13_U0_ap_start            |       and|   0|  0|   2|           1|           1|
    |compute_pe_14_U0_ap_start            |       and|   0|  0|   2|           1|           1|
    |compute_pe_15_U0_ap_start            |       and|   0|  0|   2|           1|           1|
    |compute_pe_1_U0_ap_start             |       and|   0|  0|   2|           1|           1|
    |compute_pe_2_U0_ap_start             |       and|   0|  0|   2|           1|           1|
    |compute_pe_3_U0_ap_start             |       and|   0|  0|   2|           1|           1|
    |compute_pe_4_U0_ap_start             |       and|   0|  0|   2|           1|           1|
    |compute_pe_5_U0_ap_start             |       and|   0|  0|   2|           1|           1|
    |compute_pe_6_U0_ap_start             |       and|   0|  0|   2|           1|           1|
    |compute_pe_7_U0_ap_start             |       and|   0|  0|   2|           1|           1|
    |compute_pe_8_U0_ap_start             |       and|   0|  0|   2|           1|           1|
    |compute_pe_9_U0_ap_start             |       and|   0|  0|   2|           1|           1|
    |compute_pe_U0_ap_start               |       and|   0|  0|   2|           1|           1|
    |entry_proc_U0_ap_start               |       and|   0|  0|   2|           1|           1|
    |read_col_info_U0_ap_start            |       and|   0|  0|   2|           1|           1|
    |read_nnz_packed_U0_ap_start          |       and|   0|  0|   2|           1|           1|
    |ap_sync_compute_pe_10_U0_ap_ready    |        or|   0|  0|   2|           1|           1|
    |ap_sync_compute_pe_11_U0_ap_ready    |        or|   0|  0|   2|           1|           1|
    |ap_sync_compute_pe_12_U0_ap_ready    |        or|   0|  0|   2|           1|           1|
    |ap_sync_compute_pe_13_U0_ap_ready    |        or|   0|  0|   2|           1|           1|
    |ap_sync_compute_pe_14_U0_ap_ready    |        or|   0|  0|   2|           1|           1|
    |ap_sync_compute_pe_15_U0_ap_ready    |        or|   0|  0|   2|           1|           1|
    |ap_sync_compute_pe_1_U0_ap_ready     |        or|   0|  0|   2|           1|           1|
    |ap_sync_compute_pe_2_U0_ap_ready     |        or|   0|  0|   2|           1|           1|
    |ap_sync_compute_pe_3_U0_ap_ready     |        or|   0|  0|   2|           1|           1|
    |ap_sync_compute_pe_4_U0_ap_ready     |        or|   0|  0|   2|           1|           1|
    |ap_sync_compute_pe_5_U0_ap_ready     |        or|   0|  0|   2|           1|           1|
    |ap_sync_compute_pe_6_U0_ap_ready     |        or|   0|  0|   2|           1|           1|
    |ap_sync_compute_pe_7_U0_ap_ready     |        or|   0|  0|   2|           1|           1|
    |ap_sync_compute_pe_8_U0_ap_ready     |        or|   0|  0|   2|           1|           1|
    |ap_sync_compute_pe_9_U0_ap_ready     |        or|   0|  0|   2|           1|           1|
    |ap_sync_compute_pe_U0_ap_ready       |        or|   0|  0|   2|           1|           1|
    |ap_sync_entry_proc_U0_ap_ready       |        or|   0|  0|   2|           1|           1|
    |ap_sync_read_col_info_U0_ap_ready    |        or|   0|  0|   2|           1|           1|
    |ap_sync_read_nnz_packed_U0_ap_ready  |        or|   0|  0|   2|           1|           1|
    +-------------------------------------+----------+----+---+----+------------+------------+
    |Total                                |          |   0|  0|  84|          42|          42|
    +-------------------------------------+----------+----+---+----+------------+------------+

    * Multiplexer: 
    +-----------------------------------------+----+-----------+-----+-----------+
    |                   Name                  | LUT| Input Size| Bits| Total Bits|
    +-----------------------------------------+----+-----------+-----+-----------+
    |ap_sync_reg_compute_pe_10_U0_ap_ready    |   9|          2|    1|          2|
    |ap_sync_reg_compute_pe_11_U0_ap_ready    |   9|          2|    1|          2|
    |ap_sync_reg_compute_pe_12_U0_ap_ready    |   9|          2|    1|          2|
    |ap_sync_reg_compute_pe_13_U0_ap_ready    |   9|          2|    1|          2|
    |ap_sync_reg_compute_pe_14_U0_ap_ready    |   9|          2|    1|          2|
    |ap_sync_reg_compute_pe_15_U0_ap_ready    |   9|          2|    1|          2|
    |ap_sync_reg_compute_pe_1_U0_ap_ready     |   9|          2|    1|          2|
    |ap_sync_reg_compute_pe_2_U0_ap_ready     |   9|          2|    1|          2|
    |ap_sync_reg_compute_pe_3_U0_ap_ready     |   9|          2|    1|          2|
    |ap_sync_reg_compute_pe_4_U0_ap_ready     |   9|          2|    1|          2|
    |ap_sync_reg_compute_pe_5_U0_ap_ready     |   9|          2|    1|          2|
    |ap_sync_reg_compute_pe_6_U0_ap_ready     |   9|          2|    1|          2|
    |ap_sync_reg_compute_pe_7_U0_ap_ready     |   9|          2|    1|          2|
    |ap_sync_reg_compute_pe_8_U0_ap_ready     |   9|          2|    1|          2|
    |ap_sync_reg_compute_pe_9_U0_ap_ready     |   9|          2|    1|          2|
    |ap_sync_reg_compute_pe_U0_ap_ready       |   9|          2|    1|          2|
    |ap_sync_reg_entry_proc_U0_ap_ready       |   9|          2|    1|          2|
    |ap_sync_reg_read_col_info_U0_ap_ready    |   9|          2|    1|          2|
    |ap_sync_reg_read_nnz_packed_U0_ap_ready  |   9|          2|    1|          2|
    +-----------------------------------------+----+-----------+-----+-----------+
    |Total                                    | 171|         38|   19|         38|
    +-----------------------------------------+----+-----------+-----+-----------+

    * Register: 
    +-----------------------------------------+---+----+-----+-----------+
    |                   Name                  | FF| LUT| Bits| Const Bits|
    +-----------------------------------------+---+----+-----+-----------+
    |ap_sync_reg_compute_pe_10_U0_ap_ready    |  1|   0|    1|          0|
    |ap_sync_reg_compute_pe_11_U0_ap_ready    |  1|   0|    1|          0|
    |ap_sync_reg_compute_pe_12_U0_ap_ready    |  1|   0|    1|          0|
    |ap_sync_reg_compute_pe_13_U0_ap_ready    |  1|   0|    1|          0|
    |ap_sync_reg_compute_pe_14_U0_ap_ready    |  1|   0|    1|          0|
    |ap_sync_reg_compute_pe_15_U0_ap_ready    |  1|   0|    1|          0|
    |ap_sync_reg_compute_pe_1_U0_ap_ready     |  1|   0|    1|          0|
    |ap_sync_reg_compute_pe_2_U0_ap_ready     |  1|   0|    1|          0|
    |ap_sync_reg_compute_pe_3_U0_ap_ready     |  1|   0|    1|          0|
    |ap_sync_reg_compute_pe_4_U0_ap_ready     |  1|   0|    1|          0|
    |ap_sync_reg_compute_pe_5_U0_ap_ready     |  1|   0|    1|          0|
    |ap_sync_reg_compute_pe_6_U0_ap_ready     |  1|   0|    1|          0|
    |ap_sync_reg_compute_pe_7_U0_ap_ready     |  1|   0|    1|          0|
    |ap_sync_reg_compute_pe_8_U0_ap_ready     |  1|   0|    1|          0|
    |ap_sync_reg_compute_pe_9_U0_ap_ready     |  1|   0|    1|          0|
    |ap_sync_reg_compute_pe_U0_ap_ready       |  1|   0|    1|          0|
    |ap_sync_reg_entry_proc_U0_ap_ready       |  1|   0|    1|          0|
    |ap_sync_reg_read_col_info_U0_ap_ready    |  1|   0|    1|          0|
    |ap_sync_reg_read_nnz_packed_U0_ap_ready  |  1|   0|    1|          0|
    +-----------------------------------------+---+----+-----+-----------+
    |Total                                    | 19|   0|   19|          0|
    +-----------------------------------------+---+----+-----+-----------+



================================================================
== Interface
================================================================
* Summary: 
+------------------------+-----+-----+------------+-------------------+--------------+
|        RTL Ports       | Dir | Bits|  Protocol  |   Source Object   |    C Type    |
+------------------------+-----+-----+------------+-------------------+--------------+
|num_rows                |   in|   32|     ap_none|           num_rows|        scalar|
|num_rows_ap_vld         |   in|    1|     ap_none|           num_rows|        scalar|
|num_cols                |   in|   32|     ap_none|           num_cols|        scalar|
|num_cols_ap_vld         |   in|    1|     ap_none|           num_cols|        scalar|
|nnz                     |   in|   32|     ap_none|                nnz|        scalar|
|nnz_ap_vld              |   in|    1|     ap_none|                nnz|        scalar|
|m_axi_gmem0_0_AWVALID   |  out|    1|       m_axi|              gmem0|       pointer|
|m_axi_gmem0_0_AWREADY   |   in|    1|       m_axi|              gmem0|       pointer|
|m_axi_gmem0_0_AWADDR    |  out|   64|       m_axi|              gmem0|       pointer|
|m_axi_gmem0_0_AWID      |  out|    1|       m_axi|              gmem0|       pointer|
|m_axi_gmem0_0_AWLEN     |  out|   32|       m_axi|              gmem0|       pointer|
|m_axi_gmem0_0_AWSIZE    |  out|    3|       m_axi|              gmem0|       pointer|
|m_axi_gmem0_0_AWBURST   |  out|    2|       m_axi|              gmem0|       pointer|
|m_axi_gmem0_0_AWLOCK    |  out|    2|       m_axi|              gmem0|       pointer|
|m_axi_gmem0_0_AWCACHE   |  out|    4|       m_axi|              gmem0|       pointer|
|m_axi_gmem0_0_AWPROT    |  out|    3|       m_axi|              gmem0|       pointer|
|m_axi_gmem0_0_AWQOS     |  out|    4|       m_axi|              gmem0|       pointer|
|m_axi_gmem0_0_AWREGION  |  out|    4|       m_axi|              gmem0|       pointer|
|m_axi_gmem0_0_AWUSER    |  out|    1|       m_axi|              gmem0|       pointer|
|m_axi_gmem0_0_WVALID    |  out|    1|       m_axi|              gmem0|       pointer|
|m_axi_gmem0_0_WREADY    |   in|    1|       m_axi|              gmem0|       pointer|
|m_axi_gmem0_0_WDATA     |  out|  512|       m_axi|              gmem0|       pointer|
|m_axi_gmem0_0_WSTRB     |  out|   64|       m_axi|              gmem0|       pointer|
|m_axi_gmem0_0_WLAST     |  out|    1|       m_axi|              gmem0|       pointer|
|m_axi_gmem0_0_WID       |  out|    1|       m_axi|              gmem0|       pointer|
|m_axi_gmem0_0_WUSER     |  out|    1|       m_axi|              gmem0|       pointer|
|m_axi_gmem0_0_ARVALID   |  out|    1|       m_axi|              gmem0|       pointer|
|m_axi_gmem0_0_ARREADY   |   in|    1|       m_axi|              gmem0|       pointer|
|m_axi_gmem0_0_ARADDR    |  out|   64|       m_axi|              gmem0|       pointer|
|m_axi_gmem0_0_ARID      |  out|    1|       m_axi|              gmem0|       pointer|
|m_axi_gmem0_0_ARLEN     |  out|   32|       m_axi|              gmem0|       pointer|
|m_axi_gmem0_0_ARSIZE    |  out|    3|       m_axi|              gmem0|       pointer|
|m_axi_gmem0_0_ARBURST   |  out|    2|       m_axi|              gmem0|       pointer|
|m_axi_gmem0_0_ARLOCK    |  out|    2|       m_axi|              gmem0|       pointer|
|m_axi_gmem0_0_ARCACHE   |  out|    4|       m_axi|              gmem0|       pointer|
|m_axi_gmem0_0_ARPROT    |  out|    3|       m_axi|              gmem0|       pointer|
|m_axi_gmem0_0_ARQOS     |  out|    4|       m_axi|              gmem0|       pointer|
|m_axi_gmem0_0_ARREGION  |  out|    4|       m_axi|              gmem0|       pointer|
|m_axi_gmem0_0_ARUSER    |  out|    1|       m_axi|              gmem0|       pointer|
|m_axi_gmem0_0_RVALID    |   in|    1|       m_axi|              gmem0|       pointer|
|m_axi_gmem0_0_RREADY    |  out|    1|       m_axi|              gmem0|       pointer|
|m_axi_gmem0_0_RDATA     |   in|  512|       m_axi|              gmem0|       pointer|
|m_axi_gmem0_0_RLAST     |   in|    1|       m_axi|              gmem0|       pointer|
|m_axi_gmem0_0_RID       |   in|    1|       m_axi|              gmem0|       pointer|
|m_axi_gmem0_0_RFIFONUM  |   in|    9|       m_axi|              gmem0|       pointer|
|m_axi_gmem0_0_RUSER     |   in|    1|       m_axi|              gmem0|       pointer|
|m_axi_gmem0_0_RRESP     |   in|    2|       m_axi|              gmem0|       pointer|
|m_axi_gmem0_0_BVALID    |   in|    1|       m_axi|              gmem0|       pointer|
|m_axi_gmem0_0_BREADY    |  out|    1|       m_axi|              gmem0|       pointer|
|m_axi_gmem0_0_BRESP     |   in|    2|       m_axi|              gmem0|       pointer|
|m_axi_gmem0_0_BID       |   in|    1|       m_axi|              gmem0|       pointer|
|m_axi_gmem0_0_BUSER     |   in|    1|       m_axi|              gmem0|       pointer|
|A_row_idx               |   in|   64|     ap_none|          A_row_idx|        scalar|
|A_row_idx_ap_vld        |   in|    1|     ap_none|          A_row_idx|        scalar|
|m_axi_gmem1_0_AWVALID   |  out|    1|       m_axi|              gmem1|       pointer|
|m_axi_gmem1_0_AWREADY   |   in|    1|       m_axi|              gmem1|       pointer|
|m_axi_gmem1_0_AWADDR    |  out|   64|       m_axi|              gmem1|       pointer|
|m_axi_gmem1_0_AWID      |  out|    1|       m_axi|              gmem1|       pointer|
|m_axi_gmem1_0_AWLEN     |  out|   32|       m_axi|              gmem1|       pointer|
|m_axi_gmem1_0_AWSIZE    |  out|    3|       m_axi|              gmem1|       pointer|
|m_axi_gmem1_0_AWBURST   |  out|    2|       m_axi|              gmem1|       pointer|
|m_axi_gmem1_0_AWLOCK    |  out|    2|       m_axi|              gmem1|       pointer|
|m_axi_gmem1_0_AWCACHE   |  out|    4|       m_axi|              gmem1|       pointer|
|m_axi_gmem1_0_AWPROT    |  out|    3|       m_axi|              gmem1|       pointer|
|m_axi_gmem1_0_AWQOS     |  out|    4|       m_axi|              gmem1|       pointer|
|m_axi_gmem1_0_AWREGION  |  out|    4|       m_axi|              gmem1|       pointer|
|m_axi_gmem1_0_AWUSER    |  out|    1|       m_axi|              gmem1|       pointer|
|m_axi_gmem1_0_WVALID    |  out|    1|       m_axi|              gmem1|       pointer|
|m_axi_gmem1_0_WREADY    |   in|    1|       m_axi|              gmem1|       pointer|
|m_axi_gmem1_0_WDATA     |  out|   32|       m_axi|              gmem1|       pointer|
|m_axi_gmem1_0_WSTRB     |  out|    4|       m_axi|              gmem1|       pointer|
|m_axi_gmem1_0_WLAST     |  out|    1|       m_axi|              gmem1|       pointer|
|m_axi_gmem1_0_WID       |  out|    1|       m_axi|              gmem1|       pointer|
|m_axi_gmem1_0_WUSER     |  out|    1|       m_axi|              gmem1|       pointer|
|m_axi_gmem1_0_ARVALID   |  out|    1|       m_axi|              gmem1|       pointer|
|m_axi_gmem1_0_ARREADY   |   in|    1|       m_axi|              gmem1|       pointer|
|m_axi_gmem1_0_ARADDR    |  out|   64|       m_axi|              gmem1|       pointer|
|m_axi_gmem1_0_ARID      |  out|    1|       m_axi|              gmem1|       pointer|
|m_axi_gmem1_0_ARLEN     |  out|   32|       m_axi|              gmem1|       pointer|
|m_axi_gmem1_0_ARSIZE    |  out|    3|       m_axi|              gmem1|       pointer|
|m_axi_gmem1_0_ARBURST   |  out|    2|       m_axi|              gmem1|       pointer|
|m_axi_gmem1_0_ARLOCK    |  out|    2|       m_axi|              gmem1|       pointer|
|m_axi_gmem1_0_ARCACHE   |  out|    4|       m_axi|              gmem1|       pointer|
|m_axi_gmem1_0_ARPROT    |  out|    3|       m_axi|              gmem1|       pointer|
|m_axi_gmem1_0_ARQOS     |  out|    4|       m_axi|              gmem1|       pointer|
|m_axi_gmem1_0_ARREGION  |  out|    4|       m_axi|              gmem1|       pointer|
|m_axi_gmem1_0_ARUSER    |  out|    1|       m_axi|              gmem1|       pointer|
|m_axi_gmem1_0_RVALID    |   in|    1|       m_axi|              gmem1|       pointer|
|m_axi_gmem1_0_RREADY    |  out|    1|       m_axi|              gmem1|       pointer|
|m_axi_gmem1_0_RDATA     |   in|   32|       m_axi|              gmem1|       pointer|
|m_axi_gmem1_0_RLAST     |   in|    1|       m_axi|              gmem1|       pointer|
|m_axi_gmem1_0_RID       |   in|    1|       m_axi|              gmem1|       pointer|
|m_axi_gmem1_0_RFIFONUM  |   in|    9|       m_axi|              gmem1|       pointer|
|m_axi_gmem1_0_RUSER     |   in|    1|       m_axi|              gmem1|       pointer|
|m_axi_gmem1_0_RRESP     |   in|    2|       m_axi|              gmem1|       pointer|
|m_axi_gmem1_0_BVALID    |   in|    1|       m_axi|              gmem1|       pointer|
|m_axi_gmem1_0_BREADY    |  out|    1|       m_axi|              gmem1|       pointer|
|m_axi_gmem1_0_BRESP     |   in|    2|       m_axi|              gmem1|       pointer|
|m_axi_gmem1_0_BID       |   in|    1|       m_axi|              gmem1|       pointer|
|m_axi_gmem1_0_BUSER     |   in|    1|       m_axi|              gmem1|       pointer|
|A_col_ptr               |   in|   64|     ap_none|          A_col_ptr|        scalar|
|A_col_ptr_ap_vld        |   in|    1|     ap_none|          A_col_ptr|        scalar|
|m_axi_gmem2_0_AWVALID   |  out|    1|       m_axi|              gmem2|       pointer|
|m_axi_gmem2_0_AWREADY   |   in|    1|       m_axi|              gmem2|       pointer|
|m_axi_gmem2_0_AWADDR    |  out|   64|       m_axi|              gmem2|       pointer|
|m_axi_gmem2_0_AWID      |  out|    1|       m_axi|              gmem2|       pointer|
|m_axi_gmem2_0_AWLEN     |  out|   32|       m_axi|              gmem2|       pointer|
|m_axi_gmem2_0_AWSIZE    |  out|    3|       m_axi|              gmem2|       pointer|
|m_axi_gmem2_0_AWBURST   |  out|    2|       m_axi|              gmem2|       pointer|
|m_axi_gmem2_0_AWLOCK    |  out|    2|       m_axi|              gmem2|       pointer|
|m_axi_gmem2_0_AWCACHE   |  out|    4|       m_axi|              gmem2|       pointer|
|m_axi_gmem2_0_AWPROT    |  out|    3|       m_axi|              gmem2|       pointer|
|m_axi_gmem2_0_AWQOS     |  out|    4|       m_axi|              gmem2|       pointer|
|m_axi_gmem2_0_AWREGION  |  out|    4|       m_axi|              gmem2|       pointer|
|m_axi_gmem2_0_AWUSER    |  out|    1|       m_axi|              gmem2|       pointer|
|m_axi_gmem2_0_WVALID    |  out|    1|       m_axi|              gmem2|       pointer|
|m_axi_gmem2_0_WREADY    |   in|    1|       m_axi|              gmem2|       pointer|
|m_axi_gmem2_0_WDATA     |  out|  512|       m_axi|              gmem2|       pointer|
|m_axi_gmem2_0_WSTRB     |  out|   64|       m_axi|              gmem2|       pointer|
|m_axi_gmem2_0_WLAST     |  out|    1|       m_axi|              gmem2|       pointer|
|m_axi_gmem2_0_WID       |  out|    1|       m_axi|              gmem2|       pointer|
|m_axi_gmem2_0_WUSER     |  out|    1|       m_axi|              gmem2|       pointer|
|m_axi_gmem2_0_ARVALID   |  out|    1|       m_axi|              gmem2|       pointer|
|m_axi_gmem2_0_ARREADY   |   in|    1|       m_axi|              gmem2|       pointer|
|m_axi_gmem2_0_ARADDR    |  out|   64|       m_axi|              gmem2|       pointer|
|m_axi_gmem2_0_ARID      |  out|    1|       m_axi|              gmem2|       pointer|
|m_axi_gmem2_0_ARLEN     |  out|   32|       m_axi|              gmem2|       pointer|
|m_axi_gmem2_0_ARSIZE    |  out|    3|       m_axi|              gmem2|       pointer|
|m_axi_gmem2_0_ARBURST   |  out|    2|       m_axi|              gmem2|       pointer|
|m_axi_gmem2_0_ARLOCK    |  out|    2|       m_axi|              gmem2|       pointer|
|m_axi_gmem2_0_ARCACHE   |  out|    4|       m_axi|              gmem2|       pointer|
|m_axi_gmem2_0_ARPROT    |  out|    3|       m_axi|              gmem2|       pointer|
|m_axi_gmem2_0_ARQOS     |  out|    4|       m_axi|              gmem2|       pointer|
|m_axi_gmem2_0_ARREGION  |  out|    4|       m_axi|              gmem2|       pointer|
|m_axi_gmem2_0_ARUSER    |  out|    1|       m_axi|              gmem2|       pointer|
|m_axi_gmem2_0_RVALID    |   in|    1|       m_axi|              gmem2|       pointer|
|m_axi_gmem2_0_RREADY    |  out|    1|       m_axi|              gmem2|       pointer|
|m_axi_gmem2_0_RDATA     |   in|  512|       m_axi|              gmem2|       pointer|
|m_axi_gmem2_0_RLAST     |   in|    1|       m_axi|              gmem2|       pointer|
|m_axi_gmem2_0_RID       |   in|    1|       m_axi|              gmem2|       pointer|
|m_axi_gmem2_0_RFIFONUM  |   in|    9|       m_axi|              gmem2|       pointer|
|m_axi_gmem2_0_RUSER     |   in|    1|       m_axi|              gmem2|       pointer|
|m_axi_gmem2_0_RRESP     |   in|    2|       m_axi|              gmem2|       pointer|
|m_axi_gmem2_0_BVALID    |   in|    1|       m_axi|              gmem2|       pointer|
|m_axi_gmem2_0_BREADY    |  out|    1|       m_axi|              gmem2|       pointer|
|m_axi_gmem2_0_BRESP     |   in|    2|       m_axi|              gmem2|       pointer|
|m_axi_gmem2_0_BID       |   in|    1|       m_axi|              gmem2|       pointer|
|m_axi_gmem2_0_BUSER     |   in|    1|       m_axi|              gmem2|       pointer|
|A_values                |   in|   64|     ap_none|           A_values|        scalar|
|A_values_ap_vld         |   in|    1|     ap_none|           A_values|        scalar|
|m_axi_gmem3_0_AWVALID   |  out|    1|       m_axi|              gmem3|       pointer|
|m_axi_gmem3_0_AWREADY   |   in|    1|       m_axi|              gmem3|       pointer|
|m_axi_gmem3_0_AWADDR    |  out|   64|       m_axi|              gmem3|       pointer|
|m_axi_gmem3_0_AWID      |  out|    1|       m_axi|              gmem3|       pointer|
|m_axi_gmem3_0_AWLEN     |  out|   32|       m_axi|              gmem3|       pointer|
|m_axi_gmem3_0_AWSIZE    |  out|    3|       m_axi|              gmem3|       pointer|
|m_axi_gmem3_0_AWBURST   |  out|    2|       m_axi|              gmem3|       pointer|
|m_axi_gmem3_0_AWLOCK    |  out|    2|       m_axi|              gmem3|       pointer|
|m_axi_gmem3_0_AWCACHE   |  out|    4|       m_axi|              gmem3|       pointer|
|m_axi_gmem3_0_AWPROT    |  out|    3|       m_axi|              gmem3|       pointer|
|m_axi_gmem3_0_AWQOS     |  out|    4|       m_axi|              gmem3|       pointer|
|m_axi_gmem3_0_AWREGION  |  out|    4|       m_axi|              gmem3|       pointer|
|m_axi_gmem3_0_AWUSER    |  out|    1|       m_axi|              gmem3|       pointer|
|m_axi_gmem3_0_WVALID    |  out|    1|       m_axi|              gmem3|       pointer|
|m_axi_gmem3_0_WREADY    |   in|    1|       m_axi|              gmem3|       pointer|
|m_axi_gmem3_0_WDATA     |  out|   32|       m_axi|              gmem3|       pointer|
|m_axi_gmem3_0_WSTRB     |  out|    4|       m_axi|              gmem3|       pointer|
|m_axi_gmem3_0_WLAST     |  out|    1|       m_axi|              gmem3|       pointer|
|m_axi_gmem3_0_WID       |  out|    1|       m_axi|              gmem3|       pointer|
|m_axi_gmem3_0_WUSER     |  out|    1|       m_axi|              gmem3|       pointer|
|m_axi_gmem3_0_ARVALID   |  out|    1|       m_axi|              gmem3|       pointer|
|m_axi_gmem3_0_ARREADY   |   in|    1|       m_axi|              gmem3|       pointer|
|m_axi_gmem3_0_ARADDR    |  out|   64|       m_axi|              gmem3|       pointer|
|m_axi_gmem3_0_ARID      |  out|    1|       m_axi|              gmem3|       pointer|
|m_axi_gmem3_0_ARLEN     |  out|   32|       m_axi|              gmem3|       pointer|
|m_axi_gmem3_0_ARSIZE    |  out|    3|       m_axi|              gmem3|       pointer|
|m_axi_gmem3_0_ARBURST   |  out|    2|       m_axi|              gmem3|       pointer|
|m_axi_gmem3_0_ARLOCK    |  out|    2|       m_axi|              gmem3|       pointer|
|m_axi_gmem3_0_ARCACHE   |  out|    4|       m_axi|              gmem3|       pointer|
|m_axi_gmem3_0_ARPROT    |  out|    3|       m_axi|              gmem3|       pointer|
|m_axi_gmem3_0_ARQOS     |  out|    4|       m_axi|              gmem3|       pointer|
|m_axi_gmem3_0_ARREGION  |  out|    4|       m_axi|              gmem3|       pointer|
|m_axi_gmem3_0_ARUSER    |  out|    1|       m_axi|              gmem3|       pointer|
|m_axi_gmem3_0_RVALID    |   in|    1|       m_axi|              gmem3|       pointer|
|m_axi_gmem3_0_RREADY    |  out|    1|       m_axi|              gmem3|       pointer|
|m_axi_gmem3_0_RDATA     |   in|   32|       m_axi|              gmem3|       pointer|
|m_axi_gmem3_0_RLAST     |   in|    1|       m_axi|              gmem3|       pointer|
|m_axi_gmem3_0_RID       |   in|    1|       m_axi|              gmem3|       pointer|
|m_axi_gmem3_0_RFIFONUM  |   in|    9|       m_axi|              gmem3|       pointer|
|m_axi_gmem3_0_RUSER     |   in|    1|       m_axi|              gmem3|       pointer|
|m_axi_gmem3_0_RRESP     |   in|    2|       m_axi|              gmem3|       pointer|
|m_axi_gmem3_0_BVALID    |   in|    1|       m_axi|              gmem3|       pointer|
|m_axi_gmem3_0_BREADY    |  out|    1|       m_axi|              gmem3|       pointer|
|m_axi_gmem3_0_BRESP     |   in|    2|       m_axi|              gmem3|       pointer|
|m_axi_gmem3_0_BID       |   in|    1|       m_axi|              gmem3|       pointer|
|m_axi_gmem3_0_BUSER     |   in|    1|       m_axi|              gmem3|       pointer|
|x                       |   in|   64|     ap_none|                  x|        scalar|
|x_ap_vld                |   in|    1|     ap_none|                  x|        scalar|
|y_partial_0_address0    |  out|   10|   ap_memory|        y_partial_0|         array|
|y_partial_0_ce0         |  out|    1|   ap_memory|        y_partial_0|         array|
|y_partial_0_d0          |  out|   32|   ap_memory|        y_partial_0|         array|
|y_partial_0_q0          |   in|   32|   ap_memory|        y_partial_0|         array|
|y_partial_0_we0         |  out|    1|   ap_memory|        y_partial_0|         array|
|y_partial_0_address1    |  out|   10|   ap_memory|        y_partial_0|         array|
|y_partial_0_ce1         |  out|    1|   ap_memory|        y_partial_0|         array|
|y_partial_0_d1          |  out|   32|   ap_memory|        y_partial_0|         array|
|y_partial_0_q1          |   in|   32|   ap_memory|        y_partial_0|         array|
|y_partial_0_we1         |  out|    1|   ap_memory|        y_partial_0|         array|
|y_partial_1_address0    |  out|   10|   ap_memory|        y_partial_1|         array|
|y_partial_1_ce0         |  out|    1|   ap_memory|        y_partial_1|         array|
|y_partial_1_d0          |  out|   32|   ap_memory|        y_partial_1|         array|
|y_partial_1_q0          |   in|   32|   ap_memory|        y_partial_1|         array|
|y_partial_1_we0         |  out|    1|   ap_memory|        y_partial_1|         array|
|y_partial_1_address1    |  out|   10|   ap_memory|        y_partial_1|         array|
|y_partial_1_ce1         |  out|    1|   ap_memory|        y_partial_1|         array|
|y_partial_1_d1          |  out|   32|   ap_memory|        y_partial_1|         array|
|y_partial_1_q1          |   in|   32|   ap_memory|        y_partial_1|         array|
|y_partial_1_we1         |  out|    1|   ap_memory|        y_partial_1|         array|
|y_partial_2_address0    |  out|   10|   ap_memory|        y_partial_2|         array|
|y_partial_2_ce0         |  out|    1|   ap_memory|        y_partial_2|         array|
|y_partial_2_d0          |  out|   32|   ap_memory|        y_partial_2|         array|
|y_partial_2_q0          |   in|   32|   ap_memory|        y_partial_2|         array|
|y_partial_2_we0         |  out|    1|   ap_memory|        y_partial_2|         array|
|y_partial_2_address1    |  out|   10|   ap_memory|        y_partial_2|         array|
|y_partial_2_ce1         |  out|    1|   ap_memory|        y_partial_2|         array|
|y_partial_2_d1          |  out|   32|   ap_memory|        y_partial_2|         array|
|y_partial_2_q1          |   in|   32|   ap_memory|        y_partial_2|         array|
|y_partial_2_we1         |  out|    1|   ap_memory|        y_partial_2|         array|
|y_partial_3_address0    |  out|   10|   ap_memory|        y_partial_3|         array|
|y_partial_3_ce0         |  out|    1|   ap_memory|        y_partial_3|         array|
|y_partial_3_d0          |  out|   32|   ap_memory|        y_partial_3|         array|
|y_partial_3_q0          |   in|   32|   ap_memory|        y_partial_3|         array|
|y_partial_3_we0         |  out|    1|   ap_memory|        y_partial_3|         array|
|y_partial_3_address1    |  out|   10|   ap_memory|        y_partial_3|         array|
|y_partial_3_ce1         |  out|    1|   ap_memory|        y_partial_3|         array|
|y_partial_3_d1          |  out|   32|   ap_memory|        y_partial_3|         array|
|y_partial_3_q1          |   in|   32|   ap_memory|        y_partial_3|         array|
|y_partial_3_we1         |  out|    1|   ap_memory|        y_partial_3|         array|
|y_partial_4_address0    |  out|   10|   ap_memory|        y_partial_4|         array|
|y_partial_4_ce0         |  out|    1|   ap_memory|        y_partial_4|         array|
|y_partial_4_d0          |  out|   32|   ap_memory|        y_partial_4|         array|
|y_partial_4_q0          |   in|   32|   ap_memory|        y_partial_4|         array|
|y_partial_4_we0         |  out|    1|   ap_memory|        y_partial_4|         array|
|y_partial_4_address1    |  out|   10|   ap_memory|        y_partial_4|         array|
|y_partial_4_ce1         |  out|    1|   ap_memory|        y_partial_4|         array|
|y_partial_4_d1          |  out|   32|   ap_memory|        y_partial_4|         array|
|y_partial_4_q1          |   in|   32|   ap_memory|        y_partial_4|         array|
|y_partial_4_we1         |  out|    1|   ap_memory|        y_partial_4|         array|
|y_partial_5_address0    |  out|   10|   ap_memory|        y_partial_5|         array|
|y_partial_5_ce0         |  out|    1|   ap_memory|        y_partial_5|         array|
|y_partial_5_d0          |  out|   32|   ap_memory|        y_partial_5|         array|
|y_partial_5_q0          |   in|   32|   ap_memory|        y_partial_5|         array|
|y_partial_5_we0         |  out|    1|   ap_memory|        y_partial_5|         array|
|y_partial_5_address1    |  out|   10|   ap_memory|        y_partial_5|         array|
|y_partial_5_ce1         |  out|    1|   ap_memory|        y_partial_5|         array|
|y_partial_5_d1          |  out|   32|   ap_memory|        y_partial_5|         array|
|y_partial_5_q1          |   in|   32|   ap_memory|        y_partial_5|         array|
|y_partial_5_we1         |  out|    1|   ap_memory|        y_partial_5|         array|
|y_partial_6_address0    |  out|   10|   ap_memory|        y_partial_6|         array|
|y_partial_6_ce0         |  out|    1|   ap_memory|        y_partial_6|         array|
|y_partial_6_d0          |  out|   32|   ap_memory|        y_partial_6|         array|
|y_partial_6_q0          |   in|   32|   ap_memory|        y_partial_6|         array|
|y_partial_6_we0         |  out|    1|   ap_memory|        y_partial_6|         array|
|y_partial_6_address1    |  out|   10|   ap_memory|        y_partial_6|         array|
|y_partial_6_ce1         |  out|    1|   ap_memory|        y_partial_6|         array|
|y_partial_6_d1          |  out|   32|   ap_memory|        y_partial_6|         array|
|y_partial_6_q1          |   in|   32|   ap_memory|        y_partial_6|         array|
|y_partial_6_we1         |  out|    1|   ap_memory|        y_partial_6|         array|
|y_partial_7_address0    |  out|   10|   ap_memory|        y_partial_7|         array|
|y_partial_7_ce0         |  out|    1|   ap_memory|        y_partial_7|         array|
|y_partial_7_d0          |  out|   32|   ap_memory|        y_partial_7|         array|
|y_partial_7_q0          |   in|   32|   ap_memory|        y_partial_7|         array|
|y_partial_7_we0         |  out|    1|   ap_memory|        y_partial_7|         array|
|y_partial_7_address1    |  out|   10|   ap_memory|        y_partial_7|         array|
|y_partial_7_ce1         |  out|    1|   ap_memory|        y_partial_7|         array|
|y_partial_7_d1          |  out|   32|   ap_memory|        y_partial_7|         array|
|y_partial_7_q1          |   in|   32|   ap_memory|        y_partial_7|         array|
|y_partial_7_we1         |  out|    1|   ap_memory|        y_partial_7|         array|
|y_partial_8_address0    |  out|   10|   ap_memory|        y_partial_8|         array|
|y_partial_8_ce0         |  out|    1|   ap_memory|        y_partial_8|         array|
|y_partial_8_d0          |  out|   32|   ap_memory|        y_partial_8|         array|
|y_partial_8_q0          |   in|   32|   ap_memory|        y_partial_8|         array|
|y_partial_8_we0         |  out|    1|   ap_memory|        y_partial_8|         array|
|y_partial_8_address1    |  out|   10|   ap_memory|        y_partial_8|         array|
|y_partial_8_ce1         |  out|    1|   ap_memory|        y_partial_8|         array|
|y_partial_8_d1          |  out|   32|   ap_memory|        y_partial_8|         array|
|y_partial_8_q1          |   in|   32|   ap_memory|        y_partial_8|         array|
|y_partial_8_we1         |  out|    1|   ap_memory|        y_partial_8|         array|
|y_partial_9_address0    |  out|   10|   ap_memory|        y_partial_9|         array|
|y_partial_9_ce0         |  out|    1|   ap_memory|        y_partial_9|         array|
|y_partial_9_d0          |  out|   32|   ap_memory|        y_partial_9|         array|
|y_partial_9_q0          |   in|   32|   ap_memory|        y_partial_9|         array|
|y_partial_9_we0         |  out|    1|   ap_memory|        y_partial_9|         array|
|y_partial_9_address1    |  out|   10|   ap_memory|        y_partial_9|         array|
|y_partial_9_ce1         |  out|    1|   ap_memory|        y_partial_9|         array|
|y_partial_9_d1          |  out|   32|   ap_memory|        y_partial_9|         array|
|y_partial_9_q1          |   in|   32|   ap_memory|        y_partial_9|         array|
|y_partial_9_we1         |  out|    1|   ap_memory|        y_partial_9|         array|
|y_partial_10_address0   |  out|   10|   ap_memory|       y_partial_10|         array|
|y_partial_10_ce0        |  out|    1|   ap_memory|       y_partial_10|         array|
|y_partial_10_d0         |  out|   32|   ap_memory|       y_partial_10|         array|
|y_partial_10_q0         |   in|   32|   ap_memory|       y_partial_10|         array|
|y_partial_10_we0        |  out|    1|   ap_memory|       y_partial_10|         array|
|y_partial_10_address1   |  out|   10|   ap_memory|       y_partial_10|         array|
|y_partial_10_ce1        |  out|    1|   ap_memory|       y_partial_10|         array|
|y_partial_10_d1         |  out|   32|   ap_memory|       y_partial_10|         array|
|y_partial_10_q1         |   in|   32|   ap_memory|       y_partial_10|         array|
|y_partial_10_we1        |  out|    1|   ap_memory|       y_partial_10|         array|
|y_partial_11_address0   |  out|   10|   ap_memory|       y_partial_11|         array|
|y_partial_11_ce0        |  out|    1|   ap_memory|       y_partial_11|         array|
|y_partial_11_d0         |  out|   32|   ap_memory|       y_partial_11|         array|
|y_partial_11_q0         |   in|   32|   ap_memory|       y_partial_11|         array|
|y_partial_11_we0        |  out|    1|   ap_memory|       y_partial_11|         array|
|y_partial_11_address1   |  out|   10|   ap_memory|       y_partial_11|         array|
|y_partial_11_ce1        |  out|    1|   ap_memory|       y_partial_11|         array|
|y_partial_11_d1         |  out|   32|   ap_memory|       y_partial_11|         array|
|y_partial_11_q1         |   in|   32|   ap_memory|       y_partial_11|         array|
|y_partial_11_we1        |  out|    1|   ap_memory|       y_partial_11|         array|
|y_partial_12_address0   |  out|   10|   ap_memory|       y_partial_12|         array|
|y_partial_12_ce0        |  out|    1|   ap_memory|       y_partial_12|         array|
|y_partial_12_d0         |  out|   32|   ap_memory|       y_partial_12|         array|
|y_partial_12_q0         |   in|   32|   ap_memory|       y_partial_12|         array|
|y_partial_12_we0        |  out|    1|   ap_memory|       y_partial_12|         array|
|y_partial_12_address1   |  out|   10|   ap_memory|       y_partial_12|         array|
|y_partial_12_ce1        |  out|    1|   ap_memory|       y_partial_12|         array|
|y_partial_12_d1         |  out|   32|   ap_memory|       y_partial_12|         array|
|y_partial_12_q1         |   in|   32|   ap_memory|       y_partial_12|         array|
|y_partial_12_we1        |  out|    1|   ap_memory|       y_partial_12|         array|
|y_partial_13_address0   |  out|   10|   ap_memory|       y_partial_13|         array|
|y_partial_13_ce0        |  out|    1|   ap_memory|       y_partial_13|         array|
|y_partial_13_d0         |  out|   32|   ap_memory|       y_partial_13|         array|
|y_partial_13_q0         |   in|   32|   ap_memory|       y_partial_13|         array|
|y_partial_13_we0        |  out|    1|   ap_memory|       y_partial_13|         array|
|y_partial_13_address1   |  out|   10|   ap_memory|       y_partial_13|         array|
|y_partial_13_ce1        |  out|    1|   ap_memory|       y_partial_13|         array|
|y_partial_13_d1         |  out|   32|   ap_memory|       y_partial_13|         array|
|y_partial_13_q1         |   in|   32|   ap_memory|       y_partial_13|         array|
|y_partial_13_we1        |  out|    1|   ap_memory|       y_partial_13|         array|
|y_partial_14_address0   |  out|   10|   ap_memory|       y_partial_14|         array|
|y_partial_14_ce0        |  out|    1|   ap_memory|       y_partial_14|         array|
|y_partial_14_d0         |  out|   32|   ap_memory|       y_partial_14|         array|
|y_partial_14_q0         |   in|   32|   ap_memory|       y_partial_14|         array|
|y_partial_14_we0        |  out|    1|   ap_memory|       y_partial_14|         array|
|y_partial_14_address1   |  out|   10|   ap_memory|       y_partial_14|         array|
|y_partial_14_ce1        |  out|    1|   ap_memory|       y_partial_14|         array|
|y_partial_14_d1         |  out|   32|   ap_memory|       y_partial_14|         array|
|y_partial_14_q1         |   in|   32|   ap_memory|       y_partial_14|         array|
|y_partial_14_we1        |  out|    1|   ap_memory|       y_partial_14|         array|
|y_partial_15_address0   |  out|   10|   ap_memory|       y_partial_15|         array|
|y_partial_15_ce0        |  out|    1|   ap_memory|       y_partial_15|         array|
|y_partial_15_d0         |  out|   32|   ap_memory|       y_partial_15|         array|
|y_partial_15_q0         |   in|   32|   ap_memory|       y_partial_15|         array|
|y_partial_15_we0        |  out|    1|   ap_memory|       y_partial_15|         array|
|y_partial_15_address1   |  out|   10|   ap_memory|       y_partial_15|         array|
|y_partial_15_ce1        |  out|    1|   ap_memory|       y_partial_15|         array|
|y_partial_15_d1         |  out|   32|   ap_memory|       y_partial_15|         array|
|y_partial_15_q1         |   in|   32|   ap_memory|       y_partial_15|         array|
|y_partial_15_we1        |  out|    1|   ap_memory|       y_partial_15|         array|
|ap_clk                  |   in|    1|  ap_ctrl_hs|  spmv_csc_dataflow|  return value|
|ap_rst                  |   in|    1|  ap_ctrl_hs|  spmv_csc_dataflow|  return value|
|ap_start                |   in|    1|  ap_ctrl_hs|  spmv_csc_dataflow|  return value|
|ap_done                 |  out|    1|  ap_ctrl_hs|  spmv_csc_dataflow|  return value|
|ap_ready                |  out|    1|  ap_ctrl_hs|  spmv_csc_dataflow|  return value|
|ap_idle                 |  out|    1|  ap_ctrl_hs|  spmv_csc_dataflow|  return value|
|ap_continue             |   in|    1|  ap_ctrl_hs|  spmv_csc_dataflow|  return value|
+------------------------+-----+-----+------------+-------------------+--------------+

